<?xml version="1.0" encoding="UTF-8"?>
<testsuite xmlns:xsi="http://www.w3.org/2001/XMLSchema-instance" xsi:noNamespaceSchemaLocation="https://maven.apache.org/surefire/maven-surefire-plugin/xsd/surefire-test-report-3.0.xsd" version="3.0" name="com.chatgenius.service.ChatServiceTest" time="0.872" tests="4" errors="0" skipped="0" failures="0">
  <properties>
    <property name="java.specification.version" value="21"/>
    <property name="sun.cpu.isalist" value="amd64"/>
    <property name="sun.jnu.encoding" value="Cp1252"/>
    <property name="java.class.path" value="J:\chatgeniusv2-backend\target\test-classes;J:\chatgeniusv2-backend\target\classes;J:\.m2\repository\org\springframework\boot\spring-boot-starter-web\3.2.1\spring-boot-starter-web-3.2.1.jar;J:\.m2\repository\org\springframework\boot\spring-boot-starter\3.2.1\spring-boot-starter-3.2.1.jar;J:\.m2\repository\org\springframework\boot\spring-boot\3.2.1\spring-boot-3.2.1.jar;J:\.m2\repository\org\springframework\boot\spring-boot-autoconfigure\3.2.1\spring-boot-autoconfigure-3.2.1.jar;J:\.m2\repository\org\springframework\boot\spring-boot-starter-logging\3.2.1\spring-boot-starter-logging-3.2.1.jar;J:\.m2\repository\ch\qos\logback\logback-classic\1.4.14\logback-classic-1.4.14.jar;J:\.m2\repository\ch\qos\logback\logback-core\1.4.14\logback-core-1.4.14.jar;J:\.m2\repository\org\apache\logging\log4j\log4j-to-slf4j\2.21.1\log4j-to-slf4j-2.21.1.jar;J:\.m2\repository\org\apache\logging\log4j\log4j-api\2.21.1\log4j-api-2.21.1.jar;J:\.m2\repository\org\slf4j\jul-to-slf4j\2.0.9\jul-to-slf4j-2.0.9.jar;J:\.m2\repository\jakarta\annotation\jakarta.annotation-api\2.1.1\jakarta.annotation-api-2.1.1.jar;J:\.m2\repository\org\yaml\snakeyaml\2.2\snakeyaml-2.2.jar;J:\.m2\repository\org\springframework\boot\spring-boot-starter-json\3.2.1\spring-boot-starter-json-3.2.1.jar;J:\.m2\repository\com\fasterxml\jackson\datatype\jackson-datatype-jdk8\2.15.3\jackson-datatype-jdk8-2.15.3.jar;J:\.m2\repository\com\fasterxml\jackson\datatype\jackson-datatype-jsr310\2.15.3\jackson-datatype-jsr310-2.15.3.jar;J:\.m2\repository\com\fasterxml\jackson\module\jackson-module-parameter-names\2.15.3\jackson-module-parameter-names-2.15.3.jar;J:\.m2\repository\org\springframework\boot\spring-boot-starter-tomcat\3.2.1\spring-boot-starter-tomcat-3.2.1.jar;J:\.m2\repository\org\apache\tomcat\embed\tomcat-embed-core\10.1.17\tomcat-embed-core-10.1.17.jar;J:\.m2\repository\org\apache\tomcat\embed\tomcat-embed-websocket\10.1.17\tomcat-embed-websocket-10.1.17.jar;J:\.m2\repository\org\springframework\spring-web\6.1.2\spring-web-6.1.2.jar;J:\.m2\repository\org\springframework\spring-beans\6.1.2\spring-beans-6.1.2.jar;J:\.m2\repository\io\micrometer\micrometer-observation\1.12.1\micrometer-observation-1.12.1.jar;J:\.m2\repository\io\micrometer\micrometer-commons\1.12.1\micrometer-commons-1.12.1.jar;J:\.m2\repository\org\springframework\spring-webmvc\6.1.2\spring-webmvc-6.1.2.jar;J:\.m2\repository\org\springframework\spring-context\6.1.2\spring-context-6.1.2.jar;J:\.m2\repository\org\springframework\spring-expression\6.1.2\spring-expression-6.1.2.jar;J:\.m2\repository\org\springframework\boot\spring-boot-starter-data-jpa\3.2.1\spring-boot-starter-data-jpa-3.2.1.jar;J:\.m2\repository\org\springframework\boot\spring-boot-starter-aop\3.2.1\spring-boot-starter-aop-3.2.1.jar;J:\.m2\repository\org\aspectj\aspectjweaver\1.9.21\aspectjweaver-1.9.21.jar;J:\.m2\repository\org\springframework\boot\spring-boot-starter-jdbc\3.2.1\spring-boot-starter-jdbc-3.2.1.jar;J:\.m2\repository\com\zaxxer\HikariCP\5.0.1\HikariCP-5.0.1.jar;J:\.m2\repository\org\springframework\spring-jdbc\6.1.2\spring-jdbc-6.1.2.jar;J:\.m2\repository\org\hibernate\orm\hibernate-core\6.4.1.Final\hibernate-core-6.4.1.Final.jar;J:\.m2\repository\jakarta\persistence\jakarta.persistence-api\3.1.0\jakarta.persistence-api-3.1.0.jar;J:\.m2\repository\jakarta\transaction\jakarta.transaction-api\2.0.1\jakarta.transaction-api-2.0.1.jar;J:\.m2\repository\org\jboss\logging\jboss-logging\3.5.3.Final\jboss-logging-3.5.3.Final.jar;J:\.m2\repository\org\hibernate\common\hibernate-commons-annotations\6.0.6.Final\hibernate-commons-annotations-6.0.6.Final.jar;J:\.m2\repository\io\smallrye\jandex\3.1.2\jandex-3.1.2.jar;J:\.m2\repository\com\fasterxml\classmate\1.6.0\classmate-1.6.0.jar;J:\.m2\repository\net\bytebuddy\byte-buddy\1.14.10\byte-buddy-1.14.10.jar;J:\.m2\repository\org\glassfish\jaxb\jaxb-runtime\4.0.4\jaxb-runtime-4.0.4.jar;J:\.m2\repository\org\glassfish\jaxb\jaxb-core\4.0.4\jaxb-core-4.0.4.jar;J:\.m2\repository\org\eclipse\angus\angus-activation\2.0.1\angus-activation-2.0.1.jar;J:\.m2\repository\org\glassfish\jaxb\txw2\4.0.4\txw2-4.0.4.jar;J:\.m2\repository\com\sun\istack\istack-commons-runtime\4.1.2\istack-commons-runtime-4.1.2.jar;J:\.m2\repository\jakarta\inject\jakarta.inject-api\2.0.1\jakarta.inject-api-2.0.1.jar;J:\.m2\repository\org\antlr\antlr4-runtime\4.13.0\antlr4-runtime-4.13.0.jar;J:\.m2\repository\org\springframework\data\spring-data-jpa\3.2.1\spring-data-jpa-3.2.1.jar;J:\.m2\repository\org\springframework\data\spring-data-commons\3.2.1\spring-data-commons-3.2.1.jar;J:\.m2\repository\org\springframework\spring-orm\6.1.2\spring-orm-6.1.2.jar;J:\.m2\repository\org\springframework\spring-tx\6.1.2\spring-tx-6.1.2.jar;J:\.m2\repository\org\slf4j\slf4j-api\2.0.9\slf4j-api-2.0.9.jar;J:\.m2\repository\org\springframework\spring-aspects\6.1.2\spring-aspects-6.1.2.jar;J:\.m2\repository\org\springframework\boot\spring-boot-starter-security\3.2.1\spring-boot-starter-security-3.2.1.jar;J:\.m2\repository\org\springframework\spring-aop\6.1.2\spring-aop-6.1.2.jar;J:\.m2\repository\org\springframework\security\spring-security-config\6.2.1\spring-security-config-6.2.1.jar;J:\.m2\repository\org\springframework\security\spring-security-web\6.2.1\spring-security-web-6.2.1.jar;J:\.m2\repository\org\springframework\boot\spring-boot-starter-validation\3.2.1\spring-boot-starter-validation-3.2.1.jar;J:\.m2\repository\org\apache\tomcat\embed\tomcat-embed-el\10.1.17\tomcat-embed-el-10.1.17.jar;J:\.m2\repository\org\hibernate\validator\hibernate-validator\8.0.1.Final\hibernate-validator-8.0.1.Final.jar;J:\.m2\repository\jakarta\validation\jakarta.validation-api\3.0.2\jakarta.validation-api-3.0.2.jar;J:\.m2\repository\org\springframework\boot\spring-boot-starter-websocket\3.2.1\spring-boot-starter-websocket-3.2.1.jar;J:\.m2\repository\org\springframework\spring-messaging\6.1.2\spring-messaging-6.1.2.jar;J:\.m2\repository\org\springframework\spring-websocket\6.1.2\spring-websocket-6.1.2.jar;J:\.m2\repository\org\springframework\boot\spring-boot-starter-data-redis\3.2.1\spring-boot-starter-data-redis-3.2.1.jar;J:\.m2\repository\io\lettuce\lettuce-core\6.3.0.RELEASE\lettuce-core-6.3.0.RELEASE.jar;J:\.m2\repository\io\netty\netty-common\4.1.104.Final\netty-common-4.1.104.Final.jar;J:\.m2\repository\io\netty\netty-handler\4.1.104.Final\netty-handler-4.1.104.Final.jar;J:\.m2\repository\io\netty\netty-transport-native-unix-common\4.1.104.Final\netty-transport-native-unix-common-4.1.104.Final.jar;J:\.m2\repository\io\netty\netty-transport\4.1.104.Final\netty-transport-4.1.104.Final.jar;J:\.m2\repository\io\projectreactor\reactor-core\3.6.1\reactor-core-3.6.1.jar;J:\.m2\repository\org\springframework\data\spring-data-redis\3.2.1\spring-data-redis-3.2.1.jar;J:\.m2\repository\org\springframework\data\spring-data-keyvalue\3.2.1\spring-data-keyvalue-3.2.1.jar;J:\.m2\repository\org\springframework\spring-oxm\6.1.2\spring-oxm-6.1.2.jar;J:\.m2\repository\org\springframework\spring-context-support\6.1.2\spring-context-support-6.1.2.jar;J:\.m2\repository\org\postgresql\postgresql\42.6.0\postgresql-42.6.0.jar;J:\.m2\repository\org\checkerframework\checker-qual\3.31.0\checker-qual-3.31.0.jar;J:\.m2\repository\software\amazon\awssdk\s3\2.21.1\s3-2.21.1.jar;J:\.m2\repository\software\amazon\awssdk\aws-xml-protocol\2.21.1\aws-xml-protocol-2.21.1.jar;J:\.m2\repository\software\amazon\awssdk\protocol-core\2.21.1\protocol-core-2.21.1.jar;J:\.m2\repository\software\amazon\awssdk\arns\2.21.1\arns-2.21.1.jar;J:\.m2\repository\software\amazon\awssdk\profiles\2.21.1\profiles-2.21.1.jar;J:\.m2\repository\software\amazon\awssdk\crt-core\2.21.1\crt-core-2.21.1.jar;J:\.m2\repository\software\amazon\awssdk\http-auth\2.21.1\http-auth-2.21.1.jar;J:\.m2\repository\software\amazon\awssdk\http-auth-aws\2.21.1\http-auth-aws-2.21.1.jar;J:\.m2\repository\software\amazon\awssdk\checksums-spi\2.21.1\checksums-spi-2.21.1.jar;J:\.m2\repository\software\amazon\awssdk\checksums\2.21.1\checksums-2.21.1.jar;J:\.m2\repository\software\amazon\awssdk\sdk-core\2.21.1\sdk-core-2.21.1.jar;J:\.m2\repository\org\reactivestreams\reactive-streams\1.0.4\reactive-streams-1.0.4.jar;J:\.m2\repository\software\amazon\awssdk\auth\2.21.1\auth-2.21.1.jar;J:\.m2\repository\software\amazon\eventstream\eventstream\1.0.1\eventstream-1.0.1.jar;J:\.m2\repository\software\amazon\awssdk\http-auth-spi\2.21.1\http-auth-spi-2.21.1.jar;J:\.m2\repository\software\amazon\awssdk\identity-spi\2.21.1\identity-spi-2.21.1.jar;J:\.m2\repository\software\amazon\awssdk\http-client-spi\2.21.1\http-client-spi-2.21.1.jar;J:\.m2\repository\software\amazon\awssdk\regions\2.21.1\regions-2.21.1.jar;J:\.m2\repository\software\amazon\awssdk\annotations\2.21.1\annotations-2.21.1.jar;J:\.m2\repository\software\amazon\awssdk\utils\2.21.1\utils-2.21.1.jar;J:\.m2\repository\software\amazon\awssdk\aws-core\2.21.1\aws-core-2.21.1.jar;J:\.m2\repository\software\amazon\awssdk\metrics-spi\2.21.1\metrics-spi-2.21.1.jar;J:\.m2\repository\software\amazon\awssdk\json-utils\2.21.1\json-utils-2.21.1.jar;J:\.m2\repository\software\amazon\awssdk\third-party-jackson-core\2.21.1\third-party-jackson-core-2.21.1.jar;J:\.m2\repository\software\amazon\awssdk\endpoints-spi\2.21.1\endpoints-spi-2.21.1.jar;J:\.m2\repository\software\amazon\awssdk\apache-client\2.21.1\apache-client-2.21.1.jar;J:\.m2\repository\org\apache\httpcomponents\httpclient\4.5.13\httpclient-4.5.13.jar;J:\.m2\repository\commons-logging\commons-logging\1.2\commons-logging-1.2.jar;J:\.m2\repository\org\apache\httpcomponents\httpcore\4.4.16\httpcore-4.4.16.jar;J:\.m2\repository\commons-codec\commons-codec\1.16.0\commons-codec-1.16.0.jar;J:\.m2\repository\software\amazon\awssdk\netty-nio-client\2.21.1\netty-nio-client-2.21.1.jar;J:\.m2\repository\io\netty\netty-codec-http\4.1.104.Final\netty-codec-http-4.1.104.Final.jar;J:\.m2\repository\io\netty\netty-codec-http2\4.1.104.Final\netty-codec-http2-4.1.104.Final.jar;J:\.m2\repository\io\netty\netty-codec\4.1.104.Final\netty-codec-4.1.104.Final.jar;J:\.m2\repository\io\netty\netty-buffer\4.1.104.Final\netty-buffer-4.1.104.Final.jar;J:\.m2\repository\io\netty\netty-transport-classes-epoll\4.1.104.Final\netty-transport-classes-epoll-4.1.104.Final.jar;J:\.m2\repository\io\netty\netty-resolver\4.1.104.Final\netty-resolver-4.1.104.Final.jar;J:\.m2\repository\software\amazon\awssdk\rds\2.21.1\rds-2.21.1.jar;J:\.m2\repository\software\amazon\awssdk\aws-query-protocol\2.21.1\aws-query-protocol-2.21.1.jar;J:\.m2\repository\io\jsonwebtoken\jjwt-api\0.11.5\jjwt-api-0.11.5.jar;J:\.m2\repository\io\jsonwebtoken\jjwt-impl\0.11.5\jjwt-impl-0.11.5.jar;J:\.m2\repository\io\jsonwebtoken\jjwt-jackson\0.11.5\jjwt-jackson-0.11.5.jar;J:\.m2\repository\com\fasterxml\jackson\core\jackson-databind\2.15.3\jackson-databind-2.15.3.jar;J:\.m2\repository\com\fasterxml\jackson\core\jackson-annotations\2.15.3\jackson-annotations-2.15.3.jar;J:\.m2\repository\com\fasterxml\jackson\core\jackson-core\2.15.3\jackson-core-2.15.3.jar;J:\.m2\repository\org\projectlombok\lombok\1.18.30\lombok-1.18.30.jar;J:\.m2\repository\org\springframework\boot\spring-boot-starter-test\3.2.1\spring-boot-starter-test-3.2.1.jar;J:\.m2\repository\org\springframework\boot\spring-boot-test\3.2.1\spring-boot-test-3.2.1.jar;J:\.m2\repository\org\springframework\boot\spring-boot-test-autoconfigure\3.2.1\spring-boot-test-autoconfigure-3.2.1.jar;J:\.m2\repository\com\jayway\jsonpath\json-path\2.8.0\json-path-2.8.0.jar;J:\.m2\repository\jakarta\xml\bind\jakarta.xml.bind-api\4.0.1\jakarta.xml.bind-api-4.0.1.jar;J:\.m2\repository\jakarta\activation\jakarta.activation-api\2.1.2\jakarta.activation-api-2.1.2.jar;J:\.m2\repository\net\minidev\json-smart\2.5.0\json-smart-2.5.0.jar;J:\.m2\repository\net\minidev\accessors-smart\2.5.0\accessors-smart-2.5.0.jar;J:\.m2\repository\org\ow2\asm\asm\9.3\asm-9.3.jar;J:\.m2\repository\org\assertj\assertj-core\3.24.2\assertj-core-3.24.2.jar;J:\.m2\repository\org\awaitility\awaitility\4.2.0\awaitility-4.2.0.jar;J:\.m2\repository\org\hamcrest\hamcrest\2.2\hamcrest-2.2.jar;J:\.m2\repository\org\junit\jupiter\junit-jupiter\5.10.1\junit-jupiter-5.10.1.jar;J:\.m2\repository\org\junit\jupiter\junit-jupiter-api\5.10.1\junit-jupiter-api-5.10.1.jar;J:\.m2\repository\org\junit\jupiter\junit-jupiter-params\5.10.1\junit-jupiter-params-5.10.1.jar;J:\.m2\repository\org\junit\jupiter\junit-jupiter-engine\5.10.1\junit-jupiter-engine-5.10.1.jar;J:\.m2\repository\org\mockito\mockito-core\5.7.0\mockito-core-5.7.0.jar;J:\.m2\repository\net\bytebuddy\byte-buddy-agent\1.14.10\byte-buddy-agent-1.14.10.jar;J:\.m2\repository\org\objenesis\objenesis\3.3\objenesis-3.3.jar;J:\.m2\repository\org\mockito\mockito-junit-jupiter\5.7.0\mockito-junit-jupiter-5.7.0.jar;J:\.m2\repository\org\skyscreamer\jsonassert\1.5.1\jsonassert-1.5.1.jar;J:\.m2\repository\com\vaadin\external\google\android-json\0.0.20131108.vaadin1\android-json-0.0.20131108.vaadin1.jar;J:\.m2\repository\org\springframework\spring-core\6.1.2\spring-core-6.1.2.jar;J:\.m2\repository\org\springframework\spring-jcl\6.1.2\spring-jcl-6.1.2.jar;J:\.m2\repository\org\springframework\spring-test\6.1.2\spring-test-6.1.2.jar;J:\.m2\repository\org\xmlunit\xmlunit-core\2.9.1\xmlunit-core-2.9.1.jar;J:\.m2\repository\org\springframework\security\spring-security-test\6.2.1\spring-security-test-6.2.1.jar;J:\.m2\repository\org\springframework\security\spring-security-core\6.2.1\spring-security-core-6.2.1.jar;J:\.m2\repository\org\springframework\security\spring-security-crypto\6.2.1\spring-security-crypto-6.2.1.jar;J:\.m2\repository\com\h2database\h2\2.2.224\h2-2.2.224.jar;J:\.m2\repository\org\junit\platform\junit-platform-suite\1.10.1\junit-platform-suite-1.10.1.jar;J:\.m2\repository\org\junit\platform\junit-platform-suite-api\1.10.1\junit-platform-suite-api-1.10.1.jar;J:\.m2\repository\org\junit\platform\junit-platform-commons\1.10.1\junit-platform-commons-1.10.1.jar;J:\.m2\repository\org\apiguardian\apiguardian-api\1.1.2\apiguardian-api-1.1.2.jar;J:\.m2\repository\org\junit\platform\junit-platform-suite-engine\1.10.1\junit-platform-suite-engine-1.10.1.jar;J:\.m2\repository\org\junit\platform\junit-platform-engine\1.10.1\junit-platform-engine-1.10.1.jar;J:\.m2\repository\org\opentest4j\opentest4j\1.3.0\opentest4j-1.3.0.jar;J:\.m2\repository\org\junit\platform\junit-platform-suite-commons\1.10.1\junit-platform-suite-commons-1.10.1.jar;J:\.m2\repository\org\junit\platform\junit-platform-launcher\1.10.1\junit-platform-launcher-1.10.1.jar;"/>
    <property name="java.vm.vendor" value="Oracle Corporation"/>
    <property name="sun.arch.data.model" value="64"/>
    <property name="user.variant" value=""/>
    <property name="java.vendor.url" value="https://java.oracle.com/"/>
    <property name="user.timezone" value="America/Chicago"/>
    <property name="org.jboss.logging.provider" value="slf4j"/>
    <property name="os.name" value="Windows 11"/>
    <property name="java.vm.specification.version" value="21"/>
    <property name="sun.java.launcher" value="SUN_STANDARD"/>
    <property name="user.country" value="US"/>
    <property name="sun.boot.library.path" value="C:\Program Files\Java\jdk-21\bin"/>
    <property name="sun.java.command" value="C:\Users\greed\AppData\Local\Temp\surefire5368658469229602622\surefirebooter-20250109083655439_3.jar C:\Users\greed\AppData\Local\Temp\surefire5368658469229602622 2025-01-09T08-36-55_309-jvmRun1 surefire-20250109083655439_1tmp surefire_0-20250109083655439_2tmp"/>
    <property name="jdk.debug" value="release"/>
    <property name="surefire.test.class.path" value="J:\chatgeniusv2-backend\target\test-classes;J:\chatgeniusv2-backend\target\classes;J:\.m2\repository\org\springframework\boot\spring-boot-starter-web\3.2.1\spring-boot-starter-web-3.2.1.jar;J:\.m2\repository\org\springframework\boot\spring-boot-starter\3.2.1\spring-boot-starter-3.2.1.jar;J:\.m2\repository\org\springframework\boot\spring-boot\3.2.1\spring-boot-3.2.1.jar;J:\.m2\repository\org\springframework\boot\spring-boot-autoconfigure\3.2.1\spring-boot-autoconfigure-3.2.1.jar;J:\.m2\repository\org\springframework\boot\spring-boot-starter-logging\3.2.1\spring-boot-starter-logging-3.2.1.jar;J:\.m2\repository\ch\qos\logback\logback-classic\1.4.14\logback-classic-1.4.14.jar;J:\.m2\repository\ch\qos\logback\logback-core\1.4.14\logback-core-1.4.14.jar;J:\.m2\repository\org\apache\logging\log4j\log4j-to-slf4j\2.21.1\log4j-to-slf4j-2.21.1.jar;J:\.m2\repository\org\apache\logging\log4j\log4j-api\2.21.1\log4j-api-2.21.1.jar;J:\.m2\repository\org\slf4j\jul-to-slf4j\2.0.9\jul-to-slf4j-2.0.9.jar;J:\.m2\repository\jakarta\annotation\jakarta.annotation-api\2.1.1\jakarta.annotation-api-2.1.1.jar;J:\.m2\repository\org\yaml\snakeyaml\2.2\snakeyaml-2.2.jar;J:\.m2\repository\org\springframework\boot\spring-boot-starter-json\3.2.1\spring-boot-starter-json-3.2.1.jar;J:\.m2\repository\com\fasterxml\jackson\datatype\jackson-datatype-jdk8\2.15.3\jackson-datatype-jdk8-2.15.3.jar;J:\.m2\repository\com\fasterxml\jackson\datatype\jackson-datatype-jsr310\2.15.3\jackson-datatype-jsr310-2.15.3.jar;J:\.m2\repository\com\fasterxml\jackson\module\jackson-module-parameter-names\2.15.3\jackson-module-parameter-names-2.15.3.jar;J:\.m2\repository\org\springframework\boot\spring-boot-starter-tomcat\3.2.1\spring-boot-starter-tomcat-3.2.1.jar;J:\.m2\repository\org\apache\tomcat\embed\tomcat-embed-core\10.1.17\tomcat-embed-core-10.1.17.jar;J:\.m2\repository\org\apache\tomcat\embed\tomcat-embed-websocket\10.1.17\tomcat-embed-websocket-10.1.17.jar;J:\.m2\repository\org\springframework\spring-web\6.1.2\spring-web-6.1.2.jar;J:\.m2\repository\org\springframework\spring-beans\6.1.2\spring-beans-6.1.2.jar;J:\.m2\repository\io\micrometer\micrometer-observation\1.12.1\micrometer-observation-1.12.1.jar;J:\.m2\repository\io\micrometer\micrometer-commons\1.12.1\micrometer-commons-1.12.1.jar;J:\.m2\repository\org\springframework\spring-webmvc\6.1.2\spring-webmvc-6.1.2.jar;J:\.m2\repository\org\springframework\spring-context\6.1.2\spring-context-6.1.2.jar;J:\.m2\repository\org\springframework\spring-expression\6.1.2\spring-expression-6.1.2.jar;J:\.m2\repository\org\springframework\boot\spring-boot-starter-data-jpa\3.2.1\spring-boot-starter-data-jpa-3.2.1.jar;J:\.m2\repository\org\springframework\boot\spring-boot-starter-aop\3.2.1\spring-boot-starter-aop-3.2.1.jar;J:\.m2\repository\org\aspectj\aspectjweaver\1.9.21\aspectjweaver-1.9.21.jar;J:\.m2\repository\org\springframework\boot\spring-boot-starter-jdbc\3.2.1\spring-boot-starter-jdbc-3.2.1.jar;J:\.m2\repository\com\zaxxer\HikariCP\5.0.1\HikariCP-5.0.1.jar;J:\.m2\repository\org\springframework\spring-jdbc\6.1.2\spring-jdbc-6.1.2.jar;J:\.m2\repository\org\hibernate\orm\hibernate-core\6.4.1.Final\hibernate-core-6.4.1.Final.jar;J:\.m2\repository\jakarta\persistence\jakarta.persistence-api\3.1.0\jakarta.persistence-api-3.1.0.jar;J:\.m2\repository\jakarta\transaction\jakarta.transaction-api\2.0.1\jakarta.transaction-api-2.0.1.jar;J:\.m2\repository\org\jboss\logging\jboss-logging\3.5.3.Final\jboss-logging-3.5.3.Final.jar;J:\.m2\repository\org\hibernate\common\hibernate-commons-annotations\6.0.6.Final\hibernate-commons-annotations-6.0.6.Final.jar;J:\.m2\repository\io\smallrye\jandex\3.1.2\jandex-3.1.2.jar;J:\.m2\repository\com\fasterxml\classmate\1.6.0\classmate-1.6.0.jar;J:\.m2\repository\net\bytebuddy\byte-buddy\1.14.10\byte-buddy-1.14.10.jar;J:\.m2\repository\org\glassfish\jaxb\jaxb-runtime\4.0.4\jaxb-runtime-4.0.4.jar;J:\.m2\repository\org\glassfish\jaxb\jaxb-core\4.0.4\jaxb-core-4.0.4.jar;J:\.m2\repository\org\eclipse\angus\angus-activation\2.0.1\angus-activation-2.0.1.jar;J:\.m2\repository\org\glassfish\jaxb\txw2\4.0.4\txw2-4.0.4.jar;J:\.m2\repository\com\sun\istack\istack-commons-runtime\4.1.2\istack-commons-runtime-4.1.2.jar;J:\.m2\repository\jakarta\inject\jakarta.inject-api\2.0.1\jakarta.inject-api-2.0.1.jar;J:\.m2\repository\org\antlr\antlr4-runtime\4.13.0\antlr4-runtime-4.13.0.jar;J:\.m2\repository\org\springframework\data\spring-data-jpa\3.2.1\spring-data-jpa-3.2.1.jar;J:\.m2\repository\org\springframework\data\spring-data-commons\3.2.1\spring-data-commons-3.2.1.jar;J:\.m2\repository\org\springframework\spring-orm\6.1.2\spring-orm-6.1.2.jar;J:\.m2\repository\org\springframework\spring-tx\6.1.2\spring-tx-6.1.2.jar;J:\.m2\repository\org\slf4j\slf4j-api\2.0.9\slf4j-api-2.0.9.jar;J:\.m2\repository\org\springframework\spring-aspects\6.1.2\spring-aspects-6.1.2.jar;J:\.m2\repository\org\springframework\boot\spring-boot-starter-security\3.2.1\spring-boot-starter-security-3.2.1.jar;J:\.m2\repository\org\springframework\spring-aop\6.1.2\spring-aop-6.1.2.jar;J:\.m2\repository\org\springframework\security\spring-security-config\6.2.1\spring-security-config-6.2.1.jar;J:\.m2\repository\org\springframework\security\spring-security-web\6.2.1\spring-security-web-6.2.1.jar;J:\.m2\repository\org\springframework\boot\spring-boot-starter-validation\3.2.1\spring-boot-starter-validation-3.2.1.jar;J:\.m2\repository\org\apache\tomcat\embed\tomcat-embed-el\10.1.17\tomcat-embed-el-10.1.17.jar;J:\.m2\repository\org\hibernate\validator\hibernate-validator\8.0.1.Final\hibernate-validator-8.0.1.Final.jar;J:\.m2\repository\jakarta\validation\jakarta.validation-api\3.0.2\jakarta.validation-api-3.0.2.jar;J:\.m2\repository\org\springframework\boot\spring-boot-starter-websocket\3.2.1\spring-boot-starter-websocket-3.2.1.jar;J:\.m2\repository\org\springframework\spring-messaging\6.1.2\spring-messaging-6.1.2.jar;J:\.m2\repository\org\springframework\spring-websocket\6.1.2\spring-websocket-6.1.2.jar;J:\.m2\repository\org\springframework\boot\spring-boot-starter-data-redis\3.2.1\spring-boot-starter-data-redis-3.2.1.jar;J:\.m2\repository\io\lettuce\lettuce-core\6.3.0.RELEASE\lettuce-core-6.3.0.RELEASE.jar;J:\.m2\repository\io\netty\netty-common\4.1.104.Final\netty-common-4.1.104.Final.jar;J:\.m2\repository\io\netty\netty-handler\4.1.104.Final\netty-handler-4.1.104.Final.jar;J:\.m2\repository\io\netty\netty-transport-native-unix-common\4.1.104.Final\netty-transport-native-unix-common-4.1.104.Final.jar;J:\.m2\repository\io\netty\netty-transport\4.1.104.Final\netty-transport-4.1.104.Final.jar;J:\.m2\repository\io\projectreactor\reactor-core\3.6.1\reactor-core-3.6.1.jar;J:\.m2\repository\org\springframework\data\spring-data-redis\3.2.1\spring-data-redis-3.2.1.jar;J:\.m2\repository\org\springframework\data\spring-data-keyvalue\3.2.1\spring-data-keyvalue-3.2.1.jar;J:\.m2\repository\org\springframework\spring-oxm\6.1.2\spring-oxm-6.1.2.jar;J:\.m2\repository\org\springframework\spring-context-support\6.1.2\spring-context-support-6.1.2.jar;J:\.m2\repository\org\postgresql\postgresql\42.6.0\postgresql-42.6.0.jar;J:\.m2\repository\org\checkerframework\checker-qual\3.31.0\checker-qual-3.31.0.jar;J:\.m2\repository\software\amazon\awssdk\s3\2.21.1\s3-2.21.1.jar;J:\.m2\repository\software\amazon\awssdk\aws-xml-protocol\2.21.1\aws-xml-protocol-2.21.1.jar;J:\.m2\repository\software\amazon\awssdk\protocol-core\2.21.1\protocol-core-2.21.1.jar;J:\.m2\repository\software\amazon\awssdk\arns\2.21.1\arns-2.21.1.jar;J:\.m2\repository\software\amazon\awssdk\profiles\2.21.1\profiles-2.21.1.jar;J:\.m2\repository\software\amazon\awssdk\crt-core\2.21.1\crt-core-2.21.1.jar;J:\.m2\repository\software\amazon\awssdk\http-auth\2.21.1\http-auth-2.21.1.jar;J:\.m2\repository\software\amazon\awssdk\http-auth-aws\2.21.1\http-auth-aws-2.21.1.jar;J:\.m2\repository\software\amazon\awssdk\checksums-spi\2.21.1\checksums-spi-2.21.1.jar;J:\.m2\repository\software\amazon\awssdk\checksums\2.21.1\checksums-2.21.1.jar;J:\.m2\repository\software\amazon\awssdk\sdk-core\2.21.1\sdk-core-2.21.1.jar;J:\.m2\repository\org\reactivestreams\reactive-streams\1.0.4\reactive-streams-1.0.4.jar;J:\.m2\repository\software\amazon\awssdk\auth\2.21.1\auth-2.21.1.jar;J:\.m2\repository\software\amazon\eventstream\eventstream\1.0.1\eventstream-1.0.1.jar;J:\.m2\repository\software\amazon\awssdk\http-auth-spi\2.21.1\http-auth-spi-2.21.1.jar;J:\.m2\repository\software\amazon\awssdk\identity-spi\2.21.1\identity-spi-2.21.1.jar;J:\.m2\repository\software\amazon\awssdk\http-client-spi\2.21.1\http-client-spi-2.21.1.jar;J:\.m2\repository\software\amazon\awssdk\regions\2.21.1\regions-2.21.1.jar;J:\.m2\repository\software\amazon\awssdk\annotations\2.21.1\annotations-2.21.1.jar;J:\.m2\repository\software\amazon\awssdk\utils\2.21.1\utils-2.21.1.jar;J:\.m2\repository\software\amazon\awssdk\aws-core\2.21.1\aws-core-2.21.1.jar;J:\.m2\repository\software\amazon\awssdk\metrics-spi\2.21.1\metrics-spi-2.21.1.jar;J:\.m2\repository\software\amazon\awssdk\json-utils\2.21.1\json-utils-2.21.1.jar;J:\.m2\repository\software\amazon\awssdk\third-party-jackson-core\2.21.1\third-party-jackson-core-2.21.1.jar;J:\.m2\repository\software\amazon\awssdk\endpoints-spi\2.21.1\endpoints-spi-2.21.1.jar;J:\.m2\repository\software\amazon\awssdk\apache-client\2.21.1\apache-client-2.21.1.jar;J:\.m2\repository\org\apache\httpcomponents\httpclient\4.5.13\httpclient-4.5.13.jar;J:\.m2\repository\commons-logging\commons-logging\1.2\commons-logging-1.2.jar;J:\.m2\repository\org\apache\httpcomponents\httpcore\4.4.16\httpcore-4.4.16.jar;J:\.m2\repository\commons-codec\commons-codec\1.16.0\commons-codec-1.16.0.jar;J:\.m2\repository\software\amazon\awssdk\netty-nio-client\2.21.1\netty-nio-client-2.21.1.jar;J:\.m2\repository\io\netty\netty-codec-http\4.1.104.Final\netty-codec-http-4.1.104.Final.jar;J:\.m2\repository\io\netty\netty-codec-http2\4.1.104.Final\netty-codec-http2-4.1.104.Final.jar;J:\.m2\repository\io\netty\netty-codec\4.1.104.Final\netty-codec-4.1.104.Final.jar;J:\.m2\repository\io\netty\netty-buffer\4.1.104.Final\netty-buffer-4.1.104.Final.jar;J:\.m2\repository\io\netty\netty-transport-classes-epoll\4.1.104.Final\netty-transport-classes-epoll-4.1.104.Final.jar;J:\.m2\repository\io\netty\netty-resolver\4.1.104.Final\netty-resolver-4.1.104.Final.jar;J:\.m2\repository\software\amazon\awssdk\rds\2.21.1\rds-2.21.1.jar;J:\.m2\repository\software\amazon\awssdk\aws-query-protocol\2.21.1\aws-query-protocol-2.21.1.jar;J:\.m2\repository\io\jsonwebtoken\jjwt-api\0.11.5\jjwt-api-0.11.5.jar;J:\.m2\repository\io\jsonwebtoken\jjwt-impl\0.11.5\jjwt-impl-0.11.5.jar;J:\.m2\repository\io\jsonwebtoken\jjwt-jackson\0.11.5\jjwt-jackson-0.11.5.jar;J:\.m2\repository\com\fasterxml\jackson\core\jackson-databind\2.15.3\jackson-databind-2.15.3.jar;J:\.m2\repository\com\fasterxml\jackson\core\jackson-annotations\2.15.3\jackson-annotations-2.15.3.jar;J:\.m2\repository\com\fasterxml\jackson\core\jackson-core\2.15.3\jackson-core-2.15.3.jar;J:\.m2\repository\org\projectlombok\lombok\1.18.30\lombok-1.18.30.jar;J:\.m2\repository\org\springframework\boot\spring-boot-starter-test\3.2.1\spring-boot-starter-test-3.2.1.jar;J:\.m2\repository\org\springframework\boot\spring-boot-test\3.2.1\spring-boot-test-3.2.1.jar;J:\.m2\repository\org\springframework\boot\spring-boot-test-autoconfigure\3.2.1\spring-boot-test-autoconfigure-3.2.1.jar;J:\.m2\repository\com\jayway\jsonpath\json-path\2.8.0\json-path-2.8.0.jar;J:\.m2\repository\jakarta\xml\bind\jakarta.xml.bind-api\4.0.1\jakarta.xml.bind-api-4.0.1.jar;J:\.m2\repository\jakarta\activation\jakarta.activation-api\2.1.2\jakarta.activation-api-2.1.2.jar;J:\.m2\repository\net\minidev\json-smart\2.5.0\json-smart-2.5.0.jar;J:\.m2\repository\net\minidev\accessors-smart\2.5.0\accessors-smart-2.5.0.jar;J:\.m2\repository\org\ow2\asm\asm\9.3\asm-9.3.jar;J:\.m2\repository\org\assertj\assertj-core\3.24.2\assertj-core-3.24.2.jar;J:\.m2\repository\org\awaitility\awaitility\4.2.0\awaitility-4.2.0.jar;J:\.m2\repository\org\hamcrest\hamcrest\2.2\hamcrest-2.2.jar;J:\.m2\repository\org\junit\jupiter\junit-jupiter\5.10.1\junit-jupiter-5.10.1.jar;J:\.m2\repository\org\junit\jupiter\junit-jupiter-api\5.10.1\junit-jupiter-api-5.10.1.jar;J:\.m2\repository\org\junit\jupiter\junit-jupiter-params\5.10.1\junit-jupiter-params-5.10.1.jar;J:\.m2\repository\org\junit\jupiter\junit-jupiter-engine\5.10.1\junit-jupiter-engine-5.10.1.jar;J:\.m2\repository\org\mockito\mockito-core\5.7.0\mockito-core-5.7.0.jar;J:\.m2\repository\net\bytebuddy\byte-buddy-agent\1.14.10\byte-buddy-agent-1.14.10.jar;J:\.m2\repository\org\objenesis\objenesis\3.3\objenesis-3.3.jar;J:\.m2\repository\org\mockito\mockito-junit-jupiter\5.7.0\mockito-junit-jupiter-5.7.0.jar;J:\.m2\repository\org\skyscreamer\jsonassert\1.5.1\jsonassert-1.5.1.jar;J:\.m2\repository\com\vaadin\external\google\android-json\0.0.20131108.vaadin1\android-json-0.0.20131108.vaadin1.jar;J:\.m2\repository\org\springframework\spring-core\6.1.2\spring-core-6.1.2.jar;J:\.m2\repository\org\springframework\spring-jcl\6.1.2\spring-jcl-6.1.2.jar;J:\.m2\repository\org\springframework\spring-test\6.1.2\spring-test-6.1.2.jar;J:\.m2\repository\org\xmlunit\xmlunit-core\2.9.1\xmlunit-core-2.9.1.jar;J:\.m2\repository\org\springframework\security\spring-security-test\6.2.1\spring-security-test-6.2.1.jar;J:\.m2\repository\org\springframework\security\spring-security-core\6.2.1\spring-security-core-6.2.1.jar;J:\.m2\repository\org\springframework\security\spring-security-crypto\6.2.1\spring-security-crypto-6.2.1.jar;J:\.m2\repository\com\h2database\h2\2.2.224\h2-2.2.224.jar;J:\.m2\repository\org\junit\platform\junit-platform-suite\1.10.1\junit-platform-suite-1.10.1.jar;J:\.m2\repository\org\junit\platform\junit-platform-suite-api\1.10.1\junit-platform-suite-api-1.10.1.jar;J:\.m2\repository\org\junit\platform\junit-platform-commons\1.10.1\junit-platform-commons-1.10.1.jar;J:\.m2\repository\org\apiguardian\apiguardian-api\1.1.2\apiguardian-api-1.1.2.jar;J:\.m2\repository\org\junit\platform\junit-platform-suite-engine\1.10.1\junit-platform-suite-engine-1.10.1.jar;J:\.m2\repository\org\junit\platform\junit-platform-engine\1.10.1\junit-platform-engine-1.10.1.jar;J:\.m2\repository\org\opentest4j\opentest4j\1.3.0\opentest4j-1.3.0.jar;J:\.m2\repository\org\junit\platform\junit-platform-suite-commons\1.10.1\junit-platform-suite-commons-1.10.1.jar;J:\.m2\repository\org\junit\platform\junit-platform-launcher\1.10.1\junit-platform-launcher-1.10.1.jar;"/>
    <property name="sun.cpu.endian" value="little"/>
    <property name="user.home" value="C:\Users\greed"/>
    <property name="user.language" value="en"/>
    <property name="java.specification.vendor" value="Oracle Corporation"/>
    <property name="java.version.date" value="2023-10-17"/>
    <property name="java.home" value="C:\Program Files\Java\jdk-21"/>
    <property name="file.separator" value="\"/>
    <property name="basedir" value="J:\chatgeniusv2-backend"/>
    <property name="java.vm.compressedOopsMode" value="Zero based"/>
    <property name="line.separator" value="&#10;"/>
    <property name="java.vm.specification.vendor" value="Oracle Corporation"/>
    <property name="java.specification.name" value="Java Platform API Specification"/>
    <property name="FILE_LOG_CHARSET" value="UTF-8"/>
    <property name="java.awt.headless" value="true"/>
    <property name="surefire.real.class.path" value="C:\Users\greed\AppData\Local\Temp\surefire5368658469229602622\surefirebooter-20250109083655439_3.jar"/>
    <property name="user.script" value=""/>
    <property name="sun.management.compiler" value="HotSpot 64-Bit Tiered Compilers"/>
    <property name="java.runtime.version" value="21.0.1+12-LTS-29"/>
    <property name="user.name" value="greed"/>
    <property name="stdout.encoding" value="Cp1252"/>
    <property name="path.separator" value=";"/>
    <property name="os.version" value="10.0"/>
    <property name="java.runtime.name" value="Java(TM) SE Runtime Environment"/>
    <property name="file.encoding" value="UTF-8"/>
    <property name="java.vm.name" value="Java HotSpot(TM) 64-Bit Server VM"/>
    <property name="localRepository" value="J:\.m2\repository"/>
    <property name="java.vendor.url.bug" value="https://bugreport.java.com/bugreport/"/>
    <property name="java.io.tmpdir" value="C:\Users\greed\AppData\Local\Temp\"/>
    <property name="com.zaxxer.hikari.pool_number" value="5"/>
    <property name="java.version" value="21.0.1"/>
    <property name="user.dir" value="J:\chatgeniusv2-backend"/>
    <property name="os.arch" value="amd64"/>
    <property name="java.vm.specification.name" value="Java Virtual Machine Specification"/>
    <property name="PID" value="20036"/>
    <property name="sun.os.patch.level" value=""/>
    <property name="CONSOLE_LOG_CHARSET" value="UTF-8"/>
    <property name="native.encoding" value="Cp1252"/>
    <property name="java.library.path" value="C:\Program Files\Java\jdk-21\bin;C:\WINDOWS\Sun\Java\bin;C:\WINDOWS\system32;C:\WINDOWS;C:\Python312\Scripts\;C:\Python312\;C:\Program Files\Common Files\Oracle\Java\javapath;C:\Program Files (x86)\Razer Chroma SDK\bin;C:\Program Files\Razer Chroma SDK\bin;C:\Program Files\Microsoft\jdk-11.0.12.7-hotspot\bin;C:\Program Files (x86)\Razer\ChromaBroadcast\bin;C:\Program Files\Razer\ChromaBroadcast\bin;C:\WINDOWS\system32;C:\WINDOWS;C:\WINDOWS\System32\Wbem;C:\WINDOWS\System32\WindowsPowerShell\v1.0\;C:\WINDOWS\System32\OpenSSH\;C:\Program Files\PuTTY\;C:\WINDOWS\system32\config\systemprofile\AppData\Local\Microsoft\WindowsApps;C:\Program Files\Microsoft SQL Server\150\Tools\Binn\;C:\Program Files\Microsoft SQL Server\Client SDK\ODBC\170\Tools\Binn\;C:\Program Files\dotnet\;C:\Program Files (x86)\NVIDIA Corporation\PhysX\Common;H:\Programs\PuTTy\;H:\Programs\WinSCP\;C:\Program Files\Git\cmd;C:\WINDOWS\system32;C:\WINDOWS;C:\WINDOWS\System32\Wbem;C:\WINDOWS\System32\WindowsPowerShell\v1.0\;C:\WINDOWS\System32\OpenSSH\;H:\Downloads\apache-maven-3.9.8-bin\apache-maven-3.9.8\bin;C:\Program Files\nodejs\;C:\ProgramData\chocolatey\bin;C:\Program Files\NVIDIA Corporation\NVIDIA app\NvDLISR;c:\Users\greed\AppData\Local\Programs\cursor\resources\app\bin;C:\Users\greed\scoop\shims;C:\Users\greed\AppData\Local\Microsoft\WindowsApps;C:\Users\greed\.dotnet\tools;H:\Programs\Microsoft VS Code\bin;;H:\Programs\IntelliJ\IntelliJ IDEA Community Edition 2024.1.4\bin;;C:\Users\greed\AppData\Roaming\npm;."/>
    <property name="java.vm.info" value="mixed mode, sharing"/>
    <property name="stderr.encoding" value="Cp1252"/>
    <property name="java.vendor" value="Oracle Corporation"/>
    <property name="java.vm.version" value="21.0.1+12-LTS-29"/>
    <property name="sun.io.unicode.encoding" value="UnicodeLittle"/>
    <property name="java.class.version" value="65.0"/>
  </properties>
  <testcase name="addMemberToChannel_Success" classname="com.chatgenius.service.ChatServiceTest" time="0.122">
    <system-out><![CDATA[2025-01-09T08:37:05.543-06:00 DEBUG 20036 --- [           main] .b.t.c.SpringBootTestContextBootstrapper : Neither @ContextConfiguration nor @ContextHierarchy found for test class [ChatServiceTest]: using SpringBootContextLoader
2025-01-09T08:37:05.544-06:00 DEBUG 20036 --- [           main] o.s.t.c.support.AbstractContextLoader    : Could not detect default resource locations for test class [com.chatgenius.service.ChatServiceTest]: no resource found for suffixes {-context.xml, Context.groovy}.
2025-01-09T08:37:05.544-06:00  INFO 20036 --- [           main] t.c.s.AnnotationConfigContextLoaderUtils : Could not detect default configuration classes for test class [com.chatgenius.service.ChatServiceTest]: ChatServiceTest does not declare any static, non-private, non-final, nested classes annotated with @Configuration.
2025-01-09T08:37:05.544-06:00 DEBUG 20036 --- [           main] .b.t.c.SpringBootTestContextBootstrapper : Using ContextCustomizerFactory implementations for test class [ChatServiceTest]: [ImportsContextCustomizerFactory, ExcludeFilterContextCustomizerFactory, HttpGraphQlTesterContextCustomizerFactory, DuplicateJsonObjectContextCustomizerFactory, MockitoContextCustomizerFactory, TestRestTemplateContextCustomizerFactory, WebTestClientContextCustomizerFactory, OverrideAutoConfigurationContextCustomizerFactory, ObservabilityContextCustomizerFactory, TypeExcludeFiltersContextCustomizerFactory, PropertyMappingContextCustomizerFactory, WebDriverContextCustomizerFactory, MockServerContainerContextCustomizerFactory, DynamicPropertiesContextCustomizerFactory]
2025-01-09T08:37:05.544-06:00 DEBUG 20036 --- [           main] .b.t.c.SpringBootTestContextBootstrapper : Using ContextCustomizers for test class [ChatServiceTest]: [ImportsContextCustomizer, ExcludeFilterContextCustomizer, DuplicateJsonObjectContextCustomizer, MockitoContextCustomizer, TestRestTemplateContextCustomizer, DisableObservabilityContextCustomizer, PropertyMappingContextCustomizer, WebDriverContextCustomizer]
2025-01-09T08:37:05.548-06:00 DEBUG 20036 --- [           main] ssPathScanningCandidateComponentProvider : Identified candidate component class: file [J:\chatgeniusv2-backend\target\classes\com\chatgenius\ChatGeniusApplication.class]
2025-01-09T08:37:05.548-06:00  INFO 20036 --- [           main] .b.t.c.SpringBootTestContextBootstrapper : Found @SpringBootConfiguration com.chatgenius.ChatGeniusApplication for test class com.chatgenius.service.ChatServiceTest
2025-01-09T08:37:05.549-06:00 DEBUG 20036 --- [           main] .s.t.c.u.TestContextSpringFactoriesUtils : Skipping candidate TestExecutionListener [org.springframework.test.context.observation.MicrometerObservationRegistryTestExecutionListener] due to a missing dependency. Specify custom TestExecutionListener classes or make the default TestExecutionListener classes and their required dependencies available. Offending class: io.micrometer.context.ThreadLocalAccessor. MicrometerObservationRegistryTestExecutionListener requires io.micrometer:micrometer-observation:1.10.8 or higher and io.micrometer:context-propagation:1.0.3 or higher.
2025-01-09T08:37:05.549-06:00 DEBUG 20036 --- [           main] .b.t.c.SpringBootTestContextBootstrapper : Using TestExecutionListeners for test class [ChatServiceTest]: [ServletTestExecutionListener, DirtiesContextBeforeModesTestExecutionListener, ApplicationEventsTestExecutionListener, MockitoTestExecutionListener, DependencyInjectionTestExecutionListener, DirtiesContextTestExecutionListener, TransactionalTestExecutionListener, SqlScriptsTestExecutionListener, EventPublishingTestExecutionListener, WithSecurityContextTestExecutionListener, ReactorContextTestExecutionListener, ResetMocksTestExecutionListener, RestDocsTestExecutionListener, MockRestServiceServerResetTestExecutionListener, MockMvcPrintOnlyOnFailureTestExecutionListener, WebDriverTestExecutionListener, MockWebServiceServerTestExecutionListener]
2025-01-09T08:37:05.549-06:00 DEBUG 20036 --- [           main] sContextBeforeModesTestExecutionListener : Before test class: class [ChatServiceTest], class annotated with @DirtiesContext [false] with mode [null]

  .   ____          _            __ _ _
 /\\ / ___'_ __ _ _(_)_ __  __ _ \ \ \ \
( ( )\___ | '_ | '_| | '_ \/ _` | \ \ \ \
 \\/  ___)| |_)| | | | | || (_| |  ) ) ) )
  '  |____| .__|_| |_|_| |_\__, | / / / /
 =========|_|==============|___/=/_/_/_/
 :: Spring Boot ::                (v3.2.1)

2025-01-09T08:37:05.562-06:00  INFO 20036 --- [           main] com.chatgenius.service.ChatServiceTest   : Starting ChatServiceTest using Java 21.0.1 with PID 20036 (started by greed in J:\chatgeniusv2-backend)
2025-01-09T08:37:05.562-06:00 DEBUG 20036 --- [           main] com.chatgenius.service.ChatServiceTest   : Running with Spring Boot v3.2.1, Spring v6.1.2
2025-01-09T08:37:05.562-06:00  INFO 20036 --- [           main] com.chatgenius.service.ChatServiceTest   : The following 1 profile is active: "test"
2025-01-09T08:37:05.562-06:00 DEBUG 20036 --- [           main] o.s.boot.SpringApplication               : Loading source class com.chatgenius.ChatGeniusApplication
2025-01-09T08:37:05.563-06:00 DEBUG 20036 --- [           main] o.s.w.c.s.GenericWebApplicationContext   : Refreshing org.springframework.web.context.support.GenericWebApplicationContext@7a4a91f8
2025-01-09T08:37:05.564-06:00 DEBUG 20036 --- [           main] o.s.b.f.s.DefaultListableBeanFactory     : Creating shared instance of singleton bean 'org.springframework.context.annotation.internalConfigurationAnnotationProcessor'
2025-01-09T08:37:05.564-06:00 DEBUG 20036 --- [           main] o.s.b.f.s.DefaultListableBeanFactory     : Creating shared instance of singleton bean 'org.springframework.boot.autoconfigure.internalCachingMetadataReaderFactory'
2025-01-09T08:37:05.575-06:00 DEBUG 20036 --- [           main] o.s.c.a.ClassPathBeanDefinitionScanner   : Identified candidate component class: file [J:\chatgeniusv2-backend\target\classes\com\chatgenius\config\SecurityConfig.class]
2025-01-09T08:37:05.576-06:00 DEBUG 20036 --- [           main] o.s.c.a.ClassPathBeanDefinitionScanner   : Identified candidate component class: file [J:\chatgeniusv2-backend\target\classes\com\chatgenius\config\SupabaseConfig.class]
2025-01-09T08:37:05.576-06:00 DEBUG 20036 --- [           main] o.s.c.a.ClassPathBeanDefinitionScanner   : Identified candidate component class: file [J:\chatgeniusv2-backend\target\classes\com\chatgenius\config\WebSocketConfig.class]
2025-01-09T08:37:05.576-06:00 DEBUG 20036 --- [           main] o.s.c.a.ClassPathBeanDefinitionScanner   : Identified candidate component class: file [J:\chatgeniusv2-backend\target\classes\com\chatgenius\controller\AuthController.class]
2025-01-09T08:37:05.577-06:00 DEBUG 20036 --- [           main] o.s.c.a.ClassPathBeanDefinitionScanner   : Identified candidate component class: file [J:\chatgeniusv2-backend\target\classes\com\chatgenius\controller\ChannelController.class]
2025-01-09T08:37:05.577-06:00 DEBUG 20036 --- [           main] o.s.c.a.ClassPathBeanDefinitionScanner   : Identified candidate component class: file [J:\chatgeniusv2-backend\target\classes\com\chatgenius\controller\HealthController.class]
2025-01-09T08:37:05.577-06:00 DEBUG 20036 --- [           main] o.s.c.a.ClassPathBeanDefinitionScanner   : Identified candidate component class: file [J:\chatgeniusv2-backend\target\classes\com\chatgenius\controller\MessageController.class]
2025-01-09T08:37:05.577-06:00 DEBUG 20036 --- [           main] o.s.c.a.ClassPathBeanDefinitionScanner   : Identified candidate component class: file [J:\chatgeniusv2-backend\target\classes\com\chatgenius\controller\RootController.class]
2025-01-09T08:37:05.578-06:00 DEBUG 20036 --- [           main] o.s.c.a.ClassPathBeanDefinitionScanner   : Identified candidate component class: file [J:\chatgeniusv2-backend\target\classes\com\chatgenius\controller\UserController.class]
2025-01-09T08:37:05.583-06:00 DEBUG 20036 --- [           main] o.s.c.a.ClassPathBeanDefinitionScanner   : Identified candidate component class: file [J:\chatgeniusv2-backend\target\classes\com\chatgenius\exception\GlobalExceptionHandler.class]
2025-01-09T08:37:05.586-06:00 DEBUG 20036 --- [           main] o.s.c.a.ClassPathBeanDefinitionScanner   : Ignored because not a concrete top-level class: file [J:\chatgeniusv2-backend\target\classes\com\chatgenius\repository\ChannelRepository.class]
2025-01-09T08:37:05.586-06:00 DEBUG 20036 --- [           main] o.s.c.a.ClassPathBeanDefinitionScanner   : Ignored because not a concrete top-level class: file [J:\chatgeniusv2-backend\target\classes\com\chatgenius\repository\MessageRepository.class]
2025-01-09T08:37:05.586-06:00 DEBUG 20036 --- [           main] o.s.c.a.ClassPathBeanDefinitionScanner   : Ignored because not a concrete top-level class: file [J:\chatgeniusv2-backend\target\classes\com\chatgenius\repository\UserRepository.class]
2025-01-09T08:37:05.586-06:00 DEBUG 20036 --- [           main] o.s.c.a.ClassPathBeanDefinitionScanner   : Identified candidate component class: file [J:\chatgeniusv2-backend\target\classes\com\chatgenius\service\impl\AuthServiceImpl.class]
2025-01-09T08:37:05.587-06:00 DEBUG 20036 --- [           main] o.s.c.a.ClassPathBeanDefinitionScanner   : Identified candidate component class: file [J:\chatgeniusv2-backend\target\classes\com\chatgenius\service\impl\ChannelServiceImpl.class]
2025-01-09T08:37:05.587-06:00 DEBUG 20036 --- [           main] o.s.c.a.ClassPathBeanDefinitionScanner   : Identified candidate component class: file [J:\chatgeniusv2-backend\target\classes\com\chatgenius\service\impl\ChatServiceImpl.class]
2025-01-09T08:37:05.587-06:00 DEBUG 20036 --- [           main] o.s.c.a.ClassPathBeanDefinitionScanner   : Identified candidate component class: file [J:\chatgeniusv2-backend\target\classes\com\chatgenius\service\impl\MessageServiceImpl.class]
2025-01-09T08:37:05.587-06:00 DEBUG 20036 --- [           main] o.s.c.a.ClassPathBeanDefinitionScanner   : Identified candidate component class: file [J:\chatgeniusv2-backend\target\classes\com\chatgenius\service\impl\UserServiceImpl.class]
2025-01-09T08:37:05.587-06:00 DEBUG 20036 --- [           main] o.s.c.a.ClassPathBeanDefinitionScanner   : Identified candidate component class: file [J:\chatgeniusv2-backend\target\classes\com\chatgenius\util\JwtUtil.class]
2025-01-09T08:37:05.644-06:00  INFO 20036 --- [           main] .s.d.r.c.RepositoryConfigurationDelegate : Multiple Spring Data modules found, entering strict repository configuration mode
2025-01-09T08:37:05.644-06:00  INFO 20036 --- [           main] .s.d.r.c.RepositoryConfigurationDelegate : Bootstrapping Spring Data JPA repositories in DEFAULT mode.
2025-01-09T08:37:05.644-06:00 DEBUG 20036 --- [           main] .s.d.r.c.RepositoryConfigurationDelegate : Scanning for JPA repositories in packages com.chatgenius.repository.
2025-01-09T08:37:05.645-06:00 DEBUG 20036 --- [           main] o.s.d.r.c.RepositoryComponentProvider    : Identified candidate component class: file [J:\chatgeniusv2-backend\target\classes\com\chatgenius\repository\ChannelRepository.class]
2025-01-09T08:37:05.645-06:00 DEBUG 20036 --- [           main] o.s.d.r.c.RepositoryComponentProvider    : Identified candidate component class: file [J:\chatgeniusv2-backend\target\classes\com\chatgenius\repository\MessageRepository.class]
2025-01-09T08:37:05.645-06:00 DEBUG 20036 --- [           main] o.s.d.r.c.RepositoryComponentProvider    : Identified candidate component class: file [J:\chatgeniusv2-backend\target\classes\com\chatgenius\repository\UserRepository.class]
2025-01-09T08:37:05.648-06:00  INFO 20036 --- [           main] .s.d.r.c.RepositoryConfigurationDelegate : Finished Spring Data repository scanning in 3 ms. Found 3 JPA repository interfaces.
2025-01-09T08:37:05.661-06:00  INFO 20036 --- [           main] .s.d.r.c.RepositoryConfigurationDelegate : Multiple Spring Data modules found, entering strict repository configuration mode
2025-01-09T08:37:05.661-06:00  INFO 20036 --- [           main] .s.d.r.c.RepositoryConfigurationDelegate : Bootstrapping Spring Data Redis repositories in DEFAULT mode.
2025-01-09T08:37:05.661-06:00 DEBUG 20036 --- [           main] o.s.b.f.s.DefaultListableBeanFactory     : Creating shared instance of singleton bean 'org.springframework.boot.autoconfigure.AutoConfigurationPackages'
2025-01-09T08:37:05.661-06:00 DEBUG 20036 --- [           main] o.s.b.a.AutoConfigurationPackages        : @EnableAutoConfiguration was declared on a class in the package 'com.chatgenius.config,com.chatgenius'. Automatic @Repository and @Entity scanning is enabled.
2025-01-09T08:37:05.661-06:00 DEBUG 20036 --- [           main] .s.d.r.c.RepositoryConfigurationDelegate : Scanning for Redis repositories in packages com.chatgenius.config, com.chatgenius.
2025-01-09T08:37:05.664-06:00 DEBUG 20036 --- [           main] o.s.d.r.c.RepositoryComponentProvider    : Identified candidate component class: file [J:\chatgeniusv2-backend\target\classes\com\chatgenius\repository\ChannelRepository.class]
2025-01-09T08:37:05.664-06:00 DEBUG 20036 --- [           main] o.s.d.r.c.RepositoryComponentProvider    : Identified candidate component class: file [J:\chatgeniusv2-backend\target\classes\com\chatgenius\repository\MessageRepository.class]
2025-01-09T08:37:05.664-06:00 DEBUG 20036 --- [           main] o.s.d.r.c.RepositoryComponentProvider    : Identified candidate component class: file [J:\chatgeniusv2-backend\target\classes\com\chatgenius\repository\UserRepository.class]
2025-01-09T08:37:05.665-06:00  INFO 20036 --- [           main] .RepositoryConfigurationExtensionSupport : Spring Data Redis - Could not safely identify store assignment for repository candidate interface com.chatgenius.repository.ChannelRepository; If you want this repository to be a Redis repository, consider annotating your entities with one of these annotations: org.springframework.data.redis.core.RedisHash (preferred), or consider extending one of the following types with your repository: org.springframework.data.keyvalue.repository.KeyValueRepository
2025-01-09T08:37:05.665-06:00  INFO 20036 --- [           main] .RepositoryConfigurationExtensionSupport : Spring Data Redis - Could not safely identify store assignment for repository candidate interface com.chatgenius.repository.MessageRepository; If you want this repository to be a Redis repository, consider annotating your entities with one of these annotations: org.springframework.data.redis.core.RedisHash (preferred), or consider extending one of the following types with your repository: org.springframework.data.keyvalue.repository.KeyValueRepository
2025-01-09T08:37:05.665-06:00  INFO 20036 --- [           main] .RepositoryConfigurationExtensionSupport : Spring Data Redis - Could not safely identify store assignment for repository candidate interface com.chatgenius.repository.UserRepository; If you want this repository to be a Redis repository, consider annotating your entities with one of these annotations: org.springframework.data.redis.core.RedisHash (preferred), or consider extending one of the following types with your repository: org.springframework.data.keyvalue.repository.KeyValueRepository
2025-01-09T08:37:05.665-06:00  INFO 20036 --- [           main] .s.d.r.c.RepositoryConfigurationDelegate : Finished Spring Data repository scanning in 3 ms. Found 0 Redis repository interfaces.
2025-01-09T08:37:05.677-06:00 DEBUG 20036 --- [           main] o.s.b.f.s.DefaultListableBeanFactory     : Creating shared instance of singleton bean 'org.springframework.boot.test.context.ImportsContextCustomizer$ImportsCleanupPostProcessor'
2025-01-09T08:37:05.677-06:00 DEBUG 20036 --- [           main] o.s.b.f.s.DefaultListableBeanFactory     : Creating shared instance of singleton bean 'springSecurityHandlerMappingIntrospectorBeanDefinitionRegistryPostProcessor'
2025-01-09T08:37:05.678-06:00 DEBUG 20036 --- [           main] o.s.b.f.s.DefaultListableBeanFactory     : Creating shared instance of singleton bean 'propertySourcesPlaceholderConfigurer'
2025-01-09T08:37:05.678-06:00 DEBUG 20036 --- [           main] o.s.b.f.s.DefaultListableBeanFactory     : Creating shared instance of singleton bean 'org.springframework.boot.test.mock.mockito.MockitoPostProcessor'
2025-01-09T08:37:05.679-06:00 DEBUG 20036 --- [           main] o.s.b.f.s.DefaultListableBeanFactory     : Creating shared instance of singleton bean 'emBeanDefinitionRegistrarPostProcessor'
2025-01-09T08:37:05.679-06:00 DEBUG 20036 --- [           main] o.s.b.f.s.DefaultListableBeanFactory     : Creating shared instance of singleton bean 'webSocketScopeConfigurer'
2025-01-09T08:37:05.679-06:00 DEBUG 20036 --- [           main] o.s.b.f.s.DefaultListableBeanFactory     : Creating shared instance of singleton bean 'org.springframework.boot.sql.init.dependency.DatabaseInitializationDependencyConfigurer$DependsOnDatabaseInitializationPostProcessor'
2025-01-09T08:37:05.681-06:00 DEBUG 20036 --- [           main] o.s.b.f.s.DefaultListableBeanFactory     : Creating shared instance of singleton bean 'org.springframework.context.event.internalEventListenerProcessor'
2025-01-09T08:37:05.681-06:00 DEBUG 20036 --- [           main] o.s.b.f.s.DefaultListableBeanFactory     : Creating shared instance of singleton bean 'conversionServicePostProcessor'
2025-01-09T08:37:05.681-06:00 DEBUG 20036 --- [           main] o.s.b.f.s.DefaultListableBeanFactory     : Creating shared instance of singleton bean 'preserveErrorControllerTargetClassPostProcessor'
2025-01-09T08:37:05.681-06:00 DEBUG 20036 --- [           main] o.s.b.f.s.DefaultListableBeanFactory     : Creating shared instance of singleton bean 'org.springframework.context.event.internalEventListenerFactory'
2025-01-09T08:37:05.681-06:00 DEBUG 20036 --- [           main] o.s.b.f.s.DefaultListableBeanFactory     : Creating shared instance of singleton bean 'org.springframework.transaction.config.internalTransactionalEventListenerFactory'
2025-01-09T08:37:05.681-06:00 DEBUG 20036 --- [           main] o.s.b.f.s.DefaultListableBeanFactory     : Creating shared instance of singleton bean 'org.springframework.context.annotation.internalAutowiredAnnotationProcessor'
2025-01-09T08:37:05.682-06:00 DEBUG 20036 --- [           main] o.s.b.f.s.DefaultListableBeanFactory     : Creating shared instance of singleton bean 'org.springframework.context.annotation.internalCommonAnnotationProcessor'
2025-01-09T08:37:05.682-06:00 DEBUG 20036 --- [           main] o.s.b.f.s.DefaultListableBeanFactory     : Creating shared instance of singleton bean 'org.springframework.context.annotation.internalPersistenceAnnotationProcessor'
2025-01-09T08:37:05.682-06:00 DEBUG 20036 --- [           main] o.s.b.f.s.DefaultListableBeanFactory     : Creating shared instance of singleton bean 'org.springframework.boot.test.mock.mockito.MockitoPostProcessor$SpyPostProcessor'
2025-01-09T08:37:05.682-06:00 DEBUG 20036 --- [           main] o.s.b.f.s.DefaultListableBeanFactory     : Creating shared instance of singleton bean 'org.springframework.boot.context.properties.ConfigurationPropertiesBindingPostProcessor'
2025-01-09T08:37:05.682-06:00 DEBUG 20036 --- [           main] o.s.b.f.s.DefaultListableBeanFactory     : Creating shared instance of singleton bean 'org.springframework.boot.context.internalConfigurationPropertiesBinder'
2025-01-09T08:37:05.683-06:00 DEBUG 20036 --- [           main] o.s.b.f.s.DefaultListableBeanFactory     : Creating shared instance of singleton bean 'jdbcConnectionDetailsHikariBeanPostProcessor'
2025-01-09T08:37:05.683-06:00 DEBUG 20036 --- [           main] o.s.b.f.s.DefaultListableBeanFactory     : Creating shared instance of singleton bean 'org.springframework.aop.config.internalAutoProxyCreator'
2025-01-09T08:37:05.683-06:00 DEBUG 20036 --- [           main] o.s.b.f.s.DefaultListableBeanFactory     : Creating shared instance of singleton bean 'methodValidationPostProcessor'
2025-01-09T08:37:05.684-06:00 DEBUG 20036 --- [           main] o.s.b.f.s.DefaultListableBeanFactory     : Autowiring by type from bean name 'methodValidationPostProcessor' via factory method to bean named 'environment'
2025-01-09T08:37:05.684-06:00 DEBUG 20036 --- [           main] o.s.b.f.s.DefaultListableBeanFactory     : Creating shared instance of singleton bean 'org.springframework.boot.context.properties.EnableConfigurationPropertiesRegistrar.methodValidationExcludeFilter'
2025-01-09T08:37:05.685-06:00 DEBUG 20036 --- [           main] o.s.b.f.s.DefaultListableBeanFactory     : Creating shared instance of singleton bean 'persistenceExceptionTranslationPostProcessor'
2025-01-09T08:37:05.685-06:00 DEBUG 20036 --- [           main] o.s.b.f.s.DefaultListableBeanFactory     : Autowiring by type from bean name 'persistenceExceptionTranslationPostProcessor' via factory method to bean named 'environment'
2025-01-09T08:37:05.685-06:00 DEBUG 20036 --- [           main] o.s.b.f.s.DefaultListableBeanFactory     : Creating shared instance of singleton bean 'webServerFactoryCustomizerBeanPostProcessor'
2025-01-09T08:37:05.685-06:00 DEBUG 20036 --- [           main] o.s.b.f.s.DefaultListableBeanFactory     : Creating shared instance of singleton bean 'errorPageRegistrarBeanPostProcessor'
2025-01-09T08:37:05.685-06:00 DEBUG 20036 --- [           main] o.s.b.f.s.DefaultListableBeanFactory     : Creating shared instance of singleton bean 'projectingArgumentResolverBeanPostProcessor'
2025-01-09T08:37:05.685-06:00 DEBUG 20036 --- [           main] o.s.b.f.s.DefaultListableBeanFactory     : Creating shared instance of singleton bean 'org.springframework.transaction.config.internalTransactionAdvisor'
2025-01-09T08:37:05.685-06:00 DEBUG 20036 --- [           main] o.s.b.f.s.DefaultListableBeanFactory     : Creating shared instance of singleton bean 'org.springframework.transaction.annotation.ProxyTransactionManagementConfiguration'
2025-01-09T08:37:05.686-06:00 DEBUG 20036 --- [           main] o.s.b.f.s.DefaultListableBeanFactory     : Creating shared instance of singleton bean 'transactionAttributeSource'
2025-01-09T08:37:05.686-06:00 DEBUG 20036 --- [           main] o.s.b.f.s.DefaultListableBeanFactory     : Creating shared instance of singleton bean 'transactionInterceptor'
2025-01-09T08:37:05.686-06:00 DEBUG 20036 --- [           main] o.s.b.f.s.DefaultListableBeanFactory     : Autowiring by type from bean name 'transactionInterceptor' via factory method to bean named 'transactionAttributeSource'
2025-01-09T08:37:05.687-06:00 DEBUG 20036 --- [           main] o.s.b.f.s.DefaultListableBeanFactory     : Autowiring by type from bean name 'org.springframework.transaction.config.internalTransactionAdvisor' via factory method to bean named 'transactionAttributeSource'
2025-01-09T08:37:05.687-06:00 DEBUG 20036 --- [           main] o.s.b.f.s.DefaultListableBeanFactory     : Autowiring by type from bean name 'org.springframework.transaction.config.internalTransactionAdvisor' via factory method to bean named 'transactionInterceptor'
2025-01-09T08:37:05.687-06:00 DEBUG 20036 --- [           main] o.s.u.c.s.UiApplicationContextUtils      : Unable to locate ThemeSource with name 'themeSource': using default [org.springframework.ui.context.support.ResourceBundleThemeSource@5bf56604]
2025-01-09T08:37:05.687-06:00 DEBUG 20036 --- [           main] o.s.b.f.s.DefaultListableBeanFactory     : Creating shared instance of singleton bean 'dataSourceScriptDatabaseInitializer'
2025-01-09T08:37:05.687-06:00 DEBUG 20036 --- [           main] o.s.b.f.s.DefaultListableBeanFactory     : Creating shared instance of singleton bean 'org.springframework.boot.autoconfigure.sql.init.DataSourceInitializationConfiguration'
2025-01-09T08:37:05.687-06:00 DEBUG 20036 --- [           main] o.s.b.f.s.DefaultListableBeanFactory     : Creating shared instance of singleton bean 'dataSource'
2025-01-09T08:37:05.687-06:00 DEBUG 20036 --- [           main] o.s.b.f.s.DefaultListableBeanFactory     : Creating shared instance of singleton bean 'org.springframework.boot.autoconfigure.jdbc.DataSourceConfiguration$Hikari'
2025-01-09T08:37:05.687-06:00 DEBUG 20036 --- [           main] o.s.b.f.s.DefaultListableBeanFactory     : Creating shared instance of singleton bean 'spring.datasource-org.springframework.boot.autoconfigure.jdbc.DataSourceProperties'
2025-01-09T08:37:05.687-06:00 DEBUG 20036 --- [           main] o.s.b.f.s.DefaultListableBeanFactory     : Creating shared instance of singleton bean 'org.springframework.boot.context.properties.BoundConfigurationProperties'
2025-01-09T08:37:05.688-06:00 DEBUG 20036 --- [           main] o.s.b.f.s.DefaultListableBeanFactory     : Creating shared instance of singleton bean 'jdbcConnectionDetails'
2025-01-09T08:37:05.688-06:00 DEBUG 20036 --- [           main] o.s.b.f.s.DefaultListableBeanFactory     : Creating shared instance of singleton bean 'org.springframework.boot.autoconfigure.jdbc.DataSourceAutoConfiguration$PooledDataSourceConfiguration'
2025-01-09T08:37:05.689-06:00 DEBUG 20036 --- [           main] o.s.b.f.s.DefaultListableBeanFactory     : Autowiring by type from bean name 'jdbcConnectionDetails' via factory method to bean named 'spring.datasource-org.springframework.boot.autoconfigure.jdbc.DataSourceProperties'
2025-01-09T08:37:05.689-06:00 DEBUG 20036 --- [           main] o.s.b.f.s.DefaultListableBeanFactory     : Autowiring by type from bean name 'dataSource' via factory method to bean named 'spring.datasource-org.springframework.boot.autoconfigure.jdbc.DataSourceProperties'
2025-01-09T08:37:05.689-06:00 DEBUG 20036 --- [           main] o.s.b.f.s.DefaultListableBeanFactory     : Autowiring by type from bean name 'dataSource' via factory method to bean named 'jdbcConnectionDetails'
2025-01-09T08:37:05.691-06:00 DEBUG 20036 --- [           main] o.s.b.f.s.DefaultListableBeanFactory     : Creating shared instance of singleton bean 'spring.sql.init-org.springframework.boot.autoconfigure.sql.init.SqlInitializationProperties'
2025-01-09T08:37:05.691-06:00 DEBUG 20036 --- [           main] o.s.b.f.s.DefaultListableBeanFactory     : Autowiring by type from bean name 'dataSourceScriptDatabaseInitializer' via factory method to bean named 'dataSource'
2025-01-09T08:37:05.691-06:00 DEBUG 20036 --- [           main] o.s.b.f.s.DefaultListableBeanFactory     : Autowiring by type from bean name 'dataSourceScriptDatabaseInitializer' via factory method to bean named 'spring.sql.init-org.springframework.boot.autoconfigure.sql.init.SqlInitializationProperties'
2025-01-09T08:37:05.692-06:00 DEBUG 20036 --- [           main] o.s.jdbc.datasource.DataSourceUtils      : Fetching JDBC Connection from DataSource
2025-01-09T08:37:05.692-06:00  INFO 20036 --- [           main] com.zaxxer.hikari.HikariDataSource       : HikariPool-5 - Starting...
2025-01-09T08:37:05.692-06:00  INFO 20036 --- [           main] com.zaxxer.hikari.pool.HikariPool        : HikariPool-5 - Added connection conn40: url=jdbc:h2:mem:testdb user=SA
2025-01-09T08:37:05.692-06:00  INFO 20036 --- [           main] com.zaxxer.hikari.HikariDataSource       : HikariPool-5 - Start completed.
2025-01-09T08:37:05.692-06:00 DEBUG 20036 --- [           main] o.s.jdbc.datasource.init.ScriptUtils     : Executing SQL script from file [J:\chatgeniusv2-backend\target\classes\schema.sql]
2025-01-09T08:37:05.693-06:00 DEBUG 20036 --- [           main] o.s.jdbc.datasource.init.ScriptUtils     : 0 returned as update count for SQL: DROP TABLE IF EXISTS reactions CASCADE
2025-01-09T08:37:05.693-06:00 DEBUG 20036 --- [           main] o.s.jdbc.datasource.init.ScriptUtils     : 0 returned as update count for SQL: DROP TABLE IF EXISTS attachments CASCADE
2025-01-09T08:37:05.693-06:00 DEBUG 20036 --- [           main] o.s.jdbc.datasource.init.ScriptUtils     : 0 returned as update count for SQL: DROP TABLE IF EXISTS messages CASCADE
2025-01-09T08:37:05.693-06:00 DEBUG 20036 --- [           main] o.s.jdbc.datasource.init.ScriptUtils     : 0 returned as update count for SQL: DROP TABLE IF EXISTS channel_members CASCADE
2025-01-09T08:37:05.693-06:00 DEBUG 20036 --- [           main] o.s.jdbc.datasource.init.ScriptUtils     : 0 returned as update count for SQL: DROP TABLE IF EXISTS channel_invitations CASCADE
2025-01-09T08:37:05.693-06:00 DEBUG 20036 --- [           main] o.s.jdbc.datasource.init.ScriptUtils     : 0 returned as update count for SQL: DROP TABLE IF EXISTS channels CASCADE
2025-01-09T08:37:05.693-06:00 DEBUG 20036 --- [           main] o.s.jdbc.datasource.init.ScriptUtils     : 0 returned as update count for SQL: DROP TABLE IF EXISTS users CASCADE
2025-01-09T08:37:05.693-06:00 DEBUG 20036 --- [           main] o.s.jdbc.datasource.init.ScriptUtils     : 0 returned as update count for SQL: CREATE TABLE IF NOT EXISTS users ( id UUID PRIMARY KEY, username VARCHAR(255) NOT NULL UNIQUE, email VARCHAR(255) NOT NULL UNIQUE, password VARCHAR(255) NOT NULL, status VARCHAR(20) NOT NULL, created_at TIMESTAMP NOT NULL, last_seen_at TIMESTAMP )
2025-01-09T08:37:05.693-06:00 DEBUG 20036 --- [           main] o.s.jdbc.datasource.init.ScriptUtils     : 0 returned as update count for SQL: CREATE TABLE IF NOT EXISTS channels ( id UUID PRIMARY KEY, name VARCHAR(255) NOT NULL, type VARCHAR(20) NOT NULL, created_at TIMESTAMP NOT NULL )
2025-01-09T08:37:05.694-06:00 DEBUG 20036 --- [           main] o.s.jdbc.datasource.init.ScriptUtils     : 0 returned as update count for SQL: CREATE TABLE IF NOT EXISTS channel_invitations ( id UUID PRIMARY KEY, channel_id UUID NOT NULL, inviter_id UUID NOT NULL, invitee_id UUID NOT NULL, status VARCHAR(20) NOT NULL, created_at TIMESTAMP NOT NULL, FOREIGN KEY (channel_id) REFERENCES channels(id), FOREIGN KEY (inviter_id) REFERENCES users(id), FOREIGN KEY (invitee_id) REFERENCES users(id) )
2025-01-09T08:37:05.695-06:00 DEBUG 20036 --- [           main] o.s.jdbc.datasource.init.ScriptUtils     : 0 returned as update count for SQL: CREATE TABLE IF NOT EXISTS channel_members ( channel_id UUID NOT NULL, user_id UUID NOT NULL, PRIMARY KEY (channel_id, user_id), FOREIGN KEY (channel_id) REFERENCES channels(id), FOREIGN KEY (user_id) REFERENCES users(id) )
2025-01-09T08:37:05.695-06:00 DEBUG 20036 --- [           main] o.s.jdbc.datasource.init.ScriptUtils     : 0 returned as update count for SQL: CREATE TABLE IF NOT EXISTS messages ( id UUID PRIMARY KEY, content TEXT NOT NULL, channel_id UUID NOT NULL, user_id UUID, type VARCHAR(20) NOT NULL, thread_id UUID, created_at TIMESTAMP NOT NULL, updated_at TIMESTAMP, FOREIGN KEY (channel_id) REFERENCES channels(id), FOREIGN KEY (user_id) REFERENCES users(id), FOREIGN KEY (thread_id) REFERENCES messages(id) )
2025-01-09T08:37:05.696-06:00 DEBUG 20036 --- [           main] o.s.jdbc.datasource.init.ScriptUtils     : 0 returned as update count for SQL: CREATE TABLE IF NOT EXISTS attachments ( id UUID PRIMARY KEY, message_id UUID NOT NULL, file_url VARCHAR(255) NOT NULL, file_type VARCHAR(50) NOT NULL, file_name VARCHAR(255) NOT NULL, file_size INTEGER NOT NULL, created_at TIMESTAMP NOT NULL, FOREIGN KEY (message_id) REFERENCES messages(id) )
2025-01-09T08:37:05.696-06:00 DEBUG 20036 --- [           main] o.s.jdbc.datasource.init.ScriptUtils     : 0 returned as update count for SQL: CREATE TABLE IF NOT EXISTS reactions ( id UUID PRIMARY KEY, message_id UUID NOT NULL, user_id UUID NOT NULL, emoji VARCHAR(50) NOT NULL, created_at TIMESTAMP NOT NULL, FOREIGN KEY (message_id) REFERENCES messages(id), FOREIGN KEY (user_id) REFERENCES users(id) )
2025-01-09T08:37:05.696-06:00 DEBUG 20036 --- [           main] o.s.jdbc.datasource.init.ScriptUtils     : Executed SQL script from file [J:\chatgeniusv2-backend\target\classes\schema.sql] in 4 ms.
2025-01-09T08:37:05.696-06:00 DEBUG 20036 --- [           main] o.s.jdbc.datasource.init.ScriptUtils     : Executing SQL script from file [J:\chatgeniusv2-backend\target\test-classes\schema.sql]
2025-01-09T08:37:05.697-06:00 DEBUG 20036 --- [           main] o.s.jdbc.datasource.init.ScriptUtils     : 0 returned as update count for SQL: DROP TABLE IF EXISTS reactions CASCADE
2025-01-09T08:37:05.697-06:00 DEBUG 20036 --- [           main] o.s.jdbc.datasource.init.ScriptUtils     : 0 returned as update count for SQL: DROP TABLE IF EXISTS attachments CASCADE
2025-01-09T08:37:05.697-06:00 DEBUG 20036 --- [           main] o.s.jdbc.datasource.init.ScriptUtils     : 0 returned as update count for SQL: DROP TABLE IF EXISTS messages CASCADE
2025-01-09T08:37:05.697-06:00 DEBUG 20036 --- [           main] o.s.jdbc.datasource.init.ScriptUtils     : 0 returned as update count for SQL: DROP TABLE IF EXISTS channel_members CASCADE
2025-01-09T08:37:05.697-06:00 DEBUG 20036 --- [           main] o.s.jdbc.datasource.init.ScriptUtils     : 0 returned as update count for SQL: DROP TABLE IF EXISTS channel_invitations CASCADE
2025-01-09T08:37:05.697-06:00 DEBUG 20036 --- [           main] o.s.jdbc.datasource.init.ScriptUtils     : 0 returned as update count for SQL: DROP TABLE IF EXISTS channels CASCADE
2025-01-09T08:37:05.697-06:00 DEBUG 20036 --- [           main] o.s.jdbc.datasource.init.ScriptUtils     : 0 returned as update count for SQL: DROP TABLE IF EXISTS users CASCADE
2025-01-09T08:37:05.697-06:00 DEBUG 20036 --- [           main] o.s.jdbc.datasource.init.ScriptUtils     : 0 returned as update count for SQL: CREATE TABLE IF NOT EXISTS users ( id UUID PRIMARY KEY, username VARCHAR(255) NOT NULL UNIQUE, email VARCHAR(255) NOT NULL UNIQUE, password VARCHAR(255) NOT NULL, status VARCHAR(20) NOT NULL, created_at TIMESTAMP NOT NULL, last_seen_at TIMESTAMP )
2025-01-09T08:37:05.698-06:00 DEBUG 20036 --- [           main] o.s.jdbc.datasource.init.ScriptUtils     : 0 returned as update count for SQL: CREATE TABLE IF NOT EXISTS channels ( id UUID PRIMARY KEY, name VARCHAR(255) NOT NULL, type VARCHAR(20) NOT NULL, created_at TIMESTAMP NOT NULL )
2025-01-09T08:37:05.698-06:00 DEBUG 20036 --- [           main] o.s.jdbc.datasource.init.ScriptUtils     : 0 returned as update count for SQL: CREATE TABLE IF NOT EXISTS channel_invitations ( id UUID PRIMARY KEY, channel_id UUID NOT NULL, inviter_id UUID NOT NULL, invitee_id UUID NOT NULL, status VARCHAR(20) NOT NULL, created_at TIMESTAMP NOT NULL, FOREIGN KEY (channel_id) REFERENCES channels(id), FOREIGN KEY (inviter_id) REFERENCES users(id), FOREIGN KEY (invitee_id) REFERENCES users(id) )
2025-01-09T08:37:05.699-06:00 DEBUG 20036 --- [           main] o.s.jdbc.datasource.init.ScriptUtils     : 0 returned as update count for SQL: CREATE TABLE IF NOT EXISTS channel_members ( channel_id UUID NOT NULL, user_id UUID NOT NULL, PRIMARY KEY (channel_id, user_id), FOREIGN KEY (channel_id) REFERENCES channels(id), FOREIGN KEY (user_id) REFERENCES users(id) )
2025-01-09T08:37:05.699-06:00 DEBUG 20036 --- [           main] o.s.jdbc.datasource.init.ScriptUtils     : 0 returned as update count for SQL: CREATE TABLE IF NOT EXISTS messages ( id UUID PRIMARY KEY, content TEXT NOT NULL, channel_id UUID NOT NULL, user_id UUID, type VARCHAR(20) NOT NULL, thread_id UUID, created_at TIMESTAMP NOT NULL, updated_at TIMESTAMP, FOREIGN KEY (channel_id) REFERENCES channels(id), FOREIGN KEY (user_id) REFERENCES users(id), FOREIGN KEY (thread_id) REFERENCES messages(id) )
2025-01-09T08:37:05.700-06:00 DEBUG 20036 --- [           main] o.s.jdbc.datasource.init.ScriptUtils     : 0 returned as update count for SQL: CREATE TABLE IF NOT EXISTS attachments ( id UUID PRIMARY KEY, message_id UUID NOT NULL, file_url VARCHAR(255) NOT NULL, file_type VARCHAR(50) NOT NULL, file_name VARCHAR(255) NOT NULL, file_size INTEGER NOT NULL, created_at TIMESTAMP NOT NULL, FOREIGN KEY (message_id) REFERENCES messages(id) )
2025-01-09T08:37:05.701-06:00 DEBUG 20036 --- [           main] o.s.jdbc.datasource.init.ScriptUtils     : 0 returned as update count for SQL: CREATE TABLE IF NOT EXISTS reactions ( id UUID PRIMARY KEY, message_id UUID NOT NULL, user_id UUID NOT NULL, emoji VARCHAR(50) NOT NULL, created_at TIMESTAMP NOT NULL, FOREIGN KEY (message_id) REFERENCES messages(id), FOREIGN KEY (user_id) REFERENCES users(id) )
2025-01-09T08:37:05.701-06:00 DEBUG 20036 --- [           main] o.s.jdbc.datasource.init.ScriptUtils     : Executed SQL script from file [J:\chatgeniusv2-backend\target\test-classes\schema.sql] in 5 ms.
2025-01-09T08:37:05.701-06:00 DEBUG 20036 --- [           main] o.s.b.f.s.DefaultListableBeanFactory     : Creating shared instance of singleton bean 'entityManagerFactory'
2025-01-09T08:37:05.701-06:00 DEBUG 20036 --- [           main] o.s.b.f.s.DefaultListableBeanFactory     : Creating shared instance of singleton bean 'org.springframework.boot.autoconfigure.orm.jpa.HibernateJpaConfiguration'
2025-01-09T08:37:05.701-06:00 DEBUG 20036 --- [           main] o.s.b.f.s.DefaultListableBeanFactory     : Creating shared instance of singleton bean 'spring.jpa-org.springframework.boot.autoconfigure.orm.jpa.JpaProperties'
2025-01-09T08:37:05.704-06:00 DEBUG 20036 --- [           main] o.s.b.f.s.DefaultListableBeanFactory     : Creating shared instance of singleton bean 'spring.jpa.hibernate-org.springframework.boot.autoconfigure.orm.jpa.HibernateProperties'
2025-01-09T08:37:05.704-06:00 DEBUG 20036 --- [           main] o.s.b.f.s.DefaultListableBeanFactory     : Autowiring by type from bean name 'org.springframework.boot.autoconfigure.orm.jpa.HibernateJpaConfiguration' via constructor to bean named 'dataSource'
2025-01-09T08:37:05.704-06:00 DEBUG 20036 --- [           main] o.s.b.f.s.DefaultListableBeanFactory     : Autowiring by type from bean name 'org.springframework.boot.autoconfigure.orm.jpa.HibernateJpaConfiguration' via constructor to bean named 'spring.jpa-org.springframework.boot.autoconfigure.orm.jpa.JpaProperties'
2025-01-09T08:37:05.704-06:00 DEBUG 20036 --- [           main] o.s.b.f.s.DefaultListableBeanFactory     : Autowiring by type from bean name 'org.springframework.boot.autoconfigure.orm.jpa.HibernateJpaConfiguration' via constructor to bean named 'org.springframework.beans.factory.support.DefaultListableBeanFactory@34518f0'
2025-01-09T08:37:05.704-06:00 DEBUG 20036 --- [           main] o.s.b.f.s.DefaultListableBeanFactory     : Autowiring by type from bean name 'org.springframework.boot.autoconfigure.orm.jpa.HibernateJpaConfiguration' via constructor to bean named 'spring.jpa.hibernate-org.springframework.boot.autoconfigure.orm.jpa.HibernateProperties'
2025-01-09T08:37:05.704-06:00 DEBUG 20036 --- [           main] o.s.b.f.s.DefaultListableBeanFactory     : Creating shared instance of singleton bean 'hikariPoolDataSourceMetadataProvider'
2025-01-09T08:37:05.704-06:00 DEBUG 20036 --- [           main] o.s.b.f.s.DefaultListableBeanFactory     : Creating shared instance of singleton bean 'org.springframework.boot.autoconfigure.jdbc.metadata.DataSourcePoolMetadataProvidersConfiguration$HikariPoolDataSourceMetadataProviderConfiguration'
2025-01-09T08:37:05.705-06:00 DEBUG 20036 --- [           main] o.s.b.f.s.DefaultListableBeanFactory     : Creating shared instance of singleton bean 'entityManagerFactoryBuilder'
2025-01-09T08:37:05.705-06:00 DEBUG 20036 --- [           main] o.s.b.f.s.DefaultListableBeanFactory     : Creating shared instance of singleton bean 'jpaVendorAdapter'
2025-01-09T08:37:05.705-06:00 DEBUG 20036 --- [           main] o.s.b.f.s.DefaultListableBeanFactory     : Autowiring by type from bean name 'entityManagerFactoryBuilder' via factory method to bean named 'jpaVendorAdapter'
2025-01-09T08:37:05.705-06:00 DEBUG 20036 --- [           main] o.s.b.f.s.DefaultListableBeanFactory     : Creating shared instance of singleton bean 'persistenceManagedTypes'
2025-01-09T08:37:05.705-06:00 DEBUG 20036 --- [           main] o.s.b.f.s.DefaultListableBeanFactory     : Autowiring by type from bean name 'persistenceManagedTypes' via factory method to bean named 'org.springframework.beans.factory.support.DefaultListableBeanFactory@34518f0'
2025-01-09T08:37:05.705-06:00 DEBUG 20036 --- [           main] o.s.b.f.s.DefaultListableBeanFactory     : Autowiring by type from bean name 'persistenceManagedTypes' via factory method to bean named 'org.springframework.web.context.support.GenericWebApplicationContext@7a4a91f8'
2025-01-09T08:37:05.706-06:00 DEBUG 20036 --- [           main] o.s.b.f.s.DefaultListableBeanFactory     : Creating shared instance of singleton bean 'org.springframework.boot.autoconfigure.domain.EntityScanPackages'
2025-01-09T08:37:05.706-06:00 DEBUG 20036 --- [           main] o.s.b.f.s.DefaultListableBeanFactory     : Autowiring by type from bean name 'entityManagerFactory' via factory method to bean named 'entityManagerFactoryBuilder'
2025-01-09T08:37:05.706-06:00 DEBUG 20036 --- [           main] o.s.b.f.s.DefaultListableBeanFactory     : Autowiring by type from bean name 'entityManagerFactory' via factory method to bean named 'persistenceManagedTypes'
2025-01-09T08:37:05.706-06:00 DEBUG 20036 --- [           main] j.LocalContainerEntityManagerFactoryBean : Building JPA container EntityManagerFactory for persistence unit 'default'
2025-01-09T08:37:05.707-06:00 DEBUG 20036 --- [           main] o.hibernate.jpa.internal.util.LogHelper  : PersistenceUnitInfo [
	name: default
	persistence provider classname: null
	classloader: jdk.internal.loader.ClassLoaders$AppClassLoader@70dea4e
	excludeUnlistedClasses: true
	JTA datasource: null
	Non JTA datasource: HikariDataSource (HikariPool-5)
	Transaction type: RESOURCE_LOCAL
	PU root URL: file:/J:/chatgeniusv2-backend/target/test-classes/
	Shared Cache Mode: UNSPECIFIED
	Validation Mode: AUTO
	Jar files URLs []
	Managed classes names [
		com.chatgenius.model.Attachment
		com.chatgenius.model.Channel
		com.chatgenius.model.Message
		com.chatgenius.model.Reaction
		com.chatgenius.model.User]
	Mapping files names []
	Properties []
2025-01-09T08:37:05.707-06:00 DEBUG 20036 --- [           main] o.h.i.internal.IntegratorServiceImpl     : Adding Integrator [org.hibernate.boot.beanvalidation.BeanValidationIntegrator].
2025-01-09T08:37:05.707-06:00 DEBUG 20036 --- [           main] o.h.i.internal.IntegratorServiceImpl     : Adding Integrator [org.hibernate.cache.internal.CollectionCacheInvalidator].
2025-01-09T08:37:05.707-06:00 DEBUG 20036 --- [           main] org.hibernate.orm.idgen.factory          : Registering IdentifierGenerator strategy [uuid2] -> [org.hibernate.id.UUIDGenerator]
2025-01-09T08:37:05.707-06:00 DEBUG 20036 --- [           main] org.hibernate.orm.idgen.factory          : Registering IdentifierGenerator strategy [guid] -> [org.hibernate.id.GUIDGenerator]
2025-01-09T08:37:05.707-06:00 DEBUG 20036 --- [           main] org.hibernate.orm.idgen.factory          : Registering IdentifierGenerator strategy [uuid] -> [org.hibernate.id.UUIDHexGenerator]
2025-01-09T08:37:05.707-06:00 DEBUG 20036 --- [           main] org.hibernate.orm.idgen.factory          : Registering IdentifierGenerator strategy [uuid.hex] -> [org.hibernate.id.UUIDHexGenerator]
2025-01-09T08:37:05.707-06:00 DEBUG 20036 --- [           main] org.hibernate.orm.idgen.factory          : Registering IdentifierGenerator strategy [assigned] -> [org.hibernate.id.Assigned]
2025-01-09T08:37:05.707-06:00 DEBUG 20036 --- [           main] org.hibernate.orm.idgen.factory          : Registering IdentifierGenerator strategy [identity] -> [org.hibernate.id.IdentityGenerator]
2025-01-09T08:37:05.707-06:00 DEBUG 20036 --- [           main] org.hibernate.orm.idgen.factory          : Registering IdentifierGenerator strategy [select] -> [org.hibernate.id.SelectGenerator]
2025-01-09T08:37:05.707-06:00 DEBUG 20036 --- [           main] org.hibernate.orm.idgen.factory          : Registering IdentifierGenerator strategy [sequence] -> [org.hibernate.id.enhanced.SequenceStyleGenerator]
2025-01-09T08:37:05.707-06:00 DEBUG 20036 --- [           main] org.hibernate.orm.idgen.factory          : Registering IdentifierGenerator strategy [increment] -> [org.hibernate.id.IncrementGenerator]
2025-01-09T08:37:05.707-06:00 DEBUG 20036 --- [           main] org.hibernate.orm.idgen.factory          : Registering IdentifierGenerator strategy [foreign] -> [org.hibernate.id.ForeignGenerator]
2025-01-09T08:37:05.707-06:00 DEBUG 20036 --- [           main] org.hibernate.orm.idgen.factory          : Registering IdentifierGenerator strategy [enhanced-sequence] -> [org.hibernate.id.enhanced.SequenceStyleGenerator]
2025-01-09T08:37:05.707-06:00 DEBUG 20036 --- [           main] org.hibernate.orm.idgen.factory          : Registering IdentifierGenerator strategy [enhanced-table] -> [org.hibernate.id.enhanced.TableGenerator]
2025-01-09T08:37:05.707-06:00 DEBUG 20036 --- [           main] o.h.c.internal.RegionFactoryInitiator    : Cannot default RegionFactory based on registered strategies as `[]` RegionFactory strategies were registered
2025-01-09T08:37:05.707-06:00  INFO 20036 --- [           main] o.h.c.internal.RegionFactoryInitiator    : HHH000026: Second-level cache disabled
2025-01-09T08:37:05.708-06:00 DEBUG 20036 --- [           main] org.hibernate.type.BasicTypeRegistry     : Adding type registration boolean -> org.hibernate.type.BasicTypeReference@24f5e9e8
2025-01-09T08:37:05.708-06:00 DEBUG 20036 --- [           main] org.hibernate.type.BasicTypeRegistry     : Adding type registration boolean -> org.hibernate.type.BasicTypeReference@24f5e9e8
2025-01-09T08:37:05.708-06:00 DEBUG 20036 --- [           main] org.hibernate.type.BasicTypeRegistry     : Adding type registration java.lang.Boolean -> org.hibernate.type.BasicTypeReference@24f5e9e8
2025-01-09T08:37:05.708-06:00 DEBUG 20036 --- [           main] org.hibernate.type.BasicTypeRegistry     : Adding type registration numeric_boolean -> org.hibernate.type.BasicTypeReference@50e6ee24
2025-01-09T08:37:05.708-06:00 DEBUG 20036 --- [           main] org.hibernate.type.BasicTypeRegistry     : Adding type registration org.hibernate.type.NumericBooleanConverter -> org.hibernate.type.BasicTypeReference@50e6ee24
2025-01-09T08:37:05.708-06:00 DEBUG 20036 --- [           main] org.hibernate.type.BasicTypeRegistry     : Adding type registration true_false -> org.hibernate.type.BasicTypeReference@7acb5200
2025-01-09T08:37:05.708-06:00 DEBUG 20036 --- [           main] org.hibernate.type.BasicTypeRegistry     : Adding type registration org.hibernate.type.TrueFalseConverter -> org.hibernate.type.BasicTypeReference@7acb5200
2025-01-09T08:37:05.708-06:00 DEBUG 20036 --- [           main] org.hibernate.type.BasicTypeRegistry     : Adding type registration yes_no -> org.hibernate.type.BasicTypeReference@3d50a3d9
2025-01-09T08:37:05.708-06:00 DEBUG 20036 --- [           main] org.hibernate.type.BasicTypeRegistry     : Adding type registration org.hibernate.type.YesNoConverter -> org.hibernate.type.BasicTypeReference@3d50a3d9
2025-01-09T08:37:05.708-06:00 DEBUG 20036 --- [           main] org.hibernate.type.BasicTypeRegistry     : Adding type registration byte -> org.hibernate.type.BasicTypeReference@3661b732
2025-01-09T08:37:05.708-06:00 DEBUG 20036 --- [           main] org.hibernate.type.BasicTypeRegistry     : Adding type registration byte -> org.hibernate.type.BasicTypeReference@3661b732
2025-01-09T08:37:05.708-06:00 DEBUG 20036 --- [           main] org.hibernate.type.BasicTypeRegistry     : Adding type registration java.lang.Byte -> org.hibernate.type.BasicTypeReference@3661b732
2025-01-09T08:37:05.708-06:00 DEBUG 20036 --- [           main] org.hibernate.type.BasicTypeRegistry     : Adding type registration binary -> org.hibernate.type.BasicTypeReference@5111f814
2025-01-09T08:37:05.708-06:00 DEBUG 20036 --- [           main] org.hibernate.type.BasicTypeRegistry     : Adding type registration byte[] -> org.hibernate.type.BasicTypeReference@5111f814
2025-01-09T08:37:05.708-06:00 DEBUG 20036 --- [           main] org.hibernate.type.BasicTypeRegistry     : Adding type registration [B -> org.hibernate.type.BasicTypeReference@5111f814
2025-01-09T08:37:05.708-06:00 DEBUG 20036 --- [           main] org.hibernate.type.BasicTypeRegistry     : Adding type registration binary_wrapper -> org.hibernate.type.BasicTypeReference@71eafb64
2025-01-09T08:37:05.708-06:00 DEBUG 20036 --- [           main] org.hibernate.type.BasicTypeRegistry     : Adding type registration wrapper-binary -> org.hibernate.type.BasicTypeReference@71eafb64
2025-01-09T08:37:05.708-06:00 DEBUG 20036 --- [           main] org.hibernate.type.BasicTypeRegistry     : Adding type registration image -> org.hibernate.type.BasicTypeReference@491cc0eb
2025-01-09T08:37:05.708-06:00 DEBUG 20036 --- [           main] org.hibernate.type.BasicTypeRegistry     : Adding type registration blob -> org.hibernate.type.BasicTypeReference@727f36dd
2025-01-09T08:37:05.708-06:00 DEBUG 20036 --- [           main] org.hibernate.type.BasicTypeRegistry     : Adding type registration java.sql.Blob -> org.hibernate.type.BasicTypeReference@727f36dd
2025-01-09T08:37:05.708-06:00 DEBUG 20036 --- [           main] org.hibernate.type.BasicTypeRegistry     : Adding type registration materialized_blob -> org.hibernate.type.BasicTypeReference@2c70a1de
2025-01-09T08:37:05.708-06:00 DEBUG 20036 --- [           main] org.hibernate.type.BasicTypeRegistry     : Adding type registration materialized_blob_wrapper -> org.hibernate.type.BasicTypeReference@ae74eef
2025-01-09T08:37:05.708-06:00 DEBUG 20036 --- [           main] org.hibernate.type.BasicTypeRegistry     : Adding type registration short -> org.hibernate.type.BasicTypeReference@2553dcc0
2025-01-09T08:37:05.708-06:00 DEBUG 20036 --- [           main] org.hibernate.type.BasicTypeRegistry     : Adding type registration short -> org.hibernate.type.BasicTypeReference@2553dcc0
2025-01-09T08:37:05.708-06:00 DEBUG 20036 --- [           main] org.hibernate.type.BasicTypeRegistry     : Adding type registration java.lang.Short -> org.hibernate.type.BasicTypeReference@2553dcc0
2025-01-09T08:37:05.708-06:00 DEBUG 20036 --- [           main] org.hibernate.type.BasicTypeRegistry     : Adding type registration integer -> org.hibernate.type.BasicTypeReference@2e91cf69
2025-01-09T08:37:05.708-06:00 DEBUG 20036 --- [           main] org.hibernate.type.BasicTypeRegistry     : Adding type registration int -> org.hibernate.type.BasicTypeReference@2e91cf69
2025-01-09T08:37:05.708-06:00 DEBUG 20036 --- [           main] org.hibernate.type.BasicTypeRegistry     : Adding type registration java.lang.Integer -> org.hibernate.type.BasicTypeReference@2e91cf69
2025-01-09T08:37:05.708-06:00 DEBUG 20036 --- [           main] org.hibernate.type.BasicTypeRegistry     : Adding type registration long -> org.hibernate.type.BasicTypeReference@746e534
2025-01-09T08:37:05.708-06:00 DEBUG 20036 --- [           main] org.hibernate.type.BasicTypeRegistry     : Adding type registration long -> org.hibernate.type.BasicTypeReference@746e534
2025-01-09T08:37:05.708-06:00 DEBUG 20036 --- [           main] org.hibernate.type.BasicTypeRegistry     : Adding type registration java.lang.Long -> org.hibernate.type.BasicTypeReference@746e534
2025-01-09T08:37:05.708-06:00 DEBUG 20036 --- [           main] org.hibernate.type.BasicTypeRegistry     : Adding type registration float -> org.hibernate.type.BasicTypeReference@37665305
2025-01-09T08:37:05.708-06:00 DEBUG 20036 --- [           main] org.hibernate.type.BasicTypeRegistry     : Adding type registration float -> org.hibernate.type.BasicTypeReference@37665305
2025-01-09T08:37:05.708-06:00 DEBUG 20036 --- [           main] org.hibernate.type.BasicTypeRegistry     : Adding type registration java.lang.Float -> org.hibernate.type.BasicTypeReference@37665305
2025-01-09T08:37:05.708-06:00 DEBUG 20036 --- [           main] org.hibernate.type.BasicTypeRegistry     : Adding type registration double -> org.hibernate.type.BasicTypeReference@c683cf5
2025-01-09T08:37:05.708-06:00 DEBUG 20036 --- [           main] org.hibernate.type.BasicTypeRegistry     : Adding type registration double -> org.hibernate.type.BasicTypeReference@c683cf5
2025-01-09T08:37:05.708-06:00 DEBUG 20036 --- [           main] org.hibernate.type.BasicTypeRegistry     : Adding type registration java.lang.Double -> org.hibernate.type.BasicTypeReference@c683cf5
2025-01-09T08:37:05.708-06:00 DEBUG 20036 --- [           main] org.hibernate.type.BasicTypeRegistry     : Adding type registration big_integer -> org.hibernate.type.BasicTypeReference@2c224096
2025-01-09T08:37:05.708-06:00 DEBUG 20036 --- [           main] org.hibernate.type.BasicTypeRegistry     : Adding type registration java.math.BigInteger -> org.hibernate.type.BasicTypeReference@2c224096
2025-01-09T08:37:05.708-06:00 DEBUG 20036 --- [           main] org.hibernate.type.BasicTypeRegistry     : Adding type registration big_decimal -> org.hibernate.type.BasicTypeReference@1cfd6f63
2025-01-09T08:37:05.708-06:00 DEBUG 20036 --- [           main] org.hibernate.type.BasicTypeRegistry     : Adding type registration java.math.BigDecimal -> org.hibernate.type.BasicTypeReference@1cfd6f63
2025-01-09T08:37:05.708-06:00 DEBUG 20036 --- [           main] org.hibernate.type.BasicTypeRegistry     : Adding type registration character -> org.hibernate.type.BasicTypeReference@1906f982
2025-01-09T08:37:05.708-06:00 DEBUG 20036 --- [           main] org.hibernate.type.BasicTypeRegistry     : Adding type registration char -> org.hibernate.type.BasicTypeReference@1906f982
2025-01-09T08:37:05.708-06:00 DEBUG 20036 --- [           main] org.hibernate.type.BasicTypeRegistry     : Adding type registration java.lang.Character -> org.hibernate.type.BasicTypeReference@1906f982
2025-01-09T08:37:05.708-06:00 DEBUG 20036 --- [           main] org.hibernate.type.BasicTypeRegistry     : Adding type registration character_nchar -> org.hibernate.type.BasicTypeReference@5444f1c3
2025-01-09T08:37:05.708-06:00 DEBUG 20036 --- [           main] org.hibernate.type.BasicTypeRegistry     : Adding type registration string -> org.hibernate.type.BasicTypeReference@6a5c2d2d
2025-01-09T08:37:05.708-06:00 DEBUG 20036 --- [           main] org.hibernate.type.BasicTypeRegistry     : Adding type registration java.lang.String -> org.hibernate.type.BasicTypeReference@6a5c2d2d
2025-01-09T08:37:05.708-06:00 DEBUG 20036 --- [           main] org.hibernate.type.BasicTypeRegistry     : Adding type registration nstring -> org.hibernate.type.BasicTypeReference@1dadd172
2025-01-09T08:37:05.708-06:00 DEBUG 20036 --- [           main] org.hibernate.type.BasicTypeRegistry     : Adding type registration characters -> org.hibernate.type.BasicTypeReference@33c9f1ac
2025-01-09T08:37:05.708-06:00 DEBUG 20036 --- [           main] org.hibernate.type.BasicTypeRegistry     : Adding type registration char[] -> org.hibernate.type.BasicTypeReference@33c9f1ac
2025-01-09T08:37:05.708-06:00 DEBUG 20036 --- [           main] org.hibernate.type.BasicTypeRegistry     : Adding type registration [C -> org.hibernate.type.BasicTypeReference@33c9f1ac
2025-01-09T08:37:05.708-06:00 DEBUG 20036 --- [           main] org.hibernate.type.BasicTypeRegistry     : Adding type registration wrapper-characters -> org.hibernate.type.BasicTypeReference@4070c4ff
2025-01-09T08:37:05.708-06:00 DEBUG 20036 --- [           main] org.hibernate.type.BasicTypeRegistry     : Adding type registration text -> org.hibernate.type.BasicTypeReference@4bceac99
2025-01-09T08:37:05.708-06:00 DEBUG 20036 --- [           main] org.hibernate.type.BasicTypeRegistry     : Adding type registration ntext -> org.hibernate.type.BasicTypeReference@389bc2d3
2025-01-09T08:37:05.708-06:00 DEBUG 20036 --- [           main] org.hibernate.type.BasicTypeRegistry     : Adding type registration clob -> org.hibernate.type.BasicTypeReference@442310fd
2025-01-09T08:37:05.708-06:00 DEBUG 20036 --- [           main] org.hibernate.type.BasicTypeRegistry     : Adding type registration java.sql.Clob -> org.hibernate.type.BasicTypeReference@442310fd
2025-01-09T08:37:05.708-06:00 DEBUG 20036 --- [           main] org.hibernate.type.BasicTypeRegistry     : Adding type registration nclob -> org.hibernate.type.BasicTypeReference@23263ba
2025-01-09T08:37:05.708-06:00 DEBUG 20036 --- [           main] org.hibernate.type.BasicTypeRegistry     : Adding type registration java.sql.NClob -> org.hibernate.type.BasicTypeReference@23263ba
2025-01-09T08:37:05.708-06:00 DEBUG 20036 --- [           main] org.hibernate.type.BasicTypeRegistry     : Adding type registration materialized_clob -> org.hibernate.type.BasicTypeReference@3ca6bd01
2025-01-09T08:37:05.708-06:00 DEBUG 20036 --- [           main] org.hibernate.type.BasicTypeRegistry     : Adding type registration materialized_clob_char_array -> org.hibernate.type.BasicTypeReference@5acd7d1c
2025-01-09T08:37:05.708-06:00 DEBUG 20036 --- [           main] org.hibernate.type.BasicTypeRegistry     : Adding type registration materialized_clob_character_array -> org.hibernate.type.BasicTypeReference@6b52a40
2025-01-09T08:37:05.708-06:00 DEBUG 20036 --- [           main] org.hibernate.type.BasicTypeRegistry     : Adding type registration materialized_nclob -> org.hibernate.type.BasicTypeReference@178ba69f
2025-01-09T08:37:05.708-06:00 DEBUG 20036 --- [           main] org.hibernate.type.BasicTypeRegistry     : Adding type registration materialized_nclob_character_array -> org.hibernate.type.BasicTypeReference@1e4c4fda
2025-01-09T08:37:05.708-06:00 DEBUG 20036 --- [           main] org.hibernate.type.BasicTypeRegistry     : Adding type registration materialized_nclob_char_array -> org.hibernate.type.BasicTypeReference@2f58f492
2025-01-09T08:37:05.708-06:00 DEBUG 20036 --- [           main] org.hibernate.type.BasicTypeRegistry     : Adding type registration Duration -> org.hibernate.type.BasicTypeReference@903c13
2025-01-09T08:37:05.708-06:00 DEBUG 20036 --- [           main] org.hibernate.type.BasicTypeRegistry     : Adding type registration java.time.Duration -> org.hibernate.type.BasicTypeReference@903c13
2025-01-09T08:37:05.708-06:00 DEBUG 20036 --- [           main] org.hibernate.type.BasicTypeRegistry     : Adding type registration LocalDateTime -> org.hibernate.type.BasicTypeReference@4ae5ddc0
2025-01-09T08:37:05.708-06:00 DEBUG 20036 --- [           main] org.hibernate.type.BasicTypeRegistry     : Adding type registration java.time.LocalDateTime -> org.hibernate.type.BasicTypeReference@4ae5ddc0
2025-01-09T08:37:05.708-06:00 DEBUG 20036 --- [           main] org.hibernate.type.BasicTypeRegistry     : Adding type registration LocalDate -> org.hibernate.type.BasicTypeReference@36ab69d9
2025-01-09T08:37:05.708-06:00 DEBUG 20036 --- [           main] org.hibernate.type.BasicTypeRegistry     : Adding type registration java.time.LocalDate -> org.hibernate.type.BasicTypeReference@36ab69d9
2025-01-09T08:37:05.708-06:00 DEBUG 20036 --- [           main] org.hibernate.type.BasicTypeRegistry     : Adding type registration LocalTime -> org.hibernate.type.BasicTypeReference@5ebfe7fa
2025-01-09T08:37:05.708-06:00 DEBUG 20036 --- [           main] org.hibernate.type.BasicTypeRegistry     : Adding type registration java.time.LocalTime -> org.hibernate.type.BasicTypeReference@5ebfe7fa
2025-01-09T08:37:05.708-06:00 DEBUG 20036 --- [           main] org.hibernate.type.BasicTypeRegistry     : Adding type registration OffsetDateTime -> org.hibernate.type.BasicTypeReference@5f4e389a
2025-01-09T08:37:05.708-06:00 DEBUG 20036 --- [           main] org.hibernate.type.BasicTypeRegistry     : Adding type registration java.time.OffsetDateTime -> org.hibernate.type.BasicTypeReference@5f4e389a
2025-01-09T08:37:05.708-06:00 DEBUG 20036 --- [           main] org.hibernate.type.BasicTypeRegistry     : Adding type registration OffsetDateTimeWithTimezone -> org.hibernate.type.BasicTypeReference@3ba1f56e
2025-01-09T08:37:05.708-06:00 DEBUG 20036 --- [           main] org.hibernate.type.BasicTypeRegistry     : Adding type registration OffsetDateTimeWithoutTimezone -> org.hibernate.type.BasicTypeReference@56a9b662
2025-01-09T08:37:05.708-06:00 DEBUG 20036 --- [           main] org.hibernate.type.BasicTypeRegistry     : Adding type registration OffsetTime -> org.hibernate.type.BasicTypeReference@77881b7a
2025-01-09T08:37:05.708-06:00 DEBUG 20036 --- [           main] org.hibernate.type.BasicTypeRegistry     : Adding type registration java.time.OffsetTime -> org.hibernate.type.BasicTypeReference@77881b7a
2025-01-09T08:37:05.708-06:00 DEBUG 20036 --- [           main] org.hibernate.type.BasicTypeRegistry     : Adding type registration OffsetTimeUtc -> org.hibernate.type.BasicTypeReference@59ac77f9
2025-01-09T08:37:05.708-06:00 DEBUG 20036 --- [           main] org.hibernate.type.BasicTypeRegistry     : Adding type registration OffsetTimeWithTimezone -> org.hibernate.type.BasicTypeReference@6d92e327
2025-01-09T08:37:05.708-06:00 DEBUG 20036 --- [           main] org.hibernate.type.BasicTypeRegistry     : Adding type registration OffsetTimeWithoutTimezone -> org.hibernate.type.BasicTypeReference@76134251
2025-01-09T08:37:05.708-06:00 DEBUG 20036 --- [           main] org.hibernate.type.BasicTypeRegistry     : Adding type registration ZonedDateTime -> org.hibernate.type.BasicTypeReference@4177d422
2025-01-09T08:37:05.708-06:00 DEBUG 20036 --- [           main] org.hibernate.type.BasicTypeRegistry     : Adding type registration java.time.ZonedDateTime -> org.hibernate.type.BasicTypeReference@4177d422
2025-01-09T08:37:05.708-06:00 DEBUG 20036 --- [           main] org.hibernate.type.BasicTypeRegistry     : Adding type registration ZonedDateTimeWithTimezone -> org.hibernate.type.BasicTypeReference@7bde704a
2025-01-09T08:37:05.708-06:00 DEBUG 20036 --- [           main] org.hibernate.type.BasicTypeRegistry     : Adding type registration ZonedDateTimeWithoutTimezone -> org.hibernate.type.BasicTypeReference@12f3fcd
2025-01-09T08:37:05.708-06:00 DEBUG 20036 --- [           main] org.hibernate.type.BasicTypeRegistry     : Adding type registration date -> org.hibernate.type.BasicTypeReference@6dc2e473
2025-01-09T08:37:05.708-06:00 DEBUG 20036 --- [           main] org.hibernate.type.BasicTypeRegistry     : Adding type registration java.sql.Date -> org.hibernate.type.BasicTypeReference@6dc2e473
2025-01-09T08:37:05.708-06:00 DEBUG 20036 --- [           main] org.hibernate.type.BasicTypeRegistry     : Adding type registration time -> org.hibernate.type.BasicTypeReference@12ebfb2d
2025-01-09T08:37:05.708-06:00 DEBUG 20036 --- [           main] org.hibernate.type.BasicTypeRegistry     : Adding type registration java.sql.Time -> org.hibernate.type.BasicTypeReference@12ebfb2d
2025-01-09T08:37:05.708-06:00 DEBUG 20036 --- [           main] org.hibernate.type.BasicTypeRegistry     : Adding type registration timestamp -> org.hibernate.type.BasicTypeReference@1abf951a
2025-01-09T08:37:05.708-06:00 DEBUG 20036 --- [           main] org.hibernate.type.BasicTypeRegistry     : Adding type registration java.sql.Timestamp -> org.hibernate.type.BasicTypeReference@1abf951a
2025-01-09T08:37:05.708-06:00 DEBUG 20036 --- [           main] org.hibernate.type.BasicTypeRegistry     : Adding type registration java.util.Date -> org.hibernate.type.BasicTypeReference@1abf951a
2025-01-09T08:37:05.708-06:00 DEBUG 20036 --- [           main] org.hibernate.type.BasicTypeRegistry     : Adding type registration calendar -> org.hibernate.type.BasicTypeReference@629600d7
2025-01-09T08:37:05.708-06:00 DEBUG 20036 --- [           main] org.hibernate.type.BasicTypeRegistry     : Adding type registration java.util.Calendar -> org.hibernate.type.BasicTypeReference@629600d7
2025-01-09T08:37:05.708-06:00 DEBUG 20036 --- [           main] org.hibernate.type.BasicTypeRegistry     : Adding type registration java.util.GregorianCalendar -> org.hibernate.type.BasicTypeReference@629600d7
2025-01-09T08:37:05.708-06:00 DEBUG 20036 --- [           main] org.hibernate.type.BasicTypeRegistry     : Adding type registration calendar_date -> org.hibernate.type.BasicTypeReference@180d918a
2025-01-09T08:37:05.708-06:00 DEBUG 20036 --- [           main] org.hibernate.type.BasicTypeRegistry     : Adding type registration calendar_time -> org.hibernate.type.BasicTypeReference@33837bd4
2025-01-09T08:37:05.708-06:00 DEBUG 20036 --- [           main] org.hibernate.type.BasicTypeRegistry     : Adding type registration instant -> org.hibernate.type.BasicTypeReference@61c145cb
2025-01-09T08:37:05.708-06:00 DEBUG 20036 --- [           main] org.hibernate.type.BasicTypeRegistry     : Adding type registration java.time.Instant -> org.hibernate.type.BasicTypeReference@61c145cb
2025-01-09T08:37:05.708-06:00 DEBUG 20036 --- [           main] org.hibernate.type.BasicTypeRegistry     : Adding type registration uuid -> org.hibernate.type.BasicTypeReference@153409b8
2025-01-09T08:37:05.708-06:00 DEBUG 20036 --- [           main] org.hibernate.type.BasicTypeRegistry     : Adding type registration java.util.UUID -> org.hibernate.type.BasicTypeReference@153409b8
2025-01-09T08:37:05.708-06:00 DEBUG 20036 --- [           main] org.hibernate.type.BasicTypeRegistry     : Adding type registration pg-uuid -> org.hibernate.type.BasicTypeReference@153409b8
2025-01-09T08:37:05.708-06:00 DEBUG 20036 --- [           main] org.hibernate.type.BasicTypeRegistry     : Adding type registration uuid-binary -> org.hibernate.type.BasicTypeReference@511bfbb0
2025-01-09T08:37:05.708-06:00 DEBUG 20036 --- [           main] org.hibernate.type.BasicTypeRegistry     : Adding type registration uuid-char -> org.hibernate.type.BasicTypeReference@79ee779c
2025-01-09T08:37:05.708-06:00 DEBUG 20036 --- [           main] org.hibernate.type.BasicTypeRegistry     : Adding type registration class -> org.hibernate.type.BasicTypeReference@126a9a77
2025-01-09T08:37:05.708-06:00 DEBUG 20036 --- [           main] org.hibernate.type.BasicTypeRegistry     : Adding type registration java.lang.Class -> org.hibernate.type.BasicTypeReference@126a9a77
2025-01-09T08:37:05.708-06:00 DEBUG 20036 --- [           main] org.hibernate.type.BasicTypeRegistry     : Adding type registration currency -> org.hibernate.type.BasicTypeReference@27a6384b
2025-01-09T08:37:05.708-06:00 DEBUG 20036 --- [           main] org.hibernate.type.BasicTypeRegistry     : Adding type registration Currency -> org.hibernate.type.BasicTypeReference@27a6384b
2025-01-09T08:37:05.708-06:00 DEBUG 20036 --- [           main] org.hibernate.type.BasicTypeRegistry     : Adding type registration java.util.Currency -> org.hibernate.type.BasicTypeReference@27a6384b
2025-01-09T08:37:05.708-06:00 DEBUG 20036 --- [           main] org.hibernate.type.BasicTypeRegistry     : Adding type registration locale -> org.hibernate.type.BasicTypeReference@29ee8174
2025-01-09T08:37:05.708-06:00 DEBUG 20036 --- [           main] org.hibernate.type.BasicTypeRegistry     : Adding type registration java.util.Locale -> org.hibernate.type.BasicTypeReference@29ee8174
2025-01-09T08:37:05.708-06:00 DEBUG 20036 --- [           main] org.hibernate.type.BasicTypeRegistry     : Adding type registration serializable -> org.hibernate.type.BasicTypeReference@23365142
2025-01-09T08:37:05.708-06:00 DEBUG 20036 --- [           main] org.hibernate.type.BasicTypeRegistry     : Adding type registration java.io.Serializable -> org.hibernate.type.BasicTypeReference@23365142
2025-01-09T08:37:05.708-06:00 DEBUG 20036 --- [           main] org.hibernate.type.BasicTypeRegistry     : Adding type registration timezone -> org.hibernate.type.BasicTypeReference@6549ce71
2025-01-09T08:37:05.708-06:00 DEBUG 20036 --- [           main] org.hibernate.type.BasicTypeRegistry     : Adding type registration java.util.TimeZone -> org.hibernate.type.BasicTypeReference@6549ce71
2025-01-09T08:37:05.708-06:00 DEBUG 20036 --- [           main] org.hibernate.type.BasicTypeRegistry     : Adding type registration ZoneOffset -> org.hibernate.type.BasicTypeReference@733bd6f3
2025-01-09T08:37:05.708-06:00 DEBUG 20036 --- [           main] org.hibernate.type.BasicTypeRegistry     : Adding type registration java.time.ZoneOffset -> org.hibernate.type.BasicTypeReference@733bd6f3
2025-01-09T08:37:05.708-06:00 DEBUG 20036 --- [           main] org.hibernate.type.BasicTypeRegistry     : Adding type registration url -> org.hibernate.type.BasicTypeReference@2e030cc1
2025-01-09T08:37:05.708-06:00 DEBUG 20036 --- [           main] org.hibernate.type.BasicTypeRegistry     : Adding type registration java.net.URL -> org.hibernate.type.BasicTypeReference@2e030cc1
2025-01-09T08:37:05.708-06:00 DEBUG 20036 --- [           main] org.hibernate.type.BasicTypeRegistry     : Adding type registration vector -> org.hibernate.type.BasicTypeReference@3f2ef402
2025-01-09T08:37:05.708-06:00 DEBUG 20036 --- [           main] org.hibernate.type.BasicTypeRegistry     : Adding type registration row_version -> org.hibernate.type.BasicTypeReference@14bf9fd0
2025-01-09T08:37:05.708-06:00 DEBUG 20036 --- [           main] org.hibernate.type.BasicTypeRegistry     : Adding type registration object -> org.hibernate.type.JavaObjectType@44da745f
2025-01-09T08:37:05.708-06:00 DEBUG 20036 --- [           main] org.hibernate.type.BasicTypeRegistry     : Adding type registration java.lang.Object -> org.hibernate.type.JavaObjectType@44da745f
2025-01-09T08:37:05.708-06:00 DEBUG 20036 --- [           main] org.hibernate.type.BasicTypeRegistry     : Adding type registration null -> org.hibernate.type.NullType@762f8ff6
2025-01-09T08:37:05.708-06:00 DEBUG 20036 --- [           main] org.hibernate.type.BasicTypeRegistry     : Adding type registration imm_date -> org.hibernate.type.BasicTypeReference@7c66040f
2025-01-09T08:37:05.708-06:00 DEBUG 20036 --- [           main] org.hibernate.type.BasicTypeRegistry     : Adding type registration imm_time -> org.hibernate.type.BasicTypeReference@3263151a
2025-01-09T08:37:05.708-06:00 DEBUG 20036 --- [           main] org.hibernate.type.BasicTypeRegistry     : Adding type registration imm_timestamp -> org.hibernate.type.BasicTypeReference@7ba87d24
2025-01-09T08:37:05.708-06:00 DEBUG 20036 --- [           main] org.hibernate.type.BasicTypeRegistry     : Adding type registration imm_calendar -> org.hibernate.type.BasicTypeReference@20acb87
2025-01-09T08:37:05.708-06:00 DEBUG 20036 --- [           main] org.hibernate.type.BasicTypeRegistry     : Adding type registration imm_calendar_date -> org.hibernate.type.BasicTypeReference@4e80e1b5
2025-01-09T08:37:05.708-06:00 DEBUG 20036 --- [           main] org.hibernate.type.BasicTypeRegistry     : Adding type registration imm_calendar_time -> org.hibernate.type.BasicTypeReference@6461e6ba
2025-01-09T08:37:05.708-06:00 DEBUG 20036 --- [           main] org.hibernate.type.BasicTypeRegistry     : Adding type registration imm_binary -> org.hibernate.type.BasicTypeReference@5c98f64f
2025-01-09T08:37:05.708-06:00 DEBUG 20036 --- [           main] org.hibernate.type.BasicTypeRegistry     : Adding type registration imm_serializable -> org.hibernate.type.BasicTypeReference@81a48a8
2025-01-09T08:37:05.708-06:00 DEBUG 20036 --- [           main] o.h.boot.internal.BootstrapContextImpl   : Injecting JPA temp ClassLoader [org.springframework.instrument.classloading.SimpleThrowawayClassLoader@2ae1e7e0] into BootstrapContext; was [null]
2025-01-09T08:37:05.708-06:00 DEBUG 20036 --- [           main] o.h.boot.internal.ClassLoaderAccessImpl  : ClassLoaderAccessImpl#injectTempClassLoader(org.springframework.instrument.classloading.SimpleThrowawayClassLoader@2ae1e7e0) [was null]
2025-01-09T08:37:05.708-06:00 DEBUG 20036 --- [           main] o.h.boot.internal.BootstrapContextImpl   : Injecting ScanEnvironment [org.hibernate.jpa.boot.internal.StandardJpaScanEnvironmentImpl@31d0467d] into BootstrapContext; was [null]
2025-01-09T08:37:05.708-06:00 DEBUG 20036 --- [           main] o.h.boot.internal.BootstrapContextImpl   : Injecting ScanOptions [org.hibernate.boot.archive.scan.internal.StandardScanOptions@6b5517e7] into BootstrapContext; was [org.hibernate.boot.archive.scan.internal.StandardScanOptions@5e548bef]
2025-01-09T08:37:05.709-06:00 DEBUG 20036 --- [           main] o.h.b.i.BytecodeProviderInitiator        : HHH000021: Bytecode provider: bytebuddy
2025-01-09T08:37:05.709-06:00  INFO 20036 --- [           main] o.s.o.j.p.SpringPersistenceUnitInfo      : No LoadTimeWeaver setup: ignoring JPA class transformer
2025-01-09T08:37:05.709-06:00 DEBUG 20036 --- [           main] o.h.boot.internal.BootstrapContextImpl   : Injecting JPA temp ClassLoader [null] into BootstrapContext; was [org.springframework.instrument.classloading.SimpleThrowawayClassLoader@2ae1e7e0]
2025-01-09T08:37:05.709-06:00 DEBUG 20036 --- [           main] o.h.boot.internal.ClassLoaderAccessImpl  : ClassLoaderAccessImpl#injectTempClassLoader(null) [was org.springframework.instrument.classloading.SimpleThrowawayClassLoader@2ae1e7e0]
2025-01-09T08:37:05.710-06:00 DEBUG 20036 --- [           main] o.h.e.j.e.i.JdbcEnvironmentInitiator     : Database ->
       name : H2
    version : 2.2.224 (2023-09-17)
      major : 2
      minor : 2
2025-01-09T08:37:05.710-06:00 DEBUG 20036 --- [           main] o.h.e.j.e.i.JdbcEnvironmentInitiator     : Driver ->
       name : H2 JDBC Driver
    version : 2.2.224 (2023-09-17)
      major : 2
      minor : 2
2025-01-09T08:37:05.710-06:00 DEBUG 20036 --- [           main] o.h.e.j.e.i.JdbcEnvironmentInitiator     : JDBC version : 4.2
2025-01-09T08:37:05.710-06:00  WARN 20036 --- [           main] org.hibernate.orm.deprecation            : HHH90000025: H2Dialect does not need to be specified explicitly using 'hibernate.dialect' (remove the property setting and it will be selected by default)
2025-01-09T08:37:05.710-06:00 DEBUG 20036 --- [           main] org.hibernate.orm.dialect                : HHH035001: Using dialect: org.hibernate.dialect.H2Dialect, version: 2.2.224
2025-01-09T08:37:05.710-06:00 DEBUG 20036 --- [           main] o.h.e.j.env.spi.IdentifierHelperBuilder  : JDBC driver metadata reported database stores quoted identifiers in neither upper, lower nor mixed case
2025-01-09T08:37:05.710-06:00 DEBUG 20036 --- [           main] o.h.t.d.jdbc.spi.JdbcTypeRegistry        : addDescriptor(NCharTypeDescriptor) replaced previous registration(CharTypeDescriptor)
2025-01-09T08:37:05.710-06:00 DEBUG 20036 --- [           main] o.h.t.d.jdbc.spi.JdbcTypeRegistry        : addDescriptor(NVarcharTypeDescriptor) replaced previous registration(VarcharTypeDescriptor)
2025-01-09T08:37:05.710-06:00 DEBUG 20036 --- [           main] o.h.t.d.jdbc.spi.JdbcTypeRegistry        : addDescriptor(LongNVarcharTypeDescriptor) replaced previous registration(LongVarcharTypeDescriptor)
2025-01-09T08:37:05.710-06:00 DEBUG 20036 --- [           main] o.h.t.d.jdbc.spi.JdbcTypeRegistry        : addDescriptor(NClobTypeDescriptor(DEFAULT)) replaced previous registration(ClobTypeDescriptor(DEFAULT))
2025-01-09T08:37:05.710-06:00 DEBUG 20036 --- [           main] o.h.t.d.jdbc.spi.JdbcTypeRegistry        : addDescriptor(2005, ClobTypeDescriptor(STREAM_BINDING)) replaced previous registration(ClobTypeDescriptor(DEFAULT))
2025-01-09T08:37:05.710-06:00 DEBUG 20036 --- [           main] o.h.t.d.jdbc.spi.JdbcTypeRegistry        : addDescriptor(TimestampUtcDescriptor) replaced previous registration(TimestampUtcDescriptor)
2025-01-09T08:37:05.710-06:00 DEBUG 20036 --- [           main] org.hibernate.type.BasicTypeRegistry     : Adding type registration org.hibernate.type.DurationType -> basicType@105(java.time.Duration,2)
2025-01-09T08:37:05.710-06:00 DEBUG 20036 --- [           main] org.hibernate.type.BasicTypeRegistry     : Adding type registration Duration -> basicType@105(java.time.Duration,2)
2025-01-09T08:37:05.710-06:00 DEBUG 20036 --- [           main] org.hibernate.type.BasicTypeRegistry     : Adding type registration java.time.Duration -> basicType@105(java.time.Duration,2)
2025-01-09T08:37:05.710-06:00 DEBUG 20036 --- [           main] o.h.type.spi.TypeConfiguration$Scope     : Scoping TypeConfiguration [org.hibernate.type.spi.TypeConfiguration@b562753] to MetadataBuildingContext [org.hibernate.boot.internal.MetadataBuildingContextRootImpl@71a7ce25]
2025-01-09T08:37:05.710-06:00 DEBUG 20036 --- [           main] o.h.boot.model.relational.Namespace      : Created database namespace [logicalName=Name{catalog=null, schema=null}, physicalName=Name{catalog=null, schema=null}]
2025-01-09T08:37:05.710-06:00 DEBUG 20036 --- [           main] o.h.boot.model.internal.EntityBinder     : Binding entity from annotated class: com.chatgenius.model.Attachment
2025-01-09T08:37:05.710-06:00 DEBUG 20036 --- [           main] o.h.boot.model.internal.EntityBinder     : Import with entity name Attachment
2025-01-09T08:37:05.710-06:00 DEBUG 20036 --- [           main] o.h.boot.model.internal.EntityBinder     : Bind entity com.chatgenius.model.Attachment on table attachments
2025-01-09T08:37:05.710-06:00 DEBUG 20036 --- [           main] o.h.boot.model.internal.AnnotatedColumn  : Binding column: AnnotatedDiscriminatorColumn(column='DTYPE')
2025-01-09T08:37:05.711-06:00 DEBUG 20036 --- [           main] o.h.boot.model.internal.AnnotatedColumn  : Binding column: AnnotatedColumn()
2025-01-09T08:37:05.711-06:00 DEBUG 20036 --- [           main] o.h.boot.internal.ClassLoaderAccessImpl  : Not known whether passed class name [com.chatgenius.model.Attachment] is safe
2025-01-09T08:37:05.711-06:00 DEBUG 20036 --- [           main] o.h.boot.internal.ClassLoaderAccessImpl  : No temp ClassLoader provided; using live ClassLoader for loading potentially unsafe class : com.chatgenius.model.Attachment
2025-01-09T08:37:05.711-06:00 DEBUG 20036 --- [           main] o.h.boot.model.internal.PropertyBinder   : MetadataSourceProcessor property id with lazy=false
2025-01-09T08:37:05.711-06:00 DEBUG 20036 --- [           main] o.h.b.m.internal.AbstractPropertyHolder  : Attempting to locate auto-apply AttributeConverter for property [com.chatgenius.model.Attachment:id]
2025-01-09T08:37:05.711-06:00 DEBUG 20036 --- [           main] o.h.b.model.internal.BasicValueBinder    : building BasicValue for id
2025-01-09T08:37:05.711-06:00 DEBUG 20036 --- [           main] org.hibernate.mapping.BasicValue         : Skipping column re-registration: attachments.id
2025-01-09T08:37:05.711-06:00 DEBUG 20036 --- [           main] o.h.boot.model.internal.PropertyBinder   : Building property id
2025-01-09T08:37:05.711-06:00 DEBUG 20036 --- [           main] o.h.boot.model.internal.BinderHelper     : #makeIdGenerator(BasicValue([Column(id)]), id, org.hibernate.id.UUIDGenerator, , ...)
2025-01-09T08:37:05.712-06:00 DEBUG 20036 --- [           main] o.h.boot.model.internal.AnnotatedColumn  : Binding column: AnnotatedColumn(column='created_at')
2025-01-09T08:37:05.712-06:00 DEBUG 20036 --- [           main] o.h.boot.model.internal.PropertyBinder   : MetadataSourceProcessor property createdAt with lazy=false
2025-01-09T08:37:05.712-06:00 DEBUG 20036 --- [           main] o.h.b.m.internal.AbstractPropertyHolder  : Attempting to locate auto-apply AttributeConverter for property [com.chatgenius.model.Attachment:createdAt]
2025-01-09T08:37:05.712-06:00 DEBUG 20036 --- [           main] o.h.b.model.internal.BasicValueBinder    : building BasicValue for createdAt
2025-01-09T08:37:05.712-06:00 DEBUG 20036 --- [           main] org.hibernate.mapping.BasicValue         : Skipping column re-registration: attachments.created_at
2025-01-09T08:37:05.712-06:00 DEBUG 20036 --- [           main] o.h.boot.model.internal.PropertyBinder   : Building property createdAt
2025-01-09T08:37:05.712-06:00 DEBUG 20036 --- [           main] o.h.boot.model.internal.AnnotatedColumn  : Binding column: AnnotatedColumn(column='file_name')
2025-01-09T08:37:05.712-06:00 DEBUG 20036 --- [           main] o.h.boot.model.internal.PropertyBinder   : MetadataSourceProcessor property fileName with lazy=false
2025-01-09T08:37:05.712-06:00 DEBUG 20036 --- [           main] o.h.b.m.internal.AbstractPropertyHolder  : Attempting to locate auto-apply AttributeConverter for property [com.chatgenius.model.Attachment:fileName]
2025-01-09T08:37:05.712-06:00 DEBUG 20036 --- [           main] o.h.b.model.internal.BasicValueBinder    : building BasicValue for fileName
2025-01-09T08:37:05.712-06:00 DEBUG 20036 --- [           main] org.hibernate.mapping.BasicValue         : Skipping column re-registration: attachments.file_name
2025-01-09T08:37:05.712-06:00 DEBUG 20036 --- [           main] o.h.boot.model.internal.PropertyBinder   : Building property fileName
2025-01-09T08:37:05.713-06:00 DEBUG 20036 --- [           main] o.h.boot.model.internal.AnnotatedColumn  : Binding column: AnnotatedColumn(column='file_size')
2025-01-09T08:37:05.713-06:00 DEBUG 20036 --- [           main] o.h.boot.model.internal.PropertyBinder   : MetadataSourceProcessor property fileSize with lazy=false
2025-01-09T08:37:05.713-06:00 DEBUG 20036 --- [           main] o.h.b.m.internal.AbstractPropertyHolder  : Attempting to locate auto-apply AttributeConverter for property [com.chatgenius.model.Attachment:fileSize]
2025-01-09T08:37:05.713-06:00 DEBUG 20036 --- [           main] o.h.b.model.internal.BasicValueBinder    : building BasicValue for fileSize
2025-01-09T08:37:05.713-06:00 DEBUG 20036 --- [           main] org.hibernate.mapping.BasicValue         : Skipping column re-registration: attachments.file_size
2025-01-09T08:37:05.713-06:00 DEBUG 20036 --- [           main] o.h.boot.model.internal.PropertyBinder   : Building property fileSize
2025-01-09T08:37:05.713-06:00 DEBUG 20036 --- [           main] o.h.boot.model.internal.AnnotatedColumn  : Binding column: AnnotatedColumn(column='file_type')
2025-01-09T08:37:05.713-06:00 DEBUG 20036 --- [           main] o.h.boot.model.internal.PropertyBinder   : MetadataSourceProcessor property fileType with lazy=false
2025-01-09T08:37:05.713-06:00 DEBUG 20036 --- [           main] o.h.b.m.internal.AbstractPropertyHolder  : Attempting to locate auto-apply AttributeConverter for property [com.chatgenius.model.Attachment:fileType]
2025-01-09T08:37:05.713-06:00 DEBUG 20036 --- [           main] o.h.b.model.internal.BasicValueBinder    : building BasicValue for fileType
2025-01-09T08:37:05.713-06:00 DEBUG 20036 --- [           main] org.hibernate.mapping.BasicValue         : Skipping column re-registration: attachments.file_type
2025-01-09T08:37:05.713-06:00 DEBUG 20036 --- [           main] o.h.boot.model.internal.PropertyBinder   : Building property fileType
2025-01-09T08:37:05.714-06:00 DEBUG 20036 --- [           main] o.h.boot.model.internal.AnnotatedColumn  : Binding column: AnnotatedColumn(column='file_url')
2025-01-09T08:37:05.714-06:00 DEBUG 20036 --- [           main] o.h.boot.model.internal.PropertyBinder   : MetadataSourceProcessor property fileUrl with lazy=false
2025-01-09T08:37:05.714-06:00 DEBUG 20036 --- [           main] o.h.b.m.internal.AbstractPropertyHolder  : Attempting to locate auto-apply AttributeConverter for property [com.chatgenius.model.Attachment:fileUrl]
2025-01-09T08:37:05.714-06:00 DEBUG 20036 --- [           main] o.h.b.model.internal.BasicValueBinder    : building BasicValue for fileUrl
2025-01-09T08:37:05.714-06:00 DEBUG 20036 --- [           main] org.hibernate.mapping.BasicValue         : Skipping column re-registration: attachments.file_url
2025-01-09T08:37:05.714-06:00 DEBUG 20036 --- [           main] o.h.boot.model.internal.PropertyBinder   : Building property fileUrl
2025-01-09T08:37:05.714-06:00 DEBUG 20036 --- [           main] o.h.boot.model.internal.AnnotatedColumn  : Binding column: AnnotatedJoinColumn(column='message_id')
2025-01-09T08:37:05.714-06:00 DEBUG 20036 --- [           main] o.h.boot.model.internal.AnnotatedColumn  : Binding column: AnnotatedColumn()
2025-01-09T08:37:05.714-06:00 DEBUG 20036 --- [           main] o.h.boot.model.internal.PropertyBinder   : Building property message
2025-01-09T08:37:05.715-06:00 DEBUG 20036 --- [           main] o.h.b.r.c.i.ClassLoaderServiceImpl       : HHH000194: Package not found or wo package-info.java: com.chatgenius.model
2025-01-09T08:37:05.715-06:00 DEBUG 20036 --- [           main] o.h.boot.model.internal.EntityBinder     : Binding entity from annotated class: com.chatgenius.model.Channel
2025-01-09T08:37:05.715-06:00 DEBUG 20036 --- [           main] o.h.boot.model.internal.EntityBinder     : Import with entity name Channel
2025-01-09T08:37:05.716-06:00 DEBUG 20036 --- [           main] o.h.boot.model.internal.EntityBinder     : Bind entity com.chatgenius.model.Channel on table channels
2025-01-09T08:37:05.716-06:00 DEBUG 20036 --- [           main] o.h.boot.model.internal.AnnotatedColumn  : Binding column: AnnotatedDiscriminatorColumn(column='DTYPE')
2025-01-09T08:37:05.716-06:00 DEBUG 20036 --- [           main] o.h.boot.model.internal.AnnotatedColumn  : Binding column: AnnotatedColumn()
2025-01-09T08:37:05.716-06:00 DEBUG 20036 --- [           main] o.h.boot.internal.ClassLoaderAccessImpl  : Not known whether passed class name [com.chatgenius.model.Channel] is safe
2025-01-09T08:37:05.716-06:00 DEBUG 20036 --- [           main] o.h.boot.internal.ClassLoaderAccessImpl  : No temp ClassLoader provided; using live ClassLoader for loading potentially unsafe class : com.chatgenius.model.Channel
2025-01-09T08:37:05.716-06:00 DEBUG 20036 --- [           main] o.h.boot.model.internal.PropertyBinder   : MetadataSourceProcessor property id with lazy=false
2025-01-09T08:37:05.716-06:00 DEBUG 20036 --- [           main] o.h.b.m.internal.AbstractPropertyHolder  : Attempting to locate auto-apply AttributeConverter for property [com.chatgenius.model.Channel:id]
2025-01-09T08:37:05.716-06:00 DEBUG 20036 --- [           main] o.h.b.model.internal.BasicValueBinder    : building BasicValue for id
2025-01-09T08:37:05.716-06:00 DEBUG 20036 --- [           main] org.hibernate.mapping.BasicValue         : Skipping column re-registration: channels.id
2025-01-09T08:37:05.716-06:00 DEBUG 20036 --- [           main] o.h.boot.model.internal.PropertyBinder   : Building property id
2025-01-09T08:37:05.716-06:00 DEBUG 20036 --- [           main] o.h.boot.model.internal.BinderHelper     : #makeIdGenerator(BasicValue([Column(id)]), id, org.hibernate.id.UUIDGenerator, , ...)
2025-01-09T08:37:05.716-06:00 DEBUG 20036 --- [           main] o.h.boot.model.internal.AnnotatedColumn  : Binding column: AnnotatedColumn(column='created_at')
2025-01-09T08:37:05.716-06:00 DEBUG 20036 --- [           main] o.h.boot.model.internal.PropertyBinder   : MetadataSourceProcessor property createdAt with lazy=false
2025-01-09T08:37:05.717-06:00 DEBUG 20036 --- [           main] o.h.b.m.internal.AbstractPropertyHolder  : Attempting to locate auto-apply AttributeConverter for property [com.chatgenius.model.Channel:createdAt]
2025-01-09T08:37:05.717-06:00 DEBUG 20036 --- [           main] o.h.b.model.internal.BasicValueBinder    : building BasicValue for createdAt
2025-01-09T08:37:05.717-06:00 DEBUG 20036 --- [           main] org.hibernate.mapping.BasicValue         : Skipping column re-registration: channels.created_at
2025-01-09T08:37:05.717-06:00 DEBUG 20036 --- [           main] o.h.boot.model.internal.PropertyBinder   : Building property createdAt
2025-01-09T08:37:05.717-06:00 DEBUG 20036 --- [           main] o.h.boot.model.internal.AnnotatedColumn  : Binding column: IndexColumn(column='members_ORDER')
2025-01-09T08:37:05.717-06:00 DEBUG 20036 --- [           main] o.h.boot.model.internal.AnnotatedColumn  : Binding column: AnnotatedColumn()
2025-01-09T08:37:05.718-06:00 DEBUG 20036 --- [           main] o.h.boot.model.internal.AnnotatedColumn  : Binding column: AnnotatedColumn(column='members_KEY')
2025-01-09T08:37:05.718-06:00 DEBUG 20036 --- [           main] o.h.boot.model.internal.AnnotatedColumn  : Binding column: AnnotatedJoinColumn(column='members_KEY')
2025-01-09T08:37:05.718-06:00 DEBUG 20036 --- [           main] o.h.boot.model.internal.AnnotatedColumn  : Binding column: AnnotatedJoinColumn(column='channel_id')
2025-01-09T08:37:05.718-06:00 DEBUG 20036 --- [           main] o.h.boot.model.internal.AnnotatedColumn  : Binding column: AnnotatedJoinColumn(column='user_id')
2025-01-09T08:37:05.718-06:00 DEBUG 20036 --- [           main] o.h.b.model.internal.CollectionBinder    : Collection role: com.chatgenius.model.Channel.members
2025-01-09T08:37:05.718-06:00 DEBUG 20036 --- [           main] o.h.boot.model.internal.PropertyBinder   : Building property members
2025-01-09T08:37:05.719-06:00 DEBUG 20036 --- [           main] o.h.boot.model.internal.AnnotatedColumn  : Binding column: AnnotatedColumn()
2025-01-09T08:37:05.719-06:00 DEBUG 20036 --- [           main] o.h.boot.model.internal.PropertyBinder   : MetadataSourceProcessor property name with lazy=false
2025-01-09T08:37:05.719-06:00 DEBUG 20036 --- [           main] o.h.b.m.internal.AbstractPropertyHolder  : Attempting to locate auto-apply AttributeConverter for property [com.chatgenius.model.Channel:name]
2025-01-09T08:37:05.719-06:00 DEBUG 20036 --- [           main] o.h.b.model.internal.BasicValueBinder    : building BasicValue for name
2025-01-09T08:37:05.719-06:00 DEBUG 20036 --- [           main] org.hibernate.mapping.BasicValue         : Skipping column re-registration: channels.name
2025-01-09T08:37:05.719-06:00 DEBUG 20036 --- [           main] o.h.boot.model.internal.PropertyBinder   : Building property name
2025-01-09T08:37:05.719-06:00 DEBUG 20036 --- [           main] o.h.boot.model.internal.AnnotatedColumn  : Binding column: AnnotatedColumn()
2025-01-09T08:37:05.719-06:00 DEBUG 20036 --- [           main] o.h.boot.model.internal.PropertyBinder   : MetadataSourceProcessor property type with lazy=false
2025-01-09T08:37:05.719-06:00 DEBUG 20036 --- [           main] o.h.b.m.internal.AbstractPropertyHolder  : Attempting to locate auto-apply AttributeConverter for property [com.chatgenius.model.Channel:type]
2025-01-09T08:37:05.719-06:00 DEBUG 20036 --- [           main] o.h.b.model.internal.BasicValueBinder    : building BasicValue for type
2025-01-09T08:37:05.719-06:00 DEBUG 20036 --- [           main] org.hibernate.mapping.BasicValue         : Skipping column re-registration: channels.type
2025-01-09T08:37:05.719-06:00 DEBUG 20036 --- [           main] o.h.boot.model.internal.PropertyBinder   : Building property type
2025-01-09T08:37:05.720-06:00 DEBUG 20036 --- [           main] o.h.b.r.c.i.ClassLoaderServiceImpl       : HHH000194: Package not found or wo package-info.java: com.chatgenius.model
2025-01-09T08:37:05.720-06:00 DEBUG 20036 --- [           main] o.h.boot.model.internal.EntityBinder     : Binding entity from annotated class: com.chatgenius.model.Message
2025-01-09T08:37:05.720-06:00 DEBUG 20036 --- [           main] o.h.boot.model.internal.EntityBinder     : Import with entity name Message
2025-01-09T08:37:05.720-06:00 DEBUG 20036 --- [           main] o.h.boot.model.internal.EntityBinder     : Bind entity com.chatgenius.model.Message on table messages
2025-01-09T08:37:05.720-06:00 DEBUG 20036 --- [           main] o.h.boot.model.internal.AnnotatedColumn  : Binding column: AnnotatedDiscriminatorColumn(column='DTYPE')
2025-01-09T08:37:05.721-06:00 DEBUG 20036 --- [           main] o.h.boot.model.internal.AnnotatedColumn  : Binding column: AnnotatedColumn()
2025-01-09T08:37:05.721-06:00 DEBUG 20036 --- [           main] o.h.boot.internal.ClassLoaderAccessImpl  : Not known whether passed class name [com.chatgenius.model.Message] is safe
2025-01-09T08:37:05.721-06:00 DEBUG 20036 --- [           main] o.h.boot.internal.ClassLoaderAccessImpl  : No temp ClassLoader provided; using live ClassLoader for loading potentially unsafe class : com.chatgenius.model.Message
2025-01-09T08:37:05.721-06:00 DEBUG 20036 --- [           main] o.h.boot.model.internal.PropertyBinder   : MetadataSourceProcessor property id with lazy=false
2025-01-09T08:37:05.721-06:00 DEBUG 20036 --- [           main] o.h.b.m.internal.AbstractPropertyHolder  : Attempting to locate auto-apply AttributeConverter for property [com.chatgenius.model.Message:id]
2025-01-09T08:37:05.721-06:00 DEBUG 20036 --- [           main] o.h.b.model.internal.BasicValueBinder    : building BasicValue for id
2025-01-09T08:37:05.721-06:00 DEBUG 20036 --- [           main] org.hibernate.mapping.BasicValue         : Skipping column re-registration: messages.id
2025-01-09T08:37:05.721-06:00 DEBUG 20036 --- [           main] o.h.boot.model.internal.PropertyBinder   : Building property id
2025-01-09T08:37:05.721-06:00 DEBUG 20036 --- [           main] o.h.boot.model.internal.BinderHelper     : #makeIdGenerator(BasicValue([Column(id)]), id, org.hibernate.id.UUIDGenerator, , ...)
2025-01-09T08:37:05.721-06:00 DEBUG 20036 --- [           main] o.h.boot.model.internal.AnnotatedColumn  : Binding column: AnnotatedJoinColumn()
2025-01-09T08:37:05.721-06:00 DEBUG 20036 --- [           main] o.h.boot.model.internal.AnnotatedColumn  : Binding column: AnnotatedColumn()
2025-01-09T08:37:05.721-06:00 DEBUG 20036 --- [           main] o.h.boot.model.internal.AnnotatedColumn  : Binding column: IndexColumn(column='attachments_ORDER')
2025-01-09T08:37:05.721-06:00 DEBUG 20036 --- [           main] o.h.boot.model.internal.AnnotatedColumn  : Binding column: AnnotatedColumn()
2025-01-09T08:37:05.722-06:00 DEBUG 20036 --- [           main] o.h.boot.model.internal.AnnotatedColumn  : Binding column: AnnotatedColumn(column='attachments_KEY')
2025-01-09T08:37:05.722-06:00 DEBUG 20036 --- [           main] o.h.boot.model.internal.AnnotatedColumn  : Binding column: AnnotatedJoinColumn(column='attachments_KEY')
2025-01-09T08:37:05.722-06:00 DEBUG 20036 --- [           main] o.h.boot.model.internal.AnnotatedColumn  : Binding column: AnnotatedJoinColumn()
2025-01-09T08:37:05.722-06:00 DEBUG 20036 --- [           main] o.h.boot.model.internal.AnnotatedColumn  : Binding column: AnnotatedJoinColumn()
2025-01-09T08:37:05.722-06:00 DEBUG 20036 --- [           main] o.h.b.model.internal.CollectionBinder    : Collection role: com.chatgenius.model.Message.attachments
2025-01-09T08:37:05.722-06:00 DEBUG 20036 --- [           main] o.h.boot.model.internal.PropertyBinder   : Building property attachments
2025-01-09T08:37:05.722-06:00 DEBUG 20036 --- [           main] o.h.boot.model.internal.AnnotatedColumn  : Binding column: AnnotatedJoinColumn(column='channel_id')
2025-01-09T08:37:05.722-06:00 DEBUG 20036 --- [           main] o.h.boot.model.internal.AnnotatedColumn  : Binding column: AnnotatedColumn()
2025-01-09T08:37:05.722-06:00 DEBUG 20036 --- [           main] o.h.boot.model.internal.PropertyBinder   : Building property channel
2025-01-09T08:37:05.723-06:00 DEBUG 20036 --- [           main] o.h.boot.model.internal.AnnotatedColumn  : Binding column: AnnotatedColumn()
2025-01-09T08:37:05.723-06:00 DEBUG 20036 --- [           main] o.h.boot.model.internal.PropertyBinder   : MetadataSourceProcessor property content with lazy=false
2025-01-09T08:37:05.723-06:00 DEBUG 20036 --- [           main] o.h.b.m.internal.AbstractPropertyHolder  : Attempting to locate auto-apply AttributeConverter for property [com.chatgenius.model.Message:content]
2025-01-09T08:37:05.723-06:00 DEBUG 20036 --- [           main] o.h.b.model.internal.BasicValueBinder    : building BasicValue for content
2025-01-09T08:37:05.723-06:00 DEBUG 20036 --- [           main] org.hibernate.mapping.BasicValue         : Skipping column re-registration: messages.content
2025-01-09T08:37:05.723-06:00 DEBUG 20036 --- [           main] o.h.boot.model.internal.PropertyBinder   : Building property content
2025-01-09T08:37:05.723-06:00 DEBUG 20036 --- [           main] o.h.boot.model.internal.AnnotatedColumn  : Binding column: AnnotatedColumn(column='created_at')
2025-01-09T08:37:05.723-06:00 DEBUG 20036 --- [           main] o.h.boot.model.internal.PropertyBinder   : MetadataSourceProcessor property createdAt with lazy=false
2025-01-09T08:37:05.723-06:00 DEBUG 20036 --- [           main] o.h.b.m.internal.AbstractPropertyHolder  : Attempting to locate auto-apply AttributeConverter for property [com.chatgenius.model.Message:createdAt]
2025-01-09T08:37:05.723-06:00 DEBUG 20036 --- [           main] o.h.b.model.internal.BasicValueBinder    : building BasicValue for createdAt
2025-01-09T08:37:05.723-06:00 DEBUG 20036 --- [           main] org.hibernate.mapping.BasicValue         : Skipping column re-registration: messages.created_at
2025-01-09T08:37:05.723-06:00 DEBUG 20036 --- [           main] o.h.boot.model.internal.PropertyBinder   : Building property createdAt
2025-01-09T08:37:05.724-06:00 DEBUG 20036 --- [           main] o.h.boot.model.internal.AnnotatedColumn  : Binding column: AnnotatedJoinColumn()
2025-01-09T08:37:05.724-06:00 DEBUG 20036 --- [           main] o.h.boot.model.internal.AnnotatedColumn  : Binding column: AnnotatedColumn()
2025-01-09T08:37:05.724-06:00 DEBUG 20036 --- [           main] o.h.boot.model.internal.AnnotatedColumn  : Binding column: IndexColumn(column='reactions_ORDER')
2025-01-09T08:37:05.724-06:00 DEBUG 20036 --- [           main] o.h.boot.model.internal.AnnotatedColumn  : Binding column: AnnotatedColumn()
2025-01-09T08:37:05.724-06:00 DEBUG 20036 --- [           main] o.h.boot.model.internal.AnnotatedColumn  : Binding column: AnnotatedColumn(column='reactions_KEY')
2025-01-09T08:37:05.724-06:00 DEBUG 20036 --- [           main] o.h.boot.model.internal.AnnotatedColumn  : Binding column: AnnotatedJoinColumn(column='reactions_KEY')
2025-01-09T08:37:05.724-06:00 DEBUG 20036 --- [           main] o.h.boot.model.internal.AnnotatedColumn  : Binding column: AnnotatedJoinColumn()
2025-01-09T08:37:05.724-06:00 DEBUG 20036 --- [           main] o.h.boot.model.internal.AnnotatedColumn  : Binding column: AnnotatedJoinColumn()
2025-01-09T08:37:05.724-06:00 DEBUG 20036 --- [           main] o.h.b.model.internal.CollectionBinder    : Collection role: com.chatgenius.model.Message.reactions
2025-01-09T08:37:05.724-06:00 DEBUG 20036 --- [           main] o.h.boot.model.internal.PropertyBinder   : Building property reactions
2025-01-09T08:37:05.724-06:00 DEBUG 20036 --- [           main] o.h.boot.model.internal.AnnotatedColumn  : Binding column: AnnotatedJoinColumn()
2025-01-09T08:37:05.725-06:00 DEBUG 20036 --- [           main] o.h.boot.model.internal.AnnotatedColumn  : Binding column: AnnotatedColumn()
2025-01-09T08:37:05.725-06:00 DEBUG 20036 --- [           main] o.h.boot.model.internal.AnnotatedColumn  : Binding column: IndexColumn(column='replies_ORDER')
2025-01-09T08:37:05.725-06:00 DEBUG 20036 --- [           main] o.h.boot.model.internal.AnnotatedColumn  : Binding column: AnnotatedColumn()
2025-01-09T08:37:05.725-06:00 DEBUG 20036 --- [           main] o.h.boot.model.internal.AnnotatedColumn  : Binding column: AnnotatedColumn(column='replies_KEY')
2025-01-09T08:37:05.725-06:00 DEBUG 20036 --- [           main] o.h.boot.model.internal.AnnotatedColumn  : Binding column: AnnotatedJoinColumn(column='replies_KEY')
2025-01-09T08:37:05.725-06:00 DEBUG 20036 --- [           main] o.h.boot.model.internal.AnnotatedColumn  : Binding column: AnnotatedJoinColumn()
2025-01-09T08:37:05.725-06:00 DEBUG 20036 --- [           main] o.h.boot.model.internal.AnnotatedColumn  : Binding column: AnnotatedJoinColumn()
2025-01-09T08:37:05.725-06:00 DEBUG 20036 --- [           main] o.h.b.model.internal.CollectionBinder    : Collection role: com.chatgenius.model.Message.replies
2025-01-09T08:37:05.725-06:00 DEBUG 20036 --- [           main] o.h.boot.model.internal.PropertyBinder   : Building property replies
2025-01-09T08:37:05.726-06:00 DEBUG 20036 --- [           main] o.h.boot.model.internal.AnnotatedColumn  : Binding column: AnnotatedJoinColumn(column='thread_id')
2025-01-09T08:37:05.726-06:00 DEBUG 20036 --- [           main] o.h.boot.model.internal.AnnotatedColumn  : Binding column: AnnotatedColumn()
2025-01-09T08:37:05.726-06:00 DEBUG 20036 --- [           main] o.h.boot.model.internal.PropertyBinder   : Building property thread
2025-01-09T08:37:05.726-06:00 DEBUG 20036 --- [           main] o.h.boot.model.internal.AnnotatedColumn  : Binding column: AnnotatedColumn()
2025-01-09T08:37:05.726-06:00 DEBUG 20036 --- [           main] o.h.boot.model.internal.PropertyBinder   : MetadataSourceProcessor property type with lazy=false
2025-01-09T08:37:05.726-06:00 DEBUG 20036 --- [           main] o.h.b.m.internal.AbstractPropertyHolder  : Attempting to locate auto-apply AttributeConverter for property [com.chatgenius.model.Message:type]
2025-01-09T08:37:05.726-06:00 DEBUG 20036 --- [           main] o.h.b.model.internal.BasicValueBinder    : building BasicValue for type
2025-01-09T08:37:05.726-06:00 DEBUG 20036 --- [           main] org.hibernate.mapping.BasicValue         : Skipping column re-registration: messages.type
2025-01-09T08:37:05.726-06:00 DEBUG 20036 --- [           main] o.h.boot.model.internal.PropertyBinder   : Building property type
2025-01-09T08:37:05.727-06:00 DEBUG 20036 --- [           main] o.h.boot.model.internal.AnnotatedColumn  : Binding column: AnnotatedColumn(column='updated_at')
2025-01-09T08:37:05.727-06:00 DEBUG 20036 --- [           main] o.h.boot.model.internal.PropertyBinder   : MetadataSourceProcessor property updatedAt with lazy=false
2025-01-09T08:37:05.727-06:00 DEBUG 20036 --- [           main] o.h.b.m.internal.AbstractPropertyHolder  : Attempting to locate auto-apply AttributeConverter for property [com.chatgenius.model.Message:updatedAt]
2025-01-09T08:37:05.727-06:00 DEBUG 20036 --- [           main] o.h.b.model.internal.BasicValueBinder    : building BasicValue for updatedAt
2025-01-09T08:37:05.727-06:00 DEBUG 20036 --- [           main] org.hibernate.mapping.BasicValue         : Skipping column re-registration: messages.updated_at
2025-01-09T08:37:05.727-06:00 DEBUG 20036 --- [           main] o.h.boot.model.internal.PropertyBinder   : Building property updatedAt
2025-01-09T08:37:05.727-06:00 DEBUG 20036 --- [           main] o.h.boot.model.internal.AnnotatedColumn  : Binding column: AnnotatedJoinColumn(column='user_id')
2025-01-09T08:37:05.727-06:00 DEBUG 20036 --- [           main] o.h.boot.model.internal.AnnotatedColumn  : Binding column: AnnotatedColumn()
2025-01-09T08:37:05.727-06:00 DEBUG 20036 --- [           main] o.h.boot.model.internal.PropertyBinder   : Building property user
2025-01-09T08:37:05.728-06:00 DEBUG 20036 --- [           main] o.h.b.r.c.i.ClassLoaderServiceImpl       : HHH000194: Package not found or wo package-info.java: com.chatgenius.model
2025-01-09T08:37:05.728-06:00 DEBUG 20036 --- [           main] o.h.boot.model.internal.EntityBinder     : Binding entity from annotated class: com.chatgenius.model.Reaction
2025-01-09T08:37:05.728-06:00 DEBUG 20036 --- [           main] o.h.boot.model.internal.EntityBinder     : Import with entity name Reaction
2025-01-09T08:37:05.728-06:00 DEBUG 20036 --- [           main] o.h.boot.model.internal.EntityBinder     : Bind entity com.chatgenius.model.Reaction on table reactions
2025-01-09T08:37:05.729-06:00 DEBUG 20036 --- [           main] o.h.boot.model.internal.AnnotatedColumn  : Binding column: AnnotatedDiscriminatorColumn(column='DTYPE')
2025-01-09T08:37:05.729-06:00 DEBUG 20036 --- [           main] o.h.boot.model.internal.AnnotatedColumn  : Binding column: AnnotatedColumn()
2025-01-09T08:37:05.729-06:00 DEBUG 20036 --- [           main] o.h.boot.internal.ClassLoaderAccessImpl  : Not known whether passed class name [com.chatgenius.model.Reaction] is safe
2025-01-09T08:37:05.729-06:00 DEBUG 20036 --- [           main] o.h.boot.internal.ClassLoaderAccessImpl  : No temp ClassLoader provided; using live ClassLoader for loading potentially unsafe class : com.chatgenius.model.Reaction
2025-01-09T08:37:05.729-06:00 DEBUG 20036 --- [           main] o.h.boot.model.internal.PropertyBinder   : MetadataSourceProcessor property id with lazy=false
2025-01-09T08:37:05.729-06:00 DEBUG 20036 --- [           main] o.h.b.m.internal.AbstractPropertyHolder  : Attempting to locate auto-apply AttributeConverter for property [com.chatgenius.model.Reaction:id]
2025-01-09T08:37:05.729-06:00 DEBUG 20036 --- [           main] o.h.b.model.internal.BasicValueBinder    : building BasicValue for id
2025-01-09T08:37:05.729-06:00 DEBUG 20036 --- [           main] org.hibernate.mapping.BasicValue         : Skipping column re-registration: reactions.id
2025-01-09T08:37:05.729-06:00 DEBUG 20036 --- [           main] o.h.boot.model.internal.PropertyBinder   : Building property id
2025-01-09T08:37:05.729-06:00 DEBUG 20036 --- [           main] o.h.boot.model.internal.BinderHelper     : #makeIdGenerator(BasicValue([Column(id)]), id, org.hibernate.id.UUIDGenerator, , ...)
2025-01-09T08:37:05.730-06:00 DEBUG 20036 --- [           main] o.h.boot.model.internal.AnnotatedColumn  : Binding column: AnnotatedColumn(column='created_at')
2025-01-09T08:37:05.730-06:00 DEBUG 20036 --- [           main] o.h.boot.model.internal.PropertyBinder   : MetadataSourceProcessor property createdAt with lazy=false
2025-01-09T08:37:05.730-06:00 DEBUG 20036 --- [           main] o.h.b.m.internal.AbstractPropertyHolder  : Attempting to locate auto-apply AttributeConverter for property [com.chatgenius.model.Reaction:createdAt]
2025-01-09T08:37:05.730-06:00 DEBUG 20036 --- [           main] o.h.b.model.internal.BasicValueBinder    : building BasicValue for createdAt
2025-01-09T08:37:05.730-06:00 DEBUG 20036 --- [           main] org.hibernate.mapping.BasicValue         : Skipping column re-registration: reactions.created_at
2025-01-09T08:37:05.730-06:00 DEBUG 20036 --- [           main] o.h.boot.model.internal.PropertyBinder   : Building property createdAt
2025-01-09T08:37:05.730-06:00 DEBUG 20036 --- [           main] o.h.boot.model.internal.AnnotatedColumn  : Binding column: AnnotatedColumn()
2025-01-09T08:37:05.730-06:00 DEBUG 20036 --- [           main] o.h.boot.model.internal.PropertyBinder   : MetadataSourceProcessor property emoji with lazy=false
2025-01-09T08:37:05.730-06:00 DEBUG 20036 --- [           main] o.h.b.m.internal.AbstractPropertyHolder  : Attempting to locate auto-apply AttributeConverter for property [com.chatgenius.model.Reaction:emoji]
2025-01-09T08:37:05.730-06:00 DEBUG 20036 --- [           main] o.h.b.model.internal.BasicValueBinder    : building BasicValue for emoji
2025-01-09T08:37:05.730-06:00 DEBUG 20036 --- [           main] org.hibernate.mapping.BasicValue         : Skipping column re-registration: reactions.emoji
2025-01-09T08:37:05.730-06:00 DEBUG 20036 --- [           main] o.h.boot.model.internal.PropertyBinder   : Building property emoji
2025-01-09T08:37:05.730-06:00 DEBUG 20036 --- [           main] o.h.boot.model.internal.AnnotatedColumn  : Binding column: AnnotatedJoinColumn(column='message_id')
2025-01-09T08:37:05.731-06:00 DEBUG 20036 --- [           main] o.h.boot.model.internal.AnnotatedColumn  : Binding column: AnnotatedColumn()
2025-01-09T08:37:05.731-06:00 DEBUG 20036 --- [           main] o.h.boot.model.internal.PropertyBinder   : Building property message
2025-01-09T08:37:05.731-06:00 DEBUG 20036 --- [           main] o.h.boot.model.internal.AnnotatedColumn  : Binding column: AnnotatedJoinColumn(column='user_id')
2025-01-09T08:37:05.731-06:00 DEBUG 20036 --- [           main] o.h.boot.model.internal.AnnotatedColumn  : Binding column: AnnotatedColumn()
2025-01-09T08:37:05.731-06:00 DEBUG 20036 --- [           main] o.h.boot.model.internal.PropertyBinder   : Building property user
2025-01-09T08:37:05.732-06:00 DEBUG 20036 --- [           main] o.h.b.r.c.i.ClassLoaderServiceImpl       : HHH000194: Package not found or wo package-info.java: com.chatgenius.model
2025-01-09T08:37:05.732-06:00 DEBUG 20036 --- [           main] o.h.boot.model.internal.EntityBinder     : Binding entity from annotated class: com.chatgenius.model.User
2025-01-09T08:37:05.732-06:00 DEBUG 20036 --- [           main] o.h.boot.model.internal.EntityBinder     : Import with entity name User
2025-01-09T08:37:05.732-06:00 DEBUG 20036 --- [           main] o.h.boot.model.internal.EntityBinder     : Bind entity com.chatgenius.model.User on table users
2025-01-09T08:37:05.732-06:00 DEBUG 20036 --- [           main] o.h.boot.model.internal.AnnotatedColumn  : Binding column: AnnotatedDiscriminatorColumn(column='DTYPE')
2025-01-09T08:37:05.732-06:00 DEBUG 20036 --- [           main] o.h.boot.model.internal.AnnotatedColumn  : Binding column: AnnotatedColumn()
2025-01-09T08:37:05.732-06:00 DEBUG 20036 --- [           main] o.h.boot.internal.ClassLoaderAccessImpl  : Not known whether passed class name [com.chatgenius.model.User] is safe
2025-01-09T08:37:05.732-06:00 DEBUG 20036 --- [           main] o.h.boot.internal.ClassLoaderAccessImpl  : No temp ClassLoader provided; using live ClassLoader for loading potentially unsafe class : com.chatgenius.model.User
2025-01-09T08:37:05.732-06:00 DEBUG 20036 --- [           main] o.h.boot.model.internal.PropertyBinder   : MetadataSourceProcessor property id with lazy=false
2025-01-09T08:37:05.732-06:00 DEBUG 20036 --- [           main] o.h.b.m.internal.AbstractPropertyHolder  : Attempting to locate auto-apply AttributeConverter for property [com.chatgenius.model.User:id]
2025-01-09T08:37:05.732-06:00 DEBUG 20036 --- [           main] o.h.b.model.internal.BasicValueBinder    : building BasicValue for id
2025-01-09T08:37:05.732-06:00 DEBUG 20036 --- [           main] org.hibernate.mapping.BasicValue         : Skipping column re-registration: users.id
2025-01-09T08:37:05.732-06:00 DEBUG 20036 --- [           main] o.h.boot.model.internal.PropertyBinder   : Building property id
2025-01-09T08:37:05.732-06:00 DEBUG 20036 --- [           main] o.h.boot.model.internal.BinderHelper     : #makeIdGenerator(BasicValue([Column(id)]), id, org.hibernate.id.UUIDGenerator, , ...)
2025-01-09T08:37:05.733-06:00 DEBUG 20036 --- [           main] o.h.boot.model.internal.AnnotatedColumn  : Binding column: AnnotatedColumn(column='created_at')
2025-01-09T08:37:05.733-06:00 DEBUG 20036 --- [           main] o.h.boot.model.internal.PropertyBinder   : MetadataSourceProcessor property createdAt with lazy=false
2025-01-09T08:37:05.733-06:00 DEBUG 20036 --- [           main] o.h.b.m.internal.AbstractPropertyHolder  : Attempting to locate auto-apply AttributeConverter for property [com.chatgenius.model.User:createdAt]
2025-01-09T08:37:05.733-06:00 DEBUG 20036 --- [           main] o.h.b.model.internal.BasicValueBinder    : building BasicValue for createdAt
2025-01-09T08:37:05.733-06:00 DEBUG 20036 --- [           main] org.hibernate.mapping.BasicValue         : Skipping column re-registration: users.created_at
2025-01-09T08:37:05.733-06:00 DEBUG 20036 --- [           main] o.h.boot.model.internal.PropertyBinder   : Building property createdAt
2025-01-09T08:37:05.733-06:00 DEBUG 20036 --- [           main] o.h.boot.model.internal.AnnotatedColumn  : Binding column: AnnotatedColumn()
2025-01-09T08:37:05.733-06:00 DEBUG 20036 --- [           main] o.h.boot.model.internal.PropertyBinder   : MetadataSourceProcessor property email with lazy=false
2025-01-09T08:37:05.733-06:00 DEBUG 20036 --- [           main] o.h.b.m.internal.AbstractPropertyHolder  : Attempting to locate auto-apply AttributeConverter for property [com.chatgenius.model.User:email]
2025-01-09T08:37:05.733-06:00 DEBUG 20036 --- [           main] o.h.b.model.internal.BasicValueBinder    : building BasicValue for email
2025-01-09T08:37:05.733-06:00 DEBUG 20036 --- [           main] org.hibernate.mapping.BasicValue         : Skipping column re-registration: users.email
2025-01-09T08:37:05.733-06:00 DEBUG 20036 --- [           main] o.h.boot.model.internal.PropertyBinder   : Building property email
2025-01-09T08:37:05.733-06:00 DEBUG 20036 --- [           main] o.h.boot.model.internal.AnnotatedColumn  : Binding column: AnnotatedColumn(column='last_seen_at')
2025-01-09T08:37:05.733-06:00 DEBUG 20036 --- [           main] o.h.boot.model.internal.PropertyBinder   : MetadataSourceProcessor property lastSeenAt with lazy=false
2025-01-09T08:37:05.733-06:00 DEBUG 20036 --- [           main] o.h.b.m.internal.AbstractPropertyHolder  : Attempting to locate auto-apply AttributeConverter for property [com.chatgenius.model.User:lastSeenAt]
2025-01-09T08:37:05.733-06:00 DEBUG 20036 --- [           main] o.h.b.model.internal.BasicValueBinder    : building BasicValue for lastSeenAt
2025-01-09T08:37:05.733-06:00 DEBUG 20036 --- [           main] org.hibernate.mapping.BasicValue         : Skipping column re-registration: users.last_seen_at
2025-01-09T08:37:05.734-06:00 DEBUG 20036 --- [           main] o.h.boot.model.internal.PropertyBinder   : Building property lastSeenAt
2025-01-09T08:37:05.734-06:00 DEBUG 20036 --- [           main] o.h.boot.model.internal.AnnotatedColumn  : Binding column: AnnotatedColumn()
2025-01-09T08:37:05.734-06:00 DEBUG 20036 --- [           main] o.h.boot.model.internal.PropertyBinder   : MetadataSourceProcessor property password with lazy=false
2025-01-09T08:37:05.734-06:00 DEBUG 20036 --- [           main] o.h.b.m.internal.AbstractPropertyHolder  : Attempting to locate auto-apply AttributeConverter for property [com.chatgenius.model.User:password]
2025-01-09T08:37:05.734-06:00 DEBUG 20036 --- [           main] o.h.b.model.internal.BasicValueBinder    : building BasicValue for password
2025-01-09T08:37:05.734-06:00 DEBUG 20036 --- [           main] org.hibernate.mapping.BasicValue         : Skipping column re-registration: users.password
2025-01-09T08:37:05.734-06:00 DEBUG 20036 --- [           main] o.h.boot.model.internal.PropertyBinder   : Building property password
2025-01-09T08:37:05.734-06:00 DEBUG 20036 --- [           main] o.h.boot.model.internal.AnnotatedColumn  : Binding column: AnnotatedColumn()
2025-01-09T08:37:05.734-06:00 DEBUG 20036 --- [           main] o.h.boot.model.internal.PropertyBinder   : MetadataSourceProcessor property status with lazy=false
2025-01-09T08:37:05.734-06:00 DEBUG 20036 --- [           main] o.h.b.m.internal.AbstractPropertyHolder  : Attempting to locate auto-apply AttributeConverter for property [com.chatgenius.model.User:status]
2025-01-09T08:37:05.734-06:00 DEBUG 20036 --- [           main] o.h.b.model.internal.BasicValueBinder    : building BasicValue for status
2025-01-09T08:37:05.734-06:00 DEBUG 20036 --- [           main] org.hibernate.mapping.BasicValue         : Skipping column re-registration: users.status
2025-01-09T08:37:05.734-06:00 DEBUG 20036 --- [           main] o.h.boot.model.internal.PropertyBinder   : Building property status
2025-01-09T08:37:05.735-06:00 DEBUG 20036 --- [           main] o.h.boot.model.internal.AnnotatedColumn  : Binding column: AnnotatedColumn()
2025-01-09T08:37:05.735-06:00 DEBUG 20036 --- [           main] o.h.boot.model.internal.PropertyBinder   : MetadataSourceProcessor property username with lazy=false
2025-01-09T08:37:05.735-06:00 DEBUG 20036 --- [           main] o.h.b.m.internal.AbstractPropertyHolder  : Attempting to locate auto-apply AttributeConverter for property [com.chatgenius.model.User:username]
2025-01-09T08:37:05.735-06:00 DEBUG 20036 --- [           main] o.h.b.model.internal.BasicValueBinder    : building BasicValue for username
2025-01-09T08:37:05.735-06:00 DEBUG 20036 --- [           main] org.hibernate.mapping.BasicValue         : Skipping column re-registration: users.username
2025-01-09T08:37:05.735-06:00 DEBUG 20036 --- [           main] o.h.boot.model.internal.PropertyBinder   : Building property username
2025-01-09T08:37:05.736-06:00 DEBUG 20036 --- [           main] o.h.b.r.c.i.ClassLoaderServiceImpl       : HHH000194: Package not found or wo package-info.java: com.chatgenius.model
2025-01-09T08:37:05.736-06:00 DEBUG 20036 --- [           main] o.h.b.model.internal.BasicValueBinder    : Starting `BasicValueBinder#fillSimpleValue` for id
2025-01-09T08:37:05.736-06:00 DEBUG 20036 --- [           main] o.h.b.model.internal.BasicValueBinder    : Starting `BasicValueBinder#fillSimpleValue` for createdAt
2025-01-09T08:37:05.736-06:00 DEBUG 20036 --- [           main] o.h.b.model.internal.BasicValueBinder    : Starting `BasicValueBinder#fillSimpleValue` for fileName
2025-01-09T08:37:05.736-06:00 DEBUG 20036 --- [           main] o.h.b.model.internal.BasicValueBinder    : Starting `BasicValueBinder#fillSimpleValue` for fileSize
2025-01-09T08:37:05.736-06:00 DEBUG 20036 --- [           main] o.h.b.model.internal.BasicValueBinder    : Starting `BasicValueBinder#fillSimpleValue` for fileType
2025-01-09T08:37:05.736-06:00 DEBUG 20036 --- [           main] o.h.b.model.internal.BasicValueBinder    : Starting `BasicValueBinder#fillSimpleValue` for fileUrl
2025-01-09T08:37:05.736-06:00 DEBUG 20036 --- [           main] o.h.b.model.internal.BasicValueBinder    : Starting `BasicValueBinder#fillSimpleValue` for id
2025-01-09T08:37:05.736-06:00 DEBUG 20036 --- [           main] o.h.b.model.internal.BasicValueBinder    : Starting `BasicValueBinder#fillSimpleValue` for createdAt
2025-01-09T08:37:05.736-06:00 DEBUG 20036 --- [           main] o.h.b.model.internal.BasicValueBinder    : Starting `BasicValueBinder#fillSimpleValue` for name
2025-01-09T08:37:05.736-06:00 DEBUG 20036 --- [           main] o.h.b.model.internal.BasicValueBinder    : Starting `BasicValueBinder#fillSimpleValue` for type
2025-01-09T08:37:05.736-06:00 DEBUG 20036 --- [           main] o.h.b.model.internal.BasicValueBinder    : Starting `BasicValueBinder#fillSimpleValue` for id
2025-01-09T08:37:05.736-06:00 DEBUG 20036 --- [           main] o.h.b.model.internal.BasicValueBinder    : Starting `BasicValueBinder#fillSimpleValue` for content
2025-01-09T08:37:05.736-06:00 DEBUG 20036 --- [           main] o.h.b.model.internal.BasicValueBinder    : Starting `BasicValueBinder#fillSimpleValue` for createdAt
2025-01-09T08:37:05.736-06:00 DEBUG 20036 --- [           main] o.h.b.model.internal.BasicValueBinder    : Starting `BasicValueBinder#fillSimpleValue` for type
2025-01-09T08:37:05.736-06:00 DEBUG 20036 --- [           main] o.h.b.model.internal.BasicValueBinder    : Starting `BasicValueBinder#fillSimpleValue` for updatedAt
2025-01-09T08:37:05.736-06:00 DEBUG 20036 --- [           main] o.h.b.model.internal.BasicValueBinder    : Starting `BasicValueBinder#fillSimpleValue` for id
2025-01-09T08:37:05.736-06:00 DEBUG 20036 --- [           main] o.h.b.model.internal.BasicValueBinder    : Starting `BasicValueBinder#fillSimpleValue` for createdAt
2025-01-09T08:37:05.736-06:00 DEBUG 20036 --- [           main] o.h.b.model.internal.BasicValueBinder    : Starting `BasicValueBinder#fillSimpleValue` for emoji
2025-01-09T08:37:05.736-06:00 DEBUG 20036 --- [           main] o.h.b.model.internal.BasicValueBinder    : Starting `BasicValueBinder#fillSimpleValue` for id
2025-01-09T08:37:05.736-06:00 DEBUG 20036 --- [           main] o.h.b.model.internal.BasicValueBinder    : Starting `BasicValueBinder#fillSimpleValue` for createdAt
2025-01-09T08:37:05.736-06:00 DEBUG 20036 --- [           main] o.h.b.model.internal.BasicValueBinder    : Starting `BasicValueBinder#fillSimpleValue` for email
2025-01-09T08:37:05.736-06:00 DEBUG 20036 --- [           main] o.h.b.model.internal.BasicValueBinder    : Starting `BasicValueBinder#fillSimpleValue` for lastSeenAt
2025-01-09T08:37:05.736-06:00 DEBUG 20036 --- [           main] o.h.b.model.internal.BasicValueBinder    : Starting `BasicValueBinder#fillSimpleValue` for password
2025-01-09T08:37:05.736-06:00 DEBUG 20036 --- [           main] o.h.b.model.internal.BasicValueBinder    : Starting `BasicValueBinder#fillSimpleValue` for status
2025-01-09T08:37:05.736-06:00 DEBUG 20036 --- [           main] o.h.b.model.internal.BasicValueBinder    : Starting `BasicValueBinder#fillSimpleValue` for username
2025-01-09T08:37:05.736-06:00 DEBUG 20036 --- [           main] org.hibernate.mapping.PrimaryKey         : Forcing column [id] to be non-null as it is part of the primary key for table [attachments]
2025-01-09T08:37:05.736-06:00 DEBUG 20036 --- [           main] org.hibernate.mapping.PrimaryKey         : Forcing column [id] to be non-null as it is part of the primary key for table [channels]
2025-01-09T08:37:05.736-06:00 DEBUG 20036 --- [           main] org.hibernate.mapping.PrimaryKey         : Forcing column [id] to be non-null as it is part of the primary key for table [messages]
2025-01-09T08:37:05.736-06:00 DEBUG 20036 --- [           main] org.hibernate.mapping.PrimaryKey         : Forcing column [id] to be non-null as it is part of the primary key for table [reactions]
2025-01-09T08:37:05.736-06:00 DEBUG 20036 --- [           main] org.hibernate.mapping.PrimaryKey         : Forcing column [id] to be non-null as it is part of the primary key for table [users]
2025-01-09T08:37:05.736-06:00 DEBUG 20036 --- [           main] o.h.b.m.internal.CollectionSecondPass    : Second pass for collection: com.chatgenius.model.Channel.members
2025-01-09T08:37:05.736-06:00 DEBUG 20036 --- [           main] o.h.b.model.internal.CollectionBinder    : Binding a ManyToMany: com.chatgenius.model.Channel.members
2025-01-09T08:37:05.737-06:00 DEBUG 20036 --- [           main] o.h.b.r.c.i.ClassLoaderServiceImpl       : HHH000194: Package not found or wo package-info.java: com.chatgenius.model
2025-01-09T08:37:05.737-06:00 DEBUG 20036 --- [           main] org.hibernate.mapping.PrimaryKey         : Forcing column [channel_id] to be non-null as it is part of the primary key for table [channel_members]
2025-01-09T08:37:05.737-06:00 DEBUG 20036 --- [           main] org.hibernate.mapping.PrimaryKey         : Forcing column [user_id] to be non-null as it is part of the primary key for table [channel_members]
2025-01-09T08:37:05.737-06:00 DEBUG 20036 --- [           main] o.h.b.m.internal.CollectionSecondPass    : Mapped collection key: channel_id, element: user_id
2025-01-09T08:37:05.737-06:00 DEBUG 20036 --- [           main] o.h.b.m.internal.CollectionSecondPass    : Second pass for collection: com.chatgenius.model.Message.attachments
2025-01-09T08:37:05.737-06:00 DEBUG 20036 --- [           main] o.h.b.model.internal.CollectionBinder    : Binding a OneToMany: com.chatgenius.model.Message.attachments through a foreign key
2025-01-09T08:37:05.737-06:00 DEBUG 20036 --- [           main] o.h.b.model.internal.CollectionBinder    : Mapping collection: com.chatgenius.model.Message.attachments -> attachments
2025-01-09T08:37:05.737-06:00 DEBUG 20036 --- [           main] o.h.boot.model.internal.TableBinder      : Retrieving property com.chatgenius.model.Attachment.message
2025-01-09T08:37:05.737-06:00 DEBUG 20036 --- [           main] o.h.b.m.internal.CollectionSecondPass    : Mapped collection key: message_id, one-to-many: com.chatgenius.model.Attachment
2025-01-09T08:37:05.737-06:00 DEBUG 20036 --- [           main] o.h.b.m.internal.CollectionSecondPass    : Second pass for collection: com.chatgenius.model.Message.reactions
2025-01-09T08:37:05.737-06:00 DEBUG 20036 --- [           main] o.h.b.model.internal.CollectionBinder    : Binding a OneToMany: com.chatgenius.model.Message.reactions through a foreign key
2025-01-09T08:37:05.737-06:00 DEBUG 20036 --- [           main] o.h.b.model.internal.CollectionBinder    : Mapping collection: com.chatgenius.model.Message.reactions -> reactions
2025-01-09T08:37:05.737-06:00 DEBUG 20036 --- [           main] o.h.boot.model.internal.TableBinder      : Retrieving property com.chatgenius.model.Reaction.message
2025-01-09T08:37:05.737-06:00 DEBUG 20036 --- [           main] o.h.b.m.internal.CollectionSecondPass    : Mapped collection key: message_id, one-to-many: com.chatgenius.model.Reaction
2025-01-09T08:37:05.737-06:00 DEBUG 20036 --- [           main] o.h.b.m.internal.CollectionSecondPass    : Second pass for collection: com.chatgenius.model.Message.replies
2025-01-09T08:37:05.737-06:00 DEBUG 20036 --- [           main] o.h.b.model.internal.CollectionBinder    : Binding a OneToMany: com.chatgenius.model.Message.replies through a foreign key
2025-01-09T08:37:05.738-06:00 DEBUG 20036 --- [           main] o.h.b.model.internal.CollectionBinder    : Mapping collection: com.chatgenius.model.Message.replies -> messages
2025-01-09T08:37:05.738-06:00 DEBUG 20036 --- [           main] o.h.boot.model.internal.TableBinder      : Retrieving property com.chatgenius.model.Message.thread
2025-01-09T08:37:05.738-06:00 DEBUG 20036 --- [           main] o.h.b.m.internal.CollectionSecondPass    : Mapped collection key: thread_id, one-to-many: com.chatgenius.model.Message
2025-01-09T08:37:05.738-06:00 DEBUG 20036 --- [           main] o.h.b.i.InFlightMetadataCollectorImpl    : Resolving reference to class: com.chatgenius.model.Message
2025-01-09T08:37:05.738-06:00 DEBUG 20036 --- [           main] o.h.b.i.InFlightMetadataCollectorImpl    : Resolving reference to class: com.chatgenius.model.User
2025-01-09T08:37:05.738-06:00 DEBUG 20036 --- [           main] o.h.b.i.InFlightMetadataCollectorImpl    : Resolving reference to class: com.chatgenius.model.Channel
2025-01-09T08:37:05.738-06:00 DEBUG 20036 --- [           main] o.h.b.i.InFlightMetadataCollectorImpl    : Resolving reference to class: com.chatgenius.model.Channel
2025-01-09T08:37:05.738-06:00 DEBUG 20036 --- [           main] o.h.b.i.InFlightMetadataCollectorImpl    : Resolving reference to class: com.chatgenius.model.Message
2025-01-09T08:37:05.738-06:00 DEBUG 20036 --- [           main] o.h.b.i.InFlightMetadataCollectorImpl    : Resolving reference to class: com.chatgenius.model.User
2025-01-09T08:37:05.738-06:00 DEBUG 20036 --- [           main] o.h.b.i.InFlightMetadataCollectorImpl    : Resolving reference to class: com.chatgenius.model.Message
2025-01-09T08:37:05.738-06:00 DEBUG 20036 --- [           main] o.h.b.i.InFlightMetadataCollectorImpl    : Resolving reference to class: com.chatgenius.model.User
2025-01-09T08:37:05.739-06:00 DEBUG 20036 --- [           main] o.h.b.i.InFlightMetadataCollectorImpl    : Resolving reference to class: com.chatgenius.model.Message
2025-01-09T08:37:05.739-06:00 DEBUG 20036 --- [           main] o.h.b.i.InFlightMetadataCollectorImpl    : Resolving reference to class: com.chatgenius.model.User
2025-01-09T08:37:05.739-06:00 DEBUG 20036 --- [           main] o.h.b.i.InFlightMetadataCollectorImpl    : Resolving reference to class: com.chatgenius.model.Channel
2025-01-09T08:37:05.739-06:00 DEBUG 20036 --- [           main] o.h.b.i.InFlightMetadataCollectorImpl    : Resolving reference to class: com.chatgenius.model.Channel
2025-01-09T08:37:05.739-06:00 DEBUG 20036 --- [           main] o.h.b.i.InFlightMetadataCollectorImpl    : Resolving reference to class: com.chatgenius.model.Message
2025-01-09T08:37:05.739-06:00 DEBUG 20036 --- [           main] o.h.b.i.InFlightMetadataCollectorImpl    : Resolving reference to class: com.chatgenius.model.User
2025-01-09T08:37:05.739-06:00 DEBUG 20036 --- [           main] o.h.b.i.InFlightMetadataCollectorImpl    : Resolving reference to class: com.chatgenius.model.Message
2025-01-09T08:37:05.739-06:00 DEBUG 20036 --- [           main] o.h.b.i.InFlightMetadataCollectorImpl    : Resolving reference to class: com.chatgenius.model.User
2025-01-09T08:37:05.740-06:00 DEBUG 20036 --- [           main] o.h.b.i.BytecodeProviderInitiator        : HHH000021: Bytecode provider: bytebuddy
2025-01-09T08:37:05.740-06:00 DEBUG 20036 --- [           main] o.hibernate.internal.SessionFactoryImpl  : Building session factory
2025-01-09T08:37:05.740-06:00 DEBUG 20036 --- [           main] .h.s.i.SessionFactoryServiceRegistryImpl : EventListenerRegistry access via ServiceRegistry is deprecated.  Use `sessionFactory.getEventEngine().getListenerRegistry()` instead
2025-01-09T08:37:05.740-06:00 DEBUG 20036 --- [           main] o.hibernate.internal.SessionFactoryImpl  : Instantiating SessionFactory with settings: {hibernate.format_sql=true, java.specification.version=21, sun.cpu.isalist=amd64, hibernate.resource.beans.container=org.springframework.orm.hibernate5.SpringBeanContainer@54dfde5b, hibernate.connection.handling_mode=DELAYED_ACQUISITION_AND_HOLD, sun.jnu.encoding=Cp1252, hibernate.dialect=org.hibernate.dialect.H2Dialect, hibernate.implicit_naming_strategy=org.springframework.boot.orm.jpa.hibernate.SpringImplicitNamingStrategy, java.class.path=J:\chatgeniusv2-backend\target\test-classes;J:\chatgeniusv2-backend\target\classes;J:\.m2\repository\org\springframework\boot\spring-boot-starter-web\3.2.1\spring-boot-starter-web-3.2.1.jar;J:\.m2\repository\org\springframework\boot\spring-boot-starter\3.2.1\spring-boot-starter-3.2.1.jar;J:\.m2\repository\org\springframework\boot\spring-boot\3.2.1\spring-boot-3.2.1.jar;J:\.m2\repository\org\springframework\boot\spring-boot-autoconfigure\3.2.1\spring-boot-autoconfigure-3.2.1.jar;J:\.m2\repository\org\springframework\boot\spring-boot-starter-logging\3.2.1\spring-boot-starter-logging-3.2.1.jar;J:\.m2\repository\ch\qos\logback\logback-classic\1.4.14\logback-classic-1.4.14.jar;J:\.m2\repository\ch\qos\logback\logback-core\1.4.14\logback-core-1.4.14.jar;J:\.m2\repository\org\apache\logging\log4j\log4j-to-slf4j\2.21.1\log4j-to-slf4j-2.21.1.jar;J:\.m2\repository\org\apache\logging\log4j\log4j-api\2.21.1\log4j-api-2.21.1.jar;J:\.m2\repository\org\slf4j\jul-to-slf4j\2.0.9\jul-to-slf4j-2.0.9.jar;J:\.m2\repository\jakarta\annotation\jakarta.annotation-api\2.1.1\jakarta.annotation-api-2.1.1.jar;J:\.m2\repository\org\yaml\snakeyaml\2.2\snakeyaml-2.2.jar;J:\.m2\repository\org\springframework\boot\spring-boot-starter-json\3.2.1\spring-boot-starter-json-3.2.1.jar;J:\.m2\repository\com\fasterxml\jackson\datatype\jackson-datatype-jdk8\2.15.3\jackson-datatype-jdk8-2.15.3.jar;J:\.m2\repository\com\fasterxml\jackson\datatype\jackson-datatype-jsr310\2.15.3\jackson-datatype-jsr310-2.15.3.jar;J:\.m2\repository\com\fasterxml\jackson\module\jackson-module-parameter-names\2.15.3\jackson-module-parameter-names-2.15.3.jar;J:\.m2\repository\org\springframework\boot\spring-boot-starter-tomcat\3.2.1\spring-boot-starter-tomcat-3.2.1.jar;J:\.m2\repository\org\apache\tomcat\embed\tomcat-embed-core\10.1.17\tomcat-embed-core-10.1.17.jar;J:\.m2\repository\org\apache\tomcat\embed\tomcat-embed-websocket\10.1.17\tomcat-embed-websocket-10.1.17.jar;J:\.m2\repository\org\springframework\spring-web\6.1.2\spring-web-6.1.2.jar;J:\.m2\repository\org\springframework\spring-beans\6.1.2\spring-beans-6.1.2.jar;J:\.m2\repository\io\micrometer\micrometer-observation\1.12.1\micrometer-observation-1.12.1.jar;J:\.m2\repository\io\micrometer\micrometer-commons\1.12.1\micrometer-commons-1.12.1.jar;J:\.m2\repository\org\springframework\spring-webmvc\6.1.2\spring-webmvc-6.1.2.jar;J:\.m2\repository\org\springframework\spring-context\6.1.2\spring-context-6.1.2.jar;J:\.m2\repository\org\springframework\spring-expression\6.1.2\spring-expression-6.1.2.jar;J:\.m2\repository\org\springframework\boot\spring-boot-starter-data-jpa\3.2.1\spring-boot-starter-data-jpa-3.2.1.jar;J:\.m2\repository\org\springframework\boot\spring-boot-starter-aop\3.2.1\spring-boot-starter-aop-3.2.1.jar;J:\.m2\repository\org\aspectj\aspectjweaver\1.9.21\aspectjweaver-1.9.21.jar;J:\.m2\repository\org\springframework\boot\spring-boot-starter-jdbc\3.2.1\spring-boot-starter-jdbc-3.2.1.jar;J:\.m2\repository\com\zaxxer\HikariCP\5.0.1\HikariCP-5.0.1.jar;J:\.m2\repository\org\springframework\spring-jdbc\6.1.2\spring-jdbc-6.1.2.jar;J:\.m2\repository\org\hibernate\orm\hibernate-core\6.4.1.Final\hibernate-core-6.4.1.Final.jar;J:\.m2\repository\jakarta\persistence\jakarta.persistence-api\3.1.0\jakarta.persistence-api-3.1.0.jar;J:\.m2\repository\jakarta\transaction\jakarta.transaction-api\2.0.1\jakarta.transaction-api-2.0.1.jar;J:\.m2\repository\org\jboss\logging\jboss-logging\3.5.3.Final\jboss-logging-3.5.3.Final.jar;J:\.m2\repository\org\hibernate\common\hibernate-commons-annotations\6.0.6.Final\hibernate-commons-annotations-6.0.6.Final.jar;J:\.m2\repository\io\smallrye\jandex\3.1.2\jandex-3.1.2.jar;J:\.m2\repository\com\fasterxml\classmate\1.6.0\classmate-1.6.0.jar;J:\.m2\repository\net\bytebuddy\byte-buddy\1.14.10\byte-buddy-1.14.10.jar;J:\.m2\repository\org\glassfish\jaxb\jaxb-runtime\4.0.4\jaxb-runtime-4.0.4.jar;J:\.m2\repository\org\glassfish\jaxb\jaxb-core\4.0.4\jaxb-core-4.0.4.jar;J:\.m2\repository\org\eclipse\angus\angus-activation\2.0.1\angus-activation-2.0.1.jar;J:\.m2\repository\org\glassfish\jaxb\txw2\4.0.4\txw2-4.0.4.jar;J:\.m2\repository\com\sun\istack\istack-commons-runtime\4.1.2\istack-commons-runtime-4.1.2.jar;J:\.m2\repository\jakarta\inject\jakarta.inject-api\2.0.1\jakarta.inject-api-2.0.1.jar;J:\.m2\repository\org\antlr\antlr4-runtime\4.13.0\antlr4-runtime-4.13.0.jar;J:\.m2\repository\org\springframework\data\spring-data-jpa\3.2.1\spring-data-jpa-3.2.1.jar;J:\.m2\repository\org\springframework\data\spring-data-commons\3.2.1\spring-data-commons-3.2.1.jar;J:\.m2\repository\org\springframework\spring-orm\6.1.2\spring-orm-6.1.2.jar;J:\.m2\repository\org\springframework\spring-tx\6.1.2\spring-tx-6.1.2.jar;J:\.m2\repository\org\slf4j\slf4j-api\2.0.9\slf4j-api-2.0.9.jar;J:\.m2\repository\org\springframework\spring-aspects\6.1.2\spring-aspects-6.1.2.jar;J:\.m2\repository\org\springframework\boot\spring-boot-starter-security\3.2.1\spring-boot-starter-security-3.2.1.jar;J:\.m2\repository\org\springframework\spring-aop\6.1.2\spring-aop-6.1.2.jar;J:\.m2\repository\org\springframework\security\spring-security-config\6.2.1\spring-security-config-6.2.1.jar;J:\.m2\repository\org\springframework\security\spring-security-web\6.2.1\spring-security-web-6.2.1.jar;J:\.m2\repository\org\springframework\boot\spring-boot-starter-validation\3.2.1\spring-boot-starter-validation-3.2.1.jar;J:\.m2\repository\org\apache\tomcat\embed\tomcat-embed-el\10.1.17\tomcat-embed-el-10.1.17.jar;J:\.m2\repository\org\hibernate\validator\hibernate-validator\8.0.1.Final\hibernate-validator-8.0.1.Final.jar;J:\.m2\repository\jakarta\validation\jakarta.validation-api\3.0.2\jakarta.validation-api-3.0.2.jar;J:\.m2\repository\org\springframework\boot\spring-boot-starter-websocket\3.2.1\spring-boot-starter-websocket-3.2.1.jar;J:\.m2\repository\org\springframework\spring-messaging\6.1.2\spring-messaging-6.1.2.jar;J:\.m2\repository\org\springframework\spring-websocket\6.1.2\spring-websocket-6.1.2.jar;J:\.m2\repository\org\springframework\boot\spring-boot-starter-data-redis\3.2.1\spring-boot-starter-data-redis-3.2.1.jar;J:\.m2\repository\io\lettuce\lettuce-core\6.3.0.RELEASE\lettuce-core-6.3.0.RELEASE.jar;J:\.m2\repository\io\netty\netty-common\4.1.104.Final\netty-common-4.1.104.Final.jar;J:\.m2\repository\io\netty\netty-handler\4.1.104.Final\netty-handler-4.1.104.Final.jar;J:\.m2\repository\io\netty\netty-transport-native-unix-common\4.1.104.Final\netty-transport-native-unix-common-4.1.104.Final.jar;J:\.m2\repository\io\netty\netty-transport\4.1.104.Final\netty-transport-4.1.104.Final.jar;J:\.m2\repository\io\projectreactor\reactor-core\3.6.1\reactor-core-3.6.1.jar;J:\.m2\repository\org\springframework\data\spring-data-redis\3.2.1\spring-data-redis-3.2.1.jar;J:\.m2\repository\org\springframework\data\spring-data-keyvalue\3.2.1\spring-data-keyvalue-3.2.1.jar;J:\.m2\repository\org\springframework\spring-oxm\6.1.2\spring-oxm-6.1.2.jar;J:\.m2\repository\org\springframework\spring-context-support\6.1.2\spring-context-support-6.1.2.jar;J:\.m2\repository\org\postgresql\postgresql\42.6.0\postgresql-42.6.0.jar;J:\.m2\repository\org\checkerframework\checker-qual\3.31.0\checker-qual-3.31.0.jar;J:\.m2\repository\software\amazon\awssdk\s3\2.21.1\s3-2.21.1.jar;J:\.m2\repository\software\amazon\awssdk\aws-xml-protocol\2.21.1\aws-xml-protocol-2.21.1.jar;J:\.m2\repository\software\amazon\awssdk\protocol-core\2.21.1\protocol-core-2.21.1.jar;J:\.m2\repository\software\amazon\awssdk\arns\2.21.1\arns-2.21.1.jar;J:\.m2\repository\software\amazon\awssdk\profiles\2.21.1\profiles-2.21.1.jar;J:\.m2\repository\software\amazon\awssdk\crt-core\2.21.1\crt-core-2.21.1.jar;J:\.m2\repository\software\amazon\awssdk\http-auth\2.21.1\http-auth-2.21.1.jar;J:\.m2\repository\software\amazon\awssdk\http-auth-aws\2.21.1\http-auth-aws-2.21.1.jar;J:\.m2\repository\software\amazon\awssdk\checksums-spi\2.21.1\checksums-spi-2.21.1.jar;J:\.m2\repository\software\amazon\awssdk\checksums\2.21.1\checksums-2.21.1.jar;J:\.m2\repository\software\amazon\awssdk\sdk-core\2.21.1\sdk-core-2.21.1.jar;J:\.m2\repository\org\reactivestreams\reactive-streams\1.0.4\reactive-streams-1.0.4.jar;J:\.m2\repository\software\amazon\awssdk\auth\2.21.1\auth-2.21.1.jar;J:\.m2\repository\software\amazon\eventstream\eventstream\1.0.1\eventstream-1.0.1.jar;J:\.m2\repository\software\amazon\awssdk\http-auth-spi\2.21.1\http-auth-spi-2.21.1.jar;J:\.m2\repository\software\amazon\awssdk\identity-spi\2.21.1\identity-spi-2.21.1.jar;J:\.m2\repository\software\amazon\awssdk\http-client-spi\2.21.1\http-client-spi-2.21.1.jar;J:\.m2\repository\software\amazon\awssdk\regions\2.21.1\regions-2.21.1.jar;J:\.m2\repository\software\amazon\awssdk\annotations\2.21.1\annotations-2.21.1.jar;J:\.m2\repository\software\amazon\awssdk\utils\2.21.1\utils-2.21.1.jar;J:\.m2\repository\software\amazon\awssdk\aws-core\2.21.1\aws-core-2.21.1.jar;J:\.m2\repository\software\amazon\awssdk\metrics-spi\2.21.1\metrics-spi-2.21.1.jar;J:\.m2\repository\software\amazon\awssdk\json-utils\2.21.1\json-utils-2.21.1.jar;J:\.m2\repository\software\amazon\awssdk\third-party-jackson-core\2.21.1\third-party-jackson-core-2.21.1.jar;J:\.m2\repository\software\amazon\awssdk\endpoints-spi\2.21.1\endpoints-spi-2.21.1.jar;J:\.m2\repository\software\amazon\awssdk\apache-client\2.21.1\apache-client-2.21.1.jar;J:\.m2\repository\org\apache\httpcomponents\httpclient\4.5.13\httpclient-4.5.13.jar;J:\.m2\repository\commons-logging\commons-logging\1.2\commons-logging-1.2.jar;J:\.m2\repository\org\apache\httpcomponents\httpcore\4.4.16\httpcore-4.4.16.jar;J:\.m2\repository\commons-codec\commons-codec\1.16.0\commons-codec-1.16.0.jar;J:\.m2\repository\software\amazon\awssdk\netty-nio-client\2.21.1\netty-nio-client-2.21.1.jar;J:\.m2\repository\io\netty\netty-codec-http\4.1.104.Final\netty-codec-http-4.1.104.Final.jar;J:\.m2\repository\io\netty\netty-codec-http2\4.1.104.Final\netty-codec-http2-4.1.104.Final.jar;J:\.m2\repository\io\netty\netty-codec\4.1.104.Final\netty-codec-4.1.104.Final.jar;J:\.m2\repository\io\netty\netty-buffer\4.1.104.Final\netty-buffer-4.1.104.Final.jar;J:\.m2\repository\io\netty\netty-transport-classes-epoll\4.1.104.Final\netty-transport-classes-epoll-4.1.104.Final.jar;J:\.m2\repository\io\netty\netty-resolver\4.1.104.Final\netty-resolver-4.1.104.Final.jar;J:\.m2\repository\software\amazon\awssdk\rds\2.21.1\rds-2.21.1.jar;J:\.m2\repository\software\amazon\awssdk\aws-query-protocol\2.21.1\aws-query-protocol-2.21.1.jar;J:\.m2\repository\io\jsonwebtoken\jjwt-api\0.11.5\jjwt-api-0.11.5.jar;J:\.m2\repository\io\jsonwebtoken\jjwt-impl\0.11.5\jjwt-impl-0.11.5.jar;J:\.m2\repository\io\jsonwebtoken\jjwt-jackson\0.11.5\jjwt-jackson-0.11.5.jar;J:\.m2\repository\com\fasterxml\jackson\core\jackson-databind\2.15.3\jackson-databind-2.15.3.jar;J:\.m2\repository\com\fasterxml\jackson\core\jackson-annotations\2.15.3\jackson-annotations-2.15.3.jar;J:\.m2\repository\com\fasterxml\jackson\core\jackson-core\2.15.3\jackson-core-2.15.3.jar;J:\.m2\repository\org\projectlombok\lombok\1.18.30\lombok-1.18.30.jar;J:\.m2\repository\org\springframework\boot\spring-boot-starter-test\3.2.1\spring-boot-starter-test-3.2.1.jar;J:\.m2\repository\org\springframework\boot\spring-boot-test\3.2.1\spring-boot-test-3.2.1.jar;J:\.m2\repository\org\springframework\boot\spring-boot-test-autoconfigure\3.2.1\spring-boot-test-autoconfigure-3.2.1.jar;J:\.m2\repository\com\jayway\jsonpath\json-path\2.8.0\json-path-2.8.0.jar;J:\.m2\repository\jakarta\xml\bind\jakarta.xml.bind-api\4.0.1\jakarta.xml.bind-api-4.0.1.jar;J:\.m2\repository\jakarta\activation\jakarta.activation-api\2.1.2\jakarta.activation-api-2.1.2.jar;J:\.m2\repository\net\minidev\json-smart\2.5.0\json-smart-2.5.0.jar;J:\.m2\repository\net\minidev\accessors-smart\2.5.0\accessors-smart-2.5.0.jar;J:\.m2\repository\org\ow2\asm\asm\9.3\asm-9.3.jar;J:\.m2\repository\org\assertj\assertj-core\3.24.2\assertj-core-3.24.2.jar;J:\.m2\repository\org\awaitility\awaitility\4.2.0\awaitility-4.2.0.jar;J:\.m2\repository\org\hamcrest\hamcrest\2.2\hamcrest-2.2.jar;J:\.m2\repository\org\junit\jupiter\junit-jupiter\5.10.1\junit-jupiter-5.10.1.jar;J:\.m2\repository\org\junit\jupiter\junit-jupiter-api\5.10.1\junit-jupiter-api-5.10.1.jar;J:\.m2\repository\org\junit\jupiter\junit-jupiter-params\5.10.1\junit-jupiter-params-5.10.1.jar;J:\.m2\repository\org\junit\jupiter\junit-jupiter-engine\5.10.1\junit-jupiter-engine-5.10.1.jar;J:\.m2\repository\org\mockito\mockito-core\5.7.0\mockito-core-5.7.0.jar;J:\.m2\repository\net\bytebuddy\byte-buddy-agent\1.14.10\byte-buddy-agent-1.14.10.jar;J:\.m2\repository\org\objenesis\objenesis\3.3\objenesis-3.3.jar;J:\.m2\repository\org\mockito\mockito-junit-jupiter\5.7.0\mockito-junit-jupiter-5.7.0.jar;J:\.m2\repository\org\skyscreamer\jsonassert\1.5.1\jsonassert-1.5.1.jar;J:\.m2\repository\com\vaadin\external\google\android-json\0.0.20131108.vaadin1\android-json-0.0.20131108.vaadin1.jar;J:\.m2\repository\org\springframework\spring-core\6.1.2\spring-core-6.1.2.jar;J:\.m2\repository\org\springframework\spring-jcl\6.1.2\spring-jcl-6.1.2.jar;J:\.m2\repository\org\springframework\spring-test\6.1.2\spring-test-6.1.2.jar;J:\.m2\repository\org\xmlunit\xmlunit-core\2.9.1\xmlunit-core-2.9.1.jar;J:\.m2\repository\org\springframework\security\spring-security-test\6.2.1\spring-security-test-6.2.1.jar;J:\.m2\repository\org\springframework\security\spring-security-core\6.2.1\spring-security-core-6.2.1.jar;J:\.m2\repository\org\springframework\security\spring-security-crypto\6.2.1\spring-security-crypto-6.2.1.jar;J:\.m2\repository\com\h2database\h2\2.2.224\h2-2.2.224.jar;J:\.m2\repository\org\junit\platform\junit-platform-suite\1.10.1\junit-platform-suite-1.10.1.jar;J:\.m2\repository\org\junit\platform\junit-platform-suite-api\1.10.1\junit-platform-suite-api-1.10.1.jar;J:\.m2\repository\org\junit\platform\junit-platform-commons\1.10.1\junit-platform-commons-1.10.1.jar;J:\.m2\repository\org\apiguardian\apiguardian-api\1.1.2\apiguardian-api-1.1.2.jar;J:\.m2\repository\org\junit\platform\junit-platform-suite-engine\1.10.1\junit-platform-suite-engine-1.10.1.jar;J:\.m2\repository\org\junit\platform\junit-platform-engine\1.10.1\junit-platform-engine-1.10.1.jar;J:\.m2\repository\org\opentest4j\opentest4j\1.3.0\opentest4j-1.3.0.jar;J:\.m2\repository\org\junit\platform\junit-platform-suite-commons\1.10.1\junit-platform-suite-commons-1.10.1.jar;J:\.m2\repository\org\junit\platform\junit-platform-launcher\1.10.1\junit-platform-launcher-1.10.1.jar;, java.vm.vendor=Oracle Corporation, sun.arch.data.model=64, user.variant=, java.vendor.url=https://java.oracle.com/, user.timezone=America/Chicago, jakarta.persistence.sharedCache.mode=UNSPECIFIED, org.jboss.logging.provider=slf4j, java.vm.specification.version=21, os.name=Windows 11, jakarta.persistence.nonJtaDataSource=HikariDataSource (HikariPool-5), sun.java.launcher=SUN_STANDARD, user.country=US, sun.boot.library.path=C:\Program Files\Java\jdk-21\bin, sun.java.command=C:\Users\greed\AppData\Local\Temp\surefire5368658469229602622\surefirebooter-20250109083655439_3.jar C:\Users\greed\AppData\Local\Temp\surefire5368658469229602622 2025-01-09T08-36-55_309-jvmRun1 surefire-20250109083655439_1tmp surefire_0-20250109083655439_2tmp, javax.persistence.nonJtaDataSource=HikariDataSource (HikariPool-5), hibernate.transaction.jta.platform=org.hibernate.engine.transaction.jta.platform.internal.NoJtaPlatform@4e9e4145, jdk.debug=release, surefire.test.class.path=J:\chatgeniusv2-backend\target\test-classes;J:\chatgeniusv2-backend\target\classes;J:\.m2\repository\org\springframework\boot\spring-boot-starter-web\3.2.1\spring-boot-starter-web-3.2.1.jar;J:\.m2\repository\org\springframework\boot\spring-boot-starter\3.2.1\spring-boot-starter-3.2.1.jar;J:\.m2\repository\org\springframework\boot\spring-boot\3.2.1\spring-boot-3.2.1.jar;J:\.m2\repository\org\springframework\boot\spring-boot-autoconfigure\3.2.1\spring-boot-autoconfigure-3.2.1.jar;J:\.m2\repository\org\springframework\boot\spring-boot-starter-logging\3.2.1\spring-boot-starter-logging-3.2.1.jar;J:\.m2\repository\ch\qos\logback\logback-classic\1.4.14\logback-classic-1.4.14.jar;J:\.m2\repository\ch\qos\logback\logback-core\1.4.14\logback-core-1.4.14.jar;J:\.m2\repository\org\apache\logging\log4j\log4j-to-slf4j\2.21.1\log4j-to-slf4j-2.21.1.jar;J:\.m2\repository\org\apache\logging\log4j\log4j-api\2.21.1\log4j-api-2.21.1.jar;J:\.m2\repository\org\slf4j\jul-to-slf4j\2.0.9\jul-to-slf4j-2.0.9.jar;J:\.m2\repository\jakarta\annotation\jakarta.annotation-api\2.1.1\jakarta.annotation-api-2.1.1.jar;J:\.m2\repository\org\yaml\snakeyaml\2.2\snakeyaml-2.2.jar;J:\.m2\repository\org\springframework\boot\spring-boot-starter-json\3.2.1\spring-boot-starter-json-3.2.1.jar;J:\.m2\repository\com\fasterxml\jackson\datatype\jackson-datatype-jdk8\2.15.3\jackson-datatype-jdk8-2.15.3.jar;J:\.m2\repository\com\fasterxml\jackson\datatype\jackson-datatype-jsr310\2.15.3\jackson-datatype-jsr310-2.15.3.jar;J:\.m2\repository\com\fasterxml\jackson\module\jackson-module-parameter-names\2.15.3\jackson-module-parameter-names-2.15.3.jar;J:\.m2\repository\org\springframework\boot\spring-boot-starter-tomcat\3.2.1\spring-boot-starter-tomcat-3.2.1.jar;J:\.m2\repository\org\apache\tomcat\embed\tomcat-embed-core\10.1.17\tomcat-embed-core-10.1.17.jar;J:\.m2\repository\org\apache\tomcat\embed\tomcat-embed-websocket\10.1.17\tomcat-embed-websocket-10.1.17.jar;J:\.m2\repository\org\springframework\spring-web\6.1.2\spring-web-6.1.2.jar;J:\.m2\repository\org\springframework\spring-beans\6.1.2\spring-beans-6.1.2.jar;J:\.m2\repository\io\micrometer\micrometer-observation\1.12.1\micrometer-observation-1.12.1.jar;J:\.m2\repository\io\micrometer\micrometer-commons\1.12.1\micrometer-commons-1.12.1.jar;J:\.m2\repository\org\springframework\spring-webmvc\6.1.2\spring-webmvc-6.1.2.jar;J:\.m2\repository\org\springframework\spring-context\6.1.2\spring-context-6.1.2.jar;J:\.m2\repository\org\springframework\spring-expression\6.1.2\spring-expression-6.1.2.jar;J:\.m2\repository\org\springframework\boot\spring-boot-starter-data-jpa\3.2.1\spring-boot-starter-data-jpa-3.2.1.jar;J:\.m2\repository\org\springframework\boot\spring-boot-starter-aop\3.2.1\spring-boot-starter-aop-3.2.1.jar;J:\.m2\repository\org\aspectj\aspectjweaver\1.9.21\aspectjweaver-1.9.21.jar;J:\.m2\repository\org\springframework\boot\spring-boot-starter-jdbc\3.2.1\spring-boot-starter-jdbc-3.2.1.jar;J:\.m2\repository\com\zaxxer\HikariCP\5.0.1\HikariCP-5.0.1.jar;J:\.m2\repository\org\springframework\spring-jdbc\6.1.2\spring-jdbc-6.1.2.jar;J:\.m2\repository\org\hibernate\orm\hibernate-core\6.4.1.Final\hibernate-core-6.4.1.Final.jar;J:\.m2\repository\jakarta\persistence\jakarta.persistence-api\3.1.0\jakarta.persistence-api-3.1.0.jar;J:\.m2\repository\jakarta\transaction\jakarta.transaction-api\2.0.1\jakarta.transaction-api-2.0.1.jar;J:\.m2\repository\org\jboss\logging\jboss-logging\3.5.3.Final\jboss-logging-3.5.3.Final.jar;J:\.m2\repository\org\hibernate\common\hibernate-commons-annotations\6.0.6.Final\hibernate-commons-annotations-6.0.6.Final.jar;J:\.m2\repository\io\smallrye\jandex\3.1.2\jandex-3.1.2.jar;J:\.m2\repository\com\fasterxml\classmate\1.6.0\classmate-1.6.0.jar;J:\.m2\repository\net\bytebuddy\byte-buddy\1.14.10\byte-buddy-1.14.10.jar;J:\.m2\repository\org\glassfish\jaxb\jaxb-runtime\4.0.4\jaxb-runtime-4.0.4.jar;J:\.m2\repository\org\glassfish\jaxb\jaxb-core\4.0.4\jaxb-core-4.0.4.jar;J:\.m2\repository\org\eclipse\angus\angus-activation\2.0.1\angus-activation-2.0.1.jar;J:\.m2\repository\org\glassfish\jaxb\txw2\4.0.4\txw2-4.0.4.jar;J:\.m2\repository\com\sun\istack\istack-commons-runtime\4.1.2\istack-commons-runtime-4.1.2.jar;J:\.m2\repository\jakarta\inject\jakarta.inject-api\2.0.1\jakarta.inject-api-2.0.1.jar;J:\.m2\repository\org\antlr\antlr4-runtime\4.13.0\antlr4-runtime-4.13.0.jar;J:\.m2\repository\org\springframework\data\spring-data-jpa\3.2.1\spring-data-jpa-3.2.1.jar;J:\.m2\repository\org\springframework\data\spring-data-commons\3.2.1\spring-data-commons-3.2.1.jar;J:\.m2\repository\org\springframework\spring-orm\6.1.2\spring-orm-6.1.2.jar;J:\.m2\repository\org\springframework\spring-tx\6.1.2\spring-tx-6.1.2.jar;J:\.m2\repository\org\slf4j\slf4j-api\2.0.9\slf4j-api-2.0.9.jar;J:\.m2\repository\org\springframework\spring-aspects\6.1.2\spring-aspects-6.1.2.jar;J:\.m2\repository\org\springframework\boot\spring-boot-starter-security\3.2.1\spring-boot-starter-security-3.2.1.jar;J:\.m2\repository\org\springframework\spring-aop\6.1.2\spring-aop-6.1.2.jar;J:\.m2\repository\org\springframework\security\spring-security-config\6.2.1\spring-security-config-6.2.1.jar;J:\.m2\repository\org\springframework\security\spring-security-web\6.2.1\spring-security-web-6.2.1.jar;J:\.m2\repository\org\springframework\boot\spring-boot-starter-validation\3.2.1\spring-boot-starter-validation-3.2.1.jar;J:\.m2\repository\org\apache\tomcat\embed\tomcat-embed-el\10.1.17\tomcat-embed-el-10.1.17.jar;J:\.m2\repository\org\hibernate\validator\hibernate-validator\8.0.1.Final\hibernate-validator-8.0.1.Final.jar;J:\.m2\repository\jakarta\validation\jakarta.validation-api\3.0.2\jakarta.validation-api-3.0.2.jar;J:\.m2\repository\org\springframework\boot\spring-boot-starter-websocket\3.2.1\spring-boot-starter-websocket-3.2.1.jar;J:\.m2\repository\org\springframework\spring-messaging\6.1.2\spring-messaging-6.1.2.jar;J:\.m2\repository\org\springframework\spring-websocket\6.1.2\spring-websocket-6.1.2.jar;J:\.m2\repository\org\springframework\boot\spring-boot-starter-data-redis\3.2.1\spring-boot-starter-data-redis-3.2.1.jar;J:\.m2\repository\io\lettuce\lettuce-core\6.3.0.RELEASE\lettuce-core-6.3.0.RELEASE.jar;J:\.m2\repository\io\netty\netty-common\4.1.104.Final\netty-common-4.1.104.Final.jar;J:\.m2\repository\io\netty\netty-handler\4.1.104.Final\netty-handler-4.1.104.Final.jar;J:\.m2\repository\io\netty\netty-transport-native-unix-common\4.1.104.Final\netty-transport-native-unix-common-4.1.104.Final.jar;J:\.m2\repository\io\netty\netty-transport\4.1.104.Final\netty-transport-4.1.104.Final.jar;J:\.m2\repository\io\projectreactor\reactor-core\3.6.1\reactor-core-3.6.1.jar;J:\.m2\repository\org\springframework\data\spring-data-redis\3.2.1\spring-data-redis-3.2.1.jar;J:\.m2\repository\org\springframework\data\spring-data-keyvalue\3.2.1\spring-data-keyvalue-3.2.1.jar;J:\.m2\repository\org\springframework\spring-oxm\6.1.2\spring-oxm-6.1.2.jar;J:\.m2\repository\org\springframework\spring-context-support\6.1.2\spring-context-support-6.1.2.jar;J:\.m2\repository\org\postgresql\postgresql\42.6.0\postgresql-42.6.0.jar;J:\.m2\repository\org\checkerframework\checker-qual\3.31.0\checker-qual-3.31.0.jar;J:\.m2\repository\software\amazon\awssdk\s3\2.21.1\s3-2.21.1.jar;J:\.m2\repository\software\amazon\awssdk\aws-xml-protocol\2.21.1\aws-xml-protocol-2.21.1.jar;J:\.m2\repository\software\amazon\awssdk\protocol-core\2.21.1\protocol-core-2.21.1.jar;J:\.m2\repository\software\amazon\awssdk\arns\2.21.1\arns-2.21.1.jar;J:\.m2\repository\software\amazon\awssdk\profiles\2.21.1\profiles-2.21.1.jar;J:\.m2\repository\software\amazon\awssdk\crt-core\2.21.1\crt-core-2.21.1.jar;J:\.m2\repository\software\amazon\awssdk\http-auth\2.21.1\http-auth-2.21.1.jar;J:\.m2\repository\software\amazon\awssdk\http-auth-aws\2.21.1\http-auth-aws-2.21.1.jar;J:\.m2\repository\software\amazon\awssdk\checksums-spi\2.21.1\checksums-spi-2.21.1.jar;J:\.m2\repository\software\amazon\awssdk\checksums\2.21.1\checksums-2.21.1.jar;J:\.m2\repository\software\amazon\awssdk\sdk-core\2.21.1\sdk-core-2.21.1.jar;J:\.m2\repository\org\reactivestreams\reactive-streams\1.0.4\reactive-streams-1.0.4.jar;J:\.m2\repository\software\amazon\awssdk\auth\2.21.1\auth-2.21.1.jar;J:\.m2\repository\software\amazon\eventstream\eventstream\1.0.1\eventstream-1.0.1.jar;J:\.m2\repository\software\amazon\awssdk\http-auth-spi\2.21.1\http-auth-spi-2.21.1.jar;J:\.m2\repository\software\amazon\awssdk\identity-spi\2.21.1\identity-spi-2.21.1.jar;J:\.m2\repository\software\amazon\awssdk\http-client-spi\2.21.1\http-client-spi-2.21.1.jar;J:\.m2\repository\software\amazon\awssdk\regions\2.21.1\regions-2.21.1.jar;J:\.m2\repository\software\amazon\awssdk\annotations\2.21.1\annotations-2.21.1.jar;J:\.m2\repository\software\amazon\awssdk\utils\2.21.1\utils-2.21.1.jar;J:\.m2\repository\software\amazon\awssdk\aws-core\2.21.1\aws-core-2.21.1.jar;J:\.m2\repository\software\amazon\awssdk\metrics-spi\2.21.1\metrics-spi-2.21.1.jar;J:\.m2\repository\software\amazon\awssdk\json-utils\2.21.1\json-utils-2.21.1.jar;J:\.m2\repository\software\amazon\awssdk\third-party-jackson-core\2.21.1\third-party-jackson-core-2.21.1.jar;J:\.m2\repository\software\amazon\awssdk\endpoints-spi\2.21.1\endpoints-spi-2.21.1.jar;J:\.m2\repository\software\amazon\awssdk\apache-client\2.21.1\apache-client-2.21.1.jar;J:\.m2\repository\org\apache\httpcomponents\httpclient\4.5.13\httpclient-4.5.13.jar;J:\.m2\repository\commons-logging\commons-logging\1.2\commons-logging-1.2.jar;J:\.m2\repository\org\apache\httpcomponents\httpcore\4.4.16\httpcore-4.4.16.jar;J:\.m2\repository\commons-codec\commons-codec\1.16.0\commons-codec-1.16.0.jar;J:\.m2\repository\software\amazon\awssdk\netty-nio-client\2.21.1\netty-nio-client-2.21.1.jar;J:\.m2\repository\io\netty\netty-codec-http\4.1.104.Final\netty-codec-http-4.1.104.Final.jar;J:\.m2\repository\io\netty\netty-codec-http2\4.1.104.Final\netty-codec-http2-4.1.104.Final.jar;J:\.m2\repository\io\netty\netty-codec\4.1.104.Final\netty-codec-4.1.104.Final.jar;J:\.m2\repository\io\netty\netty-buffer\4.1.104.Final\netty-buffer-4.1.104.Final.jar;J:\.m2\repository\io\netty\netty-transport-classes-epoll\4.1.104.Final\netty-transport-classes-epoll-4.1.104.Final.jar;J:\.m2\repository\io\netty\netty-resolver\4.1.104.Final\netty-resolver-4.1.104.Final.jar;J:\.m2\repository\software\amazon\awssdk\rds\2.21.1\rds-2.21.1.jar;J:\.m2\repository\software\amazon\awssdk\aws-query-protocol\2.21.1\aws-query-protocol-2.21.1.jar;J:\.m2\repository\io\jsonwebtoken\jjwt-api\0.11.5\jjwt-api-0.11.5.jar;J:\.m2\repository\io\jsonwebtoken\jjwt-impl\0.11.5\jjwt-impl-0.11.5.jar;J:\.m2\repository\io\jsonwebtoken\jjwt-jackson\0.11.5\jjwt-jackson-0.11.5.jar;J:\.m2\repository\com\fasterxml\jackson\core\jackson-databind\2.15.3\jackson-databind-2.15.3.jar;J:\.m2\repository\com\fasterxml\jackson\core\jackson-annotations\2.15.3\jackson-annotations-2.15.3.jar;J:\.m2\repository\com\fasterxml\jackson\core\jackson-core\2.15.3\jackson-core-2.15.3.jar;J:\.m2\repository\org\projectlombok\lombok\1.18.30\lombok-1.18.30.jar;J:\.m2\repository\org\springframework\boot\spring-boot-starter-test\3.2.1\spring-boot-starter-test-3.2.1.jar;J:\.m2\repository\org\springframework\boot\spring-boot-test\3.2.1\spring-boot-test-3.2.1.jar;J:\.m2\repository\org\springframework\boot\spring-boot-test-autoconfigure\3.2.1\spring-boot-test-autoconfigure-3.2.1.jar;J:\.m2\repository\com\jayway\jsonpath\json-path\2.8.0\json-path-2.8.0.jar;J:\.m2\repository\jakarta\xml\bind\jakarta.xml.bind-api\4.0.1\jakarta.xml.bind-api-4.0.1.jar;J:\.m2\repository\jakarta\activation\jakarta.activation-api\2.1.2\jakarta.activation-api-2.1.2.jar;J:\.m2\repository\net\minidev\json-smart\2.5.0\json-smart-2.5.0.jar;J:\.m2\repository\net\minidev\accessors-smart\2.5.0\accessors-smart-2.5.0.jar;J:\.m2\repository\org\ow2\asm\asm\9.3\asm-9.3.jar;J:\.m2\repository\org\assertj\assertj-core\3.24.2\assertj-core-3.24.2.jar;J:\.m2\repository\org\awaitility\awaitility\4.2.0\awaitility-4.2.0.jar;J:\.m2\repository\org\hamcrest\hamcrest\2.2\hamcrest-2.2.jar;J:\.m2\repository\org\junit\jupiter\junit-jupiter\5.10.1\junit-jupiter-5.10.1.jar;J:\.m2\repository\org\junit\jupiter\junit-jupiter-api\5.10.1\junit-jupiter-api-5.10.1.jar;J:\.m2\repository\org\junit\jupiter\junit-jupiter-params\5.10.1\junit-jupiter-params-5.10.1.jar;J:\.m2\repository\org\junit\jupiter\junit-jupiter-engine\5.10.1\junit-jupiter-engine-5.10.1.jar;J:\.m2\repository\org\mockito\mockito-core\5.7.0\mockito-core-5.7.0.jar;J:\.m2\repository\net\bytebuddy\byte-buddy-agent\1.14.10\byte-buddy-agent-1.14.10.jar;J:\.m2\repository\org\objenesis\objenesis\3.3\objenesis-3.3.jar;J:\.m2\repository\org\mockito\mockito-junit-jupiter\5.7.0\mockito-junit-jupiter-5.7.0.jar;J:\.m2\repository\org\skyscreamer\jsonassert\1.5.1\jsonassert-1.5.1.jar;J:\.m2\repository\com\vaadin\external\google\android-json\0.0.20131108.vaadin1\android-json-0.0.20131108.vaadin1.jar;J:\.m2\repository\org\springframework\spring-core\6.1.2\spring-core-6.1.2.jar;J:\.m2\repository\org\springframework\spring-jcl\6.1.2\spring-jcl-6.1.2.jar;J:\.m2\repository\org\springframework\spring-test\6.1.2\spring-test-6.1.2.jar;J:\.m2\repository\org\xmlunit\xmlunit-core\2.9.1\xmlunit-core-2.9.1.jar;J:\.m2\repository\org\springframework\security\spring-security-test\6.2.1\spring-security-test-6.2.1.jar;J:\.m2\repository\org\springframework\security\spring-security-core\6.2.1\spring-security-core-6.2.1.jar;J:\.m2\repository\org\springframework\security\spring-security-crypto\6.2.1\spring-security-crypto-6.2.1.jar;J:\.m2\repository\com\h2database\h2\2.2.224\h2-2.2.224.jar;J:\.m2\repository\org\junit\platform\junit-platform-suite\1.10.1\junit-platform-suite-1.10.1.jar;J:\.m2\repository\org\junit\platform\junit-platform-suite-api\1.10.1\junit-platform-suite-api-1.10.1.jar;J:\.m2\repository\org\junit\platform\junit-platform-commons\1.10.1\junit-platform-commons-1.10.1.jar;J:\.m2\repository\org\apiguardian\apiguardian-api\1.1.2\apiguardian-api-1.1.2.jar;J:\.m2\repository\org\junit\platform\junit-platform-suite-engine\1.10.1\junit-platform-suite-engine-1.10.1.jar;J:\.m2\repository\org\junit\platform\junit-platform-engine\1.10.1\junit-platform-engine-1.10.1.jar;J:\.m2\repository\org\opentest4j\opentest4j\1.3.0\opentest4j-1.3.0.jar;J:\.m2\repository\org\junit\platform\junit-platform-suite-commons\1.10.1\junit-platform-suite-commons-1.10.1.jar;J:\.m2\repository\org\junit\platform\junit-platform-launcher\1.10.1\junit-platform-launcher-1.10.1.jar;, sun.cpu.endian=little, hibernate.cdi.extensions=true, user.home=C:\Users\greed, user.language=en, java.specification.vendor=Oracle Corporation, java.version.date=2023-10-17, java.home=C:\Program Files\Java\jdk-21, file.separator=\, basedir=J:\chatgeniusv2-backend, java.vm.compressedOopsMode=Zero based, line.separator=
, hibernate.persistenceUnitName=default, java.vm.specification.vendor=Oracle Corporation, java.specification.name=Java Platform API Specification, FILE_LOG_CHARSET=UTF-8, hibernate.transaction.coordinator_class=class org.hibernate.resource.transaction.backend.jdbc.internal.JdbcResourceLocalTransactionCoordinatorBuilderImpl, java.awt.headless=true, surefire.real.class.path=C:\Users\greed\AppData\Local\Temp\surefire5368658469229602622\surefirebooter-20250109083655439_3.jar, jakarta.persistence.validation.mode=AUTO, hibernate.hbm2ddl.auto=create-drop, user.script=, sun.management.compiler=HotSpot 64-Bit Tiered Compilers, java.runtime.version=21.0.1+12-LTS-29, user.name=greed, stdout.encoding=Cp1252, path.separator=;, os.version=10.0, java.runtime.name=Java(TM) SE Runtime Environment, file.encoding=UTF-8, java.vm.name=Java HotSpot(TM) 64-Bit Server VM, hibernate.show_sql=true, localRepository=J:\.m2\repository, java.vendor.url.bug=https://bugreport.java.com/bugreport/, java.io.tmpdir=C:\Users\greed\AppData\Local\Temp\, com.zaxxer.hikari.pool_number=1, java.version=21.0.1, hibernate.physical_naming_strategy=org.hibernate.boot.model.naming.CamelCaseToUnderscoresNamingStrategy, user.dir=J:\chatgeniusv2-backend, os.arch=amd64, java.vm.specification.name=Java Virtual Machine Specification, PID=20036, sun.os.patch.level=, CONSOLE_LOG_CHARSET=UTF-8, hibernate.boot.CfgXmlAccessService.key=org.hibernate.boot.registry.StandardServiceRegistryBuilder$1@189ab1be, native.encoding=Cp1252, java.library.path=C:\Program Files\Java\jdk-21\bin;C:\WINDOWS\Sun\Java\bin;C:\WINDOWS\system32;C:\WINDOWS;C:\Python312\Scripts\;C:\Python312\;C:\Program Files\Common Files\Oracle\Java\javapath;C:\Program Files (x86)\Razer Chroma SDK\bin;C:\Program Files\Razer Chroma SDK\bin;C:\Program Files\Microsoft\jdk-11.0.12.7-hotspot\bin;C:\Program Files (x86)\Razer\ChromaBroadcast\bin;C:\Program Files\Razer\ChromaBroadcast\bin;C:\WINDOWS\system32;C:\WINDOWS;C:\WINDOWS\System32\Wbem;C:\WINDOWS\System32\WindowsPowerShell\v1.0\;C:\WINDOWS\System32\OpenSSH\;C:\Program Files\PuTTY\;C:\WINDOWS\system32\config\systemprofile\AppData\Local\Microsoft\WindowsApps;C:\Program Files\Microsoft SQL Server\150\Tools\Binn\;C:\Program Files\Microsoft SQL Server\Client SDK\ODBC\170\Tools\Binn\;C:\Program Files\dotnet\;C:\Program Files (x86)\NVIDIA Corporation\PhysX\Common;H:\Programs\PuTTy\;H:\Programs\WinSCP\;C:\Program Files\Git\cmd;C:\WINDOWS\system32;C:\WINDOWS;C:\WINDOWS\System32\Wbem;C:\WINDOWS\System32\WindowsPowerShell\v1.0\;C:\WINDOWS\System32\OpenSSH\;H:\Downloads\apache-maven-3.9.8-bin\apache-maven-3.9.8\bin;C:\Program Files\nodejs\;C:\ProgramData\chocolatey\bin;C:\Program Files\NVIDIA Corporation\NVIDIA app\NvDLISR;c:\Users\greed\AppData\Local\Programs\cursor\resources\app\bin;C:\Users\greed\scoop\shims;C:\Users\greed\AppData\Local\Microsoft\WindowsApps;C:\Users\greed\.dotnet\tools;H:\Programs\Microsoft VS Code\bin;;H:\Programs\IntelliJ\IntelliJ IDEA Community Edition 2024.1.4\bin;;C:\Users\greed\AppData\Roaming\npm;., stderr.encoding=Cp1252, java.vendor=Oracle Corporation, java.vm.info=mixed mode, sharing, java.vm.version=21.0.1+12-LTS-29, sun.io.unicode.encoding=UnicodeLittle, hibernate.archive.scanner=org.hibernate.boot.archive.scan.internal.DisabledScanner, hibernate.connection.datasource=HikariDataSource (HikariPool-5), java.class.version=65.0}
2025-01-09T08:37:05.740-06:00 DEBUG 20036 --- [           main] o.hibernate.internal.SessionFactoryImpl  : Session factory constructed with filter configurations : {}
2025-01-09T08:37:05.741-06:00 DEBUG 20036 --- [           main] o.h.v.i.xml.config.ValidationXmlParser   : Trying to load META-INF/validation.xml for XML based Validator configuration.
2025-01-09T08:37:05.741-06:00 DEBUG 20036 --- [           main] o.h.v.i.xml.config.ResourceLoaderHelper  : Trying to load META-INF/validation.xml via TCCL
2025-01-09T08:37:05.741-06:00 DEBUG 20036 --- [           main] o.h.v.i.xml.config.ResourceLoaderHelper  : Trying to load META-INF/validation.xml via Hibernate Validator's class loader
2025-01-09T08:37:05.741-06:00 DEBUG 20036 --- [           main] o.h.v.i.xml.config.ValidationXmlParser   : No META-INF/validation.xml found. Using annotation based configuration only.
2025-01-09T08:37:05.741-06:00 DEBUG 20036 --- [           main] o.h.v.i.e.resolver.TraversableResolvers  : Found jakarta.persistence.Persistence on classpath containing 'getPersistenceUtil'. Assuming JPA 2 environment. Trying to instantiate JPA aware TraversableResolver
2025-01-09T08:37:05.741-06:00 DEBUG 20036 --- [           main] o.h.v.i.e.resolver.TraversableResolvers  : Instantiated JPA aware TraversableResolver of type org.hibernate.validator.internal.engine.resolver.JPATraversableResolver.
2025-01-09T08:37:05.741-06:00 DEBUG 20036 --- [           main] .h.v.m.ResourceBundleMessageInterpolator : Loaded expression factory via original TCCL
2025-01-09T08:37:05.742-06:00 DEBUG 20036 --- [           main] .i.e.ValidatorFactoryConfigurationHelper : HV000252: Using org.hibernate.validator.internal.engine.DefaultPropertyNodeNameProvider as property node name provider.
2025-01-09T08:37:05.742-06:00 DEBUG 20036 --- [           main] .i.e.ValidatorFactoryConfigurationHelper : HV000234: Using org.hibernate.validator.messageinterpolation.ResourceBundleMessageInterpolator as ValidatorFactory-scoped message interpolator.
2025-01-09T08:37:05.742-06:00 DEBUG 20036 --- [           main] .i.e.ValidatorFactoryConfigurationHelper : HV000234: Using org.hibernate.validator.internal.engine.resolver.JPATraversableResolver as ValidatorFactory-scoped traversable resolver.
2025-01-09T08:37:05.742-06:00 DEBUG 20036 --- [           main] .i.e.ValidatorFactoryConfigurationHelper : HV000234: Using org.hibernate.validator.internal.util.ExecutableParameterNameProvider as ValidatorFactory-scoped parameter name provider.
2025-01-09T08:37:05.742-06:00 DEBUG 20036 --- [           main] .i.e.ValidatorFactoryConfigurationHelper : HV000234: Using org.hibernate.validator.internal.engine.DefaultClockProvider as ValidatorFactory-scoped clock provider.
2025-01-09T08:37:05.742-06:00 DEBUG 20036 --- [           main] .i.e.ValidatorFactoryConfigurationHelper : HV000234: Using org.hibernate.validator.internal.engine.scripting.DefaultScriptEvaluatorFactory as ValidatorFactory-scoped script evaluator factory.
2025-01-09T08:37:05.742-06:00 DEBUG 20036 --- [           main] o.h.boot.internal.ClassLoaderAccessImpl  : Not known whether passed class name [com.chatgenius.model.Channel] is safe
2025-01-09T08:37:05.742-06:00 DEBUG 20036 --- [           main] o.h.boot.internal.ClassLoaderAccessImpl  : No temp ClassLoader provided; using live ClassLoader for loading potentially unsafe class : com.chatgenius.model.Channel
2025-01-09T08:37:05.744-06:00 DEBUG 20036 --- [           main] o.h.boot.internal.ClassLoaderAccessImpl  : Not known whether passed class name [com.chatgenius.model.User] is safe
2025-01-09T08:37:05.744-06:00 DEBUG 20036 --- [           main] o.h.boot.internal.ClassLoaderAccessImpl  : No temp ClassLoader provided; using live ClassLoader for loading potentially unsafe class : com.chatgenius.model.User
2025-01-09T08:37:05.744-06:00 DEBUG 20036 --- [           main] o.h.boot.internal.ClassLoaderAccessImpl  : Not known whether passed class name [com.chatgenius.model.Attachment] is safe
2025-01-09T08:37:05.744-06:00 DEBUG 20036 --- [           main] o.h.boot.internal.ClassLoaderAccessImpl  : No temp ClassLoader provided; using live ClassLoader for loading potentially unsafe class : com.chatgenius.model.Attachment
2025-01-09T08:37:05.745-06:00 DEBUG 20036 --- [           main] o.h.boot.internal.ClassLoaderAccessImpl  : Not known whether passed class name [com.chatgenius.model.Message] is safe
2025-01-09T08:37:05.745-06:00 DEBUG 20036 --- [           main] o.h.boot.internal.ClassLoaderAccessImpl  : No temp ClassLoader provided; using live ClassLoader for loading potentially unsafe class : com.chatgenius.model.Message
2025-01-09T08:37:05.746-06:00 DEBUG 20036 --- [           main] o.h.boot.internal.ClassLoaderAccessImpl  : Not known whether passed class name [com.chatgenius.model.Reaction] is safe
2025-01-09T08:37:05.746-06:00 DEBUG 20036 --- [           main] o.h.boot.internal.ClassLoaderAccessImpl  : No temp ClassLoader provided; using live ClassLoader for loading potentially unsafe class : com.chatgenius.model.Reaction
2025-01-09T08:37:05.746-06:00 DEBUG 20036 --- [           main] .h.s.i.SessionFactoryServiceRegistryImpl : EventListenerRegistry access via ServiceRegistry is deprecated.  Use `sessionFactory.getEventEngine().getListenerRegistry()` instead
2025-01-09T08:37:05.747-06:00 DEBUG 20036 --- [           main] o.h.q.sqm.function.SqmFunctionRegistry   : Registered SqmFunctionTemplate [NamedSqmFunctionTemplate(max)] under max; prior registration was null
2025-01-09T08:37:05.747-06:00 DEBUG 20036 --- [           main] o.h.q.sqm.function.SqmFunctionRegistry   : Registered SqmFunctionTemplate [NamedSqmFunctionTemplate(min)] under min; prior registration was null
2025-01-09T08:37:05.747-06:00 DEBUG 20036 --- [           main] o.h.q.sqm.function.SqmFunctionRegistry   : Registered SqmFunctionTemplate [NamedSqmFunctionTemplate(sum)] under sum; prior registration was null
2025-01-09T08:37:05.747-06:00 DEBUG 20036 --- [           main] o.h.q.sqm.function.SqmFunctionRegistry   : Registered SqmFunctionTemplate [NamedSqmFunctionTemplate(avg)] under avg; prior registration was null
2025-01-09T08:37:05.747-06:00 DEBUG 20036 --- [           main] o.h.q.sqm.function.SqmFunctionRegistry   : Registered SqmFunctionTemplate [org.hibernate.dialect.function.CountFunction@4ed03796] under count; prior registration was null
2025-01-09T08:37:05.747-06:00 DEBUG 20036 --- [           main] o.h.q.sqm.function.SqmFunctionRegistry   : Registered SqmFunctionTemplate [org.hibernate.dialect.function.EveryAnyEmulation@205339e0] under every; prior registration was null
2025-01-09T08:37:05.747-06:00 DEBUG 20036 --- [           main] o.h.q.sqm.function.SqmFunctionRegistry   : Registered SqmFunctionTemplate [org.hibernate.dialect.function.EveryAnyEmulation@486e6b30] under any; prior registration was null
2025-01-09T08:37:05.747-06:00 DEBUG 20036 --- [           main] o.h.q.sqm.function.SqmFunctionRegistry   : Registered SqmFunctionTemplate [NamedSqmFunctionTemplate(floor)] under floor; prior registration was null
2025-01-09T08:37:05.747-06:00 DEBUG 20036 --- [           main] o.h.q.sqm.function.SqmFunctionRegistry   : Registered SqmFunctionTemplate [NamedSqmFunctionTemplate(ceiling)] under ceiling; prior registration was null
2025-01-09T08:37:05.747-06:00 DEBUG 20036 --- [           main] o.h.q.sqm.function.SqmFunctionRegistry   : Registered SqmFunctionTemplate [NamedSqmFunctionTemplate(mod)] under mod; prior registration was null
2025-01-09T08:37:05.747-06:00 DEBUG 20036 --- [           main] o.h.q.sqm.function.SqmFunctionRegistry   : Registered SqmFunctionTemplate [NamedSqmFunctionTemplate(abs)] under abs; prior registration was null
2025-01-09T08:37:05.747-06:00 DEBUG 20036 --- [           main] o.h.q.sqm.function.SqmFunctionRegistry   : Registered SqmFunctionTemplate [NamedSqmFunctionTemplate(sign)] under sign; prior registration was null
2025-01-09T08:37:05.747-06:00 DEBUG 20036 --- [           main] o.h.q.sqm.function.SqmFunctionRegistry   : Registered SqmFunctionTemplate [NamedSqmFunctionTemplate(sqrt)] under sqrt; prior registration was null
2025-01-09T08:37:05.747-06:00 DEBUG 20036 --- [           main] o.h.q.sqm.function.SqmFunctionRegistry   : Registered SqmFunctionTemplate [NamedSqmFunctionTemplate(ln)] under ln; prior registration was null
2025-01-09T08:37:05.747-06:00 DEBUG 20036 --- [           main] o.h.q.sqm.function.SqmFunctionRegistry   : Registered SqmFunctionTemplate [NamedSqmFunctionTemplate(exp)] under exp; prior registration was null
2025-01-09T08:37:05.747-06:00 DEBUG 20036 --- [           main] o.h.q.sqm.function.SqmFunctionRegistry   : Registered SqmFunctionTemplate [NamedSqmFunctionTemplate(power)] under power; prior registration was null
2025-01-09T08:37:05.747-06:00 DEBUG 20036 --- [           main] o.h.q.sqm.function.SqmFunctionRegistry   : Registered SqmFunctionTemplate [NamedSqmFunctionTemplate(round)] under round; prior registration was null
2025-01-09T08:37:05.747-06:00 DEBUG 20036 --- [           main] o.h.q.sqm.function.SqmFunctionRegistry   : Registered SqmFunctionTemplate [NamedSqmFunctionTemplate(sin)] under sin; prior registration was null
2025-01-09T08:37:05.747-06:00 DEBUG 20036 --- [           main] o.h.q.sqm.function.SqmFunctionRegistry   : Registered SqmFunctionTemplate [NamedSqmFunctionTemplate(cos)] under cos; prior registration was null
2025-01-09T08:37:05.747-06:00 DEBUG 20036 --- [           main] o.h.q.sqm.function.SqmFunctionRegistry   : Registered SqmFunctionTemplate [NamedSqmFunctionTemplate(tan)] under tan; prior registration was null
2025-01-09T08:37:05.747-06:00 DEBUG 20036 --- [           main] o.h.q.sqm.function.SqmFunctionRegistry   : Registered SqmFunctionTemplate [NamedSqmFunctionTemplate(asin)] under asin; prior registration was null
2025-01-09T08:37:05.747-06:00 DEBUG 20036 --- [           main] o.h.q.sqm.function.SqmFunctionRegistry   : Registered SqmFunctionTemplate [NamedSqmFunctionTemplate(acos)] under acos; prior registration was null
2025-01-09T08:37:05.747-06:00 DEBUG 20036 --- [           main] o.h.q.sqm.function.SqmFunctionRegistry   : Registered SqmFunctionTemplate [NamedSqmFunctionTemplate(atan)] under atan; prior registration was null
2025-01-09T08:37:05.747-06:00 DEBUG 20036 --- [           main] o.h.q.sqm.function.SqmFunctionRegistry   : Registered SqmFunctionTemplate [NamedSqmFunctionTemplate(atan2)] under atan2; prior registration was null
2025-01-09T08:37:05.747-06:00 DEBUG 20036 --- [           main] o.h.q.sqm.function.SqmFunctionRegistry   : Registered SqmFunctionTemplate [org.hibernate.query.sqm.function.PatternBasedSqmFunctionDescriptor@28be98fc] under sinh; prior registration was null
2025-01-09T08:37:05.747-06:00 DEBUG 20036 --- [           main] o.h.q.sqm.function.SqmFunctionRegistry   : Registered SqmFunctionTemplate [org.hibernate.query.sqm.function.PatternBasedSqmFunctionDescriptor@679d66fa] under cosh; prior registration was null
2025-01-09T08:37:05.747-06:00 DEBUG 20036 --- [           main] o.h.q.sqm.function.SqmFunctionRegistry   : Registered SqmFunctionTemplate [org.hibernate.query.sqm.function.PatternBasedSqmFunctionDescriptor@5eb8dfd0] under tanh; prior registration was null
2025-01-09T08:37:05.747-06:00 DEBUG 20036 --- [           main] o.h.q.sqm.function.SqmFunctionRegistry   : Registered SqmFunctionTemplate [org.hibernate.query.sqm.function.PatternBasedSqmFunctionDescriptor@653408dc] under pi; prior registration was null
2025-01-09T08:37:05.747-06:00 DEBUG 20036 --- [           main] o.h.q.sqm.function.SqmFunctionRegistry   : Registered SqmFunctionTemplate [org.hibernate.query.sqm.function.PatternBasedSqmFunctionDescriptor@391115fe] under log; prior registration was null
2025-01-09T08:37:05.747-06:00 DEBUG 20036 --- [           main] o.h.q.sqm.function.SqmFunctionRegistry   : Registered SqmFunctionTemplate [NamedSqmFunctionTemplate(coalesce)] under coalesce; prior registration was null
2025-01-09T08:37:05.747-06:00 DEBUG 20036 --- [           main] o.h.q.sqm.function.SqmFunctionRegistry   : Registered SqmFunctionTemplate [NamedSqmFunctionTemplate(nullif)] under nullif; prior registration was null
2025-01-09T08:37:05.747-06:00 DEBUG 20036 --- [           main] o.h.q.sqm.function.SqmFunctionRegistry   : Registered SqmFunctionTemplate [NamedSqmFunctionTemplate(left)] under left; prior registration was null
2025-01-09T08:37:05.747-06:00 DEBUG 20036 --- [           main] o.h.q.sqm.function.SqmFunctionRegistry   : Registered SqmFunctionTemplate [NamedSqmFunctionTemplate(right)] under right; prior registration was null
2025-01-09T08:37:05.747-06:00 DEBUG 20036 --- [           main] o.h.q.sqm.function.SqmFunctionRegistry   : Registered SqmFunctionTemplate [NamedSqmFunctionTemplate(replace)] under replace; prior registration was null
2025-01-09T08:37:05.747-06:00 DEBUG 20036 --- [           main] o.h.q.sqm.function.SqmFunctionRegistry   : Registered SqmFunctionTemplate [NamedSqmFunctionTemplate(concat)] under concat; prior registration was null
2025-01-09T08:37:05.747-06:00 DEBUG 20036 --- [           main] o.h.q.sqm.function.SqmFunctionRegistry   : Registered SqmFunctionTemplate [NamedSqmFunctionTemplate(lower)] under lower; prior registration was null
2025-01-09T08:37:05.747-06:00 DEBUG 20036 --- [           main] o.h.q.sqm.function.SqmFunctionRegistry   : Registered SqmFunctionTemplate [NamedSqmFunctionTemplate(upper)] under upper; prior registration was null
2025-01-09T08:37:05.747-06:00 DEBUG 20036 --- [           main] o.h.q.sqm.function.SqmFunctionRegistry   : Registered SqmFunctionTemplate [NamedSqmFunctionTemplate(substring)] under substring; prior registration was null
2025-01-09T08:37:05.747-06:00 DEBUG 20036 --- [           main] o.h.q.sqm.function.SqmFunctionRegistry   : Registered SqmFunctionTemplate [NamedSqmFunctionTemplate(locate)] under locate; prior registration was null
2025-01-09T08:37:05.747-06:00 DEBUG 20036 --- [           main] o.h.q.sqm.function.SqmFunctionRegistry   : Registered SqmFunctionTemplate [NamedSqmFunctionTemplate(character_length)] under character_length; prior registration was null
2025-01-09T08:37:05.747-06:00 DEBUG 20036 --- [           main] o.h.q.sqm.function.SqmFunctionRegistry   : Registering alternate key : length -> character_length
2025-01-09T08:37:05.747-06:00 DEBUG 20036 --- [           main] o.h.q.sqm.function.SqmFunctionRegistry   : Registered SqmFunctionTemplate [org.hibernate.dialect.function.LocatePositionEmulation@35b71e90] under position; prior registration was null
2025-01-09T08:37:05.747-06:00 DEBUG 20036 --- [           main] o.h.q.sqm.function.SqmFunctionRegistry   : Registered SqmFunctionTemplate [org.hibernate.dialect.function.InsertSubstringOverlayEmulation@2d6911a9] under overlay; prior registration was null
2025-01-09T08:37:05.747-06:00 DEBUG 20036 --- [           main] o.h.q.sqm.function.SqmFunctionRegistry   : Registered SqmFunctionTemplate [org.hibernate.dialect.function.TrimFunction@685e8e30] under trim; prior registration was null
2025-01-09T08:37:05.747-06:00 DEBUG 20036 --- [           main] o.h.q.sqm.function.SqmFunctionRegistry   : Registered SqmFunctionTemplate [org.hibernate.dialect.function.CastFunction@59d1d820] under cast; prior registration was null
2025-01-09T08:37:05.747-06:00 DEBUG 20036 --- [           main] o.h.q.sqm.function.SqmFunctionRegistry   : Registered SqmFunctionTemplate [org.hibernate.query.sqm.function.PatternBasedSqmFunctionDescriptor@549f0e14] under collate; prior registration was null
2025-01-09T08:37:05.747-06:00 DEBUG 20036 --- [           main] o.h.q.sqm.function.SqmFunctionRegistry   : Registered SqmFunctionTemplate [org.hibernate.dialect.function.ExtractFunction@311eb977] under extract; prior registration was null
2025-01-09T08:37:05.747-06:00 DEBUG 20036 --- [           main] o.h.q.sqm.function.SqmFunctionRegistry   : Registered SqmFunctionTemplate [NamedSqmFunctionTemplate(least)] under least; prior registration was null
2025-01-09T08:37:05.747-06:00 DEBUG 20036 --- [           main] o.h.q.sqm.function.SqmFunctionRegistry   : Registered SqmFunctionTemplate [NamedSqmFunctionTemplate(greatest)] under greatest; prior registration was null
2025-01-09T08:37:05.747-06:00 DEBUG 20036 --- [           main] o.h.q.sqm.function.SqmFunctionRegistry   : Registered SqmFunctionTemplate [org.hibernate.dialect.function.CoalesceIfnullEmulation@2dad9e6a] under ifnull; prior registration was null
2025-01-09T08:37:05.747-06:00 DEBUG 20036 --- [           main] o.h.q.sqm.function.SqmFunctionRegistry   : Registered SqmFunctionTemplate [NamedSqmFunctionTemplate(lpad)] under lpad; prior registration was null
2025-01-09T08:37:05.747-06:00 DEBUG 20036 --- [           main] o.h.q.sqm.function.SqmFunctionRegistry   : Registered SqmFunctionTemplate [NamedSqmFunctionTemplate(rpad)] under rpad; prior registration was null
2025-01-09T08:37:05.747-06:00 DEBUG 20036 --- [           main] o.h.q.sqm.function.SqmFunctionRegistry   : Registered SqmFunctionTemplate [org.hibernate.dialect.function.LpadRpadPadEmulation@7a6a4327] under pad; prior registration was null
2025-01-09T08:37:05.747-06:00 DEBUG 20036 --- [           main] o.h.q.sqm.function.SqmFunctionRegistry   : Registered SqmFunctionTemplate [org.hibernate.dialect.function.CastStrEmulation@56290dd0] under str; prior registration was null
2025-01-09T08:37:05.747-06:00 DEBUG 20036 --- [           main] o.h.q.sqm.function.SqmFunctionRegistry   : Registered SqmFunctionTemplate [org.hibernate.dialect.function.FormatFunction@1238c363] under format; prior registration was null
2025-01-09T08:37:05.747-06:00 DEBUG 20036 --- [           main] o.h.q.sqm.function.SqmFunctionRegistry   : Registered SqmFunctionTemplate [org.hibernate.dialect.function.TimestampaddFunction@53a75180] under timestampadd; prior registration was null
2025-01-09T08:37:05.747-06:00 DEBUG 20036 --- [           main] o.h.q.sqm.function.SqmFunctionRegistry   : Registered SqmFunctionTemplate [org.hibernate.dialect.function.TimestampdiffFunction@7bfc43a8] under timestampdiff; prior registration was null
2025-01-09T08:37:05.747-06:00 DEBUG 20036 --- [           main] o.h.q.sqm.function.SqmFunctionRegistry   : Registering alternate key : dateadd -> timestampadd
2025-01-09T08:37:05.747-06:00 DEBUG 20036 --- [           main] o.h.q.sqm.function.SqmFunctionRegistry   : Registering alternate key : datediff -> timestampdiff
2025-01-09T08:37:05.747-06:00 DEBUG 20036 --- [           main] o.h.q.sqm.function.SqmFunctionRegistry   : Registered SqmFunctionTemplate [org.hibernate.dialect.function.CurrentFunction@6525968a] under current_date; prior registration was null
2025-01-09T08:37:05.747-06:00 DEBUG 20036 --- [           main] o.h.q.sqm.function.SqmFunctionRegistry   : Registered SqmFunctionTemplate [org.hibernate.dialect.function.CurrentFunction@31d26296] under current_time; prior registration was null
2025-01-09T08:37:05.747-06:00 DEBUG 20036 --- [           main] o.h.q.sqm.function.SqmFunctionRegistry   : Registered SqmFunctionTemplate [org.hibernate.dialect.function.CurrentFunction@58100e7d] under current_timestamp; prior registration was null
2025-01-09T08:37:05.747-06:00 DEBUG 20036 --- [           main] o.h.q.sqm.function.SqmFunctionRegistry   : Registering alternate key : current date -> current_date
2025-01-09T08:37:05.747-06:00 DEBUG 20036 --- [           main] o.h.q.sqm.function.SqmFunctionRegistry   : Registering alternate key : current time -> current_time
2025-01-09T08:37:05.747-06:00 DEBUG 20036 --- [           main] o.h.q.sqm.function.SqmFunctionRegistry   : Registering alternate key : current timestamp -> current_timestamp
2025-01-09T08:37:05.747-06:00 DEBUG 20036 --- [           main] o.h.q.sqm.function.SqmFunctionRegistry   : Registered SqmFunctionTemplate [org.hibernate.dialect.function.CurrentFunction@41e8e7d4] under local_date; prior registration was null
2025-01-09T08:37:05.747-06:00 DEBUG 20036 --- [           main] o.h.q.sqm.function.SqmFunctionRegistry   : Registered SqmFunctionTemplate [org.hibernate.dialect.function.CurrentFunction@830b8a5] under local_time; prior registration was null
2025-01-09T08:37:05.747-06:00 DEBUG 20036 --- [           main] o.h.q.sqm.function.SqmFunctionRegistry   : Registered SqmFunctionTemplate [org.hibernate.dialect.function.CurrentFunction@2ad4ade7] under local_datetime; prior registration was null
2025-01-09T08:37:05.747-06:00 DEBUG 20036 --- [           main] o.h.q.sqm.function.SqmFunctionRegistry   : Registered SqmFunctionTemplate [org.hibernate.dialect.function.CurrentFunction@726f2d26] under offset_datetime; prior registration was null
2025-01-09T08:37:05.747-06:00 DEBUG 20036 --- [           main] o.h.q.sqm.function.SqmFunctionRegistry   : Registering alternate key : local date -> local_date
2025-01-09T08:37:05.747-06:00 DEBUG 20036 --- [           main] o.h.q.sqm.function.SqmFunctionRegistry   : Registering alternate key : local time -> local_time
2025-01-09T08:37:05.747-06:00 DEBUG 20036 --- [           main] o.h.q.sqm.function.SqmFunctionRegistry   : Registering alternate key : local datetime -> local_datetime
2025-01-09T08:37:05.747-06:00 DEBUG 20036 --- [           main] o.h.q.sqm.function.SqmFunctionRegistry   : Registering alternate key : offset datetime -> offset_datetime
2025-01-09T08:37:05.747-06:00 DEBUG 20036 --- [           main] o.h.q.sqm.function.SqmFunctionRegistry   : Registered SqmFunctionTemplate [org.hibernate.dialect.function.CurrentFunction@74bfa2f8] under instant; prior registration was null
2025-01-09T08:37:05.747-06:00 DEBUG 20036 --- [           main] o.h.q.sqm.function.SqmFunctionRegistry   : Registering alternate key : current_instant -> instant
2025-01-09T08:37:05.747-06:00 DEBUG 20036 --- [           main] o.h.q.sqm.function.SqmFunctionRegistry   : Registered SqmFunctionTemplate [org.hibernate.dialect.function.SqlFunction@79c7d95a] under sql; prior registration was null
2025-01-09T08:37:05.747-06:00 DEBUG 20036 --- [           main] o.h.q.sqm.function.SqmFunctionRegistry   : Registered SqmFunctionTemplate [NamedSqmFunctionTemplate(max)] under max; prior registration was NamedSqmFunctionTemplate(max)
2025-01-09T08:37:05.747-06:00 DEBUG 20036 --- [           main] o.h.q.sqm.function.SqmFunctionRegistry   : Registered SqmFunctionTemplate [NamedSqmFunctionTemplate(min)] under min; prior registration was NamedSqmFunctionTemplate(min)
2025-01-09T08:37:05.747-06:00 DEBUG 20036 --- [           main] o.h.q.sqm.function.SqmFunctionRegistry   : Registered SqmFunctionTemplate [NamedSqmFunctionTemplate(sum)] under sum; prior registration was NamedSqmFunctionTemplate(sum)
2025-01-09T08:37:05.747-06:00 DEBUG 20036 --- [           main] o.h.q.sqm.function.SqmFunctionRegistry   : Registered SqmFunctionTemplate [NamedSqmFunctionTemplate(avg)] under avg; prior registration was NamedSqmFunctionTemplate(avg)
2025-01-09T08:37:05.747-06:00 DEBUG 20036 --- [           main] o.h.q.sqm.function.SqmFunctionRegistry   : Registered SqmFunctionTemplate [org.hibernate.dialect.function.CountFunction@76f3f810] under count; prior registration was org.hibernate.dialect.function.CountFunction@4ed03796
2025-01-09T08:37:05.747-06:00 DEBUG 20036 --- [           main] o.h.q.sqm.function.SqmFunctionRegistry   : Registered SqmFunctionTemplate [org.hibernate.dialect.function.AvgFunction@7d7efdf5] under avg; prior registration was NamedSqmFunctionTemplate(avg)
2025-01-09T08:37:05.747-06:00 DEBUG 20036 --- [           main] o.h.q.sqm.function.SqmFunctionRegistry   : Registered SqmFunctionTemplate [NamedSqmFunctionTemplate(pi)] under pi; prior registration was org.hibernate.query.sqm.function.PatternBasedSqmFunctionDescriptor@653408dc
2025-01-09T08:37:05.747-06:00 DEBUG 20036 --- [           main] o.h.q.sqm.function.SqmFunctionRegistry   : Registered SqmFunctionTemplate [NamedSqmFunctionTemplate(cot)] under cot; prior registration was null
2025-01-09T08:37:05.747-06:00 DEBUG 20036 --- [           main] o.h.q.sqm.function.SqmFunctionRegistry   : Registered SqmFunctionTemplate [NamedSqmFunctionTemplate(radians)] under radians; prior registration was null
2025-01-09T08:37:05.747-06:00 DEBUG 20036 --- [           main] o.h.q.sqm.function.SqmFunctionRegistry   : Registered SqmFunctionTemplate [NamedSqmFunctionTemplate(degrees)] under degrees; prior registration was null
2025-01-09T08:37:05.747-06:00 DEBUG 20036 --- [           main] o.h.q.sqm.function.SqmFunctionRegistry   : Registered SqmFunctionTemplate [NamedSqmFunctionTemplate(log10)] under log10; prior registration was null
2025-01-09T08:37:05.747-06:00 DEBUG 20036 --- [           main] o.h.q.sqm.function.SqmFunctionRegistry   : Registered SqmFunctionTemplate [org.hibernate.query.sqm.function.PatternBasedSqmFunctionDescriptor@74df38c0] under mod; prior registration was NamedSqmFunctionTemplate(mod)
2025-01-09T08:37:05.747-06:00 DEBUG 20036 --- [           main] o.h.q.sqm.function.SqmFunctionRegistry   : Registered SqmFunctionTemplate [NamedSqmFunctionTemplate(rand)] under rand; prior registration was null
2025-01-09T08:37:05.747-06:00 DEBUG 20036 --- [           main] o.h.q.sqm.function.SqmFunctionRegistry   : Registered SqmFunctionTemplate [NamedSqmFunctionTemplate(soundex)] under soundex; prior registration was null
2025-01-09T08:37:05.747-06:00 DEBUG 20036 --- [           main] o.h.q.sqm.function.SqmFunctionRegistry   : Registered SqmFunctionTemplate [NamedSqmFunctionTemplate(translate)] under translate; prior registration was null
2025-01-09T08:37:05.747-06:00 DEBUG 20036 --- [           main] o.h.q.sqm.function.SqmFunctionRegistry   : Registered SqmFunctionTemplate [NamedSqmFunctionTemplate(bitand)] under bitand; prior registration was null
2025-01-09T08:37:05.747-06:00 DEBUG 20036 --- [           main] o.h.q.sqm.function.SqmFunctionRegistry   : Registered SqmFunctionTemplate [NamedSqmFunctionTemplate(bitor)] under bitor; prior registration was null
2025-01-09T08:37:05.747-06:00 DEBUG 20036 --- [           main] o.h.q.sqm.function.SqmFunctionRegistry   : Registered SqmFunctionTemplate [NamedSqmFunctionTemplate(bitxor)] under bitxor; prior registration was null
2025-01-09T08:37:05.747-06:00 DEBUG 20036 --- [           main] o.h.q.sqm.function.SqmFunctionRegistry   : Registered SqmFunctionTemplate [NamedSqmFunctionTemplate(bit_and)] under bit_and; prior registration was null
2025-01-09T08:37:05.747-06:00 DEBUG 20036 --- [           main] o.h.q.sqm.function.SqmFunctionRegistry   : Registered SqmFunctionTemplate [NamedSqmFunctionTemplate(bit_or)] under bit_or; prior registration was null
2025-01-09T08:37:05.747-06:00 DEBUG 20036 --- [           main] o.h.q.sqm.function.SqmFunctionRegistry   : Registered SqmFunctionTemplate [NamedSqmFunctionTemplate(day)] under day; prior registration was null
2025-01-09T08:37:05.747-06:00 DEBUG 20036 --- [           main] o.h.q.sqm.function.SqmFunctionRegistry   : Registered SqmFunctionTemplate [NamedSqmFunctionTemplate(month)] under month; prior registration was null
2025-01-09T08:37:05.747-06:00 DEBUG 20036 --- [           main] o.h.q.sqm.function.SqmFunctionRegistry   : Registered SqmFunctionTemplate [NamedSqmFunctionTemplate(year)] under year; prior registration was null
2025-01-09T08:37:05.747-06:00 DEBUG 20036 --- [           main] o.h.q.sqm.function.SqmFunctionRegistry   : Registered SqmFunctionTemplate [NamedSqmFunctionTemplate(hour)] under hour; prior registration was null
2025-01-09T08:37:05.747-06:00 DEBUG 20036 --- [           main] o.h.q.sqm.function.SqmFunctionRegistry   : Registered SqmFunctionTemplate [NamedSqmFunctionTemplate(minute)] under minute; prior registration was null
2025-01-09T08:37:05.747-06:00 DEBUG 20036 --- [           main] o.h.q.sqm.function.SqmFunctionRegistry   : Registered SqmFunctionTemplate [NamedSqmFunctionTemplate(second)] under second; prior registration was null
2025-01-09T08:37:05.747-06:00 DEBUG 20036 --- [           main] o.h.q.sqm.function.SqmFunctionRegistry   : Registered SqmFunctionTemplate [NamedSqmFunctionTemplate(microsecond)] under microsecond; prior registration was null
2025-01-09T08:37:05.747-06:00 DEBUG 20036 --- [           main] o.h.q.sqm.function.SqmFunctionRegistry   : Registered SqmFunctionTemplate [NamedSqmFunctionTemplate(day_of_week)] under day_of_week; prior registration was null
2025-01-09T08:37:05.747-06:00 DEBUG 20036 --- [           main] o.h.q.sqm.function.SqmFunctionRegistry   : Registered SqmFunctionTemplate [NamedSqmFunctionTemplate(day_of_month)] under day_of_month; prior registration was null
2025-01-09T08:37:05.747-06:00 DEBUG 20036 --- [           main] o.h.q.sqm.function.SqmFunctionRegistry   : Registering alternate key : day -> day_of_month
2025-01-09T08:37:05.747-06:00 DEBUG 20036 --- [           main] o.h.q.sqm.function.SqmFunctionRegistry   : Registered SqmFunctionTemplate [NamedSqmFunctionTemplate(day_of_year)] under day_of_year; prior registration was null
2025-01-09T08:37:05.747-06:00 DEBUG 20036 --- [           main] o.h.q.sqm.function.SqmFunctionRegistry   : Registered SqmFunctionTemplate [NamedSqmFunctionTemplate(week)] under week; prior registration was null
2025-01-09T08:37:05.747-06:00 DEBUG 20036 --- [           main] o.h.q.sqm.function.SqmFunctionRegistry   : Registered SqmFunctionTemplate [NamedSqmFunctionTemplate(quarter)] under quarter; prior registration was null
2025-01-09T08:37:05.747-06:00 DEBUG 20036 --- [           main] o.h.q.sqm.function.SqmFunctionRegistry   : Registered SqmFunctionTemplate [NamedSqmFunctionTemplate(monthname)] under monthname; prior registration was null
2025-01-09T08:37:05.747-06:00 DEBUG 20036 --- [           main] o.h.q.sqm.function.SqmFunctionRegistry   : Registered SqmFunctionTemplate [NamedSqmFunctionTemplate(dayname)] under dayname; prior registration was null
2025-01-09T08:37:05.747-06:00 DEBUG 20036 --- [           main] o.h.q.sqm.function.SqmFunctionRegistry   : Registered SqmFunctionTemplate [NamedSqmFunctionTemplate(localtime)] under localtime; prior registration was null
2025-01-09T08:37:05.747-06:00 DEBUG 20036 --- [           main] o.h.q.sqm.function.SqmFunctionRegistry   : Registered SqmFunctionTemplate [NamedSqmFunctionTemplate(localtimestamp)] under localtimestamp; prior registration was null
2025-01-09T08:37:05.747-06:00 DEBUG 20036 --- [           main] o.h.q.sqm.function.SqmFunctionRegistry   : Registered SqmFunctionTemplate [NamedSqmFunctionTemplate(localtime)] under local_time; prior registration was org.hibernate.dialect.function.CurrentFunction@830b8a5
2025-01-09T08:37:05.747-06:00 DEBUG 20036 --- [           main] o.h.q.sqm.function.SqmFunctionRegistry   : Registered SqmFunctionTemplate [NamedSqmFunctionTemplate(localtimestamp)] under local_datetime; prior registration was org.hibernate.dialect.function.CurrentFunction@2ad4ade7
2025-01-09T08:37:05.747-06:00 DEBUG 20036 --- [           main] o.h.q.sqm.function.SqmFunctionRegistry   : Registered SqmFunctionTemplate [org.hibernate.dialect.function.TruncFunction@33953208] under trunc; prior registration was null
2025-01-09T08:37:05.747-06:00 DEBUG 20036 --- [           main] o.h.q.sqm.function.SqmFunctionRegistry   : Registering alternate key : truncate -> trunc
2025-01-09T08:37:05.747-06:00 DEBUG 20036 --- [           main] o.h.q.sqm.function.SqmFunctionRegistry   : Registered SqmFunctionTemplate [org.hibernate.query.sqm.function.PatternBasedSqmFunctionDescriptor@5acf7f12] under date_trunc; prior registration was null
2025-01-09T08:37:05.747-06:00 DEBUG 20036 --- [           main] o.h.q.sqm.function.SqmFunctionRegistry   : Registered SqmFunctionTemplate [NamedSqmFunctionTemplate(bit_length)] under bit_length; prior registration was null
2025-01-09T08:37:05.747-06:00 DEBUG 20036 --- [           main] o.h.q.sqm.function.SqmFunctionRegistry   : Registered SqmFunctionTemplate [NamedSqmFunctionTemplate(octet_length)] under octet_length; prior registration was null
2025-01-09T08:37:05.747-06:00 DEBUG 20036 --- [           main] o.h.q.sqm.function.SqmFunctionRegistry   : Registered SqmFunctionTemplate [NamedSqmFunctionTemplate(ascii)] under ascii; prior registration was null
2025-01-09T08:37:05.747-06:00 DEBUG 20036 --- [           main] o.h.q.sqm.function.SqmFunctionRegistry   : Registered SqmFunctionTemplate [NamedSqmFunctionTemplate(octet_length)] under octet_length; prior registration was NamedSqmFunctionTemplate(octet_length)
2025-01-09T08:37:05.747-06:00 DEBUG 20036 --- [           main] o.h.q.sqm.function.SqmFunctionRegistry   : Registered SqmFunctionTemplate [NamedSqmFunctionTemplate(space)] under space; prior registration was null
2025-01-09T08:37:05.747-06:00 DEBUG 20036 --- [           main] o.h.q.sqm.function.SqmFunctionRegistry   : Registered SqmFunctionTemplate [NamedSqmFunctionTemplate(repeat)] under repeat; prior registration was null
2025-01-09T08:37:05.747-06:00 DEBUG 20036 --- [           main] o.h.q.sqm.function.SqmFunctionRegistry   : Registered SqmFunctionTemplate [NamedSqmFunctionTemplate(char)] under char; prior registration was null
2025-01-09T08:37:05.747-06:00 DEBUG 20036 --- [           main] o.h.q.sqm.function.SqmFunctionRegistry   : Registering alternate key : chr -> char
2025-01-09T08:37:05.747-06:00 DEBUG 20036 --- [           main] o.h.q.sqm.function.SqmFunctionRegistry   : Registered SqmFunctionTemplate [NamedSqmFunctionTemplate(instr)] under instr; prior registration was null
2025-01-09T08:37:05.747-06:00 DEBUG 20036 --- [           main] o.h.q.sqm.function.SqmFunctionRegistry   : Registered SqmFunctionTemplate [NamedSqmFunctionTemplate(substr)] under substr; prior registration was null
2025-01-09T08:37:05.747-06:00 DEBUG 20036 --- [           main] o.h.q.sqm.function.SqmFunctionRegistry   : Registered SqmFunctionTemplate [org.hibernate.query.sqm.function.PatternBasedSqmFunctionDescriptor@50d4b0eb] under position; prior registration was org.hibernate.dialect.function.LocatePositionEmulation@35b71e90
2025-01-09T08:37:05.747-06:00 DEBUG 20036 --- [           main] o.h.q.sqm.function.SqmFunctionRegistry   : Registered SqmFunctionTemplate [NamedSqmFunctionTemplate(ltrim)] under ltrim; prior registration was null
2025-01-09T08:37:05.747-06:00 DEBUG 20036 --- [           main] o.h.q.sqm.function.SqmFunctionRegistry   : Registered SqmFunctionTemplate [NamedSqmFunctionTemplate(rtrim)] under rtrim; prior registration was null
2025-01-09T08:37:05.747-06:00 DEBUG 20036 --- [           main] o.h.q.sqm.function.SqmFunctionRegistry   : Registered SqmFunctionTemplate [org.hibernate.query.sqm.function.PatternBasedSqmFunctionDescriptor@5d408b09] under concat; prior registration was NamedSqmFunctionTemplate(concat)
2025-01-09T08:37:05.747-06:00 DEBUG 20036 --- [           main] o.h.q.sqm.function.SqmFunctionRegistry   : Registered SqmFunctionTemplate [NamedSqmFunctionTemplate(curtime)] under curtime; prior registration was null
2025-01-09T08:37:05.747-06:00 DEBUG 20036 --- [           main] o.h.q.sqm.function.SqmFunctionRegistry   : Registered SqmFunctionTemplate [NamedSqmFunctionTemplate(curdate)] under curdate; prior registration was null
2025-01-09T08:37:05.747-06:00 DEBUG 20036 --- [           main] o.h.q.sqm.function.SqmFunctionRegistry   : Registered SqmFunctionTemplate [NamedSqmFunctionTemplate(now)] under now; prior registration was null
2025-01-09T08:37:05.747-06:00 DEBUG 20036 --- [           main] o.h.q.sqm.function.SqmFunctionRegistry   : Registered SqmFunctionTemplate [NamedSqmFunctionTemplate(sysdate)] under sysdate; prior registration was null
2025-01-09T08:37:05.747-06:00 DEBUG 20036 --- [           main] o.h.q.sqm.function.SqmFunctionRegistry   : Registered SqmFunctionTemplate [NamedSqmFunctionTemplate(insert)] under insert; prior registration was null
2025-01-09T08:37:05.747-06:00 DEBUG 20036 --- [           main] o.h.q.sqm.function.SqmFunctionRegistry   : Registered SqmFunctionTemplate [NamedSqmFunctionTemplate(bool_and)] under bool_and; prior registration was null
2025-01-09T08:37:05.747-06:00 DEBUG 20036 --- [           main] o.h.q.sqm.function.SqmFunctionRegistry   : Registering alternate key : every -> bool_and
2025-01-09T08:37:05.747-06:00 DEBUG 20036 --- [           main] o.h.q.sqm.function.SqmFunctionRegistry   : Registered SqmFunctionTemplate [NamedSqmFunctionTemplate(bool_or)] under bool_or; prior registration was null
2025-01-09T08:37:05.747-06:00 DEBUG 20036 --- [           main] o.h.q.sqm.function.SqmFunctionRegistry   : Registering alternate key : any -> bool_or
2025-01-09T08:37:05.747-06:00 DEBUG 20036 --- [           main] o.h.q.sqm.function.SqmFunctionRegistry   : Registered SqmFunctionTemplate [NamedSqmFunctionTemplate(median)] under median; prior registration was null
2025-01-09T08:37:05.747-06:00 DEBUG 20036 --- [           main] o.h.q.sqm.function.SqmFunctionRegistry   : Registered SqmFunctionTemplate [NamedSqmFunctionTemplate(stddev_pop)] under stddev_pop; prior registration was null
2025-01-09T08:37:05.747-06:00 DEBUG 20036 --- [           main] o.h.q.sqm.function.SqmFunctionRegistry   : Registered SqmFunctionTemplate [NamedSqmFunctionTemplate(stddev_samp)] under stddev_samp; prior registration was null
2025-01-09T08:37:05.747-06:00 DEBUG 20036 --- [           main] o.h.q.sqm.function.SqmFunctionRegistry   : Registered SqmFunctionTemplate [NamedSqmFunctionTemplate(var_pop)] under var_pop; prior registration was null
2025-01-09T08:37:05.747-06:00 DEBUG 20036 --- [           main] o.h.q.sqm.function.SqmFunctionRegistry   : Registered SqmFunctionTemplate [NamedSqmFunctionTemplate(var_samp)] under var_samp; prior registration was null
2025-01-09T08:37:05.747-06:00 DEBUG 20036 --- [           main] o.h.q.sqm.function.SqmFunctionRegistry   : Registered SqmFunctionTemplate [org.hibernate.dialect.function.FormatFunction@47dff7db] under format; prior registration was org.hibernate.dialect.function.FormatFunction@1238c363
2025-01-09T08:37:05.747-06:00 DEBUG 20036 --- [           main] o.h.q.sqm.function.SqmFunctionRegistry   : Registered SqmFunctionTemplate [NamedSqmFunctionTemplate(rownum)] under rownum; prior registration was null
2025-01-09T08:37:05.747-06:00 DEBUG 20036 --- [           main] o.h.q.sqm.function.SqmFunctionRegistry   : Registered SqmFunctionTemplate [NamedSqmFunctionTemplate(row_number)] under row_number; prior registration was null
2025-01-09T08:37:05.747-06:00 DEBUG 20036 --- [           main] o.h.q.sqm.function.SqmFunctionRegistry   : Registered SqmFunctionTemplate [NamedSqmFunctionTemplate(lag)] under lag; prior registration was null
2025-01-09T08:37:05.747-06:00 DEBUG 20036 --- [           main] o.h.q.sqm.function.SqmFunctionRegistry   : Registered SqmFunctionTemplate [NamedSqmFunctionTemplate(lead)] under lead; prior registration was null
2025-01-09T08:37:05.747-06:00 DEBUG 20036 --- [           main] o.h.q.sqm.function.SqmFunctionRegistry   : Registered SqmFunctionTemplate [NamedSqmFunctionTemplate(first_value)] under first_value; prior registration was null
2025-01-09T08:37:05.747-06:00 DEBUG 20036 --- [           main] o.h.q.sqm.function.SqmFunctionRegistry   : Registered SqmFunctionTemplate [NamedSqmFunctionTemplate(last_value)] under last_value; prior registration was null
2025-01-09T08:37:05.747-06:00 DEBUG 20036 --- [           main] o.h.q.sqm.function.SqmFunctionRegistry   : Registered SqmFunctionTemplate [NamedSqmFunctionTemplate(nth_value)] under nth_value; prior registration was null
2025-01-09T08:37:05.747-06:00 DEBUG 20036 --- [           main] o.h.q.sqm.function.SqmFunctionRegistry   : Registered SqmFunctionTemplate [org.hibernate.dialect.function.ListaggFunction@66c937dd] under listagg; prior registration was null
2025-01-09T08:37:05.747-06:00 DEBUG 20036 --- [           main] o.h.q.sqm.function.SqmFunctionRegistry   : Registered SqmFunctionTemplate [org.hibernate.dialect.function.InverseDistributionFunction@13ef9007] under mode; prior registration was null
2025-01-09T08:37:05.747-06:00 DEBUG 20036 --- [           main] o.h.q.sqm.function.SqmFunctionRegistry   : Registered SqmFunctionTemplate [org.hibernate.dialect.function.InverseDistributionFunction@4aae59b0] under percentile_cont; prior registration was null
2025-01-09T08:37:05.747-06:00 DEBUG 20036 --- [           main] o.h.q.sqm.function.SqmFunctionRegistry   : Registered SqmFunctionTemplate [org.hibernate.dialect.function.InverseDistributionFunction@72f70e11] under percentile_disc; prior registration was null
2025-01-09T08:37:05.748-06:00 DEBUG 20036 --- [           main] o.h.q.sqm.function.SqmFunctionRegistry   : Registered SqmFunctionTemplate [org.hibernate.dialect.function.HypotheticalSetFunction@5d2fb84d] under rank; prior registration was null
2025-01-09T08:37:05.748-06:00 DEBUG 20036 --- [           main] o.h.q.sqm.function.SqmFunctionRegistry   : Registered SqmFunctionTemplate [org.hibernate.dialect.function.HypotheticalSetFunction@32af7447] under dense_rank; prior registration was null
2025-01-09T08:37:05.748-06:00 DEBUG 20036 --- [           main] o.h.q.sqm.function.SqmFunctionRegistry   : Registered SqmFunctionTemplate [org.hibernate.dialect.function.HypotheticalSetFunction@a74d87b] under percent_rank; prior registration was null
2025-01-09T08:37:05.748-06:00 DEBUG 20036 --- [           main] o.h.q.sqm.function.SqmFunctionRegistry   : Registered SqmFunctionTemplate [org.hibernate.dialect.function.HypotheticalSetFunction@40b9d8a2] under cume_dist; prior registration was null
2025-01-09T08:37:05.748-06:00 DEBUG 20036 --- [           main] o.h.q.sqm.function.SqmFunctionRegistry   : Registered SqmFunctionTemplate [org.hibernate.dialect.function.array.ArrayConstructorFunction@6074ed28] under array; prior registration was null
2025-01-09T08:37:05.748-06:00 DEBUG 20036 --- [           main] o.h.q.sqm.function.SqmFunctionRegistry   : Registered SqmFunctionTemplate [org.hibernate.dialect.function.array.ArrayConstructorFunction@29b0a02d] under array_list; prior registration was null
2025-01-09T08:37:05.748-06:00 DEBUG 20036 --- [           main] o.h.q.sqm.function.SqmFunctionRegistry   : Registered SqmFunctionTemplate [org.hibernate.dialect.function.array.ArrayAggFunction@5ab0260] under array_agg; prior registration was null
2025-01-09T08:37:05.748-06:00 DEBUG 20036 --- [           main] o.h.q.sqm.function.SqmFunctionRegistry   : Registered SqmFunctionTemplate [org.hibernate.dialect.function.array.H2ArrayPositionFunction@b59b6bf] under array_position; prior registration was null
2025-01-09T08:37:05.748-06:00 DEBUG 20036 --- [           main] o.h.q.sqm.function.SqmFunctionRegistry   : Registered SqmFunctionTemplate [org.hibernate.dialect.function.array.H2ArrayPositionsFunction@4c831751] under array_positions; prior registration was null
2025-01-09T08:37:05.748-06:00 DEBUG 20036 --- [           main] o.h.q.sqm.function.SqmFunctionRegistry   : Registered SqmFunctionTemplate [org.hibernate.dialect.function.array.H2ArrayPositionsFunction@601e6724] under array_positions_list; prior registration was null
2025-01-09T08:37:05.748-06:00 DEBUG 20036 --- [           main] o.h.q.sqm.function.SqmFunctionRegistry   : Registered SqmFunctionTemplate [org.hibernate.query.sqm.function.PatternBasedSqmFunctionDescriptor@3dfbd145] under array_length; prior registration was null
2025-01-09T08:37:05.748-06:00 DEBUG 20036 --- [           main] o.h.q.sqm.function.SqmFunctionRegistry   : Registered SqmFunctionTemplate [org.hibernate.dialect.function.array.ArrayConcatFunction@7b51740b] under array_concat; prior registration was null
2025-01-09T08:37:05.748-06:00 DEBUG 20036 --- [           main] o.h.q.sqm.function.SqmFunctionRegistry   : Registered SqmFunctionTemplate [org.hibernate.dialect.function.array.ArrayConcatElementFunction@2f3cddaf] under array_prepend; prior registration was null
2025-01-09T08:37:05.748-06:00 DEBUG 20036 --- [           main] o.h.q.sqm.function.SqmFunctionRegistry   : Registered SqmFunctionTemplate [org.hibernate.dialect.function.array.ArrayConcatElementFunction@3c88b82b] under array_append; prior registration was null
2025-01-09T08:37:05.748-06:00 DEBUG 20036 --- [           main] o.h.q.sqm.function.SqmFunctionRegistry   : Registered SqmFunctionTemplate [org.hibernate.dialect.function.array.H2ArrayContainsFunction@5f1a2706] under array_contains; prior registration was null
2025-01-09T08:37:05.748-06:00 DEBUG 20036 --- [           main] o.h.q.sqm.function.SqmFunctionRegistry   : Registered SqmFunctionTemplate [org.hibernate.dialect.function.array.H2ArrayContainsFunction@2f1bf1c2] under array_contains_nullable; prior registration was null
2025-01-09T08:37:05.748-06:00 DEBUG 20036 --- [           main] o.h.q.sqm.function.SqmFunctionRegistry   : Registered SqmFunctionTemplate [org.hibernate.dialect.function.array.H2ArrayOverlapsFunction@6603902b] under array_overlaps; prior registration was null
2025-01-09T08:37:05.748-06:00 DEBUG 20036 --- [           main] o.h.q.sqm.function.SqmFunctionRegistry   : Registered SqmFunctionTemplate [org.hibernate.dialect.function.array.H2ArrayOverlapsFunction@1fb33520] under array_overlaps_nullable; prior registration was null
2025-01-09T08:37:05.748-06:00 DEBUG 20036 --- [           main] o.h.q.sqm.function.SqmFunctionRegistry   : Registered SqmFunctionTemplate [org.hibernate.query.sqm.function.PatternBasedSqmFunctionDescriptor@111f13c7] under array_get; prior registration was null
2025-01-09T08:37:05.748-06:00 DEBUG 20036 --- [           main] o.h.q.sqm.function.SqmFunctionRegistry   : Registered SqmFunctionTemplate [org.hibernate.dialect.function.array.H2ArraySetFunction@61fa65c7] under array_set; prior registration was null
2025-01-09T08:37:05.748-06:00 DEBUG 20036 --- [           main] o.h.q.sqm.function.SqmFunctionRegistry   : Registered SqmFunctionTemplate [org.hibernate.dialect.function.array.H2ArrayRemoveFunction@1b02231b] under array_remove; prior registration was null
2025-01-09T08:37:05.748-06:00 DEBUG 20036 --- [           main] o.h.q.sqm.function.SqmFunctionRegistry   : Registered SqmFunctionTemplate [org.hibernate.dialect.function.array.H2ArrayRemoveIndexFunction@1d1e0f6e] under array_remove_index; prior registration was null
2025-01-09T08:37:05.748-06:00 DEBUG 20036 --- [           main] o.h.q.sqm.function.SqmFunctionRegistry   : Registered SqmFunctionTemplate [org.hibernate.query.sqm.function.PatternBasedSqmFunctionDescriptor@7476a621] under array_slice; prior registration was null
2025-01-09T08:37:05.748-06:00 DEBUG 20036 --- [           main] o.h.q.sqm.function.SqmFunctionRegistry   : Registered SqmFunctionTemplate [org.hibernate.dialect.function.array.H2ArrayReplaceFunction@46103135] under array_replace; prior registration was null
2025-01-09T08:37:05.748-06:00 DEBUG 20036 --- [           main] o.h.q.sqm.function.SqmFunctionRegistry   : Registered SqmFunctionTemplate [org.hibernate.query.sqm.function.PatternBasedSqmFunctionDescriptor@4c00d817] under array_trim; prior registration was null
2025-01-09T08:37:05.748-06:00 DEBUG 20036 --- [           main] o.h.q.sqm.function.SqmFunctionRegistry   : Registered SqmFunctionTemplate [org.hibernate.dialect.function.array.H2ArrayFillFunction@2188cb86] under array_fill; prior registration was null
2025-01-09T08:37:05.748-06:00 DEBUG 20036 --- [           main] o.h.q.sqm.function.SqmFunctionRegistry   : Registered SqmFunctionTemplate [org.hibernate.dialect.function.array.H2ArrayFillFunction@608e3638] under array_fill_list; prior registration was null
2025-01-09T08:37:05.748-06:00 DEBUG 20036 --- [           main] o.h.q.sqm.function.SqmFunctionRegistry   : Registered SqmFunctionTemplate [org.hibernate.dialect.function.array.H2ArrayToStringFunction@27d02a85] under array_to_string; prior registration was null
2025-01-09T08:37:05.748-06:00 DEBUG 20036 --- [           main] org.hibernate.HQL_FUNCTIONS              : abs(NUMERIC arg)
2025-01-09T08:37:05.748-06:00 DEBUG 20036 --- [           main] org.hibernate.HQL_FUNCTIONS              : Double acos(NUMERIC arg)
2025-01-09T08:37:05.748-06:00 DEBUG 20036 --- [           main] org.hibernate.HQL_FUNCTIONS              : Boolean any(BOOLEAN predicate)
2025-01-09T08:37:05.748-06:00 DEBUG 20036 --- [           main] org.hibernate.HQL_FUNCTIONS              : array( ... )
2025-01-09T08:37:05.748-06:00 DEBUG 20036 --- [           main] org.hibernate.HQL_FUNCTIONS              : array_agg(arg)
2025-01-09T08:37:05.748-06:00 DEBUG 20036 --- [           main] org.hibernate.HQL_FUNCTIONS              : array_append( ... )
2025-01-09T08:37:05.748-06:00 DEBUG 20036 --- [           main] org.hibernate.HQL_FUNCTIONS              : array_concat( ... )
2025-01-09T08:37:05.748-06:00 DEBUG 20036 --- [           main] org.hibernate.HQL_FUNCTIONS              : Boolean array_contains(ARRAY haystackArray, OBJECT needleElementOrArray)
2025-01-09T08:37:05.748-06:00 DEBUG 20036 --- [           main] org.hibernate.HQL_FUNCTIONS              : Boolean array_contains_nullable(ARRAY haystackArray, OBJECT needleElementOrArray)
2025-01-09T08:37:05.748-06:00 DEBUG 20036 --- [           main] org.hibernate.HQL_FUNCTIONS              : array_fill(OBJECT element, INTEGER elementCount)
2025-01-09T08:37:05.748-06:00 DEBUG 20036 --- [           main] org.hibernate.HQL_FUNCTIONS              : array_fill_list(OBJECT element, INTEGER elementCount)
2025-01-09T08:37:05.748-06:00 DEBUG 20036 --- [           main] org.hibernate.HQL_FUNCTIONS              : array_get(ARRAY array, INTEGER index)
2025-01-09T08:37:05.748-06:00 DEBUG 20036 --- [           main] org.hibernate.HQL_FUNCTIONS              : Integer array_length(ARRAY array)
2025-01-09T08:37:05.748-06:00 DEBUG 20036 --- [           main] org.hibernate.HQL_FUNCTIONS              : array_list( ... )
2025-01-09T08:37:05.748-06:00 DEBUG 20036 --- [           main] org.hibernate.HQL_FUNCTIONS              : Boolean array_overlaps(ARRAY array0, OBJECT array1)
2025-01-09T08:37:05.748-06:00 DEBUG 20036 --- [           main] org.hibernate.HQL_FUNCTIONS              : Boolean array_overlaps_nullable(ARRAY array0, OBJECT array1)
2025-01-09T08:37:05.748-06:00 DEBUG 20036 --- [           main] org.hibernate.HQL_FUNCTIONS              : Integer array_position(ARRAY array, OBJECT element[, INTEGER startPosition])
2025-01-09T08:37:05.748-06:00 DEBUG 20036 --- [           main] org.hibernate.HQL_FUNCTIONS              : int[] array_positions(ARRAY array, OBJECT element)
2025-01-09T08:37:05.748-06:00 DEBUG 20036 --- [           main] org.hibernate.HQL_FUNCTIONS              : List array_positions_list(ARRAY array, OBJECT element)
2025-01-09T08:37:05.748-06:00 DEBUG 20036 --- [           main] org.hibernate.HQL_FUNCTIONS              : array_prepend( ... )
2025-01-09T08:37:05.748-06:00 DEBUG 20036 --- [           main] org.hibernate.HQL_FUNCTIONS              : array_remove( ... )
2025-01-09T08:37:05.748-06:00 DEBUG 20036 --- [           main] org.hibernate.HQL_FUNCTIONS              : array_remove_index( ... )
2025-01-09T08:37:05.748-06:00 DEBUG 20036 --- [           main] org.hibernate.HQL_FUNCTIONS              : array_replace( ... )
2025-01-09T08:37:05.748-06:00 DEBUG 20036 --- [           main] org.hibernate.HQL_FUNCTIONS              : array_set( ... )
2025-01-09T08:37:05.748-06:00 DEBUG 20036 --- [           main] org.hibernate.HQL_FUNCTIONS              : array_slice(ARRAY array, INTEGER start, INTEGER end)
2025-01-09T08:37:05.748-06:00 DEBUG 20036 --- [           main] org.hibernate.HQL_FUNCTIONS              : String array_to_string( ... )
2025-01-09T08:37:05.748-06:00 DEBUG 20036 --- [           main] org.hibernate.HQL_FUNCTIONS              : array_trim(ARRAY array, INTEGER elementsToRemove)
2025-01-09T08:37:05.748-06:00 DEBUG 20036 --- [           main] org.hibernate.HQL_FUNCTIONS              : Integer ascii(STRING arg)
2025-01-09T08:37:05.748-06:00 DEBUG 20036 --- [           main] org.hibernate.HQL_FUNCTIONS              : Double asin(NUMERIC arg)
2025-01-09T08:37:05.748-06:00 DEBUG 20036 --- [           main] org.hibernate.HQL_FUNCTIONS              : Double atan(NUMERIC arg)
2025-01-09T08:37:05.748-06:00 DEBUG 20036 --- [           main] org.hibernate.HQL_FUNCTIONS              : Double atan2(NUMERIC arg0, NUMERIC arg1)
2025-01-09T08:37:05.748-06:00 DEBUG 20036 --- [           main] org.hibernate.HQL_FUNCTIONS              : avg(NUMERIC arg)
2025-01-09T08:37:05.748-06:00 DEBUG 20036 --- [           main] org.hibernate.HQL_FUNCTIONS              : bit_and(arg)
2025-01-09T08:37:05.748-06:00 DEBUG 20036 --- [           main] org.hibernate.HQL_FUNCTIONS              : Integer bit_length(STRING_OR_CLOB arg)
2025-01-09T08:37:05.748-06:00 DEBUG 20036 --- [           main] org.hibernate.HQL_FUNCTIONS              : bit_or(arg)
2025-01-09T08:37:05.748-06:00 DEBUG 20036 --- [           main] org.hibernate.HQL_FUNCTIONS              : bitand(arg0, arg1)
2025-01-09T08:37:05.748-06:00 DEBUG 20036 --- [           main] org.hibernate.HQL_FUNCTIONS              : bitor(arg0, arg1)
2025-01-09T08:37:05.748-06:00 DEBUG 20036 --- [           main] org.hibernate.HQL_FUNCTIONS              : bitxor(arg0, arg1)
2025-01-09T08:37:05.748-06:00 DEBUG 20036 --- [           main] org.hibernate.HQL_FUNCTIONS              : Boolean bool_and(BOOLEAN predicate)
2025-01-09T08:37:05.748-06:00 DEBUG 20036 --- [           main] org.hibernate.HQL_FUNCTIONS              : Boolean bool_or(BOOLEAN predicate)
2025-01-09T08:37:05.748-06:00 DEBUG 20036 --- [           main] org.hibernate.HQL_FUNCTIONS              : cast(arg as Type)
2025-01-09T08:37:05.748-06:00 DEBUG 20036 --- [           main] org.hibernate.HQL_FUNCTIONS              : ceiling(NUMERIC arg)
2025-01-09T08:37:05.748-06:00 DEBUG 20036 --- [           main] org.hibernate.HQL_FUNCTIONS              : Character char(INTEGER arg)
2025-01-09T08:37:05.748-06:00 DEBUG 20036 --- [           main] org.hibernate.HQL_FUNCTIONS              : Integer character_length(STRING_OR_CLOB arg)
2025-01-09T08:37:05.748-06:00 DEBUG 20036 --- [           main] org.hibernate.HQL_FUNCTIONS              : Character chr(INTEGER arg)
2025-01-09T08:37:05.748-06:00 DEBUG 20036 --- [           main] org.hibernate.HQL_FUNCTIONS              : coalesce(arg0[, arg1[, ...]])
2025-01-09T08:37:05.748-06:00 DEBUG 20036 --- [           main] org.hibernate.HQL_FUNCTIONS              : String collate(STRING string as COLLATION collation)
2025-01-09T08:37:05.748-06:00 DEBUG 20036 --- [           main] org.hibernate.HQL_FUNCTIONS              : String concat(STRING string0[, STRING string1[, ...]])
2025-01-09T08:37:05.748-06:00 DEBUG 20036 --- [           main] org.hibernate.HQL_FUNCTIONS              : Double cos(NUMERIC arg)
2025-01-09T08:37:05.748-06:00 DEBUG 20036 --- [           main] org.hibernate.HQL_FUNCTIONS              : Double cosh(NUMERIC arg)
2025-01-09T08:37:05.748-06:00 DEBUG 20036 --- [           main] org.hibernate.HQL_FUNCTIONS              : Double cot(NUMERIC arg)
2025-01-09T08:37:05.748-06:00 DEBUG 20036 --- [           main] org.hibernate.HQL_FUNCTIONS              : Long count([distinct ]{arg|*})
2025-01-09T08:37:05.748-06:00 DEBUG 20036 --- [           main] org.hibernate.HQL_FUNCTIONS              : Double cume_dist([arg0[, ...]])
2025-01-09T08:37:05.748-06:00 DEBUG 20036 --- [           main] org.hibernate.HQL_FUNCTIONS              : Date curdate()
2025-01-09T08:37:05.748-06:00 DEBUG 20036 --- [           main] org.hibernate.HQL_FUNCTIONS              : Date current date
2025-01-09T08:37:05.748-06:00 DEBUG 20036 --- [           main] org.hibernate.HQL_FUNCTIONS              : Time current time
2025-01-09T08:37:05.748-06:00 DEBUG 20036 --- [           main] org.hibernate.HQL_FUNCTIONS              : Timestamp current timestamp
2025-01-09T08:37:05.748-06:00 DEBUG 20036 --- [           main] org.hibernate.HQL_FUNCTIONS              : Date current_date
2025-01-09T08:37:05.748-06:00 DEBUG 20036 --- [           main] org.hibernate.HQL_FUNCTIONS              : Instant current_instant
2025-01-09T08:37:05.748-06:00 DEBUG 20036 --- [           main] org.hibernate.HQL_FUNCTIONS              : Time current_time
2025-01-09T08:37:05.748-06:00 DEBUG 20036 --- [           main] org.hibernate.HQL_FUNCTIONS              : Timestamp current_timestamp
2025-01-09T08:37:05.748-06:00 DEBUG 20036 --- [           main] org.hibernate.HQL_FUNCTIONS              : Time curtime()
2025-01-09T08:37:05.748-06:00 DEBUG 20036 --- [           main] org.hibernate.HQL_FUNCTIONS              : date_trunc(STRING field, TEMPORAL datetime)
2025-01-09T08:37:05.748-06:00 DEBUG 20036 --- [           main] org.hibernate.HQL_FUNCTIONS              : dateadd(TEMPORAL_UNIT field, INTEGER magnitude, TEMPORAL datetime)
2025-01-09T08:37:05.748-06:00 DEBUG 20036 --- [           main] org.hibernate.HQL_FUNCTIONS              : basicType@121(java.lang.Long,-5)|basicType@124(java.lang.Double,8) datediff(TEMPORAL_UNIT field, TEMPORAL start, TEMPORAL end)
2025-01-09T08:37:05.748-06:00 DEBUG 20036 --- [           main] org.hibernate.HQL_FUNCTIONS              : Integer day(DATE arg)
2025-01-09T08:37:05.748-06:00 DEBUG 20036 --- [           main] org.hibernate.HQL_FUNCTIONS              : Integer day_of_month(DATE arg)
2025-01-09T08:37:05.748-06:00 DEBUG 20036 --- [           main] org.hibernate.HQL_FUNCTIONS              : Integer day_of_week(DATE arg)
2025-01-09T08:37:05.748-06:00 DEBUG 20036 --- [           main] org.hibernate.HQL_FUNCTIONS              : Integer day_of_year(DATE arg)
2025-01-09T08:37:05.748-06:00 DEBUG 20036 --- [           main] org.hibernate.HQL_FUNCTIONS              : String dayname(DATE arg)
2025-01-09T08:37:05.748-06:00 DEBUG 20036 --- [           main] org.hibernate.HQL_FUNCTIONS              : Double degrees(NUMERIC arg)
2025-01-09T08:37:05.748-06:00 DEBUG 20036 --- [           main] org.hibernate.HQL_FUNCTIONS              : Long dense_rank([arg0[, ...]])
2025-01-09T08:37:05.748-06:00 DEBUG 20036 --- [           main] org.hibernate.HQL_FUNCTIONS              : Boolean every(BOOLEAN predicate)
2025-01-09T08:37:05.748-06:00 DEBUG 20036 --- [           main] org.hibernate.HQL_FUNCTIONS              : Double exp(NUMERIC arg)
2025-01-09T08:37:05.748-06:00 DEBUG 20036 --- [           main] org.hibernate.HQL_FUNCTIONS              : extract(TEMPORAL_UNIT field from TEMPORAL arg)
2025-01-09T08:37:05.748-06:00 DEBUG 20036 --- [           main] org.hibernate.HQL_FUNCTIONS              : first_valueANY value
2025-01-09T08:37:05.748-06:00 DEBUG 20036 --- [           main] org.hibernate.HQL_FUNCTIONS              : floor(NUMERIC arg)
2025-01-09T08:37:05.748-06:00 DEBUG 20036 --- [           main] org.hibernate.HQL_FUNCTIONS              : String format(TEMPORAL datetime as STRING pattern)
2025-01-09T08:37:05.748-06:00 DEBUG 20036 --- [           main] org.hibernate.HQL_FUNCTIONS              : greatest(COMPARABLE arg0, COMPARABLE arg1[, arg2[, ...]])
2025-01-09T08:37:05.748-06:00 DEBUG 20036 --- [           main] org.hibernate.HQL_FUNCTIONS              : Integer hour(TIME arg)
2025-01-09T08:37:05.748-06:00 DEBUG 20036 --- [           main] org.hibernate.HQL_FUNCTIONS              : ifnull(arg0, arg1)
2025-01-09T08:37:05.748-06:00 DEBUG 20036 --- [           main] org.hibernate.HQL_FUNCTIONS              : String insert(STRING string, INTEGER start, INTEGER length, STRING replacement)
2025-01-09T08:37:05.748-06:00 DEBUG 20036 --- [           main] org.hibernate.HQL_FUNCTIONS              : Instant instant
2025-01-09T08:37:05.748-06:00 DEBUG 20036 --- [           main] org.hibernate.HQL_FUNCTIONS              : Integer instr(STRING string, STRING pattern[, INTEGER start[, INTEGER occurrence]])
2025-01-09T08:37:05.748-06:00 DEBUG 20036 --- [           main] org.hibernate.HQL_FUNCTIONS              : lagANY value[, INTEGER offset[, ANY default]]
2025-01-09T08:37:05.748-06:00 DEBUG 20036 --- [           main] org.hibernate.HQL_FUNCTIONS              : last_valueANY value
2025-01-09T08:37:05.748-06:00 DEBUG 20036 --- [           main] org.hibernate.HQL_FUNCTIONS              : leadANY value[, INTEGER offset[, ANY default]]
2025-01-09T08:37:05.748-06:00 DEBUG 20036 --- [           main] org.hibernate.HQL_FUNCTIONS              : least(COMPARABLE arg0, COMPARABLE arg1[, arg2[, ...]])
2025-01-09T08:37:05.748-06:00 DEBUG 20036 --- [           main] org.hibernate.HQL_FUNCTIONS              : String left(STRING string, INTEGER length)
2025-01-09T08:37:05.748-06:00 DEBUG 20036 --- [           main] org.hibernate.HQL_FUNCTIONS              : Integer length(STRING_OR_CLOB arg)
2025-01-09T08:37:05.748-06:00 DEBUG 20036 --- [           main] org.hibernate.HQL_FUNCTIONS              : String listagg(STRING arg0, STRING arg1)
2025-01-09T08:37:05.748-06:00 DEBUG 20036 --- [           main] org.hibernate.HQL_FUNCTIONS              : Double ln(NUMERIC arg)
2025-01-09T08:37:05.748-06:00 DEBUG 20036 --- [           main] org.hibernate.HQL_FUNCTIONS              : LocalDate local date
2025-01-09T08:37:05.748-06:00 DEBUG 20036 --- [           main] org.hibernate.HQL_FUNCTIONS              : LocalDateTime local datetime
2025-01-09T08:37:05.748-06:00 DEBUG 20036 --- [           main] org.hibernate.HQL_FUNCTIONS              : LocalTime local time
2025-01-09T08:37:05.748-06:00 DEBUG 20036 --- [           main] org.hibernate.HQL_FUNCTIONS              : LocalDate local_date
2025-01-09T08:37:05.748-06:00 DEBUG 20036 --- [           main] org.hibernate.HQL_FUNCTIONS              : LocalDateTime local_datetime
2025-01-09T08:37:05.748-06:00 DEBUG 20036 --- [           main] org.hibernate.HQL_FUNCTIONS              : LocalTime local_time
2025-01-09T08:37:05.748-06:00 DEBUG 20036 --- [           main] org.hibernate.HQL_FUNCTIONS              : Time localtime
2025-01-09T08:37:05.748-06:00 DEBUG 20036 --- [           main] org.hibernate.HQL_FUNCTIONS              : Timestamp localtimestamp
2025-01-09T08:37:05.748-06:00 DEBUG 20036 --- [           main] org.hibernate.HQL_FUNCTIONS              : Integer locate(STRING pattern, STRING string[, INTEGER start])
2025-01-09T08:37:05.748-06:00 DEBUG 20036 --- [           main] org.hibernate.HQL_FUNCTIONS              : Double log(NUMERIC base, NUMERIC arg)
2025-01-09T08:37:05.748-06:00 DEBUG 20036 --- [           main] org.hibernate.HQL_FUNCTIONS              : Double log10(NUMERIC arg)
2025-01-09T08:37:05.748-06:00 DEBUG 20036 --- [           main] org.hibernate.HQL_FUNCTIONS              : String lower(STRING string)
2025-01-09T08:37:05.748-06:00 DEBUG 20036 --- [           main] org.hibernate.HQL_FUNCTIONS              : String lpad(STRING string, INTEGER length[, STRING padding])
2025-01-09T08:37:05.748-06:00 DEBUG 20036 --- [           main] org.hibernate.HQL_FUNCTIONS              : String ltrim(STRING string)
2025-01-09T08:37:05.748-06:00 DEBUG 20036 --- [           main] org.hibernate.HQL_FUNCTIONS              : max(COMPARABLE arg)
2025-01-09T08:37:05.748-06:00 DEBUG 20036 --- [           main] org.hibernate.HQL_FUNCTIONS              : Double median(NUMERIC arg)
2025-01-09T08:37:05.748-06:00 DEBUG 20036 --- [           main] org.hibernate.HQL_FUNCTIONS              : Integer microsecond(TIME arg)
2025-01-09T08:37:05.748-06:00 DEBUG 20036 --- [           main] org.hibernate.HQL_FUNCTIONS              : min(COMPARABLE arg)
2025-01-09T08:37:05.748-06:00 DEBUG 20036 --- [           main] org.hibernate.HQL_FUNCTIONS              : Integer minute(TIME arg)
2025-01-09T08:37:05.748-06:00 DEBUG 20036 --- [           main] org.hibernate.HQL_FUNCTIONS              : Integer mod(INTEGER arg0, INTEGER arg1)
2025-01-09T08:37:05.748-06:00 DEBUG 20036 --- [           main] org.hibernate.HQL_FUNCTIONS              : mode()
2025-01-09T08:37:05.748-06:00 DEBUG 20036 --- [           main] org.hibernate.HQL_FUNCTIONS              : Integer month(DATE arg)
2025-01-09T08:37:05.748-06:00 DEBUG 20036 --- [           main] org.hibernate.HQL_FUNCTIONS              : String monthname(DATE arg)
2025-01-09T08:37:05.748-06:00 DEBUG 20036 --- [           main] org.hibernate.HQL_FUNCTIONS              : Timestamp now()
2025-01-09T08:37:05.748-06:00 DEBUG 20036 --- [           main] org.hibernate.HQL_FUNCTIONS              : nth_valueANY value, INTEGER nth
2025-01-09T08:37:05.748-06:00 DEBUG 20036 --- [           main] org.hibernate.HQL_FUNCTIONS              : nullif(arg0, arg1)
2025-01-09T08:37:05.748-06:00 DEBUG 20036 --- [           main] org.hibernate.HQL_FUNCTIONS              : Integer octet_length(STRING_OR_CLOB arg)
2025-01-09T08:37:05.748-06:00 DEBUG 20036 --- [           main] org.hibernate.HQL_FUNCTIONS              : OffsetDateTime offset datetime
2025-01-09T08:37:05.748-06:00 DEBUG 20036 --- [           main] org.hibernate.HQL_FUNCTIONS              : OffsetDateTime offset_datetime
2025-01-09T08:37:05.748-06:00 DEBUG 20036 --- [           main] org.hibernate.HQL_FUNCTIONS              : String overlay(STRING string placing STRING replacement from INTEGER start[ for INTEGER length])
2025-01-09T08:37:05.748-06:00 DEBUG 20036 --- [           main] org.hibernate.HQL_FUNCTIONS              : String pad(STRING string with INTEGER length {leading|trailing}[ STRING character])
2025-01-09T08:37:05.748-06:00 DEBUG 20036 --- [           main] org.hibernate.HQL_FUNCTIONS              : Double percent_rank([arg0[, ...]])
2025-01-09T08:37:05.748-06:00 DEBUG 20036 --- [           main] org.hibernate.HQL_FUNCTIONS              : percentile_cont(NUMERIC arg)
2025-01-09T08:37:05.748-06:00 DEBUG 20036 --- [           main] org.hibernate.HQL_FUNCTIONS              : percentile_disc(NUMERIC arg)
2025-01-09T08:37:05.748-06:00 DEBUG 20036 --- [           main] org.hibernate.HQL_FUNCTIONS              : Double pi
2025-01-09T08:37:05.748-06:00 DEBUG 20036 --- [           main] org.hibernate.HQL_FUNCTIONS              : Integer position(STRING pattern in STRING string)
2025-01-09T08:37:05.748-06:00 DEBUG 20036 --- [           main] org.hibernate.HQL_FUNCTIONS              : Double power(NUMERIC arg0, NUMERIC arg1)
2025-01-09T08:37:05.748-06:00 DEBUG 20036 --- [           main] org.hibernate.HQL_FUNCTIONS              : Integer quarter(DATE arg)
2025-01-09T08:37:05.748-06:00 DEBUG 20036 --- [           main] org.hibernate.HQL_FUNCTIONS              : Double radians(NUMERIC arg)
2025-01-09T08:37:05.748-06:00 DEBUG 20036 --- [           main] org.hibernate.HQL_FUNCTIONS              : Double rand([INTEGER seed])
2025-01-09T08:37:05.748-06:00 DEBUG 20036 --- [           main] org.hibernate.HQL_FUNCTIONS              : Long rank([arg0[, ...]])
2025-01-09T08:37:05.748-06:00 DEBUG 20036 --- [           main] org.hibernate.HQL_FUNCTIONS              : String repeat(STRING string, INTEGER times)
2025-01-09T08:37:05.748-06:00 DEBUG 20036 --- [           main] org.hibernate.HQL_FUNCTIONS              : String replace(STRING string, STRING pattern, STRING replacement)
2025-01-09T08:37:05.748-06:00 DEBUG 20036 --- [           main] org.hibernate.HQL_FUNCTIONS              : String right(STRING string, INTEGER length)
2025-01-09T08:37:05.748-06:00 DEBUG 20036 --- [           main] org.hibernate.HQL_FUNCTIONS              : round(NUMERIC number[, INTEGER places])
2025-01-09T08:37:05.748-06:00 DEBUG 20036 --- [           main] org.hibernate.HQL_FUNCTIONS              : Long row_number()
2025-01-09T08:37:05.748-06:00 DEBUG 20036 --- [           main] org.hibernate.HQL_FUNCTIONS              : Long rownum()
2025-01-09T08:37:05.748-06:00 DEBUG 20036 --- [           main] org.hibernate.HQL_FUNCTIONS              : String rpad(STRING string, INTEGER length[, STRING padding])
2025-01-09T08:37:05.748-06:00 DEBUG 20036 --- [           main] org.hibernate.HQL_FUNCTIONS              : String rtrim(STRING string)
2025-01-09T08:37:05.748-06:00 DEBUG 20036 --- [           main] org.hibernate.HQL_FUNCTIONS              : Integer second(TIME arg)
2025-01-09T08:37:05.748-06:00 DEBUG 20036 --- [           main] org.hibernate.HQL_FUNCTIONS              : Integer sign(NUMERIC arg)
2025-01-09T08:37:05.748-06:00 DEBUG 20036 --- [           main] org.hibernate.HQL_FUNCTIONS              : Double sin(NUMERIC arg)
2025-01-09T08:37:05.748-06:00 DEBUG 20036 --- [           main] org.hibernate.HQL_FUNCTIONS              : Double sinh(NUMERIC arg)
2025-01-09T08:37:05.748-06:00 DEBUG 20036 --- [           main] org.hibernate.HQL_FUNCTIONS              : String soundex(arg)
2025-01-09T08:37:05.748-06:00 DEBUG 20036 --- [           main] org.hibernate.HQL_FUNCTIONS              : String space(INTEGER arg)
2025-01-09T08:37:05.748-06:00 DEBUG 20036 --- [           main] org.hibernate.HQL_FUNCTIONS              : Object sql
2025-01-09T08:37:05.748-06:00 DEBUG 20036 --- [           main] org.hibernate.HQL_FUNCTIONS              : Double sqrt(NUMERIC arg)
2025-01-09T08:37:05.748-06:00 DEBUG 20036 --- [           main] org.hibernate.HQL_FUNCTIONS              : Double stddev_pop(NUMERIC arg)
2025-01-09T08:37:05.748-06:00 DEBUG 20036 --- [           main] org.hibernate.HQL_FUNCTIONS              : Double stddev_samp(NUMERIC arg)
2025-01-09T08:37:05.748-06:00 DEBUG 20036 --- [           main] org.hibernate.HQL_FUNCTIONS              : String str(arg)
2025-01-09T08:37:05.748-06:00 DEBUG 20036 --- [           main] org.hibernate.HQL_FUNCTIONS              : String substr(STRING string, INTEGER start[, INTEGER length])
2025-01-09T08:37:05.748-06:00 DEBUG 20036 --- [           main] org.hibernate.HQL_FUNCTIONS              : String substring(STRING string{ from|,} INTEGER start[{ for|,} INTEGER length])
2025-01-09T08:37:05.748-06:00 DEBUG 20036 --- [           main] org.hibernate.HQL_FUNCTIONS              : sum(arg)
2025-01-09T08:37:05.748-06:00 DEBUG 20036 --- [           main] org.hibernate.HQL_FUNCTIONS              : Timestamp sysdate
2025-01-09T08:37:05.748-06:00 DEBUG 20036 --- [           main] org.hibernate.HQL_FUNCTIONS              : Double tan(NUMERIC arg)
2025-01-09T08:37:05.748-06:00 DEBUG 20036 --- [           main] org.hibernate.HQL_FUNCTIONS              : Double tanh(NUMERIC arg)
2025-01-09T08:37:05.748-06:00 DEBUG 20036 --- [           main] org.hibernate.HQL_FUNCTIONS              : timestampadd(TEMPORAL_UNIT field, INTEGER magnitude, TEMPORAL datetime)
2025-01-09T08:37:05.748-06:00 DEBUG 20036 --- [           main] org.hibernate.HQL_FUNCTIONS              : basicType@121(java.lang.Long,-5)|basicType@124(java.lang.Double,8) timestampdiff(TEMPORAL_UNIT field, TEMPORAL start, TEMPORAL end)
2025-01-09T08:37:05.748-06:00 DEBUG 20036 --- [           main] org.hibernate.HQL_FUNCTIONS              : String translate(STRING arg0, STRING arg1, STRING arg2)
2025-01-09T08:37:05.748-06:00 DEBUG 20036 --- [           main] org.hibernate.HQL_FUNCTIONS              : String trim([[{leading|trailing|both} ][STRING arg0 ]from] STRING arg1)
2025-01-09T08:37:05.748-06:00 DEBUG 20036 --- [           main] org.hibernate.HQL_FUNCTIONS              : trunc( ... )
2025-01-09T08:37:05.748-06:00 DEBUG 20036 --- [           main] org.hibernate.HQL_FUNCTIONS              : truncate( ... )
2025-01-09T08:37:05.748-06:00 DEBUG 20036 --- [           main] org.hibernate.HQL_FUNCTIONS              : String upper(STRING string)
2025-01-09T08:37:05.748-06:00 DEBUG 20036 --- [           main] org.hibernate.HQL_FUNCTIONS              : Double var_pop(NUMERIC arg)
2025-01-09T08:37:05.748-06:00 DEBUG 20036 --- [           main] org.hibernate.HQL_FUNCTIONS              : Double var_samp(NUMERIC arg)
2025-01-09T08:37:05.748-06:00 DEBUG 20036 --- [           main] org.hibernate.HQL_FUNCTIONS              : Integer week(DATE arg)
2025-01-09T08:37:05.748-06:00 DEBUG 20036 --- [           main] org.hibernate.HQL_FUNCTIONS              : Integer year(DATE arg)
2025-01-09T08:37:05.748-06:00 DEBUG 20036 --- [           main] org.hibernate.orm.query.plan.cache       : Starting QueryInterpretationCache(2048)
2025-01-09T08:37:05.749-06:00 DEBUG 20036 --- [           main] .h.s.i.SessionFactoryServiceRegistryImpl : EventListenerRegistry access via ServiceRegistry is deprecated.  Use `sessionFactory.getEventEngine().getListenerRegistry()` instead
2025-01-09T08:37:05.749-06:00 DEBUG 20036 --- [           main] h.e.i.EntityCopyObserverFactoryInitiator : Configured EntityCopyObserver strategy: disallow
2025-01-09T08:37:05.749-06:00 DEBUG 20036 --- [           main] o.h.boot.internal.ClassLoaderAccessImpl  : Not known whether passed class name [com.chatgenius.model.Channel] is safe
2025-01-09T08:37:05.749-06:00 DEBUG 20036 --- [           main] o.h.boot.internal.ClassLoaderAccessImpl  : No temp ClassLoader provided; using live ClassLoader for loading potentially unsafe class : com.chatgenius.model.Channel
2025-01-09T08:37:05.754-06:00 DEBUG 20036 --- [           main] o.h.b.i.bytebuddy.BytecodeProviderImpl   : HHH000513: Unable to create the ReflectionOptimizer for [com.chatgenius.model.Channel]: private accessor [createdAt]
2025-01-09T08:37:05.754-06:00 DEBUG 20036 --- [           main] o.h.boot.internal.ClassLoaderAccessImpl  : Not known whether passed class name [com.chatgenius.model.User] is safe
2025-01-09T08:37:05.754-06:00 DEBUG 20036 --- [           main] o.h.boot.internal.ClassLoaderAccessImpl  : No temp ClassLoader provided; using live ClassLoader for loading potentially unsafe class : com.chatgenius.model.User
2025-01-09T08:37:05.758-06:00 DEBUG 20036 --- [           main] o.h.b.i.bytebuddy.BytecodeProviderImpl   : HHH000513: Unable to create the ReflectionOptimizer for [com.chatgenius.model.User]: private accessor [createdAt]
2025-01-09T08:37:05.758-06:00 DEBUG 20036 --- [           main] org.hibernate.ormbytecode.interceptor    : To-one property `com.chatgenius.model.Attachment#message` was mapped with LAZY + NO_PROXY but the class was not enhanced
2025-01-09T08:37:05.758-06:00 DEBUG 20036 --- [           main] org.hibernate.ormbytecode.interceptor    : To-one property `com.chatgenius.model.Attachment#message` was mapped with LAZY + NO_PROXY but the class was not enhanced
2025-01-09T08:37:05.758-06:00 DEBUG 20036 --- [           main] o.h.boot.internal.ClassLoaderAccessImpl  : Not known whether passed class name [com.chatgenius.model.Attachment] is safe
2025-01-09T08:37:05.758-06:00 DEBUG 20036 --- [           main] o.h.boot.internal.ClassLoaderAccessImpl  : No temp ClassLoader provided; using live ClassLoader for loading potentially unsafe class : com.chatgenius.model.Attachment
2025-01-09T08:37:05.762-06:00 DEBUG 20036 --- [           main] o.h.b.i.bytebuddy.BytecodeProviderImpl   : HHH000513: Unable to create the ReflectionOptimizer for [com.chatgenius.model.Attachment]: private accessor [createdAt]
2025-01-09T08:37:05.762-06:00 DEBUG 20036 --- [           main] org.hibernate.ormbytecode.interceptor    : To-one property `com.chatgenius.model.Attachment#message` was mapped with LAZY + NO_PROXY but the class was not enhanced
2025-01-09T08:37:05.762-06:00 DEBUG 20036 --- [           main] org.hibernate.ormbytecode.interceptor    : To-one property `com.chatgenius.model.Message#channel` was mapped with LAZY + NO_PROXY but the class was not enhanced
2025-01-09T08:37:05.762-06:00 DEBUG 20036 --- [           main] org.hibernate.ormbytecode.interceptor    : To-one property `com.chatgenius.model.Message#channel` was mapped with LAZY + NO_PROXY but the class was not enhanced
2025-01-09T08:37:05.762-06:00 DEBUG 20036 --- [           main] org.hibernate.ormbytecode.interceptor    : To-one property `com.chatgenius.model.Message#thread` was mapped with LAZY + NO_PROXY but the class was not enhanced
2025-01-09T08:37:05.763-06:00 DEBUG 20036 --- [           main] org.hibernate.ormbytecode.interceptor    : To-one property `com.chatgenius.model.Message#thread` was mapped with LAZY + NO_PROXY but the class was not enhanced
2025-01-09T08:37:05.763-06:00 DEBUG 20036 --- [           main] org.hibernate.ormbytecode.interceptor    : To-one property `com.chatgenius.model.Message#user` was mapped with LAZY + NO_PROXY but the class was not enhanced
2025-01-09T08:37:05.763-06:00 DEBUG 20036 --- [           main] org.hibernate.ormbytecode.interceptor    : To-one property `com.chatgenius.model.Message#user` was mapped with LAZY + NO_PROXY but the class was not enhanced
2025-01-09T08:37:05.763-06:00 DEBUG 20036 --- [           main] o.h.boot.internal.ClassLoaderAccessImpl  : Not known whether passed class name [com.chatgenius.model.Message] is safe
2025-01-09T08:37:05.763-06:00 DEBUG 20036 --- [           main] o.h.boot.internal.ClassLoaderAccessImpl  : No temp ClassLoader provided; using live ClassLoader for loading potentially unsafe class : com.chatgenius.model.Message
2025-01-09T08:37:05.766-06:00 DEBUG 20036 --- [           main] o.h.b.i.bytebuddy.BytecodeProviderImpl   : HHH000513: Unable to create the ReflectionOptimizer for [com.chatgenius.model.Message]: private accessor [attachments]
2025-01-09T08:37:05.766-06:00 DEBUG 20036 --- [           main] org.hibernate.ormbytecode.interceptor    : To-one property `com.chatgenius.model.Message#channel` was mapped with LAZY + NO_PROXY but the class was not enhanced
2025-01-09T08:37:05.766-06:00 DEBUG 20036 --- [           main] org.hibernate.ormbytecode.interceptor    : To-one property `com.chatgenius.model.Message#thread` was mapped with LAZY + NO_PROXY but the class was not enhanced
2025-01-09T08:37:05.766-06:00 DEBUG 20036 --- [           main] org.hibernate.ormbytecode.interceptor    : To-one property `com.chatgenius.model.Message#user` was mapped with LAZY + NO_PROXY but the class was not enhanced
2025-01-09T08:37:05.767-06:00 DEBUG 20036 --- [           main] org.hibernate.ormbytecode.interceptor    : To-one property `com.chatgenius.model.Reaction#message` was mapped with LAZY + NO_PROXY but the class was not enhanced
2025-01-09T08:37:05.767-06:00 DEBUG 20036 --- [           main] org.hibernate.ormbytecode.interceptor    : To-one property `com.chatgenius.model.Reaction#message` was mapped with LAZY + NO_PROXY but the class was not enhanced
2025-01-09T08:37:05.767-06:00 DEBUG 20036 --- [           main] org.hibernate.ormbytecode.interceptor    : To-one property `com.chatgenius.model.Reaction#user` was mapped with LAZY + NO_PROXY but the class was not enhanced
2025-01-09T08:37:05.767-06:00 DEBUG 20036 --- [           main] org.hibernate.ormbytecode.interceptor    : To-one property `com.chatgenius.model.Reaction#user` was mapped with LAZY + NO_PROXY but the class was not enhanced
2025-01-09T08:37:05.767-06:00 DEBUG 20036 --- [           main] o.h.boot.internal.ClassLoaderAccessImpl  : Not known whether passed class name [com.chatgenius.model.Reaction] is safe
2025-01-09T08:37:05.767-06:00 DEBUG 20036 --- [           main] o.h.boot.internal.ClassLoaderAccessImpl  : No temp ClassLoader provided; using live ClassLoader for loading potentially unsafe class : com.chatgenius.model.Reaction
2025-01-09T08:37:05.769-06:00 DEBUG 20036 --- [           main] o.h.b.i.bytebuddy.BytecodeProviderImpl   : HHH000513: Unable to create the ReflectionOptimizer for [com.chatgenius.model.Reaction]: private accessor [createdAt]
2025-01-09T08:37:05.769-06:00 DEBUG 20036 --- [           main] org.hibernate.ormbytecode.interceptor    : To-one property `com.chatgenius.model.Reaction#message` was mapped with LAZY + NO_PROXY but the class was not enhanced
2025-01-09T08:37:05.769-06:00 DEBUG 20036 --- [           main] org.hibernate.ormbytecode.interceptor    : To-one property `com.chatgenius.model.Reaction#user` was mapped with LAZY + NO_PROXY but the class was not enhanced
2025-01-09T08:37:05.770-06:00 DEBUG 20036 --- [           main] org.hibernate.orm.jdbc.mutation          : Skipping collection (re)creation - com.chatgenius.model.Message.reactions
2025-01-09T08:37:05.770-06:00 DEBUG 20036 --- [           main] org.hibernate.orm.jdbc.mutation          : Skipping collection row deletions - com.chatgenius.model.Message.reactions
2025-01-09T08:37:05.770-06:00 DEBUG 20036 --- [           main] org.hibernate.orm.jdbc.mutation          : Skipping collection removals - com.chatgenius.model.Message.reactions
2025-01-09T08:37:05.770-06:00 DEBUG 20036 --- [           main] org.hibernate.orm.jdbc.mutation          : Skipping collection (re)creation - com.chatgenius.model.Message.attachments
2025-01-09T08:37:05.770-06:00 DEBUG 20036 --- [           main] org.hibernate.orm.jdbc.mutation          : Skipping collection row deletions - com.chatgenius.model.Message.attachments
2025-01-09T08:37:05.770-06:00 DEBUG 20036 --- [           main] org.hibernate.orm.jdbc.mutation          : Skipping collection removals - com.chatgenius.model.Message.attachments
2025-01-09T08:37:05.770-06:00 DEBUG 20036 --- [           main] org.hibernate.orm.jdbc.mutation          : Skipping collection row updates - com.chatgenius.model.Channel.members
2025-01-09T08:37:05.770-06:00 DEBUG 20036 --- [           main] org.hibernate.orm.jdbc.mutation          : Skipping collection (re)creation - com.chatgenius.model.Message.replies
2025-01-09T08:37:05.770-06:00 DEBUG 20036 --- [           main] org.hibernate.orm.jdbc.mutation          : Skipping collection row deletions - com.chatgenius.model.Message.replies
2025-01-09T08:37:05.770-06:00 DEBUG 20036 --- [           main] org.hibernate.orm.jdbc.mutation          : Skipping collection removals - com.chatgenius.model.Message.replies
2025-01-09T08:37:05.770-06:00 DEBUG 20036 --- [           main] o.hibernate.orm.model.mapping.creation   : Starting post-init callbacks
2025-01-09T08:37:05.770-06:00 DEBUG 20036 --- [           main] o.hibernate.orm.model.mapping.creation   : Starting PostInitCallbackEntry : PluralAttributeMapping( NavigableRole[com.chatgenius.model.Channel.members#{element}]) - element descriptor
2025-01-09T08:37:05.770-06:00 DEBUG 20036 --- [           main] o.hibernate.orm.model.mapping.creation   : Starting PostInitCallbackEntry : PluralAttributeMapping(com.chatgenius.model.Channel.members)#finishInitialization
2025-01-09T08:37:05.770-06:00 DEBUG 20036 --- [           main] o.hibernate.orm.model.mapping.creation   : Starting PostInitCallbackEntry : PluralAttributeMapping(com.chatgenius.model.Channel.members) - key descriptor
2025-01-09T08:37:05.770-06:00 DEBUG 20036 --- [           main] o.hibernate.orm.model.mapping.creation   : Starting PostInitCallbackEntry : Entity(com.chatgenius.model.Channel) `staticFetchableList` generator
2025-01-09T08:37:05.770-06:00 DEBUG 20036 --- [           main] o.hibernate.orm.model.mapping.creation   : Starting PostInitCallbackEntry : Entity(com.chatgenius.model.User) `staticFetchableList` generator
2025-01-09T08:37:05.770-06:00 DEBUG 20036 --- [           main] o.hibernate.orm.model.mapping.creation   : Starting PostInitCallbackEntry : To-one key - NavigableRole[com.chatgenius.model.Attachment.message]
2025-01-09T08:37:05.771-06:00 DEBUG 20036 --- [           main] o.hibernate.orm.model.mapping.creation   : Starting PostInitCallbackEntry : Entity(com.chatgenius.model.Attachment) `staticFetchableList` generator
2025-01-09T08:37:05.771-06:00 DEBUG 20036 --- [           main] o.hibernate.orm.model.mapping.creation   : Starting PostInitCallbackEntry : PluralAttributeMapping( NavigableRole[com.chatgenius.model.Message.attachments#{element}]) - element descriptor
2025-01-09T08:37:05.771-06:00 DEBUG 20036 --- [           main] o.hibernate.orm.model.mapping.creation   : Starting PostInitCallbackEntry : PluralAttributeMapping(com.chatgenius.model.Message.attachments)#finishInitialization
2025-01-09T08:37:05.771-06:00 DEBUG 20036 --- [           main] o.hibernate.orm.model.mapping.creation   : Starting PostInitCallbackEntry : PluralAttributeMapping(com.chatgenius.model.Message.attachments) - key descriptor
2025-01-09T08:37:05.771-06:00 DEBUG 20036 --- [           main] o.hibernate.orm.model.mapping.creation   : Starting PostInitCallbackEntry : To-one key - NavigableRole[com.chatgenius.model.Message.channel]
2025-01-09T08:37:05.771-06:00 DEBUG 20036 --- [           main] o.hibernate.orm.model.mapping.creation   : Starting PostInitCallbackEntry : PluralAttributeMapping( NavigableRole[com.chatgenius.model.Message.reactions#{element}]) - element descriptor
2025-01-09T08:37:05.771-06:00 DEBUG 20036 --- [           main] o.hibernate.orm.model.mapping.creation   : Starting PostInitCallbackEntry : PluralAttributeMapping(com.chatgenius.model.Message.reactions)#finishInitialization
2025-01-09T08:37:05.771-06:00 DEBUG 20036 --- [           main] o.hibernate.orm.model.mapping.creation   : Starting PostInitCallbackEntry : PluralAttributeMapping(com.chatgenius.model.Message.reactions) - key descriptor
2025-01-09T08:37:05.771-06:00 DEBUG 20036 --- [           main] o.hibernate.orm.model.mapping.creation   : Starting PostInitCallbackEntry : PluralAttributeMapping( NavigableRole[com.chatgenius.model.Message.replies#{element}]) - element descriptor
2025-01-09T08:37:05.771-06:00 DEBUG 20036 --- [           main] o.hibernate.orm.model.mapping.creation   : Starting PostInitCallbackEntry : PluralAttributeMapping(com.chatgenius.model.Message.replies)#finishInitialization
2025-01-09T08:37:05.771-06:00 DEBUG 20036 --- [           main] o.hibernate.orm.model.mapping.creation   : Starting PostInitCallbackEntry : PluralAttributeMapping(com.chatgenius.model.Message.replies) - key descriptor
2025-01-09T08:37:05.771-06:00 DEBUG 20036 --- [           main] o.hibernate.orm.model.mapping.creation   : Starting PostInitCallbackEntry : To-one key - NavigableRole[com.chatgenius.model.Message.thread]
2025-01-09T08:37:05.771-06:00 DEBUG 20036 --- [           main] o.hibernate.orm.model.mapping.creation   : Starting PostInitCallbackEntry : To-one key - NavigableRole[com.chatgenius.model.Message.user]
2025-01-09T08:37:05.771-06:00 DEBUG 20036 --- [           main] o.hibernate.orm.model.mapping.creation   : Starting PostInitCallbackEntry : Entity(com.chatgenius.model.Message) `staticFetchableList` generator
2025-01-09T08:37:05.771-06:00 DEBUG 20036 --- [           main] o.hibernate.orm.model.mapping.creation   : Starting PostInitCallbackEntry : To-one key - NavigableRole[com.chatgenius.model.Reaction.message]
2025-01-09T08:37:05.771-06:00 DEBUG 20036 --- [           main] o.hibernate.orm.model.mapping.creation   : Starting PostInitCallbackEntry : To-one key - NavigableRole[com.chatgenius.model.Reaction.user]
2025-01-09T08:37:05.771-06:00 DEBUG 20036 --- [           main] o.hibernate.orm.model.mapping.creation   : Starting PostInitCallbackEntry : Entity(com.chatgenius.model.Reaction) `staticFetchableList` generator
2025-01-09T08:37:05.771-06:00 DEBUG 20036 --- [           main] o.hibernate.orm.model.mapping.creation   : Starting PostInitCallbackEntry : PluralAttributeMapping( NavigableRole[com.chatgenius.model.Message.attachments#{element}]) - element descriptor
2025-01-09T08:37:05.771-06:00 DEBUG 20036 --- [           main] o.hibernate.orm.model.mapping.creation   : Starting PostInitCallbackEntry : PluralAttributeMapping( NavigableRole[com.chatgenius.model.Message.reactions#{element}]) - element descriptor
2025-01-09T08:37:05.771-06:00 DEBUG 20036 --- [           main] o.hibernate.orm.model.mapping.creation   : Starting PostInitCallbackEntry : PluralAttributeMapping( NavigableRole[com.chatgenius.model.Message.replies#{element}]) - element descriptor
2025-01-09T08:37:05.772-06:00 DEBUG 20036 --- [           main] org.hibernate.orm.sql.ast.create         : Created new SQL alias : c1_0
2025-01-09T08:37:05.772-06:00 DEBUG 20036 --- [           main] org.hibernate.orm.sql.ast.create         : Registration of TableGroup [StandardTableGroup(com.chatgenius.model.Channel)] with identifierForTableGroup [com.chatgenius.model.Channel] for NavigablePath [com.chatgenius.model.Channel] 
2025-01-09T08:37:05.772-06:00 DEBUG 20036 --- [           main] org.hibernate.orm.results.graph.AST      : DomainResult Graph:
 \-EntityResultImpl [com.chatgenius.model.Channel]
 |  +-BasicFetch [com.chatgenius.model.Channel.createdAt]
 |  +-DelayedCollectionFetch [com.chatgenius.model.Channel.members]
 |  +-BasicFetch [com.chatgenius.model.Channel.name]
 |  \-BasicFetch [com.chatgenius.model.Channel.type]

2025-01-09T08:37:05.772-06:00 DEBUG 20036 --- [           main] org.hibernate.orm.sql.ast.tree           : SQL AST Tree:
    SelectStatement {
      FromClause {
        StandardTableGroup (c1 : com.chatgenius.model.Channel) {
          primaryTableReference : channels as c1_0
        }
      }
    }

2025-01-09T08:37:05.773-06:00 DEBUG 20036 --- [           main] o.h.p.entity.AbstractEntityPersister     : Static SQL for entity: com.chatgenius.model.Channel
2025-01-09T08:37:05.773-06:00 DEBUG 20036 --- [           main] o.h.p.entity.AbstractEntityPersister     :  Version select: select id from channels where id=?
2025-01-09T08:37:05.773-06:00 DEBUG 20036 --- [           main] o.h.p.entity.AbstractEntityPersister     :  Insert (0): insert into channels (created_at,name,type,id) values (?,?,?,?)
2025-01-09T08:37:05.773-06:00 DEBUG 20036 --- [           main] o.h.p.entity.AbstractEntityPersister     :  Update (0): update channels set created_at=?,name=?,type=? where id=?
2025-01-09T08:37:05.773-06:00 DEBUG 20036 --- [           main] o.h.p.entity.AbstractEntityPersister     :  Delete (0): delete from channels where id=?
2025-01-09T08:37:05.773-06:00 DEBUG 20036 --- [           main] org.hibernate.orm.sql.ast.create         : Created new SQL alias : u1_0
2025-01-09T08:37:05.773-06:00 DEBUG 20036 --- [           main] org.hibernate.orm.sql.ast.create         : Registration of TableGroup [StandardTableGroup(com.chatgenius.model.User)] with identifierForTableGroup [com.chatgenius.model.User] for NavigablePath [com.chatgenius.model.User] 
2025-01-09T08:37:05.773-06:00 DEBUG 20036 --- [           main] org.hibernate.orm.results.graph.AST      : DomainResult Graph:
 \-EntityResultImpl [com.chatgenius.model.User]
 |  +-BasicFetch [com.chatgenius.model.User.createdAt]
 |  +-BasicFetch [com.chatgenius.model.User.email]
 |  +-BasicFetch [com.chatgenius.model.User.lastSeenAt]
 |  +-BasicFetch [com.chatgenius.model.User.password]
 |  +-BasicFetch [com.chatgenius.model.User.status]
 |  \-BasicFetch [com.chatgenius.model.User.username]

2025-01-09T08:37:05.773-06:00 DEBUG 20036 --- [           main] org.hibernate.orm.sql.ast.tree           : SQL AST Tree:
    SelectStatement {
      FromClause {
        StandardTableGroup (u1 : com.chatgenius.model.User) {
          primaryTableReference : users as u1_0
        }
      }
    }

2025-01-09T08:37:05.773-06:00 DEBUG 20036 --- [           main] o.h.p.entity.AbstractEntityPersister     : Static SQL for entity: com.chatgenius.model.User
2025-01-09T08:37:05.773-06:00 DEBUG 20036 --- [           main] o.h.p.entity.AbstractEntityPersister     :  Version select: select id from users where id=?
2025-01-09T08:37:05.773-06:00 DEBUG 20036 --- [           main] o.h.p.entity.AbstractEntityPersister     :  Insert (0): insert into users (created_at,email,last_seen_at,password,status,username,id) values (?,?,?,?,?,?,?)
2025-01-09T08:37:05.773-06:00 DEBUG 20036 --- [           main] o.h.p.entity.AbstractEntityPersister     :  Update (0): update users set created_at=?,email=?,last_seen_at=?,password=?,status=?,username=? where id=?
2025-01-09T08:37:05.773-06:00 DEBUG 20036 --- [           main] o.h.p.entity.AbstractEntityPersister     :  Delete (0): delete from users where id=?
2025-01-09T08:37:05.773-06:00 DEBUG 20036 --- [           main] org.hibernate.orm.sql.ast.create         : Created new SQL alias : a1_0
2025-01-09T08:37:05.773-06:00 DEBUG 20036 --- [           main] org.hibernate.orm.sql.ast.create         : Registration of TableGroup [StandardTableGroup(com.chatgenius.model.Attachment)] with identifierForTableGroup [com.chatgenius.model.Attachment] for NavigablePath [com.chatgenius.model.Attachment] 
2025-01-09T08:37:05.773-06:00 DEBUG 20036 --- [           main] org.hibernate.orm.sql.ast.create         : Registration of TableGroup [org.hibernate.sql.ast.tree.from.LazyTableGroup@37ad86cb] with identifierForTableGroup [com.chatgenius.model.Attachment.message] for NavigablePath [com.chatgenius.model.Attachment.message] 
2025-01-09T08:37:05.773-06:00 DEBUG 20036 --- [           main] org.hibernate.orm.sql.ast.create         : Created new SQL alias : m1_0
2025-01-09T08:37:05.773-06:00 DEBUG 20036 --- [           main] org.hibernate.orm.sql.ast.create         : Registration of TableGroup [org.hibernate.sql.ast.tree.from.LazyTableGroup@41709aa8] with identifierForTableGroup [com.chatgenius.model.Attachment.message.channel] for NavigablePath [com.chatgenius.model.Attachment.message.channel] 
2025-01-09T08:37:05.773-06:00 DEBUG 20036 --- [           main] org.hibernate.orm.sql.ast.create         : Created new SQL alias : c1_0
2025-01-09T08:37:05.773-06:00 DEBUG 20036 --- [           main] org.hibernate.orm.sql.ast.create         : Registration of TableGroup [org.hibernate.sql.ast.tree.from.LazyTableGroup@2a2fda9e] with identifierForTableGroup [com.chatgenius.model.Attachment.message.thread] for NavigablePath [com.chatgenius.model.Attachment.message.thread] 
2025-01-09T08:37:05.773-06:00 DEBUG 20036 --- [           main] org.hibernate.orm.sql.ast.create         : Created new SQL alias : t1_0
2025-01-09T08:37:05.773-06:00 DEBUG 20036 --- [           main] org.hibernate.orm.sql.ast.create         : Registration of TableGroup [org.hibernate.sql.ast.tree.from.LazyTableGroup@2d0d31a0] with identifierForTableGroup [com.chatgenius.model.Attachment.message.thread.channel] for NavigablePath [com.chatgenius.model.Attachment.message.thread.channel] 
2025-01-09T08:37:05.773-06:00 DEBUG 20036 --- [           main] org.hibernate.orm.sql.ast.create         : Created new SQL alias : c2_0
2025-01-09T08:37:05.773-06:00 DEBUG 20036 --- [           main] org.hibernate.orm.sql.ast.create         : Registration of TableGroup [org.hibernate.sql.ast.tree.from.LazyTableGroup@764d7114] with identifierForTableGroup [com.chatgenius.model.Attachment.message.thread.thread] for NavigablePath [com.chatgenius.model.Attachment.message.thread.thread] 
2025-01-09T08:37:05.773-06:00 DEBUG 20036 --- [           main] org.hibernate.orm.sql.ast.create         : Registration of TableGroup [org.hibernate.sql.ast.tree.from.LazyTableGroup@6782d76e] with identifierForTableGroup [com.chatgenius.model.Attachment.message.thread.user] for NavigablePath [com.chatgenius.model.Attachment.message.thread.user] 
2025-01-09T08:37:05.773-06:00 DEBUG 20036 --- [           main] org.hibernate.orm.sql.ast.create         : Created new SQL alias : u1_0
2025-01-09T08:37:05.773-06:00 DEBUG 20036 --- [           main] org.hibernate.orm.sql.ast.create         : Registration of TableGroup [org.hibernate.sql.ast.tree.from.LazyTableGroup@23466a0f] with identifierForTableGroup [com.chatgenius.model.Attachment.message.user] for NavigablePath [com.chatgenius.model.Attachment.message.user] 
2025-01-09T08:37:05.773-06:00 DEBUG 20036 --- [           main] org.hibernate.orm.sql.ast.create         : Created new SQL alias : u2_0
2025-01-09T08:37:05.773-06:00 DEBUG 20036 --- [           main] org.hibernate.orm.results.graph.AST      : DomainResult Graph:
 \-EntityResultImpl [com.chatgenius.model.Attachment]
 |  +-BasicFetch [com.chatgenius.model.Attachment.createdAt]
 |  +-BasicFetch [com.chatgenius.model.Attachment.fileName]
 |  +-BasicFetch [com.chatgenius.model.Attachment.fileSize]
 |  +-BasicFetch [com.chatgenius.model.Attachment.fileType]
 |  +-BasicFetch [com.chatgenius.model.Attachment.fileUrl]
 |  \-EntityFetchJoinedImpl [com.chatgenius.model.Attachment.message]

2025-01-09T08:37:05.773-06:00 DEBUG 20036 --- [           main] org.hibernate.orm.sql.ast.tree           : SQL AST Tree:
    SelectStatement {
      FromClause {
        StandardTableGroup (a1 : com.chatgenius.model.Attachment) {
          primaryTableReference : attachments as a1_0
          TableGroupJoins {
             join LazyTableGroup (m1 : com.chatgenius.model.Attachment.message) {
              primaryTableReference : messages as m1_0
              TableGroupJoins {
                left  join LazyTableGroup (c1 : com.chatgenius.model.Attachment.message.channel) {
                  primaryTableReference : channels as c1_0
                }
                left  join LazyTableGroup (t1 : com.chatgenius.model.Attachment.message.thread) {
                  primaryTableReference : messages as t1_0
                  TableGroupJoins {
                    left  join LazyTableGroup (c2 : com.chatgenius.model.Attachment.message.thread.channel) {
                      primaryTableReference : channels as c2_0
                    }
                    left  join LazyTableGroup (t2 : com.chatgenius.model.Attachment.message.thread.thread) {
                    }
                    left  join LazyTableGroup (u1 : com.chatgenius.model.Attachment.message.thread.user) {
                      primaryTableReference : users as u1_0
                    }
                  }
                }
                left  join LazyTableGroup (u2 : com.chatgenius.model.Attachment.message.user) {
                  primaryTableReference : users as u2_0
                }
              }
            }
          }
        }
      }
    }

2025-01-09T08:37:05.773-06:00 DEBUG 20036 --- [           main] o.h.p.entity.AbstractEntityPersister     : Static SQL for entity: com.chatgenius.model.Attachment
2025-01-09T08:37:05.773-06:00 DEBUG 20036 --- [           main] o.h.p.entity.AbstractEntityPersister     :  Version select: select id from attachments where id=?
2025-01-09T08:37:05.773-06:00 DEBUG 20036 --- [           main] o.h.p.entity.AbstractEntityPersister     :  Insert (0): insert into attachments (created_at,file_name,file_size,file_type,file_url,message_id,id) values (?,?,?,?,?,?,?)
2025-01-09T08:37:05.773-06:00 DEBUG 20036 --- [           main] o.h.p.entity.AbstractEntityPersister     :  Update (0): update attachments set created_at=?,file_name=?,file_size=?,file_type=?,file_url=?,message_id=? where id=?
2025-01-09T08:37:05.773-06:00 DEBUG 20036 --- [           main] o.h.p.entity.AbstractEntityPersister     :  Delete (0): delete from attachments where id=?
2025-01-09T08:37:05.773-06:00 DEBUG 20036 --- [           main] org.hibernate.orm.sql.ast.create         : Created new SQL alias : m1_0
2025-01-09T08:37:05.773-06:00 DEBUG 20036 --- [           main] org.hibernate.orm.sql.ast.create         : Registration of TableGroup [StandardTableGroup(com.chatgenius.model.Message)] with identifierForTableGroup [com.chatgenius.model.Message] for NavigablePath [com.chatgenius.model.Message] 
2025-01-09T08:37:05.773-06:00 DEBUG 20036 --- [           main] org.hibernate.orm.sql.ast.create         : Registration of TableGroup [org.hibernate.sql.ast.tree.from.LazyTableGroup@65ed2da6] with identifierForTableGroup [com.chatgenius.model.Message.channel] for NavigablePath [com.chatgenius.model.Message.channel] 
2025-01-09T08:37:05.773-06:00 DEBUG 20036 --- [           main] org.hibernate.orm.sql.ast.create         : Created new SQL alias : c1_0
2025-01-09T08:37:05.773-06:00 DEBUG 20036 --- [           main] org.hibernate.orm.sql.ast.create         : Registration of TableGroup [org.hibernate.sql.ast.tree.from.LazyTableGroup@14a5bfd2] with identifierForTableGroup [com.chatgenius.model.Message.thread] for NavigablePath [com.chatgenius.model.Message.thread] 
2025-01-09T08:37:05.773-06:00 DEBUG 20036 --- [           main] org.hibernate.orm.sql.ast.create         : Created new SQL alias : t1_0
2025-01-09T08:37:05.773-06:00 DEBUG 20036 --- [           main] org.hibernate.orm.sql.ast.create         : Registration of TableGroup [org.hibernate.sql.ast.tree.from.LazyTableGroup@4a3b95b] with identifierForTableGroup [com.chatgenius.model.Message.thread.channel] for NavigablePath [com.chatgenius.model.Message.thread.channel] 
2025-01-09T08:37:05.773-06:00 DEBUG 20036 --- [           main] org.hibernate.orm.sql.ast.create         : Created new SQL alias : c2_0
2025-01-09T08:37:05.773-06:00 DEBUG 20036 --- [           main] org.hibernate.orm.sql.ast.create         : Registration of TableGroup [org.hibernate.sql.ast.tree.from.LazyTableGroup@49251807] with identifierForTableGroup [com.chatgenius.model.Message.thread.thread] for NavigablePath [com.chatgenius.model.Message.thread.thread] 
2025-01-09T08:37:05.773-06:00 DEBUG 20036 --- [           main] org.hibernate.orm.sql.ast.create         : Registration of TableGroup [org.hibernate.sql.ast.tree.from.LazyTableGroup@45a98c98] with identifierForTableGroup [com.chatgenius.model.Message.thread.user] for NavigablePath [com.chatgenius.model.Message.thread.user] 
2025-01-09T08:37:05.773-06:00 DEBUG 20036 --- [           main] org.hibernate.orm.sql.ast.create         : Created new SQL alias : u1_0
2025-01-09T08:37:05.773-06:00 DEBUG 20036 --- [           main] org.hibernate.orm.sql.ast.create         : Registration of TableGroup [org.hibernate.sql.ast.tree.from.LazyTableGroup@7ccbf0d0] with identifierForTableGroup [com.chatgenius.model.Message.user] for NavigablePath [com.chatgenius.model.Message.user] 
2025-01-09T08:37:05.773-06:00 DEBUG 20036 --- [           main] org.hibernate.orm.sql.ast.create         : Created new SQL alias : u2_0
2025-01-09T08:37:05.773-06:00 DEBUG 20036 --- [           main] org.hibernate.orm.results.graph.AST      : DomainResult Graph:
 \-EntityResultImpl [com.chatgenius.model.Message]
 |  +-DelayedCollectionFetch [com.chatgenius.model.Message.attachments]
 |  +-EntityFetchJoinedImpl [com.chatgenius.model.Message.channel]
 |  +-BasicFetch [com.chatgenius.model.Message.content]
 |  +-BasicFetch [com.chatgenius.model.Message.createdAt]
 |  +-DelayedCollectionFetch [com.chatgenius.model.Message.reactions]
 |  +-DelayedCollectionFetch [com.chatgenius.model.Message.replies]
 |  +-EntityFetchJoinedImpl [com.chatgenius.model.Message.thread]
 |  +-BasicFetch [com.chatgenius.model.Message.type]
 |  +-BasicFetch [com.chatgenius.model.Message.updatedAt]
 |  \-EntityFetchJoinedImpl [com.chatgenius.model.Message.user]

2025-01-09T08:37:05.774-06:00 DEBUG 20036 --- [           main] org.hibernate.orm.sql.ast.tree           : SQL AST Tree:
    SelectStatement {
      FromClause {
        StandardTableGroup (m1 : com.chatgenius.model.Message) {
          primaryTableReference : messages as m1_0
          TableGroupJoins {
             join LazyTableGroup (c1 : com.chatgenius.model.Message.channel) {
              primaryTableReference : channels as c1_0
            }
            left  join LazyTableGroup (t1 : com.chatgenius.model.Message.thread) {
              primaryTableReference : messages as t1_0
              TableGroupJoins {
                left  join LazyTableGroup (c2 : com.chatgenius.model.Message.thread.channel) {
                  primaryTableReference : channels as c2_0
                }
                left  join LazyTableGroup (t2 : com.chatgenius.model.Message.thread.thread) {
                }
                left  join LazyTableGroup (u1 : com.chatgenius.model.Message.thread.user) {
                  primaryTableReference : users as u1_0
                }
              }
            }
            left  join LazyTableGroup (u2 : com.chatgenius.model.Message.user) {
              primaryTableReference : users as u2_0
            }
          }
        }
      }
    }

2025-01-09T08:37:05.774-06:00 DEBUG 20036 --- [           main] o.h.p.entity.AbstractEntityPersister     : Static SQL for entity: com.chatgenius.model.Message
2025-01-09T08:37:05.774-06:00 DEBUG 20036 --- [           main] o.h.p.entity.AbstractEntityPersister     :  Version select: select id from messages where id=?
2025-01-09T08:37:05.774-06:00 DEBUG 20036 --- [           main] o.h.p.entity.AbstractEntityPersister     :  Insert (0): insert into messages (channel_id,content,created_at,thread_id,type,updated_at,user_id,id) values (?,?,?,?,?,?,?,?)
2025-01-09T08:37:05.774-06:00 DEBUG 20036 --- [           main] o.h.p.entity.AbstractEntityPersister     :  Update (0): update messages set channel_id=?,content=?,created_at=?,thread_id=?,type=?,updated_at=?,user_id=? where id=?
2025-01-09T08:37:05.774-06:00 DEBUG 20036 --- [           main] o.h.p.entity.AbstractEntityPersister     :  Delete (0): delete from messages where id=?
2025-01-09T08:37:05.774-06:00 DEBUG 20036 --- [           main] org.hibernate.orm.sql.ast.create         : Created new SQL alias : r1_0
2025-01-09T08:37:05.774-06:00 DEBUG 20036 --- [           main] org.hibernate.orm.sql.ast.create         : Registration of TableGroup [StandardTableGroup(com.chatgenius.model.Reaction)] with identifierForTableGroup [com.chatgenius.model.Reaction] for NavigablePath [com.chatgenius.model.Reaction] 
2025-01-09T08:37:05.774-06:00 DEBUG 20036 --- [           main] org.hibernate.orm.sql.ast.create         : Registration of TableGroup [org.hibernate.sql.ast.tree.from.LazyTableGroup@43f3ee3] with identifierForTableGroup [com.chatgenius.model.Reaction.message] for NavigablePath [com.chatgenius.model.Reaction.message] 
2025-01-09T08:37:05.774-06:00 DEBUG 20036 --- [           main] org.hibernate.orm.sql.ast.create         : Created new SQL alias : m1_0
2025-01-09T08:37:05.774-06:00 DEBUG 20036 --- [           main] org.hibernate.orm.sql.ast.create         : Registration of TableGroup [org.hibernate.sql.ast.tree.from.LazyTableGroup@dfbbfb0] with identifierForTableGroup [com.chatgenius.model.Reaction.message.channel] for NavigablePath [com.chatgenius.model.Reaction.message.channel] 
2025-01-09T08:37:05.774-06:00 DEBUG 20036 --- [           main] org.hibernate.orm.sql.ast.create         : Created new SQL alias : c1_0
2025-01-09T08:37:05.774-06:00 DEBUG 20036 --- [           main] org.hibernate.orm.sql.ast.create         : Registration of TableGroup [org.hibernate.sql.ast.tree.from.LazyTableGroup@2e9583af] with identifierForTableGroup [com.chatgenius.model.Reaction.message.thread] for NavigablePath [com.chatgenius.model.Reaction.message.thread] 
2025-01-09T08:37:05.774-06:00 DEBUG 20036 --- [           main] org.hibernate.orm.sql.ast.create         : Created new SQL alias : t1_0
2025-01-09T08:37:05.774-06:00 DEBUG 20036 --- [           main] org.hibernate.orm.sql.ast.create         : Registration of TableGroup [org.hibernate.sql.ast.tree.from.LazyTableGroup@142fe961] with identifierForTableGroup [com.chatgenius.model.Reaction.message.thread.channel] for NavigablePath [com.chatgenius.model.Reaction.message.thread.channel] 
2025-01-09T08:37:05.774-06:00 DEBUG 20036 --- [           main] org.hibernate.orm.sql.ast.create         : Created new SQL alias : c2_0
2025-01-09T08:37:05.774-06:00 DEBUG 20036 --- [           main] org.hibernate.orm.sql.ast.create         : Registration of TableGroup [org.hibernate.sql.ast.tree.from.LazyTableGroup@691a1521] with identifierForTableGroup [com.chatgenius.model.Reaction.message.thread.thread] for NavigablePath [com.chatgenius.model.Reaction.message.thread.thread] 
2025-01-09T08:37:05.774-06:00 DEBUG 20036 --- [           main] org.hibernate.orm.sql.ast.create         : Registration of TableGroup [org.hibernate.sql.ast.tree.from.LazyTableGroup@39cc218d] with identifierForTableGroup [com.chatgenius.model.Reaction.message.thread.user] for NavigablePath [com.chatgenius.model.Reaction.message.thread.user] 
2025-01-09T08:37:05.774-06:00 DEBUG 20036 --- [           main] org.hibernate.orm.sql.ast.create         : Created new SQL alias : u1_0
2025-01-09T08:37:05.774-06:00 DEBUG 20036 --- [           main] org.hibernate.orm.sql.ast.create         : Registration of TableGroup [org.hibernate.sql.ast.tree.from.LazyTableGroup@3bc645e0] with identifierForTableGroup [com.chatgenius.model.Reaction.message.user] for NavigablePath [com.chatgenius.model.Reaction.message.user] 
2025-01-09T08:37:05.774-06:00 DEBUG 20036 --- [           main] org.hibernate.orm.sql.ast.create         : Created new SQL alias : u2_0
2025-01-09T08:37:05.774-06:00 DEBUG 20036 --- [           main] org.hibernate.orm.sql.ast.create         : Registration of TableGroup [org.hibernate.sql.ast.tree.from.LazyTableGroup@5049c718] with identifierForTableGroup [com.chatgenius.model.Reaction.user] for NavigablePath [com.chatgenius.model.Reaction.user] 
2025-01-09T08:37:05.774-06:00 DEBUG 20036 --- [           main] org.hibernate.orm.sql.ast.create         : Created new SQL alias : u3_0
2025-01-09T08:37:05.774-06:00 DEBUG 20036 --- [           main] org.hibernate.orm.results.graph.AST      : DomainResult Graph:
 \-EntityResultImpl [com.chatgenius.model.Reaction]
 |  +-BasicFetch [com.chatgenius.model.Reaction.createdAt]
 |  +-BasicFetch [com.chatgenius.model.Reaction.emoji]
 |  +-EntityFetchJoinedImpl [com.chatgenius.model.Reaction.message]
 |  \-EntityFetchJoinedImpl [com.chatgenius.model.Reaction.user]

2025-01-09T08:37:05.774-06:00 DEBUG 20036 --- [           main] org.hibernate.orm.sql.ast.tree           : SQL AST Tree:
    SelectStatement {
      FromClause {
        StandardTableGroup (r1 : com.chatgenius.model.Reaction) {
          primaryTableReference : reactions as r1_0
          TableGroupJoins {
             join LazyTableGroup (m1 : com.chatgenius.model.Reaction.message) {
              primaryTableReference : messages as m1_0
              TableGroupJoins {
                left  join LazyTableGroup (c1 : com.chatgenius.model.Reaction.message.channel) {
                  primaryTableReference : channels as c1_0
                }
                left  join LazyTableGroup (t1 : com.chatgenius.model.Reaction.message.thread) {
                  primaryTableReference : messages as t1_0
                  TableGroupJoins {
                    left  join LazyTableGroup (c2 : com.chatgenius.model.Reaction.message.thread.channel) {
                      primaryTableReference : channels as c2_0
                    }
                    left  join LazyTableGroup (t2 : com.chatgenius.model.Reaction.message.thread.thread) {
                    }
                    left  join LazyTableGroup (u1 : com.chatgenius.model.Reaction.message.thread.user) {
                      primaryTableReference : users as u1_0
                    }
                  }
                }
                left  join LazyTableGroup (u2 : com.chatgenius.model.Reaction.message.user) {
                  primaryTableReference : users as u2_0
                }
              }
            }
             join LazyTableGroup (u3 : com.chatgenius.model.Reaction.user) {
              primaryTableReference : users as u3_0
            }
          }
        }
      }
    }

2025-01-09T08:37:05.774-06:00 DEBUG 20036 --- [           main] o.h.p.entity.AbstractEntityPersister     : Static SQL for entity: com.chatgenius.model.Reaction
2025-01-09T08:37:05.774-06:00 DEBUG 20036 --- [           main] o.h.p.entity.AbstractEntityPersister     :  Version select: select id from reactions where id=?
2025-01-09T08:37:05.774-06:00 DEBUG 20036 --- [           main] o.h.p.entity.AbstractEntityPersister     :  Insert (0): insert into reactions (created_at,emoji,message_id,user_id,id) values (?,?,?,?,?)
2025-01-09T08:37:05.774-06:00 DEBUG 20036 --- [           main] o.h.p.entity.AbstractEntityPersister     :  Update (0): update reactions set created_at=?,emoji=?,message_id=?,user_id=? where id=?
2025-01-09T08:37:05.774-06:00 DEBUG 20036 --- [           main] o.h.p.entity.AbstractEntityPersister     :  Delete (0): delete from reactions where id=?
2025-01-09T08:37:05.774-06:00 DEBUG 20036 --- [           main] org.hibernate.orm.sql.ast.create         : Created new SQL alias : r1_0
2025-01-09T08:37:05.774-06:00 DEBUG 20036 --- [           main] org.hibernate.orm.sql.ast.create         : Registration of TableGroup [org.hibernate.sql.ast.tree.from.OneToManyTableGroup@315bf7c1] with identifierForTableGroup [com.chatgenius.model.Message.reactions] for NavigablePath [com.chatgenius.model.Message.reactions] 
2025-01-09T08:37:05.774-06:00 DEBUG 20036 --- [           main] org.hibernate.orm.sql.ast.create         : Registration of TableGroup [StandardTableGroup(com.chatgenius.model.Message.reactions.{element})] with identifierForTableGroup [com.chatgenius.model.Message.reactions.{element}] for NavigablePath [com.chatgenius.model.Message.reactions.{element}] 
2025-01-09T08:37:05.774-06:00 DEBUG 20036 --- [           main] org.hibernate.orm.sql.ast.create         : Registration of TableGroup [org.hibernate.sql.ast.tree.from.LazyTableGroup@38bb4d4f] with identifierForTableGroup [com.chatgenius.model.Message.reactions.{element}.message] for NavigablePath [com.chatgenius.model.Message.reactions.{element}.message] 
2025-01-09T08:37:05.774-06:00 DEBUG 20036 --- [           main] org.hibernate.orm.sql.ast.create         : Registration of TableGroup [org.hibernate.sql.ast.tree.from.LazyTableGroup@26542c47] with identifierForTableGroup [com.chatgenius.model.Message.reactions.{element}.user] for NavigablePath [com.chatgenius.model.Message.reactions.{element}.user] 
2025-01-09T08:37:05.774-06:00 DEBUG 20036 --- [           main] org.hibernate.orm.sql.ast.create         : Created new SQL alias : u1_0
2025-01-09T08:37:05.774-06:00 DEBUG 20036 --- [           main] org.hibernate.orm.results.graph.AST      : DomainResult Graph:
 \-CollectionDomainResult [com.chatgenius.model.Message.reactions]

2025-01-09T08:37:05.774-06:00 DEBUG 20036 --- [           main] org.hibernate.orm.sql.ast.tree           : SQL AST Tree:
    SelectStatement {
      FromClause {
        OneToManyTableGroup (r1 : com.chatgenius.model.Message.reactions) {
          primaryTableReference : reactions as r1_0
          TableGroupJoins {
            left  join LazyTableGroup (m1 : com.chatgenius.model.Message.reactions.{element}.message) {
            }
            left  join LazyTableGroup (u1 : com.chatgenius.model.Message.reactions.{element}.user) {
              primaryTableReference : users as u1_0
            }
          }
        }
      }
    }

2025-01-09T08:37:05.774-06:00 DEBUG 20036 --- [           main] org.hibernate.orm.jdbc.mutation          : Static SQL for collection: com.chatgenius.model.Message.reactions
2025-01-09T08:37:05.774-06:00 DEBUG 20036 --- [           main] org.hibernate.orm.sql.ast.create         : Created new SQL alias : a1_0
2025-01-09T08:37:05.774-06:00 DEBUG 20036 --- [           main] org.hibernate.orm.sql.ast.create         : Registration of TableGroup [org.hibernate.sql.ast.tree.from.OneToManyTableGroup@3a77f91a] with identifierForTableGroup [com.chatgenius.model.Message.attachments] for NavigablePath [com.chatgenius.model.Message.attachments] 
2025-01-09T08:37:05.774-06:00 DEBUG 20036 --- [           main] org.hibernate.orm.sql.ast.create         : Registration of TableGroup [StandardTableGroup(com.chatgenius.model.Message.attachments.{element})] with identifierForTableGroup [com.chatgenius.model.Message.attachments.{element}] for NavigablePath [com.chatgenius.model.Message.attachments.{element}] 
2025-01-09T08:37:05.774-06:00 DEBUG 20036 --- [           main] org.hibernate.orm.sql.ast.create         : Registration of TableGroup [org.hibernate.sql.ast.tree.from.LazyTableGroup@58c41a2e] with identifierForTableGroup [com.chatgenius.model.Message.attachments.{element}.message] for NavigablePath [com.chatgenius.model.Message.attachments.{element}.message] 
2025-01-09T08:37:05.774-06:00 DEBUG 20036 --- [           main] org.hibernate.orm.results.graph.AST      : DomainResult Graph:
 \-CollectionDomainResult [com.chatgenius.model.Message.attachments]

2025-01-09T08:37:05.774-06:00 DEBUG 20036 --- [           main] org.hibernate.orm.sql.ast.tree           : SQL AST Tree:
    SelectStatement {
      FromClause {
        OneToManyTableGroup (a1 : com.chatgenius.model.Message.attachments) {
          primaryTableReference : attachments as a1_0
          TableGroupJoins {
            left  join LazyTableGroup (m1 : com.chatgenius.model.Message.attachments.{element}.message) {
            }
          }
        }
      }
    }

2025-01-09T08:37:05.774-06:00 DEBUG 20036 --- [           main] org.hibernate.orm.jdbc.mutation          : Static SQL for collection: com.chatgenius.model.Message.attachments
2025-01-09T08:37:05.774-06:00 DEBUG 20036 --- [           main] org.hibernate.orm.sql.ast.create         : Created new SQL alias : m1_0
2025-01-09T08:37:05.774-06:00 DEBUG 20036 --- [           main] org.hibernate.orm.sql.ast.create         : Registration of TableGroup [CollectionTableGroup(com.chatgenius.model.Channel.members)] with identifierForTableGroup [com.chatgenius.model.Channel.members] for NavigablePath [com.chatgenius.model.Channel.members] 
2025-01-09T08:37:05.774-06:00 DEBUG 20036 --- [           main] org.hibernate.orm.sql.ast.create         : Registration of TableGroup [org.hibernate.sql.ast.tree.from.LazyTableGroup@6c77a801] with identifierForTableGroup [com.chatgenius.model.Channel.members.{element}] for NavigablePath [com.chatgenius.model.Channel.members.{element}] 
2025-01-09T08:37:05.774-06:00 DEBUG 20036 --- [           main] org.hibernate.orm.sql.ast.create         : Created new SQL alias : m1_1
2025-01-09T08:37:05.774-06:00 DEBUG 20036 --- [           main] org.hibernate.orm.results.graph.AST      : DomainResult Graph:
 \-CollectionDomainResult [com.chatgenius.model.Channel.members]

2025-01-09T08:37:05.774-06:00 DEBUG 20036 --- [           main] org.hibernate.orm.sql.ast.tree           : SQL AST Tree:
    SelectStatement {
      FromClause {
        CollectionTableGroup (m1 : com.chatgenius.model.Channel.members) {
          primaryTableReference : channel_members as m1_0
          TableGroupJoins {
             join LazyTableGroup (m1 : com.chatgenius.model.Channel.members.{element}) {
              primaryTableReference : users as m1_1
            }
          }
        }
      }
    }

2025-01-09T08:37:05.774-06:00 DEBUG 20036 --- [           main] org.hibernate.orm.jdbc.mutation          : Static SQL for collection: com.chatgenius.model.Channel.members
2025-01-09T08:37:05.774-06:00 DEBUG 20036 --- [           main] org.hibernate.orm.jdbc.mutation          :  Row insert: insert into channel_members (channel_id,user_id) values (?,?)
2025-01-09T08:37:05.774-06:00 DEBUG 20036 --- [           main] org.hibernate.orm.jdbc.mutation          :  Row delete: delete from channel_members where channel_id=? and user_id=?
2025-01-09T08:37:05.774-06:00 DEBUG 20036 --- [           main] org.hibernate.orm.jdbc.mutation          :  One-shot delete: delete from channel_members where channel_id=?
2025-01-09T08:37:05.774-06:00 DEBUG 20036 --- [           main] org.hibernate.orm.sql.ast.create         : Created new SQL alias : r1_0
2025-01-09T08:37:05.774-06:00 DEBUG 20036 --- [           main] org.hibernate.orm.sql.ast.create         : Registration of TableGroup [org.hibernate.sql.ast.tree.from.OneToManyTableGroup@71dbf73] with identifierForTableGroup [com.chatgenius.model.Message.replies] for NavigablePath [com.chatgenius.model.Message.replies] 
2025-01-09T08:37:05.774-06:00 DEBUG 20036 --- [           main] org.hibernate.orm.sql.ast.create         : Registration of TableGroup [StandardTableGroup(com.chatgenius.model.Message.replies.{element})] with identifierForTableGroup [com.chatgenius.model.Message.replies.{element}] for NavigablePath [com.chatgenius.model.Message.replies.{element}] 
2025-01-09T08:37:05.775-06:00 DEBUG 20036 --- [           main] org.hibernate.orm.sql.ast.create         : Registration of TableGroup [org.hibernate.sql.ast.tree.from.LazyTableGroup@406ada98] with identifierForTableGroup [com.chatgenius.model.Message.replies.{element}.channel] for NavigablePath [com.chatgenius.model.Message.replies.{element}.channel] 
2025-01-09T08:37:05.775-06:00 DEBUG 20036 --- [           main] org.hibernate.orm.sql.ast.create         : Created new SQL alias : c1_0
2025-01-09T08:37:05.775-06:00 DEBUG 20036 --- [           main] org.hibernate.orm.sql.ast.create         : Registration of TableGroup [org.hibernate.sql.ast.tree.from.LazyTableGroup@760ff1c] with identifierForTableGroup [com.chatgenius.model.Message.replies.{element}.thread] for NavigablePath [com.chatgenius.model.Message.replies.{element}.thread] 
2025-01-09T08:37:05.775-06:00 DEBUG 20036 --- [           main] org.hibernate.orm.sql.ast.create         : Registration of TableGroup [org.hibernate.sql.ast.tree.from.LazyTableGroup@3821d899] with identifierForTableGroup [com.chatgenius.model.Message.replies.{element}.user] for NavigablePath [com.chatgenius.model.Message.replies.{element}.user] 
2025-01-09T08:37:05.775-06:00 DEBUG 20036 --- [           main] org.hibernate.orm.sql.ast.create         : Created new SQL alias : u1_0
2025-01-09T08:37:05.775-06:00 DEBUG 20036 --- [           main] org.hibernate.orm.results.graph.AST      : DomainResult Graph:
 \-CollectionDomainResult [com.chatgenius.model.Message.replies]

2025-01-09T08:37:05.775-06:00 DEBUG 20036 --- [           main] org.hibernate.orm.sql.ast.tree           : SQL AST Tree:
    SelectStatement {
      FromClause {
        OneToManyTableGroup (r1 : com.chatgenius.model.Message.replies) {
          primaryTableReference : messages as r1_0
          TableGroupJoins {
            left  join LazyTableGroup (c1 : com.chatgenius.model.Message.replies.{element}.channel) {
              primaryTableReference : channels as c1_0
            }
            left  join LazyTableGroup (t1 : com.chatgenius.model.Message.replies.{element}.thread) {
            }
            left  join LazyTableGroup (u1 : com.chatgenius.model.Message.replies.{element}.user) {
              primaryTableReference : users as u1_0
            }
          }
        }
      }
    }

2025-01-09T08:37:05.775-06:00 DEBUG 20036 --- [           main] org.hibernate.orm.jdbc.mutation          : Static SQL for collection: com.chatgenius.model.Message.replies
2025-01-09T08:37:05.777-06:00  INFO 20036 --- [           main] o.h.e.t.j.p.i.JtaPlatformInitiator       : HHH000489: No JTA platform available (set 'hibernate.transaction.jta.platform' to enable JTA platform integration)
2025-01-09T08:37:05.777-06:00 DEBUG 20036 --- [           main] o.h.type.spi.TypeConfiguration$Scope     : Scoping TypeConfiguration [org.hibernate.type.spi.TypeConfiguration@b562753] to SessionFactoryImplementor [org.hibernate.internal.SessionFactoryImpl@72741c84]
2025-01-09T08:37:05.777-06:00 DEBUG 20036 --- [           main] o.h.query.named.NamedObjectRepository    : Checking 0 named HQL queries
2025-01-09T08:37:05.777-06:00 DEBUG 20036 --- [           main] o.h.query.named.NamedObjectRepository    : Checking 0 named SQL queries
2025-01-09T08:37:05.777-06:00 DEBUG 20036 --- [           main] org.hibernate.SQL                        : 
    drop table if exists attachments cascade 
Hibernate: 
    drop table if exists attachments cascade 
2025-01-09T08:37:05.778-06:00 DEBUG 20036 --- [           main] org.hibernate.SQL                        : 
    drop table if exists channel_members cascade 
Hibernate: 
    drop table if exists channel_members cascade 
2025-01-09T08:37:05.778-06:00 DEBUG 20036 --- [           main] org.hibernate.SQL                        : 
    drop table if exists channels cascade 
Hibernate: 
    drop table if exists channels cascade 
2025-01-09T08:37:05.778-06:00 DEBUG 20036 --- [           main] org.hibernate.SQL                        : 
    drop table if exists messages cascade 
Hibernate: 
    drop table if exists messages cascade 
2025-01-09T08:37:05.778-06:00 DEBUG 20036 --- [           main] org.hibernate.SQL                        : 
    drop table if exists reactions cascade 
Hibernate: 
    drop table if exists reactions cascade 
2025-01-09T08:37:05.778-06:00 DEBUG 20036 --- [           main] org.hibernate.SQL                        : 
    drop table if exists users cascade 
Hibernate: 
    drop table if exists users cascade 
2025-01-09T08:37:05.779-06:00 DEBUG 20036 --- [           main] org.hibernate.SQL                        : 
    create table attachments (
        file_size integer not null,
        created_at timestamp(6) with time zone,
        id uuid not null,
        message_id uuid not null,
        file_type varchar(50) not null,
        file_name varchar(255) not null,
        file_url varchar(255) not null,
        primary key (id)
    )
Hibernate: 
    create table attachments (
        file_size integer not null,
        created_at timestamp(6) with time zone,
        id uuid not null,
        message_id uuid not null,
        file_type varchar(50) not null,
        file_name varchar(255) not null,
        file_url varchar(255) not null,
        primary key (id)
    )
2025-01-09T08:37:05.779-06:00 DEBUG 20036 --- [           main] org.hibernate.SQL                        : 
    create table channel_members (
        channel_id uuid not null,
        user_id uuid not null,
        primary key (channel_id, user_id)
    )
Hibernate: 
    create table channel_members (
        channel_id uuid not null,
        user_id uuid not null,
        primary key (channel_id, user_id)
    )
2025-01-09T08:37:05.779-06:00 DEBUG 20036 --- [           main] org.hibernate.SQL                        : 
    create table channels (
        created_at timestamp(6) with time zone not null,
        id uuid not null,
        name varchar(255) not null,
        type varchar(255) not null check (type in ('PUBLIC','PRIVATE','DIRECT_MESSAGE')),
        primary key (id)
    )
Hibernate: 
    create table channels (
        created_at timestamp(6) with time zone not null,
        id uuid not null,
        name varchar(255) not null,
        type varchar(255) not null check (type in ('PUBLIC','PRIVATE','DIRECT_MESSAGE')),
        primary key (id)
    )
2025-01-09T08:37:05.780-06:00 DEBUG 20036 --- [           main] org.hibernate.SQL                        : 
    create table messages (
        created_at timestamp(6) with time zone,
        updated_at timestamp(6) with time zone,
        channel_id uuid not null,
        id uuid not null,
        thread_id uuid,
        user_id uuid,
        type varchar(20) not null check (type in ('TEXT','FILE','AI','SYSTEM')),
        content varchar(255) not null,
        primary key (id)
    )
Hibernate: 
    create table messages (
        created_at timestamp(6) with time zone,
        updated_at timestamp(6) with time zone,
        channel_id uuid not null,
        id uuid not null,
        thread_id uuid,
        user_id uuid,
        type varchar(20) not null check (type in ('TEXT','FILE','AI','SYSTEM')),
        content varchar(255) not null,
        primary key (id)
    )
2025-01-09T08:37:05.780-06:00 DEBUG 20036 --- [           main] org.hibernate.SQL                        : 
    create table reactions (
        created_at timestamp(6) with time zone,
        id uuid not null,
        message_id uuid not null,
        user_id uuid not null,
        emoji varchar(50) not null,
        primary key (id)
    )
Hibernate: 
    create table reactions (
        created_at timestamp(6) with time zone,
        id uuid not null,
        message_id uuid not null,
        user_id uuid not null,
        emoji varchar(50) not null,
        primary key (id)
    )
2025-01-09T08:37:05.780-06:00 DEBUG 20036 --- [           main] org.hibernate.SQL                        : 
    create table users (
        created_at timestamp(6) with time zone not null,
        last_seen_at timestamp(6) with time zone,
        id uuid not null,
        email varchar(255) not null unique,
        password varchar(255) not null,
        status varchar(255) not null check (status in ('ONLINE','OFFLINE','AWAY','DO_NOT_DISTURB')),
        username varchar(255) not null unique,
        primary key (id)
    )
Hibernate: 
    create table users (
        created_at timestamp(6) with time zone not null,
        last_seen_at timestamp(6) with time zone,
        id uuid not null,
        email varchar(255) not null unique,
        password varchar(255) not null,
        status varchar(255) not null check (status in ('ONLINE','OFFLINE','AWAY','DO_NOT_DISTURB')),
        username varchar(255) not null unique,
        primary key (id)
    )
2025-01-09T08:37:05.781-06:00 DEBUG 20036 --- [           main] org.hibernate.SQL                        : 
    alter table if exists attachments 
       add constraint FKcf4ta8qdkixetfy7wnqfv3vkv 
       foreign key (message_id) 
       references messages
Hibernate: 
    alter table if exists attachments 
       add constraint FKcf4ta8qdkixetfy7wnqfv3vkv 
       foreign key (message_id) 
       references messages
2025-01-09T08:37:05.781-06:00 DEBUG 20036 --- [           main] org.hibernate.SQL                        : 
    alter table if exists channel_members 
       add constraint FKjunpxp98pv6g23t5d3w5hx8ji 
       foreign key (user_id) 
       references users
Hibernate: 
    alter table if exists channel_members 
       add constraint FKjunpxp98pv6g23t5d3w5hx8ji 
       foreign key (user_id) 
       references users
2025-01-09T08:37:05.781-06:00 DEBUG 20036 --- [           main] org.hibernate.SQL                        : 
    alter table if exists channel_members 
       add constraint FK5w7mqibtg5vbjt7xq6xyhc479 
       foreign key (channel_id) 
       references channels
Hibernate: 
    alter table if exists channel_members 
       add constraint FK5w7mqibtg5vbjt7xq6xyhc479 
       foreign key (channel_id) 
       references channels
2025-01-09T08:37:05.781-06:00 DEBUG 20036 --- [           main] org.hibernate.SQL                        : 
    alter table if exists messages 
       add constraint FK3u3ckbhwq9se1cmopk2pq05b2 
       foreign key (channel_id) 
       references channels
Hibernate: 
    alter table if exists messages 
       add constraint FK3u3ckbhwq9se1cmopk2pq05b2 
       foreign key (channel_id) 
       references channels
2025-01-09T08:37:05.782-06:00 DEBUG 20036 --- [           main] org.hibernate.SQL                        : 
    alter table if exists messages 
       add constraint FKi19qh96rd5ol2wt2qfld9klmu 
       foreign key (thread_id) 
       references messages
Hibernate: 
    alter table if exists messages 
       add constraint FKi19qh96rd5ol2wt2qfld9klmu 
       foreign key (thread_id) 
       references messages
2025-01-09T08:37:05.782-06:00 DEBUG 20036 --- [           main] org.hibernate.SQL                        : 
    alter table if exists messages 
       add constraint FKpsmh6clh3csorw43eaodlqvkn 
       foreign key (user_id) 
       references users
Hibernate: 
    alter table if exists messages 
       add constraint FKpsmh6clh3csorw43eaodlqvkn 
       foreign key (user_id) 
       references users
2025-01-09T08:37:05.782-06:00 DEBUG 20036 --- [           main] org.hibernate.SQL                        : 
    alter table if exists reactions 
       add constraint FKlmwgdoo3g3f4g0wsgc1lmwfby 
       foreign key (message_id) 
       references messages
Hibernate: 
    alter table if exists reactions 
       add constraint FKlmwgdoo3g3f4g0wsgc1lmwfby 
       foreign key (message_id) 
       references messages
2025-01-09T08:37:05.783-06:00 DEBUG 20036 --- [           main] org.hibernate.SQL                        : 
    alter table if exists reactions 
       add constraint FKqmewaibcp5bxtlqxc2cawhuln 
       foreign key (user_id) 
       references users
Hibernate: 
    alter table if exists reactions 
       add constraint FKqmewaibcp5bxtlqxc2cawhuln 
       foreign key (user_id) 
       references users
2025-01-09T08:37:05.783-06:00 DEBUG 20036 --- [           main] o.h.internal.SessionFactoryRegistry      : Registering SessionFactory: 0c2eaf12-e565-4652-b56d-1ddfa2aeff26 (<unnamed>)
2025-01-09T08:37:05.783-06:00 DEBUG 20036 --- [           main] o.h.internal.SessionFactoryRegistry      : Not binding SessionFactory to JNDI, no JNDI name configured
2025-01-09T08:37:05.783-06:00 DEBUG 20036 --- [           main] o.hibernate.internal.SessionFactoryImpl  : Instantiated SessionFactory
2025-01-09T08:37:05.783-06:00  INFO 20036 --- [           main] j.LocalContainerEntityManagerFactoryBean : Initialized JPA EntityManagerFactory for persistence unit 'default'
2025-01-09T08:37:05.783-06:00 DEBUG 20036 --- [           main] o.s.b.f.s.DefaultListableBeanFactory     : Creating shared instance of singleton bean 'chatGeniusApplication'
2025-01-09T08:37:05.784-06:00 DEBUG 20036 --- [           main] o.s.b.f.s.DefaultListableBeanFactory     : Creating shared instance of singleton bean 'securityConfig'
2025-01-09T08:37:05.784-06:00 DEBUG 20036 --- [           main] o.s.b.f.s.DefaultListableBeanFactory     : Creating shared instance of singleton bean 'supabaseConfig'
2025-01-09T08:37:05.784-06:00 DEBUG 20036 --- [           main] o.s.b.f.s.DefaultListableBeanFactory     : Creating shared instance of singleton bean 'webSocketConfig'
2025-01-09T08:37:05.785-06:00 DEBUG 20036 --- [           main] o.s.c.e.PropertySourcesPropertyResolver  : Found key 'websocket.endpoint' in PropertySource 'environmentProperties' with value of type String
2025-01-09T08:37:05.785-06:00 DEBUG 20036 --- [           main] o.s.c.e.PropertySourcesPropertyResolver  : Found key 'websocket.allowed-origins' in PropertySource 'environmentProperties' with value of type String
2025-01-09T08:37:05.785-06:00 DEBUG 20036 --- [           main] o.s.c.e.PropertySourcesPropertyResolver  : Found key 'websocket.destination-prefix' in PropertySource 'environmentProperties' with value of type String
2025-01-09T08:37:05.785-06:00 DEBUG 20036 --- [           main] o.s.b.f.s.DefaultListableBeanFactory     : Creating shared instance of singleton bean 'authController'
2025-01-09T08:37:05.785-06:00 DEBUG 20036 --- [           main] o.s.b.f.s.DefaultListableBeanFactory     : Creating shared instance of singleton bean 'authServiceImpl'
2025-01-09T08:37:05.785-06:00 DEBUG 20036 --- [           main] o.s.b.f.s.DefaultListableBeanFactory     : Creating shared instance of singleton bean 'testAuthenticationManager'
2025-01-09T08:37:05.785-06:00 DEBUG 20036 --- [           main] o.s.b.f.s.DefaultListableBeanFactory     : Creating shared instance of singleton bean 'com.chatgenius.config.TestSecurityConfig'
2025-01-09T08:37:05.786-06:00 DEBUG 20036 --- [           main] o.s.b.f.s.DefaultListableBeanFactory     : Creating shared instance of singleton bean 'org.springframework.security.config.annotation.authentication.configuration.AuthenticationConfiguration'
2025-01-09T08:37:05.786-06:00 DEBUG 20036 --- [           main] o.s.b.f.s.DefaultListableBeanFactory     : Creating shared instance of singleton bean 'enableGlobalAuthenticationAutowiredConfigurer'
2025-01-09T08:37:05.786-06:00 DEBUG 20036 --- [           main] o.s.b.f.s.DefaultListableBeanFactory     : Autowiring by type from bean name 'enableGlobalAuthenticationAutowiredConfigurer' via factory method to bean named 'org.springframework.web.context.support.GenericWebApplicationContext@7a4a91f8'
2025-01-09T08:37:05.787-06:00 DEBUG 20036 --- [           main] o.s.b.f.s.DefaultListableBeanFactory     : Creating shared instance of singleton bean 'initializeUserDetailsBeanManagerConfigurer'
2025-01-09T08:37:05.787-06:00 DEBUG 20036 --- [           main] o.s.b.f.s.DefaultListableBeanFactory     : Autowiring by type from bean name 'initializeUserDetailsBeanManagerConfigurer' via factory method to bean named 'org.springframework.web.context.support.GenericWebApplicationContext@7a4a91f8'
2025-01-09T08:37:05.787-06:00 DEBUG 20036 --- [           main] o.s.b.f.s.DefaultListableBeanFactory     : Creating shared instance of singleton bean 'initializeAuthenticationProviderBeanManagerConfigurer'
2025-01-09T08:37:05.787-06:00 DEBUG 20036 --- [           main] o.s.b.f.s.DefaultListableBeanFactory     : Autowiring by type from bean name 'initializeAuthenticationProviderBeanManagerConfigurer' via factory method to bean named 'org.springframework.web.context.support.GenericWebApplicationContext@7a4a91f8'
2025-01-09T08:37:05.788-06:00 DEBUG 20036 --- [           main] o.s.b.f.s.DefaultListableBeanFactory     : Creating shared instance of singleton bean 'objectPostProcessor'
2025-01-09T08:37:05.788-06:00 DEBUG 20036 --- [           main] o.s.b.f.s.DefaultListableBeanFactory     : Creating shared instance of singleton bean 'org.springframework.security.config.annotation.configuration.ObjectPostProcessorConfiguration'
2025-01-09T08:37:05.788-06:00 DEBUG 20036 --- [           main] o.s.b.f.s.DefaultListableBeanFactory     : Autowiring by type from bean name 'objectPostProcessor' via factory method to bean named 'org.springframework.beans.factory.support.DefaultListableBeanFactory@34518f0'
2025-01-09T08:37:05.788-06:00 DEBUG 20036 --- [           main] o.s.b.f.s.DefaultListableBeanFactory     : Autowiring by type from bean name 'testAuthenticationManager' via factory method to bean named 'org.springframework.security.config.annotation.authentication.configuration.AuthenticationConfiguration'
2025-01-09T08:37:05.788-06:00 DEBUG 20036 --- [           main] o.s.b.f.s.DefaultListableBeanFactory     : Creating shared instance of singleton bean 'authenticationManagerBuilder'
2025-01-09T08:37:05.788-06:00 DEBUG 20036 --- [           main] o.s.b.f.s.DefaultListableBeanFactory     : Autowiring by type from bean name 'authenticationManagerBuilder' via factory method to bean named 'objectPostProcessor'
2025-01-09T08:37:05.788-06:00 DEBUG 20036 --- [           main] o.s.b.f.s.DefaultListableBeanFactory     : Autowiring by type from bean name 'authenticationManagerBuilder' via factory method to bean named 'org.springframework.web.context.support.GenericWebApplicationContext@7a4a91f8'
2025-01-09T08:37:05.788-06:00 DEBUG 20036 --- [           main] o.s.b.f.s.DefaultListableBeanFactory     : Creating shared instance of singleton bean 'authenticationEventPublisher'
2025-01-09T08:37:05.788-06:00 DEBUG 20036 --- [           main] o.s.b.f.s.DefaultListableBeanFactory     : Creating shared instance of singleton bean 'org.springframework.boot.autoconfigure.security.servlet.SecurityAutoConfiguration'
2025-01-09T08:37:05.789-06:00 DEBUG 20036 --- [           main] o.s.b.f.s.DefaultListableBeanFactory     : Autowiring by type from bean name 'authenticationEventPublisher' via factory method to bean named 'org.springframework.web.context.support.GenericWebApplicationContext@7a4a91f8'
2025-01-09T08:37:05.790-06:00 DEBUG 20036 --- [           main] swordEncoderAuthenticationManagerBuilder : No authenticationProviders and no parentAuthenticationManager defined. Returning null.
2025-01-09T08:37:05.790-06:00 DEBUG 20036 --- [           main] o.s.aop.framework.ProxyFactoryBean       : Advice has changed; re-caching singleton instance
2025-01-09T08:37:05.791-06:00 DEBUG 20036 --- [           main] o.s.b.f.s.DefaultListableBeanFactory     : Creating shared instance of singleton bean 'userServiceImpl'
2025-01-09T08:37:05.791-06:00 DEBUG 20036 --- [           main] o.s.b.f.s.DefaultListableBeanFactory     : Creating shared instance of singleton bean 'userRepository'
2025-01-09T08:37:05.792-06:00 DEBUG 20036 --- [           main] o.s.b.f.s.DefaultListableBeanFactory     : Creating shared instance of singleton bean 'jpa.named-queries#0'
2025-01-09T08:37:05.794-06:00 DEBUG 20036 --- [           main] o.s.b.f.s.DefaultListableBeanFactory     : Creating shared instance of singleton bean 'jpa.UserRepository.fragments#0'
2025-01-09T08:37:05.794-06:00 DEBUG 20036 --- [           main] o.s.b.f.s.DefaultListableBeanFactory     : Creating shared instance of singleton bean 'jpaSharedEM_entityManagerFactory'
2025-01-09T08:37:05.798-06:00 DEBUG 20036 --- [           main] o.s.b.f.s.DefaultListableBeanFactory     : Creating shared instance of singleton bean 'jpaMappingContext'
2025-01-09T08:37:05.798-06:00 DEBUG 20036 --- [           main] .c.JpaMetamodelMappingContextFactoryBean : Initializing JpaMetamodelMappingContext…
2025-01-09T08:37:05.798-06:00 DEBUG 20036 --- [           main] .c.JpaMetamodelMappingContextFactoryBean : Finished initializing JpaMetamodelMappingContext
2025-01-09T08:37:05.799-06:00 DEBUG 20036 --- [           main] tor$SharedEntityManagerInvocationHandler : Creating new EntityManager for shared EntityManager invocation
2025-01-09T08:37:05.799-06:00 DEBUG 20036 --- [           main] o.h.stat.internal.StatisticsInitiator    : Statistics initialized [enabled=false]
2025-01-09T08:37:05.801-06:00 DEBUG 20036 --- [           main] o.s.d.r.c.s.RepositoryFactorySupport     : Initializing repository instance for com.chatgenius.repository.UserRepository…
2025-01-09T08:37:05.802-06:00 DEBUG 20036 --- [           main] tor$SharedEntityManagerInvocationHandler : Creating new EntityManager for shared EntityManager invocation
2025-01-09T08:37:05.809-06:00 DEBUG 20036 --- [           main] o.s.d.jpa.repository.query.NamedQuery    : Looking up named query User.findByEmail
2025-01-09T08:37:05.809-06:00 DEBUG 20036 --- [           main] cResourceLocalTransactionCoordinatorImpl : JDBC transaction marked for rollback-only (exception provided for stack trace)

java.lang.Exception: exception just for purpose of providing stack trace
	at org.hibernate.resource.transaction.backend.jdbc.internal.JdbcResourceLocalTransactionCoordinatorImpl$TransactionDriverControlImpl.markRollbackOnly(JdbcResourceLocalTransactionCoordinatorImpl.java:310) ~[hibernate-core-6.4.1.Final.jar:6.4.1.Final]
	at org.hibernate.internal.AbstractSharedSessionContract.buildNamedQuery(AbstractSharedSessionContract.java:1076) ~[hibernate-core-6.4.1.Final.jar:6.4.1.Final]
	at org.hibernate.internal.AbstractSharedSessionContract.createNamedQuery(AbstractSharedSessionContract.java:954) ~[hibernate-core-6.4.1.Final.jar:6.4.1.Final]
	at org.hibernate.internal.AbstractSharedSessionContract.createNamedQuery(AbstractSharedSessionContract.java:133) ~[hibernate-core-6.4.1.Final.jar:6.4.1.Final]
	at java.base/jdk.internal.reflect.DirectMethodHandleAccessor.invoke(DirectMethodHandleAccessor.java:103) ~[na:na]
	at java.base/java.lang.reflect.Method.invoke(Method.java:580) ~[na:na]
	at org.springframework.orm.jpa.ExtendedEntityManagerCreator$ExtendedEntityManagerInvocationHandler.invoke(ExtendedEntityManagerCreator.java:364) ~[spring-orm-6.1.2.jar:6.1.2]
	at jdk.proxy2/jdk.proxy2.$Proxy186.createNamedQuery(Unknown Source) ~[na:na]
	at org.springframework.data.jpa.repository.query.NamedQuery.hasNamedQuery(NamedQuery.java:113) ~[spring-data-jpa-3.2.1.jar:3.2.1]
	at org.springframework.data.jpa.repository.query.NamedQuery.lookupFrom(NamedQuery.java:141) ~[spring-data-jpa-3.2.1.jar:3.2.1]
	at org.springframework.data.jpa.repository.query.JpaQueryLookupStrategy$DeclaredQueryLookupStrategy.resolveQuery(JpaQueryLookupStrategy.java:180) ~[spring-data-jpa-3.2.1.jar:3.2.1]
	at org.springframework.data.jpa.repository.query.JpaQueryLookupStrategy$CreateIfNotFoundQueryLookupStrategy.resolveQuery(JpaQueryLookupStrategy.java:252) ~[spring-data-jpa-3.2.1.jar:3.2.1]
	at org.springframework.data.jpa.repository.query.JpaQueryLookupStrategy$AbstractQueryLookupStrategy.resolveQuery(JpaQueryLookupStrategy.java:95) ~[spring-data-jpa-3.2.1.jar:3.2.1]
	at org.springframework.data.repository.core.support.QueryExecutorMethodInterceptor.lookupQuery(QueryExecutorMethodInterceptor.java:111) ~[spring-data-commons-3.2.1.jar:3.2.1]
	at org.springframework.data.repository.core.support.QueryExecutorMethodInterceptor.mapMethodsToQuery(QueryExecutorMethodInterceptor.java:99) ~[spring-data-commons-3.2.1.jar:3.2.1]
	at org.springframework.data.repository.core.support.QueryExecutorMethodInterceptor.lambda$new$0(QueryExecutorMethodInterceptor.java:88) ~[spring-data-commons-3.2.1.jar:3.2.1]
	at java.base/java.util.Optional.map(Optional.java:260) ~[na:na]
	at org.springframework.data.repository.core.support.QueryExecutorMethodInterceptor.<init>(QueryExecutorMethodInterceptor.java:88) ~[spring-data-commons-3.2.1.jar:3.2.1]
	at org.springframework.data.repository.core.support.RepositoryFactorySupport.getRepository(RepositoryFactorySupport.java:357) ~[spring-data-commons-3.2.1.jar:3.2.1]
	at org.springframework.data.repository.core.support.RepositoryFactoryBeanSupport.lambda$afterPropertiesSet$5(RepositoryFactoryBeanSupport.java:279) ~[spring-data-commons-3.2.1.jar:3.2.1]
	at org.springframework.data.util.Lazy.getNullable(Lazy.java:135) ~[spring-data-commons-3.2.1.jar:3.2.1]
	at org.springframework.data.util.Lazy.get(Lazy.java:113) ~[spring-data-commons-3.2.1.jar:3.2.1]
	at org.springframework.data.repository.core.support.RepositoryFactoryBeanSupport.afterPropertiesSet(RepositoryFactoryBeanSupport.java:285) ~[spring-data-commons-3.2.1.jar:3.2.1]
	at org.springframework.data.jpa.repository.support.JpaRepositoryFactoryBean.afterPropertiesSet(JpaRepositoryFactoryBean.java:132) ~[spring-data-jpa-3.2.1.jar:3.2.1]
	at org.springframework.beans.factory.support.AbstractAutowireCapableBeanFactory.invokeInitMethods(AbstractAutowireCapableBeanFactory.java:1820) ~[spring-beans-6.1.2.jar:6.1.2]
	at org.springframework.beans.factory.support.AbstractAutowireCapableBeanFactory.initializeBean(AbstractAutowireCapableBeanFactory.java:1769) ~[spring-beans-6.1.2.jar:6.1.2]
	at org.springframework.beans.factory.support.AbstractAutowireCapableBeanFactory.doCreateBean(AbstractAutowireCapableBeanFactory.java:599) ~[spring-beans-6.1.2.jar:6.1.2]
	at org.springframework.beans.factory.support.AbstractAutowireCapableBeanFactory.createBean(AbstractAutowireCapableBeanFactory.java:521) ~[spring-beans-6.1.2.jar:6.1.2]
	at org.springframework.beans.factory.support.AbstractBeanFactory.lambda$doGetBean$0(AbstractBeanFactory.java:325) ~[spring-beans-6.1.2.jar:6.1.2]
	at org.springframework.beans.factory.support.DefaultSingletonBeanRegistry.getSingleton(DefaultSingletonBeanRegistry.java:234) ~[spring-beans-6.1.2.jar:6.1.2]
	at org.springframework.beans.factory.support.AbstractBeanFactory.doGetBean(AbstractBeanFactory.java:323) ~[spring-beans-6.1.2.jar:6.1.2]
	at org.springframework.beans.factory.support.AbstractBeanFactory.getBean(AbstractBeanFactory.java:199) ~[spring-beans-6.1.2.jar:6.1.2]
	at org.springframework.beans.factory.config.DependencyDescriptor.resolveCandidate(DependencyDescriptor.java:254) ~[spring-beans-6.1.2.jar:6.1.2]
	at org.springframework.beans.factory.support.DefaultListableBeanFactory.doResolveDependency(DefaultListableBeanFactory.java:1443) ~[spring-beans-6.1.2.jar:6.1.2]
	at org.springframework.beans.factory.support.DefaultListableBeanFactory.resolveDependency(DefaultListableBeanFactory.java:1353) ~[spring-beans-6.1.2.jar:6.1.2]
	at org.springframework.beans.factory.support.ConstructorResolver.resolveAutowiredArgument(ConstructorResolver.java:911) ~[spring-beans-6.1.2.jar:6.1.2]
	at org.springframework.beans.factory.support.ConstructorResolver.createArgumentArray(ConstructorResolver.java:789) ~[spring-beans-6.1.2.jar:6.1.2]
	at org.springframework.beans.factory.support.ConstructorResolver.autowireConstructor(ConstructorResolver.java:241) ~[spring-beans-6.1.2.jar:6.1.2]
	at org.springframework.beans.factory.support.AbstractAutowireCapableBeanFactory.autowireConstructor(AbstractAutowireCapableBeanFactory.java:1354) ~[spring-beans-6.1.2.jar:6.1.2]
	at org.springframework.beans.factory.support.AbstractAutowireCapableBeanFactory.createBeanInstance(AbstractAutowireCapableBeanFactory.java:1191) ~[spring-beans-6.1.2.jar:6.1.2]
	at org.springframework.beans.factory.support.AbstractAutowireCapableBeanFactory.doCreateBean(AbstractAutowireCapableBeanFactory.java:561) ~[spring-beans-6.1.2.jar:6.1.2]
	at org.springframework.beans.factory.support.AbstractAutowireCapableBeanFactory.createBean(AbstractAutowireCapableBeanFactory.java:521) ~[spring-beans-6.1.2.jar:6.1.2]
	at org.springframework.beans.factory.support.AbstractBeanFactory.lambda$doGetBean$0(AbstractBeanFactory.java:325) ~[spring-beans-6.1.2.jar:6.1.2]
	at org.springframework.beans.factory.support.DefaultSingletonBeanRegistry.getSingleton(DefaultSingletonBeanRegistry.java:234) ~[spring-beans-6.1.2.jar:6.1.2]
	at org.springframework.beans.factory.support.AbstractBeanFactory.doGetBean(AbstractBeanFactory.java:323) ~[spring-beans-6.1.2.jar:6.1.2]
	at org.springframework.beans.factory.support.AbstractBeanFactory.getBean(AbstractBeanFactory.java:199) ~[spring-beans-6.1.2.jar:6.1.2]
	at org.springframework.beans.factory.config.DependencyDescriptor.resolveCandidate(DependencyDescriptor.java:254) ~[spring-beans-6.1.2.jar:6.1.2]
	at org.springframework.beans.factory.support.DefaultListableBeanFactory.doResolveDependency(DefaultListableBeanFactory.java:1443) ~[spring-beans-6.1.2.jar:6.1.2]
	at org.springframework.beans.factory.support.DefaultListableBeanFactory.resolveDependency(DefaultListableBeanFactory.java:1353) ~[spring-beans-6.1.2.jar:6.1.2]
	at org.springframework.beans.factory.support.ConstructorResolver.resolveAutowiredArgument(ConstructorResolver.java:911) ~[spring-beans-6.1.2.jar:6.1.2]
	at org.springframework.beans.factory.support.ConstructorResolver.createArgumentArray(ConstructorResolver.java:789) ~[spring-beans-6.1.2.jar:6.1.2]
	at org.springframework.beans.factory.support.ConstructorResolver.autowireConstructor(ConstructorResolver.java:241) ~[spring-beans-6.1.2.jar:6.1.2]
	at org.springframework.beans.factory.support.AbstractAutowireCapableBeanFactory.autowireConstructor(AbstractAutowireCapableBeanFactory.java:1354) ~[spring-beans-6.1.2.jar:6.1.2]
	at org.springframework.beans.factory.support.AbstractAutowireCapableBeanFactory.createBeanInstance(AbstractAutowireCapableBeanFactory.java:1191) ~[spring-beans-6.1.2.jar:6.1.2]
	at org.springframework.beans.factory.support.AbstractAutowireCapableBeanFactory.doCreateBean(AbstractAutowireCapableBeanFactory.java:561) ~[spring-beans-6.1.2.jar:6.1.2]
	at org.springframework.beans.factory.support.AbstractAutowireCapableBeanFactory.createBean(AbstractAutowireCapableBeanFactory.java:521) ~[spring-beans-6.1.2.jar:6.1.2]
	at org.springframework.beans.factory.support.AbstractBeanFactory.lambda$doGetBean$0(AbstractBeanFactory.java:325) ~[spring-beans-6.1.2.jar:6.1.2]
	at org.springframework.beans.factory.support.DefaultSingletonBeanRegistry.getSingleton(DefaultSingletonBeanRegistry.java:234) ~[spring-beans-6.1.2.jar:6.1.2]
	at org.springframework.beans.factory.support.AbstractBeanFactory.doGetBean(AbstractBeanFactory.java:323) ~[spring-beans-6.1.2.jar:6.1.2]
	at org.springframework.beans.factory.support.AbstractBeanFactory.getBean(AbstractBeanFactory.java:199) ~[spring-beans-6.1.2.jar:6.1.2]
	at org.springframework.beans.factory.config.DependencyDescriptor.resolveCandidate(DependencyDescriptor.java:254) ~[spring-beans-6.1.2.jar:6.1.2]
	at org.springframework.beans.factory.support.DefaultListableBeanFactory.doResolveDependency(DefaultListableBeanFactory.java:1443) ~[spring-beans-6.1.2.jar:6.1.2]
	at org.springframework.beans.factory.support.DefaultListableBeanFactory.resolveDependency(DefaultListableBeanFactory.java:1353) ~[spring-beans-6.1.2.jar:6.1.2]
	at org.springframework.beans.factory.support.ConstructorResolver.resolveAutowiredArgument(ConstructorResolver.java:911) ~[spring-beans-6.1.2.jar:6.1.2]
	at org.springframework.beans.factory.support.ConstructorResolver.createArgumentArray(ConstructorResolver.java:789) ~[spring-beans-6.1.2.jar:6.1.2]
	at org.springframework.beans.factory.support.ConstructorResolver.autowireConstructor(ConstructorResolver.java:241) ~[spring-beans-6.1.2.jar:6.1.2]
	at org.springframework.beans.factory.support.AbstractAutowireCapableBeanFactory.autowireConstructor(AbstractAutowireCapableBeanFactory.java:1354) ~[spring-beans-6.1.2.jar:6.1.2]
	at org.springframework.beans.factory.support.AbstractAutowireCapableBeanFactory.createBeanInstance(AbstractAutowireCapableBeanFactory.java:1191) ~[spring-beans-6.1.2.jar:6.1.2]
	at org.springframework.beans.factory.support.AbstractAutowireCapableBeanFactory.doCreateBean(AbstractAutowireCapableBeanFactory.java:561) ~[spring-beans-6.1.2.jar:6.1.2]
	at org.springframework.beans.factory.support.AbstractAutowireCapableBeanFactory.createBean(AbstractAutowireCapableBeanFactory.java:521) ~[spring-beans-6.1.2.jar:6.1.2]
	at org.springframework.beans.factory.support.AbstractBeanFactory.lambda$doGetBean$0(AbstractBeanFactory.java:325) ~[spring-beans-6.1.2.jar:6.1.2]
	at org.springframework.beans.factory.support.DefaultSingletonBeanRegistry.getSingleton(DefaultSingletonBeanRegistry.java:234) ~[spring-beans-6.1.2.jar:6.1.2]
	at org.springframework.beans.factory.support.AbstractBeanFactory.doGetBean(AbstractBeanFactory.java:323) ~[spring-beans-6.1.2.jar:6.1.2]
	at org.springframework.beans.factory.support.AbstractBeanFactory.getBean(AbstractBeanFactory.java:199) ~[spring-beans-6.1.2.jar:6.1.2]
	at org.springframework.beans.factory.support.DefaultListableBeanFactory.preInstantiateSingletons(DefaultListableBeanFactory.java:975) ~[spring-beans-6.1.2.jar:6.1.2]
	at org.springframework.context.support.AbstractApplicationContext.finishBeanFactoryInitialization(AbstractApplicationContext.java:960) ~[spring-context-6.1.2.jar:6.1.2]
	at org.springframework.context.support.AbstractApplicationContext.refresh(AbstractApplicationContext.java:625) ~[spring-context-6.1.2.jar:6.1.2]
	at org.springframework.boot.SpringApplication.refresh(SpringApplication.java:762) ~[spring-boot-3.2.1.jar:3.2.1]
	at org.springframework.boot.SpringApplication.refreshContext(SpringApplication.java:464) ~[spring-boot-3.2.1.jar:3.2.1]
	at org.springframework.boot.SpringApplication.run(SpringApplication.java:334) ~[spring-boot-3.2.1.jar:3.2.1]
	at org.springframework.boot.test.context.SpringBootContextLoader.lambda$loadContext$3(SpringBootContextLoader.java:137) ~[spring-boot-test-3.2.1.jar:3.2.1]
	at org.springframework.util.function.ThrowingSupplier.get(ThrowingSupplier.java:58) ~[spring-core-6.1.2.jar:6.1.2]
	at org.springframework.util.function.ThrowingSupplier.get(ThrowingSupplier.java:46) ~[spring-core-6.1.2.jar:6.1.2]
	at org.springframework.boot.SpringApplication.withHook(SpringApplication.java:1458) ~[spring-boot-3.2.1.jar:3.2.1]
	at org.springframework.boot.test.context.SpringBootContextLoader$ContextLoaderHook.run(SpringBootContextLoader.java:552) ~[spring-boot-test-3.2.1.jar:3.2.1]
	at org.springframework.boot.test.context.SpringBootContextLoader.loadContext(SpringBootContextLoader.java:137) ~[spring-boot-test-3.2.1.jar:3.2.1]
	at org.springframework.boot.test.context.SpringBootContextLoader.loadContext(SpringBootContextLoader.java:108) ~[spring-boot-test-3.2.1.jar:3.2.1]
	at org.springframework.test.context.cache.DefaultCacheAwareContextLoaderDelegate.loadContextInternal(DefaultCacheAwareContextLoaderDelegate.java:225) ~[spring-test-6.1.2.jar:6.1.2]
	at org.springframework.test.context.cache.DefaultCacheAwareContextLoaderDelegate.loadContext(DefaultCacheAwareContextLoaderDelegate.java:152) ~[spring-test-6.1.2.jar:6.1.2]
	at org.springframework.test.context.support.DefaultTestContext.getApplicationContext(DefaultTestContext.java:130) ~[spring-test-6.1.2.jar:6.1.2]
	at org.springframework.test.context.web.ServletTestExecutionListener.setUpRequestContextIfNecessary(ServletTestExecutionListener.java:191) ~[spring-test-6.1.2.jar:6.1.2]
	at org.springframework.test.context.web.ServletTestExecutionListener.prepareTestInstance(ServletTestExecutionListener.java:130) ~[spring-test-6.1.2.jar:6.1.2]
	at org.springframework.test.context.TestContextManager.prepareTestInstance(TestContextManager.java:260) ~[spring-test-6.1.2.jar:6.1.2]
	at org.springframework.test.context.junit.jupiter.SpringExtension.postProcessTestInstance(SpringExtension.java:163) ~[spring-test-6.1.2.jar:6.1.2]
	at org.junit.jupiter.engine.descriptor.ClassBasedTestDescriptor.lambda$invokeTestInstancePostProcessors$10(ClassBasedTestDescriptor.java:378) ~[junit-jupiter-engine-5.10.1.jar:5.10.1]
	at org.junit.jupiter.engine.descriptor.ClassBasedTestDescriptor.executeAndMaskThrowable(ClassBasedTestDescriptor.java:383) ~[junit-jupiter-engine-5.10.1.jar:5.10.1]
	at org.junit.jupiter.engine.descriptor.ClassBasedTestDescriptor.lambda$invokeTestInstancePostProcessors$11(ClassBasedTestDescriptor.java:378) ~[junit-jupiter-engine-5.10.1.jar:5.10.1]
	at java.base/java.util.stream.ReferencePipeline$3$1.accept(ReferencePipeline.java:197) ~[na:na]
	at java.base/java.util.stream.ReferencePipeline$2$1.accept(ReferencePipeline.java:179) ~[na:na]
	at java.base/java.util.ArrayList$ArrayListSpliterator.forEachRemaining(ArrayList.java:1708) ~[na:na]
	at java.base/java.util.stream.AbstractPipeline.copyInto(AbstractPipeline.java:509) ~[na:na]
	at java.base/java.util.stream.AbstractPipeline.wrapAndCopyInto(AbstractPipeline.java:499) ~[na:na]
	at java.base/java.util.stream.StreamSpliterators$WrappingSpliterator.forEachRemaining(StreamSpliterators.java:310) ~[na:na]
	at java.base/java.util.stream.Streams$ConcatSpliterator.forEachRemaining(Streams.java:735) ~[na:na]
	at java.base/java.util.stream.Streams$ConcatSpliterator.forEachRemaining(Streams.java:734) ~[na:na]
	at java.base/java.util.stream.ReferencePipeline$Head.forEach(ReferencePipeline.java:762) ~[na:na]
	at org.junit.jupiter.engine.descriptor.ClassBasedTestDescriptor.invokeTestInstancePostProcessors(ClassBasedTestDescriptor.java:377) ~[junit-jupiter-engine-5.10.1.jar:5.10.1]
	at org.junit.jupiter.engine.descriptor.ClassBasedTestDescriptor.lambda$instantiateAndPostProcessTestInstance$6(ClassBasedTestDescriptor.java:290) ~[junit-jupiter-engine-5.10.1.jar:5.10.1]
	at org.junit.platform.engine.support.hierarchical.ThrowableCollector.execute(ThrowableCollector.java:73) ~[junit-platform-engine-1.10.1.jar:1.10.1]
	at org.junit.jupiter.engine.descriptor.ClassBasedTestDescriptor.instantiateAndPostProcessTestInstance(ClassBasedTestDescriptor.java:289) ~[junit-jupiter-engine-5.10.1.jar:5.10.1]
	at org.junit.jupiter.engine.descriptor.ClassBasedTestDescriptor.lambda$testInstancesProvider$4(ClassBasedTestDescriptor.java:279) ~[junit-jupiter-engine-5.10.1.jar:5.10.1]
	at java.base/java.util.Optional.orElseGet(Optional.java:364) ~[na:na]
	at org.junit.jupiter.engine.descriptor.ClassBasedTestDescriptor.lambda$testInstancesProvider$5(ClassBasedTestDescriptor.java:278) ~[junit-jupiter-engine-5.10.1.jar:5.10.1]
	at org.junit.jupiter.engine.execution.TestInstancesProvider.getTestInstances(TestInstancesProvider.java:31) ~[junit-jupiter-engine-5.10.1.jar:5.10.1]
	at org.junit.jupiter.engine.descriptor.TestMethodTestDescriptor.lambda$prepare$0(TestMethodTestDescriptor.java:106) ~[junit-jupiter-engine-5.10.1.jar:5.10.1]
	at org.junit.platform.engine.support.hierarchical.ThrowableCollector.execute(ThrowableCollector.java:73) ~[junit-platform-engine-1.10.1.jar:1.10.1]
	at org.junit.jupiter.engine.descriptor.TestMethodTestDescriptor.prepare(TestMethodTestDescriptor.java:105) ~[junit-jupiter-engine-5.10.1.jar:5.10.1]
	at org.junit.jupiter.engine.descriptor.TestMethodTestDescriptor.prepare(TestMethodTestDescriptor.java:69) ~[junit-jupiter-engine-5.10.1.jar:5.10.1]
	at org.junit.platform.engine.support.hierarchical.NodeTestTask.lambda$prepare$2(NodeTestTask.java:123) ~[junit-platform-engine-1.10.1.jar:1.10.1]
	at org.junit.platform.engine.support.hierarchical.ThrowableCollector.execute(ThrowableCollector.java:73) ~[junit-platform-engine-1.10.1.jar:1.10.1]
	at org.junit.platform.engine.support.hierarchical.NodeTestTask.prepare(NodeTestTask.java:123) ~[junit-platform-engine-1.10.1.jar:1.10.1]
	at org.junit.platform.engine.support.hierarchical.NodeTestTask.execute(NodeTestTask.java:90) ~[junit-platform-engine-1.10.1.jar:1.10.1]
	at java.base/java.util.ArrayList.forEach(ArrayList.java:1596) ~[na:na]
	at org.junit.platform.engine.support.hierarchical.SameThreadHierarchicalTestExecutorService.invokeAll(SameThreadHierarchicalTestExecutorService.java:41) ~[junit-platform-engine-1.10.1.jar:1.10.1]
	at org.junit.platform.engine.support.hierarchical.NodeTestTask.lambda$executeRecursively$6(NodeTestTask.java:155) ~[junit-platform-engine-1.10.1.jar:1.10.1]
	at org.junit.platform.engine.support.hierarchical.ThrowableCollector.execute(ThrowableCollector.java:73) ~[junit-platform-engine-1.10.1.jar:1.10.1]
	at org.junit.platform.engine.support.hierarchical.NodeTestTask.lambda$executeRecursively$8(NodeTestTask.java:141) ~[junit-platform-engine-1.10.1.jar:1.10.1]
	at org.junit.platform.engine.support.hierarchical.Node.around(Node.java:137) ~[junit-platform-engine-1.10.1.jar:1.10.1]
	at org.junit.platform.engine.support.hierarchical.NodeTestTask.lambda$executeRecursively$9(NodeTestTask.java:139) ~[junit-platform-engine-1.10.1.jar:1.10.1]
	at org.junit.platform.engine.support.hierarchical.ThrowableCollector.execute(ThrowableCollector.java:73) ~[junit-platform-engine-1.10.1.jar:1.10.1]
	at org.junit.platform.engine.support.hierarchical.NodeTestTask.executeRecursively(NodeTestTask.java:138) ~[junit-platform-engine-1.10.1.jar:1.10.1]
	at org.junit.platform.engine.support.hierarchical.NodeTestTask.execute(NodeTestTask.java:95) ~[junit-platform-engine-1.10.1.jar:1.10.1]
	at java.base/java.util.ArrayList.forEach(ArrayList.java:1596) ~[na:na]
	at org.junit.platform.engine.support.hierarchical.SameThreadHierarchicalTestExecutorService.invokeAll(SameThreadHierarchicalTestExecutorService.java:41) ~[junit-platform-engine-1.10.1.jar:1.10.1]
	at org.junit.platform.engine.support.hierarchical.NodeTestTask.lambda$executeRecursively$6(NodeTestTask.java:155) ~[junit-platform-engine-1.10.1.jar:1.10.1]
	at org.junit.platform.engine.support.hierarchical.ThrowableCollector.execute(ThrowableCollector.java:73) ~[junit-platform-engine-1.10.1.jar:1.10.1]
	at org.junit.platform.engine.support.hierarchical.NodeTestTask.lambda$executeRecursively$8(NodeTestTask.java:141) ~[junit-platform-engine-1.10.1.jar:1.10.1]
	at org.junit.platform.engine.support.hierarchical.Node.around(Node.java:137) ~[junit-platform-engine-1.10.1.jar:1.10.1]
	at org.junit.platform.engine.support.hierarchical.NodeTestTask.lambda$executeRecursively$9(NodeTestTask.java:139) ~[junit-platform-engine-1.10.1.jar:1.10.1]
	at org.junit.platform.engine.support.hierarchical.ThrowableCollector.execute(ThrowableCollector.java:73) ~[junit-platform-engine-1.10.1.jar:1.10.1]
	at org.junit.platform.engine.support.hierarchical.NodeTestTask.executeRecursively(NodeTestTask.java:138) ~[junit-platform-engine-1.10.1.jar:1.10.1]
	at org.junit.platform.engine.support.hierarchical.NodeTestTask.execute(NodeTestTask.java:95) ~[junit-platform-engine-1.10.1.jar:1.10.1]
	at org.junit.platform.engine.support.hierarchical.SameThreadHierarchicalTestExecutorService.submit(SameThreadHierarchicalTestExecutorService.java:35) ~[junit-platform-engine-1.10.1.jar:1.10.1]
	at org.junit.platform.engine.support.hierarchical.HierarchicalTestExecutor.execute(HierarchicalTestExecutor.java:57) ~[junit-platform-engine-1.10.1.jar:1.10.1]
	at org.junit.platform.engine.support.hierarchical.HierarchicalTestEngine.execute(HierarchicalTestEngine.java:54) ~[junit-platform-engine-1.10.1.jar:1.10.1]
	at org.junit.platform.launcher.core.EngineExecutionOrchestrator.execute(EngineExecutionOrchestrator.java:198) ~[junit-platform-launcher-1.10.1.jar:1.10.1]
	at org.junit.platform.launcher.core.EngineExecutionOrchestrator.execute(EngineExecutionOrchestrator.java:169) ~[junit-platform-launcher-1.10.1.jar:1.10.1]
	at org.junit.platform.launcher.core.EngineExecutionOrchestrator.execute(EngineExecutionOrchestrator.java:93) ~[junit-platform-launcher-1.10.1.jar:1.10.1]
	at org.junit.platform.launcher.core.EngineExecutionOrchestrator.lambda$execute$0(EngineExecutionOrchestrator.java:58) ~[junit-platform-launcher-1.10.1.jar:1.10.1]
	at org.junit.platform.launcher.core.EngineExecutionOrchestrator.withInterceptedStreams(EngineExecutionOrchestrator.java:141) ~[junit-platform-launcher-1.10.1.jar:1.10.1]
	at org.junit.platform.launcher.core.EngineExecutionOrchestrator.execute(EngineExecutionOrchestrator.java:57) ~[junit-platform-launcher-1.10.1.jar:1.10.1]
	at org.junit.platform.launcher.core.DefaultLauncher.execute(DefaultLauncher.java:103) ~[junit-platform-launcher-1.10.1.jar:1.10.1]
	at org.junit.platform.launcher.core.DefaultLauncher.execute(DefaultLauncher.java:85) ~[junit-platform-launcher-1.10.1.jar:1.10.1]
	at org.junit.platform.launcher.core.DelegatingLauncher.execute(DelegatingLauncher.java:47) ~[junit-platform-launcher-1.10.1.jar:1.10.1]
	at org.apache.maven.surefire.junitplatform.LazyLauncher.execute(LazyLauncher.java:56) ~[surefire-junit-platform-3.1.2.jar:3.1.2]
	at org.apache.maven.surefire.junitplatform.JUnitPlatformProvider.execute(JUnitPlatformProvider.java:184) ~[surefire-junit-platform-3.1.2.jar:3.1.2]
	at org.apache.maven.surefire.junitplatform.JUnitPlatformProvider.invokeAllTests(JUnitPlatformProvider.java:148) ~[surefire-junit-platform-3.1.2.jar:3.1.2]
	at org.apache.maven.surefire.junitplatform.JUnitPlatformProvider.invoke(JUnitPlatformProvider.java:122) ~[surefire-junit-platform-3.1.2.jar:3.1.2]
	at org.apache.maven.surefire.booter.ForkedBooter.runSuitesInProcess(ForkedBooter.java:385) ~[surefire-booter-3.1.2.jar:3.1.2]
	at org.apache.maven.surefire.booter.ForkedBooter.execute(ForkedBooter.java:162) ~[surefire-booter-3.1.2.jar:3.1.2]
	at org.apache.maven.surefire.booter.ForkedBooter.run(ForkedBooter.java:507) ~[surefire-booter-3.1.2.jar:3.1.2]
	at org.apache.maven.surefire.booter.ForkedBooter.main(ForkedBooter.java:495) ~[surefire-booter-3.1.2.jar:3.1.2]

2025-01-09T08:37:05.811-06:00 DEBUG 20036 --- [           main] o.s.d.jpa.repository.query.NamedQuery    : Did not find named query User.findByEmail
2025-01-09T08:37:05.811-06:00 DEBUG 20036 --- [           main] tor$SharedEntityManagerInvocationHandler : Creating new EntityManager for shared EntityManager invocation
2025-01-09T08:37:05.811-06:00 DEBUG 20036 --- [           main] o.s.d.jpa.repository.query.NamedQuery    : Looking up named query User.existsByEmail
2025-01-09T08:37:05.812-06:00 DEBUG 20036 --- [           main] cResourceLocalTransactionCoordinatorImpl : JDBC transaction marked for rollback-only (exception provided for stack trace)

java.lang.Exception: exception just for purpose of providing stack trace
	at org.hibernate.resource.transaction.backend.jdbc.internal.JdbcResourceLocalTransactionCoordinatorImpl$TransactionDriverControlImpl.markRollbackOnly(JdbcResourceLocalTransactionCoordinatorImpl.java:310) ~[hibernate-core-6.4.1.Final.jar:6.4.1.Final]
	at org.hibernate.internal.AbstractSharedSessionContract.buildNamedQuery(AbstractSharedSessionContract.java:1076) ~[hibernate-core-6.4.1.Final.jar:6.4.1.Final]
	at org.hibernate.internal.AbstractSharedSessionContract.createNamedQuery(AbstractSharedSessionContract.java:954) ~[hibernate-core-6.4.1.Final.jar:6.4.1.Final]
	at org.hibernate.internal.AbstractSharedSessionContract.createNamedQuery(AbstractSharedSessionContract.java:133) ~[hibernate-core-6.4.1.Final.jar:6.4.1.Final]
	at java.base/jdk.internal.reflect.DirectMethodHandleAccessor.invoke(DirectMethodHandleAccessor.java:103) ~[na:na]
	at java.base/java.lang.reflect.Method.invoke(Method.java:580) ~[na:na]
	at org.springframework.orm.jpa.ExtendedEntityManagerCreator$ExtendedEntityManagerInvocationHandler.invoke(ExtendedEntityManagerCreator.java:364) ~[spring-orm-6.1.2.jar:6.1.2]
	at jdk.proxy2/jdk.proxy2.$Proxy186.createNamedQuery(Unknown Source) ~[na:na]
	at org.springframework.data.jpa.repository.query.NamedQuery.hasNamedQuery(NamedQuery.java:113) ~[spring-data-jpa-3.2.1.jar:3.2.1]
	at org.springframework.data.jpa.repository.query.NamedQuery.lookupFrom(NamedQuery.java:141) ~[spring-data-jpa-3.2.1.jar:3.2.1]
	at org.springframework.data.jpa.repository.query.JpaQueryLookupStrategy$DeclaredQueryLookupStrategy.resolveQuery(JpaQueryLookupStrategy.java:180) ~[spring-data-jpa-3.2.1.jar:3.2.1]
	at org.springframework.data.jpa.repository.query.JpaQueryLookupStrategy$CreateIfNotFoundQueryLookupStrategy.resolveQuery(JpaQueryLookupStrategy.java:252) ~[spring-data-jpa-3.2.1.jar:3.2.1]
	at org.springframework.data.jpa.repository.query.JpaQueryLookupStrategy$AbstractQueryLookupStrategy.resolveQuery(JpaQueryLookupStrategy.java:95) ~[spring-data-jpa-3.2.1.jar:3.2.1]
	at org.springframework.data.repository.core.support.QueryExecutorMethodInterceptor.lookupQuery(QueryExecutorMethodInterceptor.java:111) ~[spring-data-commons-3.2.1.jar:3.2.1]
	at org.springframework.data.repository.core.support.QueryExecutorMethodInterceptor.mapMethodsToQuery(QueryExecutorMethodInterceptor.java:99) ~[spring-data-commons-3.2.1.jar:3.2.1]
	at org.springframework.data.repository.core.support.QueryExecutorMethodInterceptor.lambda$new$0(QueryExecutorMethodInterceptor.java:88) ~[spring-data-commons-3.2.1.jar:3.2.1]
	at java.base/java.util.Optional.map(Optional.java:260) ~[na:na]
	at org.springframework.data.repository.core.support.QueryExecutorMethodInterceptor.<init>(QueryExecutorMethodInterceptor.java:88) ~[spring-data-commons-3.2.1.jar:3.2.1]
	at org.springframework.data.repository.core.support.RepositoryFactorySupport.getRepository(RepositoryFactorySupport.java:357) ~[spring-data-commons-3.2.1.jar:3.2.1]
	at org.springframework.data.repository.core.support.RepositoryFactoryBeanSupport.lambda$afterPropertiesSet$5(RepositoryFactoryBeanSupport.java:279) ~[spring-data-commons-3.2.1.jar:3.2.1]
	at org.springframework.data.util.Lazy.getNullable(Lazy.java:135) ~[spring-data-commons-3.2.1.jar:3.2.1]
	at org.springframework.data.util.Lazy.get(Lazy.java:113) ~[spring-data-commons-3.2.1.jar:3.2.1]
	at org.springframework.data.repository.core.support.RepositoryFactoryBeanSupport.afterPropertiesSet(RepositoryFactoryBeanSupport.java:285) ~[spring-data-commons-3.2.1.jar:3.2.1]
	at org.springframework.data.jpa.repository.support.JpaRepositoryFactoryBean.afterPropertiesSet(JpaRepositoryFactoryBean.java:132) ~[spring-data-jpa-3.2.1.jar:3.2.1]
	at org.springframework.beans.factory.support.AbstractAutowireCapableBeanFactory.invokeInitMethods(AbstractAutowireCapableBeanFactory.java:1820) ~[spring-beans-6.1.2.jar:6.1.2]
	at org.springframework.beans.factory.support.AbstractAutowireCapableBeanFactory.initializeBean(AbstractAutowireCapableBeanFactory.java:1769) ~[spring-beans-6.1.2.jar:6.1.2]
	at org.springframework.beans.factory.support.AbstractAutowireCapableBeanFactory.doCreateBean(AbstractAutowireCapableBeanFactory.java:599) ~[spring-beans-6.1.2.jar:6.1.2]
	at org.springframework.beans.factory.support.AbstractAutowireCapableBeanFactory.createBean(AbstractAutowireCapableBeanFactory.java:521) ~[spring-beans-6.1.2.jar:6.1.2]
	at org.springframework.beans.factory.support.AbstractBeanFactory.lambda$doGetBean$0(AbstractBeanFactory.java:325) ~[spring-beans-6.1.2.jar:6.1.2]
	at org.springframework.beans.factory.support.DefaultSingletonBeanRegistry.getSingleton(DefaultSingletonBeanRegistry.java:234) ~[spring-beans-6.1.2.jar:6.1.2]
	at org.springframework.beans.factory.support.AbstractBeanFactory.doGetBean(AbstractBeanFactory.java:323) ~[spring-beans-6.1.2.jar:6.1.2]
	at org.springframework.beans.factory.support.AbstractBeanFactory.getBean(AbstractBeanFactory.java:199) ~[spring-beans-6.1.2.jar:6.1.2]
	at org.springframework.beans.factory.config.DependencyDescriptor.resolveCandidate(DependencyDescriptor.java:254) ~[spring-beans-6.1.2.jar:6.1.2]
	at org.springframework.beans.factory.support.DefaultListableBeanFactory.doResolveDependency(DefaultListableBeanFactory.java:1443) ~[spring-beans-6.1.2.jar:6.1.2]
	at org.springframework.beans.factory.support.DefaultListableBeanFactory.resolveDependency(DefaultListableBeanFactory.java:1353) ~[spring-beans-6.1.2.jar:6.1.2]
	at org.springframework.beans.factory.support.ConstructorResolver.resolveAutowiredArgument(ConstructorResolver.java:911) ~[spring-beans-6.1.2.jar:6.1.2]
	at org.springframework.beans.factory.support.ConstructorResolver.createArgumentArray(ConstructorResolver.java:789) ~[spring-beans-6.1.2.jar:6.1.2]
	at org.springframework.beans.factory.support.ConstructorResolver.autowireConstructor(ConstructorResolver.java:241) ~[spring-beans-6.1.2.jar:6.1.2]
	at org.springframework.beans.factory.support.AbstractAutowireCapableBeanFactory.autowireConstructor(AbstractAutowireCapableBeanFactory.java:1354) ~[spring-beans-6.1.2.jar:6.1.2]
	at org.springframework.beans.factory.support.AbstractAutowireCapableBeanFactory.createBeanInstance(AbstractAutowireCapableBeanFactory.java:1191) ~[spring-beans-6.1.2.jar:6.1.2]
	at org.springframework.beans.factory.support.AbstractAutowireCapableBeanFactory.doCreateBean(AbstractAutowireCapableBeanFactory.java:561) ~[spring-beans-6.1.2.jar:6.1.2]
	at org.springframework.beans.factory.support.AbstractAutowireCapableBeanFactory.createBean(AbstractAutowireCapableBeanFactory.java:521) ~[spring-beans-6.1.2.jar:6.1.2]
	at org.springframework.beans.factory.support.AbstractBeanFactory.lambda$doGetBean$0(AbstractBeanFactory.java:325) ~[spring-beans-6.1.2.jar:6.1.2]
	at org.springframework.beans.factory.support.DefaultSingletonBeanRegistry.getSingleton(DefaultSingletonBeanRegistry.java:234) ~[spring-beans-6.1.2.jar:6.1.2]
	at org.springframework.beans.factory.support.AbstractBeanFactory.doGetBean(AbstractBeanFactory.java:323) ~[spring-beans-6.1.2.jar:6.1.2]
	at org.springframework.beans.factory.support.AbstractBeanFactory.getBean(AbstractBeanFactory.java:199) ~[spring-beans-6.1.2.jar:6.1.2]
	at org.springframework.beans.factory.config.DependencyDescriptor.resolveCandidate(DependencyDescriptor.java:254) ~[spring-beans-6.1.2.jar:6.1.2]
	at org.springframework.beans.factory.support.DefaultListableBeanFactory.doResolveDependency(DefaultListableBeanFactory.java:1443) ~[spring-beans-6.1.2.jar:6.1.2]
	at org.springframework.beans.factory.support.DefaultListableBeanFactory.resolveDependency(DefaultListableBeanFactory.java:1353) ~[spring-beans-6.1.2.jar:6.1.2]
	at org.springframework.beans.factory.support.ConstructorResolver.resolveAutowiredArgument(ConstructorResolver.java:911) ~[spring-beans-6.1.2.jar:6.1.2]
	at org.springframework.beans.factory.support.ConstructorResolver.createArgumentArray(ConstructorResolver.java:789) ~[spring-beans-6.1.2.jar:6.1.2]
	at org.springframework.beans.factory.support.ConstructorResolver.autowireConstructor(ConstructorResolver.java:241) ~[spring-beans-6.1.2.jar:6.1.2]
	at org.springframework.beans.factory.support.AbstractAutowireCapableBeanFactory.autowireConstructor(AbstractAutowireCapableBeanFactory.java:1354) ~[spring-beans-6.1.2.jar:6.1.2]
	at org.springframework.beans.factory.support.AbstractAutowireCapableBeanFactory.createBeanInstance(AbstractAutowireCapableBeanFactory.java:1191) ~[spring-beans-6.1.2.jar:6.1.2]
	at org.springframework.beans.factory.support.AbstractAutowireCapableBeanFactory.doCreateBean(AbstractAutowireCapableBeanFactory.java:561) ~[spring-beans-6.1.2.jar:6.1.2]
	at org.springframework.beans.factory.support.AbstractAutowireCapableBeanFactory.createBean(AbstractAutowireCapableBeanFactory.java:521) ~[spring-beans-6.1.2.jar:6.1.2]
	at org.springframework.beans.factory.support.AbstractBeanFactory.lambda$doGetBean$0(AbstractBeanFactory.java:325) ~[spring-beans-6.1.2.jar:6.1.2]
	at org.springframework.beans.factory.support.DefaultSingletonBeanRegistry.getSingleton(DefaultSingletonBeanRegistry.java:234) ~[spring-beans-6.1.2.jar:6.1.2]
	at org.springframework.beans.factory.support.AbstractBeanFactory.doGetBean(AbstractBeanFactory.java:323) ~[spring-beans-6.1.2.jar:6.1.2]
	at org.springframework.beans.factory.support.AbstractBeanFactory.getBean(AbstractBeanFactory.java:199) ~[spring-beans-6.1.2.jar:6.1.2]
	at org.springframework.beans.factory.config.DependencyDescriptor.resolveCandidate(DependencyDescriptor.java:254) ~[spring-beans-6.1.2.jar:6.1.2]
	at org.springframework.beans.factory.support.DefaultListableBeanFactory.doResolveDependency(DefaultListableBeanFactory.java:1443) ~[spring-beans-6.1.2.jar:6.1.2]
	at org.springframework.beans.factory.support.DefaultListableBeanFactory.resolveDependency(DefaultListableBeanFactory.java:1353) ~[spring-beans-6.1.2.jar:6.1.2]
	at org.springframework.beans.factory.support.ConstructorResolver.resolveAutowiredArgument(ConstructorResolver.java:911) ~[spring-beans-6.1.2.jar:6.1.2]
	at org.springframework.beans.factory.support.ConstructorResolver.createArgumentArray(ConstructorResolver.java:789) ~[spring-beans-6.1.2.jar:6.1.2]
	at org.springframework.beans.factory.support.ConstructorResolver.autowireConstructor(ConstructorResolver.java:241) ~[spring-beans-6.1.2.jar:6.1.2]
	at org.springframework.beans.factory.support.AbstractAutowireCapableBeanFactory.autowireConstructor(AbstractAutowireCapableBeanFactory.java:1354) ~[spring-beans-6.1.2.jar:6.1.2]
	at org.springframework.beans.factory.support.AbstractAutowireCapableBeanFactory.createBeanInstance(AbstractAutowireCapableBeanFactory.java:1191) ~[spring-beans-6.1.2.jar:6.1.2]
	at org.springframework.beans.factory.support.AbstractAutowireCapableBeanFactory.doCreateBean(AbstractAutowireCapableBeanFactory.java:561) ~[spring-beans-6.1.2.jar:6.1.2]
	at org.springframework.beans.factory.support.AbstractAutowireCapableBeanFactory.createBean(AbstractAutowireCapableBeanFactory.java:521) ~[spring-beans-6.1.2.jar:6.1.2]
	at org.springframework.beans.factory.support.AbstractBeanFactory.lambda$doGetBean$0(AbstractBeanFactory.java:325) ~[spring-beans-6.1.2.jar:6.1.2]
	at org.springframework.beans.factory.support.DefaultSingletonBeanRegistry.getSingleton(DefaultSingletonBeanRegistry.java:234) ~[spring-beans-6.1.2.jar:6.1.2]
	at org.springframework.beans.factory.support.AbstractBeanFactory.doGetBean(AbstractBeanFactory.java:323) ~[spring-beans-6.1.2.jar:6.1.2]
	at org.springframework.beans.factory.support.AbstractBeanFactory.getBean(AbstractBeanFactory.java:199) ~[spring-beans-6.1.2.jar:6.1.2]
	at org.springframework.beans.factory.support.DefaultListableBeanFactory.preInstantiateSingletons(DefaultListableBeanFactory.java:975) ~[spring-beans-6.1.2.jar:6.1.2]
	at org.springframework.context.support.AbstractApplicationContext.finishBeanFactoryInitialization(AbstractApplicationContext.java:960) ~[spring-context-6.1.2.jar:6.1.2]
	at org.springframework.context.support.AbstractApplicationContext.refresh(AbstractApplicationContext.java:625) ~[spring-context-6.1.2.jar:6.1.2]
	at org.springframework.boot.SpringApplication.refresh(SpringApplication.java:762) ~[spring-boot-3.2.1.jar:3.2.1]
	at org.springframework.boot.SpringApplication.refreshContext(SpringApplication.java:464) ~[spring-boot-3.2.1.jar:3.2.1]
	at org.springframework.boot.SpringApplication.run(SpringApplication.java:334) ~[spring-boot-3.2.1.jar:3.2.1]
	at org.springframework.boot.test.context.SpringBootContextLoader.lambda$loadContext$3(SpringBootContextLoader.java:137) ~[spring-boot-test-3.2.1.jar:3.2.1]
	at org.springframework.util.function.ThrowingSupplier.get(ThrowingSupplier.java:58) ~[spring-core-6.1.2.jar:6.1.2]
	at org.springframework.util.function.ThrowingSupplier.get(ThrowingSupplier.java:46) ~[spring-core-6.1.2.jar:6.1.2]
	at org.springframework.boot.SpringApplication.withHook(SpringApplication.java:1458) ~[spring-boot-3.2.1.jar:3.2.1]
	at org.springframework.boot.test.context.SpringBootContextLoader$ContextLoaderHook.run(SpringBootContextLoader.java:552) ~[spring-boot-test-3.2.1.jar:3.2.1]
	at org.springframework.boot.test.context.SpringBootContextLoader.loadContext(SpringBootContextLoader.java:137) ~[spring-boot-test-3.2.1.jar:3.2.1]
	at org.springframework.boot.test.context.SpringBootContextLoader.loadContext(SpringBootContextLoader.java:108) ~[spring-boot-test-3.2.1.jar:3.2.1]
	at org.springframework.test.context.cache.DefaultCacheAwareContextLoaderDelegate.loadContextInternal(DefaultCacheAwareContextLoaderDelegate.java:225) ~[spring-test-6.1.2.jar:6.1.2]
	at org.springframework.test.context.cache.DefaultCacheAwareContextLoaderDelegate.loadContext(DefaultCacheAwareContextLoaderDelegate.java:152) ~[spring-test-6.1.2.jar:6.1.2]
	at org.springframework.test.context.support.DefaultTestContext.getApplicationContext(DefaultTestContext.java:130) ~[spring-test-6.1.2.jar:6.1.2]
	at org.springframework.test.context.web.ServletTestExecutionListener.setUpRequestContextIfNecessary(ServletTestExecutionListener.java:191) ~[spring-test-6.1.2.jar:6.1.2]
	at org.springframework.test.context.web.ServletTestExecutionListener.prepareTestInstance(ServletTestExecutionListener.java:130) ~[spring-test-6.1.2.jar:6.1.2]
	at org.springframework.test.context.TestContextManager.prepareTestInstance(TestContextManager.java:260) ~[spring-test-6.1.2.jar:6.1.2]
	at org.springframework.test.context.junit.jupiter.SpringExtension.postProcessTestInstance(SpringExtension.java:163) ~[spring-test-6.1.2.jar:6.1.2]
	at org.junit.jupiter.engine.descriptor.ClassBasedTestDescriptor.lambda$invokeTestInstancePostProcessors$10(ClassBasedTestDescriptor.java:378) ~[junit-jupiter-engine-5.10.1.jar:5.10.1]
	at org.junit.jupiter.engine.descriptor.ClassBasedTestDescriptor.executeAndMaskThrowable(ClassBasedTestDescriptor.java:383) ~[junit-jupiter-engine-5.10.1.jar:5.10.1]
	at org.junit.jupiter.engine.descriptor.ClassBasedTestDescriptor.lambda$invokeTestInstancePostProcessors$11(ClassBasedTestDescriptor.java:378) ~[junit-jupiter-engine-5.10.1.jar:5.10.1]
	at java.base/java.util.stream.ReferencePipeline$3$1.accept(ReferencePipeline.java:197) ~[na:na]
	at java.base/java.util.stream.ReferencePipeline$2$1.accept(ReferencePipeline.java:179) ~[na:na]
	at java.base/java.util.ArrayList$ArrayListSpliterator.forEachRemaining(ArrayList.java:1708) ~[na:na]
	at java.base/java.util.stream.AbstractPipeline.copyInto(AbstractPipeline.java:509) ~[na:na]
	at java.base/java.util.stream.AbstractPipeline.wrapAndCopyInto(AbstractPipeline.java:499) ~[na:na]
	at java.base/java.util.stream.StreamSpliterators$WrappingSpliterator.forEachRemaining(StreamSpliterators.java:310) ~[na:na]
	at java.base/java.util.stream.Streams$ConcatSpliterator.forEachRemaining(Streams.java:735) ~[na:na]
	at java.base/java.util.stream.Streams$ConcatSpliterator.forEachRemaining(Streams.java:734) ~[na:na]
	at java.base/java.util.stream.ReferencePipeline$Head.forEach(ReferencePipeline.java:762) ~[na:na]
	at org.junit.jupiter.engine.descriptor.ClassBasedTestDescriptor.invokeTestInstancePostProcessors(ClassBasedTestDescriptor.java:377) ~[junit-jupiter-engine-5.10.1.jar:5.10.1]
	at org.junit.jupiter.engine.descriptor.ClassBasedTestDescriptor.lambda$instantiateAndPostProcessTestInstance$6(ClassBasedTestDescriptor.java:290) ~[junit-jupiter-engine-5.10.1.jar:5.10.1]
	at org.junit.platform.engine.support.hierarchical.ThrowableCollector.execute(ThrowableCollector.java:73) ~[junit-platform-engine-1.10.1.jar:1.10.1]
	at org.junit.jupiter.engine.descriptor.ClassBasedTestDescriptor.instantiateAndPostProcessTestInstance(ClassBasedTestDescriptor.java:289) ~[junit-jupiter-engine-5.10.1.jar:5.10.1]
	at org.junit.jupiter.engine.descriptor.ClassBasedTestDescriptor.lambda$testInstancesProvider$4(ClassBasedTestDescriptor.java:279) ~[junit-jupiter-engine-5.10.1.jar:5.10.1]
	at java.base/java.util.Optional.orElseGet(Optional.java:364) ~[na:na]
	at org.junit.jupiter.engine.descriptor.ClassBasedTestDescriptor.lambda$testInstancesProvider$5(ClassBasedTestDescriptor.java:278) ~[junit-jupiter-engine-5.10.1.jar:5.10.1]
	at org.junit.jupiter.engine.execution.TestInstancesProvider.getTestInstances(TestInstancesProvider.java:31) ~[junit-jupiter-engine-5.10.1.jar:5.10.1]
	at org.junit.jupiter.engine.descriptor.TestMethodTestDescriptor.lambda$prepare$0(TestMethodTestDescriptor.java:106) ~[junit-jupiter-engine-5.10.1.jar:5.10.1]
	at org.junit.platform.engine.support.hierarchical.ThrowableCollector.execute(ThrowableCollector.java:73) ~[junit-platform-engine-1.10.1.jar:1.10.1]
	at org.junit.jupiter.engine.descriptor.TestMethodTestDescriptor.prepare(TestMethodTestDescriptor.java:105) ~[junit-jupiter-engine-5.10.1.jar:5.10.1]
	at org.junit.jupiter.engine.descriptor.TestMethodTestDescriptor.prepare(TestMethodTestDescriptor.java:69) ~[junit-jupiter-engine-5.10.1.jar:5.10.1]
	at org.junit.platform.engine.support.hierarchical.NodeTestTask.lambda$prepare$2(NodeTestTask.java:123) ~[junit-platform-engine-1.10.1.jar:1.10.1]
	at org.junit.platform.engine.support.hierarchical.ThrowableCollector.execute(ThrowableCollector.java:73) ~[junit-platform-engine-1.10.1.jar:1.10.1]
	at org.junit.platform.engine.support.hierarchical.NodeTestTask.prepare(NodeTestTask.java:123) ~[junit-platform-engine-1.10.1.jar:1.10.1]
	at org.junit.platform.engine.support.hierarchical.NodeTestTask.execute(NodeTestTask.java:90) ~[junit-platform-engine-1.10.1.jar:1.10.1]
	at java.base/java.util.ArrayList.forEach(ArrayList.java:1596) ~[na:na]
	at org.junit.platform.engine.support.hierarchical.SameThreadHierarchicalTestExecutorService.invokeAll(SameThreadHierarchicalTestExecutorService.java:41) ~[junit-platform-engine-1.10.1.jar:1.10.1]
	at org.junit.platform.engine.support.hierarchical.NodeTestTask.lambda$executeRecursively$6(NodeTestTask.java:155) ~[junit-platform-engine-1.10.1.jar:1.10.1]
	at org.junit.platform.engine.support.hierarchical.ThrowableCollector.execute(ThrowableCollector.java:73) ~[junit-platform-engine-1.10.1.jar:1.10.1]
	at org.junit.platform.engine.support.hierarchical.NodeTestTask.lambda$executeRecursively$8(NodeTestTask.java:141) ~[junit-platform-engine-1.10.1.jar:1.10.1]
	at org.junit.platform.engine.support.hierarchical.Node.around(Node.java:137) ~[junit-platform-engine-1.10.1.jar:1.10.1]
	at org.junit.platform.engine.support.hierarchical.NodeTestTask.lambda$executeRecursively$9(NodeTestTask.java:139) ~[junit-platform-engine-1.10.1.jar:1.10.1]
	at org.junit.platform.engine.support.hierarchical.ThrowableCollector.execute(ThrowableCollector.java:73) ~[junit-platform-engine-1.10.1.jar:1.10.1]
	at org.junit.platform.engine.support.hierarchical.NodeTestTask.executeRecursively(NodeTestTask.java:138) ~[junit-platform-engine-1.10.1.jar:1.10.1]
	at org.junit.platform.engine.support.hierarchical.NodeTestTask.execute(NodeTestTask.java:95) ~[junit-platform-engine-1.10.1.jar:1.10.1]
	at java.base/java.util.ArrayList.forEach(ArrayList.java:1596) ~[na:na]
	at org.junit.platform.engine.support.hierarchical.SameThreadHierarchicalTestExecutorService.invokeAll(SameThreadHierarchicalTestExecutorService.java:41) ~[junit-platform-engine-1.10.1.jar:1.10.1]
	at org.junit.platform.engine.support.hierarchical.NodeTestTask.lambda$executeRecursively$6(NodeTestTask.java:155) ~[junit-platform-engine-1.10.1.jar:1.10.1]
	at org.junit.platform.engine.support.hierarchical.ThrowableCollector.execute(ThrowableCollector.java:73) ~[junit-platform-engine-1.10.1.jar:1.10.1]
	at org.junit.platform.engine.support.hierarchical.NodeTestTask.lambda$executeRecursively$8(NodeTestTask.java:141) ~[junit-platform-engine-1.10.1.jar:1.10.1]
	at org.junit.platform.engine.support.hierarchical.Node.around(Node.java:137) ~[junit-platform-engine-1.10.1.jar:1.10.1]
	at org.junit.platform.engine.support.hierarchical.NodeTestTask.lambda$executeRecursively$9(NodeTestTask.java:139) ~[junit-platform-engine-1.10.1.jar:1.10.1]
	at org.junit.platform.engine.support.hierarchical.ThrowableCollector.execute(ThrowableCollector.java:73) ~[junit-platform-engine-1.10.1.jar:1.10.1]
	at org.junit.platform.engine.support.hierarchical.NodeTestTask.executeRecursively(NodeTestTask.java:138) ~[junit-platform-engine-1.10.1.jar:1.10.1]
	at org.junit.platform.engine.support.hierarchical.NodeTestTask.execute(NodeTestTask.java:95) ~[junit-platform-engine-1.10.1.jar:1.10.1]
	at org.junit.platform.engine.support.hierarchical.SameThreadHierarchicalTestExecutorService.submit(SameThreadHierarchicalTestExecutorService.java:35) ~[junit-platform-engine-1.10.1.jar:1.10.1]
	at org.junit.platform.engine.support.hierarchical.HierarchicalTestExecutor.execute(HierarchicalTestExecutor.java:57) ~[junit-platform-engine-1.10.1.jar:1.10.1]
	at org.junit.platform.engine.support.hierarchical.HierarchicalTestEngine.execute(HierarchicalTestEngine.java:54) ~[junit-platform-engine-1.10.1.jar:1.10.1]
	at org.junit.platform.launcher.core.EngineExecutionOrchestrator.execute(EngineExecutionOrchestrator.java:198) ~[junit-platform-launcher-1.10.1.jar:1.10.1]
	at org.junit.platform.launcher.core.EngineExecutionOrchestrator.execute(EngineExecutionOrchestrator.java:169) ~[junit-platform-launcher-1.10.1.jar:1.10.1]
	at org.junit.platform.launcher.core.EngineExecutionOrchestrator.execute(EngineExecutionOrchestrator.java:93) ~[junit-platform-launcher-1.10.1.jar:1.10.1]
	at org.junit.platform.launcher.core.EngineExecutionOrchestrator.lambda$execute$0(EngineExecutionOrchestrator.java:58) ~[junit-platform-launcher-1.10.1.jar:1.10.1]
	at org.junit.platform.launcher.core.EngineExecutionOrchestrator.withInterceptedStreams(EngineExecutionOrchestrator.java:141) ~[junit-platform-launcher-1.10.1.jar:1.10.1]
	at org.junit.platform.launcher.core.EngineExecutionOrchestrator.execute(EngineExecutionOrchestrator.java:57) ~[junit-platform-launcher-1.10.1.jar:1.10.1]
	at org.junit.platform.launcher.core.DefaultLauncher.execute(DefaultLauncher.java:103) ~[junit-platform-launcher-1.10.1.jar:1.10.1]
	at org.junit.platform.launcher.core.DefaultLauncher.execute(DefaultLauncher.java:85) ~[junit-platform-launcher-1.10.1.jar:1.10.1]
	at org.junit.platform.launcher.core.DelegatingLauncher.execute(DelegatingLauncher.java:47) ~[junit-platform-launcher-1.10.1.jar:1.10.1]
	at org.apache.maven.surefire.junitplatform.LazyLauncher.execute(LazyLauncher.java:56) ~[surefire-junit-platform-3.1.2.jar:3.1.2]
	at org.apache.maven.surefire.junitplatform.JUnitPlatformProvider.execute(JUnitPlatformProvider.java:184) ~[surefire-junit-platform-3.1.2.jar:3.1.2]
	at org.apache.maven.surefire.junitplatform.JUnitPlatformProvider.invokeAllTests(JUnitPlatformProvider.java:148) ~[surefire-junit-platform-3.1.2.jar:3.1.2]
	at org.apache.maven.surefire.junitplatform.JUnitPlatformProvider.invoke(JUnitPlatformProvider.java:122) ~[surefire-junit-platform-3.1.2.jar:3.1.2]
	at org.apache.maven.surefire.booter.ForkedBooter.runSuitesInProcess(ForkedBooter.java:385) ~[surefire-booter-3.1.2.jar:3.1.2]
	at org.apache.maven.surefire.booter.ForkedBooter.execute(ForkedBooter.java:162) ~[surefire-booter-3.1.2.jar:3.1.2]
	at org.apache.maven.surefire.booter.ForkedBooter.run(ForkedBooter.java:507) ~[surefire-booter-3.1.2.jar:3.1.2]
	at org.apache.maven.surefire.booter.ForkedBooter.main(ForkedBooter.java:495) ~[surefire-booter-3.1.2.jar:3.1.2]

2025-01-09T08:37:05.813-06:00 DEBUG 20036 --- [           main] o.s.d.jpa.repository.query.NamedQuery    : Did not find named query User.existsByEmail
2025-01-09T08:37:05.813-06:00 DEBUG 20036 --- [           main] tor$SharedEntityManagerInvocationHandler : Creating new EntityManager for shared EntityManager invocation
2025-01-09T08:37:05.814-06:00 DEBUG 20036 --- [           main] o.s.d.jpa.repository.query.NamedQuery    : Looking up named query User.existsByUsername
2025-01-09T08:37:05.814-06:00 DEBUG 20036 --- [           main] cResourceLocalTransactionCoordinatorImpl : JDBC transaction marked for rollback-only (exception provided for stack trace)

java.lang.Exception: exception just for purpose of providing stack trace
	at org.hibernate.resource.transaction.backend.jdbc.internal.JdbcResourceLocalTransactionCoordinatorImpl$TransactionDriverControlImpl.markRollbackOnly(JdbcResourceLocalTransactionCoordinatorImpl.java:310) ~[hibernate-core-6.4.1.Final.jar:6.4.1.Final]
	at org.hibernate.internal.AbstractSharedSessionContract.buildNamedQuery(AbstractSharedSessionContract.java:1076) ~[hibernate-core-6.4.1.Final.jar:6.4.1.Final]
	at org.hibernate.internal.AbstractSharedSessionContract.createNamedQuery(AbstractSharedSessionContract.java:954) ~[hibernate-core-6.4.1.Final.jar:6.4.1.Final]
	at org.hibernate.internal.AbstractSharedSessionContract.createNamedQuery(AbstractSharedSessionContract.java:133) ~[hibernate-core-6.4.1.Final.jar:6.4.1.Final]
	at java.base/jdk.internal.reflect.DirectMethodHandleAccessor.invoke(DirectMethodHandleAccessor.java:103) ~[na:na]
	at java.base/java.lang.reflect.Method.invoke(Method.java:580) ~[na:na]
	at org.springframework.orm.jpa.ExtendedEntityManagerCreator$ExtendedEntityManagerInvocationHandler.invoke(ExtendedEntityManagerCreator.java:364) ~[spring-orm-6.1.2.jar:6.1.2]
	at jdk.proxy2/jdk.proxy2.$Proxy186.createNamedQuery(Unknown Source) ~[na:na]
	at org.springframework.data.jpa.repository.query.NamedQuery.hasNamedQuery(NamedQuery.java:113) ~[spring-data-jpa-3.2.1.jar:3.2.1]
	at org.springframework.data.jpa.repository.query.NamedQuery.lookupFrom(NamedQuery.java:141) ~[spring-data-jpa-3.2.1.jar:3.2.1]
	at org.springframework.data.jpa.repository.query.JpaQueryLookupStrategy$DeclaredQueryLookupStrategy.resolveQuery(JpaQueryLookupStrategy.java:180) ~[spring-data-jpa-3.2.1.jar:3.2.1]
	at org.springframework.data.jpa.repository.query.JpaQueryLookupStrategy$CreateIfNotFoundQueryLookupStrategy.resolveQuery(JpaQueryLookupStrategy.java:252) ~[spring-data-jpa-3.2.1.jar:3.2.1]
	at org.springframework.data.jpa.repository.query.JpaQueryLookupStrategy$AbstractQueryLookupStrategy.resolveQuery(JpaQueryLookupStrategy.java:95) ~[spring-data-jpa-3.2.1.jar:3.2.1]
	at org.springframework.data.repository.core.support.QueryExecutorMethodInterceptor.lookupQuery(QueryExecutorMethodInterceptor.java:111) ~[spring-data-commons-3.2.1.jar:3.2.1]
	at org.springframework.data.repository.core.support.QueryExecutorMethodInterceptor.mapMethodsToQuery(QueryExecutorMethodInterceptor.java:99) ~[spring-data-commons-3.2.1.jar:3.2.1]
	at org.springframework.data.repository.core.support.QueryExecutorMethodInterceptor.lambda$new$0(QueryExecutorMethodInterceptor.java:88) ~[spring-data-commons-3.2.1.jar:3.2.1]
	at java.base/java.util.Optional.map(Optional.java:260) ~[na:na]
	at org.springframework.data.repository.core.support.QueryExecutorMethodInterceptor.<init>(QueryExecutorMethodInterceptor.java:88) ~[spring-data-commons-3.2.1.jar:3.2.1]
	at org.springframework.data.repository.core.support.RepositoryFactorySupport.getRepository(RepositoryFactorySupport.java:357) ~[spring-data-commons-3.2.1.jar:3.2.1]
	at org.springframework.data.repository.core.support.RepositoryFactoryBeanSupport.lambda$afterPropertiesSet$5(RepositoryFactoryBeanSupport.java:279) ~[spring-data-commons-3.2.1.jar:3.2.1]
	at org.springframework.data.util.Lazy.getNullable(Lazy.java:135) ~[spring-data-commons-3.2.1.jar:3.2.1]
	at org.springframework.data.util.Lazy.get(Lazy.java:113) ~[spring-data-commons-3.2.1.jar:3.2.1]
	at org.springframework.data.repository.core.support.RepositoryFactoryBeanSupport.afterPropertiesSet(RepositoryFactoryBeanSupport.java:285) ~[spring-data-commons-3.2.1.jar:3.2.1]
	at org.springframework.data.jpa.repository.support.JpaRepositoryFactoryBean.afterPropertiesSet(JpaRepositoryFactoryBean.java:132) ~[spring-data-jpa-3.2.1.jar:3.2.1]
	at org.springframework.beans.factory.support.AbstractAutowireCapableBeanFactory.invokeInitMethods(AbstractAutowireCapableBeanFactory.java:1820) ~[spring-beans-6.1.2.jar:6.1.2]
	at org.springframework.beans.factory.support.AbstractAutowireCapableBeanFactory.initializeBean(AbstractAutowireCapableBeanFactory.java:1769) ~[spring-beans-6.1.2.jar:6.1.2]
	at org.springframework.beans.factory.support.AbstractAutowireCapableBeanFactory.doCreateBean(AbstractAutowireCapableBeanFactory.java:599) ~[spring-beans-6.1.2.jar:6.1.2]
	at org.springframework.beans.factory.support.AbstractAutowireCapableBeanFactory.createBean(AbstractAutowireCapableBeanFactory.java:521) ~[spring-beans-6.1.2.jar:6.1.2]
	at org.springframework.beans.factory.support.AbstractBeanFactory.lambda$doGetBean$0(AbstractBeanFactory.java:325) ~[spring-beans-6.1.2.jar:6.1.2]
	at org.springframework.beans.factory.support.DefaultSingletonBeanRegistry.getSingleton(DefaultSingletonBeanRegistry.java:234) ~[spring-beans-6.1.2.jar:6.1.2]
	at org.springframework.beans.factory.support.AbstractBeanFactory.doGetBean(AbstractBeanFactory.java:323) ~[spring-beans-6.1.2.jar:6.1.2]
	at org.springframework.beans.factory.support.AbstractBeanFactory.getBean(AbstractBeanFactory.java:199) ~[spring-beans-6.1.2.jar:6.1.2]
	at org.springframework.beans.factory.config.DependencyDescriptor.resolveCandidate(DependencyDescriptor.java:254) ~[spring-beans-6.1.2.jar:6.1.2]
	at org.springframework.beans.factory.support.DefaultListableBeanFactory.doResolveDependency(DefaultListableBeanFactory.java:1443) ~[spring-beans-6.1.2.jar:6.1.2]
	at org.springframework.beans.factory.support.DefaultListableBeanFactory.resolveDependency(DefaultListableBeanFactory.java:1353) ~[spring-beans-6.1.2.jar:6.1.2]
	at org.springframework.beans.factory.support.ConstructorResolver.resolveAutowiredArgument(ConstructorResolver.java:911) ~[spring-beans-6.1.2.jar:6.1.2]
	at org.springframework.beans.factory.support.ConstructorResolver.createArgumentArray(ConstructorResolver.java:789) ~[spring-beans-6.1.2.jar:6.1.2]
	at org.springframework.beans.factory.support.ConstructorResolver.autowireConstructor(ConstructorResolver.java:241) ~[spring-beans-6.1.2.jar:6.1.2]
	at org.springframework.beans.factory.support.AbstractAutowireCapableBeanFactory.autowireConstructor(AbstractAutowireCapableBeanFactory.java:1354) ~[spring-beans-6.1.2.jar:6.1.2]
	at org.springframework.beans.factory.support.AbstractAutowireCapableBeanFactory.createBeanInstance(AbstractAutowireCapableBeanFactory.java:1191) ~[spring-beans-6.1.2.jar:6.1.2]
	at org.springframework.beans.factory.support.AbstractAutowireCapableBeanFactory.doCreateBean(AbstractAutowireCapableBeanFactory.java:561) ~[spring-beans-6.1.2.jar:6.1.2]
	at org.springframework.beans.factory.support.AbstractAutowireCapableBeanFactory.createBean(AbstractAutowireCapableBeanFactory.java:521) ~[spring-beans-6.1.2.jar:6.1.2]
	at org.springframework.beans.factory.support.AbstractBeanFactory.lambda$doGetBean$0(AbstractBeanFactory.java:325) ~[spring-beans-6.1.2.jar:6.1.2]
	at org.springframework.beans.factory.support.DefaultSingletonBeanRegistry.getSingleton(DefaultSingletonBeanRegistry.java:234) ~[spring-beans-6.1.2.jar:6.1.2]
	at org.springframework.beans.factory.support.AbstractBeanFactory.doGetBean(AbstractBeanFactory.java:323) ~[spring-beans-6.1.2.jar:6.1.2]
	at org.springframework.beans.factory.support.AbstractBeanFactory.getBean(AbstractBeanFactory.java:199) ~[spring-beans-6.1.2.jar:6.1.2]
	at org.springframework.beans.factory.config.DependencyDescriptor.resolveCandidate(DependencyDescriptor.java:254) ~[spring-beans-6.1.2.jar:6.1.2]
	at org.springframework.beans.factory.support.DefaultListableBeanFactory.doResolveDependency(DefaultListableBeanFactory.java:1443) ~[spring-beans-6.1.2.jar:6.1.2]
	at org.springframework.beans.factory.support.DefaultListableBeanFactory.resolveDependency(DefaultListableBeanFactory.java:1353) ~[spring-beans-6.1.2.jar:6.1.2]
	at org.springframework.beans.factory.support.ConstructorResolver.resolveAutowiredArgument(ConstructorResolver.java:911) ~[spring-beans-6.1.2.jar:6.1.2]
	at org.springframework.beans.factory.support.ConstructorResolver.createArgumentArray(ConstructorResolver.java:789) ~[spring-beans-6.1.2.jar:6.1.2]
	at org.springframework.beans.factory.support.ConstructorResolver.autowireConstructor(ConstructorResolver.java:241) ~[spring-beans-6.1.2.jar:6.1.2]
	at org.springframework.beans.factory.support.AbstractAutowireCapableBeanFactory.autowireConstructor(AbstractAutowireCapableBeanFactory.java:1354) ~[spring-beans-6.1.2.jar:6.1.2]
	at org.springframework.beans.factory.support.AbstractAutowireCapableBeanFactory.createBeanInstance(AbstractAutowireCapableBeanFactory.java:1191) ~[spring-beans-6.1.2.jar:6.1.2]
	at org.springframework.beans.factory.support.AbstractAutowireCapableBeanFactory.doCreateBean(AbstractAutowireCapableBeanFactory.java:561) ~[spring-beans-6.1.2.jar:6.1.2]
	at org.springframework.beans.factory.support.AbstractAutowireCapableBeanFactory.createBean(AbstractAutowireCapableBeanFactory.java:521) ~[spring-beans-6.1.2.jar:6.1.2]
	at org.springframework.beans.factory.support.AbstractBeanFactory.lambda$doGetBean$0(AbstractBeanFactory.java:325) ~[spring-beans-6.1.2.jar:6.1.2]
	at org.springframework.beans.factory.support.DefaultSingletonBeanRegistry.getSingleton(DefaultSingletonBeanRegistry.java:234) ~[spring-beans-6.1.2.jar:6.1.2]
	at org.springframework.beans.factory.support.AbstractBeanFactory.doGetBean(AbstractBeanFactory.java:323) ~[spring-beans-6.1.2.jar:6.1.2]
	at org.springframework.beans.factory.support.AbstractBeanFactory.getBean(AbstractBeanFactory.java:199) ~[spring-beans-6.1.2.jar:6.1.2]
	at org.springframework.beans.factory.config.DependencyDescriptor.resolveCandidate(DependencyDescriptor.java:254) ~[spring-beans-6.1.2.jar:6.1.2]
	at org.springframework.beans.factory.support.DefaultListableBeanFactory.doResolveDependency(DefaultListableBeanFactory.java:1443) ~[spring-beans-6.1.2.jar:6.1.2]
	at org.springframework.beans.factory.support.DefaultListableBeanFactory.resolveDependency(DefaultListableBeanFactory.java:1353) ~[spring-beans-6.1.2.jar:6.1.2]
	at org.springframework.beans.factory.support.ConstructorResolver.resolveAutowiredArgument(ConstructorResolver.java:911) ~[spring-beans-6.1.2.jar:6.1.2]
	at org.springframework.beans.factory.support.ConstructorResolver.createArgumentArray(ConstructorResolver.java:789) ~[spring-beans-6.1.2.jar:6.1.2]
	at org.springframework.beans.factory.support.ConstructorResolver.autowireConstructor(ConstructorResolver.java:241) ~[spring-beans-6.1.2.jar:6.1.2]
	at org.springframework.beans.factory.support.AbstractAutowireCapableBeanFactory.autowireConstructor(AbstractAutowireCapableBeanFactory.java:1354) ~[spring-beans-6.1.2.jar:6.1.2]
	at org.springframework.beans.factory.support.AbstractAutowireCapableBeanFactory.createBeanInstance(AbstractAutowireCapableBeanFactory.java:1191) ~[spring-beans-6.1.2.jar:6.1.2]
	at org.springframework.beans.factory.support.AbstractAutowireCapableBeanFactory.doCreateBean(AbstractAutowireCapableBeanFactory.java:561) ~[spring-beans-6.1.2.jar:6.1.2]
	at org.springframework.beans.factory.support.AbstractAutowireCapableBeanFactory.createBean(AbstractAutowireCapableBeanFactory.java:521) ~[spring-beans-6.1.2.jar:6.1.2]
	at org.springframework.beans.factory.support.AbstractBeanFactory.lambda$doGetBean$0(AbstractBeanFactory.java:325) ~[spring-beans-6.1.2.jar:6.1.2]
	at org.springframework.beans.factory.support.DefaultSingletonBeanRegistry.getSingleton(DefaultSingletonBeanRegistry.java:234) ~[spring-beans-6.1.2.jar:6.1.2]
	at org.springframework.beans.factory.support.AbstractBeanFactory.doGetBean(AbstractBeanFactory.java:323) ~[spring-beans-6.1.2.jar:6.1.2]
	at org.springframework.beans.factory.support.AbstractBeanFactory.getBean(AbstractBeanFactory.java:199) ~[spring-beans-6.1.2.jar:6.1.2]
	at org.springframework.beans.factory.support.DefaultListableBeanFactory.preInstantiateSingletons(DefaultListableBeanFactory.java:975) ~[spring-beans-6.1.2.jar:6.1.2]
	at org.springframework.context.support.AbstractApplicationContext.finishBeanFactoryInitialization(AbstractApplicationContext.java:960) ~[spring-context-6.1.2.jar:6.1.2]
	at org.springframework.context.support.AbstractApplicationContext.refresh(AbstractApplicationContext.java:625) ~[spring-context-6.1.2.jar:6.1.2]
	at org.springframework.boot.SpringApplication.refresh(SpringApplication.java:762) ~[spring-boot-3.2.1.jar:3.2.1]
	at org.springframework.boot.SpringApplication.refreshContext(SpringApplication.java:464) ~[spring-boot-3.2.1.jar:3.2.1]
	at org.springframework.boot.SpringApplication.run(SpringApplication.java:334) ~[spring-boot-3.2.1.jar:3.2.1]
	at org.springframework.boot.test.context.SpringBootContextLoader.lambda$loadContext$3(SpringBootContextLoader.java:137) ~[spring-boot-test-3.2.1.jar:3.2.1]
	at org.springframework.util.function.ThrowingSupplier.get(ThrowingSupplier.java:58) ~[spring-core-6.1.2.jar:6.1.2]
	at org.springframework.util.function.ThrowingSupplier.get(ThrowingSupplier.java:46) ~[spring-core-6.1.2.jar:6.1.2]
	at org.springframework.boot.SpringApplication.withHook(SpringApplication.java:1458) ~[spring-boot-3.2.1.jar:3.2.1]
	at org.springframework.boot.test.context.SpringBootContextLoader$ContextLoaderHook.run(SpringBootContextLoader.java:552) ~[spring-boot-test-3.2.1.jar:3.2.1]
	at org.springframework.boot.test.context.SpringBootContextLoader.loadContext(SpringBootContextLoader.java:137) ~[spring-boot-test-3.2.1.jar:3.2.1]
	at org.springframework.boot.test.context.SpringBootContextLoader.loadContext(SpringBootContextLoader.java:108) ~[spring-boot-test-3.2.1.jar:3.2.1]
	at org.springframework.test.context.cache.DefaultCacheAwareContextLoaderDelegate.loadContextInternal(DefaultCacheAwareContextLoaderDelegate.java:225) ~[spring-test-6.1.2.jar:6.1.2]
	at org.springframework.test.context.cache.DefaultCacheAwareContextLoaderDelegate.loadContext(DefaultCacheAwareContextLoaderDelegate.java:152) ~[spring-test-6.1.2.jar:6.1.2]
	at org.springframework.test.context.support.DefaultTestContext.getApplicationContext(DefaultTestContext.java:130) ~[spring-test-6.1.2.jar:6.1.2]
	at org.springframework.test.context.web.ServletTestExecutionListener.setUpRequestContextIfNecessary(ServletTestExecutionListener.java:191) ~[spring-test-6.1.2.jar:6.1.2]
	at org.springframework.test.context.web.ServletTestExecutionListener.prepareTestInstance(ServletTestExecutionListener.java:130) ~[spring-test-6.1.2.jar:6.1.2]
	at org.springframework.test.context.TestContextManager.prepareTestInstance(TestContextManager.java:260) ~[spring-test-6.1.2.jar:6.1.2]
	at org.springframework.test.context.junit.jupiter.SpringExtension.postProcessTestInstance(SpringExtension.java:163) ~[spring-test-6.1.2.jar:6.1.2]
	at org.junit.jupiter.engine.descriptor.ClassBasedTestDescriptor.lambda$invokeTestInstancePostProcessors$10(ClassBasedTestDescriptor.java:378) ~[junit-jupiter-engine-5.10.1.jar:5.10.1]
	at org.junit.jupiter.engine.descriptor.ClassBasedTestDescriptor.executeAndMaskThrowable(ClassBasedTestDescriptor.java:383) ~[junit-jupiter-engine-5.10.1.jar:5.10.1]
	at org.junit.jupiter.engine.descriptor.ClassBasedTestDescriptor.lambda$invokeTestInstancePostProcessors$11(ClassBasedTestDescriptor.java:378) ~[junit-jupiter-engine-5.10.1.jar:5.10.1]
	at java.base/java.util.stream.ReferencePipeline$3$1.accept(ReferencePipeline.java:197) ~[na:na]
	at java.base/java.util.stream.ReferencePipeline$2$1.accept(ReferencePipeline.java:179) ~[na:na]
	at java.base/java.util.ArrayList$ArrayListSpliterator.forEachRemaining(ArrayList.java:1708) ~[na:na]
	at java.base/java.util.stream.AbstractPipeline.copyInto(AbstractPipeline.java:509) ~[na:na]
	at java.base/java.util.stream.AbstractPipeline.wrapAndCopyInto(AbstractPipeline.java:499) ~[na:na]
	at java.base/java.util.stream.StreamSpliterators$WrappingSpliterator.forEachRemaining(StreamSpliterators.java:310) ~[na:na]
	at java.base/java.util.stream.Streams$ConcatSpliterator.forEachRemaining(Streams.java:735) ~[na:na]
	at java.base/java.util.stream.Streams$ConcatSpliterator.forEachRemaining(Streams.java:734) ~[na:na]
	at java.base/java.util.stream.ReferencePipeline$Head.forEach(ReferencePipeline.java:762) ~[na:na]
	at org.junit.jupiter.engine.descriptor.ClassBasedTestDescriptor.invokeTestInstancePostProcessors(ClassBasedTestDescriptor.java:377) ~[junit-jupiter-engine-5.10.1.jar:5.10.1]
	at org.junit.jupiter.engine.descriptor.ClassBasedTestDescriptor.lambda$instantiateAndPostProcessTestInstance$6(ClassBasedTestDescriptor.java:290) ~[junit-jupiter-engine-5.10.1.jar:5.10.1]
	at org.junit.platform.engine.support.hierarchical.ThrowableCollector.execute(ThrowableCollector.java:73) ~[junit-platform-engine-1.10.1.jar:1.10.1]
	at org.junit.jupiter.engine.descriptor.ClassBasedTestDescriptor.instantiateAndPostProcessTestInstance(ClassBasedTestDescriptor.java:289) ~[junit-jupiter-engine-5.10.1.jar:5.10.1]
	at org.junit.jupiter.engine.descriptor.ClassBasedTestDescriptor.lambda$testInstancesProvider$4(ClassBasedTestDescriptor.java:279) ~[junit-jupiter-engine-5.10.1.jar:5.10.1]
	at java.base/java.util.Optional.orElseGet(Optional.java:364) ~[na:na]
	at org.junit.jupiter.engine.descriptor.ClassBasedTestDescriptor.lambda$testInstancesProvider$5(ClassBasedTestDescriptor.java:278) ~[junit-jupiter-engine-5.10.1.jar:5.10.1]
	at org.junit.jupiter.engine.execution.TestInstancesProvider.getTestInstances(TestInstancesProvider.java:31) ~[junit-jupiter-engine-5.10.1.jar:5.10.1]
	at org.junit.jupiter.engine.descriptor.TestMethodTestDescriptor.lambda$prepare$0(TestMethodTestDescriptor.java:106) ~[junit-jupiter-engine-5.10.1.jar:5.10.1]
	at org.junit.platform.engine.support.hierarchical.ThrowableCollector.execute(ThrowableCollector.java:73) ~[junit-platform-engine-1.10.1.jar:1.10.1]
	at org.junit.jupiter.engine.descriptor.TestMethodTestDescriptor.prepare(TestMethodTestDescriptor.java:105) ~[junit-jupiter-engine-5.10.1.jar:5.10.1]
	at org.junit.jupiter.engine.descriptor.TestMethodTestDescriptor.prepare(TestMethodTestDescriptor.java:69) ~[junit-jupiter-engine-5.10.1.jar:5.10.1]
	at org.junit.platform.engine.support.hierarchical.NodeTestTask.lambda$prepare$2(NodeTestTask.java:123) ~[junit-platform-engine-1.10.1.jar:1.10.1]
	at org.junit.platform.engine.support.hierarchical.ThrowableCollector.execute(ThrowableCollector.java:73) ~[junit-platform-engine-1.10.1.jar:1.10.1]
	at org.junit.platform.engine.support.hierarchical.NodeTestTask.prepare(NodeTestTask.java:123) ~[junit-platform-engine-1.10.1.jar:1.10.1]
	at org.junit.platform.engine.support.hierarchical.NodeTestTask.execute(NodeTestTask.java:90) ~[junit-platform-engine-1.10.1.jar:1.10.1]
	at java.base/java.util.ArrayList.forEach(ArrayList.java:1596) ~[na:na]
	at org.junit.platform.engine.support.hierarchical.SameThreadHierarchicalTestExecutorService.invokeAll(SameThreadHierarchicalTestExecutorService.java:41) ~[junit-platform-engine-1.10.1.jar:1.10.1]
	at org.junit.platform.engine.support.hierarchical.NodeTestTask.lambda$executeRecursively$6(NodeTestTask.java:155) ~[junit-platform-engine-1.10.1.jar:1.10.1]
	at org.junit.platform.engine.support.hierarchical.ThrowableCollector.execute(ThrowableCollector.java:73) ~[junit-platform-engine-1.10.1.jar:1.10.1]
	at org.junit.platform.engine.support.hierarchical.NodeTestTask.lambda$executeRecursively$8(NodeTestTask.java:141) ~[junit-platform-engine-1.10.1.jar:1.10.1]
	at org.junit.platform.engine.support.hierarchical.Node.around(Node.java:137) ~[junit-platform-engine-1.10.1.jar:1.10.1]
	at org.junit.platform.engine.support.hierarchical.NodeTestTask.lambda$executeRecursively$9(NodeTestTask.java:139) ~[junit-platform-engine-1.10.1.jar:1.10.1]
	at org.junit.platform.engine.support.hierarchical.ThrowableCollector.execute(ThrowableCollector.java:73) ~[junit-platform-engine-1.10.1.jar:1.10.1]
	at org.junit.platform.engine.support.hierarchical.NodeTestTask.executeRecursively(NodeTestTask.java:138) ~[junit-platform-engine-1.10.1.jar:1.10.1]
	at org.junit.platform.engine.support.hierarchical.NodeTestTask.execute(NodeTestTask.java:95) ~[junit-platform-engine-1.10.1.jar:1.10.1]
	at java.base/java.util.ArrayList.forEach(ArrayList.java:1596) ~[na:na]
	at org.junit.platform.engine.support.hierarchical.SameThreadHierarchicalTestExecutorService.invokeAll(SameThreadHierarchicalTestExecutorService.java:41) ~[junit-platform-engine-1.10.1.jar:1.10.1]
	at org.junit.platform.engine.support.hierarchical.NodeTestTask.lambda$executeRecursively$6(NodeTestTask.java:155) ~[junit-platform-engine-1.10.1.jar:1.10.1]
	at org.junit.platform.engine.support.hierarchical.ThrowableCollector.execute(ThrowableCollector.java:73) ~[junit-platform-engine-1.10.1.jar:1.10.1]
	at org.junit.platform.engine.support.hierarchical.NodeTestTask.lambda$executeRecursively$8(NodeTestTask.java:141) ~[junit-platform-engine-1.10.1.jar:1.10.1]
	at org.junit.platform.engine.support.hierarchical.Node.around(Node.java:137) ~[junit-platform-engine-1.10.1.jar:1.10.1]
	at org.junit.platform.engine.support.hierarchical.NodeTestTask.lambda$executeRecursively$9(NodeTestTask.java:139) ~[junit-platform-engine-1.10.1.jar:1.10.1]
	at org.junit.platform.engine.support.hierarchical.ThrowableCollector.execute(ThrowableCollector.java:73) ~[junit-platform-engine-1.10.1.jar:1.10.1]
	at org.junit.platform.engine.support.hierarchical.NodeTestTask.executeRecursively(NodeTestTask.java:138) ~[junit-platform-engine-1.10.1.jar:1.10.1]
	at org.junit.platform.engine.support.hierarchical.NodeTestTask.execute(NodeTestTask.java:95) ~[junit-platform-engine-1.10.1.jar:1.10.1]
	at org.junit.platform.engine.support.hierarchical.SameThreadHierarchicalTestExecutorService.submit(SameThreadHierarchicalTestExecutorService.java:35) ~[junit-platform-engine-1.10.1.jar:1.10.1]
	at org.junit.platform.engine.support.hierarchical.HierarchicalTestExecutor.execute(HierarchicalTestExecutor.java:57) ~[junit-platform-engine-1.10.1.jar:1.10.1]
	at org.junit.platform.engine.support.hierarchical.HierarchicalTestEngine.execute(HierarchicalTestEngine.java:54) ~[junit-platform-engine-1.10.1.jar:1.10.1]
	at org.junit.platform.launcher.core.EngineExecutionOrchestrator.execute(EngineExecutionOrchestrator.java:198) ~[junit-platform-launcher-1.10.1.jar:1.10.1]
	at org.junit.platform.launcher.core.EngineExecutionOrchestrator.execute(EngineExecutionOrchestrator.java:169) ~[junit-platform-launcher-1.10.1.jar:1.10.1]
	at org.junit.platform.launcher.core.EngineExecutionOrchestrator.execute(EngineExecutionOrchestrator.java:93) ~[junit-platform-launcher-1.10.1.jar:1.10.1]
	at org.junit.platform.launcher.core.EngineExecutionOrchestrator.lambda$execute$0(EngineExecutionOrchestrator.java:58) ~[junit-platform-launcher-1.10.1.jar:1.10.1]
	at org.junit.platform.launcher.core.EngineExecutionOrchestrator.withInterceptedStreams(EngineExecutionOrchestrator.java:141) ~[junit-platform-launcher-1.10.1.jar:1.10.1]
	at org.junit.platform.launcher.core.EngineExecutionOrchestrator.execute(EngineExecutionOrchestrator.java:57) ~[junit-platform-launcher-1.10.1.jar:1.10.1]
	at org.junit.platform.launcher.core.DefaultLauncher.execute(DefaultLauncher.java:103) ~[junit-platform-launcher-1.10.1.jar:1.10.1]
	at org.junit.platform.launcher.core.DefaultLauncher.execute(DefaultLauncher.java:85) ~[junit-platform-launcher-1.10.1.jar:1.10.1]
	at org.junit.platform.launcher.core.DelegatingLauncher.execute(DelegatingLauncher.java:47) ~[junit-platform-launcher-1.10.1.jar:1.10.1]
	at org.apache.maven.surefire.junitplatform.LazyLauncher.execute(LazyLauncher.java:56) ~[surefire-junit-platform-3.1.2.jar:3.1.2]
	at org.apache.maven.surefire.junitplatform.JUnitPlatformProvider.execute(JUnitPlatformProvider.java:184) ~[surefire-junit-platform-3.1.2.jar:3.1.2]
	at org.apache.maven.surefire.junitplatform.JUnitPlatformProvider.invokeAllTests(JUnitPlatformProvider.java:148) ~[surefire-junit-platform-3.1.2.jar:3.1.2]
	at org.apache.maven.surefire.junitplatform.JUnitPlatformProvider.invoke(JUnitPlatformProvider.java:122) ~[surefire-junit-platform-3.1.2.jar:3.1.2]
	at org.apache.maven.surefire.booter.ForkedBooter.runSuitesInProcess(ForkedBooter.java:385) ~[surefire-booter-3.1.2.jar:3.1.2]
	at org.apache.maven.surefire.booter.ForkedBooter.execute(ForkedBooter.java:162) ~[surefire-booter-3.1.2.jar:3.1.2]
	at org.apache.maven.surefire.booter.ForkedBooter.run(ForkedBooter.java:507) ~[surefire-booter-3.1.2.jar:3.1.2]
	at org.apache.maven.surefire.booter.ForkedBooter.main(ForkedBooter.java:495) ~[surefire-booter-3.1.2.jar:3.1.2]

2025-01-09T08:37:05.815-06:00 DEBUG 20036 --- [           main] o.s.d.jpa.repository.query.NamedQuery    : Did not find named query User.existsByUsername
2025-01-09T08:37:05.815-06:00 DEBUG 20036 --- [           main] tor$SharedEntityManagerInvocationHandler : Creating new EntityManager for shared EntityManager invocation
2025-01-09T08:37:05.816-06:00 DEBUG 20036 --- [           main] o.s.d.jpa.repository.query.NamedQuery    : Looking up named query User.findByUsername
2025-01-09T08:37:05.816-06:00 DEBUG 20036 --- [           main] cResourceLocalTransactionCoordinatorImpl : JDBC transaction marked for rollback-only (exception provided for stack trace)

java.lang.Exception: exception just for purpose of providing stack trace
	at org.hibernate.resource.transaction.backend.jdbc.internal.JdbcResourceLocalTransactionCoordinatorImpl$TransactionDriverControlImpl.markRollbackOnly(JdbcResourceLocalTransactionCoordinatorImpl.java:310) ~[hibernate-core-6.4.1.Final.jar:6.4.1.Final]
	at org.hibernate.internal.AbstractSharedSessionContract.buildNamedQuery(AbstractSharedSessionContract.java:1076) ~[hibernate-core-6.4.1.Final.jar:6.4.1.Final]
	at org.hibernate.internal.AbstractSharedSessionContract.createNamedQuery(AbstractSharedSessionContract.java:954) ~[hibernate-core-6.4.1.Final.jar:6.4.1.Final]
	at org.hibernate.internal.AbstractSharedSessionContract.createNamedQuery(AbstractSharedSessionContract.java:133) ~[hibernate-core-6.4.1.Final.jar:6.4.1.Final]
	at java.base/jdk.internal.reflect.DirectMethodHandleAccessor.invoke(DirectMethodHandleAccessor.java:103) ~[na:na]
	at java.base/java.lang.reflect.Method.invoke(Method.java:580) ~[na:na]
	at org.springframework.orm.jpa.ExtendedEntityManagerCreator$ExtendedEntityManagerInvocationHandler.invoke(ExtendedEntityManagerCreator.java:364) ~[spring-orm-6.1.2.jar:6.1.2]
	at jdk.proxy2/jdk.proxy2.$Proxy186.createNamedQuery(Unknown Source) ~[na:na]
	at org.springframework.data.jpa.repository.query.NamedQuery.hasNamedQuery(NamedQuery.java:113) ~[spring-data-jpa-3.2.1.jar:3.2.1]
	at org.springframework.data.jpa.repository.query.NamedQuery.lookupFrom(NamedQuery.java:141) ~[spring-data-jpa-3.2.1.jar:3.2.1]
	at org.springframework.data.jpa.repository.query.JpaQueryLookupStrategy$DeclaredQueryLookupStrategy.resolveQuery(JpaQueryLookupStrategy.java:180) ~[spring-data-jpa-3.2.1.jar:3.2.1]
	at org.springframework.data.jpa.repository.query.JpaQueryLookupStrategy$CreateIfNotFoundQueryLookupStrategy.resolveQuery(JpaQueryLookupStrategy.java:252) ~[spring-data-jpa-3.2.1.jar:3.2.1]
	at org.springframework.data.jpa.repository.query.JpaQueryLookupStrategy$AbstractQueryLookupStrategy.resolveQuery(JpaQueryLookupStrategy.java:95) ~[spring-data-jpa-3.2.1.jar:3.2.1]
	at org.springframework.data.repository.core.support.QueryExecutorMethodInterceptor.lookupQuery(QueryExecutorMethodInterceptor.java:111) ~[spring-data-commons-3.2.1.jar:3.2.1]
	at org.springframework.data.repository.core.support.QueryExecutorMethodInterceptor.mapMethodsToQuery(QueryExecutorMethodInterceptor.java:99) ~[spring-data-commons-3.2.1.jar:3.2.1]
	at org.springframework.data.repository.core.support.QueryExecutorMethodInterceptor.lambda$new$0(QueryExecutorMethodInterceptor.java:88) ~[spring-data-commons-3.2.1.jar:3.2.1]
	at java.base/java.util.Optional.map(Optional.java:260) ~[na:na]
	at org.springframework.data.repository.core.support.QueryExecutorMethodInterceptor.<init>(QueryExecutorMethodInterceptor.java:88) ~[spring-data-commons-3.2.1.jar:3.2.1]
	at org.springframework.data.repository.core.support.RepositoryFactorySupport.getRepository(RepositoryFactorySupport.java:357) ~[spring-data-commons-3.2.1.jar:3.2.1]
	at org.springframework.data.repository.core.support.RepositoryFactoryBeanSupport.lambda$afterPropertiesSet$5(RepositoryFactoryBeanSupport.java:279) ~[spring-data-commons-3.2.1.jar:3.2.1]
	at org.springframework.data.util.Lazy.getNullable(Lazy.java:135) ~[spring-data-commons-3.2.1.jar:3.2.1]
	at org.springframework.data.util.Lazy.get(Lazy.java:113) ~[spring-data-commons-3.2.1.jar:3.2.1]
	at org.springframework.data.repository.core.support.RepositoryFactoryBeanSupport.afterPropertiesSet(RepositoryFactoryBeanSupport.java:285) ~[spring-data-commons-3.2.1.jar:3.2.1]
	at org.springframework.data.jpa.repository.support.JpaRepositoryFactoryBean.afterPropertiesSet(JpaRepositoryFactoryBean.java:132) ~[spring-data-jpa-3.2.1.jar:3.2.1]
	at org.springframework.beans.factory.support.AbstractAutowireCapableBeanFactory.invokeInitMethods(AbstractAutowireCapableBeanFactory.java:1820) ~[spring-beans-6.1.2.jar:6.1.2]
	at org.springframework.beans.factory.support.AbstractAutowireCapableBeanFactory.initializeBean(AbstractAutowireCapableBeanFactory.java:1769) ~[spring-beans-6.1.2.jar:6.1.2]
	at org.springframework.beans.factory.support.AbstractAutowireCapableBeanFactory.doCreateBean(AbstractAutowireCapableBeanFactory.java:599) ~[spring-beans-6.1.2.jar:6.1.2]
	at org.springframework.beans.factory.support.AbstractAutowireCapableBeanFactory.createBean(AbstractAutowireCapableBeanFactory.java:521) ~[spring-beans-6.1.2.jar:6.1.2]
	at org.springframework.beans.factory.support.AbstractBeanFactory.lambda$doGetBean$0(AbstractBeanFactory.java:325) ~[spring-beans-6.1.2.jar:6.1.2]
	at org.springframework.beans.factory.support.DefaultSingletonBeanRegistry.getSingleton(DefaultSingletonBeanRegistry.java:234) ~[spring-beans-6.1.2.jar:6.1.2]
	at org.springframework.beans.factory.support.AbstractBeanFactory.doGetBean(AbstractBeanFactory.java:323) ~[spring-beans-6.1.2.jar:6.1.2]
	at org.springframework.beans.factory.support.AbstractBeanFactory.getBean(AbstractBeanFactory.java:199) ~[spring-beans-6.1.2.jar:6.1.2]
	at org.springframework.beans.factory.config.DependencyDescriptor.resolveCandidate(DependencyDescriptor.java:254) ~[spring-beans-6.1.2.jar:6.1.2]
	at org.springframework.beans.factory.support.DefaultListableBeanFactory.doResolveDependency(DefaultListableBeanFactory.java:1443) ~[spring-beans-6.1.2.jar:6.1.2]
	at org.springframework.beans.factory.support.DefaultListableBeanFactory.resolveDependency(DefaultListableBeanFactory.java:1353) ~[spring-beans-6.1.2.jar:6.1.2]
	at org.springframework.beans.factory.support.ConstructorResolver.resolveAutowiredArgument(ConstructorResolver.java:911) ~[spring-beans-6.1.2.jar:6.1.2]
	at org.springframework.beans.factory.support.ConstructorResolver.createArgumentArray(ConstructorResolver.java:789) ~[spring-beans-6.1.2.jar:6.1.2]
	at org.springframework.beans.factory.support.ConstructorResolver.autowireConstructor(ConstructorResolver.java:241) ~[spring-beans-6.1.2.jar:6.1.2]
	at org.springframework.beans.factory.support.AbstractAutowireCapableBeanFactory.autowireConstructor(AbstractAutowireCapableBeanFactory.java:1354) ~[spring-beans-6.1.2.jar:6.1.2]
	at org.springframework.beans.factory.support.AbstractAutowireCapableBeanFactory.createBeanInstance(AbstractAutowireCapableBeanFactory.java:1191) ~[spring-beans-6.1.2.jar:6.1.2]
	at org.springframework.beans.factory.support.AbstractAutowireCapableBeanFactory.doCreateBean(AbstractAutowireCapableBeanFactory.java:561) ~[spring-beans-6.1.2.jar:6.1.2]
	at org.springframework.beans.factory.support.AbstractAutowireCapableBeanFactory.createBean(AbstractAutowireCapableBeanFactory.java:521) ~[spring-beans-6.1.2.jar:6.1.2]
	at org.springframework.beans.factory.support.AbstractBeanFactory.lambda$doGetBean$0(AbstractBeanFactory.java:325) ~[spring-beans-6.1.2.jar:6.1.2]
	at org.springframework.beans.factory.support.DefaultSingletonBeanRegistry.getSingleton(DefaultSingletonBeanRegistry.java:234) ~[spring-beans-6.1.2.jar:6.1.2]
	at org.springframework.beans.factory.support.AbstractBeanFactory.doGetBean(AbstractBeanFactory.java:323) ~[spring-beans-6.1.2.jar:6.1.2]
	at org.springframework.beans.factory.support.AbstractBeanFactory.getBean(AbstractBeanFactory.java:199) ~[spring-beans-6.1.2.jar:6.1.2]
	at org.springframework.beans.factory.config.DependencyDescriptor.resolveCandidate(DependencyDescriptor.java:254) ~[spring-beans-6.1.2.jar:6.1.2]
	at org.springframework.beans.factory.support.DefaultListableBeanFactory.doResolveDependency(DefaultListableBeanFactory.java:1443) ~[spring-beans-6.1.2.jar:6.1.2]
	at org.springframework.beans.factory.support.DefaultListableBeanFactory.resolveDependency(DefaultListableBeanFactory.java:1353) ~[spring-beans-6.1.2.jar:6.1.2]
	at org.springframework.beans.factory.support.ConstructorResolver.resolveAutowiredArgument(ConstructorResolver.java:911) ~[spring-beans-6.1.2.jar:6.1.2]
	at org.springframework.beans.factory.support.ConstructorResolver.createArgumentArray(ConstructorResolver.java:789) ~[spring-beans-6.1.2.jar:6.1.2]
	at org.springframework.beans.factory.support.ConstructorResolver.autowireConstructor(ConstructorResolver.java:241) ~[spring-beans-6.1.2.jar:6.1.2]
	at org.springframework.beans.factory.support.AbstractAutowireCapableBeanFactory.autowireConstructor(AbstractAutowireCapableBeanFactory.java:1354) ~[spring-beans-6.1.2.jar:6.1.2]
	at org.springframework.beans.factory.support.AbstractAutowireCapableBeanFactory.createBeanInstance(AbstractAutowireCapableBeanFactory.java:1191) ~[spring-beans-6.1.2.jar:6.1.2]
	at org.springframework.beans.factory.support.AbstractAutowireCapableBeanFactory.doCreateBean(AbstractAutowireCapableBeanFactory.java:561) ~[spring-beans-6.1.2.jar:6.1.2]
	at org.springframework.beans.factory.support.AbstractAutowireCapableBeanFactory.createBean(AbstractAutowireCapableBeanFactory.java:521) ~[spring-beans-6.1.2.jar:6.1.2]
	at org.springframework.beans.factory.support.AbstractBeanFactory.lambda$doGetBean$0(AbstractBeanFactory.java:325) ~[spring-beans-6.1.2.jar:6.1.2]
	at org.springframework.beans.factory.support.DefaultSingletonBeanRegistry.getSingleton(DefaultSingletonBeanRegistry.java:234) ~[spring-beans-6.1.2.jar:6.1.2]
	at org.springframework.beans.factory.support.AbstractBeanFactory.doGetBean(AbstractBeanFactory.java:323) ~[spring-beans-6.1.2.jar:6.1.2]
	at org.springframework.beans.factory.support.AbstractBeanFactory.getBean(AbstractBeanFactory.java:199) ~[spring-beans-6.1.2.jar:6.1.2]
	at org.springframework.beans.factory.config.DependencyDescriptor.resolveCandidate(DependencyDescriptor.java:254) ~[spring-beans-6.1.2.jar:6.1.2]
	at org.springframework.beans.factory.support.DefaultListableBeanFactory.doResolveDependency(DefaultListableBeanFactory.java:1443) ~[spring-beans-6.1.2.jar:6.1.2]
	at org.springframework.beans.factory.support.DefaultListableBeanFactory.resolveDependency(DefaultListableBeanFactory.java:1353) ~[spring-beans-6.1.2.jar:6.1.2]
	at org.springframework.beans.factory.support.ConstructorResolver.resolveAutowiredArgument(ConstructorResolver.java:911) ~[spring-beans-6.1.2.jar:6.1.2]
	at org.springframework.beans.factory.support.ConstructorResolver.createArgumentArray(ConstructorResolver.java:789) ~[spring-beans-6.1.2.jar:6.1.2]
	at org.springframework.beans.factory.support.ConstructorResolver.autowireConstructor(ConstructorResolver.java:241) ~[spring-beans-6.1.2.jar:6.1.2]
	at org.springframework.beans.factory.support.AbstractAutowireCapableBeanFactory.autowireConstructor(AbstractAutowireCapableBeanFactory.java:1354) ~[spring-beans-6.1.2.jar:6.1.2]
	at org.springframework.beans.factory.support.AbstractAutowireCapableBeanFactory.createBeanInstance(AbstractAutowireCapableBeanFactory.java:1191) ~[spring-beans-6.1.2.jar:6.1.2]
	at org.springframework.beans.factory.support.AbstractAutowireCapableBeanFactory.doCreateBean(AbstractAutowireCapableBeanFactory.java:561) ~[spring-beans-6.1.2.jar:6.1.2]
	at org.springframework.beans.factory.support.AbstractAutowireCapableBeanFactory.createBean(AbstractAutowireCapableBeanFactory.java:521) ~[spring-beans-6.1.2.jar:6.1.2]
	at org.springframework.beans.factory.support.AbstractBeanFactory.lambda$doGetBean$0(AbstractBeanFactory.java:325) ~[spring-beans-6.1.2.jar:6.1.2]
	at org.springframework.beans.factory.support.DefaultSingletonBeanRegistry.getSingleton(DefaultSingletonBeanRegistry.java:234) ~[spring-beans-6.1.2.jar:6.1.2]
	at org.springframework.beans.factory.support.AbstractBeanFactory.doGetBean(AbstractBeanFactory.java:323) ~[spring-beans-6.1.2.jar:6.1.2]
	at org.springframework.beans.factory.support.AbstractBeanFactory.getBean(AbstractBeanFactory.java:199) ~[spring-beans-6.1.2.jar:6.1.2]
	at org.springframework.beans.factory.support.DefaultListableBeanFactory.preInstantiateSingletons(DefaultListableBeanFactory.java:975) ~[spring-beans-6.1.2.jar:6.1.2]
	at org.springframework.context.support.AbstractApplicationContext.finishBeanFactoryInitialization(AbstractApplicationContext.java:960) ~[spring-context-6.1.2.jar:6.1.2]
	at org.springframework.context.support.AbstractApplicationContext.refresh(AbstractApplicationContext.java:625) ~[spring-context-6.1.2.jar:6.1.2]
	at org.springframework.boot.SpringApplication.refresh(SpringApplication.java:762) ~[spring-boot-3.2.1.jar:3.2.1]
	at org.springframework.boot.SpringApplication.refreshContext(SpringApplication.java:464) ~[spring-boot-3.2.1.jar:3.2.1]
	at org.springframework.boot.SpringApplication.run(SpringApplication.java:334) ~[spring-boot-3.2.1.jar:3.2.1]
	at org.springframework.boot.test.context.SpringBootContextLoader.lambda$loadContext$3(SpringBootContextLoader.java:137) ~[spring-boot-test-3.2.1.jar:3.2.1]
	at org.springframework.util.function.ThrowingSupplier.get(ThrowingSupplier.java:58) ~[spring-core-6.1.2.jar:6.1.2]
	at org.springframework.util.function.ThrowingSupplier.get(ThrowingSupplier.java:46) ~[spring-core-6.1.2.jar:6.1.2]
	at org.springframework.boot.SpringApplication.withHook(SpringApplication.java:1458) ~[spring-boot-3.2.1.jar:3.2.1]
	at org.springframework.boot.test.context.SpringBootContextLoader$ContextLoaderHook.run(SpringBootContextLoader.java:552) ~[spring-boot-test-3.2.1.jar:3.2.1]
	at org.springframework.boot.test.context.SpringBootContextLoader.loadContext(SpringBootContextLoader.java:137) ~[spring-boot-test-3.2.1.jar:3.2.1]
	at org.springframework.boot.test.context.SpringBootContextLoader.loadContext(SpringBootContextLoader.java:108) ~[spring-boot-test-3.2.1.jar:3.2.1]
	at org.springframework.test.context.cache.DefaultCacheAwareContextLoaderDelegate.loadContextInternal(DefaultCacheAwareContextLoaderDelegate.java:225) ~[spring-test-6.1.2.jar:6.1.2]
	at org.springframework.test.context.cache.DefaultCacheAwareContextLoaderDelegate.loadContext(DefaultCacheAwareContextLoaderDelegate.java:152) ~[spring-test-6.1.2.jar:6.1.2]
	at org.springframework.test.context.support.DefaultTestContext.getApplicationContext(DefaultTestContext.java:130) ~[spring-test-6.1.2.jar:6.1.2]
	at org.springframework.test.context.web.ServletTestExecutionListener.setUpRequestContextIfNecessary(ServletTestExecutionListener.java:191) ~[spring-test-6.1.2.jar:6.1.2]
	at org.springframework.test.context.web.ServletTestExecutionListener.prepareTestInstance(ServletTestExecutionListener.java:130) ~[spring-test-6.1.2.jar:6.1.2]
	at org.springframework.test.context.TestContextManager.prepareTestInstance(TestContextManager.java:260) ~[spring-test-6.1.2.jar:6.1.2]
	at org.springframework.test.context.junit.jupiter.SpringExtension.postProcessTestInstance(SpringExtension.java:163) ~[spring-test-6.1.2.jar:6.1.2]
	at org.junit.jupiter.engine.descriptor.ClassBasedTestDescriptor.lambda$invokeTestInstancePostProcessors$10(ClassBasedTestDescriptor.java:378) ~[junit-jupiter-engine-5.10.1.jar:5.10.1]
	at org.junit.jupiter.engine.descriptor.ClassBasedTestDescriptor.executeAndMaskThrowable(ClassBasedTestDescriptor.java:383) ~[junit-jupiter-engine-5.10.1.jar:5.10.1]
	at org.junit.jupiter.engine.descriptor.ClassBasedTestDescriptor.lambda$invokeTestInstancePostProcessors$11(ClassBasedTestDescriptor.java:378) ~[junit-jupiter-engine-5.10.1.jar:5.10.1]
	at java.base/java.util.stream.ReferencePipeline$3$1.accept(ReferencePipeline.java:197) ~[na:na]
	at java.base/java.util.stream.ReferencePipeline$2$1.accept(ReferencePipeline.java:179) ~[na:na]
	at java.base/java.util.ArrayList$ArrayListSpliterator.forEachRemaining(ArrayList.java:1708) ~[na:na]
	at java.base/java.util.stream.AbstractPipeline.copyInto(AbstractPipeline.java:509) ~[na:na]
	at java.base/java.util.stream.AbstractPipeline.wrapAndCopyInto(AbstractPipeline.java:499) ~[na:na]
	at java.base/java.util.stream.StreamSpliterators$WrappingSpliterator.forEachRemaining(StreamSpliterators.java:310) ~[na:na]
	at java.base/java.util.stream.Streams$ConcatSpliterator.forEachRemaining(Streams.java:735) ~[na:na]
	at java.base/java.util.stream.Streams$ConcatSpliterator.forEachRemaining(Streams.java:734) ~[na:na]
	at java.base/java.util.stream.ReferencePipeline$Head.forEach(ReferencePipeline.java:762) ~[na:na]
	at org.junit.jupiter.engine.descriptor.ClassBasedTestDescriptor.invokeTestInstancePostProcessors(ClassBasedTestDescriptor.java:377) ~[junit-jupiter-engine-5.10.1.jar:5.10.1]
	at org.junit.jupiter.engine.descriptor.ClassBasedTestDescriptor.lambda$instantiateAndPostProcessTestInstance$6(ClassBasedTestDescriptor.java:290) ~[junit-jupiter-engine-5.10.1.jar:5.10.1]
	at org.junit.platform.engine.support.hierarchical.ThrowableCollector.execute(ThrowableCollector.java:73) ~[junit-platform-engine-1.10.1.jar:1.10.1]
	at org.junit.jupiter.engine.descriptor.ClassBasedTestDescriptor.instantiateAndPostProcessTestInstance(ClassBasedTestDescriptor.java:289) ~[junit-jupiter-engine-5.10.1.jar:5.10.1]
	at org.junit.jupiter.engine.descriptor.ClassBasedTestDescriptor.lambda$testInstancesProvider$4(ClassBasedTestDescriptor.java:279) ~[junit-jupiter-engine-5.10.1.jar:5.10.1]
	at java.base/java.util.Optional.orElseGet(Optional.java:364) ~[na:na]
	at org.junit.jupiter.engine.descriptor.ClassBasedTestDescriptor.lambda$testInstancesProvider$5(ClassBasedTestDescriptor.java:278) ~[junit-jupiter-engine-5.10.1.jar:5.10.1]
	at org.junit.jupiter.engine.execution.TestInstancesProvider.getTestInstances(TestInstancesProvider.java:31) ~[junit-jupiter-engine-5.10.1.jar:5.10.1]
	at org.junit.jupiter.engine.descriptor.TestMethodTestDescriptor.lambda$prepare$0(TestMethodTestDescriptor.java:106) ~[junit-jupiter-engine-5.10.1.jar:5.10.1]
	at org.junit.platform.engine.support.hierarchical.ThrowableCollector.execute(ThrowableCollector.java:73) ~[junit-platform-engine-1.10.1.jar:1.10.1]
	at org.junit.jupiter.engine.descriptor.TestMethodTestDescriptor.prepare(TestMethodTestDescriptor.java:105) ~[junit-jupiter-engine-5.10.1.jar:5.10.1]
	at org.junit.jupiter.engine.descriptor.TestMethodTestDescriptor.prepare(TestMethodTestDescriptor.java:69) ~[junit-jupiter-engine-5.10.1.jar:5.10.1]
	at org.junit.platform.engine.support.hierarchical.NodeTestTask.lambda$prepare$2(NodeTestTask.java:123) ~[junit-platform-engine-1.10.1.jar:1.10.1]
	at org.junit.platform.engine.support.hierarchical.ThrowableCollector.execute(ThrowableCollector.java:73) ~[junit-platform-engine-1.10.1.jar:1.10.1]
	at org.junit.platform.engine.support.hierarchical.NodeTestTask.prepare(NodeTestTask.java:123) ~[junit-platform-engine-1.10.1.jar:1.10.1]
	at org.junit.platform.engine.support.hierarchical.NodeTestTask.execute(NodeTestTask.java:90) ~[junit-platform-engine-1.10.1.jar:1.10.1]
	at java.base/java.util.ArrayList.forEach(ArrayList.java:1596) ~[na:na]
	at org.junit.platform.engine.support.hierarchical.SameThreadHierarchicalTestExecutorService.invokeAll(SameThreadHierarchicalTestExecutorService.java:41) ~[junit-platform-engine-1.10.1.jar:1.10.1]
	at org.junit.platform.engine.support.hierarchical.NodeTestTask.lambda$executeRecursively$6(NodeTestTask.java:155) ~[junit-platform-engine-1.10.1.jar:1.10.1]
	at org.junit.platform.engine.support.hierarchical.ThrowableCollector.execute(ThrowableCollector.java:73) ~[junit-platform-engine-1.10.1.jar:1.10.1]
	at org.junit.platform.engine.support.hierarchical.NodeTestTask.lambda$executeRecursively$8(NodeTestTask.java:141) ~[junit-platform-engine-1.10.1.jar:1.10.1]
	at org.junit.platform.engine.support.hierarchical.Node.around(Node.java:137) ~[junit-platform-engine-1.10.1.jar:1.10.1]
	at org.junit.platform.engine.support.hierarchical.NodeTestTask.lambda$executeRecursively$9(NodeTestTask.java:139) ~[junit-platform-engine-1.10.1.jar:1.10.1]
	at org.junit.platform.engine.support.hierarchical.ThrowableCollector.execute(ThrowableCollector.java:73) ~[junit-platform-engine-1.10.1.jar:1.10.1]
	at org.junit.platform.engine.support.hierarchical.NodeTestTask.executeRecursively(NodeTestTask.java:138) ~[junit-platform-engine-1.10.1.jar:1.10.1]
	at org.junit.platform.engine.support.hierarchical.NodeTestTask.execute(NodeTestTask.java:95) ~[junit-platform-engine-1.10.1.jar:1.10.1]
	at java.base/java.util.ArrayList.forEach(ArrayList.java:1596) ~[na:na]
	at org.junit.platform.engine.support.hierarchical.SameThreadHierarchicalTestExecutorService.invokeAll(SameThreadHierarchicalTestExecutorService.java:41) ~[junit-platform-engine-1.10.1.jar:1.10.1]
	at org.junit.platform.engine.support.hierarchical.NodeTestTask.lambda$executeRecursively$6(NodeTestTask.java:155) ~[junit-platform-engine-1.10.1.jar:1.10.1]
	at org.junit.platform.engine.support.hierarchical.ThrowableCollector.execute(ThrowableCollector.java:73) ~[junit-platform-engine-1.10.1.jar:1.10.1]
	at org.junit.platform.engine.support.hierarchical.NodeTestTask.lambda$executeRecursively$8(NodeTestTask.java:141) ~[junit-platform-engine-1.10.1.jar:1.10.1]
	at org.junit.platform.engine.support.hierarchical.Node.around(Node.java:137) ~[junit-platform-engine-1.10.1.jar:1.10.1]
	at org.junit.platform.engine.support.hierarchical.NodeTestTask.lambda$executeRecursively$9(NodeTestTask.java:139) ~[junit-platform-engine-1.10.1.jar:1.10.1]
	at org.junit.platform.engine.support.hierarchical.ThrowableCollector.execute(ThrowableCollector.java:73) ~[junit-platform-engine-1.10.1.jar:1.10.1]
	at org.junit.platform.engine.support.hierarchical.NodeTestTask.executeRecursively(NodeTestTask.java:138) ~[junit-platform-engine-1.10.1.jar:1.10.1]
	at org.junit.platform.engine.support.hierarchical.NodeTestTask.execute(NodeTestTask.java:95) ~[junit-platform-engine-1.10.1.jar:1.10.1]
	at org.junit.platform.engine.support.hierarchical.SameThreadHierarchicalTestExecutorService.submit(SameThreadHierarchicalTestExecutorService.java:35) ~[junit-platform-engine-1.10.1.jar:1.10.1]
	at org.junit.platform.engine.support.hierarchical.HierarchicalTestExecutor.execute(HierarchicalTestExecutor.java:57) ~[junit-platform-engine-1.10.1.jar:1.10.1]
	at org.junit.platform.engine.support.hierarchical.HierarchicalTestEngine.execute(HierarchicalTestEngine.java:54) ~[junit-platform-engine-1.10.1.jar:1.10.1]
	at org.junit.platform.launcher.core.EngineExecutionOrchestrator.execute(EngineExecutionOrchestrator.java:198) ~[junit-platform-launcher-1.10.1.jar:1.10.1]
	at org.junit.platform.launcher.core.EngineExecutionOrchestrator.execute(EngineExecutionOrchestrator.java:169) ~[junit-platform-launcher-1.10.1.jar:1.10.1]
	at org.junit.platform.launcher.core.EngineExecutionOrchestrator.execute(EngineExecutionOrchestrator.java:93) ~[junit-platform-launcher-1.10.1.jar:1.10.1]
	at org.junit.platform.launcher.core.EngineExecutionOrchestrator.lambda$execute$0(EngineExecutionOrchestrator.java:58) ~[junit-platform-launcher-1.10.1.jar:1.10.1]
	at org.junit.platform.launcher.core.EngineExecutionOrchestrator.withInterceptedStreams(EngineExecutionOrchestrator.java:141) ~[junit-platform-launcher-1.10.1.jar:1.10.1]
	at org.junit.platform.launcher.core.EngineExecutionOrchestrator.execute(EngineExecutionOrchestrator.java:57) ~[junit-platform-launcher-1.10.1.jar:1.10.1]
	at org.junit.platform.launcher.core.DefaultLauncher.execute(DefaultLauncher.java:103) ~[junit-platform-launcher-1.10.1.jar:1.10.1]
	at org.junit.platform.launcher.core.DefaultLauncher.execute(DefaultLauncher.java:85) ~[junit-platform-launcher-1.10.1.jar:1.10.1]
	at org.junit.platform.launcher.core.DelegatingLauncher.execute(DelegatingLauncher.java:47) ~[junit-platform-launcher-1.10.1.jar:1.10.1]
	at org.apache.maven.surefire.junitplatform.LazyLauncher.execute(LazyLauncher.java:56) ~[surefire-junit-platform-3.1.2.jar:3.1.2]
	at org.apache.maven.surefire.junitplatform.JUnitPlatformProvider.execute(JUnitPlatformProvider.java:184) ~[surefire-junit-platform-3.1.2.jar:3.1.2]
	at org.apache.maven.surefire.junitplatform.JUnitPlatformProvider.invokeAllTests(JUnitPlatformProvider.java:148) ~[surefire-junit-platform-3.1.2.jar:3.1.2]
	at org.apache.maven.surefire.junitplatform.JUnitPlatformProvider.invoke(JUnitPlatformProvider.java:122) ~[surefire-junit-platform-3.1.2.jar:3.1.2]
	at org.apache.maven.surefire.booter.ForkedBooter.runSuitesInProcess(ForkedBooter.java:385) ~[surefire-booter-3.1.2.jar:3.1.2]
	at org.apache.maven.surefire.booter.ForkedBooter.execute(ForkedBooter.java:162) ~[surefire-booter-3.1.2.jar:3.1.2]
	at org.apache.maven.surefire.booter.ForkedBooter.run(ForkedBooter.java:507) ~[surefire-booter-3.1.2.jar:3.1.2]
	at org.apache.maven.surefire.booter.ForkedBooter.main(ForkedBooter.java:495) ~[surefire-booter-3.1.2.jar:3.1.2]

2025-01-09T08:37:05.818-06:00 DEBUG 20036 --- [           main] o.s.d.jpa.repository.query.NamedQuery    : Did not find named query User.findByUsername
2025-01-09T08:37:05.818-06:00 DEBUG 20036 --- [           main] tor$SharedEntityManagerInvocationHandler : Creating new EntityManager for shared EntityManager invocation
2025-01-09T08:37:05.818-06:00 DEBUG 20036 --- [           main] o.s.d.jpa.repository.query.NamedQuery    : Looking up named query User.findByStatus
2025-01-09T08:37:05.818-06:00 DEBUG 20036 --- [           main] cResourceLocalTransactionCoordinatorImpl : JDBC transaction marked for rollback-only (exception provided for stack trace)

java.lang.Exception: exception just for purpose of providing stack trace
	at org.hibernate.resource.transaction.backend.jdbc.internal.JdbcResourceLocalTransactionCoordinatorImpl$TransactionDriverControlImpl.markRollbackOnly(JdbcResourceLocalTransactionCoordinatorImpl.java:310) ~[hibernate-core-6.4.1.Final.jar:6.4.1.Final]
	at org.hibernate.internal.AbstractSharedSessionContract.buildNamedQuery(AbstractSharedSessionContract.java:1076) ~[hibernate-core-6.4.1.Final.jar:6.4.1.Final]
	at org.hibernate.internal.AbstractSharedSessionContract.createNamedQuery(AbstractSharedSessionContract.java:954) ~[hibernate-core-6.4.1.Final.jar:6.4.1.Final]
	at org.hibernate.internal.AbstractSharedSessionContract.createNamedQuery(AbstractSharedSessionContract.java:133) ~[hibernate-core-6.4.1.Final.jar:6.4.1.Final]
	at java.base/jdk.internal.reflect.DirectMethodHandleAccessor.invoke(DirectMethodHandleAccessor.java:103) ~[na:na]
	at java.base/java.lang.reflect.Method.invoke(Method.java:580) ~[na:na]
	at org.springframework.orm.jpa.ExtendedEntityManagerCreator$ExtendedEntityManagerInvocationHandler.invoke(ExtendedEntityManagerCreator.java:364) ~[spring-orm-6.1.2.jar:6.1.2]
	at jdk.proxy2/jdk.proxy2.$Proxy186.createNamedQuery(Unknown Source) ~[na:na]
	at org.springframework.data.jpa.repository.query.NamedQuery.hasNamedQuery(NamedQuery.java:113) ~[spring-data-jpa-3.2.1.jar:3.2.1]
	at org.springframework.data.jpa.repository.query.NamedQuery.lookupFrom(NamedQuery.java:141) ~[spring-data-jpa-3.2.1.jar:3.2.1]
	at org.springframework.data.jpa.repository.query.JpaQueryLookupStrategy$DeclaredQueryLookupStrategy.resolveQuery(JpaQueryLookupStrategy.java:180) ~[spring-data-jpa-3.2.1.jar:3.2.1]
	at org.springframework.data.jpa.repository.query.JpaQueryLookupStrategy$CreateIfNotFoundQueryLookupStrategy.resolveQuery(JpaQueryLookupStrategy.java:252) ~[spring-data-jpa-3.2.1.jar:3.2.1]
	at org.springframework.data.jpa.repository.query.JpaQueryLookupStrategy$AbstractQueryLookupStrategy.resolveQuery(JpaQueryLookupStrategy.java:95) ~[spring-data-jpa-3.2.1.jar:3.2.1]
	at org.springframework.data.repository.core.support.QueryExecutorMethodInterceptor.lookupQuery(QueryExecutorMethodInterceptor.java:111) ~[spring-data-commons-3.2.1.jar:3.2.1]
	at org.springframework.data.repository.core.support.QueryExecutorMethodInterceptor.mapMethodsToQuery(QueryExecutorMethodInterceptor.java:99) ~[spring-data-commons-3.2.1.jar:3.2.1]
	at org.springframework.data.repository.core.support.QueryExecutorMethodInterceptor.lambda$new$0(QueryExecutorMethodInterceptor.java:88) ~[spring-data-commons-3.2.1.jar:3.2.1]
	at java.base/java.util.Optional.map(Optional.java:260) ~[na:na]
	at org.springframework.data.repository.core.support.QueryExecutorMethodInterceptor.<init>(QueryExecutorMethodInterceptor.java:88) ~[spring-data-commons-3.2.1.jar:3.2.1]
	at org.springframework.data.repository.core.support.RepositoryFactorySupport.getRepository(RepositoryFactorySupport.java:357) ~[spring-data-commons-3.2.1.jar:3.2.1]
	at org.springframework.data.repository.core.support.RepositoryFactoryBeanSupport.lambda$afterPropertiesSet$5(RepositoryFactoryBeanSupport.java:279) ~[spring-data-commons-3.2.1.jar:3.2.1]
	at org.springframework.data.util.Lazy.getNullable(Lazy.java:135) ~[spring-data-commons-3.2.1.jar:3.2.1]
	at org.springframework.data.util.Lazy.get(Lazy.java:113) ~[spring-data-commons-3.2.1.jar:3.2.1]
	at org.springframework.data.repository.core.support.RepositoryFactoryBeanSupport.afterPropertiesSet(RepositoryFactoryBeanSupport.java:285) ~[spring-data-commons-3.2.1.jar:3.2.1]
	at org.springframework.data.jpa.repository.support.JpaRepositoryFactoryBean.afterPropertiesSet(JpaRepositoryFactoryBean.java:132) ~[spring-data-jpa-3.2.1.jar:3.2.1]
	at org.springframework.beans.factory.support.AbstractAutowireCapableBeanFactory.invokeInitMethods(AbstractAutowireCapableBeanFactory.java:1820) ~[spring-beans-6.1.2.jar:6.1.2]
	at org.springframework.beans.factory.support.AbstractAutowireCapableBeanFactory.initializeBean(AbstractAutowireCapableBeanFactory.java:1769) ~[spring-beans-6.1.2.jar:6.1.2]
	at org.springframework.beans.factory.support.AbstractAutowireCapableBeanFactory.doCreateBean(AbstractAutowireCapableBeanFactory.java:599) ~[spring-beans-6.1.2.jar:6.1.2]
	at org.springframework.beans.factory.support.AbstractAutowireCapableBeanFactory.createBean(AbstractAutowireCapableBeanFactory.java:521) ~[spring-beans-6.1.2.jar:6.1.2]
	at org.springframework.beans.factory.support.AbstractBeanFactory.lambda$doGetBean$0(AbstractBeanFactory.java:325) ~[spring-beans-6.1.2.jar:6.1.2]
	at org.springframework.beans.factory.support.DefaultSingletonBeanRegistry.getSingleton(DefaultSingletonBeanRegistry.java:234) ~[spring-beans-6.1.2.jar:6.1.2]
	at org.springframework.beans.factory.support.AbstractBeanFactory.doGetBean(AbstractBeanFactory.java:323) ~[spring-beans-6.1.2.jar:6.1.2]
	at org.springframework.beans.factory.support.AbstractBeanFactory.getBean(AbstractBeanFactory.java:199) ~[spring-beans-6.1.2.jar:6.1.2]
	at org.springframework.beans.factory.config.DependencyDescriptor.resolveCandidate(DependencyDescriptor.java:254) ~[spring-beans-6.1.2.jar:6.1.2]
	at org.springframework.beans.factory.support.DefaultListableBeanFactory.doResolveDependency(DefaultListableBeanFactory.java:1443) ~[spring-beans-6.1.2.jar:6.1.2]
	at org.springframework.beans.factory.support.DefaultListableBeanFactory.resolveDependency(DefaultListableBeanFactory.java:1353) ~[spring-beans-6.1.2.jar:6.1.2]
	at org.springframework.beans.factory.support.ConstructorResolver.resolveAutowiredArgument(ConstructorResolver.java:911) ~[spring-beans-6.1.2.jar:6.1.2]
	at org.springframework.beans.factory.support.ConstructorResolver.createArgumentArray(ConstructorResolver.java:789) ~[spring-beans-6.1.2.jar:6.1.2]
	at org.springframework.beans.factory.support.ConstructorResolver.autowireConstructor(ConstructorResolver.java:241) ~[spring-beans-6.1.2.jar:6.1.2]
	at org.springframework.beans.factory.support.AbstractAutowireCapableBeanFactory.autowireConstructor(AbstractAutowireCapableBeanFactory.java:1354) ~[spring-beans-6.1.2.jar:6.1.2]
	at org.springframework.beans.factory.support.AbstractAutowireCapableBeanFactory.createBeanInstance(AbstractAutowireCapableBeanFactory.java:1191) ~[spring-beans-6.1.2.jar:6.1.2]
	at org.springframework.beans.factory.support.AbstractAutowireCapableBeanFactory.doCreateBean(AbstractAutowireCapableBeanFactory.java:561) ~[spring-beans-6.1.2.jar:6.1.2]
	at org.springframework.beans.factory.support.AbstractAutowireCapableBeanFactory.createBean(AbstractAutowireCapableBeanFactory.java:521) ~[spring-beans-6.1.2.jar:6.1.2]
	at org.springframework.beans.factory.support.AbstractBeanFactory.lambda$doGetBean$0(AbstractBeanFactory.java:325) ~[spring-beans-6.1.2.jar:6.1.2]
	at org.springframework.beans.factory.support.DefaultSingletonBeanRegistry.getSingleton(DefaultSingletonBeanRegistry.java:234) ~[spring-beans-6.1.2.jar:6.1.2]
	at org.springframework.beans.factory.support.AbstractBeanFactory.doGetBean(AbstractBeanFactory.java:323) ~[spring-beans-6.1.2.jar:6.1.2]
	at org.springframework.beans.factory.support.AbstractBeanFactory.getBean(AbstractBeanFactory.java:199) ~[spring-beans-6.1.2.jar:6.1.2]
	at org.springframework.beans.factory.config.DependencyDescriptor.resolveCandidate(DependencyDescriptor.java:254) ~[spring-beans-6.1.2.jar:6.1.2]
	at org.springframework.beans.factory.support.DefaultListableBeanFactory.doResolveDependency(DefaultListableBeanFactory.java:1443) ~[spring-beans-6.1.2.jar:6.1.2]
	at org.springframework.beans.factory.support.DefaultListableBeanFactory.resolveDependency(DefaultListableBeanFactory.java:1353) ~[spring-beans-6.1.2.jar:6.1.2]
	at org.springframework.beans.factory.support.ConstructorResolver.resolveAutowiredArgument(ConstructorResolver.java:911) ~[spring-beans-6.1.2.jar:6.1.2]
	at org.springframework.beans.factory.support.ConstructorResolver.createArgumentArray(ConstructorResolver.java:789) ~[spring-beans-6.1.2.jar:6.1.2]
	at org.springframework.beans.factory.support.ConstructorResolver.autowireConstructor(ConstructorResolver.java:241) ~[spring-beans-6.1.2.jar:6.1.2]
	at org.springframework.beans.factory.support.AbstractAutowireCapableBeanFactory.autowireConstructor(AbstractAutowireCapableBeanFactory.java:1354) ~[spring-beans-6.1.2.jar:6.1.2]
	at org.springframework.beans.factory.support.AbstractAutowireCapableBeanFactory.createBeanInstance(AbstractAutowireCapableBeanFactory.java:1191) ~[spring-beans-6.1.2.jar:6.1.2]
	at org.springframework.beans.factory.support.AbstractAutowireCapableBeanFactory.doCreateBean(AbstractAutowireCapableBeanFactory.java:561) ~[spring-beans-6.1.2.jar:6.1.2]
	at org.springframework.beans.factory.support.AbstractAutowireCapableBeanFactory.createBean(AbstractAutowireCapableBeanFactory.java:521) ~[spring-beans-6.1.2.jar:6.1.2]
	at org.springframework.beans.factory.support.AbstractBeanFactory.lambda$doGetBean$0(AbstractBeanFactory.java:325) ~[spring-beans-6.1.2.jar:6.1.2]
	at org.springframework.beans.factory.support.DefaultSingletonBeanRegistry.getSingleton(DefaultSingletonBeanRegistry.java:234) ~[spring-beans-6.1.2.jar:6.1.2]
	at org.springframework.beans.factory.support.AbstractBeanFactory.doGetBean(AbstractBeanFactory.java:323) ~[spring-beans-6.1.2.jar:6.1.2]
	at org.springframework.beans.factory.support.AbstractBeanFactory.getBean(AbstractBeanFactory.java:199) ~[spring-beans-6.1.2.jar:6.1.2]
	at org.springframework.beans.factory.config.DependencyDescriptor.resolveCandidate(DependencyDescriptor.java:254) ~[spring-beans-6.1.2.jar:6.1.2]
	at org.springframework.beans.factory.support.DefaultListableBeanFactory.doResolveDependency(DefaultListableBeanFactory.java:1443) ~[spring-beans-6.1.2.jar:6.1.2]
	at org.springframework.beans.factory.support.DefaultListableBeanFactory.resolveDependency(DefaultListableBeanFactory.java:1353) ~[spring-beans-6.1.2.jar:6.1.2]
	at org.springframework.beans.factory.support.ConstructorResolver.resolveAutowiredArgument(ConstructorResolver.java:911) ~[spring-beans-6.1.2.jar:6.1.2]
	at org.springframework.beans.factory.support.ConstructorResolver.createArgumentArray(ConstructorResolver.java:789) ~[spring-beans-6.1.2.jar:6.1.2]
	at org.springframework.beans.factory.support.ConstructorResolver.autowireConstructor(ConstructorResolver.java:241) ~[spring-beans-6.1.2.jar:6.1.2]
	at org.springframework.beans.factory.support.AbstractAutowireCapableBeanFactory.autowireConstructor(AbstractAutowireCapableBeanFactory.java:1354) ~[spring-beans-6.1.2.jar:6.1.2]
	at org.springframework.beans.factory.support.AbstractAutowireCapableBeanFactory.createBeanInstance(AbstractAutowireCapableBeanFactory.java:1191) ~[spring-beans-6.1.2.jar:6.1.2]
	at org.springframework.beans.factory.support.AbstractAutowireCapableBeanFactory.doCreateBean(AbstractAutowireCapableBeanFactory.java:561) ~[spring-beans-6.1.2.jar:6.1.2]
	at org.springframework.beans.factory.support.AbstractAutowireCapableBeanFactory.createBean(AbstractAutowireCapableBeanFactory.java:521) ~[spring-beans-6.1.2.jar:6.1.2]
	at org.springframework.beans.factory.support.AbstractBeanFactory.lambda$doGetBean$0(AbstractBeanFactory.java:325) ~[spring-beans-6.1.2.jar:6.1.2]
	at org.springframework.beans.factory.support.DefaultSingletonBeanRegistry.getSingleton(DefaultSingletonBeanRegistry.java:234) ~[spring-beans-6.1.2.jar:6.1.2]
	at org.springframework.beans.factory.support.AbstractBeanFactory.doGetBean(AbstractBeanFactory.java:323) ~[spring-beans-6.1.2.jar:6.1.2]
	at org.springframework.beans.factory.support.AbstractBeanFactory.getBean(AbstractBeanFactory.java:199) ~[spring-beans-6.1.2.jar:6.1.2]
	at org.springframework.beans.factory.support.DefaultListableBeanFactory.preInstantiateSingletons(DefaultListableBeanFactory.java:975) ~[spring-beans-6.1.2.jar:6.1.2]
	at org.springframework.context.support.AbstractApplicationContext.finishBeanFactoryInitialization(AbstractApplicationContext.java:960) ~[spring-context-6.1.2.jar:6.1.2]
	at org.springframework.context.support.AbstractApplicationContext.refresh(AbstractApplicationContext.java:625) ~[spring-context-6.1.2.jar:6.1.2]
	at org.springframework.boot.SpringApplication.refresh(SpringApplication.java:762) ~[spring-boot-3.2.1.jar:3.2.1]
	at org.springframework.boot.SpringApplication.refreshContext(SpringApplication.java:464) ~[spring-boot-3.2.1.jar:3.2.1]
	at org.springframework.boot.SpringApplication.run(SpringApplication.java:334) ~[spring-boot-3.2.1.jar:3.2.1]
	at org.springframework.boot.test.context.SpringBootContextLoader.lambda$loadContext$3(SpringBootContextLoader.java:137) ~[spring-boot-test-3.2.1.jar:3.2.1]
	at org.springframework.util.function.ThrowingSupplier.get(ThrowingSupplier.java:58) ~[spring-core-6.1.2.jar:6.1.2]
	at org.springframework.util.function.ThrowingSupplier.get(ThrowingSupplier.java:46) ~[spring-core-6.1.2.jar:6.1.2]
	at org.springframework.boot.SpringApplication.withHook(SpringApplication.java:1458) ~[spring-boot-3.2.1.jar:3.2.1]
	at org.springframework.boot.test.context.SpringBootContextLoader$ContextLoaderHook.run(SpringBootContextLoader.java:552) ~[spring-boot-test-3.2.1.jar:3.2.1]
	at org.springframework.boot.test.context.SpringBootContextLoader.loadContext(SpringBootContextLoader.java:137) ~[spring-boot-test-3.2.1.jar:3.2.1]
	at org.springframework.boot.test.context.SpringBootContextLoader.loadContext(SpringBootContextLoader.java:108) ~[spring-boot-test-3.2.1.jar:3.2.1]
	at org.springframework.test.context.cache.DefaultCacheAwareContextLoaderDelegate.loadContextInternal(DefaultCacheAwareContextLoaderDelegate.java:225) ~[spring-test-6.1.2.jar:6.1.2]
	at org.springframework.test.context.cache.DefaultCacheAwareContextLoaderDelegate.loadContext(DefaultCacheAwareContextLoaderDelegate.java:152) ~[spring-test-6.1.2.jar:6.1.2]
	at org.springframework.test.context.support.DefaultTestContext.getApplicationContext(DefaultTestContext.java:130) ~[spring-test-6.1.2.jar:6.1.2]
	at org.springframework.test.context.web.ServletTestExecutionListener.setUpRequestContextIfNecessary(ServletTestExecutionListener.java:191) ~[spring-test-6.1.2.jar:6.1.2]
	at org.springframework.test.context.web.ServletTestExecutionListener.prepareTestInstance(ServletTestExecutionListener.java:130) ~[spring-test-6.1.2.jar:6.1.2]
	at org.springframework.test.context.TestContextManager.prepareTestInstance(TestContextManager.java:260) ~[spring-test-6.1.2.jar:6.1.2]
	at org.springframework.test.context.junit.jupiter.SpringExtension.postProcessTestInstance(SpringExtension.java:163) ~[spring-test-6.1.2.jar:6.1.2]
	at org.junit.jupiter.engine.descriptor.ClassBasedTestDescriptor.lambda$invokeTestInstancePostProcessors$10(ClassBasedTestDescriptor.java:378) ~[junit-jupiter-engine-5.10.1.jar:5.10.1]
	at org.junit.jupiter.engine.descriptor.ClassBasedTestDescriptor.executeAndMaskThrowable(ClassBasedTestDescriptor.java:383) ~[junit-jupiter-engine-5.10.1.jar:5.10.1]
	at org.junit.jupiter.engine.descriptor.ClassBasedTestDescriptor.lambda$invokeTestInstancePostProcessors$11(ClassBasedTestDescriptor.java:378) ~[junit-jupiter-engine-5.10.1.jar:5.10.1]
	at java.base/java.util.stream.ReferencePipeline$3$1.accept(ReferencePipeline.java:197) ~[na:na]
	at java.base/java.util.stream.ReferencePipeline$2$1.accept(ReferencePipeline.java:179) ~[na:na]
	at java.base/java.util.ArrayList$ArrayListSpliterator.forEachRemaining(ArrayList.java:1708) ~[na:na]
	at java.base/java.util.stream.AbstractPipeline.copyInto(AbstractPipeline.java:509) ~[na:na]
	at java.base/java.util.stream.AbstractPipeline.wrapAndCopyInto(AbstractPipeline.java:499) ~[na:na]
	at java.base/java.util.stream.StreamSpliterators$WrappingSpliterator.forEachRemaining(StreamSpliterators.java:310) ~[na:na]
	at java.base/java.util.stream.Streams$ConcatSpliterator.forEachRemaining(Streams.java:735) ~[na:na]
	at java.base/java.util.stream.Streams$ConcatSpliterator.forEachRemaining(Streams.java:734) ~[na:na]
	at java.base/java.util.stream.ReferencePipeline$Head.forEach(ReferencePipeline.java:762) ~[na:na]
	at org.junit.jupiter.engine.descriptor.ClassBasedTestDescriptor.invokeTestInstancePostProcessors(ClassBasedTestDescriptor.java:377) ~[junit-jupiter-engine-5.10.1.jar:5.10.1]
	at org.junit.jupiter.engine.descriptor.ClassBasedTestDescriptor.lambda$instantiateAndPostProcessTestInstance$6(ClassBasedTestDescriptor.java:290) ~[junit-jupiter-engine-5.10.1.jar:5.10.1]
	at org.junit.platform.engine.support.hierarchical.ThrowableCollector.execute(ThrowableCollector.java:73) ~[junit-platform-engine-1.10.1.jar:1.10.1]
	at org.junit.jupiter.engine.descriptor.ClassBasedTestDescriptor.instantiateAndPostProcessTestInstance(ClassBasedTestDescriptor.java:289) ~[junit-jupiter-engine-5.10.1.jar:5.10.1]
	at org.junit.jupiter.engine.descriptor.ClassBasedTestDescriptor.lambda$testInstancesProvider$4(ClassBasedTestDescriptor.java:279) ~[junit-jupiter-engine-5.10.1.jar:5.10.1]
	at java.base/java.util.Optional.orElseGet(Optional.java:364) ~[na:na]
	at org.junit.jupiter.engine.descriptor.ClassBasedTestDescriptor.lambda$testInstancesProvider$5(ClassBasedTestDescriptor.java:278) ~[junit-jupiter-engine-5.10.1.jar:5.10.1]
	at org.junit.jupiter.engine.execution.TestInstancesProvider.getTestInstances(TestInstancesProvider.java:31) ~[junit-jupiter-engine-5.10.1.jar:5.10.1]
	at org.junit.jupiter.engine.descriptor.TestMethodTestDescriptor.lambda$prepare$0(TestMethodTestDescriptor.java:106) ~[junit-jupiter-engine-5.10.1.jar:5.10.1]
	at org.junit.platform.engine.support.hierarchical.ThrowableCollector.execute(ThrowableCollector.java:73) ~[junit-platform-engine-1.10.1.jar:1.10.1]
	at org.junit.jupiter.engine.descriptor.TestMethodTestDescriptor.prepare(TestMethodTestDescriptor.java:105) ~[junit-jupiter-engine-5.10.1.jar:5.10.1]
	at org.junit.jupiter.engine.descriptor.TestMethodTestDescriptor.prepare(TestMethodTestDescriptor.java:69) ~[junit-jupiter-engine-5.10.1.jar:5.10.1]
	at org.junit.platform.engine.support.hierarchical.NodeTestTask.lambda$prepare$2(NodeTestTask.java:123) ~[junit-platform-engine-1.10.1.jar:1.10.1]
	at org.junit.platform.engine.support.hierarchical.ThrowableCollector.execute(ThrowableCollector.java:73) ~[junit-platform-engine-1.10.1.jar:1.10.1]
	at org.junit.platform.engine.support.hierarchical.NodeTestTask.prepare(NodeTestTask.java:123) ~[junit-platform-engine-1.10.1.jar:1.10.1]
	at org.junit.platform.engine.support.hierarchical.NodeTestTask.execute(NodeTestTask.java:90) ~[junit-platform-engine-1.10.1.jar:1.10.1]
	at java.base/java.util.ArrayList.forEach(ArrayList.java:1596) ~[na:na]
	at org.junit.platform.engine.support.hierarchical.SameThreadHierarchicalTestExecutorService.invokeAll(SameThreadHierarchicalTestExecutorService.java:41) ~[junit-platform-engine-1.10.1.jar:1.10.1]
	at org.junit.platform.engine.support.hierarchical.NodeTestTask.lambda$executeRecursively$6(NodeTestTask.java:155) ~[junit-platform-engine-1.10.1.jar:1.10.1]
	at org.junit.platform.engine.support.hierarchical.ThrowableCollector.execute(ThrowableCollector.java:73) ~[junit-platform-engine-1.10.1.jar:1.10.1]
	at org.junit.platform.engine.support.hierarchical.NodeTestTask.lambda$executeRecursively$8(NodeTestTask.java:141) ~[junit-platform-engine-1.10.1.jar:1.10.1]
	at org.junit.platform.engine.support.hierarchical.Node.around(Node.java:137) ~[junit-platform-engine-1.10.1.jar:1.10.1]
	at org.junit.platform.engine.support.hierarchical.NodeTestTask.lambda$executeRecursively$9(NodeTestTask.java:139) ~[junit-platform-engine-1.10.1.jar:1.10.1]
	at org.junit.platform.engine.support.hierarchical.ThrowableCollector.execute(ThrowableCollector.java:73) ~[junit-platform-engine-1.10.1.jar:1.10.1]
	at org.junit.platform.engine.support.hierarchical.NodeTestTask.executeRecursively(NodeTestTask.java:138) ~[junit-platform-engine-1.10.1.jar:1.10.1]
	at org.junit.platform.engine.support.hierarchical.NodeTestTask.execute(NodeTestTask.java:95) ~[junit-platform-engine-1.10.1.jar:1.10.1]
	at java.base/java.util.ArrayList.forEach(ArrayList.java:1596) ~[na:na]
	at org.junit.platform.engine.support.hierarchical.SameThreadHierarchicalTestExecutorService.invokeAll(SameThreadHierarchicalTestExecutorService.java:41) ~[junit-platform-engine-1.10.1.jar:1.10.1]
	at org.junit.platform.engine.support.hierarchical.NodeTestTask.lambda$executeRecursively$6(NodeTestTask.java:155) ~[junit-platform-engine-1.10.1.jar:1.10.1]
	at org.junit.platform.engine.support.hierarchical.ThrowableCollector.execute(ThrowableCollector.java:73) ~[junit-platform-engine-1.10.1.jar:1.10.1]
	at org.junit.platform.engine.support.hierarchical.NodeTestTask.lambda$executeRecursively$8(NodeTestTask.java:141) ~[junit-platform-engine-1.10.1.jar:1.10.1]
	at org.junit.platform.engine.support.hierarchical.Node.around(Node.java:137) ~[junit-platform-engine-1.10.1.jar:1.10.1]
	at org.junit.platform.engine.support.hierarchical.NodeTestTask.lambda$executeRecursively$9(NodeTestTask.java:139) ~[junit-platform-engine-1.10.1.jar:1.10.1]
	at org.junit.platform.engine.support.hierarchical.ThrowableCollector.execute(ThrowableCollector.java:73) ~[junit-platform-engine-1.10.1.jar:1.10.1]
	at org.junit.platform.engine.support.hierarchical.NodeTestTask.executeRecursively(NodeTestTask.java:138) ~[junit-platform-engine-1.10.1.jar:1.10.1]
	at org.junit.platform.engine.support.hierarchical.NodeTestTask.execute(NodeTestTask.java:95) ~[junit-platform-engine-1.10.1.jar:1.10.1]
	at org.junit.platform.engine.support.hierarchical.SameThreadHierarchicalTestExecutorService.submit(SameThreadHierarchicalTestExecutorService.java:35) ~[junit-platform-engine-1.10.1.jar:1.10.1]
	at org.junit.platform.engine.support.hierarchical.HierarchicalTestExecutor.execute(HierarchicalTestExecutor.java:57) ~[junit-platform-engine-1.10.1.jar:1.10.1]
	at org.junit.platform.engine.support.hierarchical.HierarchicalTestEngine.execute(HierarchicalTestEngine.java:54) ~[junit-platform-engine-1.10.1.jar:1.10.1]
	at org.junit.platform.launcher.core.EngineExecutionOrchestrator.execute(EngineExecutionOrchestrator.java:198) ~[junit-platform-launcher-1.10.1.jar:1.10.1]
	at org.junit.platform.launcher.core.EngineExecutionOrchestrator.execute(EngineExecutionOrchestrator.java:169) ~[junit-platform-launcher-1.10.1.jar:1.10.1]
	at org.junit.platform.launcher.core.EngineExecutionOrchestrator.execute(EngineExecutionOrchestrator.java:93) ~[junit-platform-launcher-1.10.1.jar:1.10.1]
	at org.junit.platform.launcher.core.EngineExecutionOrchestrator.lambda$execute$0(EngineExecutionOrchestrator.java:58) ~[junit-platform-launcher-1.10.1.jar:1.10.1]
	at org.junit.platform.launcher.core.EngineExecutionOrchestrator.withInterceptedStreams(EngineExecutionOrchestrator.java:141) ~[junit-platform-launcher-1.10.1.jar:1.10.1]
	at org.junit.platform.launcher.core.EngineExecutionOrchestrator.execute(EngineExecutionOrchestrator.java:57) ~[junit-platform-launcher-1.10.1.jar:1.10.1]
	at org.junit.platform.launcher.core.DefaultLauncher.execute(DefaultLauncher.java:103) ~[junit-platform-launcher-1.10.1.jar:1.10.1]
	at org.junit.platform.launcher.core.DefaultLauncher.execute(DefaultLauncher.java:85) ~[junit-platform-launcher-1.10.1.jar:1.10.1]
	at org.junit.platform.launcher.core.DelegatingLauncher.execute(DelegatingLauncher.java:47) ~[junit-platform-launcher-1.10.1.jar:1.10.1]
	at org.apache.maven.surefire.junitplatform.LazyLauncher.execute(LazyLauncher.java:56) ~[surefire-junit-platform-3.1.2.jar:3.1.2]
	at org.apache.maven.surefire.junitplatform.JUnitPlatformProvider.execute(JUnitPlatformProvider.java:184) ~[surefire-junit-platform-3.1.2.jar:3.1.2]
	at org.apache.maven.surefire.junitplatform.JUnitPlatformProvider.invokeAllTests(JUnitPlatformProvider.java:148) ~[surefire-junit-platform-3.1.2.jar:3.1.2]
	at org.apache.maven.surefire.junitplatform.JUnitPlatformProvider.invoke(JUnitPlatformProvider.java:122) ~[surefire-junit-platform-3.1.2.jar:3.1.2]
	at org.apache.maven.surefire.booter.ForkedBooter.runSuitesInProcess(ForkedBooter.java:385) ~[surefire-booter-3.1.2.jar:3.1.2]
	at org.apache.maven.surefire.booter.ForkedBooter.execute(ForkedBooter.java:162) ~[surefire-booter-3.1.2.jar:3.1.2]
	at org.apache.maven.surefire.booter.ForkedBooter.run(ForkedBooter.java:507) ~[surefire-booter-3.1.2.jar:3.1.2]
	at org.apache.maven.surefire.booter.ForkedBooter.main(ForkedBooter.java:495) ~[surefire-booter-3.1.2.jar:3.1.2]

2025-01-09T08:37:05.820-06:00 DEBUG 20036 --- [           main] o.s.d.jpa.repository.query.NamedQuery    : Did not find named query User.findByStatus
2025-01-09T08:37:05.820-06:00 DEBUG 20036 --- [           main] tor$SharedEntityManagerInvocationHandler : Creating new EntityManager for shared EntityManager invocation
2025-01-09T08:37:05.820-06:00 DEBUG 20036 --- [           main] o.s.d.r.c.s.RepositoryFactorySupport     : Finished creation of repository instance for com.chatgenius.repository.UserRepository.
2025-01-09T08:37:05.821-06:00 DEBUG 20036 --- [           main] o.s.b.f.s.DefaultListableBeanFactory     : Creating shared instance of singleton bean 'testPasswordEncoder'
2025-01-09T08:37:05.821-06:00 DEBUG 20036 --- [           main] o.s.b.f.s.DefaultListableBeanFactory     : Autowiring by type from bean name 'userServiceImpl' via constructor to bean named 'userRepository'
2025-01-09T08:37:05.821-06:00 DEBUG 20036 --- [           main] o.s.b.f.s.DefaultListableBeanFactory     : Autowiring by type from bean name 'userServiceImpl' via constructor to bean named 'testPasswordEncoder'
2025-01-09T08:37:05.828-06:00 DEBUG 20036 --- [           main] o.s.b.f.s.DefaultListableBeanFactory     : Creating shared instance of singleton bean 'jwtUtil'
2025-01-09T08:37:05.828-06:00 DEBUG 20036 --- [           main] o.s.c.e.PropertySourcesPropertyResolver  : Found key 'jwt.secret' in PropertySource 'environmentProperties' with value of type String
2025-01-09T08:37:05.829-06:00 DEBUG 20036 --- [           main] o.s.c.e.PropertySourcesPropertyResolver  : Found key 'jwt.expiration' in PropertySource 'environmentProperties' with value of type String
2025-01-09T08:37:05.829-06:00 DEBUG 20036 --- [           main] o.s.c.e.PropertySourcesPropertyResolver  : Found key 'jwt.refresh-expiration' in PropertySource 'environmentProperties' with value of type String
2025-01-09T08:37:05.829-06:00 DEBUG 20036 --- [           main] o.s.b.f.s.DefaultListableBeanFactory     : Autowiring by type from bean name 'authServiceImpl' via constructor to bean named 'testAuthenticationManager'
2025-01-09T08:37:05.829-06:00 DEBUG 20036 --- [           main] o.s.b.f.s.DefaultListableBeanFactory     : Autowiring by type from bean name 'authServiceImpl' via constructor to bean named 'userServiceImpl'
2025-01-09T08:37:05.829-06:00 DEBUG 20036 --- [           main] o.s.b.f.s.DefaultListableBeanFactory     : Autowiring by type from bean name 'authServiceImpl' via constructor to bean named 'jwtUtil'
2025-01-09T08:37:05.829-06:00 DEBUG 20036 --- [           main] o.s.b.f.s.DefaultListableBeanFactory     : Autowiring by type from bean name 'authServiceImpl' via constructor to bean named 'testPasswordEncoder'
2025-01-09T08:37:05.829-06:00 DEBUG 20036 --- [           main] o.s.b.f.s.DefaultListableBeanFactory     : Autowiring by type from bean name 'authController' via constructor to bean named 'authServiceImpl'
2025-01-09T08:37:05.829-06:00 DEBUG 20036 --- [           main] o.s.b.f.s.DefaultListableBeanFactory     : Creating shared instance of singleton bean 'channelController'
2025-01-09T08:37:05.830-06:00 DEBUG 20036 --- [           main] o.s.b.f.s.DefaultListableBeanFactory     : Creating shared instance of singleton bean 'channelServiceImpl'
2025-01-09T08:37:05.830-06:00 DEBUG 20036 --- [           main] o.s.b.f.s.DefaultListableBeanFactory     : Creating shared instance of singleton bean 'channelRepository'
2025-01-09T08:37:05.830-06:00 DEBUG 20036 --- [           main] o.s.b.f.s.DefaultListableBeanFactory     : Creating shared instance of singleton bean 'jpa.named-queries#1'
2025-01-09T08:37:05.830-06:00 DEBUG 20036 --- [           main] o.s.b.f.s.DefaultListableBeanFactory     : Creating shared instance of singleton bean 'jpa.ChannelRepository.fragments#0'
2025-01-09T08:37:05.830-06:00 DEBUG 20036 --- [           main] tor$SharedEntityManagerInvocationHandler : Creating new EntityManager for shared EntityManager invocation
2025-01-09T08:37:05.832-06:00 DEBUG 20036 --- [           main] o.s.d.r.c.s.RepositoryFactorySupport     : Initializing repository instance for com.chatgenius.repository.ChannelRepository…
2025-01-09T08:37:05.832-06:00 DEBUG 20036 --- [           main] tor$SharedEntityManagerInvocationHandler : Creating new EntityManager for shared EntityManager invocation
2025-01-09T08:37:05.834-06:00 DEBUG 20036 --- [           main] o.s.d.jpa.repository.query.NamedQuery    : Looking up named query Channel.findByType
2025-01-09T08:37:05.835-06:00 DEBUG 20036 --- [           main] cResourceLocalTransactionCoordinatorImpl : JDBC transaction marked for rollback-only (exception provided for stack trace)

java.lang.Exception: exception just for purpose of providing stack trace
	at org.hibernate.resource.transaction.backend.jdbc.internal.JdbcResourceLocalTransactionCoordinatorImpl$TransactionDriverControlImpl.markRollbackOnly(JdbcResourceLocalTransactionCoordinatorImpl.java:310) ~[hibernate-core-6.4.1.Final.jar:6.4.1.Final]
	at org.hibernate.internal.AbstractSharedSessionContract.buildNamedQuery(AbstractSharedSessionContract.java:1076) ~[hibernate-core-6.4.1.Final.jar:6.4.1.Final]
	at org.hibernate.internal.AbstractSharedSessionContract.createNamedQuery(AbstractSharedSessionContract.java:954) ~[hibernate-core-6.4.1.Final.jar:6.4.1.Final]
	at org.hibernate.internal.AbstractSharedSessionContract.createNamedQuery(AbstractSharedSessionContract.java:133) ~[hibernate-core-6.4.1.Final.jar:6.4.1.Final]
	at java.base/jdk.internal.reflect.DirectMethodHandleAccessor.invoke(DirectMethodHandleAccessor.java:103) ~[na:na]
	at java.base/java.lang.reflect.Method.invoke(Method.java:580) ~[na:na]
	at org.springframework.orm.jpa.ExtendedEntityManagerCreator$ExtendedEntityManagerInvocationHandler.invoke(ExtendedEntityManagerCreator.java:364) ~[spring-orm-6.1.2.jar:6.1.2]
	at jdk.proxy2/jdk.proxy2.$Proxy186.createNamedQuery(Unknown Source) ~[na:na]
	at org.springframework.data.jpa.repository.query.NamedQuery.hasNamedQuery(NamedQuery.java:113) ~[spring-data-jpa-3.2.1.jar:3.2.1]
	at org.springframework.data.jpa.repository.query.NamedQuery.lookupFrom(NamedQuery.java:141) ~[spring-data-jpa-3.2.1.jar:3.2.1]
	at org.springframework.data.jpa.repository.query.JpaQueryLookupStrategy$DeclaredQueryLookupStrategy.resolveQuery(JpaQueryLookupStrategy.java:180) ~[spring-data-jpa-3.2.1.jar:3.2.1]
	at org.springframework.data.jpa.repository.query.JpaQueryLookupStrategy$CreateIfNotFoundQueryLookupStrategy.resolveQuery(JpaQueryLookupStrategy.java:252) ~[spring-data-jpa-3.2.1.jar:3.2.1]
	at org.springframework.data.jpa.repository.query.JpaQueryLookupStrategy$AbstractQueryLookupStrategy.resolveQuery(JpaQueryLookupStrategy.java:95) ~[spring-data-jpa-3.2.1.jar:3.2.1]
	at org.springframework.data.repository.core.support.QueryExecutorMethodInterceptor.lookupQuery(QueryExecutorMethodInterceptor.java:111) ~[spring-data-commons-3.2.1.jar:3.2.1]
	at org.springframework.data.repository.core.support.QueryExecutorMethodInterceptor.mapMethodsToQuery(QueryExecutorMethodInterceptor.java:99) ~[spring-data-commons-3.2.1.jar:3.2.1]
	at org.springframework.data.repository.core.support.QueryExecutorMethodInterceptor.lambda$new$0(QueryExecutorMethodInterceptor.java:88) ~[spring-data-commons-3.2.1.jar:3.2.1]
	at java.base/java.util.Optional.map(Optional.java:260) ~[na:na]
	at org.springframework.data.repository.core.support.QueryExecutorMethodInterceptor.<init>(QueryExecutorMethodInterceptor.java:88) ~[spring-data-commons-3.2.1.jar:3.2.1]
	at org.springframework.data.repository.core.support.RepositoryFactorySupport.getRepository(RepositoryFactorySupport.java:357) ~[spring-data-commons-3.2.1.jar:3.2.1]
	at org.springframework.data.repository.core.support.RepositoryFactoryBeanSupport.lambda$afterPropertiesSet$5(RepositoryFactoryBeanSupport.java:279) ~[spring-data-commons-3.2.1.jar:3.2.1]
	at org.springframework.data.util.Lazy.getNullable(Lazy.java:135) ~[spring-data-commons-3.2.1.jar:3.2.1]
	at org.springframework.data.util.Lazy.get(Lazy.java:113) ~[spring-data-commons-3.2.1.jar:3.2.1]
	at org.springframework.data.repository.core.support.RepositoryFactoryBeanSupport.afterPropertiesSet(RepositoryFactoryBeanSupport.java:285) ~[spring-data-commons-3.2.1.jar:3.2.1]
	at org.springframework.data.jpa.repository.support.JpaRepositoryFactoryBean.afterPropertiesSet(JpaRepositoryFactoryBean.java:132) ~[spring-data-jpa-3.2.1.jar:3.2.1]
	at org.springframework.beans.factory.support.AbstractAutowireCapableBeanFactory.invokeInitMethods(AbstractAutowireCapableBeanFactory.java:1820) ~[spring-beans-6.1.2.jar:6.1.2]
	at org.springframework.beans.factory.support.AbstractAutowireCapableBeanFactory.initializeBean(AbstractAutowireCapableBeanFactory.java:1769) ~[spring-beans-6.1.2.jar:6.1.2]
	at org.springframework.beans.factory.support.AbstractAutowireCapableBeanFactory.doCreateBean(AbstractAutowireCapableBeanFactory.java:599) ~[spring-beans-6.1.2.jar:6.1.2]
	at org.springframework.beans.factory.support.AbstractAutowireCapableBeanFactory.createBean(AbstractAutowireCapableBeanFactory.java:521) ~[spring-beans-6.1.2.jar:6.1.2]
	at org.springframework.beans.factory.support.AbstractBeanFactory.lambda$doGetBean$0(AbstractBeanFactory.java:325) ~[spring-beans-6.1.2.jar:6.1.2]
	at org.springframework.beans.factory.support.DefaultSingletonBeanRegistry.getSingleton(DefaultSingletonBeanRegistry.java:234) ~[spring-beans-6.1.2.jar:6.1.2]
	at org.springframework.beans.factory.support.AbstractBeanFactory.doGetBean(AbstractBeanFactory.java:323) ~[spring-beans-6.1.2.jar:6.1.2]
	at org.springframework.beans.factory.support.AbstractBeanFactory.getBean(AbstractBeanFactory.java:199) ~[spring-beans-6.1.2.jar:6.1.2]
	at org.springframework.beans.factory.config.DependencyDescriptor.resolveCandidate(DependencyDescriptor.java:254) ~[spring-beans-6.1.2.jar:6.1.2]
	at org.springframework.beans.factory.support.DefaultListableBeanFactory.doResolveDependency(DefaultListableBeanFactory.java:1443) ~[spring-beans-6.1.2.jar:6.1.2]
	at org.springframework.beans.factory.support.DefaultListableBeanFactory.resolveDependency(DefaultListableBeanFactory.java:1353) ~[spring-beans-6.1.2.jar:6.1.2]
	at org.springframework.beans.factory.support.ConstructorResolver.resolveAutowiredArgument(ConstructorResolver.java:911) ~[spring-beans-6.1.2.jar:6.1.2]
	at org.springframework.beans.factory.support.ConstructorResolver.createArgumentArray(ConstructorResolver.java:789) ~[spring-beans-6.1.2.jar:6.1.2]
	at org.springframework.beans.factory.support.ConstructorResolver.autowireConstructor(ConstructorResolver.java:241) ~[spring-beans-6.1.2.jar:6.1.2]
	at org.springframework.beans.factory.support.AbstractAutowireCapableBeanFactory.autowireConstructor(AbstractAutowireCapableBeanFactory.java:1354) ~[spring-beans-6.1.2.jar:6.1.2]
	at org.springframework.beans.factory.support.AbstractAutowireCapableBeanFactory.createBeanInstance(AbstractAutowireCapableBeanFactory.java:1191) ~[spring-beans-6.1.2.jar:6.1.2]
	at org.springframework.beans.factory.support.AbstractAutowireCapableBeanFactory.doCreateBean(AbstractAutowireCapableBeanFactory.java:561) ~[spring-beans-6.1.2.jar:6.1.2]
	at org.springframework.beans.factory.support.AbstractAutowireCapableBeanFactory.createBean(AbstractAutowireCapableBeanFactory.java:521) ~[spring-beans-6.1.2.jar:6.1.2]
	at org.springframework.beans.factory.support.AbstractBeanFactory.lambda$doGetBean$0(AbstractBeanFactory.java:325) ~[spring-beans-6.1.2.jar:6.1.2]
	at org.springframework.beans.factory.support.DefaultSingletonBeanRegistry.getSingleton(DefaultSingletonBeanRegistry.java:234) ~[spring-beans-6.1.2.jar:6.1.2]
	at org.springframework.beans.factory.support.AbstractBeanFactory.doGetBean(AbstractBeanFactory.java:323) ~[spring-beans-6.1.2.jar:6.1.2]
	at org.springframework.beans.factory.support.AbstractBeanFactory.getBean(AbstractBeanFactory.java:199) ~[spring-beans-6.1.2.jar:6.1.2]
	at org.springframework.beans.factory.config.DependencyDescriptor.resolveCandidate(DependencyDescriptor.java:254) ~[spring-beans-6.1.2.jar:6.1.2]
	at org.springframework.beans.factory.support.DefaultListableBeanFactory.doResolveDependency(DefaultListableBeanFactory.java:1443) ~[spring-beans-6.1.2.jar:6.1.2]
	at org.springframework.beans.factory.support.DefaultListableBeanFactory.resolveDependency(DefaultListableBeanFactory.java:1353) ~[spring-beans-6.1.2.jar:6.1.2]
	at org.springframework.beans.factory.support.ConstructorResolver.resolveAutowiredArgument(ConstructorResolver.java:911) ~[spring-beans-6.1.2.jar:6.1.2]
	at org.springframework.beans.factory.support.ConstructorResolver.createArgumentArray(ConstructorResolver.java:789) ~[spring-beans-6.1.2.jar:6.1.2]
	at org.springframework.beans.factory.support.ConstructorResolver.autowireConstructor(ConstructorResolver.java:241) ~[spring-beans-6.1.2.jar:6.1.2]
	at org.springframework.beans.factory.support.AbstractAutowireCapableBeanFactory.autowireConstructor(AbstractAutowireCapableBeanFactory.java:1354) ~[spring-beans-6.1.2.jar:6.1.2]
	at org.springframework.beans.factory.support.AbstractAutowireCapableBeanFactory.createBeanInstance(AbstractAutowireCapableBeanFactory.java:1191) ~[spring-beans-6.1.2.jar:6.1.2]
	at org.springframework.beans.factory.support.AbstractAutowireCapableBeanFactory.doCreateBean(AbstractAutowireCapableBeanFactory.java:561) ~[spring-beans-6.1.2.jar:6.1.2]
	at org.springframework.beans.factory.support.AbstractAutowireCapableBeanFactory.createBean(AbstractAutowireCapableBeanFactory.java:521) ~[spring-beans-6.1.2.jar:6.1.2]
	at org.springframework.beans.factory.support.AbstractBeanFactory.lambda$doGetBean$0(AbstractBeanFactory.java:325) ~[spring-beans-6.1.2.jar:6.1.2]
	at org.springframework.beans.factory.support.DefaultSingletonBeanRegistry.getSingleton(DefaultSingletonBeanRegistry.java:234) ~[spring-beans-6.1.2.jar:6.1.2]
	at org.springframework.beans.factory.support.AbstractBeanFactory.doGetBean(AbstractBeanFactory.java:323) ~[spring-beans-6.1.2.jar:6.1.2]
	at org.springframework.beans.factory.support.AbstractBeanFactory.getBean(AbstractBeanFactory.java:199) ~[spring-beans-6.1.2.jar:6.1.2]
	at org.springframework.beans.factory.support.DefaultListableBeanFactory.preInstantiateSingletons(DefaultListableBeanFactory.java:975) ~[spring-beans-6.1.2.jar:6.1.2]
	at org.springframework.context.support.AbstractApplicationContext.finishBeanFactoryInitialization(AbstractApplicationContext.java:960) ~[spring-context-6.1.2.jar:6.1.2]
	at org.springframework.context.support.AbstractApplicationContext.refresh(AbstractApplicationContext.java:625) ~[spring-context-6.1.2.jar:6.1.2]
	at org.springframework.boot.SpringApplication.refresh(SpringApplication.java:762) ~[spring-boot-3.2.1.jar:3.2.1]
	at org.springframework.boot.SpringApplication.refreshContext(SpringApplication.java:464) ~[spring-boot-3.2.1.jar:3.2.1]
	at org.springframework.boot.SpringApplication.run(SpringApplication.java:334) ~[spring-boot-3.2.1.jar:3.2.1]
	at org.springframework.boot.test.context.SpringBootContextLoader.lambda$loadContext$3(SpringBootContextLoader.java:137) ~[spring-boot-test-3.2.1.jar:3.2.1]
	at org.springframework.util.function.ThrowingSupplier.get(ThrowingSupplier.java:58) ~[spring-core-6.1.2.jar:6.1.2]
	at org.springframework.util.function.ThrowingSupplier.get(ThrowingSupplier.java:46) ~[spring-core-6.1.2.jar:6.1.2]
	at org.springframework.boot.SpringApplication.withHook(SpringApplication.java:1458) ~[spring-boot-3.2.1.jar:3.2.1]
	at org.springframework.boot.test.context.SpringBootContextLoader$ContextLoaderHook.run(SpringBootContextLoader.java:552) ~[spring-boot-test-3.2.1.jar:3.2.1]
	at org.springframework.boot.test.context.SpringBootContextLoader.loadContext(SpringBootContextLoader.java:137) ~[spring-boot-test-3.2.1.jar:3.2.1]
	at org.springframework.boot.test.context.SpringBootContextLoader.loadContext(SpringBootContextLoader.java:108) ~[spring-boot-test-3.2.1.jar:3.2.1]
	at org.springframework.test.context.cache.DefaultCacheAwareContextLoaderDelegate.loadContextInternal(DefaultCacheAwareContextLoaderDelegate.java:225) ~[spring-test-6.1.2.jar:6.1.2]
	at org.springframework.test.context.cache.DefaultCacheAwareContextLoaderDelegate.loadContext(DefaultCacheAwareContextLoaderDelegate.java:152) ~[spring-test-6.1.2.jar:6.1.2]
	at org.springframework.test.context.support.DefaultTestContext.getApplicationContext(DefaultTestContext.java:130) ~[spring-test-6.1.2.jar:6.1.2]
	at org.springframework.test.context.web.ServletTestExecutionListener.setUpRequestContextIfNecessary(ServletTestExecutionListener.java:191) ~[spring-test-6.1.2.jar:6.1.2]
	at org.springframework.test.context.web.ServletTestExecutionListener.prepareTestInstance(ServletTestExecutionListener.java:130) ~[spring-test-6.1.2.jar:6.1.2]
	at org.springframework.test.context.TestContextManager.prepareTestInstance(TestContextManager.java:260) ~[spring-test-6.1.2.jar:6.1.2]
	at org.springframework.test.context.junit.jupiter.SpringExtension.postProcessTestInstance(SpringExtension.java:163) ~[spring-test-6.1.2.jar:6.1.2]
	at org.junit.jupiter.engine.descriptor.ClassBasedTestDescriptor.lambda$invokeTestInstancePostProcessors$10(ClassBasedTestDescriptor.java:378) ~[junit-jupiter-engine-5.10.1.jar:5.10.1]
	at org.junit.jupiter.engine.descriptor.ClassBasedTestDescriptor.executeAndMaskThrowable(ClassBasedTestDescriptor.java:383) ~[junit-jupiter-engine-5.10.1.jar:5.10.1]
	at org.junit.jupiter.engine.descriptor.ClassBasedTestDescriptor.lambda$invokeTestInstancePostProcessors$11(ClassBasedTestDescriptor.java:378) ~[junit-jupiter-engine-5.10.1.jar:5.10.1]
	at java.base/java.util.stream.ReferencePipeline$3$1.accept(ReferencePipeline.java:197) ~[na:na]
	at java.base/java.util.stream.ReferencePipeline$2$1.accept(ReferencePipeline.java:179) ~[na:na]
	at java.base/java.util.ArrayList$ArrayListSpliterator.forEachRemaining(ArrayList.java:1708) ~[na:na]
	at java.base/java.util.stream.AbstractPipeline.copyInto(AbstractPipeline.java:509) ~[na:na]
	at java.base/java.util.stream.AbstractPipeline.wrapAndCopyInto(AbstractPipeline.java:499) ~[na:na]
	at java.base/java.util.stream.StreamSpliterators$WrappingSpliterator.forEachRemaining(StreamSpliterators.java:310) ~[na:na]
	at java.base/java.util.stream.Streams$ConcatSpliterator.forEachRemaining(Streams.java:735) ~[na:na]
	at java.base/java.util.stream.Streams$ConcatSpliterator.forEachRemaining(Streams.java:734) ~[na:na]
	at java.base/java.util.stream.ReferencePipeline$Head.forEach(ReferencePipeline.java:762) ~[na:na]
	at org.junit.jupiter.engine.descriptor.ClassBasedTestDescriptor.invokeTestInstancePostProcessors(ClassBasedTestDescriptor.java:377) ~[junit-jupiter-engine-5.10.1.jar:5.10.1]
	at org.junit.jupiter.engine.descriptor.ClassBasedTestDescriptor.lambda$instantiateAndPostProcessTestInstance$6(ClassBasedTestDescriptor.java:290) ~[junit-jupiter-engine-5.10.1.jar:5.10.1]
	at org.junit.platform.engine.support.hierarchical.ThrowableCollector.execute(ThrowableCollector.java:73) ~[junit-platform-engine-1.10.1.jar:1.10.1]
	at org.junit.jupiter.engine.descriptor.ClassBasedTestDescriptor.instantiateAndPostProcessTestInstance(ClassBasedTestDescriptor.java:289) ~[junit-jupiter-engine-5.10.1.jar:5.10.1]
	at org.junit.jupiter.engine.descriptor.ClassBasedTestDescriptor.lambda$testInstancesProvider$4(ClassBasedTestDescriptor.java:279) ~[junit-jupiter-engine-5.10.1.jar:5.10.1]
	at java.base/java.util.Optional.orElseGet(Optional.java:364) ~[na:na]
	at org.junit.jupiter.engine.descriptor.ClassBasedTestDescriptor.lambda$testInstancesProvider$5(ClassBasedTestDescriptor.java:278) ~[junit-jupiter-engine-5.10.1.jar:5.10.1]
	at org.junit.jupiter.engine.execution.TestInstancesProvider.getTestInstances(TestInstancesProvider.java:31) ~[junit-jupiter-engine-5.10.1.jar:5.10.1]
	at org.junit.jupiter.engine.descriptor.TestMethodTestDescriptor.lambda$prepare$0(TestMethodTestDescriptor.java:106) ~[junit-jupiter-engine-5.10.1.jar:5.10.1]
	at org.junit.platform.engine.support.hierarchical.ThrowableCollector.execute(ThrowableCollector.java:73) ~[junit-platform-engine-1.10.1.jar:1.10.1]
	at org.junit.jupiter.engine.descriptor.TestMethodTestDescriptor.prepare(TestMethodTestDescriptor.java:105) ~[junit-jupiter-engine-5.10.1.jar:5.10.1]
	at org.junit.jupiter.engine.descriptor.TestMethodTestDescriptor.prepare(TestMethodTestDescriptor.java:69) ~[junit-jupiter-engine-5.10.1.jar:5.10.1]
	at org.junit.platform.engine.support.hierarchical.NodeTestTask.lambda$prepare$2(NodeTestTask.java:123) ~[junit-platform-engine-1.10.1.jar:1.10.1]
	at org.junit.platform.engine.support.hierarchical.ThrowableCollector.execute(ThrowableCollector.java:73) ~[junit-platform-engine-1.10.1.jar:1.10.1]
	at org.junit.platform.engine.support.hierarchical.NodeTestTask.prepare(NodeTestTask.java:123) ~[junit-platform-engine-1.10.1.jar:1.10.1]
	at org.junit.platform.engine.support.hierarchical.NodeTestTask.execute(NodeTestTask.java:90) ~[junit-platform-engine-1.10.1.jar:1.10.1]
	at java.base/java.util.ArrayList.forEach(ArrayList.java:1596) ~[na:na]
	at org.junit.platform.engine.support.hierarchical.SameThreadHierarchicalTestExecutorService.invokeAll(SameThreadHierarchicalTestExecutorService.java:41) ~[junit-platform-engine-1.10.1.jar:1.10.1]
	at org.junit.platform.engine.support.hierarchical.NodeTestTask.lambda$executeRecursively$6(NodeTestTask.java:155) ~[junit-platform-engine-1.10.1.jar:1.10.1]
	at org.junit.platform.engine.support.hierarchical.ThrowableCollector.execute(ThrowableCollector.java:73) ~[junit-platform-engine-1.10.1.jar:1.10.1]
	at org.junit.platform.engine.support.hierarchical.NodeTestTask.lambda$executeRecursively$8(NodeTestTask.java:141) ~[junit-platform-engine-1.10.1.jar:1.10.1]
	at org.junit.platform.engine.support.hierarchical.Node.around(Node.java:137) ~[junit-platform-engine-1.10.1.jar:1.10.1]
	at org.junit.platform.engine.support.hierarchical.NodeTestTask.lambda$executeRecursively$9(NodeTestTask.java:139) ~[junit-platform-engine-1.10.1.jar:1.10.1]
	at org.junit.platform.engine.support.hierarchical.ThrowableCollector.execute(ThrowableCollector.java:73) ~[junit-platform-engine-1.10.1.jar:1.10.1]
	at org.junit.platform.engine.support.hierarchical.NodeTestTask.executeRecursively(NodeTestTask.java:138) ~[junit-platform-engine-1.10.1.jar:1.10.1]
	at org.junit.platform.engine.support.hierarchical.NodeTestTask.execute(NodeTestTask.java:95) ~[junit-platform-engine-1.10.1.jar:1.10.1]
	at java.base/java.util.ArrayList.forEach(ArrayList.java:1596) ~[na:na]
	at org.junit.platform.engine.support.hierarchical.SameThreadHierarchicalTestExecutorService.invokeAll(SameThreadHierarchicalTestExecutorService.java:41) ~[junit-platform-engine-1.10.1.jar:1.10.1]
	at org.junit.platform.engine.support.hierarchical.NodeTestTask.lambda$executeRecursively$6(NodeTestTask.java:155) ~[junit-platform-engine-1.10.1.jar:1.10.1]
	at org.junit.platform.engine.support.hierarchical.ThrowableCollector.execute(ThrowableCollector.java:73) ~[junit-platform-engine-1.10.1.jar:1.10.1]
	at org.junit.platform.engine.support.hierarchical.NodeTestTask.lambda$executeRecursively$8(NodeTestTask.java:141) ~[junit-platform-engine-1.10.1.jar:1.10.1]
	at org.junit.platform.engine.support.hierarchical.Node.around(Node.java:137) ~[junit-platform-engine-1.10.1.jar:1.10.1]
	at org.junit.platform.engine.support.hierarchical.NodeTestTask.lambda$executeRecursively$9(NodeTestTask.java:139) ~[junit-platform-engine-1.10.1.jar:1.10.1]
	at org.junit.platform.engine.support.hierarchical.ThrowableCollector.execute(ThrowableCollector.java:73) ~[junit-platform-engine-1.10.1.jar:1.10.1]
	at org.junit.platform.engine.support.hierarchical.NodeTestTask.executeRecursively(NodeTestTask.java:138) ~[junit-platform-engine-1.10.1.jar:1.10.1]
	at org.junit.platform.engine.support.hierarchical.NodeTestTask.execute(NodeTestTask.java:95) ~[junit-platform-engine-1.10.1.jar:1.10.1]
	at org.junit.platform.engine.support.hierarchical.SameThreadHierarchicalTestExecutorService.submit(SameThreadHierarchicalTestExecutorService.java:35) ~[junit-platform-engine-1.10.1.jar:1.10.1]
	at org.junit.platform.engine.support.hierarchical.HierarchicalTestExecutor.execute(HierarchicalTestExecutor.java:57) ~[junit-platform-engine-1.10.1.jar:1.10.1]
	at org.junit.platform.engine.support.hierarchical.HierarchicalTestEngine.execute(HierarchicalTestEngine.java:54) ~[junit-platform-engine-1.10.1.jar:1.10.1]
	at org.junit.platform.launcher.core.EngineExecutionOrchestrator.execute(EngineExecutionOrchestrator.java:198) ~[junit-platform-launcher-1.10.1.jar:1.10.1]
	at org.junit.platform.launcher.core.EngineExecutionOrchestrator.execute(EngineExecutionOrchestrator.java:169) ~[junit-platform-launcher-1.10.1.jar:1.10.1]
	at org.junit.platform.launcher.core.EngineExecutionOrchestrator.execute(EngineExecutionOrchestrator.java:93) ~[junit-platform-launcher-1.10.1.jar:1.10.1]
	at org.junit.platform.launcher.core.EngineExecutionOrchestrator.lambda$execute$0(EngineExecutionOrchestrator.java:58) ~[junit-platform-launcher-1.10.1.jar:1.10.1]
	at org.junit.platform.launcher.core.EngineExecutionOrchestrator.withInterceptedStreams(EngineExecutionOrchestrator.java:141) ~[junit-platform-launcher-1.10.1.jar:1.10.1]
	at org.junit.platform.launcher.core.EngineExecutionOrchestrator.execute(EngineExecutionOrchestrator.java:57) ~[junit-platform-launcher-1.10.1.jar:1.10.1]
	at org.junit.platform.launcher.core.DefaultLauncher.execute(DefaultLauncher.java:103) ~[junit-platform-launcher-1.10.1.jar:1.10.1]
	at org.junit.platform.launcher.core.DefaultLauncher.execute(DefaultLauncher.java:85) ~[junit-platform-launcher-1.10.1.jar:1.10.1]
	at org.junit.platform.launcher.core.DelegatingLauncher.execute(DelegatingLauncher.java:47) ~[junit-platform-launcher-1.10.1.jar:1.10.1]
	at org.apache.maven.surefire.junitplatform.LazyLauncher.execute(LazyLauncher.java:56) ~[surefire-junit-platform-3.1.2.jar:3.1.2]
	at org.apache.maven.surefire.junitplatform.JUnitPlatformProvider.execute(JUnitPlatformProvider.java:184) ~[surefire-junit-platform-3.1.2.jar:3.1.2]
	at org.apache.maven.surefire.junitplatform.JUnitPlatformProvider.invokeAllTests(JUnitPlatformProvider.java:148) ~[surefire-junit-platform-3.1.2.jar:3.1.2]
	at org.apache.maven.surefire.junitplatform.JUnitPlatformProvider.invoke(JUnitPlatformProvider.java:122) ~[surefire-junit-platform-3.1.2.jar:3.1.2]
	at org.apache.maven.surefire.booter.ForkedBooter.runSuitesInProcess(ForkedBooter.java:385) ~[surefire-booter-3.1.2.jar:3.1.2]
	at org.apache.maven.surefire.booter.ForkedBooter.execute(ForkedBooter.java:162) ~[surefire-booter-3.1.2.jar:3.1.2]
	at org.apache.maven.surefire.booter.ForkedBooter.run(ForkedBooter.java:507) ~[surefire-booter-3.1.2.jar:3.1.2]
	at org.apache.maven.surefire.booter.ForkedBooter.main(ForkedBooter.java:495) ~[surefire-booter-3.1.2.jar:3.1.2]

2025-01-09T08:37:05.836-06:00 DEBUG 20036 --- [           main] o.s.d.jpa.repository.query.NamedQuery    : Did not find named query Channel.findByType
2025-01-09T08:37:05.836-06:00 DEBUG 20036 --- [           main] tor$SharedEntityManagerInvocationHandler : Creating new EntityManager for shared EntityManager invocation
2025-01-09T08:37:05.837-06:00 DEBUG 20036 --- [           main] cResourceLocalTransactionCoordinatorImpl : JDBC transaction marked for rollback-only (exception provided for stack trace)

java.lang.Exception: exception just for purpose of providing stack trace
	at org.hibernate.resource.transaction.backend.jdbc.internal.JdbcResourceLocalTransactionCoordinatorImpl$TransactionDriverControlImpl.markRollbackOnly(JdbcResourceLocalTransactionCoordinatorImpl.java:310) ~[hibernate-core-6.4.1.Final.jar:6.4.1.Final]
	at org.hibernate.internal.AbstractSharedSessionContract.buildNamedQuery(AbstractSharedSessionContract.java:1076) ~[hibernate-core-6.4.1.Final.jar:6.4.1.Final]
	at org.hibernate.internal.AbstractSharedSessionContract.createNamedQuery(AbstractSharedSessionContract.java:954) ~[hibernate-core-6.4.1.Final.jar:6.4.1.Final]
	at org.hibernate.internal.AbstractSharedSessionContract.createNamedQuery(AbstractSharedSessionContract.java:133) ~[hibernate-core-6.4.1.Final.jar:6.4.1.Final]
	at java.base/jdk.internal.reflect.DirectMethodHandleAccessor.invoke(DirectMethodHandleAccessor.java:103) ~[na:na]
	at java.base/java.lang.reflect.Method.invoke(Method.java:580) ~[na:na]
	at org.springframework.orm.jpa.ExtendedEntityManagerCreator$ExtendedEntityManagerInvocationHandler.invoke(ExtendedEntityManagerCreator.java:364) ~[spring-orm-6.1.2.jar:6.1.2]
	at jdk.proxy2/jdk.proxy2.$Proxy186.createNamedQuery(Unknown Source) ~[na:na]
	at org.springframework.data.jpa.repository.query.NamedQuery.hasNamedQuery(NamedQuery.java:113) ~[spring-data-jpa-3.2.1.jar:3.2.1]
	at org.springframework.data.jpa.repository.query.JpaQueryLookupStrategy$DeclaredQueryLookupStrategy.getCountQuery(JpaQueryLookupStrategy.java:204) ~[spring-data-jpa-3.2.1.jar:3.2.1]
	at org.springframework.data.jpa.repository.query.JpaQueryLookupStrategy$DeclaredQueryLookupStrategy.resolveQuery(JpaQueryLookupStrategy.java:171) ~[spring-data-jpa-3.2.1.jar:3.2.1]
	at org.springframework.data.jpa.repository.query.JpaQueryLookupStrategy$CreateIfNotFoundQueryLookupStrategy.resolveQuery(JpaQueryLookupStrategy.java:252) ~[spring-data-jpa-3.2.1.jar:3.2.1]
	at org.springframework.data.jpa.repository.query.JpaQueryLookupStrategy$AbstractQueryLookupStrategy.resolveQuery(JpaQueryLookupStrategy.java:95) ~[spring-data-jpa-3.2.1.jar:3.2.1]
	at org.springframework.data.repository.core.support.QueryExecutorMethodInterceptor.lookupQuery(QueryExecutorMethodInterceptor.java:111) ~[spring-data-commons-3.2.1.jar:3.2.1]
	at org.springframework.data.repository.core.support.QueryExecutorMethodInterceptor.mapMethodsToQuery(QueryExecutorMethodInterceptor.java:99) ~[spring-data-commons-3.2.1.jar:3.2.1]
	at org.springframework.data.repository.core.support.QueryExecutorMethodInterceptor.lambda$new$0(QueryExecutorMethodInterceptor.java:88) ~[spring-data-commons-3.2.1.jar:3.2.1]
	at java.base/java.util.Optional.map(Optional.java:260) ~[na:na]
	at org.springframework.data.repository.core.support.QueryExecutorMethodInterceptor.<init>(QueryExecutorMethodInterceptor.java:88) ~[spring-data-commons-3.2.1.jar:3.2.1]
	at org.springframework.data.repository.core.support.RepositoryFactorySupport.getRepository(RepositoryFactorySupport.java:357) ~[spring-data-commons-3.2.1.jar:3.2.1]
	at org.springframework.data.repository.core.support.RepositoryFactoryBeanSupport.lambda$afterPropertiesSet$5(RepositoryFactoryBeanSupport.java:279) ~[spring-data-commons-3.2.1.jar:3.2.1]
	at org.springframework.data.util.Lazy.getNullable(Lazy.java:135) ~[spring-data-commons-3.2.1.jar:3.2.1]
	at org.springframework.data.util.Lazy.get(Lazy.java:113) ~[spring-data-commons-3.2.1.jar:3.2.1]
	at org.springframework.data.repository.core.support.RepositoryFactoryBeanSupport.afterPropertiesSet(RepositoryFactoryBeanSupport.java:285) ~[spring-data-commons-3.2.1.jar:3.2.1]
	at org.springframework.data.jpa.repository.support.JpaRepositoryFactoryBean.afterPropertiesSet(JpaRepositoryFactoryBean.java:132) ~[spring-data-jpa-3.2.1.jar:3.2.1]
	at org.springframework.beans.factory.support.AbstractAutowireCapableBeanFactory.invokeInitMethods(AbstractAutowireCapableBeanFactory.java:1820) ~[spring-beans-6.1.2.jar:6.1.2]
	at org.springframework.beans.factory.support.AbstractAutowireCapableBeanFactory.initializeBean(AbstractAutowireCapableBeanFactory.java:1769) ~[spring-beans-6.1.2.jar:6.1.2]
	at org.springframework.beans.factory.support.AbstractAutowireCapableBeanFactory.doCreateBean(AbstractAutowireCapableBeanFactory.java:599) ~[spring-beans-6.1.2.jar:6.1.2]
	at org.springframework.beans.factory.support.AbstractAutowireCapableBeanFactory.createBean(AbstractAutowireCapableBeanFactory.java:521) ~[spring-beans-6.1.2.jar:6.1.2]
	at org.springframework.beans.factory.support.AbstractBeanFactory.lambda$doGetBean$0(AbstractBeanFactory.java:325) ~[spring-beans-6.1.2.jar:6.1.2]
	at org.springframework.beans.factory.support.DefaultSingletonBeanRegistry.getSingleton(DefaultSingletonBeanRegistry.java:234) ~[spring-beans-6.1.2.jar:6.1.2]
	at org.springframework.beans.factory.support.AbstractBeanFactory.doGetBean(AbstractBeanFactory.java:323) ~[spring-beans-6.1.2.jar:6.1.2]
	at org.springframework.beans.factory.support.AbstractBeanFactory.getBean(AbstractBeanFactory.java:199) ~[spring-beans-6.1.2.jar:6.1.2]
	at org.springframework.beans.factory.config.DependencyDescriptor.resolveCandidate(DependencyDescriptor.java:254) ~[spring-beans-6.1.2.jar:6.1.2]
	at org.springframework.beans.factory.support.DefaultListableBeanFactory.doResolveDependency(DefaultListableBeanFactory.java:1443) ~[spring-beans-6.1.2.jar:6.1.2]
	at org.springframework.beans.factory.support.DefaultListableBeanFactory.resolveDependency(DefaultListableBeanFactory.java:1353) ~[spring-beans-6.1.2.jar:6.1.2]
	at org.springframework.beans.factory.support.ConstructorResolver.resolveAutowiredArgument(ConstructorResolver.java:911) ~[spring-beans-6.1.2.jar:6.1.2]
	at org.springframework.beans.factory.support.ConstructorResolver.createArgumentArray(ConstructorResolver.java:789) ~[spring-beans-6.1.2.jar:6.1.2]
	at org.springframework.beans.factory.support.ConstructorResolver.autowireConstructor(ConstructorResolver.java:241) ~[spring-beans-6.1.2.jar:6.1.2]
	at org.springframework.beans.factory.support.AbstractAutowireCapableBeanFactory.autowireConstructor(AbstractAutowireCapableBeanFactory.java:1354) ~[spring-beans-6.1.2.jar:6.1.2]
	at org.springframework.beans.factory.support.AbstractAutowireCapableBeanFactory.createBeanInstance(AbstractAutowireCapableBeanFactory.java:1191) ~[spring-beans-6.1.2.jar:6.1.2]
	at org.springframework.beans.factory.support.AbstractAutowireCapableBeanFactory.doCreateBean(AbstractAutowireCapableBeanFactory.java:561) ~[spring-beans-6.1.2.jar:6.1.2]
	at org.springframework.beans.factory.support.AbstractAutowireCapableBeanFactory.createBean(AbstractAutowireCapableBeanFactory.java:521) ~[spring-beans-6.1.2.jar:6.1.2]
	at org.springframework.beans.factory.support.AbstractBeanFactory.lambda$doGetBean$0(AbstractBeanFactory.java:325) ~[spring-beans-6.1.2.jar:6.1.2]
	at org.springframework.beans.factory.support.DefaultSingletonBeanRegistry.getSingleton(DefaultSingletonBeanRegistry.java:234) ~[spring-beans-6.1.2.jar:6.1.2]
	at org.springframework.beans.factory.support.AbstractBeanFactory.doGetBean(AbstractBeanFactory.java:323) ~[spring-beans-6.1.2.jar:6.1.2]
	at org.springframework.beans.factory.support.AbstractBeanFactory.getBean(AbstractBeanFactory.java:199) ~[spring-beans-6.1.2.jar:6.1.2]
	at org.springframework.beans.factory.config.DependencyDescriptor.resolveCandidate(DependencyDescriptor.java:254) ~[spring-beans-6.1.2.jar:6.1.2]
	at org.springframework.beans.factory.support.DefaultListableBeanFactory.doResolveDependency(DefaultListableBeanFactory.java:1443) ~[spring-beans-6.1.2.jar:6.1.2]
	at org.springframework.beans.factory.support.DefaultListableBeanFactory.resolveDependency(DefaultListableBeanFactory.java:1353) ~[spring-beans-6.1.2.jar:6.1.2]
	at org.springframework.beans.factory.support.ConstructorResolver.resolveAutowiredArgument(ConstructorResolver.java:911) ~[spring-beans-6.1.2.jar:6.1.2]
	at org.springframework.beans.factory.support.ConstructorResolver.createArgumentArray(ConstructorResolver.java:789) ~[spring-beans-6.1.2.jar:6.1.2]
	at org.springframework.beans.factory.support.ConstructorResolver.autowireConstructor(ConstructorResolver.java:241) ~[spring-beans-6.1.2.jar:6.1.2]
	at org.springframework.beans.factory.support.AbstractAutowireCapableBeanFactory.autowireConstructor(AbstractAutowireCapableBeanFactory.java:1354) ~[spring-beans-6.1.2.jar:6.1.2]
	at org.springframework.beans.factory.support.AbstractAutowireCapableBeanFactory.createBeanInstance(AbstractAutowireCapableBeanFactory.java:1191) ~[spring-beans-6.1.2.jar:6.1.2]
	at org.springframework.beans.factory.support.AbstractAutowireCapableBeanFactory.doCreateBean(AbstractAutowireCapableBeanFactory.java:561) ~[spring-beans-6.1.2.jar:6.1.2]
	at org.springframework.beans.factory.support.AbstractAutowireCapableBeanFactory.createBean(AbstractAutowireCapableBeanFactory.java:521) ~[spring-beans-6.1.2.jar:6.1.2]
	at org.springframework.beans.factory.support.AbstractBeanFactory.lambda$doGetBean$0(AbstractBeanFactory.java:325) ~[spring-beans-6.1.2.jar:6.1.2]
	at org.springframework.beans.factory.support.DefaultSingletonBeanRegistry.getSingleton(DefaultSingletonBeanRegistry.java:234) ~[spring-beans-6.1.2.jar:6.1.2]
	at org.springframework.beans.factory.support.AbstractBeanFactory.doGetBean(AbstractBeanFactory.java:323) ~[spring-beans-6.1.2.jar:6.1.2]
	at org.springframework.beans.factory.support.AbstractBeanFactory.getBean(AbstractBeanFactory.java:199) ~[spring-beans-6.1.2.jar:6.1.2]
	at org.springframework.beans.factory.support.DefaultListableBeanFactory.preInstantiateSingletons(DefaultListableBeanFactory.java:975) ~[spring-beans-6.1.2.jar:6.1.2]
	at org.springframework.context.support.AbstractApplicationContext.finishBeanFactoryInitialization(AbstractApplicationContext.java:960) ~[spring-context-6.1.2.jar:6.1.2]
	at org.springframework.context.support.AbstractApplicationContext.refresh(AbstractApplicationContext.java:625) ~[spring-context-6.1.2.jar:6.1.2]
	at org.springframework.boot.SpringApplication.refresh(SpringApplication.java:762) ~[spring-boot-3.2.1.jar:3.2.1]
	at org.springframework.boot.SpringApplication.refreshContext(SpringApplication.java:464) ~[spring-boot-3.2.1.jar:3.2.1]
	at org.springframework.boot.SpringApplication.run(SpringApplication.java:334) ~[spring-boot-3.2.1.jar:3.2.1]
	at org.springframework.boot.test.context.SpringBootContextLoader.lambda$loadContext$3(SpringBootContextLoader.java:137) ~[spring-boot-test-3.2.1.jar:3.2.1]
	at org.springframework.util.function.ThrowingSupplier.get(ThrowingSupplier.java:58) ~[spring-core-6.1.2.jar:6.1.2]
	at org.springframework.util.function.ThrowingSupplier.get(ThrowingSupplier.java:46) ~[spring-core-6.1.2.jar:6.1.2]
	at org.springframework.boot.SpringApplication.withHook(SpringApplication.java:1458) ~[spring-boot-3.2.1.jar:3.2.1]
	at org.springframework.boot.test.context.SpringBootContextLoader$ContextLoaderHook.run(SpringBootContextLoader.java:552) ~[spring-boot-test-3.2.1.jar:3.2.1]
	at org.springframework.boot.test.context.SpringBootContextLoader.loadContext(SpringBootContextLoader.java:137) ~[spring-boot-test-3.2.1.jar:3.2.1]
	at org.springframework.boot.test.context.SpringBootContextLoader.loadContext(SpringBootContextLoader.java:108) ~[spring-boot-test-3.2.1.jar:3.2.1]
	at org.springframework.test.context.cache.DefaultCacheAwareContextLoaderDelegate.loadContextInternal(DefaultCacheAwareContextLoaderDelegate.java:225) ~[spring-test-6.1.2.jar:6.1.2]
	at org.springframework.test.context.cache.DefaultCacheAwareContextLoaderDelegate.loadContext(DefaultCacheAwareContextLoaderDelegate.java:152) ~[spring-test-6.1.2.jar:6.1.2]
	at org.springframework.test.context.support.DefaultTestContext.getApplicationContext(DefaultTestContext.java:130) ~[spring-test-6.1.2.jar:6.1.2]
	at org.springframework.test.context.web.ServletTestExecutionListener.setUpRequestContextIfNecessary(ServletTestExecutionListener.java:191) ~[spring-test-6.1.2.jar:6.1.2]
	at org.springframework.test.context.web.ServletTestExecutionListener.prepareTestInstance(ServletTestExecutionListener.java:130) ~[spring-test-6.1.2.jar:6.1.2]
	at org.springframework.test.context.TestContextManager.prepareTestInstance(TestContextManager.java:260) ~[spring-test-6.1.2.jar:6.1.2]
	at org.springframework.test.context.junit.jupiter.SpringExtension.postProcessTestInstance(SpringExtension.java:163) ~[spring-test-6.1.2.jar:6.1.2]
	at org.junit.jupiter.engine.descriptor.ClassBasedTestDescriptor.lambda$invokeTestInstancePostProcessors$10(ClassBasedTestDescriptor.java:378) ~[junit-jupiter-engine-5.10.1.jar:5.10.1]
	at org.junit.jupiter.engine.descriptor.ClassBasedTestDescriptor.executeAndMaskThrowable(ClassBasedTestDescriptor.java:383) ~[junit-jupiter-engine-5.10.1.jar:5.10.1]
	at org.junit.jupiter.engine.descriptor.ClassBasedTestDescriptor.lambda$invokeTestInstancePostProcessors$11(ClassBasedTestDescriptor.java:378) ~[junit-jupiter-engine-5.10.1.jar:5.10.1]
	at java.base/java.util.stream.ReferencePipeline$3$1.accept(ReferencePipeline.java:197) ~[na:na]
	at java.base/java.util.stream.ReferencePipeline$2$1.accept(ReferencePipeline.java:179) ~[na:na]
	at java.base/java.util.ArrayList$ArrayListSpliterator.forEachRemaining(ArrayList.java:1708) ~[na:na]
	at java.base/java.util.stream.AbstractPipeline.copyInto(AbstractPipeline.java:509) ~[na:na]
	at java.base/java.util.stream.AbstractPipeline.wrapAndCopyInto(AbstractPipeline.java:499) ~[na:na]
	at java.base/java.util.stream.StreamSpliterators$WrappingSpliterator.forEachRemaining(StreamSpliterators.java:310) ~[na:na]
	at java.base/java.util.stream.Streams$ConcatSpliterator.forEachRemaining(Streams.java:735) ~[na:na]
	at java.base/java.util.stream.Streams$ConcatSpliterator.forEachRemaining(Streams.java:734) ~[na:na]
	at java.base/java.util.stream.ReferencePipeline$Head.forEach(ReferencePipeline.java:762) ~[na:na]
	at org.junit.jupiter.engine.descriptor.ClassBasedTestDescriptor.invokeTestInstancePostProcessors(ClassBasedTestDescriptor.java:377) ~[junit-jupiter-engine-5.10.1.jar:5.10.1]
	at org.junit.jupiter.engine.descriptor.ClassBasedTestDescriptor.lambda$instantiateAndPostProcessTestInstance$6(ClassBasedTestDescriptor.java:290) ~[junit-jupiter-engine-5.10.1.jar:5.10.1]
	at org.junit.platform.engine.support.hierarchical.ThrowableCollector.execute(ThrowableCollector.java:73) ~[junit-platform-engine-1.10.1.jar:1.10.1]
	at org.junit.jupiter.engine.descriptor.ClassBasedTestDescriptor.instantiateAndPostProcessTestInstance(ClassBasedTestDescriptor.java:289) ~[junit-jupiter-engine-5.10.1.jar:5.10.1]
	at org.junit.jupiter.engine.descriptor.ClassBasedTestDescriptor.lambda$testInstancesProvider$4(ClassBasedTestDescriptor.java:279) ~[junit-jupiter-engine-5.10.1.jar:5.10.1]
	at java.base/java.util.Optional.orElseGet(Optional.java:364) ~[na:na]
	at org.junit.jupiter.engine.descriptor.ClassBasedTestDescriptor.lambda$testInstancesProvider$5(ClassBasedTestDescriptor.java:278) ~[junit-jupiter-engine-5.10.1.jar:5.10.1]
	at org.junit.jupiter.engine.execution.TestInstancesProvider.getTestInstances(TestInstancesProvider.java:31) ~[junit-jupiter-engine-5.10.1.jar:5.10.1]
	at org.junit.jupiter.engine.descriptor.TestMethodTestDescriptor.lambda$prepare$0(TestMethodTestDescriptor.java:106) ~[junit-jupiter-engine-5.10.1.jar:5.10.1]
	at org.junit.platform.engine.support.hierarchical.ThrowableCollector.execute(ThrowableCollector.java:73) ~[junit-platform-engine-1.10.1.jar:1.10.1]
	at org.junit.jupiter.engine.descriptor.TestMethodTestDescriptor.prepare(TestMethodTestDescriptor.java:105) ~[junit-jupiter-engine-5.10.1.jar:5.10.1]
	at org.junit.jupiter.engine.descriptor.TestMethodTestDescriptor.prepare(TestMethodTestDescriptor.java:69) ~[junit-jupiter-engine-5.10.1.jar:5.10.1]
	at org.junit.platform.engine.support.hierarchical.NodeTestTask.lambda$prepare$2(NodeTestTask.java:123) ~[junit-platform-engine-1.10.1.jar:1.10.1]
	at org.junit.platform.engine.support.hierarchical.ThrowableCollector.execute(ThrowableCollector.java:73) ~[junit-platform-engine-1.10.1.jar:1.10.1]
	at org.junit.platform.engine.support.hierarchical.NodeTestTask.prepare(NodeTestTask.java:123) ~[junit-platform-engine-1.10.1.jar:1.10.1]
	at org.junit.platform.engine.support.hierarchical.NodeTestTask.execute(NodeTestTask.java:90) ~[junit-platform-engine-1.10.1.jar:1.10.1]
	at java.base/java.util.ArrayList.forEach(ArrayList.java:1596) ~[na:na]
	at org.junit.platform.engine.support.hierarchical.SameThreadHierarchicalTestExecutorService.invokeAll(SameThreadHierarchicalTestExecutorService.java:41) ~[junit-platform-engine-1.10.1.jar:1.10.1]
	at org.junit.platform.engine.support.hierarchical.NodeTestTask.lambda$executeRecursively$6(NodeTestTask.java:155) ~[junit-platform-engine-1.10.1.jar:1.10.1]
	at org.junit.platform.engine.support.hierarchical.ThrowableCollector.execute(ThrowableCollector.java:73) ~[junit-platform-engine-1.10.1.jar:1.10.1]
	at org.junit.platform.engine.support.hierarchical.NodeTestTask.lambda$executeRecursively$8(NodeTestTask.java:141) ~[junit-platform-engine-1.10.1.jar:1.10.1]
	at org.junit.platform.engine.support.hierarchical.Node.around(Node.java:137) ~[junit-platform-engine-1.10.1.jar:1.10.1]
	at org.junit.platform.engine.support.hierarchical.NodeTestTask.lambda$executeRecursively$9(NodeTestTask.java:139) ~[junit-platform-engine-1.10.1.jar:1.10.1]
	at org.junit.platform.engine.support.hierarchical.ThrowableCollector.execute(ThrowableCollector.java:73) ~[junit-platform-engine-1.10.1.jar:1.10.1]
	at org.junit.platform.engine.support.hierarchical.NodeTestTask.executeRecursively(NodeTestTask.java:138) ~[junit-platform-engine-1.10.1.jar:1.10.1]
	at org.junit.platform.engine.support.hierarchical.NodeTestTask.execute(NodeTestTask.java:95) ~[junit-platform-engine-1.10.1.jar:1.10.1]
	at java.base/java.util.ArrayList.forEach(ArrayList.java:1596) ~[na:na]
	at org.junit.platform.engine.support.hierarchical.SameThreadHierarchicalTestExecutorService.invokeAll(SameThreadHierarchicalTestExecutorService.java:41) ~[junit-platform-engine-1.10.1.jar:1.10.1]
	at org.junit.platform.engine.support.hierarchical.NodeTestTask.lambda$executeRecursively$6(NodeTestTask.java:155) ~[junit-platform-engine-1.10.1.jar:1.10.1]
	at org.junit.platform.engine.support.hierarchical.ThrowableCollector.execute(ThrowableCollector.java:73) ~[junit-platform-engine-1.10.1.jar:1.10.1]
	at org.junit.platform.engine.support.hierarchical.NodeTestTask.lambda$executeRecursively$8(NodeTestTask.java:141) ~[junit-platform-engine-1.10.1.jar:1.10.1]
	at org.junit.platform.engine.support.hierarchical.Node.around(Node.java:137) ~[junit-platform-engine-1.10.1.jar:1.10.1]
	at org.junit.platform.engine.support.hierarchical.NodeTestTask.lambda$executeRecursively$9(NodeTestTask.java:139) ~[junit-platform-engine-1.10.1.jar:1.10.1]
	at org.junit.platform.engine.support.hierarchical.ThrowableCollector.execute(ThrowableCollector.java:73) ~[junit-platform-engine-1.10.1.jar:1.10.1]
	at org.junit.platform.engine.support.hierarchical.NodeTestTask.executeRecursively(NodeTestTask.java:138) ~[junit-platform-engine-1.10.1.jar:1.10.1]
	at org.junit.platform.engine.support.hierarchical.NodeTestTask.execute(NodeTestTask.java:95) ~[junit-platform-engine-1.10.1.jar:1.10.1]
	at org.junit.platform.engine.support.hierarchical.SameThreadHierarchicalTestExecutorService.submit(SameThreadHierarchicalTestExecutorService.java:35) ~[junit-platform-engine-1.10.1.jar:1.10.1]
	at org.junit.platform.engine.support.hierarchical.HierarchicalTestExecutor.execute(HierarchicalTestExecutor.java:57) ~[junit-platform-engine-1.10.1.jar:1.10.1]
	at org.junit.platform.engine.support.hierarchical.HierarchicalTestEngine.execute(HierarchicalTestEngine.java:54) ~[junit-platform-engine-1.10.1.jar:1.10.1]
	at org.junit.platform.launcher.core.EngineExecutionOrchestrator.execute(EngineExecutionOrchestrator.java:198) ~[junit-platform-launcher-1.10.1.jar:1.10.1]
	at org.junit.platform.launcher.core.EngineExecutionOrchestrator.execute(EngineExecutionOrchestrator.java:169) ~[junit-platform-launcher-1.10.1.jar:1.10.1]
	at org.junit.platform.launcher.core.EngineExecutionOrchestrator.execute(EngineExecutionOrchestrator.java:93) ~[junit-platform-launcher-1.10.1.jar:1.10.1]
	at org.junit.platform.launcher.core.EngineExecutionOrchestrator.lambda$execute$0(EngineExecutionOrchestrator.java:58) ~[junit-platform-launcher-1.10.1.jar:1.10.1]
	at org.junit.platform.launcher.core.EngineExecutionOrchestrator.withInterceptedStreams(EngineExecutionOrchestrator.java:141) ~[junit-platform-launcher-1.10.1.jar:1.10.1]
	at org.junit.platform.launcher.core.EngineExecutionOrchestrator.execute(EngineExecutionOrchestrator.java:57) ~[junit-platform-launcher-1.10.1.jar:1.10.1]
	at org.junit.platform.launcher.core.DefaultLauncher.execute(DefaultLauncher.java:103) ~[junit-platform-launcher-1.10.1.jar:1.10.1]
	at org.junit.platform.launcher.core.DefaultLauncher.execute(DefaultLauncher.java:85) ~[junit-platform-launcher-1.10.1.jar:1.10.1]
	at org.junit.platform.launcher.core.DelegatingLauncher.execute(DelegatingLauncher.java:47) ~[junit-platform-launcher-1.10.1.jar:1.10.1]
	at org.apache.maven.surefire.junitplatform.LazyLauncher.execute(LazyLauncher.java:56) ~[surefire-junit-platform-3.1.2.jar:3.1.2]
	at org.apache.maven.surefire.junitplatform.JUnitPlatformProvider.execute(JUnitPlatformProvider.java:184) ~[surefire-junit-platform-3.1.2.jar:3.1.2]
	at org.apache.maven.surefire.junitplatform.JUnitPlatformProvider.invokeAllTests(JUnitPlatformProvider.java:148) ~[surefire-junit-platform-3.1.2.jar:3.1.2]
	at org.apache.maven.surefire.junitplatform.JUnitPlatformProvider.invoke(JUnitPlatformProvider.java:122) ~[surefire-junit-platform-3.1.2.jar:3.1.2]
	at org.apache.maven.surefire.booter.ForkedBooter.runSuitesInProcess(ForkedBooter.java:385) ~[surefire-booter-3.1.2.jar:3.1.2]
	at org.apache.maven.surefire.booter.ForkedBooter.execute(ForkedBooter.java:162) ~[surefire-booter-3.1.2.jar:3.1.2]
	at org.apache.maven.surefire.booter.ForkedBooter.run(ForkedBooter.java:507) ~[surefire-booter-3.1.2.jar:3.1.2]
	at org.apache.maven.surefire.booter.ForkedBooter.main(ForkedBooter.java:495) ~[surefire-booter-3.1.2.jar:3.1.2]

2025-01-09T08:37:05.839-06:00 DEBUG 20036 --- [           main] o.s.d.jpa.repository.query.NamedQuery    : Did not find named query Channel.findByMemberId.count
2025-01-09T08:37:05.839-06:00 DEBUG 20036 --- [           main] tor$SharedEntityManagerInvocationHandler : Creating new EntityManager for shared EntityManager invocation
2025-01-09T08:37:05.839-06:00 DEBUG 20036 --- [           main] org.hibernate.orm.query.hql              : HQL : SELECT c FROM Channel c JOIN c.members m WHERE m.id = :memberId
2025-01-09T08:37:05.840-06:00 DEBUG 20036 --- [           main] o.h.o.q.hql.reservedWordAsIdentifier     : Encountered use of reserved word as identifier : =
2025-01-09T08:37:05.840-06:00 DEBUG 20036 --- [           main] org.hibernate.orm.query.sqm.creation     : Applying inferable type to SqmExpression [SqmNamedParameter(memberId)] : null -> SqmBasicValuedSimplePath(com.chatgenius.model.Channel(c).members(m).{element}.id)
2025-01-09T08:37:05.840-06:00 DEBUG 20036 --- [           main] org.hibernate.orm.query.sqm.ast          : SqmStatement Tree :
    -> [select]
      -> [query-spec]
        -> [select]
          -> [selection]
            -> [root] - `com.chatgenius.model.Channel(c)`
              -> [joins]
                -> [attribute] - `com.chatgenius.model.Channel(c).members(m)`
                    [fetched = false]
                <- [attribute] - `com.chatgenius.model.Channel(c).members(m)`
              <- [joins]
            <- [root] - `com.chatgenius.model.Channel(c)`
          <- [selection]
        <- [select]
        -> [from]
          -> [root] - `com.chatgenius.model.Channel(c)`
            -> [joins]
              -> [attribute] - `com.chatgenius.model.Channel(c).members(m)`
                  [fetched = false]
              <- [attribute] - `com.chatgenius.model.Channel(c).members(m)`
            <- [joins]
          <- [root] - `com.chatgenius.model.Channel(c)`
        <- [from]
        -> [where]
          -> [EQUAL]
              -> [basic-path] - `com.chatgenius.model.Channel(c).members(m).{element}.id`
              :memberId
          <- [EQUAL]
        <- [where]
      <- [query-spec]
    <- [select]

2025-01-09T08:37:05.841-06:00 DEBUG 20036 --- [           main] cResourceLocalTransactionCoordinatorImpl : JDBC transaction marked for rollback-only (exception provided for stack trace)

java.lang.Exception: exception just for purpose of providing stack trace
	at org.hibernate.resource.transaction.backend.jdbc.internal.JdbcResourceLocalTransactionCoordinatorImpl$TransactionDriverControlImpl.markRollbackOnly(JdbcResourceLocalTransactionCoordinatorImpl.java:310) ~[hibernate-core-6.4.1.Final.jar:6.4.1.Final]
	at org.hibernate.internal.AbstractSharedSessionContract.buildNamedQuery(AbstractSharedSessionContract.java:1076) ~[hibernate-core-6.4.1.Final.jar:6.4.1.Final]
	at org.hibernate.internal.AbstractSharedSessionContract.createNamedQuery(AbstractSharedSessionContract.java:954) ~[hibernate-core-6.4.1.Final.jar:6.4.1.Final]
	at org.hibernate.internal.AbstractSharedSessionContract.createNamedQuery(AbstractSharedSessionContract.java:133) ~[hibernate-core-6.4.1.Final.jar:6.4.1.Final]
	at java.base/jdk.internal.reflect.DirectMethodHandleAccessor.invoke(DirectMethodHandleAccessor.java:103) ~[na:na]
	at java.base/java.lang.reflect.Method.invoke(Method.java:580) ~[na:na]
	at org.springframework.orm.jpa.ExtendedEntityManagerCreator$ExtendedEntityManagerInvocationHandler.invoke(ExtendedEntityManagerCreator.java:364) ~[spring-orm-6.1.2.jar:6.1.2]
	at jdk.proxy2/jdk.proxy2.$Proxy186.createNamedQuery(Unknown Source) ~[na:na]
	at org.springframework.data.jpa.repository.query.NamedQuery.hasNamedQuery(NamedQuery.java:113) ~[spring-data-jpa-3.2.1.jar:3.2.1]
	at org.springframework.data.jpa.repository.query.JpaQueryLookupStrategy$DeclaredQueryLookupStrategy.getCountQuery(JpaQueryLookupStrategy.java:204) ~[spring-data-jpa-3.2.1.jar:3.2.1]
	at org.springframework.data.jpa.repository.query.JpaQueryLookupStrategy$DeclaredQueryLookupStrategy.resolveQuery(JpaQueryLookupStrategy.java:171) ~[spring-data-jpa-3.2.1.jar:3.2.1]
	at org.springframework.data.jpa.repository.query.JpaQueryLookupStrategy$CreateIfNotFoundQueryLookupStrategy.resolveQuery(JpaQueryLookupStrategy.java:252) ~[spring-data-jpa-3.2.1.jar:3.2.1]
	at org.springframework.data.jpa.repository.query.JpaQueryLookupStrategy$AbstractQueryLookupStrategy.resolveQuery(JpaQueryLookupStrategy.java:95) ~[spring-data-jpa-3.2.1.jar:3.2.1]
	at org.springframework.data.repository.core.support.QueryExecutorMethodInterceptor.lookupQuery(QueryExecutorMethodInterceptor.java:111) ~[spring-data-commons-3.2.1.jar:3.2.1]
	at org.springframework.data.repository.core.support.QueryExecutorMethodInterceptor.mapMethodsToQuery(QueryExecutorMethodInterceptor.java:99) ~[spring-data-commons-3.2.1.jar:3.2.1]
	at org.springframework.data.repository.core.support.QueryExecutorMethodInterceptor.lambda$new$0(QueryExecutorMethodInterceptor.java:88) ~[spring-data-commons-3.2.1.jar:3.2.1]
	at java.base/java.util.Optional.map(Optional.java:260) ~[na:na]
	at org.springframework.data.repository.core.support.QueryExecutorMethodInterceptor.<init>(QueryExecutorMethodInterceptor.java:88) ~[spring-data-commons-3.2.1.jar:3.2.1]
	at org.springframework.data.repository.core.support.RepositoryFactorySupport.getRepository(RepositoryFactorySupport.java:357) ~[spring-data-commons-3.2.1.jar:3.2.1]
	at org.springframework.data.repository.core.support.RepositoryFactoryBeanSupport.lambda$afterPropertiesSet$5(RepositoryFactoryBeanSupport.java:279) ~[spring-data-commons-3.2.1.jar:3.2.1]
	at org.springframework.data.util.Lazy.getNullable(Lazy.java:135) ~[spring-data-commons-3.2.1.jar:3.2.1]
	at org.springframework.data.util.Lazy.get(Lazy.java:113) ~[spring-data-commons-3.2.1.jar:3.2.1]
	at org.springframework.data.repository.core.support.RepositoryFactoryBeanSupport.afterPropertiesSet(RepositoryFactoryBeanSupport.java:285) ~[spring-data-commons-3.2.1.jar:3.2.1]
	at org.springframework.data.jpa.repository.support.JpaRepositoryFactoryBean.afterPropertiesSet(JpaRepositoryFactoryBean.java:132) ~[spring-data-jpa-3.2.1.jar:3.2.1]
	at org.springframework.beans.factory.support.AbstractAutowireCapableBeanFactory.invokeInitMethods(AbstractAutowireCapableBeanFactory.java:1820) ~[spring-beans-6.1.2.jar:6.1.2]
	at org.springframework.beans.factory.support.AbstractAutowireCapableBeanFactory.initializeBean(AbstractAutowireCapableBeanFactory.java:1769) ~[spring-beans-6.1.2.jar:6.1.2]
	at org.springframework.beans.factory.support.AbstractAutowireCapableBeanFactory.doCreateBean(AbstractAutowireCapableBeanFactory.java:599) ~[spring-beans-6.1.2.jar:6.1.2]
	at org.springframework.beans.factory.support.AbstractAutowireCapableBeanFactory.createBean(AbstractAutowireCapableBeanFactory.java:521) ~[spring-beans-6.1.2.jar:6.1.2]
	at org.springframework.beans.factory.support.AbstractBeanFactory.lambda$doGetBean$0(AbstractBeanFactory.java:325) ~[spring-beans-6.1.2.jar:6.1.2]
	at org.springframework.beans.factory.support.DefaultSingletonBeanRegistry.getSingleton(DefaultSingletonBeanRegistry.java:234) ~[spring-beans-6.1.2.jar:6.1.2]
	at org.springframework.beans.factory.support.AbstractBeanFactory.doGetBean(AbstractBeanFactory.java:323) ~[spring-beans-6.1.2.jar:6.1.2]
	at org.springframework.beans.factory.support.AbstractBeanFactory.getBean(AbstractBeanFactory.java:199) ~[spring-beans-6.1.2.jar:6.1.2]
	at org.springframework.beans.factory.config.DependencyDescriptor.resolveCandidate(DependencyDescriptor.java:254) ~[spring-beans-6.1.2.jar:6.1.2]
	at org.springframework.beans.factory.support.DefaultListableBeanFactory.doResolveDependency(DefaultListableBeanFactory.java:1443) ~[spring-beans-6.1.2.jar:6.1.2]
	at org.springframework.beans.factory.support.DefaultListableBeanFactory.resolveDependency(DefaultListableBeanFactory.java:1353) ~[spring-beans-6.1.2.jar:6.1.2]
	at org.springframework.beans.factory.support.ConstructorResolver.resolveAutowiredArgument(ConstructorResolver.java:911) ~[spring-beans-6.1.2.jar:6.1.2]
	at org.springframework.beans.factory.support.ConstructorResolver.createArgumentArray(ConstructorResolver.java:789) ~[spring-beans-6.1.2.jar:6.1.2]
	at org.springframework.beans.factory.support.ConstructorResolver.autowireConstructor(ConstructorResolver.java:241) ~[spring-beans-6.1.2.jar:6.1.2]
	at org.springframework.beans.factory.support.AbstractAutowireCapableBeanFactory.autowireConstructor(AbstractAutowireCapableBeanFactory.java:1354) ~[spring-beans-6.1.2.jar:6.1.2]
	at org.springframework.beans.factory.support.AbstractAutowireCapableBeanFactory.createBeanInstance(AbstractAutowireCapableBeanFactory.java:1191) ~[spring-beans-6.1.2.jar:6.1.2]
	at org.springframework.beans.factory.support.AbstractAutowireCapableBeanFactory.doCreateBean(AbstractAutowireCapableBeanFactory.java:561) ~[spring-beans-6.1.2.jar:6.1.2]
	at org.springframework.beans.factory.support.AbstractAutowireCapableBeanFactory.createBean(AbstractAutowireCapableBeanFactory.java:521) ~[spring-beans-6.1.2.jar:6.1.2]
	at org.springframework.beans.factory.support.AbstractBeanFactory.lambda$doGetBean$0(AbstractBeanFactory.java:325) ~[spring-beans-6.1.2.jar:6.1.2]
	at org.springframework.beans.factory.support.DefaultSingletonBeanRegistry.getSingleton(DefaultSingletonBeanRegistry.java:234) ~[spring-beans-6.1.2.jar:6.1.2]
	at org.springframework.beans.factory.support.AbstractBeanFactory.doGetBean(AbstractBeanFactory.java:323) ~[spring-beans-6.1.2.jar:6.1.2]
	at org.springframework.beans.factory.support.AbstractBeanFactory.getBean(AbstractBeanFactory.java:199) ~[spring-beans-6.1.2.jar:6.1.2]
	at org.springframework.beans.factory.config.DependencyDescriptor.resolveCandidate(DependencyDescriptor.java:254) ~[spring-beans-6.1.2.jar:6.1.2]
	at org.springframework.beans.factory.support.DefaultListableBeanFactory.doResolveDependency(DefaultListableBeanFactory.java:1443) ~[spring-beans-6.1.2.jar:6.1.2]
	at org.springframework.beans.factory.support.DefaultListableBeanFactory.resolveDependency(DefaultListableBeanFactory.java:1353) ~[spring-beans-6.1.2.jar:6.1.2]
	at org.springframework.beans.factory.support.ConstructorResolver.resolveAutowiredArgument(ConstructorResolver.java:911) ~[spring-beans-6.1.2.jar:6.1.2]
	at org.springframework.beans.factory.support.ConstructorResolver.createArgumentArray(ConstructorResolver.java:789) ~[spring-beans-6.1.2.jar:6.1.2]
	at org.springframework.beans.factory.support.ConstructorResolver.autowireConstructor(ConstructorResolver.java:241) ~[spring-beans-6.1.2.jar:6.1.2]
	at org.springframework.beans.factory.support.AbstractAutowireCapableBeanFactory.autowireConstructor(AbstractAutowireCapableBeanFactory.java:1354) ~[spring-beans-6.1.2.jar:6.1.2]
	at org.springframework.beans.factory.support.AbstractAutowireCapableBeanFactory.createBeanInstance(AbstractAutowireCapableBeanFactory.java:1191) ~[spring-beans-6.1.2.jar:6.1.2]
	at org.springframework.beans.factory.support.AbstractAutowireCapableBeanFactory.doCreateBean(AbstractAutowireCapableBeanFactory.java:561) ~[spring-beans-6.1.2.jar:6.1.2]
	at org.springframework.beans.factory.support.AbstractAutowireCapableBeanFactory.createBean(AbstractAutowireCapableBeanFactory.java:521) ~[spring-beans-6.1.2.jar:6.1.2]
	at org.springframework.beans.factory.support.AbstractBeanFactory.lambda$doGetBean$0(AbstractBeanFactory.java:325) ~[spring-beans-6.1.2.jar:6.1.2]
	at org.springframework.beans.factory.support.DefaultSingletonBeanRegistry.getSingleton(DefaultSingletonBeanRegistry.java:234) ~[spring-beans-6.1.2.jar:6.1.2]
	at org.springframework.beans.factory.support.AbstractBeanFactory.doGetBean(AbstractBeanFactory.java:323) ~[spring-beans-6.1.2.jar:6.1.2]
	at org.springframework.beans.factory.support.AbstractBeanFactory.getBean(AbstractBeanFactory.java:199) ~[spring-beans-6.1.2.jar:6.1.2]
	at org.springframework.beans.factory.support.DefaultListableBeanFactory.preInstantiateSingletons(DefaultListableBeanFactory.java:975) ~[spring-beans-6.1.2.jar:6.1.2]
	at org.springframework.context.support.AbstractApplicationContext.finishBeanFactoryInitialization(AbstractApplicationContext.java:960) ~[spring-context-6.1.2.jar:6.1.2]
	at org.springframework.context.support.AbstractApplicationContext.refresh(AbstractApplicationContext.java:625) ~[spring-context-6.1.2.jar:6.1.2]
	at org.springframework.boot.SpringApplication.refresh(SpringApplication.java:762) ~[spring-boot-3.2.1.jar:3.2.1]
	at org.springframework.boot.SpringApplication.refreshContext(SpringApplication.java:464) ~[spring-boot-3.2.1.jar:3.2.1]
	at org.springframework.boot.SpringApplication.run(SpringApplication.java:334) ~[spring-boot-3.2.1.jar:3.2.1]
	at org.springframework.boot.test.context.SpringBootContextLoader.lambda$loadContext$3(SpringBootContextLoader.java:137) ~[spring-boot-test-3.2.1.jar:3.2.1]
	at org.springframework.util.function.ThrowingSupplier.get(ThrowingSupplier.java:58) ~[spring-core-6.1.2.jar:6.1.2]
	at org.springframework.util.function.ThrowingSupplier.get(ThrowingSupplier.java:46) ~[spring-core-6.1.2.jar:6.1.2]
	at org.springframework.boot.SpringApplication.withHook(SpringApplication.java:1458) ~[spring-boot-3.2.1.jar:3.2.1]
	at org.springframework.boot.test.context.SpringBootContextLoader$ContextLoaderHook.run(SpringBootContextLoader.java:552) ~[spring-boot-test-3.2.1.jar:3.2.1]
	at org.springframework.boot.test.context.SpringBootContextLoader.loadContext(SpringBootContextLoader.java:137) ~[spring-boot-test-3.2.1.jar:3.2.1]
	at org.springframework.boot.test.context.SpringBootContextLoader.loadContext(SpringBootContextLoader.java:108) ~[spring-boot-test-3.2.1.jar:3.2.1]
	at org.springframework.test.context.cache.DefaultCacheAwareContextLoaderDelegate.loadContextInternal(DefaultCacheAwareContextLoaderDelegate.java:225) ~[spring-test-6.1.2.jar:6.1.2]
	at org.springframework.test.context.cache.DefaultCacheAwareContextLoaderDelegate.loadContext(DefaultCacheAwareContextLoaderDelegate.java:152) ~[spring-test-6.1.2.jar:6.1.2]
	at org.springframework.test.context.support.DefaultTestContext.getApplicationContext(DefaultTestContext.java:130) ~[spring-test-6.1.2.jar:6.1.2]
	at org.springframework.test.context.web.ServletTestExecutionListener.setUpRequestContextIfNecessary(ServletTestExecutionListener.java:191) ~[spring-test-6.1.2.jar:6.1.2]
	at org.springframework.test.context.web.ServletTestExecutionListener.prepareTestInstance(ServletTestExecutionListener.java:130) ~[spring-test-6.1.2.jar:6.1.2]
	at org.springframework.test.context.TestContextManager.prepareTestInstance(TestContextManager.java:260) ~[spring-test-6.1.2.jar:6.1.2]
	at org.springframework.test.context.junit.jupiter.SpringExtension.postProcessTestInstance(SpringExtension.java:163) ~[spring-test-6.1.2.jar:6.1.2]
	at org.junit.jupiter.engine.descriptor.ClassBasedTestDescriptor.lambda$invokeTestInstancePostProcessors$10(ClassBasedTestDescriptor.java:378) ~[junit-jupiter-engine-5.10.1.jar:5.10.1]
	at org.junit.jupiter.engine.descriptor.ClassBasedTestDescriptor.executeAndMaskThrowable(ClassBasedTestDescriptor.java:383) ~[junit-jupiter-engine-5.10.1.jar:5.10.1]
	at org.junit.jupiter.engine.descriptor.ClassBasedTestDescriptor.lambda$invokeTestInstancePostProcessors$11(ClassBasedTestDescriptor.java:378) ~[junit-jupiter-engine-5.10.1.jar:5.10.1]
	at java.base/java.util.stream.ReferencePipeline$3$1.accept(ReferencePipeline.java:197) ~[na:na]
	at java.base/java.util.stream.ReferencePipeline$2$1.accept(ReferencePipeline.java:179) ~[na:na]
	at java.base/java.util.ArrayList$ArrayListSpliterator.forEachRemaining(ArrayList.java:1708) ~[na:na]
	at java.base/java.util.stream.AbstractPipeline.copyInto(AbstractPipeline.java:509) ~[na:na]
	at java.base/java.util.stream.AbstractPipeline.wrapAndCopyInto(AbstractPipeline.java:499) ~[na:na]
	at java.base/java.util.stream.StreamSpliterators$WrappingSpliterator.forEachRemaining(StreamSpliterators.java:310) ~[na:na]
	at java.base/java.util.stream.Streams$ConcatSpliterator.forEachRemaining(Streams.java:735) ~[na:na]
	at java.base/java.util.stream.Streams$ConcatSpliterator.forEachRemaining(Streams.java:734) ~[na:na]
	at java.base/java.util.stream.ReferencePipeline$Head.forEach(ReferencePipeline.java:762) ~[na:na]
	at org.junit.jupiter.engine.descriptor.ClassBasedTestDescriptor.invokeTestInstancePostProcessors(ClassBasedTestDescriptor.java:377) ~[junit-jupiter-engine-5.10.1.jar:5.10.1]
	at org.junit.jupiter.engine.descriptor.ClassBasedTestDescriptor.lambda$instantiateAndPostProcessTestInstance$6(ClassBasedTestDescriptor.java:290) ~[junit-jupiter-engine-5.10.1.jar:5.10.1]
	at org.junit.platform.engine.support.hierarchical.ThrowableCollector.execute(ThrowableCollector.java:73) ~[junit-platform-engine-1.10.1.jar:1.10.1]
	at org.junit.jupiter.engine.descriptor.ClassBasedTestDescriptor.instantiateAndPostProcessTestInstance(ClassBasedTestDescriptor.java:289) ~[junit-jupiter-engine-5.10.1.jar:5.10.1]
	at org.junit.jupiter.engine.descriptor.ClassBasedTestDescriptor.lambda$testInstancesProvider$4(ClassBasedTestDescriptor.java:279) ~[junit-jupiter-engine-5.10.1.jar:5.10.1]
	at java.base/java.util.Optional.orElseGet(Optional.java:364) ~[na:na]
	at org.junit.jupiter.engine.descriptor.ClassBasedTestDescriptor.lambda$testInstancesProvider$5(ClassBasedTestDescriptor.java:278) ~[junit-jupiter-engine-5.10.1.jar:5.10.1]
	at org.junit.jupiter.engine.execution.TestInstancesProvider.getTestInstances(TestInstancesProvider.java:31) ~[junit-jupiter-engine-5.10.1.jar:5.10.1]
	at org.junit.jupiter.engine.descriptor.TestMethodTestDescriptor.lambda$prepare$0(TestMethodTestDescriptor.java:106) ~[junit-jupiter-engine-5.10.1.jar:5.10.1]
	at org.junit.platform.engine.support.hierarchical.ThrowableCollector.execute(ThrowableCollector.java:73) ~[junit-platform-engine-1.10.1.jar:1.10.1]
	at org.junit.jupiter.engine.descriptor.TestMethodTestDescriptor.prepare(TestMethodTestDescriptor.java:105) ~[junit-jupiter-engine-5.10.1.jar:5.10.1]
	at org.junit.jupiter.engine.descriptor.TestMethodTestDescriptor.prepare(TestMethodTestDescriptor.java:69) ~[junit-jupiter-engine-5.10.1.jar:5.10.1]
	at org.junit.platform.engine.support.hierarchical.NodeTestTask.lambda$prepare$2(NodeTestTask.java:123) ~[junit-platform-engine-1.10.1.jar:1.10.1]
	at org.junit.platform.engine.support.hierarchical.ThrowableCollector.execute(ThrowableCollector.java:73) ~[junit-platform-engine-1.10.1.jar:1.10.1]
	at org.junit.platform.engine.support.hierarchical.NodeTestTask.prepare(NodeTestTask.java:123) ~[junit-platform-engine-1.10.1.jar:1.10.1]
	at org.junit.platform.engine.support.hierarchical.NodeTestTask.execute(NodeTestTask.java:90) ~[junit-platform-engine-1.10.1.jar:1.10.1]
	at java.base/java.util.ArrayList.forEach(ArrayList.java:1596) ~[na:na]
	at org.junit.platform.engine.support.hierarchical.SameThreadHierarchicalTestExecutorService.invokeAll(SameThreadHierarchicalTestExecutorService.java:41) ~[junit-platform-engine-1.10.1.jar:1.10.1]
	at org.junit.platform.engine.support.hierarchical.NodeTestTask.lambda$executeRecursively$6(NodeTestTask.java:155) ~[junit-platform-engine-1.10.1.jar:1.10.1]
	at org.junit.platform.engine.support.hierarchical.ThrowableCollector.execute(ThrowableCollector.java:73) ~[junit-platform-engine-1.10.1.jar:1.10.1]
	at org.junit.platform.engine.support.hierarchical.NodeTestTask.lambda$executeRecursively$8(NodeTestTask.java:141) ~[junit-platform-engine-1.10.1.jar:1.10.1]
	at org.junit.platform.engine.support.hierarchical.Node.around(Node.java:137) ~[junit-platform-engine-1.10.1.jar:1.10.1]
	at org.junit.platform.engine.support.hierarchical.NodeTestTask.lambda$executeRecursively$9(NodeTestTask.java:139) ~[junit-platform-engine-1.10.1.jar:1.10.1]
	at org.junit.platform.engine.support.hierarchical.ThrowableCollector.execute(ThrowableCollector.java:73) ~[junit-platform-engine-1.10.1.jar:1.10.1]
	at org.junit.platform.engine.support.hierarchical.NodeTestTask.executeRecursively(NodeTestTask.java:138) ~[junit-platform-engine-1.10.1.jar:1.10.1]
	at org.junit.platform.engine.support.hierarchical.NodeTestTask.execute(NodeTestTask.java:95) ~[junit-platform-engine-1.10.1.jar:1.10.1]
	at java.base/java.util.ArrayList.forEach(ArrayList.java:1596) ~[na:na]
	at org.junit.platform.engine.support.hierarchical.SameThreadHierarchicalTestExecutorService.invokeAll(SameThreadHierarchicalTestExecutorService.java:41) ~[junit-platform-engine-1.10.1.jar:1.10.1]
	at org.junit.platform.engine.support.hierarchical.NodeTestTask.lambda$executeRecursively$6(NodeTestTask.java:155) ~[junit-platform-engine-1.10.1.jar:1.10.1]
	at org.junit.platform.engine.support.hierarchical.ThrowableCollector.execute(ThrowableCollector.java:73) ~[junit-platform-engine-1.10.1.jar:1.10.1]
	at org.junit.platform.engine.support.hierarchical.NodeTestTask.lambda$executeRecursively$8(NodeTestTask.java:141) ~[junit-platform-engine-1.10.1.jar:1.10.1]
	at org.junit.platform.engine.support.hierarchical.Node.around(Node.java:137) ~[junit-platform-engine-1.10.1.jar:1.10.1]
	at org.junit.platform.engine.support.hierarchical.NodeTestTask.lambda$executeRecursively$9(NodeTestTask.java:139) ~[junit-platform-engine-1.10.1.jar:1.10.1]
	at org.junit.platform.engine.support.hierarchical.ThrowableCollector.execute(ThrowableCollector.java:73) ~[junit-platform-engine-1.10.1.jar:1.10.1]
	at org.junit.platform.engine.support.hierarchical.NodeTestTask.executeRecursively(NodeTestTask.java:138) ~[junit-platform-engine-1.10.1.jar:1.10.1]
	at org.junit.platform.engine.support.hierarchical.NodeTestTask.execute(NodeTestTask.java:95) ~[junit-platform-engine-1.10.1.jar:1.10.1]
	at org.junit.platform.engine.support.hierarchical.SameThreadHierarchicalTestExecutorService.submit(SameThreadHierarchicalTestExecutorService.java:35) ~[junit-platform-engine-1.10.1.jar:1.10.1]
	at org.junit.platform.engine.support.hierarchical.HierarchicalTestExecutor.execute(HierarchicalTestExecutor.java:57) ~[junit-platform-engine-1.10.1.jar:1.10.1]
	at org.junit.platform.engine.support.hierarchical.HierarchicalTestEngine.execute(HierarchicalTestEngine.java:54) ~[junit-platform-engine-1.10.1.jar:1.10.1]
	at org.junit.platform.launcher.core.EngineExecutionOrchestrator.execute(EngineExecutionOrchestrator.java:198) ~[junit-platform-launcher-1.10.1.jar:1.10.1]
	at org.junit.platform.launcher.core.EngineExecutionOrchestrator.execute(EngineExecutionOrchestrator.java:169) ~[junit-platform-launcher-1.10.1.jar:1.10.1]
	at org.junit.platform.launcher.core.EngineExecutionOrchestrator.execute(EngineExecutionOrchestrator.java:93) ~[junit-platform-launcher-1.10.1.jar:1.10.1]
	at org.junit.platform.launcher.core.EngineExecutionOrchestrator.lambda$execute$0(EngineExecutionOrchestrator.java:58) ~[junit-platform-launcher-1.10.1.jar:1.10.1]
	at org.junit.platform.launcher.core.EngineExecutionOrchestrator.withInterceptedStreams(EngineExecutionOrchestrator.java:141) ~[junit-platform-launcher-1.10.1.jar:1.10.1]
	at org.junit.platform.launcher.core.EngineExecutionOrchestrator.execute(EngineExecutionOrchestrator.java:57) ~[junit-platform-launcher-1.10.1.jar:1.10.1]
	at org.junit.platform.launcher.core.DefaultLauncher.execute(DefaultLauncher.java:103) ~[junit-platform-launcher-1.10.1.jar:1.10.1]
	at org.junit.platform.launcher.core.DefaultLauncher.execute(DefaultLauncher.java:85) ~[junit-platform-launcher-1.10.1.jar:1.10.1]
	at org.junit.platform.launcher.core.DelegatingLauncher.execute(DelegatingLauncher.java:47) ~[junit-platform-launcher-1.10.1.jar:1.10.1]
	at org.apache.maven.surefire.junitplatform.LazyLauncher.execute(LazyLauncher.java:56) ~[surefire-junit-platform-3.1.2.jar:3.1.2]
	at org.apache.maven.surefire.junitplatform.JUnitPlatformProvider.execute(JUnitPlatformProvider.java:184) ~[surefire-junit-platform-3.1.2.jar:3.1.2]
	at org.apache.maven.surefire.junitplatform.JUnitPlatformProvider.invokeAllTests(JUnitPlatformProvider.java:148) ~[surefire-junit-platform-3.1.2.jar:3.1.2]
	at org.apache.maven.surefire.junitplatform.JUnitPlatformProvider.invoke(JUnitPlatformProvider.java:122) ~[surefire-junit-platform-3.1.2.jar:3.1.2]
	at org.apache.maven.surefire.booter.ForkedBooter.runSuitesInProcess(ForkedBooter.java:385) ~[surefire-booter-3.1.2.jar:3.1.2]
	at org.apache.maven.surefire.booter.ForkedBooter.execute(ForkedBooter.java:162) ~[surefire-booter-3.1.2.jar:3.1.2]
	at org.apache.maven.surefire.booter.ForkedBooter.run(ForkedBooter.java:507) ~[surefire-booter-3.1.2.jar:3.1.2]
	at org.apache.maven.surefire.booter.ForkedBooter.main(ForkedBooter.java:495) ~[surefire-booter-3.1.2.jar:3.1.2]

2025-01-09T08:37:05.843-06:00 DEBUG 20036 --- [           main] o.s.d.jpa.repository.query.NamedQuery    : Did not find named query Channel.findDirectMessageChannels.count
2025-01-09T08:37:05.843-06:00 DEBUG 20036 --- [           main] tor$SharedEntityManagerInvocationHandler : Creating new EntityManager for shared EntityManager invocation
2025-01-09T08:37:05.843-06:00 DEBUG 20036 --- [           main] org.hibernate.orm.query.hql              : HQL : SELECT c FROM Channel c WHERE c.type = 'DIRECT_MESSAGE' AND EXISTS (SELECT m FROM c.members m WHERE m.id = :userId)
2025-01-09T08:37:05.843-06:00 DEBUG 20036 --- [           main] o.h.o.q.hql.reservedWordAsIdentifier     : Encountered use of reserved word as identifier : =
2025-01-09T08:37:05.843-06:00 DEBUG 20036 --- [           main] o.h.o.q.hql.reservedWordAsIdentifier     : Encountered use of reserved word as identifier : =
2025-01-09T08:37:05.845-06:00 DEBUG 20036 --- [           main] org.hibernate.orm.query.sqm.creation     : Applying inferable type to SqmExpression [SqmNamedParameter(userId)] : null -> SqmBasicValuedSimplePath(com.chatgenius.model.Channel(c).members(m).{element}.id)
2025-01-09T08:37:05.845-06:00 DEBUG 20036 --- [           main] org.hibernate.orm.query.sqm.ast          : SqmStatement Tree :
    -> [select]
      -> [query-spec]
        -> [select]
          -> [selection]
            -> [root] - `com.chatgenius.model.Channel(c)`
            <- [root] - `com.chatgenius.model.Channel(c)`
          <- [selection]
        <- [select]
        -> [from]
          -> [root] - `com.chatgenius.model.Channel(c)`
          <- [root] - `com.chatgenius.model.Channel(c)`
        <- [from]
        -> [where]
          -> [and]
            -> [EQUAL]
                -> [basic-path] - `com.chatgenius.model.Channel(c).type`
            <- [EQUAL]
          <- [and]
        <- [where]
      <- [query-spec]
    <- [select]

2025-01-09T08:37:05.846-06:00 DEBUG 20036 --- [           main] o.s.d.jpa.repository.query.NamedQuery    : Looking up named query Channel.existsByName
2025-01-09T08:37:05.846-06:00 DEBUG 20036 --- [           main] cResourceLocalTransactionCoordinatorImpl : JDBC transaction marked for rollback-only (exception provided for stack trace)

java.lang.Exception: exception just for purpose of providing stack trace
	at org.hibernate.resource.transaction.backend.jdbc.internal.JdbcResourceLocalTransactionCoordinatorImpl$TransactionDriverControlImpl.markRollbackOnly(JdbcResourceLocalTransactionCoordinatorImpl.java:310) ~[hibernate-core-6.4.1.Final.jar:6.4.1.Final]
	at org.hibernate.internal.AbstractSharedSessionContract.buildNamedQuery(AbstractSharedSessionContract.java:1076) ~[hibernate-core-6.4.1.Final.jar:6.4.1.Final]
	at org.hibernate.internal.AbstractSharedSessionContract.createNamedQuery(AbstractSharedSessionContract.java:954) ~[hibernate-core-6.4.1.Final.jar:6.4.1.Final]
	at org.hibernate.internal.AbstractSharedSessionContract.createNamedQuery(AbstractSharedSessionContract.java:133) ~[hibernate-core-6.4.1.Final.jar:6.4.1.Final]
	at java.base/jdk.internal.reflect.DirectMethodHandleAccessor.invoke(DirectMethodHandleAccessor.java:103) ~[na:na]
	at java.base/java.lang.reflect.Method.invoke(Method.java:580) ~[na:na]
	at org.springframework.orm.jpa.ExtendedEntityManagerCreator$ExtendedEntityManagerInvocationHandler.invoke(ExtendedEntityManagerCreator.java:364) ~[spring-orm-6.1.2.jar:6.1.2]
	at jdk.proxy2/jdk.proxy2.$Proxy186.createNamedQuery(Unknown Source) ~[na:na]
	at org.springframework.data.jpa.repository.query.NamedQuery.hasNamedQuery(NamedQuery.java:113) ~[spring-data-jpa-3.2.1.jar:3.2.1]
	at org.springframework.data.jpa.repository.query.NamedQuery.lookupFrom(NamedQuery.java:141) ~[spring-data-jpa-3.2.1.jar:3.2.1]
	at org.springframework.data.jpa.repository.query.JpaQueryLookupStrategy$DeclaredQueryLookupStrategy.resolveQuery(JpaQueryLookupStrategy.java:180) ~[spring-data-jpa-3.2.1.jar:3.2.1]
	at org.springframework.data.jpa.repository.query.JpaQueryLookupStrategy$CreateIfNotFoundQueryLookupStrategy.resolveQuery(JpaQueryLookupStrategy.java:252) ~[spring-data-jpa-3.2.1.jar:3.2.1]
	at org.springframework.data.jpa.repository.query.JpaQueryLookupStrategy$AbstractQueryLookupStrategy.resolveQuery(JpaQueryLookupStrategy.java:95) ~[spring-data-jpa-3.2.1.jar:3.2.1]
	at org.springframework.data.repository.core.support.QueryExecutorMethodInterceptor.lookupQuery(QueryExecutorMethodInterceptor.java:111) ~[spring-data-commons-3.2.1.jar:3.2.1]
	at org.springframework.data.repository.core.support.QueryExecutorMethodInterceptor.mapMethodsToQuery(QueryExecutorMethodInterceptor.java:99) ~[spring-data-commons-3.2.1.jar:3.2.1]
	at org.springframework.data.repository.core.support.QueryExecutorMethodInterceptor.lambda$new$0(QueryExecutorMethodInterceptor.java:88) ~[spring-data-commons-3.2.1.jar:3.2.1]
	at java.base/java.util.Optional.map(Optional.java:260) ~[na:na]
	at org.springframework.data.repository.core.support.QueryExecutorMethodInterceptor.<init>(QueryExecutorMethodInterceptor.java:88) ~[spring-data-commons-3.2.1.jar:3.2.1]
	at org.springframework.data.repository.core.support.RepositoryFactorySupport.getRepository(RepositoryFactorySupport.java:357) ~[spring-data-commons-3.2.1.jar:3.2.1]
	at org.springframework.data.repository.core.support.RepositoryFactoryBeanSupport.lambda$afterPropertiesSet$5(RepositoryFactoryBeanSupport.java:279) ~[spring-data-commons-3.2.1.jar:3.2.1]
	at org.springframework.data.util.Lazy.getNullable(Lazy.java:135) ~[spring-data-commons-3.2.1.jar:3.2.1]
	at org.springframework.data.util.Lazy.get(Lazy.java:113) ~[spring-data-commons-3.2.1.jar:3.2.1]
	at org.springframework.data.repository.core.support.RepositoryFactoryBeanSupport.afterPropertiesSet(RepositoryFactoryBeanSupport.java:285) ~[spring-data-commons-3.2.1.jar:3.2.1]
	at org.springframework.data.jpa.repository.support.JpaRepositoryFactoryBean.afterPropertiesSet(JpaRepositoryFactoryBean.java:132) ~[spring-data-jpa-3.2.1.jar:3.2.1]
	at org.springframework.beans.factory.support.AbstractAutowireCapableBeanFactory.invokeInitMethods(AbstractAutowireCapableBeanFactory.java:1820) ~[spring-beans-6.1.2.jar:6.1.2]
	at org.springframework.beans.factory.support.AbstractAutowireCapableBeanFactory.initializeBean(AbstractAutowireCapableBeanFactory.java:1769) ~[spring-beans-6.1.2.jar:6.1.2]
	at org.springframework.beans.factory.support.AbstractAutowireCapableBeanFactory.doCreateBean(AbstractAutowireCapableBeanFactory.java:599) ~[spring-beans-6.1.2.jar:6.1.2]
	at org.springframework.beans.factory.support.AbstractAutowireCapableBeanFactory.createBean(AbstractAutowireCapableBeanFactory.java:521) ~[spring-beans-6.1.2.jar:6.1.2]
	at org.springframework.beans.factory.support.AbstractBeanFactory.lambda$doGetBean$0(AbstractBeanFactory.java:325) ~[spring-beans-6.1.2.jar:6.1.2]
	at org.springframework.beans.factory.support.DefaultSingletonBeanRegistry.getSingleton(DefaultSingletonBeanRegistry.java:234) ~[spring-beans-6.1.2.jar:6.1.2]
	at org.springframework.beans.factory.support.AbstractBeanFactory.doGetBean(AbstractBeanFactory.java:323) ~[spring-beans-6.1.2.jar:6.1.2]
	at org.springframework.beans.factory.support.AbstractBeanFactory.getBean(AbstractBeanFactory.java:199) ~[spring-beans-6.1.2.jar:6.1.2]
	at org.springframework.beans.factory.config.DependencyDescriptor.resolveCandidate(DependencyDescriptor.java:254) ~[spring-beans-6.1.2.jar:6.1.2]
	at org.springframework.beans.factory.support.DefaultListableBeanFactory.doResolveDependency(DefaultListableBeanFactory.java:1443) ~[spring-beans-6.1.2.jar:6.1.2]
	at org.springframework.beans.factory.support.DefaultListableBeanFactory.resolveDependency(DefaultListableBeanFactory.java:1353) ~[spring-beans-6.1.2.jar:6.1.2]
	at org.springframework.beans.factory.support.ConstructorResolver.resolveAutowiredArgument(ConstructorResolver.java:911) ~[spring-beans-6.1.2.jar:6.1.2]
	at org.springframework.beans.factory.support.ConstructorResolver.createArgumentArray(ConstructorResolver.java:789) ~[spring-beans-6.1.2.jar:6.1.2]
	at org.springframework.beans.factory.support.ConstructorResolver.autowireConstructor(ConstructorResolver.java:241) ~[spring-beans-6.1.2.jar:6.1.2]
	at org.springframework.beans.factory.support.AbstractAutowireCapableBeanFactory.autowireConstructor(AbstractAutowireCapableBeanFactory.java:1354) ~[spring-beans-6.1.2.jar:6.1.2]
	at org.springframework.beans.factory.support.AbstractAutowireCapableBeanFactory.createBeanInstance(AbstractAutowireCapableBeanFactory.java:1191) ~[spring-beans-6.1.2.jar:6.1.2]
	at org.springframework.beans.factory.support.AbstractAutowireCapableBeanFactory.doCreateBean(AbstractAutowireCapableBeanFactory.java:561) ~[spring-beans-6.1.2.jar:6.1.2]
	at org.springframework.beans.factory.support.AbstractAutowireCapableBeanFactory.createBean(AbstractAutowireCapableBeanFactory.java:521) ~[spring-beans-6.1.2.jar:6.1.2]
	at org.springframework.beans.factory.support.AbstractBeanFactory.lambda$doGetBean$0(AbstractBeanFactory.java:325) ~[spring-beans-6.1.2.jar:6.1.2]
	at org.springframework.beans.factory.support.DefaultSingletonBeanRegistry.getSingleton(DefaultSingletonBeanRegistry.java:234) ~[spring-beans-6.1.2.jar:6.1.2]
	at org.springframework.beans.factory.support.AbstractBeanFactory.doGetBean(AbstractBeanFactory.java:323) ~[spring-beans-6.1.2.jar:6.1.2]
	at org.springframework.beans.factory.support.AbstractBeanFactory.getBean(AbstractBeanFactory.java:199) ~[spring-beans-6.1.2.jar:6.1.2]
	at org.springframework.beans.factory.config.DependencyDescriptor.resolveCandidate(DependencyDescriptor.java:254) ~[spring-beans-6.1.2.jar:6.1.2]
	at org.springframework.beans.factory.support.DefaultListableBeanFactory.doResolveDependency(DefaultListableBeanFactory.java:1443) ~[spring-beans-6.1.2.jar:6.1.2]
	at org.springframework.beans.factory.support.DefaultListableBeanFactory.resolveDependency(DefaultListableBeanFactory.java:1353) ~[spring-beans-6.1.2.jar:6.1.2]
	at org.springframework.beans.factory.support.ConstructorResolver.resolveAutowiredArgument(ConstructorResolver.java:911) ~[spring-beans-6.1.2.jar:6.1.2]
	at org.springframework.beans.factory.support.ConstructorResolver.createArgumentArray(ConstructorResolver.java:789) ~[spring-beans-6.1.2.jar:6.1.2]
	at org.springframework.beans.factory.support.ConstructorResolver.autowireConstructor(ConstructorResolver.java:241) ~[spring-beans-6.1.2.jar:6.1.2]
	at org.springframework.beans.factory.support.AbstractAutowireCapableBeanFactory.autowireConstructor(AbstractAutowireCapableBeanFactory.java:1354) ~[spring-beans-6.1.2.jar:6.1.2]
	at org.springframework.beans.factory.support.AbstractAutowireCapableBeanFactory.createBeanInstance(AbstractAutowireCapableBeanFactory.java:1191) ~[spring-beans-6.1.2.jar:6.1.2]
	at org.springframework.beans.factory.support.AbstractAutowireCapableBeanFactory.doCreateBean(AbstractAutowireCapableBeanFactory.java:561) ~[spring-beans-6.1.2.jar:6.1.2]
	at org.springframework.beans.factory.support.AbstractAutowireCapableBeanFactory.createBean(AbstractAutowireCapableBeanFactory.java:521) ~[spring-beans-6.1.2.jar:6.1.2]
	at org.springframework.beans.factory.support.AbstractBeanFactory.lambda$doGetBean$0(AbstractBeanFactory.java:325) ~[spring-beans-6.1.2.jar:6.1.2]
	at org.springframework.beans.factory.support.DefaultSingletonBeanRegistry.getSingleton(DefaultSingletonBeanRegistry.java:234) ~[spring-beans-6.1.2.jar:6.1.2]
	at org.springframework.beans.factory.support.AbstractBeanFactory.doGetBean(AbstractBeanFactory.java:323) ~[spring-beans-6.1.2.jar:6.1.2]
	at org.springframework.beans.factory.support.AbstractBeanFactory.getBean(AbstractBeanFactory.java:199) ~[spring-beans-6.1.2.jar:6.1.2]
	at org.springframework.beans.factory.support.DefaultListableBeanFactory.preInstantiateSingletons(DefaultListableBeanFactory.java:975) ~[spring-beans-6.1.2.jar:6.1.2]
	at org.springframework.context.support.AbstractApplicationContext.finishBeanFactoryInitialization(AbstractApplicationContext.java:960) ~[spring-context-6.1.2.jar:6.1.2]
	at org.springframework.context.support.AbstractApplicationContext.refresh(AbstractApplicationContext.java:625) ~[spring-context-6.1.2.jar:6.1.2]
	at org.springframework.boot.SpringApplication.refresh(SpringApplication.java:762) ~[spring-boot-3.2.1.jar:3.2.1]
	at org.springframework.boot.SpringApplication.refreshContext(SpringApplication.java:464) ~[spring-boot-3.2.1.jar:3.2.1]
	at org.springframework.boot.SpringApplication.run(SpringApplication.java:334) ~[spring-boot-3.2.1.jar:3.2.1]
	at org.springframework.boot.test.context.SpringBootContextLoader.lambda$loadContext$3(SpringBootContextLoader.java:137) ~[spring-boot-test-3.2.1.jar:3.2.1]
	at org.springframework.util.function.ThrowingSupplier.get(ThrowingSupplier.java:58) ~[spring-core-6.1.2.jar:6.1.2]
	at org.springframework.util.function.ThrowingSupplier.get(ThrowingSupplier.java:46) ~[spring-core-6.1.2.jar:6.1.2]
	at org.springframework.boot.SpringApplication.withHook(SpringApplication.java:1458) ~[spring-boot-3.2.1.jar:3.2.1]
	at org.springframework.boot.test.context.SpringBootContextLoader$ContextLoaderHook.run(SpringBootContextLoader.java:552) ~[spring-boot-test-3.2.1.jar:3.2.1]
	at org.springframework.boot.test.context.SpringBootContextLoader.loadContext(SpringBootContextLoader.java:137) ~[spring-boot-test-3.2.1.jar:3.2.1]
	at org.springframework.boot.test.context.SpringBootContextLoader.loadContext(SpringBootContextLoader.java:108) ~[spring-boot-test-3.2.1.jar:3.2.1]
	at org.springframework.test.context.cache.DefaultCacheAwareContextLoaderDelegate.loadContextInternal(DefaultCacheAwareContextLoaderDelegate.java:225) ~[spring-test-6.1.2.jar:6.1.2]
	at org.springframework.test.context.cache.DefaultCacheAwareContextLoaderDelegate.loadContext(DefaultCacheAwareContextLoaderDelegate.java:152) ~[spring-test-6.1.2.jar:6.1.2]
	at org.springframework.test.context.support.DefaultTestContext.getApplicationContext(DefaultTestContext.java:130) ~[spring-test-6.1.2.jar:6.1.2]
	at org.springframework.test.context.web.ServletTestExecutionListener.setUpRequestContextIfNecessary(ServletTestExecutionListener.java:191) ~[spring-test-6.1.2.jar:6.1.2]
	at org.springframework.test.context.web.ServletTestExecutionListener.prepareTestInstance(ServletTestExecutionListener.java:130) ~[spring-test-6.1.2.jar:6.1.2]
	at org.springframework.test.context.TestContextManager.prepareTestInstance(TestContextManager.java:260) ~[spring-test-6.1.2.jar:6.1.2]
	at org.springframework.test.context.junit.jupiter.SpringExtension.postProcessTestInstance(SpringExtension.java:163) ~[spring-test-6.1.2.jar:6.1.2]
	at org.junit.jupiter.engine.descriptor.ClassBasedTestDescriptor.lambda$invokeTestInstancePostProcessors$10(ClassBasedTestDescriptor.java:378) ~[junit-jupiter-engine-5.10.1.jar:5.10.1]
	at org.junit.jupiter.engine.descriptor.ClassBasedTestDescriptor.executeAndMaskThrowable(ClassBasedTestDescriptor.java:383) ~[junit-jupiter-engine-5.10.1.jar:5.10.1]
	at org.junit.jupiter.engine.descriptor.ClassBasedTestDescriptor.lambda$invokeTestInstancePostProcessors$11(ClassBasedTestDescriptor.java:378) ~[junit-jupiter-engine-5.10.1.jar:5.10.1]
	at java.base/java.util.stream.ReferencePipeline$3$1.accept(ReferencePipeline.java:197) ~[na:na]
	at java.base/java.util.stream.ReferencePipeline$2$1.accept(ReferencePipeline.java:179) ~[na:na]
	at java.base/java.util.ArrayList$ArrayListSpliterator.forEachRemaining(ArrayList.java:1708) ~[na:na]
	at java.base/java.util.stream.AbstractPipeline.copyInto(AbstractPipeline.java:509) ~[na:na]
	at java.base/java.util.stream.AbstractPipeline.wrapAndCopyInto(AbstractPipeline.java:499) ~[na:na]
	at java.base/java.util.stream.StreamSpliterators$WrappingSpliterator.forEachRemaining(StreamSpliterators.java:310) ~[na:na]
	at java.base/java.util.stream.Streams$ConcatSpliterator.forEachRemaining(Streams.java:735) ~[na:na]
	at java.base/java.util.stream.Streams$ConcatSpliterator.forEachRemaining(Streams.java:734) ~[na:na]
	at java.base/java.util.stream.ReferencePipeline$Head.forEach(ReferencePipeline.java:762) ~[na:na]
	at org.junit.jupiter.engine.descriptor.ClassBasedTestDescriptor.invokeTestInstancePostProcessors(ClassBasedTestDescriptor.java:377) ~[junit-jupiter-engine-5.10.1.jar:5.10.1]
	at org.junit.jupiter.engine.descriptor.ClassBasedTestDescriptor.lambda$instantiateAndPostProcessTestInstance$6(ClassBasedTestDescriptor.java:290) ~[junit-jupiter-engine-5.10.1.jar:5.10.1]
	at org.junit.platform.engine.support.hierarchical.ThrowableCollector.execute(ThrowableCollector.java:73) ~[junit-platform-engine-1.10.1.jar:1.10.1]
	at org.junit.jupiter.engine.descriptor.ClassBasedTestDescriptor.instantiateAndPostProcessTestInstance(ClassBasedTestDescriptor.java:289) ~[junit-jupiter-engine-5.10.1.jar:5.10.1]
	at org.junit.jupiter.engine.descriptor.ClassBasedTestDescriptor.lambda$testInstancesProvider$4(ClassBasedTestDescriptor.java:279) ~[junit-jupiter-engine-5.10.1.jar:5.10.1]
	at java.base/java.util.Optional.orElseGet(Optional.java:364) ~[na:na]
	at org.junit.jupiter.engine.descriptor.ClassBasedTestDescriptor.lambda$testInstancesProvider$5(ClassBasedTestDescriptor.java:278) ~[junit-jupiter-engine-5.10.1.jar:5.10.1]
	at org.junit.jupiter.engine.execution.TestInstancesProvider.getTestInstances(TestInstancesProvider.java:31) ~[junit-jupiter-engine-5.10.1.jar:5.10.1]
	at org.junit.jupiter.engine.descriptor.TestMethodTestDescriptor.lambda$prepare$0(TestMethodTestDescriptor.java:106) ~[junit-jupiter-engine-5.10.1.jar:5.10.1]
	at org.junit.platform.engine.support.hierarchical.ThrowableCollector.execute(ThrowableCollector.java:73) ~[junit-platform-engine-1.10.1.jar:1.10.1]
	at org.junit.jupiter.engine.descriptor.TestMethodTestDescriptor.prepare(TestMethodTestDescriptor.java:105) ~[junit-jupiter-engine-5.10.1.jar:5.10.1]
	at org.junit.jupiter.engine.descriptor.TestMethodTestDescriptor.prepare(TestMethodTestDescriptor.java:69) ~[junit-jupiter-engine-5.10.1.jar:5.10.1]
	at org.junit.platform.engine.support.hierarchical.NodeTestTask.lambda$prepare$2(NodeTestTask.java:123) ~[junit-platform-engine-1.10.1.jar:1.10.1]
	at org.junit.platform.engine.support.hierarchical.ThrowableCollector.execute(ThrowableCollector.java:73) ~[junit-platform-engine-1.10.1.jar:1.10.1]
	at org.junit.platform.engine.support.hierarchical.NodeTestTask.prepare(NodeTestTask.java:123) ~[junit-platform-engine-1.10.1.jar:1.10.1]
	at org.junit.platform.engine.support.hierarchical.NodeTestTask.execute(NodeTestTask.java:90) ~[junit-platform-engine-1.10.1.jar:1.10.1]
	at java.base/java.util.ArrayList.forEach(ArrayList.java:1596) ~[na:na]
	at org.junit.platform.engine.support.hierarchical.SameThreadHierarchicalTestExecutorService.invokeAll(SameThreadHierarchicalTestExecutorService.java:41) ~[junit-platform-engine-1.10.1.jar:1.10.1]
	at org.junit.platform.engine.support.hierarchical.NodeTestTask.lambda$executeRecursively$6(NodeTestTask.java:155) ~[junit-platform-engine-1.10.1.jar:1.10.1]
	at org.junit.platform.engine.support.hierarchical.ThrowableCollector.execute(ThrowableCollector.java:73) ~[junit-platform-engine-1.10.1.jar:1.10.1]
	at org.junit.platform.engine.support.hierarchical.NodeTestTask.lambda$executeRecursively$8(NodeTestTask.java:141) ~[junit-platform-engine-1.10.1.jar:1.10.1]
	at org.junit.platform.engine.support.hierarchical.Node.around(Node.java:137) ~[junit-platform-engine-1.10.1.jar:1.10.1]
	at org.junit.platform.engine.support.hierarchical.NodeTestTask.lambda$executeRecursively$9(NodeTestTask.java:139) ~[junit-platform-engine-1.10.1.jar:1.10.1]
	at org.junit.platform.engine.support.hierarchical.ThrowableCollector.execute(ThrowableCollector.java:73) ~[junit-platform-engine-1.10.1.jar:1.10.1]
	at org.junit.platform.engine.support.hierarchical.NodeTestTask.executeRecursively(NodeTestTask.java:138) ~[junit-platform-engine-1.10.1.jar:1.10.1]
	at org.junit.platform.engine.support.hierarchical.NodeTestTask.execute(NodeTestTask.java:95) ~[junit-platform-engine-1.10.1.jar:1.10.1]
	at java.base/java.util.ArrayList.forEach(ArrayList.java:1596) ~[na:na]
	at org.junit.platform.engine.support.hierarchical.SameThreadHierarchicalTestExecutorService.invokeAll(SameThreadHierarchicalTestExecutorService.java:41) ~[junit-platform-engine-1.10.1.jar:1.10.1]
	at org.junit.platform.engine.support.hierarchical.NodeTestTask.lambda$executeRecursively$6(NodeTestTask.java:155) ~[junit-platform-engine-1.10.1.jar:1.10.1]
	at org.junit.platform.engine.support.hierarchical.ThrowableCollector.execute(ThrowableCollector.java:73) ~[junit-platform-engine-1.10.1.jar:1.10.1]
	at org.junit.platform.engine.support.hierarchical.NodeTestTask.lambda$executeRecursively$8(NodeTestTask.java:141) ~[junit-platform-engine-1.10.1.jar:1.10.1]
	at org.junit.platform.engine.support.hierarchical.Node.around(Node.java:137) ~[junit-platform-engine-1.10.1.jar:1.10.1]
	at org.junit.platform.engine.support.hierarchical.NodeTestTask.lambda$executeRecursively$9(NodeTestTask.java:139) ~[junit-platform-engine-1.10.1.jar:1.10.1]
	at org.junit.platform.engine.support.hierarchical.ThrowableCollector.execute(ThrowableCollector.java:73) ~[junit-platform-engine-1.10.1.jar:1.10.1]
	at org.junit.platform.engine.support.hierarchical.NodeTestTask.executeRecursively(NodeTestTask.java:138) ~[junit-platform-engine-1.10.1.jar:1.10.1]
	at org.junit.platform.engine.support.hierarchical.NodeTestTask.execute(NodeTestTask.java:95) ~[junit-platform-engine-1.10.1.jar:1.10.1]
	at org.junit.platform.engine.support.hierarchical.SameThreadHierarchicalTestExecutorService.submit(SameThreadHierarchicalTestExecutorService.java:35) ~[junit-platform-engine-1.10.1.jar:1.10.1]
	at org.junit.platform.engine.support.hierarchical.HierarchicalTestExecutor.execute(HierarchicalTestExecutor.java:57) ~[junit-platform-engine-1.10.1.jar:1.10.1]
	at org.junit.platform.engine.support.hierarchical.HierarchicalTestEngine.execute(HierarchicalTestEngine.java:54) ~[junit-platform-engine-1.10.1.jar:1.10.1]
	at org.junit.platform.launcher.core.EngineExecutionOrchestrator.execute(EngineExecutionOrchestrator.java:198) ~[junit-platform-launcher-1.10.1.jar:1.10.1]
	at org.junit.platform.launcher.core.EngineExecutionOrchestrator.execute(EngineExecutionOrchestrator.java:169) ~[junit-platform-launcher-1.10.1.jar:1.10.1]
	at org.junit.platform.launcher.core.EngineExecutionOrchestrator.execute(EngineExecutionOrchestrator.java:93) ~[junit-platform-launcher-1.10.1.jar:1.10.1]
	at org.junit.platform.launcher.core.EngineExecutionOrchestrator.lambda$execute$0(EngineExecutionOrchestrator.java:58) ~[junit-platform-launcher-1.10.1.jar:1.10.1]
	at org.junit.platform.launcher.core.EngineExecutionOrchestrator.withInterceptedStreams(EngineExecutionOrchestrator.java:141) ~[junit-platform-launcher-1.10.1.jar:1.10.1]
	at org.junit.platform.launcher.core.EngineExecutionOrchestrator.execute(EngineExecutionOrchestrator.java:57) ~[junit-platform-launcher-1.10.1.jar:1.10.1]
	at org.junit.platform.launcher.core.DefaultLauncher.execute(DefaultLauncher.java:103) ~[junit-platform-launcher-1.10.1.jar:1.10.1]
	at org.junit.platform.launcher.core.DefaultLauncher.execute(DefaultLauncher.java:85) ~[junit-platform-launcher-1.10.1.jar:1.10.1]
	at org.junit.platform.launcher.core.DelegatingLauncher.execute(DelegatingLauncher.java:47) ~[junit-platform-launcher-1.10.1.jar:1.10.1]
	at org.apache.maven.surefire.junitplatform.LazyLauncher.execute(LazyLauncher.java:56) ~[surefire-junit-platform-3.1.2.jar:3.1.2]
	at org.apache.maven.surefire.junitplatform.JUnitPlatformProvider.execute(JUnitPlatformProvider.java:184) ~[surefire-junit-platform-3.1.2.jar:3.1.2]
	at org.apache.maven.surefire.junitplatform.JUnitPlatformProvider.invokeAllTests(JUnitPlatformProvider.java:148) ~[surefire-junit-platform-3.1.2.jar:3.1.2]
	at org.apache.maven.surefire.junitplatform.JUnitPlatformProvider.invoke(JUnitPlatformProvider.java:122) ~[surefire-junit-platform-3.1.2.jar:3.1.2]
	at org.apache.maven.surefire.booter.ForkedBooter.runSuitesInProcess(ForkedBooter.java:385) ~[surefire-booter-3.1.2.jar:3.1.2]
	at org.apache.maven.surefire.booter.ForkedBooter.execute(ForkedBooter.java:162) ~[surefire-booter-3.1.2.jar:3.1.2]
	at org.apache.maven.surefire.booter.ForkedBooter.run(ForkedBooter.java:507) ~[surefire-booter-3.1.2.jar:3.1.2]
	at org.apache.maven.surefire.booter.ForkedBooter.main(ForkedBooter.java:495) ~[surefire-booter-3.1.2.jar:3.1.2]

2025-01-09T08:37:05.847-06:00 DEBUG 20036 --- [           main] o.s.d.jpa.repository.query.NamedQuery    : Did not find named query Channel.existsByName
2025-01-09T08:37:05.847-06:00 DEBUG 20036 --- [           main] tor$SharedEntityManagerInvocationHandler : Creating new EntityManager for shared EntityManager invocation
2025-01-09T08:37:05.849-06:00 DEBUG 20036 --- [           main] cResourceLocalTransactionCoordinatorImpl : JDBC transaction marked for rollback-only (exception provided for stack trace)

java.lang.Exception: exception just for purpose of providing stack trace
	at org.hibernate.resource.transaction.backend.jdbc.internal.JdbcResourceLocalTransactionCoordinatorImpl$TransactionDriverControlImpl.markRollbackOnly(JdbcResourceLocalTransactionCoordinatorImpl.java:310) ~[hibernate-core-6.4.1.Final.jar:6.4.1.Final]
	at org.hibernate.internal.AbstractSharedSessionContract.buildNamedQuery(AbstractSharedSessionContract.java:1076) ~[hibernate-core-6.4.1.Final.jar:6.4.1.Final]
	at org.hibernate.internal.AbstractSharedSessionContract.createNamedQuery(AbstractSharedSessionContract.java:954) ~[hibernate-core-6.4.1.Final.jar:6.4.1.Final]
	at org.hibernate.internal.AbstractSharedSessionContract.createNamedQuery(AbstractSharedSessionContract.java:133) ~[hibernate-core-6.4.1.Final.jar:6.4.1.Final]
	at java.base/jdk.internal.reflect.DirectMethodHandleAccessor.invoke(DirectMethodHandleAccessor.java:103) ~[na:na]
	at java.base/java.lang.reflect.Method.invoke(Method.java:580) ~[na:na]
	at org.springframework.orm.jpa.ExtendedEntityManagerCreator$ExtendedEntityManagerInvocationHandler.invoke(ExtendedEntityManagerCreator.java:364) ~[spring-orm-6.1.2.jar:6.1.2]
	at jdk.proxy2/jdk.proxy2.$Proxy186.createNamedQuery(Unknown Source) ~[na:na]
	at org.springframework.data.jpa.repository.query.NamedQuery.hasNamedQuery(NamedQuery.java:113) ~[spring-data-jpa-3.2.1.jar:3.2.1]
	at org.springframework.data.jpa.repository.query.JpaQueryLookupStrategy$DeclaredQueryLookupStrategy.getCountQuery(JpaQueryLookupStrategy.java:204) ~[spring-data-jpa-3.2.1.jar:3.2.1]
	at org.springframework.data.jpa.repository.query.JpaQueryLookupStrategy$DeclaredQueryLookupStrategy.resolveQuery(JpaQueryLookupStrategy.java:171) ~[spring-data-jpa-3.2.1.jar:3.2.1]
	at org.springframework.data.jpa.repository.query.JpaQueryLookupStrategy$CreateIfNotFoundQueryLookupStrategy.resolveQuery(JpaQueryLookupStrategy.java:252) ~[spring-data-jpa-3.2.1.jar:3.2.1]
	at org.springframework.data.jpa.repository.query.JpaQueryLookupStrategy$AbstractQueryLookupStrategy.resolveQuery(JpaQueryLookupStrategy.java:95) ~[spring-data-jpa-3.2.1.jar:3.2.1]
	at org.springframework.data.repository.core.support.QueryExecutorMethodInterceptor.lookupQuery(QueryExecutorMethodInterceptor.java:111) ~[spring-data-commons-3.2.1.jar:3.2.1]
	at org.springframework.data.repository.core.support.QueryExecutorMethodInterceptor.mapMethodsToQuery(QueryExecutorMethodInterceptor.java:99) ~[spring-data-commons-3.2.1.jar:3.2.1]
	at org.springframework.data.repository.core.support.QueryExecutorMethodInterceptor.lambda$new$0(QueryExecutorMethodInterceptor.java:88) ~[spring-data-commons-3.2.1.jar:3.2.1]
	at java.base/java.util.Optional.map(Optional.java:260) ~[na:na]
	at org.springframework.data.repository.core.support.QueryExecutorMethodInterceptor.<init>(QueryExecutorMethodInterceptor.java:88) ~[spring-data-commons-3.2.1.jar:3.2.1]
	at org.springframework.data.repository.core.support.RepositoryFactorySupport.getRepository(RepositoryFactorySupport.java:357) ~[spring-data-commons-3.2.1.jar:3.2.1]
	at org.springframework.data.repository.core.support.RepositoryFactoryBeanSupport.lambda$afterPropertiesSet$5(RepositoryFactoryBeanSupport.java:279) ~[spring-data-commons-3.2.1.jar:3.2.1]
	at org.springframework.data.util.Lazy.getNullable(Lazy.java:135) ~[spring-data-commons-3.2.1.jar:3.2.1]
	at org.springframework.data.util.Lazy.get(Lazy.java:113) ~[spring-data-commons-3.2.1.jar:3.2.1]
	at org.springframework.data.repository.core.support.RepositoryFactoryBeanSupport.afterPropertiesSet(RepositoryFactoryBeanSupport.java:285) ~[spring-data-commons-3.2.1.jar:3.2.1]
	at org.springframework.data.jpa.repository.support.JpaRepositoryFactoryBean.afterPropertiesSet(JpaRepositoryFactoryBean.java:132) ~[spring-data-jpa-3.2.1.jar:3.2.1]
	at org.springframework.beans.factory.support.AbstractAutowireCapableBeanFactory.invokeInitMethods(AbstractAutowireCapableBeanFactory.java:1820) ~[spring-beans-6.1.2.jar:6.1.2]
	at org.springframework.beans.factory.support.AbstractAutowireCapableBeanFactory.initializeBean(AbstractAutowireCapableBeanFactory.java:1769) ~[spring-beans-6.1.2.jar:6.1.2]
	at org.springframework.beans.factory.support.AbstractAutowireCapableBeanFactory.doCreateBean(AbstractAutowireCapableBeanFactory.java:599) ~[spring-beans-6.1.2.jar:6.1.2]
	at org.springframework.beans.factory.support.AbstractAutowireCapableBeanFactory.createBean(AbstractAutowireCapableBeanFactory.java:521) ~[spring-beans-6.1.2.jar:6.1.2]
	at org.springframework.beans.factory.support.AbstractBeanFactory.lambda$doGetBean$0(AbstractBeanFactory.java:325) ~[spring-beans-6.1.2.jar:6.1.2]
	at org.springframework.beans.factory.support.DefaultSingletonBeanRegistry.getSingleton(DefaultSingletonBeanRegistry.java:234) ~[spring-beans-6.1.2.jar:6.1.2]
	at org.springframework.beans.factory.support.AbstractBeanFactory.doGetBean(AbstractBeanFactory.java:323) ~[spring-beans-6.1.2.jar:6.1.2]
	at org.springframework.beans.factory.support.AbstractBeanFactory.getBean(AbstractBeanFactory.java:199) ~[spring-beans-6.1.2.jar:6.1.2]
	at org.springframework.beans.factory.config.DependencyDescriptor.resolveCandidate(DependencyDescriptor.java:254) ~[spring-beans-6.1.2.jar:6.1.2]
	at org.springframework.beans.factory.support.DefaultListableBeanFactory.doResolveDependency(DefaultListableBeanFactory.java:1443) ~[spring-beans-6.1.2.jar:6.1.2]
	at org.springframework.beans.factory.support.DefaultListableBeanFactory.resolveDependency(DefaultListableBeanFactory.java:1353) ~[spring-beans-6.1.2.jar:6.1.2]
	at org.springframework.beans.factory.support.ConstructorResolver.resolveAutowiredArgument(ConstructorResolver.java:911) ~[spring-beans-6.1.2.jar:6.1.2]
	at org.springframework.beans.factory.support.ConstructorResolver.createArgumentArray(ConstructorResolver.java:789) ~[spring-beans-6.1.2.jar:6.1.2]
	at org.springframework.beans.factory.support.ConstructorResolver.autowireConstructor(ConstructorResolver.java:241) ~[spring-beans-6.1.2.jar:6.1.2]
	at org.springframework.beans.factory.support.AbstractAutowireCapableBeanFactory.autowireConstructor(AbstractAutowireCapableBeanFactory.java:1354) ~[spring-beans-6.1.2.jar:6.1.2]
	at org.springframework.beans.factory.support.AbstractAutowireCapableBeanFactory.createBeanInstance(AbstractAutowireCapableBeanFactory.java:1191) ~[spring-beans-6.1.2.jar:6.1.2]
	at org.springframework.beans.factory.support.AbstractAutowireCapableBeanFactory.doCreateBean(AbstractAutowireCapableBeanFactory.java:561) ~[spring-beans-6.1.2.jar:6.1.2]
	at org.springframework.beans.factory.support.AbstractAutowireCapableBeanFactory.createBean(AbstractAutowireCapableBeanFactory.java:521) ~[spring-beans-6.1.2.jar:6.1.2]
	at org.springframework.beans.factory.support.AbstractBeanFactory.lambda$doGetBean$0(AbstractBeanFactory.java:325) ~[spring-beans-6.1.2.jar:6.1.2]
	at org.springframework.beans.factory.support.DefaultSingletonBeanRegistry.getSingleton(DefaultSingletonBeanRegistry.java:234) ~[spring-beans-6.1.2.jar:6.1.2]
	at org.springframework.beans.factory.support.AbstractBeanFactory.doGetBean(AbstractBeanFactory.java:323) ~[spring-beans-6.1.2.jar:6.1.2]
	at org.springframework.beans.factory.support.AbstractBeanFactory.getBean(AbstractBeanFactory.java:199) ~[spring-beans-6.1.2.jar:6.1.2]
	at org.springframework.beans.factory.config.DependencyDescriptor.resolveCandidate(DependencyDescriptor.java:254) ~[spring-beans-6.1.2.jar:6.1.2]
	at org.springframework.beans.factory.support.DefaultListableBeanFactory.doResolveDependency(DefaultListableBeanFactory.java:1443) ~[spring-beans-6.1.2.jar:6.1.2]
	at org.springframework.beans.factory.support.DefaultListableBeanFactory.resolveDependency(DefaultListableBeanFactory.java:1353) ~[spring-beans-6.1.2.jar:6.1.2]
	at org.springframework.beans.factory.support.ConstructorResolver.resolveAutowiredArgument(ConstructorResolver.java:911) ~[spring-beans-6.1.2.jar:6.1.2]
	at org.springframework.beans.factory.support.ConstructorResolver.createArgumentArray(ConstructorResolver.java:789) ~[spring-beans-6.1.2.jar:6.1.2]
	at org.springframework.beans.factory.support.ConstructorResolver.autowireConstructor(ConstructorResolver.java:241) ~[spring-beans-6.1.2.jar:6.1.2]
	at org.springframework.beans.factory.support.AbstractAutowireCapableBeanFactory.autowireConstructor(AbstractAutowireCapableBeanFactory.java:1354) ~[spring-beans-6.1.2.jar:6.1.2]
	at org.springframework.beans.factory.support.AbstractAutowireCapableBeanFactory.createBeanInstance(AbstractAutowireCapableBeanFactory.java:1191) ~[spring-beans-6.1.2.jar:6.1.2]
	at org.springframework.beans.factory.support.AbstractAutowireCapableBeanFactory.doCreateBean(AbstractAutowireCapableBeanFactory.java:561) ~[spring-beans-6.1.2.jar:6.1.2]
	at org.springframework.beans.factory.support.AbstractAutowireCapableBeanFactory.createBean(AbstractAutowireCapableBeanFactory.java:521) ~[spring-beans-6.1.2.jar:6.1.2]
	at org.springframework.beans.factory.support.AbstractBeanFactory.lambda$doGetBean$0(AbstractBeanFactory.java:325) ~[spring-beans-6.1.2.jar:6.1.2]
	at org.springframework.beans.factory.support.DefaultSingletonBeanRegistry.getSingleton(DefaultSingletonBeanRegistry.java:234) ~[spring-beans-6.1.2.jar:6.1.2]
	at org.springframework.beans.factory.support.AbstractBeanFactory.doGetBean(AbstractBeanFactory.java:323) ~[spring-beans-6.1.2.jar:6.1.2]
	at org.springframework.beans.factory.support.AbstractBeanFactory.getBean(AbstractBeanFactory.java:199) ~[spring-beans-6.1.2.jar:6.1.2]
	at org.springframework.beans.factory.support.DefaultListableBeanFactory.preInstantiateSingletons(DefaultListableBeanFactory.java:975) ~[spring-beans-6.1.2.jar:6.1.2]
	at org.springframework.context.support.AbstractApplicationContext.finishBeanFactoryInitialization(AbstractApplicationContext.java:960) ~[spring-context-6.1.2.jar:6.1.2]
	at org.springframework.context.support.AbstractApplicationContext.refresh(AbstractApplicationContext.java:625) ~[spring-context-6.1.2.jar:6.1.2]
	at org.springframework.boot.SpringApplication.refresh(SpringApplication.java:762) ~[spring-boot-3.2.1.jar:3.2.1]
	at org.springframework.boot.SpringApplication.refreshContext(SpringApplication.java:464) ~[spring-boot-3.2.1.jar:3.2.1]
	at org.springframework.boot.SpringApplication.run(SpringApplication.java:334) ~[spring-boot-3.2.1.jar:3.2.1]
	at org.springframework.boot.test.context.SpringBootContextLoader.lambda$loadContext$3(SpringBootContextLoader.java:137) ~[spring-boot-test-3.2.1.jar:3.2.1]
	at org.springframework.util.function.ThrowingSupplier.get(ThrowingSupplier.java:58) ~[spring-core-6.1.2.jar:6.1.2]
	at org.springframework.util.function.ThrowingSupplier.get(ThrowingSupplier.java:46) ~[spring-core-6.1.2.jar:6.1.2]
	at org.springframework.boot.SpringApplication.withHook(SpringApplication.java:1458) ~[spring-boot-3.2.1.jar:3.2.1]
	at org.springframework.boot.test.context.SpringBootContextLoader$ContextLoaderHook.run(SpringBootContextLoader.java:552) ~[spring-boot-test-3.2.1.jar:3.2.1]
	at org.springframework.boot.test.context.SpringBootContextLoader.loadContext(SpringBootContextLoader.java:137) ~[spring-boot-test-3.2.1.jar:3.2.1]
	at org.springframework.boot.test.context.SpringBootContextLoader.loadContext(SpringBootContextLoader.java:108) ~[spring-boot-test-3.2.1.jar:3.2.1]
	at org.springframework.test.context.cache.DefaultCacheAwareContextLoaderDelegate.loadContextInternal(DefaultCacheAwareContextLoaderDelegate.java:225) ~[spring-test-6.1.2.jar:6.1.2]
	at org.springframework.test.context.cache.DefaultCacheAwareContextLoaderDelegate.loadContext(DefaultCacheAwareContextLoaderDelegate.java:152) ~[spring-test-6.1.2.jar:6.1.2]
	at org.springframework.test.context.support.DefaultTestContext.getApplicationContext(DefaultTestContext.java:130) ~[spring-test-6.1.2.jar:6.1.2]
	at org.springframework.test.context.web.ServletTestExecutionListener.setUpRequestContextIfNecessary(ServletTestExecutionListener.java:191) ~[spring-test-6.1.2.jar:6.1.2]
	at org.springframework.test.context.web.ServletTestExecutionListener.prepareTestInstance(ServletTestExecutionListener.java:130) ~[spring-test-6.1.2.jar:6.1.2]
	at org.springframework.test.context.TestContextManager.prepareTestInstance(TestContextManager.java:260) ~[spring-test-6.1.2.jar:6.1.2]
	at org.springframework.test.context.junit.jupiter.SpringExtension.postProcessTestInstance(SpringExtension.java:163) ~[spring-test-6.1.2.jar:6.1.2]
	at org.junit.jupiter.engine.descriptor.ClassBasedTestDescriptor.lambda$invokeTestInstancePostProcessors$10(ClassBasedTestDescriptor.java:378) ~[junit-jupiter-engine-5.10.1.jar:5.10.1]
	at org.junit.jupiter.engine.descriptor.ClassBasedTestDescriptor.executeAndMaskThrowable(ClassBasedTestDescriptor.java:383) ~[junit-jupiter-engine-5.10.1.jar:5.10.1]
	at org.junit.jupiter.engine.descriptor.ClassBasedTestDescriptor.lambda$invokeTestInstancePostProcessors$11(ClassBasedTestDescriptor.java:378) ~[junit-jupiter-engine-5.10.1.jar:5.10.1]
	at java.base/java.util.stream.ReferencePipeline$3$1.accept(ReferencePipeline.java:197) ~[na:na]
	at java.base/java.util.stream.ReferencePipeline$2$1.accept(ReferencePipeline.java:179) ~[na:na]
	at java.base/java.util.ArrayList$ArrayListSpliterator.forEachRemaining(ArrayList.java:1708) ~[na:na]
	at java.base/java.util.stream.AbstractPipeline.copyInto(AbstractPipeline.java:509) ~[na:na]
	at java.base/java.util.stream.AbstractPipeline.wrapAndCopyInto(AbstractPipeline.java:499) ~[na:na]
	at java.base/java.util.stream.StreamSpliterators$WrappingSpliterator.forEachRemaining(StreamSpliterators.java:310) ~[na:na]
	at java.base/java.util.stream.Streams$ConcatSpliterator.forEachRemaining(Streams.java:735) ~[na:na]
	at java.base/java.util.stream.Streams$ConcatSpliterator.forEachRemaining(Streams.java:734) ~[na:na]
	at java.base/java.util.stream.ReferencePipeline$Head.forEach(ReferencePipeline.java:762) ~[na:na]
	at org.junit.jupiter.engine.descriptor.ClassBasedTestDescriptor.invokeTestInstancePostProcessors(ClassBasedTestDescriptor.java:377) ~[junit-jupiter-engine-5.10.1.jar:5.10.1]
	at org.junit.jupiter.engine.descriptor.ClassBasedTestDescriptor.lambda$instantiateAndPostProcessTestInstance$6(ClassBasedTestDescriptor.java:290) ~[junit-jupiter-engine-5.10.1.jar:5.10.1]
	at org.junit.platform.engine.support.hierarchical.ThrowableCollector.execute(ThrowableCollector.java:73) ~[junit-platform-engine-1.10.1.jar:1.10.1]
	at org.junit.jupiter.engine.descriptor.ClassBasedTestDescriptor.instantiateAndPostProcessTestInstance(ClassBasedTestDescriptor.java:289) ~[junit-jupiter-engine-5.10.1.jar:5.10.1]
	at org.junit.jupiter.engine.descriptor.ClassBasedTestDescriptor.lambda$testInstancesProvider$4(ClassBasedTestDescriptor.java:279) ~[junit-jupiter-engine-5.10.1.jar:5.10.1]
	at java.base/java.util.Optional.orElseGet(Optional.java:364) ~[na:na]
	at org.junit.jupiter.engine.descriptor.ClassBasedTestDescriptor.lambda$testInstancesProvider$5(ClassBasedTestDescriptor.java:278) ~[junit-jupiter-engine-5.10.1.jar:5.10.1]
	at org.junit.jupiter.engine.execution.TestInstancesProvider.getTestInstances(TestInstancesProvider.java:31) ~[junit-jupiter-engine-5.10.1.jar:5.10.1]
	at org.junit.jupiter.engine.descriptor.TestMethodTestDescriptor.lambda$prepare$0(TestMethodTestDescriptor.java:106) ~[junit-jupiter-engine-5.10.1.jar:5.10.1]
	at org.junit.platform.engine.support.hierarchical.ThrowableCollector.execute(ThrowableCollector.java:73) ~[junit-platform-engine-1.10.1.jar:1.10.1]
	at org.junit.jupiter.engine.descriptor.TestMethodTestDescriptor.prepare(TestMethodTestDescriptor.java:105) ~[junit-jupiter-engine-5.10.1.jar:5.10.1]
	at org.junit.jupiter.engine.descriptor.TestMethodTestDescriptor.prepare(TestMethodTestDescriptor.java:69) ~[junit-jupiter-engine-5.10.1.jar:5.10.1]
	at org.junit.platform.engine.support.hierarchical.NodeTestTask.lambda$prepare$2(NodeTestTask.java:123) ~[junit-platform-engine-1.10.1.jar:1.10.1]
	at org.junit.platform.engine.support.hierarchical.ThrowableCollector.execute(ThrowableCollector.java:73) ~[junit-platform-engine-1.10.1.jar:1.10.1]
	at org.junit.platform.engine.support.hierarchical.NodeTestTask.prepare(NodeTestTask.java:123) ~[junit-platform-engine-1.10.1.jar:1.10.1]
	at org.junit.platform.engine.support.hierarchical.NodeTestTask.execute(NodeTestTask.java:90) ~[junit-platform-engine-1.10.1.jar:1.10.1]
	at java.base/java.util.ArrayList.forEach(ArrayList.java:1596) ~[na:na]
	at org.junit.platform.engine.support.hierarchical.SameThreadHierarchicalTestExecutorService.invokeAll(SameThreadHierarchicalTestExecutorService.java:41) ~[junit-platform-engine-1.10.1.jar:1.10.1]
	at org.junit.platform.engine.support.hierarchical.NodeTestTask.lambda$executeRecursively$6(NodeTestTask.java:155) ~[junit-platform-engine-1.10.1.jar:1.10.1]
	at org.junit.platform.engine.support.hierarchical.ThrowableCollector.execute(ThrowableCollector.java:73) ~[junit-platform-engine-1.10.1.jar:1.10.1]
	at org.junit.platform.engine.support.hierarchical.NodeTestTask.lambda$executeRecursively$8(NodeTestTask.java:141) ~[junit-platform-engine-1.10.1.jar:1.10.1]
	at org.junit.platform.engine.support.hierarchical.Node.around(Node.java:137) ~[junit-platform-engine-1.10.1.jar:1.10.1]
	at org.junit.platform.engine.support.hierarchical.NodeTestTask.lambda$executeRecursively$9(NodeTestTask.java:139) ~[junit-platform-engine-1.10.1.jar:1.10.1]
	at org.junit.platform.engine.support.hierarchical.ThrowableCollector.execute(ThrowableCollector.java:73) ~[junit-platform-engine-1.10.1.jar:1.10.1]
	at org.junit.platform.engine.support.hierarchical.NodeTestTask.executeRecursively(NodeTestTask.java:138) ~[junit-platform-engine-1.10.1.jar:1.10.1]
	at org.junit.platform.engine.support.hierarchical.NodeTestTask.execute(NodeTestTask.java:95) ~[junit-platform-engine-1.10.1.jar:1.10.1]
	at java.base/java.util.ArrayList.forEach(ArrayList.java:1596) ~[na:na]
	at org.junit.platform.engine.support.hierarchical.SameThreadHierarchicalTestExecutorService.invokeAll(SameThreadHierarchicalTestExecutorService.java:41) ~[junit-platform-engine-1.10.1.jar:1.10.1]
	at org.junit.platform.engine.support.hierarchical.NodeTestTask.lambda$executeRecursively$6(NodeTestTask.java:155) ~[junit-platform-engine-1.10.1.jar:1.10.1]
	at org.junit.platform.engine.support.hierarchical.ThrowableCollector.execute(ThrowableCollector.java:73) ~[junit-platform-engine-1.10.1.jar:1.10.1]
	at org.junit.platform.engine.support.hierarchical.NodeTestTask.lambda$executeRecursively$8(NodeTestTask.java:141) ~[junit-platform-engine-1.10.1.jar:1.10.1]
	at org.junit.platform.engine.support.hierarchical.Node.around(Node.java:137) ~[junit-platform-engine-1.10.1.jar:1.10.1]
	at org.junit.platform.engine.support.hierarchical.NodeTestTask.lambda$executeRecursively$9(NodeTestTask.java:139) ~[junit-platform-engine-1.10.1.jar:1.10.1]
	at org.junit.platform.engine.support.hierarchical.ThrowableCollector.execute(ThrowableCollector.java:73) ~[junit-platform-engine-1.10.1.jar:1.10.1]
	at org.junit.platform.engine.support.hierarchical.NodeTestTask.executeRecursively(NodeTestTask.java:138) ~[junit-platform-engine-1.10.1.jar:1.10.1]
	at org.junit.platform.engine.support.hierarchical.NodeTestTask.execute(NodeTestTask.java:95) ~[junit-platform-engine-1.10.1.jar:1.10.1]
	at org.junit.platform.engine.support.hierarchical.SameThreadHierarchicalTestExecutorService.submit(SameThreadHierarchicalTestExecutorService.java:35) ~[junit-platform-engine-1.10.1.jar:1.10.1]
	at org.junit.platform.engine.support.hierarchical.HierarchicalTestExecutor.execute(HierarchicalTestExecutor.java:57) ~[junit-platform-engine-1.10.1.jar:1.10.1]
	at org.junit.platform.engine.support.hierarchical.HierarchicalTestEngine.execute(HierarchicalTestEngine.java:54) ~[junit-platform-engine-1.10.1.jar:1.10.1]
	at org.junit.platform.launcher.core.EngineExecutionOrchestrator.execute(EngineExecutionOrchestrator.java:198) ~[junit-platform-launcher-1.10.1.jar:1.10.1]
	at org.junit.platform.launcher.core.EngineExecutionOrchestrator.execute(EngineExecutionOrchestrator.java:169) ~[junit-platform-launcher-1.10.1.jar:1.10.1]
	at org.junit.platform.launcher.core.EngineExecutionOrchestrator.execute(EngineExecutionOrchestrator.java:93) ~[junit-platform-launcher-1.10.1.jar:1.10.1]
	at org.junit.platform.launcher.core.EngineExecutionOrchestrator.lambda$execute$0(EngineExecutionOrchestrator.java:58) ~[junit-platform-launcher-1.10.1.jar:1.10.1]
	at org.junit.platform.launcher.core.EngineExecutionOrchestrator.withInterceptedStreams(EngineExecutionOrchestrator.java:141) ~[junit-platform-launcher-1.10.1.jar:1.10.1]
	at org.junit.platform.launcher.core.EngineExecutionOrchestrator.execute(EngineExecutionOrchestrator.java:57) ~[junit-platform-launcher-1.10.1.jar:1.10.1]
	at org.junit.platform.launcher.core.DefaultLauncher.execute(DefaultLauncher.java:103) ~[junit-platform-launcher-1.10.1.jar:1.10.1]
	at org.junit.platform.launcher.core.DefaultLauncher.execute(DefaultLauncher.java:85) ~[junit-platform-launcher-1.10.1.jar:1.10.1]
	at org.junit.platform.launcher.core.DelegatingLauncher.execute(DelegatingLauncher.java:47) ~[junit-platform-launcher-1.10.1.jar:1.10.1]
	at org.apache.maven.surefire.junitplatform.LazyLauncher.execute(LazyLauncher.java:56) ~[surefire-junit-platform-3.1.2.jar:3.1.2]
	at org.apache.maven.surefire.junitplatform.JUnitPlatformProvider.execute(JUnitPlatformProvider.java:184) ~[surefire-junit-platform-3.1.2.jar:3.1.2]
	at org.apache.maven.surefire.junitplatform.JUnitPlatformProvider.invokeAllTests(JUnitPlatformProvider.java:148) ~[surefire-junit-platform-3.1.2.jar:3.1.2]
	at org.apache.maven.surefire.junitplatform.JUnitPlatformProvider.invoke(JUnitPlatformProvider.java:122) ~[surefire-junit-platform-3.1.2.jar:3.1.2]
	at org.apache.maven.surefire.booter.ForkedBooter.runSuitesInProcess(ForkedBooter.java:385) ~[surefire-booter-3.1.2.jar:3.1.2]
	at org.apache.maven.surefire.booter.ForkedBooter.execute(ForkedBooter.java:162) ~[surefire-booter-3.1.2.jar:3.1.2]
	at org.apache.maven.surefire.booter.ForkedBooter.run(ForkedBooter.java:507) ~[surefire-booter-3.1.2.jar:3.1.2]
	at org.apache.maven.surefire.booter.ForkedBooter.main(ForkedBooter.java:495) ~[surefire-booter-3.1.2.jar:3.1.2]

2025-01-09T08:37:05.850-06:00 DEBUG 20036 --- [           main] o.s.d.jpa.repository.query.NamedQuery    : Did not find named query Channel.findPublicChannels.count
2025-01-09T08:37:05.850-06:00 DEBUG 20036 --- [           main] tor$SharedEntityManagerInvocationHandler : Creating new EntityManager for shared EntityManager invocation
2025-01-09T08:37:05.850-06:00 DEBUG 20036 --- [           main] org.hibernate.orm.query.hql              : HQL : SELECT c FROM Channel c WHERE c.type = 'PUBLIC'
2025-01-09T08:37:05.850-06:00 DEBUG 20036 --- [           main] o.h.o.q.hql.reservedWordAsIdentifier     : Encountered use of reserved word as identifier : =
2025-01-09T08:37:05.851-06:00 DEBUG 20036 --- [           main] org.hibernate.orm.query.sqm.ast          : SqmStatement Tree :
    -> [select]
      -> [query-spec]
        -> [select]
          -> [selection]
            -> [root] - `com.chatgenius.model.Channel(c)`
            <- [root] - `com.chatgenius.model.Channel(c)`
          <- [selection]
        <- [select]
        -> [from]
          -> [root] - `com.chatgenius.model.Channel(c)`
          <- [root] - `com.chatgenius.model.Channel(c)`
        <- [from]
        -> [where]
          -> [EQUAL]
              -> [basic-path] - `com.chatgenius.model.Channel(c).type`
          <- [EQUAL]
        <- [where]
      <- [query-spec]
    <- [select]

2025-01-09T08:37:05.851-06:00 DEBUG 20036 --- [           main] o.s.d.r.c.s.RepositoryFactorySupport     : Finished creation of repository instance for com.chatgenius.repository.ChannelRepository.
2025-01-09T08:37:05.851-06:00 DEBUG 20036 --- [           main] o.s.b.f.s.DefaultListableBeanFactory     : Autowiring by type from bean name 'channelServiceImpl' via constructor to bean named 'channelRepository'
2025-01-09T08:37:05.851-06:00 DEBUG 20036 --- [           main] o.s.b.f.s.DefaultListableBeanFactory     : Autowiring by type from bean name 'channelServiceImpl' via constructor to bean named 'userRepository'
2025-01-09T08:37:05.851-06:00 DEBUG 20036 --- [           main] o.s.b.f.s.DefaultListableBeanFactory     : Autowiring by type from bean name 'channelController' via constructor to bean named 'channelServiceImpl'
2025-01-09T08:37:05.851-06:00 DEBUG 20036 --- [           main] o.s.b.f.s.DefaultListableBeanFactory     : Creating shared instance of singleton bean 'healthController'
2025-01-09T08:37:05.852-06:00 DEBUG 20036 --- [           main] o.s.b.f.s.DefaultListableBeanFactory     : Creating shared instance of singleton bean 'messageController'
2025-01-09T08:37:05.852-06:00 DEBUG 20036 --- [           main] o.s.b.f.s.DefaultListableBeanFactory     : Creating shared instance of singleton bean 'messageServiceImpl'
2025-01-09T08:37:05.852-06:00 DEBUG 20036 --- [           main] o.s.b.f.s.DefaultListableBeanFactory     : Creating shared instance of singleton bean 'messageRepository'
2025-01-09T08:37:05.852-06:00 DEBUG 20036 --- [           main] o.s.b.f.s.DefaultListableBeanFactory     : Creating shared instance of singleton bean 'jpa.named-queries#2'
2025-01-09T08:37:05.853-06:00 DEBUG 20036 --- [           main] o.s.b.f.s.DefaultListableBeanFactory     : Creating shared instance of singleton bean 'jpa.MessageRepository.fragments#0'
2025-01-09T08:37:05.853-06:00 DEBUG 20036 --- [           main] tor$SharedEntityManagerInvocationHandler : Creating new EntityManager for shared EntityManager invocation
2025-01-09T08:37:05.856-06:00 DEBUG 20036 --- [           main] o.s.d.r.c.s.RepositoryFactorySupport     : Initializing repository instance for com.chatgenius.repository.MessageRepository…
2025-01-09T08:37:05.856-06:00 DEBUG 20036 --- [           main] tor$SharedEntityManagerInvocationHandler : Creating new EntityManager for shared EntityManager invocation
2025-01-09T08:37:05.858-06:00 DEBUG 20036 --- [           main] tor$SharedEntityManagerInvocationHandler : Creating new EntityManager for shared EntityManager invocation
2025-01-09T08:37:05.858-06:00 DEBUG 20036 --- [           main] org.hibernate.orm.query.hql              : HQL : SELECT m FROM Message m WHERE m.channel.id = :channelId ORDER BY m.createdAt DESC
2025-01-09T08:37:05.858-06:00 DEBUG 20036 --- [           main] o.h.o.q.hql.reservedWordAsIdentifier     : Encountered use of reserved word as identifier : =
2025-01-09T08:37:05.859-06:00 DEBUG 20036 --- [           main] org.hibernate.orm.query.sqm.creation     : Applying inferable type to SqmExpression [SqmNamedParameter(channelId)] : null -> SqmBasicValuedSimplePath(com.chatgenius.model.Message(m).channel.id)
2025-01-09T08:37:05.859-06:00 DEBUG 20036 --- [           main] org.hibernate.orm.query.sqm.ast          : SqmStatement Tree :
    -> [select]
      -> [query-spec]
        -> [select]
          -> [selection]
            -> [root] - `com.chatgenius.model.Message(m)`
            <- [root] - `com.chatgenius.model.Message(m)`
          <- [selection]
        <- [select]
        -> [from]
          -> [root] - `com.chatgenius.model.Message(m)`
          <- [root] - `com.chatgenius.model.Message(m)`
        <- [from]
        -> [where]
          -> [EQUAL]
              -> [basic-path] - `com.chatgenius.model.Message(m).channel.id`
              :channelId
          <- [EQUAL]
        <- [where]
      <- [query-spec]
    <- [select]

2025-01-09T08:37:05.859-06:00 DEBUG 20036 --- [           main] org.hibernate.orm.query.hql              : HQL : SELECT COUNT(m) FROM Message m WHERE m.channel.id = :channelId
2025-01-09T08:37:05.859-06:00 DEBUG 20036 --- [           main] o.h.o.q.hql.reservedWordAsIdentifier     : Encountered use of reserved word as identifier : (
2025-01-09T08:37:05.859-06:00 DEBUG 20036 --- [           main] o.h.o.q.hql.reservedWordAsIdentifier     : Encountered use of reserved word as identifier : =
2025-01-09T08:37:05.859-06:00 DEBUG 20036 --- [           main] org.hibernate.orm.query.sqm.creation     : Applying inferable type to SqmExpression [SqmNamedParameter(channelId)] : null -> SqmBasicValuedSimplePath(com.chatgenius.model.Message(m).channel.id)
2025-01-09T08:37:05.859-06:00 DEBUG 20036 --- [           main] org.hibernate.orm.query.sqm.ast          : SqmStatement Tree :
    -> [select]
      -> [query-spec]
        -> [select]
          -> [selection]
          <- [selection]
        <- [select]
        -> [from]
          -> [root] - `com.chatgenius.model.Message(m)`
          <- [root] - `com.chatgenius.model.Message(m)`
        <- [from]
        -> [where]
          -> [EQUAL]
              -> [basic-path] - `com.chatgenius.model.Message(m).channel.id`
              :channelId
          <- [EQUAL]
        <- [where]
      <- [query-spec]
    <- [select]

2025-01-09T08:37:05.860-06:00 DEBUG 20036 --- [           main] cResourceLocalTransactionCoordinatorImpl : JDBC transaction marked for rollback-only (exception provided for stack trace)

java.lang.Exception: exception just for purpose of providing stack trace
	at org.hibernate.resource.transaction.backend.jdbc.internal.JdbcResourceLocalTransactionCoordinatorImpl$TransactionDriverControlImpl.markRollbackOnly(JdbcResourceLocalTransactionCoordinatorImpl.java:310) ~[hibernate-core-6.4.1.Final.jar:6.4.1.Final]
	at org.hibernate.internal.AbstractSharedSessionContract.buildNamedQuery(AbstractSharedSessionContract.java:1076) ~[hibernate-core-6.4.1.Final.jar:6.4.1.Final]
	at org.hibernate.internal.AbstractSharedSessionContract.createNamedQuery(AbstractSharedSessionContract.java:954) ~[hibernate-core-6.4.1.Final.jar:6.4.1.Final]
	at org.hibernate.internal.AbstractSharedSessionContract.createNamedQuery(AbstractSharedSessionContract.java:133) ~[hibernate-core-6.4.1.Final.jar:6.4.1.Final]
	at java.base/jdk.internal.reflect.DirectMethodHandleAccessor.invoke(DirectMethodHandleAccessor.java:103) ~[na:na]
	at java.base/java.lang.reflect.Method.invoke(Method.java:580) ~[na:na]
	at org.springframework.orm.jpa.ExtendedEntityManagerCreator$ExtendedEntityManagerInvocationHandler.invoke(ExtendedEntityManagerCreator.java:364) ~[spring-orm-6.1.2.jar:6.1.2]
	at jdk.proxy2/jdk.proxy2.$Proxy186.createNamedQuery(Unknown Source) ~[na:na]
	at org.springframework.data.jpa.repository.query.NamedQuery.hasNamedQuery(NamedQuery.java:113) ~[spring-data-jpa-3.2.1.jar:3.2.1]
	at org.springframework.data.jpa.repository.query.JpaQueryLookupStrategy$DeclaredQueryLookupStrategy.getCountQuery(JpaQueryLookupStrategy.java:204) ~[spring-data-jpa-3.2.1.jar:3.2.1]
	at org.springframework.data.jpa.repository.query.JpaQueryLookupStrategy$DeclaredQueryLookupStrategy.resolveQuery(JpaQueryLookupStrategy.java:171) ~[spring-data-jpa-3.2.1.jar:3.2.1]
	at org.springframework.data.jpa.repository.query.JpaQueryLookupStrategy$CreateIfNotFoundQueryLookupStrategy.resolveQuery(JpaQueryLookupStrategy.java:252) ~[spring-data-jpa-3.2.1.jar:3.2.1]
	at org.springframework.data.jpa.repository.query.JpaQueryLookupStrategy$AbstractQueryLookupStrategy.resolveQuery(JpaQueryLookupStrategy.java:95) ~[spring-data-jpa-3.2.1.jar:3.2.1]
	at org.springframework.data.repository.core.support.QueryExecutorMethodInterceptor.lookupQuery(QueryExecutorMethodInterceptor.java:111) ~[spring-data-commons-3.2.1.jar:3.2.1]
	at org.springframework.data.repository.core.support.QueryExecutorMethodInterceptor.mapMethodsToQuery(QueryExecutorMethodInterceptor.java:99) ~[spring-data-commons-3.2.1.jar:3.2.1]
	at org.springframework.data.repository.core.support.QueryExecutorMethodInterceptor.lambda$new$0(QueryExecutorMethodInterceptor.java:88) ~[spring-data-commons-3.2.1.jar:3.2.1]
	at java.base/java.util.Optional.map(Optional.java:260) ~[na:na]
	at org.springframework.data.repository.core.support.QueryExecutorMethodInterceptor.<init>(QueryExecutorMethodInterceptor.java:88) ~[spring-data-commons-3.2.1.jar:3.2.1]
	at org.springframework.data.repository.core.support.RepositoryFactorySupport.getRepository(RepositoryFactorySupport.java:357) ~[spring-data-commons-3.2.1.jar:3.2.1]
	at org.springframework.data.repository.core.support.RepositoryFactoryBeanSupport.lambda$afterPropertiesSet$5(RepositoryFactoryBeanSupport.java:279) ~[spring-data-commons-3.2.1.jar:3.2.1]
	at org.springframework.data.util.Lazy.getNullable(Lazy.java:135) ~[spring-data-commons-3.2.1.jar:3.2.1]
	at org.springframework.data.util.Lazy.get(Lazy.java:113) ~[spring-data-commons-3.2.1.jar:3.2.1]
	at org.springframework.data.repository.core.support.RepositoryFactoryBeanSupport.afterPropertiesSet(RepositoryFactoryBeanSupport.java:285) ~[spring-data-commons-3.2.1.jar:3.2.1]
	at org.springframework.data.jpa.repository.support.JpaRepositoryFactoryBean.afterPropertiesSet(JpaRepositoryFactoryBean.java:132) ~[spring-data-jpa-3.2.1.jar:3.2.1]
	at org.springframework.beans.factory.support.AbstractAutowireCapableBeanFactory.invokeInitMethods(AbstractAutowireCapableBeanFactory.java:1820) ~[spring-beans-6.1.2.jar:6.1.2]
	at org.springframework.beans.factory.support.AbstractAutowireCapableBeanFactory.initializeBean(AbstractAutowireCapableBeanFactory.java:1769) ~[spring-beans-6.1.2.jar:6.1.2]
	at org.springframework.beans.factory.support.AbstractAutowireCapableBeanFactory.doCreateBean(AbstractAutowireCapableBeanFactory.java:599) ~[spring-beans-6.1.2.jar:6.1.2]
	at org.springframework.beans.factory.support.AbstractAutowireCapableBeanFactory.createBean(AbstractAutowireCapableBeanFactory.java:521) ~[spring-beans-6.1.2.jar:6.1.2]
	at org.springframework.beans.factory.support.AbstractBeanFactory.lambda$doGetBean$0(AbstractBeanFactory.java:325) ~[spring-beans-6.1.2.jar:6.1.2]
	at org.springframework.beans.factory.support.DefaultSingletonBeanRegistry.getSingleton(DefaultSingletonBeanRegistry.java:234) ~[spring-beans-6.1.2.jar:6.1.2]
	at org.springframework.beans.factory.support.AbstractBeanFactory.doGetBean(AbstractBeanFactory.java:323) ~[spring-beans-6.1.2.jar:6.1.2]
	at org.springframework.beans.factory.support.AbstractBeanFactory.getBean(AbstractBeanFactory.java:199) ~[spring-beans-6.1.2.jar:6.1.2]
	at org.springframework.beans.factory.config.DependencyDescriptor.resolveCandidate(DependencyDescriptor.java:254) ~[spring-beans-6.1.2.jar:6.1.2]
	at org.springframework.beans.factory.support.DefaultListableBeanFactory.doResolveDependency(DefaultListableBeanFactory.java:1443) ~[spring-beans-6.1.2.jar:6.1.2]
	at org.springframework.beans.factory.support.DefaultListableBeanFactory.resolveDependency(DefaultListableBeanFactory.java:1353) ~[spring-beans-6.1.2.jar:6.1.2]
	at org.springframework.beans.factory.support.ConstructorResolver.resolveAutowiredArgument(ConstructorResolver.java:911) ~[spring-beans-6.1.2.jar:6.1.2]
	at org.springframework.beans.factory.support.ConstructorResolver.createArgumentArray(ConstructorResolver.java:789) ~[spring-beans-6.1.2.jar:6.1.2]
	at org.springframework.beans.factory.support.ConstructorResolver.autowireConstructor(ConstructorResolver.java:241) ~[spring-beans-6.1.2.jar:6.1.2]
	at org.springframework.beans.factory.support.AbstractAutowireCapableBeanFactory.autowireConstructor(AbstractAutowireCapableBeanFactory.java:1354) ~[spring-beans-6.1.2.jar:6.1.2]
	at org.springframework.beans.factory.support.AbstractAutowireCapableBeanFactory.createBeanInstance(AbstractAutowireCapableBeanFactory.java:1191) ~[spring-beans-6.1.2.jar:6.1.2]
	at org.springframework.beans.factory.support.AbstractAutowireCapableBeanFactory.doCreateBean(AbstractAutowireCapableBeanFactory.java:561) ~[spring-beans-6.1.2.jar:6.1.2]
	at org.springframework.beans.factory.support.AbstractAutowireCapableBeanFactory.createBean(AbstractAutowireCapableBeanFactory.java:521) ~[spring-beans-6.1.2.jar:6.1.2]
	at org.springframework.beans.factory.support.AbstractBeanFactory.lambda$doGetBean$0(AbstractBeanFactory.java:325) ~[spring-beans-6.1.2.jar:6.1.2]
	at org.springframework.beans.factory.support.DefaultSingletonBeanRegistry.getSingleton(DefaultSingletonBeanRegistry.java:234) ~[spring-beans-6.1.2.jar:6.1.2]
	at org.springframework.beans.factory.support.AbstractBeanFactory.doGetBean(AbstractBeanFactory.java:323) ~[spring-beans-6.1.2.jar:6.1.2]
	at org.springframework.beans.factory.support.AbstractBeanFactory.getBean(AbstractBeanFactory.java:199) ~[spring-beans-6.1.2.jar:6.1.2]
	at org.springframework.beans.factory.config.DependencyDescriptor.resolveCandidate(DependencyDescriptor.java:254) ~[spring-beans-6.1.2.jar:6.1.2]
	at org.springframework.beans.factory.support.DefaultListableBeanFactory.doResolveDependency(DefaultListableBeanFactory.java:1443) ~[spring-beans-6.1.2.jar:6.1.2]
	at org.springframework.beans.factory.support.DefaultListableBeanFactory.resolveDependency(DefaultListableBeanFactory.java:1353) ~[spring-beans-6.1.2.jar:6.1.2]
	at org.springframework.beans.factory.support.ConstructorResolver.resolveAutowiredArgument(ConstructorResolver.java:911) ~[spring-beans-6.1.2.jar:6.1.2]
	at org.springframework.beans.factory.support.ConstructorResolver.createArgumentArray(ConstructorResolver.java:789) ~[spring-beans-6.1.2.jar:6.1.2]
	at org.springframework.beans.factory.support.ConstructorResolver.autowireConstructor(ConstructorResolver.java:241) ~[spring-beans-6.1.2.jar:6.1.2]
	at org.springframework.beans.factory.support.AbstractAutowireCapableBeanFactory.autowireConstructor(AbstractAutowireCapableBeanFactory.java:1354) ~[spring-beans-6.1.2.jar:6.1.2]
	at org.springframework.beans.factory.support.AbstractAutowireCapableBeanFactory.createBeanInstance(AbstractAutowireCapableBeanFactory.java:1191) ~[spring-beans-6.1.2.jar:6.1.2]
	at org.springframework.beans.factory.support.AbstractAutowireCapableBeanFactory.doCreateBean(AbstractAutowireCapableBeanFactory.java:561) ~[spring-beans-6.1.2.jar:6.1.2]
	at org.springframework.beans.factory.support.AbstractAutowireCapableBeanFactory.createBean(AbstractAutowireCapableBeanFactory.java:521) ~[spring-beans-6.1.2.jar:6.1.2]
	at org.springframework.beans.factory.support.AbstractBeanFactory.lambda$doGetBean$0(AbstractBeanFactory.java:325) ~[spring-beans-6.1.2.jar:6.1.2]
	at org.springframework.beans.factory.support.DefaultSingletonBeanRegistry.getSingleton(DefaultSingletonBeanRegistry.java:234) ~[spring-beans-6.1.2.jar:6.1.2]
	at org.springframework.beans.factory.support.AbstractBeanFactory.doGetBean(AbstractBeanFactory.java:323) ~[spring-beans-6.1.2.jar:6.1.2]
	at org.springframework.beans.factory.support.AbstractBeanFactory.getBean(AbstractBeanFactory.java:199) ~[spring-beans-6.1.2.jar:6.1.2]
	at org.springframework.beans.factory.support.DefaultListableBeanFactory.preInstantiateSingletons(DefaultListableBeanFactory.java:975) ~[spring-beans-6.1.2.jar:6.1.2]
	at org.springframework.context.support.AbstractApplicationContext.finishBeanFactoryInitialization(AbstractApplicationContext.java:960) ~[spring-context-6.1.2.jar:6.1.2]
	at org.springframework.context.support.AbstractApplicationContext.refresh(AbstractApplicationContext.java:625) ~[spring-context-6.1.2.jar:6.1.2]
	at org.springframework.boot.SpringApplication.refresh(SpringApplication.java:762) ~[spring-boot-3.2.1.jar:3.2.1]
	at org.springframework.boot.SpringApplication.refreshContext(SpringApplication.java:464) ~[spring-boot-3.2.1.jar:3.2.1]
	at org.springframework.boot.SpringApplication.run(SpringApplication.java:334) ~[spring-boot-3.2.1.jar:3.2.1]
	at org.springframework.boot.test.context.SpringBootContextLoader.lambda$loadContext$3(SpringBootContextLoader.java:137) ~[spring-boot-test-3.2.1.jar:3.2.1]
	at org.springframework.util.function.ThrowingSupplier.get(ThrowingSupplier.java:58) ~[spring-core-6.1.2.jar:6.1.2]
	at org.springframework.util.function.ThrowingSupplier.get(ThrowingSupplier.java:46) ~[spring-core-6.1.2.jar:6.1.2]
	at org.springframework.boot.SpringApplication.withHook(SpringApplication.java:1458) ~[spring-boot-3.2.1.jar:3.2.1]
	at org.springframework.boot.test.context.SpringBootContextLoader$ContextLoaderHook.run(SpringBootContextLoader.java:552) ~[spring-boot-test-3.2.1.jar:3.2.1]
	at org.springframework.boot.test.context.SpringBootContextLoader.loadContext(SpringBootContextLoader.java:137) ~[spring-boot-test-3.2.1.jar:3.2.1]
	at org.springframework.boot.test.context.SpringBootContextLoader.loadContext(SpringBootContextLoader.java:108) ~[spring-boot-test-3.2.1.jar:3.2.1]
	at org.springframework.test.context.cache.DefaultCacheAwareContextLoaderDelegate.loadContextInternal(DefaultCacheAwareContextLoaderDelegate.java:225) ~[spring-test-6.1.2.jar:6.1.2]
	at org.springframework.test.context.cache.DefaultCacheAwareContextLoaderDelegate.loadContext(DefaultCacheAwareContextLoaderDelegate.java:152) ~[spring-test-6.1.2.jar:6.1.2]
	at org.springframework.test.context.support.DefaultTestContext.getApplicationContext(DefaultTestContext.java:130) ~[spring-test-6.1.2.jar:6.1.2]
	at org.springframework.test.context.web.ServletTestExecutionListener.setUpRequestContextIfNecessary(ServletTestExecutionListener.java:191) ~[spring-test-6.1.2.jar:6.1.2]
	at org.springframework.test.context.web.ServletTestExecutionListener.prepareTestInstance(ServletTestExecutionListener.java:130) ~[spring-test-6.1.2.jar:6.1.2]
	at org.springframework.test.context.TestContextManager.prepareTestInstance(TestContextManager.java:260) ~[spring-test-6.1.2.jar:6.1.2]
	at org.springframework.test.context.junit.jupiter.SpringExtension.postProcessTestInstance(SpringExtension.java:163) ~[spring-test-6.1.2.jar:6.1.2]
	at org.junit.jupiter.engine.descriptor.ClassBasedTestDescriptor.lambda$invokeTestInstancePostProcessors$10(ClassBasedTestDescriptor.java:378) ~[junit-jupiter-engine-5.10.1.jar:5.10.1]
	at org.junit.jupiter.engine.descriptor.ClassBasedTestDescriptor.executeAndMaskThrowable(ClassBasedTestDescriptor.java:383) ~[junit-jupiter-engine-5.10.1.jar:5.10.1]
	at org.junit.jupiter.engine.descriptor.ClassBasedTestDescriptor.lambda$invokeTestInstancePostProcessors$11(ClassBasedTestDescriptor.java:378) ~[junit-jupiter-engine-5.10.1.jar:5.10.1]
	at java.base/java.util.stream.ReferencePipeline$3$1.accept(ReferencePipeline.java:197) ~[na:na]
	at java.base/java.util.stream.ReferencePipeline$2$1.accept(ReferencePipeline.java:179) ~[na:na]
	at java.base/java.util.ArrayList$ArrayListSpliterator.forEachRemaining(ArrayList.java:1708) ~[na:na]
	at java.base/java.util.stream.AbstractPipeline.copyInto(AbstractPipeline.java:509) ~[na:na]
	at java.base/java.util.stream.AbstractPipeline.wrapAndCopyInto(AbstractPipeline.java:499) ~[na:na]
	at java.base/java.util.stream.StreamSpliterators$WrappingSpliterator.forEachRemaining(StreamSpliterators.java:310) ~[na:na]
	at java.base/java.util.stream.Streams$ConcatSpliterator.forEachRemaining(Streams.java:735) ~[na:na]
	at java.base/java.util.stream.Streams$ConcatSpliterator.forEachRemaining(Streams.java:734) ~[na:na]
	at java.base/java.util.stream.ReferencePipeline$Head.forEach(ReferencePipeline.java:762) ~[na:na]
	at org.junit.jupiter.engine.descriptor.ClassBasedTestDescriptor.invokeTestInstancePostProcessors(ClassBasedTestDescriptor.java:377) ~[junit-jupiter-engine-5.10.1.jar:5.10.1]
	at org.junit.jupiter.engine.descriptor.ClassBasedTestDescriptor.lambda$instantiateAndPostProcessTestInstance$6(ClassBasedTestDescriptor.java:290) ~[junit-jupiter-engine-5.10.1.jar:5.10.1]
	at org.junit.platform.engine.support.hierarchical.ThrowableCollector.execute(ThrowableCollector.java:73) ~[junit-platform-engine-1.10.1.jar:1.10.1]
	at org.junit.jupiter.engine.descriptor.ClassBasedTestDescriptor.instantiateAndPostProcessTestInstance(ClassBasedTestDescriptor.java:289) ~[junit-jupiter-engine-5.10.1.jar:5.10.1]
	at org.junit.jupiter.engine.descriptor.ClassBasedTestDescriptor.lambda$testInstancesProvider$4(ClassBasedTestDescriptor.java:279) ~[junit-jupiter-engine-5.10.1.jar:5.10.1]
	at java.base/java.util.Optional.orElseGet(Optional.java:364) ~[na:na]
	at org.junit.jupiter.engine.descriptor.ClassBasedTestDescriptor.lambda$testInstancesProvider$5(ClassBasedTestDescriptor.java:278) ~[junit-jupiter-engine-5.10.1.jar:5.10.1]
	at org.junit.jupiter.engine.execution.TestInstancesProvider.getTestInstances(TestInstancesProvider.java:31) ~[junit-jupiter-engine-5.10.1.jar:5.10.1]
	at org.junit.jupiter.engine.descriptor.TestMethodTestDescriptor.lambda$prepare$0(TestMethodTestDescriptor.java:106) ~[junit-jupiter-engine-5.10.1.jar:5.10.1]
	at org.junit.platform.engine.support.hierarchical.ThrowableCollector.execute(ThrowableCollector.java:73) ~[junit-platform-engine-1.10.1.jar:1.10.1]
	at org.junit.jupiter.engine.descriptor.TestMethodTestDescriptor.prepare(TestMethodTestDescriptor.java:105) ~[junit-jupiter-engine-5.10.1.jar:5.10.1]
	at org.junit.jupiter.engine.descriptor.TestMethodTestDescriptor.prepare(TestMethodTestDescriptor.java:69) ~[junit-jupiter-engine-5.10.1.jar:5.10.1]
	at org.junit.platform.engine.support.hierarchical.NodeTestTask.lambda$prepare$2(NodeTestTask.java:123) ~[junit-platform-engine-1.10.1.jar:1.10.1]
	at org.junit.platform.engine.support.hierarchical.ThrowableCollector.execute(ThrowableCollector.java:73) ~[junit-platform-engine-1.10.1.jar:1.10.1]
	at org.junit.platform.engine.support.hierarchical.NodeTestTask.prepare(NodeTestTask.java:123) ~[junit-platform-engine-1.10.1.jar:1.10.1]
	at org.junit.platform.engine.support.hierarchical.NodeTestTask.execute(NodeTestTask.java:90) ~[junit-platform-engine-1.10.1.jar:1.10.1]
	at java.base/java.util.ArrayList.forEach(ArrayList.java:1596) ~[na:na]
	at org.junit.platform.engine.support.hierarchical.SameThreadHierarchicalTestExecutorService.invokeAll(SameThreadHierarchicalTestExecutorService.java:41) ~[junit-platform-engine-1.10.1.jar:1.10.1]
	at org.junit.platform.engine.support.hierarchical.NodeTestTask.lambda$executeRecursively$6(NodeTestTask.java:155) ~[junit-platform-engine-1.10.1.jar:1.10.1]
	at org.junit.platform.engine.support.hierarchical.ThrowableCollector.execute(ThrowableCollector.java:73) ~[junit-platform-engine-1.10.1.jar:1.10.1]
	at org.junit.platform.engine.support.hierarchical.NodeTestTask.lambda$executeRecursively$8(NodeTestTask.java:141) ~[junit-platform-engine-1.10.1.jar:1.10.1]
	at org.junit.platform.engine.support.hierarchical.Node.around(Node.java:137) ~[junit-platform-engine-1.10.1.jar:1.10.1]
	at org.junit.platform.engine.support.hierarchical.NodeTestTask.lambda$executeRecursively$9(NodeTestTask.java:139) ~[junit-platform-engine-1.10.1.jar:1.10.1]
	at org.junit.platform.engine.support.hierarchical.ThrowableCollector.execute(ThrowableCollector.java:73) ~[junit-platform-engine-1.10.1.jar:1.10.1]
	at org.junit.platform.engine.support.hierarchical.NodeTestTask.executeRecursively(NodeTestTask.java:138) ~[junit-platform-engine-1.10.1.jar:1.10.1]
	at org.junit.platform.engine.support.hierarchical.NodeTestTask.execute(NodeTestTask.java:95) ~[junit-platform-engine-1.10.1.jar:1.10.1]
	at java.base/java.util.ArrayList.forEach(ArrayList.java:1596) ~[na:na]
	at org.junit.platform.engine.support.hierarchical.SameThreadHierarchicalTestExecutorService.invokeAll(SameThreadHierarchicalTestExecutorService.java:41) ~[junit-platform-engine-1.10.1.jar:1.10.1]
	at org.junit.platform.engine.support.hierarchical.NodeTestTask.lambda$executeRecursively$6(NodeTestTask.java:155) ~[junit-platform-engine-1.10.1.jar:1.10.1]
	at org.junit.platform.engine.support.hierarchical.ThrowableCollector.execute(ThrowableCollector.java:73) ~[junit-platform-engine-1.10.1.jar:1.10.1]
	at org.junit.platform.engine.support.hierarchical.NodeTestTask.lambda$executeRecursively$8(NodeTestTask.java:141) ~[junit-platform-engine-1.10.1.jar:1.10.1]
	at org.junit.platform.engine.support.hierarchical.Node.around(Node.java:137) ~[junit-platform-engine-1.10.1.jar:1.10.1]
	at org.junit.platform.engine.support.hierarchical.NodeTestTask.lambda$executeRecursively$9(NodeTestTask.java:139) ~[junit-platform-engine-1.10.1.jar:1.10.1]
	at org.junit.platform.engine.support.hierarchical.ThrowableCollector.execute(ThrowableCollector.java:73) ~[junit-platform-engine-1.10.1.jar:1.10.1]
	at org.junit.platform.engine.support.hierarchical.NodeTestTask.executeRecursively(NodeTestTask.java:138) ~[junit-platform-engine-1.10.1.jar:1.10.1]
	at org.junit.platform.engine.support.hierarchical.NodeTestTask.execute(NodeTestTask.java:95) ~[junit-platform-engine-1.10.1.jar:1.10.1]
	at org.junit.platform.engine.support.hierarchical.SameThreadHierarchicalTestExecutorService.submit(SameThreadHierarchicalTestExecutorService.java:35) ~[junit-platform-engine-1.10.1.jar:1.10.1]
	at org.junit.platform.engine.support.hierarchical.HierarchicalTestExecutor.execute(HierarchicalTestExecutor.java:57) ~[junit-platform-engine-1.10.1.jar:1.10.1]
	at org.junit.platform.engine.support.hierarchical.HierarchicalTestEngine.execute(HierarchicalTestEngine.java:54) ~[junit-platform-engine-1.10.1.jar:1.10.1]
	at org.junit.platform.launcher.core.EngineExecutionOrchestrator.execute(EngineExecutionOrchestrator.java:198) ~[junit-platform-launcher-1.10.1.jar:1.10.1]
	at org.junit.platform.launcher.core.EngineExecutionOrchestrator.execute(EngineExecutionOrchestrator.java:169) ~[junit-platform-launcher-1.10.1.jar:1.10.1]
	at org.junit.platform.launcher.core.EngineExecutionOrchestrator.execute(EngineExecutionOrchestrator.java:93) ~[junit-platform-launcher-1.10.1.jar:1.10.1]
	at org.junit.platform.launcher.core.EngineExecutionOrchestrator.lambda$execute$0(EngineExecutionOrchestrator.java:58) ~[junit-platform-launcher-1.10.1.jar:1.10.1]
	at org.junit.platform.launcher.core.EngineExecutionOrchestrator.withInterceptedStreams(EngineExecutionOrchestrator.java:141) ~[junit-platform-launcher-1.10.1.jar:1.10.1]
	at org.junit.platform.launcher.core.EngineExecutionOrchestrator.execute(EngineExecutionOrchestrator.java:57) ~[junit-platform-launcher-1.10.1.jar:1.10.1]
	at org.junit.platform.launcher.core.DefaultLauncher.execute(DefaultLauncher.java:103) ~[junit-platform-launcher-1.10.1.jar:1.10.1]
	at org.junit.platform.launcher.core.DefaultLauncher.execute(DefaultLauncher.java:85) ~[junit-platform-launcher-1.10.1.jar:1.10.1]
	at org.junit.platform.launcher.core.DelegatingLauncher.execute(DelegatingLauncher.java:47) ~[junit-platform-launcher-1.10.1.jar:1.10.1]
	at org.apache.maven.surefire.junitplatform.LazyLauncher.execute(LazyLauncher.java:56) ~[surefire-junit-platform-3.1.2.jar:3.1.2]
	at org.apache.maven.surefire.junitplatform.JUnitPlatformProvider.execute(JUnitPlatformProvider.java:184) ~[surefire-junit-platform-3.1.2.jar:3.1.2]
	at org.apache.maven.surefire.junitplatform.JUnitPlatformProvider.invokeAllTests(JUnitPlatformProvider.java:148) ~[surefire-junit-platform-3.1.2.jar:3.1.2]
	at org.apache.maven.surefire.junitplatform.JUnitPlatformProvider.invoke(JUnitPlatformProvider.java:122) ~[surefire-junit-platform-3.1.2.jar:3.1.2]
	at org.apache.maven.surefire.booter.ForkedBooter.runSuitesInProcess(ForkedBooter.java:385) ~[surefire-booter-3.1.2.jar:3.1.2]
	at org.apache.maven.surefire.booter.ForkedBooter.execute(ForkedBooter.java:162) ~[surefire-booter-3.1.2.jar:3.1.2]
	at org.apache.maven.surefire.booter.ForkedBooter.run(ForkedBooter.java:507) ~[surefire-booter-3.1.2.jar:3.1.2]
	at org.apache.maven.surefire.booter.ForkedBooter.main(ForkedBooter.java:495) ~[surefire-booter-3.1.2.jar:3.1.2]

2025-01-09T08:37:05.862-06:00 DEBUG 20036 --- [           main] o.s.d.jpa.repository.query.NamedQuery    : Did not find named query Message.searchInChannel.count
2025-01-09T08:37:05.862-06:00 DEBUG 20036 --- [           main] tor$SharedEntityManagerInvocationHandler : Creating new EntityManager for shared EntityManager invocation
2025-01-09T08:37:05.862-06:00 DEBUG 20036 --- [           main] org.hibernate.orm.query.hql              : HQL : SELECT m FROM Message m WHERE m.channel.id = :channelId AND LOWER(m.content) LIKE LOWER(CONCAT('%', :keyword, '%'))
2025-01-09T08:37:05.862-06:00 DEBUG 20036 --- [           main] o.h.o.q.hql.reservedWordAsIdentifier     : Encountered use of reserved word as identifier : =
2025-01-09T08:37:05.862-06:00 DEBUG 20036 --- [           main] org.hibernate.orm.query.sqm.creation     : Applying inferable type to SqmExpression [SqmNamedParameter(channelId)] : null -> SqmBasicValuedSimplePath(com.chatgenius.model.Message(m).channel.id)
2025-01-09T08:37:05.862-06:00 DEBUG 20036 --- [           main] org.hibernate.orm.query.sqm.ast          : SqmStatement Tree :
    -> [select]
      -> [query-spec]
        -> [select]
          -> [selection]
            -> [root] - `com.chatgenius.model.Message(m)`
            <- [root] - `com.chatgenius.model.Message(m)`
          <- [selection]
        <- [select]
        -> [from]
          -> [root] - `com.chatgenius.model.Message(m)`
          <- [root] - `com.chatgenius.model.Message(m)`
        <- [from]
        -> [where]
          -> [and]
            -> [EQUAL]
                -> [basic-path] - `com.chatgenius.model.Message(m).channel.id`
                :channelId
            <- [EQUAL]
            -> [is-like]
            <- [is-like]
          <- [and]
        <- [where]
      <- [query-spec]
    <- [select]

2025-01-09T08:37:05.864-06:00 DEBUG 20036 --- [           main] cResourceLocalTransactionCoordinatorImpl : JDBC transaction marked for rollback-only (exception provided for stack trace)

java.lang.Exception: exception just for purpose of providing stack trace
	at org.hibernate.resource.transaction.backend.jdbc.internal.JdbcResourceLocalTransactionCoordinatorImpl$TransactionDriverControlImpl.markRollbackOnly(JdbcResourceLocalTransactionCoordinatorImpl.java:310) ~[hibernate-core-6.4.1.Final.jar:6.4.1.Final]
	at org.hibernate.internal.AbstractSharedSessionContract.buildNamedQuery(AbstractSharedSessionContract.java:1076) ~[hibernate-core-6.4.1.Final.jar:6.4.1.Final]
	at org.hibernate.internal.AbstractSharedSessionContract.createNamedQuery(AbstractSharedSessionContract.java:954) ~[hibernate-core-6.4.1.Final.jar:6.4.1.Final]
	at org.hibernate.internal.AbstractSharedSessionContract.createNamedQuery(AbstractSharedSessionContract.java:133) ~[hibernate-core-6.4.1.Final.jar:6.4.1.Final]
	at java.base/jdk.internal.reflect.DirectMethodHandleAccessor.invoke(DirectMethodHandleAccessor.java:103) ~[na:na]
	at java.base/java.lang.reflect.Method.invoke(Method.java:580) ~[na:na]
	at org.springframework.orm.jpa.ExtendedEntityManagerCreator$ExtendedEntityManagerInvocationHandler.invoke(ExtendedEntityManagerCreator.java:364) ~[spring-orm-6.1.2.jar:6.1.2]
	at jdk.proxy2/jdk.proxy2.$Proxy186.createNamedQuery(Unknown Source) ~[na:na]
	at org.springframework.data.jpa.repository.query.NamedQuery.hasNamedQuery(NamedQuery.java:113) ~[spring-data-jpa-3.2.1.jar:3.2.1]
	at org.springframework.data.jpa.repository.query.JpaQueryLookupStrategy$DeclaredQueryLookupStrategy.getCountQuery(JpaQueryLookupStrategy.java:204) ~[spring-data-jpa-3.2.1.jar:3.2.1]
	at org.springframework.data.jpa.repository.query.JpaQueryLookupStrategy$DeclaredQueryLookupStrategy.resolveQuery(JpaQueryLookupStrategy.java:171) ~[spring-data-jpa-3.2.1.jar:3.2.1]
	at org.springframework.data.jpa.repository.query.JpaQueryLookupStrategy$CreateIfNotFoundQueryLookupStrategy.resolveQuery(JpaQueryLookupStrategy.java:252) ~[spring-data-jpa-3.2.1.jar:3.2.1]
	at org.springframework.data.jpa.repository.query.JpaQueryLookupStrategy$AbstractQueryLookupStrategy.resolveQuery(JpaQueryLookupStrategy.java:95) ~[spring-data-jpa-3.2.1.jar:3.2.1]
	at org.springframework.data.repository.core.support.QueryExecutorMethodInterceptor.lookupQuery(QueryExecutorMethodInterceptor.java:111) ~[spring-data-commons-3.2.1.jar:3.2.1]
	at org.springframework.data.repository.core.support.QueryExecutorMethodInterceptor.mapMethodsToQuery(QueryExecutorMethodInterceptor.java:99) ~[spring-data-commons-3.2.1.jar:3.2.1]
	at org.springframework.data.repository.core.support.QueryExecutorMethodInterceptor.lambda$new$0(QueryExecutorMethodInterceptor.java:88) ~[spring-data-commons-3.2.1.jar:3.2.1]
	at java.base/java.util.Optional.map(Optional.java:260) ~[na:na]
	at org.springframework.data.repository.core.support.QueryExecutorMethodInterceptor.<init>(QueryExecutorMethodInterceptor.java:88) ~[spring-data-commons-3.2.1.jar:3.2.1]
	at org.springframework.data.repository.core.support.RepositoryFactorySupport.getRepository(RepositoryFactorySupport.java:357) ~[spring-data-commons-3.2.1.jar:3.2.1]
	at org.springframework.data.repository.core.support.RepositoryFactoryBeanSupport.lambda$afterPropertiesSet$5(RepositoryFactoryBeanSupport.java:279) ~[spring-data-commons-3.2.1.jar:3.2.1]
	at org.springframework.data.util.Lazy.getNullable(Lazy.java:135) ~[spring-data-commons-3.2.1.jar:3.2.1]
	at org.springframework.data.util.Lazy.get(Lazy.java:113) ~[spring-data-commons-3.2.1.jar:3.2.1]
	at org.springframework.data.repository.core.support.RepositoryFactoryBeanSupport.afterPropertiesSet(RepositoryFactoryBeanSupport.java:285) ~[spring-data-commons-3.2.1.jar:3.2.1]
	at org.springframework.data.jpa.repository.support.JpaRepositoryFactoryBean.afterPropertiesSet(JpaRepositoryFactoryBean.java:132) ~[spring-data-jpa-3.2.1.jar:3.2.1]
	at org.springframework.beans.factory.support.AbstractAutowireCapableBeanFactory.invokeInitMethods(AbstractAutowireCapableBeanFactory.java:1820) ~[spring-beans-6.1.2.jar:6.1.2]
	at org.springframework.beans.factory.support.AbstractAutowireCapableBeanFactory.initializeBean(AbstractAutowireCapableBeanFactory.java:1769) ~[spring-beans-6.1.2.jar:6.1.2]
	at org.springframework.beans.factory.support.AbstractAutowireCapableBeanFactory.doCreateBean(AbstractAutowireCapableBeanFactory.java:599) ~[spring-beans-6.1.2.jar:6.1.2]
	at org.springframework.beans.factory.support.AbstractAutowireCapableBeanFactory.createBean(AbstractAutowireCapableBeanFactory.java:521) ~[spring-beans-6.1.2.jar:6.1.2]
	at org.springframework.beans.factory.support.AbstractBeanFactory.lambda$doGetBean$0(AbstractBeanFactory.java:325) ~[spring-beans-6.1.2.jar:6.1.2]
	at org.springframework.beans.factory.support.DefaultSingletonBeanRegistry.getSingleton(DefaultSingletonBeanRegistry.java:234) ~[spring-beans-6.1.2.jar:6.1.2]
	at org.springframework.beans.factory.support.AbstractBeanFactory.doGetBean(AbstractBeanFactory.java:323) ~[spring-beans-6.1.2.jar:6.1.2]
	at org.springframework.beans.factory.support.AbstractBeanFactory.getBean(AbstractBeanFactory.java:199) ~[spring-beans-6.1.2.jar:6.1.2]
	at org.springframework.beans.factory.config.DependencyDescriptor.resolveCandidate(DependencyDescriptor.java:254) ~[spring-beans-6.1.2.jar:6.1.2]
	at org.springframework.beans.factory.support.DefaultListableBeanFactory.doResolveDependency(DefaultListableBeanFactory.java:1443) ~[spring-beans-6.1.2.jar:6.1.2]
	at org.springframework.beans.factory.support.DefaultListableBeanFactory.resolveDependency(DefaultListableBeanFactory.java:1353) ~[spring-beans-6.1.2.jar:6.1.2]
	at org.springframework.beans.factory.support.ConstructorResolver.resolveAutowiredArgument(ConstructorResolver.java:911) ~[spring-beans-6.1.2.jar:6.1.2]
	at org.springframework.beans.factory.support.ConstructorResolver.createArgumentArray(ConstructorResolver.java:789) ~[spring-beans-6.1.2.jar:6.1.2]
	at org.springframework.beans.factory.support.ConstructorResolver.autowireConstructor(ConstructorResolver.java:241) ~[spring-beans-6.1.2.jar:6.1.2]
	at org.springframework.beans.factory.support.AbstractAutowireCapableBeanFactory.autowireConstructor(AbstractAutowireCapableBeanFactory.java:1354) ~[spring-beans-6.1.2.jar:6.1.2]
	at org.springframework.beans.factory.support.AbstractAutowireCapableBeanFactory.createBeanInstance(AbstractAutowireCapableBeanFactory.java:1191) ~[spring-beans-6.1.2.jar:6.1.2]
	at org.springframework.beans.factory.support.AbstractAutowireCapableBeanFactory.doCreateBean(AbstractAutowireCapableBeanFactory.java:561) ~[spring-beans-6.1.2.jar:6.1.2]
	at org.springframework.beans.factory.support.AbstractAutowireCapableBeanFactory.createBean(AbstractAutowireCapableBeanFactory.java:521) ~[spring-beans-6.1.2.jar:6.1.2]
	at org.springframework.beans.factory.support.AbstractBeanFactory.lambda$doGetBean$0(AbstractBeanFactory.java:325) ~[spring-beans-6.1.2.jar:6.1.2]
	at org.springframework.beans.factory.support.DefaultSingletonBeanRegistry.getSingleton(DefaultSingletonBeanRegistry.java:234) ~[spring-beans-6.1.2.jar:6.1.2]
	at org.springframework.beans.factory.support.AbstractBeanFactory.doGetBean(AbstractBeanFactory.java:323) ~[spring-beans-6.1.2.jar:6.1.2]
	at org.springframework.beans.factory.support.AbstractBeanFactory.getBean(AbstractBeanFactory.java:199) ~[spring-beans-6.1.2.jar:6.1.2]
	at org.springframework.beans.factory.config.DependencyDescriptor.resolveCandidate(DependencyDescriptor.java:254) ~[spring-beans-6.1.2.jar:6.1.2]
	at org.springframework.beans.factory.support.DefaultListableBeanFactory.doResolveDependency(DefaultListableBeanFactory.java:1443) ~[spring-beans-6.1.2.jar:6.1.2]
	at org.springframework.beans.factory.support.DefaultListableBeanFactory.resolveDependency(DefaultListableBeanFactory.java:1353) ~[spring-beans-6.1.2.jar:6.1.2]
	at org.springframework.beans.factory.support.ConstructorResolver.resolveAutowiredArgument(ConstructorResolver.java:911) ~[spring-beans-6.1.2.jar:6.1.2]
	at org.springframework.beans.factory.support.ConstructorResolver.createArgumentArray(ConstructorResolver.java:789) ~[spring-beans-6.1.2.jar:6.1.2]
	at org.springframework.beans.factory.support.ConstructorResolver.autowireConstructor(ConstructorResolver.java:241) ~[spring-beans-6.1.2.jar:6.1.2]
	at org.springframework.beans.factory.support.AbstractAutowireCapableBeanFactory.autowireConstructor(AbstractAutowireCapableBeanFactory.java:1354) ~[spring-beans-6.1.2.jar:6.1.2]
	at org.springframework.beans.factory.support.AbstractAutowireCapableBeanFactory.createBeanInstance(AbstractAutowireCapableBeanFactory.java:1191) ~[spring-beans-6.1.2.jar:6.1.2]
	at org.springframework.beans.factory.support.AbstractAutowireCapableBeanFactory.doCreateBean(AbstractAutowireCapableBeanFactory.java:561) ~[spring-beans-6.1.2.jar:6.1.2]
	at org.springframework.beans.factory.support.AbstractAutowireCapableBeanFactory.createBean(AbstractAutowireCapableBeanFactory.java:521) ~[spring-beans-6.1.2.jar:6.1.2]
	at org.springframework.beans.factory.support.AbstractBeanFactory.lambda$doGetBean$0(AbstractBeanFactory.java:325) ~[spring-beans-6.1.2.jar:6.1.2]
	at org.springframework.beans.factory.support.DefaultSingletonBeanRegistry.getSingleton(DefaultSingletonBeanRegistry.java:234) ~[spring-beans-6.1.2.jar:6.1.2]
	at org.springframework.beans.factory.support.AbstractBeanFactory.doGetBean(AbstractBeanFactory.java:323) ~[spring-beans-6.1.2.jar:6.1.2]
	at org.springframework.beans.factory.support.AbstractBeanFactory.getBean(AbstractBeanFactory.java:199) ~[spring-beans-6.1.2.jar:6.1.2]
	at org.springframework.beans.factory.support.DefaultListableBeanFactory.preInstantiateSingletons(DefaultListableBeanFactory.java:975) ~[spring-beans-6.1.2.jar:6.1.2]
	at org.springframework.context.support.AbstractApplicationContext.finishBeanFactoryInitialization(AbstractApplicationContext.java:960) ~[spring-context-6.1.2.jar:6.1.2]
	at org.springframework.context.support.AbstractApplicationContext.refresh(AbstractApplicationContext.java:625) ~[spring-context-6.1.2.jar:6.1.2]
	at org.springframework.boot.SpringApplication.refresh(SpringApplication.java:762) ~[spring-boot-3.2.1.jar:3.2.1]
	at org.springframework.boot.SpringApplication.refreshContext(SpringApplication.java:464) ~[spring-boot-3.2.1.jar:3.2.1]
	at org.springframework.boot.SpringApplication.run(SpringApplication.java:334) ~[spring-boot-3.2.1.jar:3.2.1]
	at org.springframework.boot.test.context.SpringBootContextLoader.lambda$loadContext$3(SpringBootContextLoader.java:137) ~[spring-boot-test-3.2.1.jar:3.2.1]
	at org.springframework.util.function.ThrowingSupplier.get(ThrowingSupplier.java:58) ~[spring-core-6.1.2.jar:6.1.2]
	at org.springframework.util.function.ThrowingSupplier.get(ThrowingSupplier.java:46) ~[spring-core-6.1.2.jar:6.1.2]
	at org.springframework.boot.SpringApplication.withHook(SpringApplication.java:1458) ~[spring-boot-3.2.1.jar:3.2.1]
	at org.springframework.boot.test.context.SpringBootContextLoader$ContextLoaderHook.run(SpringBootContextLoader.java:552) ~[spring-boot-test-3.2.1.jar:3.2.1]
	at org.springframework.boot.test.context.SpringBootContextLoader.loadContext(SpringBootContextLoader.java:137) ~[spring-boot-test-3.2.1.jar:3.2.1]
	at org.springframework.boot.test.context.SpringBootContextLoader.loadContext(SpringBootContextLoader.java:108) ~[spring-boot-test-3.2.1.jar:3.2.1]
	at org.springframework.test.context.cache.DefaultCacheAwareContextLoaderDelegate.loadContextInternal(DefaultCacheAwareContextLoaderDelegate.java:225) ~[spring-test-6.1.2.jar:6.1.2]
	at org.springframework.test.context.cache.DefaultCacheAwareContextLoaderDelegate.loadContext(DefaultCacheAwareContextLoaderDelegate.java:152) ~[spring-test-6.1.2.jar:6.1.2]
	at org.springframework.test.context.support.DefaultTestContext.getApplicationContext(DefaultTestContext.java:130) ~[spring-test-6.1.2.jar:6.1.2]
	at org.springframework.test.context.web.ServletTestExecutionListener.setUpRequestContextIfNecessary(ServletTestExecutionListener.java:191) ~[spring-test-6.1.2.jar:6.1.2]
	at org.springframework.test.context.web.ServletTestExecutionListener.prepareTestInstance(ServletTestExecutionListener.java:130) ~[spring-test-6.1.2.jar:6.1.2]
	at org.springframework.test.context.TestContextManager.prepareTestInstance(TestContextManager.java:260) ~[spring-test-6.1.2.jar:6.1.2]
	at org.springframework.test.context.junit.jupiter.SpringExtension.postProcessTestInstance(SpringExtension.java:163) ~[spring-test-6.1.2.jar:6.1.2]
	at org.junit.jupiter.engine.descriptor.ClassBasedTestDescriptor.lambda$invokeTestInstancePostProcessors$10(ClassBasedTestDescriptor.java:378) ~[junit-jupiter-engine-5.10.1.jar:5.10.1]
	at org.junit.jupiter.engine.descriptor.ClassBasedTestDescriptor.executeAndMaskThrowable(ClassBasedTestDescriptor.java:383) ~[junit-jupiter-engine-5.10.1.jar:5.10.1]
	at org.junit.jupiter.engine.descriptor.ClassBasedTestDescriptor.lambda$invokeTestInstancePostProcessors$11(ClassBasedTestDescriptor.java:378) ~[junit-jupiter-engine-5.10.1.jar:5.10.1]
	at java.base/java.util.stream.ReferencePipeline$3$1.accept(ReferencePipeline.java:197) ~[na:na]
	at java.base/java.util.stream.ReferencePipeline$2$1.accept(ReferencePipeline.java:179) ~[na:na]
	at java.base/java.util.ArrayList$ArrayListSpliterator.forEachRemaining(ArrayList.java:1708) ~[na:na]
	at java.base/java.util.stream.AbstractPipeline.copyInto(AbstractPipeline.java:509) ~[na:na]
	at java.base/java.util.stream.AbstractPipeline.wrapAndCopyInto(AbstractPipeline.java:499) ~[na:na]
	at java.base/java.util.stream.StreamSpliterators$WrappingSpliterator.forEachRemaining(StreamSpliterators.java:310) ~[na:na]
	at java.base/java.util.stream.Streams$ConcatSpliterator.forEachRemaining(Streams.java:735) ~[na:na]
	at java.base/java.util.stream.Streams$ConcatSpliterator.forEachRemaining(Streams.java:734) ~[na:na]
	at java.base/java.util.stream.ReferencePipeline$Head.forEach(ReferencePipeline.java:762) ~[na:na]
	at org.junit.jupiter.engine.descriptor.ClassBasedTestDescriptor.invokeTestInstancePostProcessors(ClassBasedTestDescriptor.java:377) ~[junit-jupiter-engine-5.10.1.jar:5.10.1]
	at org.junit.jupiter.engine.descriptor.ClassBasedTestDescriptor.lambda$instantiateAndPostProcessTestInstance$6(ClassBasedTestDescriptor.java:290) ~[junit-jupiter-engine-5.10.1.jar:5.10.1]
	at org.junit.platform.engine.support.hierarchical.ThrowableCollector.execute(ThrowableCollector.java:73) ~[junit-platform-engine-1.10.1.jar:1.10.1]
	at org.junit.jupiter.engine.descriptor.ClassBasedTestDescriptor.instantiateAndPostProcessTestInstance(ClassBasedTestDescriptor.java:289) ~[junit-jupiter-engine-5.10.1.jar:5.10.1]
	at org.junit.jupiter.engine.descriptor.ClassBasedTestDescriptor.lambda$testInstancesProvider$4(ClassBasedTestDescriptor.java:279) ~[junit-jupiter-engine-5.10.1.jar:5.10.1]
	at java.base/java.util.Optional.orElseGet(Optional.java:364) ~[na:na]
	at org.junit.jupiter.engine.descriptor.ClassBasedTestDescriptor.lambda$testInstancesProvider$5(ClassBasedTestDescriptor.java:278) ~[junit-jupiter-engine-5.10.1.jar:5.10.1]
	at org.junit.jupiter.engine.execution.TestInstancesProvider.getTestInstances(TestInstancesProvider.java:31) ~[junit-jupiter-engine-5.10.1.jar:5.10.1]
	at org.junit.jupiter.engine.descriptor.TestMethodTestDescriptor.lambda$prepare$0(TestMethodTestDescriptor.java:106) ~[junit-jupiter-engine-5.10.1.jar:5.10.1]
	at org.junit.platform.engine.support.hierarchical.ThrowableCollector.execute(ThrowableCollector.java:73) ~[junit-platform-engine-1.10.1.jar:1.10.1]
	at org.junit.jupiter.engine.descriptor.TestMethodTestDescriptor.prepare(TestMethodTestDescriptor.java:105) ~[junit-jupiter-engine-5.10.1.jar:5.10.1]
	at org.junit.jupiter.engine.descriptor.TestMethodTestDescriptor.prepare(TestMethodTestDescriptor.java:69) ~[junit-jupiter-engine-5.10.1.jar:5.10.1]
	at org.junit.platform.engine.support.hierarchical.NodeTestTask.lambda$prepare$2(NodeTestTask.java:123) ~[junit-platform-engine-1.10.1.jar:1.10.1]
	at org.junit.platform.engine.support.hierarchical.ThrowableCollector.execute(ThrowableCollector.java:73) ~[junit-platform-engine-1.10.1.jar:1.10.1]
	at org.junit.platform.engine.support.hierarchical.NodeTestTask.prepare(NodeTestTask.java:123) ~[junit-platform-engine-1.10.1.jar:1.10.1]
	at org.junit.platform.engine.support.hierarchical.NodeTestTask.execute(NodeTestTask.java:90) ~[junit-platform-engine-1.10.1.jar:1.10.1]
	at java.base/java.util.ArrayList.forEach(ArrayList.java:1596) ~[na:na]
	at org.junit.platform.engine.support.hierarchical.SameThreadHierarchicalTestExecutorService.invokeAll(SameThreadHierarchicalTestExecutorService.java:41) ~[junit-platform-engine-1.10.1.jar:1.10.1]
	at org.junit.platform.engine.support.hierarchical.NodeTestTask.lambda$executeRecursively$6(NodeTestTask.java:155) ~[junit-platform-engine-1.10.1.jar:1.10.1]
	at org.junit.platform.engine.support.hierarchical.ThrowableCollector.execute(ThrowableCollector.java:73) ~[junit-platform-engine-1.10.1.jar:1.10.1]
	at org.junit.platform.engine.support.hierarchical.NodeTestTask.lambda$executeRecursively$8(NodeTestTask.java:141) ~[junit-platform-engine-1.10.1.jar:1.10.1]
	at org.junit.platform.engine.support.hierarchical.Node.around(Node.java:137) ~[junit-platform-engine-1.10.1.jar:1.10.1]
	at org.junit.platform.engine.support.hierarchical.NodeTestTask.lambda$executeRecursively$9(NodeTestTask.java:139) ~[junit-platform-engine-1.10.1.jar:1.10.1]
	at org.junit.platform.engine.support.hierarchical.ThrowableCollector.execute(ThrowableCollector.java:73) ~[junit-platform-engine-1.10.1.jar:1.10.1]
	at org.junit.platform.engine.support.hierarchical.NodeTestTask.executeRecursively(NodeTestTask.java:138) ~[junit-platform-engine-1.10.1.jar:1.10.1]
	at org.junit.platform.engine.support.hierarchical.NodeTestTask.execute(NodeTestTask.java:95) ~[junit-platform-engine-1.10.1.jar:1.10.1]
	at java.base/java.util.ArrayList.forEach(ArrayList.java:1596) ~[na:na]
	at org.junit.platform.engine.support.hierarchical.SameThreadHierarchicalTestExecutorService.invokeAll(SameThreadHierarchicalTestExecutorService.java:41) ~[junit-platform-engine-1.10.1.jar:1.10.1]
	at org.junit.platform.engine.support.hierarchical.NodeTestTask.lambda$executeRecursively$6(NodeTestTask.java:155) ~[junit-platform-engine-1.10.1.jar:1.10.1]
	at org.junit.platform.engine.support.hierarchical.ThrowableCollector.execute(ThrowableCollector.java:73) ~[junit-platform-engine-1.10.1.jar:1.10.1]
	at org.junit.platform.engine.support.hierarchical.NodeTestTask.lambda$executeRecursively$8(NodeTestTask.java:141) ~[junit-platform-engine-1.10.1.jar:1.10.1]
	at org.junit.platform.engine.support.hierarchical.Node.around(Node.java:137) ~[junit-platform-engine-1.10.1.jar:1.10.1]
	at org.junit.platform.engine.support.hierarchical.NodeTestTask.lambda$executeRecursively$9(NodeTestTask.java:139) ~[junit-platform-engine-1.10.1.jar:1.10.1]
	at org.junit.platform.engine.support.hierarchical.ThrowableCollector.execute(ThrowableCollector.java:73) ~[junit-platform-engine-1.10.1.jar:1.10.1]
	at org.junit.platform.engine.support.hierarchical.NodeTestTask.executeRecursively(NodeTestTask.java:138) ~[junit-platform-engine-1.10.1.jar:1.10.1]
	at org.junit.platform.engine.support.hierarchical.NodeTestTask.execute(NodeTestTask.java:95) ~[junit-platform-engine-1.10.1.jar:1.10.1]
	at org.junit.platform.engine.support.hierarchical.SameThreadHierarchicalTestExecutorService.submit(SameThreadHierarchicalTestExecutorService.java:35) ~[junit-platform-engine-1.10.1.jar:1.10.1]
	at org.junit.platform.engine.support.hierarchical.HierarchicalTestExecutor.execute(HierarchicalTestExecutor.java:57) ~[junit-platform-engine-1.10.1.jar:1.10.1]
	at org.junit.platform.engine.support.hierarchical.HierarchicalTestEngine.execute(HierarchicalTestEngine.java:54) ~[junit-platform-engine-1.10.1.jar:1.10.1]
	at org.junit.platform.launcher.core.EngineExecutionOrchestrator.execute(EngineExecutionOrchestrator.java:198) ~[junit-platform-launcher-1.10.1.jar:1.10.1]
	at org.junit.platform.launcher.core.EngineExecutionOrchestrator.execute(EngineExecutionOrchestrator.java:169) ~[junit-platform-launcher-1.10.1.jar:1.10.1]
	at org.junit.platform.launcher.core.EngineExecutionOrchestrator.execute(EngineExecutionOrchestrator.java:93) ~[junit-platform-launcher-1.10.1.jar:1.10.1]
	at org.junit.platform.launcher.core.EngineExecutionOrchestrator.lambda$execute$0(EngineExecutionOrchestrator.java:58) ~[junit-platform-launcher-1.10.1.jar:1.10.1]
	at org.junit.platform.launcher.core.EngineExecutionOrchestrator.withInterceptedStreams(EngineExecutionOrchestrator.java:141) ~[junit-platform-launcher-1.10.1.jar:1.10.1]
	at org.junit.platform.launcher.core.EngineExecutionOrchestrator.execute(EngineExecutionOrchestrator.java:57) ~[junit-platform-launcher-1.10.1.jar:1.10.1]
	at org.junit.platform.launcher.core.DefaultLauncher.execute(DefaultLauncher.java:103) ~[junit-platform-launcher-1.10.1.jar:1.10.1]
	at org.junit.platform.launcher.core.DefaultLauncher.execute(DefaultLauncher.java:85) ~[junit-platform-launcher-1.10.1.jar:1.10.1]
	at org.junit.platform.launcher.core.DelegatingLauncher.execute(DelegatingLauncher.java:47) ~[junit-platform-launcher-1.10.1.jar:1.10.1]
	at org.apache.maven.surefire.junitplatform.LazyLauncher.execute(LazyLauncher.java:56) ~[surefire-junit-platform-3.1.2.jar:3.1.2]
	at org.apache.maven.surefire.junitplatform.JUnitPlatformProvider.execute(JUnitPlatformProvider.java:184) ~[surefire-junit-platform-3.1.2.jar:3.1.2]
	at org.apache.maven.surefire.junitplatform.JUnitPlatformProvider.invokeAllTests(JUnitPlatformProvider.java:148) ~[surefire-junit-platform-3.1.2.jar:3.1.2]
	at org.apache.maven.surefire.junitplatform.JUnitPlatformProvider.invoke(JUnitPlatformProvider.java:122) ~[surefire-junit-platform-3.1.2.jar:3.1.2]
	at org.apache.maven.surefire.booter.ForkedBooter.runSuitesInProcess(ForkedBooter.java:385) ~[surefire-booter-3.1.2.jar:3.1.2]
	at org.apache.maven.surefire.booter.ForkedBooter.execute(ForkedBooter.java:162) ~[surefire-booter-3.1.2.jar:3.1.2]
	at org.apache.maven.surefire.booter.ForkedBooter.run(ForkedBooter.java:507) ~[surefire-booter-3.1.2.jar:3.1.2]
	at org.apache.maven.surefire.booter.ForkedBooter.main(ForkedBooter.java:495) ~[surefire-booter-3.1.2.jar:3.1.2]

2025-01-09T08:37:05.866-06:00 DEBUG 20036 --- [           main] o.s.d.jpa.repository.query.NamedQuery    : Did not find named query Message.findRepliesByThreadId.count
2025-01-09T08:37:05.866-06:00 DEBUG 20036 --- [           main] tor$SharedEntityManagerInvocationHandler : Creating new EntityManager for shared EntityManager invocation
2025-01-09T08:37:05.866-06:00 DEBUG 20036 --- [           main] org.hibernate.orm.query.hql              : HQL : SELECT m FROM Message m WHERE m.thread.id = :threadId ORDER BY m.createdAt ASC
2025-01-09T08:37:05.866-06:00 DEBUG 20036 --- [           main] o.h.o.q.hql.reservedWordAsIdentifier     : Encountered use of reserved word as identifier : =
2025-01-09T08:37:05.866-06:00 DEBUG 20036 --- [           main] org.hibernate.orm.query.sqm.creation     : Applying inferable type to SqmExpression [SqmNamedParameter(threadId)] : null -> SqmBasicValuedSimplePath(com.chatgenius.model.Message(m).thread.id)
2025-01-09T08:37:05.866-06:00 DEBUG 20036 --- [           main] org.hibernate.orm.query.sqm.ast          : SqmStatement Tree :
    -> [select]
      -> [query-spec]
        -> [select]
          -> [selection]
            -> [root] - `com.chatgenius.model.Message(m)`
            <- [root] - `com.chatgenius.model.Message(m)`
          <- [selection]
        <- [select]
        -> [from]
          -> [root] - `com.chatgenius.model.Message(m)`
          <- [root] - `com.chatgenius.model.Message(m)`
        <- [from]
        -> [where]
          -> [EQUAL]
              -> [basic-path] - `com.chatgenius.model.Message(m).thread.id`
              :threadId
          <- [EQUAL]
        <- [where]
      <- [query-spec]
    <- [select]

2025-01-09T08:37:05.867-06:00 DEBUG 20036 --- [           main] cResourceLocalTransactionCoordinatorImpl : JDBC transaction marked for rollback-only (exception provided for stack trace)

java.lang.Exception: exception just for purpose of providing stack trace
	at org.hibernate.resource.transaction.backend.jdbc.internal.JdbcResourceLocalTransactionCoordinatorImpl$TransactionDriverControlImpl.markRollbackOnly(JdbcResourceLocalTransactionCoordinatorImpl.java:310) ~[hibernate-core-6.4.1.Final.jar:6.4.1.Final]
	at org.hibernate.internal.AbstractSharedSessionContract.buildNamedQuery(AbstractSharedSessionContract.java:1076) ~[hibernate-core-6.4.1.Final.jar:6.4.1.Final]
	at org.hibernate.internal.AbstractSharedSessionContract.createNamedQuery(AbstractSharedSessionContract.java:954) ~[hibernate-core-6.4.1.Final.jar:6.4.1.Final]
	at org.hibernate.internal.AbstractSharedSessionContract.createNamedQuery(AbstractSharedSessionContract.java:133) ~[hibernate-core-6.4.1.Final.jar:6.4.1.Final]
	at java.base/jdk.internal.reflect.DirectMethodHandleAccessor.invoke(DirectMethodHandleAccessor.java:103) ~[na:na]
	at java.base/java.lang.reflect.Method.invoke(Method.java:580) ~[na:na]
	at org.springframework.orm.jpa.ExtendedEntityManagerCreator$ExtendedEntityManagerInvocationHandler.invoke(ExtendedEntityManagerCreator.java:364) ~[spring-orm-6.1.2.jar:6.1.2]
	at jdk.proxy2/jdk.proxy2.$Proxy186.createNamedQuery(Unknown Source) ~[na:na]
	at org.springframework.data.jpa.repository.query.NamedQuery.hasNamedQuery(NamedQuery.java:113) ~[spring-data-jpa-3.2.1.jar:3.2.1]
	at org.springframework.data.jpa.repository.query.JpaQueryLookupStrategy$DeclaredQueryLookupStrategy.getCountQuery(JpaQueryLookupStrategy.java:204) ~[spring-data-jpa-3.2.1.jar:3.2.1]
	at org.springframework.data.jpa.repository.query.JpaQueryLookupStrategy$DeclaredQueryLookupStrategy.resolveQuery(JpaQueryLookupStrategy.java:171) ~[spring-data-jpa-3.2.1.jar:3.2.1]
	at org.springframework.data.jpa.repository.query.JpaQueryLookupStrategy$CreateIfNotFoundQueryLookupStrategy.resolveQuery(JpaQueryLookupStrategy.java:252) ~[spring-data-jpa-3.2.1.jar:3.2.1]
	at org.springframework.data.jpa.repository.query.JpaQueryLookupStrategy$AbstractQueryLookupStrategy.resolveQuery(JpaQueryLookupStrategy.java:95) ~[spring-data-jpa-3.2.1.jar:3.2.1]
	at org.springframework.data.repository.core.support.QueryExecutorMethodInterceptor.lookupQuery(QueryExecutorMethodInterceptor.java:111) ~[spring-data-commons-3.2.1.jar:3.2.1]
	at org.springframework.data.repository.core.support.QueryExecutorMethodInterceptor.mapMethodsToQuery(QueryExecutorMethodInterceptor.java:99) ~[spring-data-commons-3.2.1.jar:3.2.1]
	at org.springframework.data.repository.core.support.QueryExecutorMethodInterceptor.lambda$new$0(QueryExecutorMethodInterceptor.java:88) ~[spring-data-commons-3.2.1.jar:3.2.1]
	at java.base/java.util.Optional.map(Optional.java:260) ~[na:na]
	at org.springframework.data.repository.core.support.QueryExecutorMethodInterceptor.<init>(QueryExecutorMethodInterceptor.java:88) ~[spring-data-commons-3.2.1.jar:3.2.1]
	at org.springframework.data.repository.core.support.RepositoryFactorySupport.getRepository(RepositoryFactorySupport.java:357) ~[spring-data-commons-3.2.1.jar:3.2.1]
	at org.springframework.data.repository.core.support.RepositoryFactoryBeanSupport.lambda$afterPropertiesSet$5(RepositoryFactoryBeanSupport.java:279) ~[spring-data-commons-3.2.1.jar:3.2.1]
	at org.springframework.data.util.Lazy.getNullable(Lazy.java:135) ~[spring-data-commons-3.2.1.jar:3.2.1]
	at org.springframework.data.util.Lazy.get(Lazy.java:113) ~[spring-data-commons-3.2.1.jar:3.2.1]
	at org.springframework.data.repository.core.support.RepositoryFactoryBeanSupport.afterPropertiesSet(RepositoryFactoryBeanSupport.java:285) ~[spring-data-commons-3.2.1.jar:3.2.1]
	at org.springframework.data.jpa.repository.support.JpaRepositoryFactoryBean.afterPropertiesSet(JpaRepositoryFactoryBean.java:132) ~[spring-data-jpa-3.2.1.jar:3.2.1]
	at org.springframework.beans.factory.support.AbstractAutowireCapableBeanFactory.invokeInitMethods(AbstractAutowireCapableBeanFactory.java:1820) ~[spring-beans-6.1.2.jar:6.1.2]
	at org.springframework.beans.factory.support.AbstractAutowireCapableBeanFactory.initializeBean(AbstractAutowireCapableBeanFactory.java:1769) ~[spring-beans-6.1.2.jar:6.1.2]
	at org.springframework.beans.factory.support.AbstractAutowireCapableBeanFactory.doCreateBean(AbstractAutowireCapableBeanFactory.java:599) ~[spring-beans-6.1.2.jar:6.1.2]
	at org.springframework.beans.factory.support.AbstractAutowireCapableBeanFactory.createBean(AbstractAutowireCapableBeanFactory.java:521) ~[spring-beans-6.1.2.jar:6.1.2]
	at org.springframework.beans.factory.support.AbstractBeanFactory.lambda$doGetBean$0(AbstractBeanFactory.java:325) ~[spring-beans-6.1.2.jar:6.1.2]
	at org.springframework.beans.factory.support.DefaultSingletonBeanRegistry.getSingleton(DefaultSingletonBeanRegistry.java:234) ~[spring-beans-6.1.2.jar:6.1.2]
	at org.springframework.beans.factory.support.AbstractBeanFactory.doGetBean(AbstractBeanFactory.java:323) ~[spring-beans-6.1.2.jar:6.1.2]
	at org.springframework.beans.factory.support.AbstractBeanFactory.getBean(AbstractBeanFactory.java:199) ~[spring-beans-6.1.2.jar:6.1.2]
	at org.springframework.beans.factory.config.DependencyDescriptor.resolveCandidate(DependencyDescriptor.java:254) ~[spring-beans-6.1.2.jar:6.1.2]
	at org.springframework.beans.factory.support.DefaultListableBeanFactory.doResolveDependency(DefaultListableBeanFactory.java:1443) ~[spring-beans-6.1.2.jar:6.1.2]
	at org.springframework.beans.factory.support.DefaultListableBeanFactory.resolveDependency(DefaultListableBeanFactory.java:1353) ~[spring-beans-6.1.2.jar:6.1.2]
	at org.springframework.beans.factory.support.ConstructorResolver.resolveAutowiredArgument(ConstructorResolver.java:911) ~[spring-beans-6.1.2.jar:6.1.2]
	at org.springframework.beans.factory.support.ConstructorResolver.createArgumentArray(ConstructorResolver.java:789) ~[spring-beans-6.1.2.jar:6.1.2]
	at org.springframework.beans.factory.support.ConstructorResolver.autowireConstructor(ConstructorResolver.java:241) ~[spring-beans-6.1.2.jar:6.1.2]
	at org.springframework.beans.factory.support.AbstractAutowireCapableBeanFactory.autowireConstructor(AbstractAutowireCapableBeanFactory.java:1354) ~[spring-beans-6.1.2.jar:6.1.2]
	at org.springframework.beans.factory.support.AbstractAutowireCapableBeanFactory.createBeanInstance(AbstractAutowireCapableBeanFactory.java:1191) ~[spring-beans-6.1.2.jar:6.1.2]
	at org.springframework.beans.factory.support.AbstractAutowireCapableBeanFactory.doCreateBean(AbstractAutowireCapableBeanFactory.java:561) ~[spring-beans-6.1.2.jar:6.1.2]
	at org.springframework.beans.factory.support.AbstractAutowireCapableBeanFactory.createBean(AbstractAutowireCapableBeanFactory.java:521) ~[spring-beans-6.1.2.jar:6.1.2]
	at org.springframework.beans.factory.support.AbstractBeanFactory.lambda$doGetBean$0(AbstractBeanFactory.java:325) ~[spring-beans-6.1.2.jar:6.1.2]
	at org.springframework.beans.factory.support.DefaultSingletonBeanRegistry.getSingleton(DefaultSingletonBeanRegistry.java:234) ~[spring-beans-6.1.2.jar:6.1.2]
	at org.springframework.beans.factory.support.AbstractBeanFactory.doGetBean(AbstractBeanFactory.java:323) ~[spring-beans-6.1.2.jar:6.1.2]
	at org.springframework.beans.factory.support.AbstractBeanFactory.getBean(AbstractBeanFactory.java:199) ~[spring-beans-6.1.2.jar:6.1.2]
	at org.springframework.beans.factory.config.DependencyDescriptor.resolveCandidate(DependencyDescriptor.java:254) ~[spring-beans-6.1.2.jar:6.1.2]
	at org.springframework.beans.factory.support.DefaultListableBeanFactory.doResolveDependency(DefaultListableBeanFactory.java:1443) ~[spring-beans-6.1.2.jar:6.1.2]
	at org.springframework.beans.factory.support.DefaultListableBeanFactory.resolveDependency(DefaultListableBeanFactory.java:1353) ~[spring-beans-6.1.2.jar:6.1.2]
	at org.springframework.beans.factory.support.ConstructorResolver.resolveAutowiredArgument(ConstructorResolver.java:911) ~[spring-beans-6.1.2.jar:6.1.2]
	at org.springframework.beans.factory.support.ConstructorResolver.createArgumentArray(ConstructorResolver.java:789) ~[spring-beans-6.1.2.jar:6.1.2]
	at org.springframework.beans.factory.support.ConstructorResolver.autowireConstructor(ConstructorResolver.java:241) ~[spring-beans-6.1.2.jar:6.1.2]
	at org.springframework.beans.factory.support.AbstractAutowireCapableBeanFactory.autowireConstructor(AbstractAutowireCapableBeanFactory.java:1354) ~[spring-beans-6.1.2.jar:6.1.2]
	at org.springframework.beans.factory.support.AbstractAutowireCapableBeanFactory.createBeanInstance(AbstractAutowireCapableBeanFactory.java:1191) ~[spring-beans-6.1.2.jar:6.1.2]
	at org.springframework.beans.factory.support.AbstractAutowireCapableBeanFactory.doCreateBean(AbstractAutowireCapableBeanFactory.java:561) ~[spring-beans-6.1.2.jar:6.1.2]
	at org.springframework.beans.factory.support.AbstractAutowireCapableBeanFactory.createBean(AbstractAutowireCapableBeanFactory.java:521) ~[spring-beans-6.1.2.jar:6.1.2]
	at org.springframework.beans.factory.support.AbstractBeanFactory.lambda$doGetBean$0(AbstractBeanFactory.java:325) ~[spring-beans-6.1.2.jar:6.1.2]
	at org.springframework.beans.factory.support.DefaultSingletonBeanRegistry.getSingleton(DefaultSingletonBeanRegistry.java:234) ~[spring-beans-6.1.2.jar:6.1.2]
	at org.springframework.beans.factory.support.AbstractBeanFactory.doGetBean(AbstractBeanFactory.java:323) ~[spring-beans-6.1.2.jar:6.1.2]
	at org.springframework.beans.factory.support.AbstractBeanFactory.getBean(AbstractBeanFactory.java:199) ~[spring-beans-6.1.2.jar:6.1.2]
	at org.springframework.beans.factory.support.DefaultListableBeanFactory.preInstantiateSingletons(DefaultListableBeanFactory.java:975) ~[spring-beans-6.1.2.jar:6.1.2]
	at org.springframework.context.support.AbstractApplicationContext.finishBeanFactoryInitialization(AbstractApplicationContext.java:960) ~[spring-context-6.1.2.jar:6.1.2]
	at org.springframework.context.support.AbstractApplicationContext.refresh(AbstractApplicationContext.java:625) ~[spring-context-6.1.2.jar:6.1.2]
	at org.springframework.boot.SpringApplication.refresh(SpringApplication.java:762) ~[spring-boot-3.2.1.jar:3.2.1]
	at org.springframework.boot.SpringApplication.refreshContext(SpringApplication.java:464) ~[spring-boot-3.2.1.jar:3.2.1]
	at org.springframework.boot.SpringApplication.run(SpringApplication.java:334) ~[spring-boot-3.2.1.jar:3.2.1]
	at org.springframework.boot.test.context.SpringBootContextLoader.lambda$loadContext$3(SpringBootContextLoader.java:137) ~[spring-boot-test-3.2.1.jar:3.2.1]
	at org.springframework.util.function.ThrowingSupplier.get(ThrowingSupplier.java:58) ~[spring-core-6.1.2.jar:6.1.2]
	at org.springframework.util.function.ThrowingSupplier.get(ThrowingSupplier.java:46) ~[spring-core-6.1.2.jar:6.1.2]
	at org.springframework.boot.SpringApplication.withHook(SpringApplication.java:1458) ~[spring-boot-3.2.1.jar:3.2.1]
	at org.springframework.boot.test.context.SpringBootContextLoader$ContextLoaderHook.run(SpringBootContextLoader.java:552) ~[spring-boot-test-3.2.1.jar:3.2.1]
	at org.springframework.boot.test.context.SpringBootContextLoader.loadContext(SpringBootContextLoader.java:137) ~[spring-boot-test-3.2.1.jar:3.2.1]
	at org.springframework.boot.test.context.SpringBootContextLoader.loadContext(SpringBootContextLoader.java:108) ~[spring-boot-test-3.2.1.jar:3.2.1]
	at org.springframework.test.context.cache.DefaultCacheAwareContextLoaderDelegate.loadContextInternal(DefaultCacheAwareContextLoaderDelegate.java:225) ~[spring-test-6.1.2.jar:6.1.2]
	at org.springframework.test.context.cache.DefaultCacheAwareContextLoaderDelegate.loadContext(DefaultCacheAwareContextLoaderDelegate.java:152) ~[spring-test-6.1.2.jar:6.1.2]
	at org.springframework.test.context.support.DefaultTestContext.getApplicationContext(DefaultTestContext.java:130) ~[spring-test-6.1.2.jar:6.1.2]
	at org.springframework.test.context.web.ServletTestExecutionListener.setUpRequestContextIfNecessary(ServletTestExecutionListener.java:191) ~[spring-test-6.1.2.jar:6.1.2]
	at org.springframework.test.context.web.ServletTestExecutionListener.prepareTestInstance(ServletTestExecutionListener.java:130) ~[spring-test-6.1.2.jar:6.1.2]
	at org.springframework.test.context.TestContextManager.prepareTestInstance(TestContextManager.java:260) ~[spring-test-6.1.2.jar:6.1.2]
	at org.springframework.test.context.junit.jupiter.SpringExtension.postProcessTestInstance(SpringExtension.java:163) ~[spring-test-6.1.2.jar:6.1.2]
	at org.junit.jupiter.engine.descriptor.ClassBasedTestDescriptor.lambda$invokeTestInstancePostProcessors$10(ClassBasedTestDescriptor.java:378) ~[junit-jupiter-engine-5.10.1.jar:5.10.1]
	at org.junit.jupiter.engine.descriptor.ClassBasedTestDescriptor.executeAndMaskThrowable(ClassBasedTestDescriptor.java:383) ~[junit-jupiter-engine-5.10.1.jar:5.10.1]
	at org.junit.jupiter.engine.descriptor.ClassBasedTestDescriptor.lambda$invokeTestInstancePostProcessors$11(ClassBasedTestDescriptor.java:378) ~[junit-jupiter-engine-5.10.1.jar:5.10.1]
	at java.base/java.util.stream.ReferencePipeline$3$1.accept(ReferencePipeline.java:197) ~[na:na]
	at java.base/java.util.stream.ReferencePipeline$2$1.accept(ReferencePipeline.java:179) ~[na:na]
	at java.base/java.util.ArrayList$ArrayListSpliterator.forEachRemaining(ArrayList.java:1708) ~[na:na]
	at java.base/java.util.stream.AbstractPipeline.copyInto(AbstractPipeline.java:509) ~[na:na]
	at java.base/java.util.stream.AbstractPipeline.wrapAndCopyInto(AbstractPipeline.java:499) ~[na:na]
	at java.base/java.util.stream.StreamSpliterators$WrappingSpliterator.forEachRemaining(StreamSpliterators.java:310) ~[na:na]
	at java.base/java.util.stream.Streams$ConcatSpliterator.forEachRemaining(Streams.java:735) ~[na:na]
	at java.base/java.util.stream.Streams$ConcatSpliterator.forEachRemaining(Streams.java:734) ~[na:na]
	at java.base/java.util.stream.ReferencePipeline$Head.forEach(ReferencePipeline.java:762) ~[na:na]
	at org.junit.jupiter.engine.descriptor.ClassBasedTestDescriptor.invokeTestInstancePostProcessors(ClassBasedTestDescriptor.java:377) ~[junit-jupiter-engine-5.10.1.jar:5.10.1]
	at org.junit.jupiter.engine.descriptor.ClassBasedTestDescriptor.lambda$instantiateAndPostProcessTestInstance$6(ClassBasedTestDescriptor.java:290) ~[junit-jupiter-engine-5.10.1.jar:5.10.1]
	at org.junit.platform.engine.support.hierarchical.ThrowableCollector.execute(ThrowableCollector.java:73) ~[junit-platform-engine-1.10.1.jar:1.10.1]
	at org.junit.jupiter.engine.descriptor.ClassBasedTestDescriptor.instantiateAndPostProcessTestInstance(ClassBasedTestDescriptor.java:289) ~[junit-jupiter-engine-5.10.1.jar:5.10.1]
	at org.junit.jupiter.engine.descriptor.ClassBasedTestDescriptor.lambda$testInstancesProvider$4(ClassBasedTestDescriptor.java:279) ~[junit-jupiter-engine-5.10.1.jar:5.10.1]
	at java.base/java.util.Optional.orElseGet(Optional.java:364) ~[na:na]
	at org.junit.jupiter.engine.descriptor.ClassBasedTestDescriptor.lambda$testInstancesProvider$5(ClassBasedTestDescriptor.java:278) ~[junit-jupiter-engine-5.10.1.jar:5.10.1]
	at org.junit.jupiter.engine.execution.TestInstancesProvider.getTestInstances(TestInstancesProvider.java:31) ~[junit-jupiter-engine-5.10.1.jar:5.10.1]
	at org.junit.jupiter.engine.descriptor.TestMethodTestDescriptor.lambda$prepare$0(TestMethodTestDescriptor.java:106) ~[junit-jupiter-engine-5.10.1.jar:5.10.1]
	at org.junit.platform.engine.support.hierarchical.ThrowableCollector.execute(ThrowableCollector.java:73) ~[junit-platform-engine-1.10.1.jar:1.10.1]
	at org.junit.jupiter.engine.descriptor.TestMethodTestDescriptor.prepare(TestMethodTestDescriptor.java:105) ~[junit-jupiter-engine-5.10.1.jar:5.10.1]
	at org.junit.jupiter.engine.descriptor.TestMethodTestDescriptor.prepare(TestMethodTestDescriptor.java:69) ~[junit-jupiter-engine-5.10.1.jar:5.10.1]
	at org.junit.platform.engine.support.hierarchical.NodeTestTask.lambda$prepare$2(NodeTestTask.java:123) ~[junit-platform-engine-1.10.1.jar:1.10.1]
	at org.junit.platform.engine.support.hierarchical.ThrowableCollector.execute(ThrowableCollector.java:73) ~[junit-platform-engine-1.10.1.jar:1.10.1]
	at org.junit.platform.engine.support.hierarchical.NodeTestTask.prepare(NodeTestTask.java:123) ~[junit-platform-engine-1.10.1.jar:1.10.1]
	at org.junit.platform.engine.support.hierarchical.NodeTestTask.execute(NodeTestTask.java:90) ~[junit-platform-engine-1.10.1.jar:1.10.1]
	at java.base/java.util.ArrayList.forEach(ArrayList.java:1596) ~[na:na]
	at org.junit.platform.engine.support.hierarchical.SameThreadHierarchicalTestExecutorService.invokeAll(SameThreadHierarchicalTestExecutorService.java:41) ~[junit-platform-engine-1.10.1.jar:1.10.1]
	at org.junit.platform.engine.support.hierarchical.NodeTestTask.lambda$executeRecursively$6(NodeTestTask.java:155) ~[junit-platform-engine-1.10.1.jar:1.10.1]
	at org.junit.platform.engine.support.hierarchical.ThrowableCollector.execute(ThrowableCollector.java:73) ~[junit-platform-engine-1.10.1.jar:1.10.1]
	at org.junit.platform.engine.support.hierarchical.NodeTestTask.lambda$executeRecursively$8(NodeTestTask.java:141) ~[junit-platform-engine-1.10.1.jar:1.10.1]
	at org.junit.platform.engine.support.hierarchical.Node.around(Node.java:137) ~[junit-platform-engine-1.10.1.jar:1.10.1]
	at org.junit.platform.engine.support.hierarchical.NodeTestTask.lambda$executeRecursively$9(NodeTestTask.java:139) ~[junit-platform-engine-1.10.1.jar:1.10.1]
	at org.junit.platform.engine.support.hierarchical.ThrowableCollector.execute(ThrowableCollector.java:73) ~[junit-platform-engine-1.10.1.jar:1.10.1]
	at org.junit.platform.engine.support.hierarchical.NodeTestTask.executeRecursively(NodeTestTask.java:138) ~[junit-platform-engine-1.10.1.jar:1.10.1]
	at org.junit.platform.engine.support.hierarchical.NodeTestTask.execute(NodeTestTask.java:95) ~[junit-platform-engine-1.10.1.jar:1.10.1]
	at java.base/java.util.ArrayList.forEach(ArrayList.java:1596) ~[na:na]
	at org.junit.platform.engine.support.hierarchical.SameThreadHierarchicalTestExecutorService.invokeAll(SameThreadHierarchicalTestExecutorService.java:41) ~[junit-platform-engine-1.10.1.jar:1.10.1]
	at org.junit.platform.engine.support.hierarchical.NodeTestTask.lambda$executeRecursively$6(NodeTestTask.java:155) ~[junit-platform-engine-1.10.1.jar:1.10.1]
	at org.junit.platform.engine.support.hierarchical.ThrowableCollector.execute(ThrowableCollector.java:73) ~[junit-platform-engine-1.10.1.jar:1.10.1]
	at org.junit.platform.engine.support.hierarchical.NodeTestTask.lambda$executeRecursively$8(NodeTestTask.java:141) ~[junit-platform-engine-1.10.1.jar:1.10.1]
	at org.junit.platform.engine.support.hierarchical.Node.around(Node.java:137) ~[junit-platform-engine-1.10.1.jar:1.10.1]
	at org.junit.platform.engine.support.hierarchical.NodeTestTask.lambda$executeRecursively$9(NodeTestTask.java:139) ~[junit-platform-engine-1.10.1.jar:1.10.1]
	at org.junit.platform.engine.support.hierarchical.ThrowableCollector.execute(ThrowableCollector.java:73) ~[junit-platform-engine-1.10.1.jar:1.10.1]
	at org.junit.platform.engine.support.hierarchical.NodeTestTask.executeRecursively(NodeTestTask.java:138) ~[junit-platform-engine-1.10.1.jar:1.10.1]
	at org.junit.platform.engine.support.hierarchical.NodeTestTask.execute(NodeTestTask.java:95) ~[junit-platform-engine-1.10.1.jar:1.10.1]
	at org.junit.platform.engine.support.hierarchical.SameThreadHierarchicalTestExecutorService.submit(SameThreadHierarchicalTestExecutorService.java:35) ~[junit-platform-engine-1.10.1.jar:1.10.1]
	at org.junit.platform.engine.support.hierarchical.HierarchicalTestExecutor.execute(HierarchicalTestExecutor.java:57) ~[junit-platform-engine-1.10.1.jar:1.10.1]
	at org.junit.platform.engine.support.hierarchical.HierarchicalTestEngine.execute(HierarchicalTestEngine.java:54) ~[junit-platform-engine-1.10.1.jar:1.10.1]
	at org.junit.platform.launcher.core.EngineExecutionOrchestrator.execute(EngineExecutionOrchestrator.java:198) ~[junit-platform-launcher-1.10.1.jar:1.10.1]
	at org.junit.platform.launcher.core.EngineExecutionOrchestrator.execute(EngineExecutionOrchestrator.java:169) ~[junit-platform-launcher-1.10.1.jar:1.10.1]
	at org.junit.platform.launcher.core.EngineExecutionOrchestrator.execute(EngineExecutionOrchestrator.java:93) ~[junit-platform-launcher-1.10.1.jar:1.10.1]
	at org.junit.platform.launcher.core.EngineExecutionOrchestrator.lambda$execute$0(EngineExecutionOrchestrator.java:58) ~[junit-platform-launcher-1.10.1.jar:1.10.1]
	at org.junit.platform.launcher.core.EngineExecutionOrchestrator.withInterceptedStreams(EngineExecutionOrchestrator.java:141) ~[junit-platform-launcher-1.10.1.jar:1.10.1]
	at org.junit.platform.launcher.core.EngineExecutionOrchestrator.execute(EngineExecutionOrchestrator.java:57) ~[junit-platform-launcher-1.10.1.jar:1.10.1]
	at org.junit.platform.launcher.core.DefaultLauncher.execute(DefaultLauncher.java:103) ~[junit-platform-launcher-1.10.1.jar:1.10.1]
	at org.junit.platform.launcher.core.DefaultLauncher.execute(DefaultLauncher.java:85) ~[junit-platform-launcher-1.10.1.jar:1.10.1]
	at org.junit.platform.launcher.core.DelegatingLauncher.execute(DelegatingLauncher.java:47) ~[junit-platform-launcher-1.10.1.jar:1.10.1]
	at org.apache.maven.surefire.junitplatform.LazyLauncher.execute(LazyLauncher.java:56) ~[surefire-junit-platform-3.1.2.jar:3.1.2]
	at org.apache.maven.surefire.junitplatform.JUnitPlatformProvider.execute(JUnitPlatformProvider.java:184) ~[surefire-junit-platform-3.1.2.jar:3.1.2]
	at org.apache.maven.surefire.junitplatform.JUnitPlatformProvider.invokeAllTests(JUnitPlatformProvider.java:148) ~[surefire-junit-platform-3.1.2.jar:3.1.2]
	at org.apache.maven.surefire.junitplatform.JUnitPlatformProvider.invoke(JUnitPlatformProvider.java:122) ~[surefire-junit-platform-3.1.2.jar:3.1.2]
	at org.apache.maven.surefire.booter.ForkedBooter.runSuitesInProcess(ForkedBooter.java:385) ~[surefire-booter-3.1.2.jar:3.1.2]
	at org.apache.maven.surefire.booter.ForkedBooter.execute(ForkedBooter.java:162) ~[surefire-booter-3.1.2.jar:3.1.2]
	at org.apache.maven.surefire.booter.ForkedBooter.run(ForkedBooter.java:507) ~[surefire-booter-3.1.2.jar:3.1.2]
	at org.apache.maven.surefire.booter.ForkedBooter.main(ForkedBooter.java:495) ~[surefire-booter-3.1.2.jar:3.1.2]

2025-01-09T08:37:05.869-06:00 DEBUG 20036 --- [           main] o.s.d.jpa.repository.query.NamedQuery    : Did not find named query Message.findByChannelId.count
2025-01-09T08:37:05.869-06:00 DEBUG 20036 --- [           main] tor$SharedEntityManagerInvocationHandler : Creating new EntityManager for shared EntityManager invocation
2025-01-09T08:37:05.870-06:00 DEBUG 20036 --- [           main] org.hibernate.orm.query.hql              : HQL : SELECT count(m) FROM Message m WHERE m.channel.id = :channelId
2025-01-09T08:37:05.870-06:00 DEBUG 20036 --- [           main] o.h.o.q.hql.reservedWordAsIdentifier     : Encountered use of reserved word as identifier : (
2025-01-09T08:37:05.870-06:00 DEBUG 20036 --- [           main] o.h.o.q.hql.reservedWordAsIdentifier     : Encountered use of reserved word as identifier : =
2025-01-09T08:37:05.870-06:00 DEBUG 20036 --- [           main] org.hibernate.orm.query.sqm.creation     : Applying inferable type to SqmExpression [SqmNamedParameter(channelId)] : null -> SqmBasicValuedSimplePath(com.chatgenius.model.Message(m).channel.id)
2025-01-09T08:37:05.870-06:00 DEBUG 20036 --- [           main] org.hibernate.orm.query.sqm.ast          : SqmStatement Tree :
    -> [select]
      -> [query-spec]
        -> [select]
          -> [selection]
          <- [selection]
        <- [select]
        -> [from]
          -> [root] - `com.chatgenius.model.Message(m)`
          <- [root] - `com.chatgenius.model.Message(m)`
        <- [from]
        -> [where]
          -> [EQUAL]
              -> [basic-path] - `com.chatgenius.model.Message(m).channel.id`
              :channelId
          <- [EQUAL]
        <- [where]
      <- [query-spec]
    <- [select]

2025-01-09T08:37:05.871-06:00 DEBUG 20036 --- [           main] cResourceLocalTransactionCoordinatorImpl : JDBC transaction marked for rollback-only (exception provided for stack trace)

java.lang.Exception: exception just for purpose of providing stack trace
	at org.hibernate.resource.transaction.backend.jdbc.internal.JdbcResourceLocalTransactionCoordinatorImpl$TransactionDriverControlImpl.markRollbackOnly(JdbcResourceLocalTransactionCoordinatorImpl.java:310) ~[hibernate-core-6.4.1.Final.jar:6.4.1.Final]
	at org.hibernate.internal.AbstractSharedSessionContract.buildNamedQuery(AbstractSharedSessionContract.java:1076) ~[hibernate-core-6.4.1.Final.jar:6.4.1.Final]
	at org.hibernate.internal.AbstractSharedSessionContract.createNamedQuery(AbstractSharedSessionContract.java:954) ~[hibernate-core-6.4.1.Final.jar:6.4.1.Final]
	at org.hibernate.internal.AbstractSharedSessionContract.createNamedQuery(AbstractSharedSessionContract.java:133) ~[hibernate-core-6.4.1.Final.jar:6.4.1.Final]
	at java.base/jdk.internal.reflect.DirectMethodHandleAccessor.invoke(DirectMethodHandleAccessor.java:103) ~[na:na]
	at java.base/java.lang.reflect.Method.invoke(Method.java:580) ~[na:na]
	at org.springframework.orm.jpa.ExtendedEntityManagerCreator$ExtendedEntityManagerInvocationHandler.invoke(ExtendedEntityManagerCreator.java:364) ~[spring-orm-6.1.2.jar:6.1.2]
	at jdk.proxy2/jdk.proxy2.$Proxy186.createNamedQuery(Unknown Source) ~[na:na]
	at org.springframework.data.jpa.repository.query.NamedQuery.hasNamedQuery(NamedQuery.java:113) ~[spring-data-jpa-3.2.1.jar:3.2.1]
	at org.springframework.data.jpa.repository.query.JpaQueryLookupStrategy$DeclaredQueryLookupStrategy.getCountQuery(JpaQueryLookupStrategy.java:204) ~[spring-data-jpa-3.2.1.jar:3.2.1]
	at org.springframework.data.jpa.repository.query.JpaQueryLookupStrategy$DeclaredQueryLookupStrategy.resolveQuery(JpaQueryLookupStrategy.java:171) ~[spring-data-jpa-3.2.1.jar:3.2.1]
	at org.springframework.data.jpa.repository.query.JpaQueryLookupStrategy$CreateIfNotFoundQueryLookupStrategy.resolveQuery(JpaQueryLookupStrategy.java:252) ~[spring-data-jpa-3.2.1.jar:3.2.1]
	at org.springframework.data.jpa.repository.query.JpaQueryLookupStrategy$AbstractQueryLookupStrategy.resolveQuery(JpaQueryLookupStrategy.java:95) ~[spring-data-jpa-3.2.1.jar:3.2.1]
	at org.springframework.data.repository.core.support.QueryExecutorMethodInterceptor.lookupQuery(QueryExecutorMethodInterceptor.java:111) ~[spring-data-commons-3.2.1.jar:3.2.1]
	at org.springframework.data.repository.core.support.QueryExecutorMethodInterceptor.mapMethodsToQuery(QueryExecutorMethodInterceptor.java:99) ~[spring-data-commons-3.2.1.jar:3.2.1]
	at org.springframework.data.repository.core.support.QueryExecutorMethodInterceptor.lambda$new$0(QueryExecutorMethodInterceptor.java:88) ~[spring-data-commons-3.2.1.jar:3.2.1]
	at java.base/java.util.Optional.map(Optional.java:260) ~[na:na]
	at org.springframework.data.repository.core.support.QueryExecutorMethodInterceptor.<init>(QueryExecutorMethodInterceptor.java:88) ~[spring-data-commons-3.2.1.jar:3.2.1]
	at org.springframework.data.repository.core.support.RepositoryFactorySupport.getRepository(RepositoryFactorySupport.java:357) ~[spring-data-commons-3.2.1.jar:3.2.1]
	at org.springframework.data.repository.core.support.RepositoryFactoryBeanSupport.lambda$afterPropertiesSet$5(RepositoryFactoryBeanSupport.java:279) ~[spring-data-commons-3.2.1.jar:3.2.1]
	at org.springframework.data.util.Lazy.getNullable(Lazy.java:135) ~[spring-data-commons-3.2.1.jar:3.2.1]
	at org.springframework.data.util.Lazy.get(Lazy.java:113) ~[spring-data-commons-3.2.1.jar:3.2.1]
	at org.springframework.data.repository.core.support.RepositoryFactoryBeanSupport.afterPropertiesSet(RepositoryFactoryBeanSupport.java:285) ~[spring-data-commons-3.2.1.jar:3.2.1]
	at org.springframework.data.jpa.repository.support.JpaRepositoryFactoryBean.afterPropertiesSet(JpaRepositoryFactoryBean.java:132) ~[spring-data-jpa-3.2.1.jar:3.2.1]
	at org.springframework.beans.factory.support.AbstractAutowireCapableBeanFactory.invokeInitMethods(AbstractAutowireCapableBeanFactory.java:1820) ~[spring-beans-6.1.2.jar:6.1.2]
	at org.springframework.beans.factory.support.AbstractAutowireCapableBeanFactory.initializeBean(AbstractAutowireCapableBeanFactory.java:1769) ~[spring-beans-6.1.2.jar:6.1.2]
	at org.springframework.beans.factory.support.AbstractAutowireCapableBeanFactory.doCreateBean(AbstractAutowireCapableBeanFactory.java:599) ~[spring-beans-6.1.2.jar:6.1.2]
	at org.springframework.beans.factory.support.AbstractAutowireCapableBeanFactory.createBean(AbstractAutowireCapableBeanFactory.java:521) ~[spring-beans-6.1.2.jar:6.1.2]
	at org.springframework.beans.factory.support.AbstractBeanFactory.lambda$doGetBean$0(AbstractBeanFactory.java:325) ~[spring-beans-6.1.2.jar:6.1.2]
	at org.springframework.beans.factory.support.DefaultSingletonBeanRegistry.getSingleton(DefaultSingletonBeanRegistry.java:234) ~[spring-beans-6.1.2.jar:6.1.2]
	at org.springframework.beans.factory.support.AbstractBeanFactory.doGetBean(AbstractBeanFactory.java:323) ~[spring-beans-6.1.2.jar:6.1.2]
	at org.springframework.beans.factory.support.AbstractBeanFactory.getBean(AbstractBeanFactory.java:199) ~[spring-beans-6.1.2.jar:6.1.2]
	at org.springframework.beans.factory.config.DependencyDescriptor.resolveCandidate(DependencyDescriptor.java:254) ~[spring-beans-6.1.2.jar:6.1.2]
	at org.springframework.beans.factory.support.DefaultListableBeanFactory.doResolveDependency(DefaultListableBeanFactory.java:1443) ~[spring-beans-6.1.2.jar:6.1.2]
	at org.springframework.beans.factory.support.DefaultListableBeanFactory.resolveDependency(DefaultListableBeanFactory.java:1353) ~[spring-beans-6.1.2.jar:6.1.2]
	at org.springframework.beans.factory.support.ConstructorResolver.resolveAutowiredArgument(ConstructorResolver.java:911) ~[spring-beans-6.1.2.jar:6.1.2]
	at org.springframework.beans.factory.support.ConstructorResolver.createArgumentArray(ConstructorResolver.java:789) ~[spring-beans-6.1.2.jar:6.1.2]
	at org.springframework.beans.factory.support.ConstructorResolver.autowireConstructor(ConstructorResolver.java:241) ~[spring-beans-6.1.2.jar:6.1.2]
	at org.springframework.beans.factory.support.AbstractAutowireCapableBeanFactory.autowireConstructor(AbstractAutowireCapableBeanFactory.java:1354) ~[spring-beans-6.1.2.jar:6.1.2]
	at org.springframework.beans.factory.support.AbstractAutowireCapableBeanFactory.createBeanInstance(AbstractAutowireCapableBeanFactory.java:1191) ~[spring-beans-6.1.2.jar:6.1.2]
	at org.springframework.beans.factory.support.AbstractAutowireCapableBeanFactory.doCreateBean(AbstractAutowireCapableBeanFactory.java:561) ~[spring-beans-6.1.2.jar:6.1.2]
	at org.springframework.beans.factory.support.AbstractAutowireCapableBeanFactory.createBean(AbstractAutowireCapableBeanFactory.java:521) ~[spring-beans-6.1.2.jar:6.1.2]
	at org.springframework.beans.factory.support.AbstractBeanFactory.lambda$doGetBean$0(AbstractBeanFactory.java:325) ~[spring-beans-6.1.2.jar:6.1.2]
	at org.springframework.beans.factory.support.DefaultSingletonBeanRegistry.getSingleton(DefaultSingletonBeanRegistry.java:234) ~[spring-beans-6.1.2.jar:6.1.2]
	at org.springframework.beans.factory.support.AbstractBeanFactory.doGetBean(AbstractBeanFactory.java:323) ~[spring-beans-6.1.2.jar:6.1.2]
	at org.springframework.beans.factory.support.AbstractBeanFactory.getBean(AbstractBeanFactory.java:199) ~[spring-beans-6.1.2.jar:6.1.2]
	at org.springframework.beans.factory.config.DependencyDescriptor.resolveCandidate(DependencyDescriptor.java:254) ~[spring-beans-6.1.2.jar:6.1.2]
	at org.springframework.beans.factory.support.DefaultListableBeanFactory.doResolveDependency(DefaultListableBeanFactory.java:1443) ~[spring-beans-6.1.2.jar:6.1.2]
	at org.springframework.beans.factory.support.DefaultListableBeanFactory.resolveDependency(DefaultListableBeanFactory.java:1353) ~[spring-beans-6.1.2.jar:6.1.2]
	at org.springframework.beans.factory.support.ConstructorResolver.resolveAutowiredArgument(ConstructorResolver.java:911) ~[spring-beans-6.1.2.jar:6.1.2]
	at org.springframework.beans.factory.support.ConstructorResolver.createArgumentArray(ConstructorResolver.java:789) ~[spring-beans-6.1.2.jar:6.1.2]
	at org.springframework.beans.factory.support.ConstructorResolver.autowireConstructor(ConstructorResolver.java:241) ~[spring-beans-6.1.2.jar:6.1.2]
	at org.springframework.beans.factory.support.AbstractAutowireCapableBeanFactory.autowireConstructor(AbstractAutowireCapableBeanFactory.java:1354) ~[spring-beans-6.1.2.jar:6.1.2]
	at org.springframework.beans.factory.support.AbstractAutowireCapableBeanFactory.createBeanInstance(AbstractAutowireCapableBeanFactory.java:1191) ~[spring-beans-6.1.2.jar:6.1.2]
	at org.springframework.beans.factory.support.AbstractAutowireCapableBeanFactory.doCreateBean(AbstractAutowireCapableBeanFactory.java:561) ~[spring-beans-6.1.2.jar:6.1.2]
	at org.springframework.beans.factory.support.AbstractAutowireCapableBeanFactory.createBean(AbstractAutowireCapableBeanFactory.java:521) ~[spring-beans-6.1.2.jar:6.1.2]
	at org.springframework.beans.factory.support.AbstractBeanFactory.lambda$doGetBean$0(AbstractBeanFactory.java:325) ~[spring-beans-6.1.2.jar:6.1.2]
	at org.springframework.beans.factory.support.DefaultSingletonBeanRegistry.getSingleton(DefaultSingletonBeanRegistry.java:234) ~[spring-beans-6.1.2.jar:6.1.2]
	at org.springframework.beans.factory.support.AbstractBeanFactory.doGetBean(AbstractBeanFactory.java:323) ~[spring-beans-6.1.2.jar:6.1.2]
	at org.springframework.beans.factory.support.AbstractBeanFactory.getBean(AbstractBeanFactory.java:199) ~[spring-beans-6.1.2.jar:6.1.2]
	at org.springframework.beans.factory.support.DefaultListableBeanFactory.preInstantiateSingletons(DefaultListableBeanFactory.java:975) ~[spring-beans-6.1.2.jar:6.1.2]
	at org.springframework.context.support.AbstractApplicationContext.finishBeanFactoryInitialization(AbstractApplicationContext.java:960) ~[spring-context-6.1.2.jar:6.1.2]
	at org.springframework.context.support.AbstractApplicationContext.refresh(AbstractApplicationContext.java:625) ~[spring-context-6.1.2.jar:6.1.2]
	at org.springframework.boot.SpringApplication.refresh(SpringApplication.java:762) ~[spring-boot-3.2.1.jar:3.2.1]
	at org.springframework.boot.SpringApplication.refreshContext(SpringApplication.java:464) ~[spring-boot-3.2.1.jar:3.2.1]
	at org.springframework.boot.SpringApplication.run(SpringApplication.java:334) ~[spring-boot-3.2.1.jar:3.2.1]
	at org.springframework.boot.test.context.SpringBootContextLoader.lambda$loadContext$3(SpringBootContextLoader.java:137) ~[spring-boot-test-3.2.1.jar:3.2.1]
	at org.springframework.util.function.ThrowingSupplier.get(ThrowingSupplier.java:58) ~[spring-core-6.1.2.jar:6.1.2]
	at org.springframework.util.function.ThrowingSupplier.get(ThrowingSupplier.java:46) ~[spring-core-6.1.2.jar:6.1.2]
	at org.springframework.boot.SpringApplication.withHook(SpringApplication.java:1458) ~[spring-boot-3.2.1.jar:3.2.1]
	at org.springframework.boot.test.context.SpringBootContextLoader$ContextLoaderHook.run(SpringBootContextLoader.java:552) ~[spring-boot-test-3.2.1.jar:3.2.1]
	at org.springframework.boot.test.context.SpringBootContextLoader.loadContext(SpringBootContextLoader.java:137) ~[spring-boot-test-3.2.1.jar:3.2.1]
	at org.springframework.boot.test.context.SpringBootContextLoader.loadContext(SpringBootContextLoader.java:108) ~[spring-boot-test-3.2.1.jar:3.2.1]
	at org.springframework.test.context.cache.DefaultCacheAwareContextLoaderDelegate.loadContextInternal(DefaultCacheAwareContextLoaderDelegate.java:225) ~[spring-test-6.1.2.jar:6.1.2]
	at org.springframework.test.context.cache.DefaultCacheAwareContextLoaderDelegate.loadContext(DefaultCacheAwareContextLoaderDelegate.java:152) ~[spring-test-6.1.2.jar:6.1.2]
	at org.springframework.test.context.support.DefaultTestContext.getApplicationContext(DefaultTestContext.java:130) ~[spring-test-6.1.2.jar:6.1.2]
	at org.springframework.test.context.web.ServletTestExecutionListener.setUpRequestContextIfNecessary(ServletTestExecutionListener.java:191) ~[spring-test-6.1.2.jar:6.1.2]
	at org.springframework.test.context.web.ServletTestExecutionListener.prepareTestInstance(ServletTestExecutionListener.java:130) ~[spring-test-6.1.2.jar:6.1.2]
	at org.springframework.test.context.TestContextManager.prepareTestInstance(TestContextManager.java:260) ~[spring-test-6.1.2.jar:6.1.2]
	at org.springframework.test.context.junit.jupiter.SpringExtension.postProcessTestInstance(SpringExtension.java:163) ~[spring-test-6.1.2.jar:6.1.2]
	at org.junit.jupiter.engine.descriptor.ClassBasedTestDescriptor.lambda$invokeTestInstancePostProcessors$10(ClassBasedTestDescriptor.java:378) ~[junit-jupiter-engine-5.10.1.jar:5.10.1]
	at org.junit.jupiter.engine.descriptor.ClassBasedTestDescriptor.executeAndMaskThrowable(ClassBasedTestDescriptor.java:383) ~[junit-jupiter-engine-5.10.1.jar:5.10.1]
	at org.junit.jupiter.engine.descriptor.ClassBasedTestDescriptor.lambda$invokeTestInstancePostProcessors$11(ClassBasedTestDescriptor.java:378) ~[junit-jupiter-engine-5.10.1.jar:5.10.1]
	at java.base/java.util.stream.ReferencePipeline$3$1.accept(ReferencePipeline.java:197) ~[na:na]
	at java.base/java.util.stream.ReferencePipeline$2$1.accept(ReferencePipeline.java:179) ~[na:na]
	at java.base/java.util.ArrayList$ArrayListSpliterator.forEachRemaining(ArrayList.java:1708) ~[na:na]
	at java.base/java.util.stream.AbstractPipeline.copyInto(AbstractPipeline.java:509) ~[na:na]
	at java.base/java.util.stream.AbstractPipeline.wrapAndCopyInto(AbstractPipeline.java:499) ~[na:na]
	at java.base/java.util.stream.StreamSpliterators$WrappingSpliterator.forEachRemaining(StreamSpliterators.java:310) ~[na:na]
	at java.base/java.util.stream.Streams$ConcatSpliterator.forEachRemaining(Streams.java:735) ~[na:na]
	at java.base/java.util.stream.Streams$ConcatSpliterator.forEachRemaining(Streams.java:734) ~[na:na]
	at java.base/java.util.stream.ReferencePipeline$Head.forEach(ReferencePipeline.java:762) ~[na:na]
	at org.junit.jupiter.engine.descriptor.ClassBasedTestDescriptor.invokeTestInstancePostProcessors(ClassBasedTestDescriptor.java:377) ~[junit-jupiter-engine-5.10.1.jar:5.10.1]
	at org.junit.jupiter.engine.descriptor.ClassBasedTestDescriptor.lambda$instantiateAndPostProcessTestInstance$6(ClassBasedTestDescriptor.java:290) ~[junit-jupiter-engine-5.10.1.jar:5.10.1]
	at org.junit.platform.engine.support.hierarchical.ThrowableCollector.execute(ThrowableCollector.java:73) ~[junit-platform-engine-1.10.1.jar:1.10.1]
	at org.junit.jupiter.engine.descriptor.ClassBasedTestDescriptor.instantiateAndPostProcessTestInstance(ClassBasedTestDescriptor.java:289) ~[junit-jupiter-engine-5.10.1.jar:5.10.1]
	at org.junit.jupiter.engine.descriptor.ClassBasedTestDescriptor.lambda$testInstancesProvider$4(ClassBasedTestDescriptor.java:279) ~[junit-jupiter-engine-5.10.1.jar:5.10.1]
	at java.base/java.util.Optional.orElseGet(Optional.java:364) ~[na:na]
	at org.junit.jupiter.engine.descriptor.ClassBasedTestDescriptor.lambda$testInstancesProvider$5(ClassBasedTestDescriptor.java:278) ~[junit-jupiter-engine-5.10.1.jar:5.10.1]
	at org.junit.jupiter.engine.execution.TestInstancesProvider.getTestInstances(TestInstancesProvider.java:31) ~[junit-jupiter-engine-5.10.1.jar:5.10.1]
	at org.junit.jupiter.engine.descriptor.TestMethodTestDescriptor.lambda$prepare$0(TestMethodTestDescriptor.java:106) ~[junit-jupiter-engine-5.10.1.jar:5.10.1]
	at org.junit.platform.engine.support.hierarchical.ThrowableCollector.execute(ThrowableCollector.java:73) ~[junit-platform-engine-1.10.1.jar:1.10.1]
	at org.junit.jupiter.engine.descriptor.TestMethodTestDescriptor.prepare(TestMethodTestDescriptor.java:105) ~[junit-jupiter-engine-5.10.1.jar:5.10.1]
	at org.junit.jupiter.engine.descriptor.TestMethodTestDescriptor.prepare(TestMethodTestDescriptor.java:69) ~[junit-jupiter-engine-5.10.1.jar:5.10.1]
	at org.junit.platform.engine.support.hierarchical.NodeTestTask.lambda$prepare$2(NodeTestTask.java:123) ~[junit-platform-engine-1.10.1.jar:1.10.1]
	at org.junit.platform.engine.support.hierarchical.ThrowableCollector.execute(ThrowableCollector.java:73) ~[junit-platform-engine-1.10.1.jar:1.10.1]
	at org.junit.platform.engine.support.hierarchical.NodeTestTask.prepare(NodeTestTask.java:123) ~[junit-platform-engine-1.10.1.jar:1.10.1]
	at org.junit.platform.engine.support.hierarchical.NodeTestTask.execute(NodeTestTask.java:90) ~[junit-platform-engine-1.10.1.jar:1.10.1]
	at java.base/java.util.ArrayList.forEach(ArrayList.java:1596) ~[na:na]
	at org.junit.platform.engine.support.hierarchical.SameThreadHierarchicalTestExecutorService.invokeAll(SameThreadHierarchicalTestExecutorService.java:41) ~[junit-platform-engine-1.10.1.jar:1.10.1]
	at org.junit.platform.engine.support.hierarchical.NodeTestTask.lambda$executeRecursively$6(NodeTestTask.java:155) ~[junit-platform-engine-1.10.1.jar:1.10.1]
	at org.junit.platform.engine.support.hierarchical.ThrowableCollector.execute(ThrowableCollector.java:73) ~[junit-platform-engine-1.10.1.jar:1.10.1]
	at org.junit.platform.engine.support.hierarchical.NodeTestTask.lambda$executeRecursively$8(NodeTestTask.java:141) ~[junit-platform-engine-1.10.1.jar:1.10.1]
	at org.junit.platform.engine.support.hierarchical.Node.around(Node.java:137) ~[junit-platform-engine-1.10.1.jar:1.10.1]
	at org.junit.platform.engine.support.hierarchical.NodeTestTask.lambda$executeRecursively$9(NodeTestTask.java:139) ~[junit-platform-engine-1.10.1.jar:1.10.1]
	at org.junit.platform.engine.support.hierarchical.ThrowableCollector.execute(ThrowableCollector.java:73) ~[junit-platform-engine-1.10.1.jar:1.10.1]
	at org.junit.platform.engine.support.hierarchical.NodeTestTask.executeRecursively(NodeTestTask.java:138) ~[junit-platform-engine-1.10.1.jar:1.10.1]
	at org.junit.platform.engine.support.hierarchical.NodeTestTask.execute(NodeTestTask.java:95) ~[junit-platform-engine-1.10.1.jar:1.10.1]
	at java.base/java.util.ArrayList.forEach(ArrayList.java:1596) ~[na:na]
	at org.junit.platform.engine.support.hierarchical.SameThreadHierarchicalTestExecutorService.invokeAll(SameThreadHierarchicalTestExecutorService.java:41) ~[junit-platform-engine-1.10.1.jar:1.10.1]
	at org.junit.platform.engine.support.hierarchical.NodeTestTask.lambda$executeRecursively$6(NodeTestTask.java:155) ~[junit-platform-engine-1.10.1.jar:1.10.1]
	at org.junit.platform.engine.support.hierarchical.ThrowableCollector.execute(ThrowableCollector.java:73) ~[junit-platform-engine-1.10.1.jar:1.10.1]
	at org.junit.platform.engine.support.hierarchical.NodeTestTask.lambda$executeRecursively$8(NodeTestTask.java:141) ~[junit-platform-engine-1.10.1.jar:1.10.1]
	at org.junit.platform.engine.support.hierarchical.Node.around(Node.java:137) ~[junit-platform-engine-1.10.1.jar:1.10.1]
	at org.junit.platform.engine.support.hierarchical.NodeTestTask.lambda$executeRecursively$9(NodeTestTask.java:139) ~[junit-platform-engine-1.10.1.jar:1.10.1]
	at org.junit.platform.engine.support.hierarchical.ThrowableCollector.execute(ThrowableCollector.java:73) ~[junit-platform-engine-1.10.1.jar:1.10.1]
	at org.junit.platform.engine.support.hierarchical.NodeTestTask.executeRecursively(NodeTestTask.java:138) ~[junit-platform-engine-1.10.1.jar:1.10.1]
	at org.junit.platform.engine.support.hierarchical.NodeTestTask.execute(NodeTestTask.java:95) ~[junit-platform-engine-1.10.1.jar:1.10.1]
	at org.junit.platform.engine.support.hierarchical.SameThreadHierarchicalTestExecutorService.submit(SameThreadHierarchicalTestExecutorService.java:35) ~[junit-platform-engine-1.10.1.jar:1.10.1]
	at org.junit.platform.engine.support.hierarchical.HierarchicalTestExecutor.execute(HierarchicalTestExecutor.java:57) ~[junit-platform-engine-1.10.1.jar:1.10.1]
	at org.junit.platform.engine.support.hierarchical.HierarchicalTestEngine.execute(HierarchicalTestEngine.java:54) ~[junit-platform-engine-1.10.1.jar:1.10.1]
	at org.junit.platform.launcher.core.EngineExecutionOrchestrator.execute(EngineExecutionOrchestrator.java:198) ~[junit-platform-launcher-1.10.1.jar:1.10.1]
	at org.junit.platform.launcher.core.EngineExecutionOrchestrator.execute(EngineExecutionOrchestrator.java:169) ~[junit-platform-launcher-1.10.1.jar:1.10.1]
	at org.junit.platform.launcher.core.EngineExecutionOrchestrator.execute(EngineExecutionOrchestrator.java:93) ~[junit-platform-launcher-1.10.1.jar:1.10.1]
	at org.junit.platform.launcher.core.EngineExecutionOrchestrator.lambda$execute$0(EngineExecutionOrchestrator.java:58) ~[junit-platform-launcher-1.10.1.jar:1.10.1]
	at org.junit.platform.launcher.core.EngineExecutionOrchestrator.withInterceptedStreams(EngineExecutionOrchestrator.java:141) ~[junit-platform-launcher-1.10.1.jar:1.10.1]
	at org.junit.platform.launcher.core.EngineExecutionOrchestrator.execute(EngineExecutionOrchestrator.java:57) ~[junit-platform-launcher-1.10.1.jar:1.10.1]
	at org.junit.platform.launcher.core.DefaultLauncher.execute(DefaultLauncher.java:103) ~[junit-platform-launcher-1.10.1.jar:1.10.1]
	at org.junit.platform.launcher.core.DefaultLauncher.execute(DefaultLauncher.java:85) ~[junit-platform-launcher-1.10.1.jar:1.10.1]
	at org.junit.platform.launcher.core.DelegatingLauncher.execute(DelegatingLauncher.java:47) ~[junit-platform-launcher-1.10.1.jar:1.10.1]
	at org.apache.maven.surefire.junitplatform.LazyLauncher.execute(LazyLauncher.java:56) ~[surefire-junit-platform-3.1.2.jar:3.1.2]
	at org.apache.maven.surefire.junitplatform.JUnitPlatformProvider.execute(JUnitPlatformProvider.java:184) ~[surefire-junit-platform-3.1.2.jar:3.1.2]
	at org.apache.maven.surefire.junitplatform.JUnitPlatformProvider.invokeAllTests(JUnitPlatformProvider.java:148) ~[surefire-junit-platform-3.1.2.jar:3.1.2]
	at org.apache.maven.surefire.junitplatform.JUnitPlatformProvider.invoke(JUnitPlatformProvider.java:122) ~[surefire-junit-platform-3.1.2.jar:3.1.2]
	at org.apache.maven.surefire.booter.ForkedBooter.runSuitesInProcess(ForkedBooter.java:385) ~[surefire-booter-3.1.2.jar:3.1.2]
	at org.apache.maven.surefire.booter.ForkedBooter.execute(ForkedBooter.java:162) ~[surefire-booter-3.1.2.jar:3.1.2]
	at org.apache.maven.surefire.booter.ForkedBooter.run(ForkedBooter.java:507) ~[surefire-booter-3.1.2.jar:3.1.2]
	at org.apache.maven.surefire.booter.ForkedBooter.main(ForkedBooter.java:495) ~[surefire-booter-3.1.2.jar:3.1.2]

2025-01-09T08:37:05.872-06:00 DEBUG 20036 --- [           main] o.s.d.jpa.repository.query.NamedQuery    : Did not find named query Message.countByChannelId.count
2025-01-09T08:37:05.872-06:00 DEBUG 20036 --- [           main] tor$SharedEntityManagerInvocationHandler : Creating new EntityManager for shared EntityManager invocation
2025-01-09T08:37:05.873-06:00 DEBUG 20036 --- [           main] o.s.d.r.c.s.RepositoryFactorySupport     : Finished creation of repository instance for com.chatgenius.repository.MessageRepository.
2025-01-09T08:37:05.873-06:00 DEBUG 20036 --- [           main] o.s.b.f.s.DefaultListableBeanFactory     : Autowiring by type from bean name 'messageServiceImpl' via constructor to bean named 'messageRepository'
2025-01-09T08:37:05.873-06:00 DEBUG 20036 --- [           main] o.s.b.f.s.DefaultListableBeanFactory     : Autowiring by type from bean name 'messageServiceImpl' via constructor to bean named 'channelRepository'
2025-01-09T08:37:05.873-06:00 DEBUG 20036 --- [           main] o.s.b.f.s.DefaultListableBeanFactory     : Autowiring by type from bean name 'messageServiceImpl' via constructor to bean named 'userRepository'
2025-01-09T08:37:05.873-06:00 DEBUG 20036 --- [           main] o.s.b.f.s.DefaultListableBeanFactory     : Autowiring by type from bean name 'messageController' via constructor to bean named 'messageServiceImpl'
2025-01-09T08:37:05.877-06:00 DEBUG 20036 --- [           main] o.s.b.f.s.DefaultListableBeanFactory     : Creating shared instance of singleton bean 'rootController'
2025-01-09T08:37:05.877-06:00 DEBUG 20036 --- [           main] o.s.b.f.s.DefaultListableBeanFactory     : Creating shared instance of singleton bean 'userController'
2025-01-09T08:37:05.877-06:00 DEBUG 20036 --- [           main] o.s.b.f.s.DefaultListableBeanFactory     : Autowiring by type from bean name 'userController' via constructor to bean named 'userServiceImpl'
2025-01-09T08:37:05.877-06:00 DEBUG 20036 --- [           main] o.s.b.f.s.DefaultListableBeanFactory     : Creating shared instance of singleton bean 'globalExceptionHandler'
2025-01-09T08:37:05.878-06:00 DEBUG 20036 --- [           main] o.s.b.f.s.DefaultListableBeanFactory     : Creating shared instance of singleton bean 'chatServiceImpl'
2025-01-09T08:37:05.878-06:00 DEBUG 20036 --- [           main] o.s.b.f.s.DefaultListableBeanFactory     : Autowiring by type from bean name 'chatServiceImpl' via constructor to bean named 'channelRepository'
2025-01-09T08:37:05.878-06:00 DEBUG 20036 --- [           main] o.s.b.f.s.DefaultListableBeanFactory     : Autowiring by type from bean name 'chatServiceImpl' via constructor to bean named 'userRepository'
2025-01-09T08:37:05.878-06:00 DEBUG 20036 --- [           main] o.s.b.f.s.DefaultListableBeanFactory     : Autowiring by type from bean name 'chatServiceImpl' via constructor to bean named 'messageRepository'
2025-01-09T08:37:05.878-06:00 DEBUG 20036 --- [           main] o.s.b.f.s.DefaultListableBeanFactory     : Creating shared instance of singleton bean 'org.springframework.security.config.annotation.web.configuration.WebSecurityConfiguration'
2025-01-09T08:37:05.879-06:00 DEBUG 20036 --- [           main] o.s.b.f.s.DefaultListableBeanFactory     : Creating shared instance of singleton bean 'org.springframework.security.config.annotation.web.configuration.HttpSecurityConfiguration'
2025-01-09T08:37:05.879-06:00 DEBUG 20036 --- [           main] o.s.b.f.s.DefaultListableBeanFactory     : Creating shared instance of singleton bean 'mvcContentNegotiationManager'
2025-01-09T08:37:05.879-06:00 DEBUG 20036 --- [           main] o.s.b.f.s.DefaultListableBeanFactory     : Creating shared instance of singleton bean 'org.springframework.boot.autoconfigure.web.servlet.WebMvcAutoConfiguration$EnableWebMvcConfiguration'
2025-01-09T08:37:05.879-06:00 DEBUG 20036 --- [           main] o.s.b.f.s.DefaultListableBeanFactory     : Creating shared instance of singleton bean 'spring.mvc-org.springframework.boot.autoconfigure.web.servlet.WebMvcProperties'
2025-01-09T08:37:05.880-06:00 DEBUG 20036 --- [           main] o.s.b.f.s.DefaultListableBeanFactory     : Creating shared instance of singleton bean 'spring.web-org.springframework.boot.autoconfigure.web.WebProperties'
2025-01-09T08:37:05.880-06:00 DEBUG 20036 --- [           main] o.s.b.f.s.DefaultListableBeanFactory     : Autowiring by type from bean name 'org.springframework.boot.autoconfigure.web.servlet.WebMvcAutoConfiguration$EnableWebMvcConfiguration' via constructor to bean named 'spring.mvc-org.springframework.boot.autoconfigure.web.servlet.WebMvcProperties'
2025-01-09T08:37:05.880-06:00 DEBUG 20036 --- [           main] o.s.b.f.s.DefaultListableBeanFactory     : Autowiring by type from bean name 'org.springframework.boot.autoconfigure.web.servlet.WebMvcAutoConfiguration$EnableWebMvcConfiguration' via constructor to bean named 'spring.web-org.springframework.boot.autoconfigure.web.WebProperties'
2025-01-09T08:37:05.880-06:00 DEBUG 20036 --- [           main] o.s.b.f.s.DefaultListableBeanFactory     : Autowiring by type from bean name 'org.springframework.boot.autoconfigure.web.servlet.WebMvcAutoConfiguration$EnableWebMvcConfiguration' via constructor to bean named 'org.springframework.beans.factory.support.DefaultListableBeanFactory@34518f0'
2025-01-09T08:37:05.883-06:00 DEBUG 20036 --- [           main] o.s.b.f.s.DefaultListableBeanFactory     : Creating shared instance of singleton bean 'org.springframework.security.config.annotation.web.configuration.WebMvcSecurityConfiguration'
2025-01-09T08:37:05.883-06:00 DEBUG 20036 --- [           main] o.s.b.f.s.DefaultListableBeanFactory     : Creating shared instance of singleton bean 'org.springframework.boot.autoconfigure.web.servlet.WebMvcAutoConfiguration$WebMvcAutoConfigurationAdapter'
2025-01-09T08:37:05.883-06:00 DEBUG 20036 --- [           main] o.s.b.f.s.DefaultListableBeanFactory     : Autowiring by type from bean name 'org.springframework.boot.autoconfigure.web.servlet.WebMvcAutoConfiguration$WebMvcAutoConfigurationAdapter' via constructor to bean named 'spring.web-org.springframework.boot.autoconfigure.web.WebProperties'
2025-01-09T08:37:05.883-06:00 DEBUG 20036 --- [           main] o.s.b.f.s.DefaultListableBeanFactory     : Autowiring by type from bean name 'org.springframework.boot.autoconfigure.web.servlet.WebMvcAutoConfiguration$WebMvcAutoConfigurationAdapter' via constructor to bean named 'spring.mvc-org.springframework.boot.autoconfigure.web.servlet.WebMvcProperties'
2025-01-09T08:37:05.883-06:00 DEBUG 20036 --- [           main] o.s.b.f.s.DefaultListableBeanFactory     : Autowiring by type from bean name 'org.springframework.boot.autoconfigure.web.servlet.WebMvcAutoConfiguration$WebMvcAutoConfigurationAdapter' via constructor to bean named 'org.springframework.beans.factory.support.DefaultListableBeanFactory@34518f0'
2025-01-09T08:37:05.883-06:00 DEBUG 20036 --- [           main] o.s.b.f.s.DefaultListableBeanFactory     : Creating shared instance of singleton bean 'openEntityManagerInViewInterceptorConfigurer'
2025-01-09T08:37:05.883-06:00 DEBUG 20036 --- [           main] o.s.b.f.s.DefaultListableBeanFactory     : Creating shared instance of singleton bean 'org.springframework.boot.autoconfigure.orm.jpa.JpaBaseConfiguration$JpaWebConfiguration'
2025-01-09T08:37:05.883-06:00 DEBUG 20036 --- [           main] o.s.b.f.s.DefaultListableBeanFactory     : Autowiring by type from bean name 'org.springframework.boot.autoconfigure.orm.jpa.JpaBaseConfiguration$JpaWebConfiguration' via constructor to bean named 'spring.jpa-org.springframework.boot.autoconfigure.orm.jpa.JpaProperties'
2025-01-09T08:37:05.883-06:00 DEBUG 20036 --- [           main] o.s.b.f.s.DefaultListableBeanFactory     : Creating shared instance of singleton bean 'openEntityManagerInViewInterceptor'
2025-01-09T08:37:05.883-06:00  WARN 20036 --- [           main] JpaBaseConfiguration$JpaWebConfiguration : spring.jpa.open-in-view is enabled by default. Therefore, database queries may be performed during view rendering. Explicitly configure spring.jpa.open-in-view to disable this warning
2025-01-09T08:37:05.884-06:00 DEBUG 20036 --- [           main] o.s.b.f.s.DefaultListableBeanFactory     : Autowiring by type from bean name 'openEntityManagerInViewInterceptorConfigurer' via factory method to bean named 'openEntityManagerInViewInterceptor'
2025-01-09T08:37:05.884-06:00 DEBUG 20036 --- [           main] o.s.b.f.s.DefaultListableBeanFactory     : Creating shared instance of singleton bean 'org.springframework.data.web.config.SpringDataWebConfiguration'
2025-01-09T08:37:05.884-06:00 DEBUG 20036 --- [           main] o.s.b.f.s.DefaultListableBeanFactory     : Autowiring by type from bean name 'org.springframework.data.web.config.SpringDataWebConfiguration' via constructor to bean named 'org.springframework.web.context.support.GenericWebApplicationContext@7a4a91f8'
2025-01-09T08:37:05.886-06:00 DEBUG 20036 --- [           main] o.s.b.f.s.DefaultListableBeanFactory     : Creating shared instance of singleton bean 'mvcHandlerMappingIntrospectorRequestTransformer'
2025-01-09T08:37:05.886-06:00 DEBUG 20036 --- [           main] o.s.b.f.s.DefaultListableBeanFactory     : Creating shared instance of singleton bean 'mvcHandlerMappingIntrospector'
2025-01-09T08:37:05.886-06:00 DEBUG 20036 --- [           main] o.s.b.f.s.DefaultListableBeanFactory     : Creating shared instance of singleton bean 'stompWebSocketHandlerMapping'
2025-01-09T08:37:05.886-06:00 DEBUG 20036 --- [           main] o.s.b.f.s.DefaultListableBeanFactory     : Creating shared instance of singleton bean 'org.springframework.web.socket.config.annotation.DelegatingWebSocketMessageBrokerConfiguration'
2025-01-09T08:37:05.887-06:00 DEBUG 20036 --- [           main] o.s.b.f.s.DefaultListableBeanFactory     : Creating shared instance of singleton bean 'org.springframework.boot.autoconfigure.websocket.servlet.WebSocketMessagingAutoConfiguration$WebSocketMessageConverterConfiguration'
2025-01-09T08:37:05.887-06:00 DEBUG 20036 --- [           main] o.s.b.f.s.DefaultListableBeanFactory     : Creating shared instance of singleton bean 'jacksonObjectMapper'
2025-01-09T08:37:05.887-06:00 DEBUG 20036 --- [           main] o.s.b.f.s.DefaultListableBeanFactory     : Creating shared instance of singleton bean 'org.springframework.boot.autoconfigure.jackson.JacksonAutoConfiguration$JacksonObjectMapperConfiguration'
2025-01-09T08:37:05.887-06:00 DEBUG 20036 --- [           main] o.s.b.f.s.DefaultListableBeanFactory     : Creating shared instance of singleton bean 'org.springframework.boot.autoconfigure.jackson.JacksonAutoConfiguration$JacksonObjectMapperBuilderConfiguration'
2025-01-09T08:37:05.887-06:00 DEBUG 20036 --- [           main] o.s.b.f.s.DefaultListableBeanFactory     : Creating shared instance of singleton bean 'standardJacksonObjectMapperBuilderCustomizer'
2025-01-09T08:37:05.887-06:00 DEBUG 20036 --- [           main] o.s.b.f.s.DefaultListableBeanFactory     : Creating shared instance of singleton bean 'org.springframework.boot.autoconfigure.jackson.JacksonAutoConfiguration$Jackson2ObjectMapperBuilderCustomizerConfiguration'
2025-01-09T08:37:05.887-06:00 DEBUG 20036 --- [           main] o.s.b.f.s.DefaultListableBeanFactory     : Creating shared instance of singleton bean 'spring.jackson-org.springframework.boot.autoconfigure.jackson.JacksonProperties'
2025-01-09T08:37:05.888-06:00 DEBUG 20036 --- [           main] o.s.b.f.s.DefaultListableBeanFactory     : Autowiring by type from bean name 'standardJacksonObjectMapperBuilderCustomizer' via factory method to bean named 'spring.jackson-org.springframework.boot.autoconfigure.jackson.JacksonProperties'
2025-01-09T08:37:05.888-06:00 DEBUG 20036 --- [           main] o.s.b.f.s.DefaultListableBeanFactory     : Creating shared instance of singleton bean 'parameterNamesModule'
2025-01-09T08:37:05.888-06:00 DEBUG 20036 --- [           main] o.s.b.f.s.DefaultListableBeanFactory     : Creating shared instance of singleton bean 'org.springframework.boot.autoconfigure.jackson.JacksonAutoConfiguration$ParameterNamesModuleConfiguration'
2025-01-09T08:37:05.888-06:00 DEBUG 20036 --- [           main] o.s.b.f.s.DefaultListableBeanFactory     : Creating shared instance of singleton bean 'jsonMixinModule'
2025-01-09T08:37:05.888-06:00 DEBUG 20036 --- [           main] o.s.b.f.s.DefaultListableBeanFactory     : Creating shared instance of singleton bean 'org.springframework.boot.autoconfigure.jackson.JacksonAutoConfiguration$JacksonMixinConfiguration'
2025-01-09T08:37:05.889-06:00 DEBUG 20036 --- [           main] o.s.b.f.s.DefaultListableBeanFactory     : Creating shared instance of singleton bean 'jsonMixinModuleEntries'
2025-01-09T08:37:05.889-06:00 DEBUG 20036 --- [           main] o.s.b.f.s.DefaultListableBeanFactory     : Autowiring by type from bean name 'jsonMixinModuleEntries' via factory method to bean named 'org.springframework.web.context.support.GenericWebApplicationContext@7a4a91f8'
2025-01-09T08:37:05.891-06:00 DEBUG 20036 --- [           main] o.s.b.f.s.DefaultListableBeanFactory     : Autowiring by type from bean name 'jsonMixinModule' via factory method to bean named 'org.springframework.web.context.support.GenericWebApplicationContext@7a4a91f8'
2025-01-09T08:37:05.891-06:00 DEBUG 20036 --- [           main] o.s.b.f.s.DefaultListableBeanFactory     : Autowiring by type from bean name 'jsonMixinModule' via factory method to bean named 'jsonMixinModuleEntries'
2025-01-09T08:37:05.891-06:00 DEBUG 20036 --- [           main] o.s.b.f.s.DefaultListableBeanFactory     : Creating shared instance of singleton bean 'jsonComponentModule'
2025-01-09T08:37:05.891-06:00 DEBUG 20036 --- [           main] o.s.b.f.s.DefaultListableBeanFactory     : Creating shared instance of singleton bean 'org.springframework.boot.autoconfigure.jackson.JacksonAutoConfiguration'
2025-01-09T08:37:05.892-06:00 DEBUG 20036 --- [           main] o.s.b.f.s.DefaultListableBeanFactory     : Creating shared instance of singleton bean 'jacksonGeoModule'
2025-01-09T08:37:05.892-06:00 DEBUG 20036 --- [           main] o.s.b.f.s.DefaultListableBeanFactory     : Creating shared instance of singleton bean 'org.springframework.data.web.config.SpringDataJacksonConfiguration'
2025-01-09T08:37:05.893-06:00 DEBUG 20036 --- [           main] o.s.b.f.s.DefaultListableBeanFactory     : Autowiring by type from bean name 'jacksonObjectMapperBuilder' via factory method to bean named 'org.springframework.web.context.support.GenericWebApplicationContext@7a4a91f8'
2025-01-09T08:37:05.893-06:00 DEBUG 20036 --- [           main] o.s.b.f.s.DefaultListableBeanFactory     : Autowiring by type from bean name 'jacksonObjectMapperBuilder' via factory method to bean named 'standardJacksonObjectMapperBuilderCustomizer'
2025-01-09T08:37:05.893-06:00 DEBUG 20036 --- [           main] o.s.b.f.s.DefaultListableBeanFactory     : Autowiring by type from bean name 'jacksonObjectMapper' via factory method to bean named 'jacksonObjectMapperBuilder'
2025-01-09T08:37:05.894-06:00 DEBUG 20036 --- [           main] o.s.b.f.s.DefaultListableBeanFactory     : Autowiring by type from bean name 'org.springframework.boot.autoconfigure.websocket.servlet.WebSocketMessagingAutoConfiguration$WebSocketMessageConverterConfiguration' via constructor to bean named 'jacksonObjectMapper'
2025-01-09T08:37:05.894-06:00 DEBUG 20036 --- [           main] o.s.b.f.s.DefaultListableBeanFactory     : Creating shared instance of singleton bean 'subProtocolWebSocketHandler'
2025-01-09T08:37:05.894-06:00 DEBUG 20036 --- [           main] o.s.b.f.s.DefaultListableBeanFactory     : Creating shared instance of singleton bean 'clientInboundChannel'
2025-01-09T08:37:05.894-06:00 DEBUG 20036 --- [           main] o.s.b.f.s.DefaultListableBeanFactory     : Creating shared instance of singleton bean 'clientInboundChannelExecutor'
2025-01-09T08:37:05.895-06:00 DEBUG 20036 --- [           main] o.s.s.concurrent.ThreadPoolTaskExecutor  : Initializing ExecutorService 'clientInboundChannelExecutor'
2025-01-09T08:37:05.895-06:00 DEBUG 20036 --- [           main] o.s.b.f.s.DefaultListableBeanFactory     : Autowiring by type from bean name 'clientInboundChannel' via factory method to bean named 'clientInboundChannelExecutor'
2025-01-09T08:37:05.895-06:00 DEBUG 20036 --- [           main] o.s.b.f.s.DefaultListableBeanFactory     : Creating shared instance of singleton bean 'clientOutboundChannel'
2025-01-09T08:37:05.895-06:00 DEBUG 20036 --- [           main] o.s.b.f.s.DefaultListableBeanFactory     : Creating shared instance of singleton bean 'clientOutboundChannelExecutor'
2025-01-09T08:37:05.896-06:00 DEBUG 20036 --- [           main] o.s.s.concurrent.ThreadPoolTaskExecutor  : Initializing ExecutorService 'clientOutboundChannelExecutor'
2025-01-09T08:37:05.896-06:00 DEBUG 20036 --- [           main] o.s.b.f.s.DefaultListableBeanFactory     : Autowiring by type from bean name 'clientOutboundChannel' via factory method to bean named 'clientOutboundChannelExecutor'
2025-01-09T08:37:05.896-06:00 DEBUG 20036 --- [           main] o.s.b.f.s.DefaultListableBeanFactory     : Autowiring by type from bean name 'subProtocolWebSocketHandler' via factory method to bean named 'clientInboundChannel'
2025-01-09T08:37:05.896-06:00 DEBUG 20036 --- [           main] o.s.b.f.s.DefaultListableBeanFactory     : Autowiring by type from bean name 'subProtocolWebSocketHandler' via factory method to bean named 'clientOutboundChannel'
2025-01-09T08:37:05.897-06:00 DEBUG 20036 --- [           main] o.s.b.f.s.DefaultListableBeanFactory     : Creating shared instance of singleton bean 'messageBrokerTaskScheduler'
2025-01-09T08:37:05.897-06:00 DEBUG 20036 --- [           main] o.s.s.c.ThreadPoolTaskScheduler          : Initializing ExecutorService 'messageBrokerTaskScheduler'
2025-01-09T08:37:05.897-06:00 DEBUG 20036 --- [           main] o.s.b.f.s.DefaultListableBeanFactory     : Autowiring by type from bean name 'stompWebSocketHandlerMapping' via factory method to bean named 'subProtocolWebSocketHandler'
2025-01-09T08:37:05.897-06:00 DEBUG 20036 --- [           main] o.s.b.f.s.DefaultListableBeanFactory     : Autowiring by type from bean name 'stompWebSocketHandlerMapping' via factory method to bean named 'messageBrokerTaskScheduler'
2025-01-09T08:37:05.897-06:00 DEBUG 20036 --- [           main] o.s.b.f.s.DefaultListableBeanFactory     : Autowiring by type from bean name 'stompWebSocketHandlerMapping' via factory method to bean named 'clientInboundChannel'
2025-01-09T08:37:05.897-06:00 DEBUG 20036 --- [           main] o.s.w.s.s.s.WebSocketHandlerMapping      : Patterns [/ws/**] in 'stompWebSocketHandlerMapping'
2025-01-09T08:37:05.898-06:00 DEBUG 20036 --- [           main] o.s.b.f.s.DefaultListableBeanFactory     : Creating shared instance of singleton bean 'welcomePageHandlerMapping'
2025-01-09T08:37:05.898-06:00 DEBUG 20036 --- [           main] o.s.b.f.s.DefaultListableBeanFactory     : Creating shared instance of singleton bean 'mvcConversionService'
2025-01-09T08:37:05.899-06:00 DEBUG 20036 --- [           main] o.s.b.f.s.DefaultListableBeanFactory     : Creating shared instance of singleton bean 'mvcResourceUrlProvider'
2025-01-09T08:37:05.899-06:00 DEBUG 20036 --- [           main] o.s.b.f.s.DefaultListableBeanFactory     : Autowiring by type from bean name 'welcomePageHandlerMapping' via factory method to bean named 'org.springframework.web.context.support.GenericWebApplicationContext@7a4a91f8'
2025-01-09T08:37:05.899-06:00 DEBUG 20036 --- [           main] o.s.b.f.s.DefaultListableBeanFactory     : Autowiring by type from bean name 'welcomePageHandlerMapping' via factory method to bean named 'mvcConversionService'
2025-01-09T08:37:05.899-06:00 DEBUG 20036 --- [           main] o.s.b.f.s.DefaultListableBeanFactory     : Autowiring by type from bean name 'welcomePageHandlerMapping' via factory method to bean named 'mvcResourceUrlProvider'
2025-01-09T08:37:05.902-06:00 DEBUG 20036 --- [           main] o.s.b.f.s.DefaultListableBeanFactory     : Creating shared instance of singleton bean 'welcomePageNotAcceptableHandlerMapping'
2025-01-09T08:37:05.902-06:00 DEBUG 20036 --- [           main] o.s.b.f.s.DefaultListableBeanFactory     : Autowiring by type from bean name 'welcomePageNotAcceptableHandlerMapping' via factory method to bean named 'org.springframework.web.context.support.GenericWebApplicationContext@7a4a91f8'
2025-01-09T08:37:05.902-06:00 DEBUG 20036 --- [           main] o.s.b.f.s.DefaultListableBeanFactory     : Autowiring by type from bean name 'welcomePageNotAcceptableHandlerMapping' via factory method to bean named 'mvcConversionService'
2025-01-09T08:37:05.902-06:00 DEBUG 20036 --- [           main] o.s.b.f.s.DefaultListableBeanFactory     : Autowiring by type from bean name 'welcomePageNotAcceptableHandlerMapping' via factory method to bean named 'mvcResourceUrlProvider'
2025-01-09T08:37:05.904-06:00 DEBUG 20036 --- [           main] o.s.b.f.s.DefaultListableBeanFactory     : Creating shared instance of singleton bean 'requestMappingHandlerMapping'
2025-01-09T08:37:05.904-06:00 DEBUG 20036 --- [           main] o.s.b.f.s.DefaultListableBeanFactory     : Autowiring by type from bean name 'requestMappingHandlerMapping' via factory method to bean named 'mvcContentNegotiationManager'
2025-01-09T08:37:05.904-06:00 DEBUG 20036 --- [           main] o.s.b.f.s.DefaultListableBeanFactory     : Autowiring by type from bean name 'requestMappingHandlerMapping' via factory method to bean named 'mvcConversionService'
2025-01-09T08:37:05.904-06:00 DEBUG 20036 --- [           main] o.s.b.f.s.DefaultListableBeanFactory     : Autowiring by type from bean name 'requestMappingHandlerMapping' via factory method to bean named 'mvcResourceUrlProvider'
2025-01-09T08:37:05.909-06:00 DEBUG 20036 --- [           main] s.w.s.m.m.a.RequestMappingHandlerMapping : 27 mappings in 'requestMappingHandlerMapping'
2025-01-09T08:37:05.909-06:00 DEBUG 20036 --- [           main] o.s.b.f.s.DefaultListableBeanFactory     : Creating shared instance of singleton bean 'viewControllerHandlerMapping'
2025-01-09T08:37:05.909-06:00 DEBUG 20036 --- [           main] o.s.b.f.s.DefaultListableBeanFactory     : Autowiring by type from bean name 'viewControllerHandlerMapping' via factory method to bean named 'mvcConversionService'
2025-01-09T08:37:05.909-06:00 DEBUG 20036 --- [           main] o.s.b.f.s.DefaultListableBeanFactory     : Autowiring by type from bean name 'viewControllerHandlerMapping' via factory method to bean named 'mvcResourceUrlProvider'
2025-01-09T08:37:05.909-06:00 DEBUG 20036 --- [           main] o.s.b.f.s.DefaultListableBeanFactory     : Creating shared instance of singleton bean 'beanNameHandlerMapping'
2025-01-09T08:37:05.910-06:00 DEBUG 20036 --- [           main] o.s.b.f.s.DefaultListableBeanFactory     : Autowiring by type from bean name 'beanNameHandlerMapping' via factory method to bean named 'mvcConversionService'
2025-01-09T08:37:05.910-06:00 DEBUG 20036 --- [           main] o.s.b.f.s.DefaultListableBeanFactory     : Autowiring by type from bean name 'beanNameHandlerMapping' via factory method to bean named 'mvcResourceUrlProvider'
2025-01-09T08:37:05.910-06:00 DEBUG 20036 --- [           main] o.s.b.f.s.DefaultListableBeanFactory     : Creating shared instance of singleton bean 'routerFunctionMapping'
2025-01-09T08:37:05.911-06:00 DEBUG 20036 --- [           main] o.s.b.f.s.DefaultListableBeanFactory     : Autowiring by type from bean name 'routerFunctionMapping' via factory method to bean named 'mvcConversionService'
2025-01-09T08:37:05.911-06:00 DEBUG 20036 --- [           main] o.s.b.f.s.DefaultListableBeanFactory     : Autowiring by type from bean name 'routerFunctionMapping' via factory method to bean named 'mvcResourceUrlProvider'
2025-01-09T08:37:05.911-06:00 DEBUG 20036 --- [           main] o.s.b.f.s.DefaultListableBeanFactory     : Creating shared instance of singleton bean 'messageConverters'
2025-01-09T08:37:05.911-06:00 DEBUG 20036 --- [           main] o.s.b.f.s.DefaultListableBeanFactory     : Creating shared instance of singleton bean 'org.springframework.boot.autoconfigure.http.HttpMessageConvertersAutoConfiguration'
2025-01-09T08:37:05.911-06:00 DEBUG 20036 --- [           main] o.s.b.f.s.DefaultListableBeanFactory     : Creating shared instance of singleton bean 'stringHttpMessageConverter'
2025-01-09T08:37:05.911-06:00 DEBUG 20036 --- [           main] o.s.b.f.s.DefaultListableBeanFactory     : Creating shared instance of singleton bean 'org.springframework.boot.autoconfigure.http.HttpMessageConvertersAutoConfiguration$StringHttpMessageConverterConfiguration'
2025-01-09T08:37:05.912-06:00 DEBUG 20036 --- [           main] o.s.b.f.s.DefaultListableBeanFactory     : Autowiring by type from bean name 'stringHttpMessageConverter' via factory method to bean named 'environment'
2025-01-09T08:37:05.912-06:00 DEBUG 20036 --- [           main] o.s.b.f.s.DefaultListableBeanFactory     : Creating shared instance of singleton bean 'mappingJackson2HttpMessageConverter'
2025-01-09T08:37:05.912-06:00 DEBUG 20036 --- [           main] o.s.b.f.s.DefaultListableBeanFactory     : Creating shared instance of singleton bean 'org.springframework.boot.autoconfigure.http.JacksonHttpMessageConvertersConfiguration$MappingJackson2HttpMessageConverterConfiguration'
2025-01-09T08:37:05.913-06:00 DEBUG 20036 --- [           main] o.s.b.f.s.DefaultListableBeanFactory     : Autowiring by type from bean name 'mappingJackson2HttpMessageConverter' via factory method to bean named 'jacksonObjectMapper'
2025-01-09T08:37:05.915-06:00 DEBUG 20036 --- [           main] o.s.b.f.s.DefaultListableBeanFactory     : Creating shared instance of singleton bean 'resourceHandlerMapping'
2025-01-09T08:37:05.915-06:00 DEBUG 20036 --- [           main] o.s.b.f.s.DefaultListableBeanFactory     : Autowiring by type from bean name 'resourceHandlerMapping' via factory method to bean named 'mvcContentNegotiationManager'
2025-01-09T08:37:05.915-06:00 DEBUG 20036 --- [           main] o.s.b.f.s.DefaultListableBeanFactory     : Autowiring by type from bean name 'resourceHandlerMapping' via factory method to bean named 'mvcConversionService'
2025-01-09T08:37:05.915-06:00 DEBUG 20036 --- [           main] o.s.b.f.s.DefaultListableBeanFactory     : Autowiring by type from bean name 'resourceHandlerMapping' via factory method to bean named 'mvcResourceUrlProvider'
2025-01-09T08:37:05.916-06:00 DEBUG 20036 --- [           main] o.s.w.s.handler.SimpleUrlHandlerMapping  : Patterns [/webjars/**, /**] in 'resourceHandlerMapping'
2025-01-09T08:37:05.917-06:00 DEBUG 20036 --- [           main] o.s.b.f.s.DefaultListableBeanFactory     : Creating shared instance of singleton bean 'defaultServletHandlerMapping'
2025-01-09T08:37:05.920-06:00 DEBUG 20036 --- [           main] o.s.b.f.s.DefaultListableBeanFactory     : Creating shared instance of singleton bean 'testSecurityFilterChain'
2025-01-09T08:37:05.920-06:00 DEBUG 20036 --- [           main] o.s.b.f.s.DefaultListableBeanFactory     : Autowiring by type from bean name 'testSecurityFilterChain' via factory method to bean named 'org.springframework.security.config.annotation.web.configuration.HttpSecurityConfiguration.httpSecurity'
2025-01-09T08:37:05.926-06:00  INFO 20036 --- [           main] o.s.s.web.DefaultSecurityFilterChain     : Will secure any request with [org.springframework.security.web.session.DisableEncodeUrlFilter@4c1c7d22, org.springframework.security.web.context.request.async.WebAsyncManagerIntegrationFilter@58313b33, org.springframework.security.web.context.SecurityContextHolderFilter@1e2f5a2d, org.springframework.security.web.header.HeaderWriterFilter@6f10b857, org.springframework.security.web.authentication.logout.LogoutFilter@468a4674, org.springframework.security.web.savedrequest.RequestCacheAwareFilter@5716c9d9, org.springframework.security.web.servletapi.SecurityContextHolderAwareRequestFilter@3d2e016c, org.springframework.security.web.authentication.AnonymousAuthenticationFilter@678657a7, org.springframework.security.web.session.SessionManagementFilter@602ff1d9, org.springframework.security.web.access.ExceptionTranslationFilter@5eb2e851, org.springframework.security.web.access.intercept.AuthorizationFilter@6adb5786]
2025-01-09T08:37:05.926-06:00 DEBUG 20036 --- [           main] o.s.b.f.s.DefaultListableBeanFactory     : Creating shared instance of singleton bean 'securityFilterChain'
2025-01-09T08:37:05.927-06:00 DEBUG 20036 --- [           main] o.s.b.f.s.DefaultListableBeanFactory     : Autowiring by type from bean name 'securityFilterChain' via factory method to bean named 'org.springframework.security.config.annotation.web.configuration.HttpSecurityConfiguration.httpSecurity'
2025-01-09T08:37:05.929-06:00  INFO 20036 --- [           main] o.s.s.web.DefaultSecurityFilterChain     : Will secure any request with [org.springframework.security.web.session.DisableEncodeUrlFilter@5db07ad9, org.springframework.security.web.context.request.async.WebAsyncManagerIntegrationFilter@4ccffa70, org.springframework.security.web.context.SecurityContextHolderFilter@20aef53a, org.springframework.security.web.header.HeaderWriterFilter@3a8be13b, org.springframework.web.filter.CorsFilter@24cf094d, org.springframework.security.web.authentication.logout.LogoutFilter@18c135fa, org.springframework.security.web.savedrequest.RequestCacheAwareFilter@68cebde1, org.springframework.security.web.servletapi.SecurityContextHolderAwareRequestFilter@2a76a05b, org.springframework.security.web.authentication.AnonymousAuthenticationFilter@b878400, org.springframework.security.web.access.ExceptionTranslationFilter@7e8a249, org.springframework.security.web.access.intercept.AuthorizationFilter@1a16ae2a]
2025-01-09T08:37:05.930-06:00 DEBUG 20036 --- [           main] o.s.b.f.s.DefaultListableBeanFactory     : Creating shared instance of singleton bean 'delegatingApplicationListener'
2025-01-09T08:37:05.930-06:00 DEBUG 20036 --- [           main] o.s.b.f.s.DefaultListableBeanFactory     : Creating shared instance of singleton bean 'springSecurityFilterChain'
2025-01-09T08:37:05.931-06:00 DEBUG 20036 --- [           main] o.s.b.f.s.DefaultListableBeanFactory     : Creating shared instance of singleton bean 'webSecurityExpressionHandler'
2025-01-09T08:37:05.932-06:00 DEBUG 20036 --- [           main] o.s.b.f.s.DefaultListableBeanFactory     : Creating shared instance of singleton bean 'privilegeEvaluator'
2025-01-09T08:37:05.932-06:00 DEBUG 20036 --- [           main] o.s.b.f.s.DefaultListableBeanFactory     : Creating shared instance of singleton bean 'requestDataValueProcessor'
2025-01-09T08:37:05.932-06:00 DEBUG 20036 --- [           main] o.s.b.f.s.DefaultListableBeanFactory     : Creating shared instance of singleton bean 'com.chatgenius.config.TestConfig'
2025-01-09T08:37:05.932-06:00 DEBUG 20036 --- [           main] o.s.b.f.s.DefaultListableBeanFactory     : Creating shared instance of singleton bean 'org.springframework.data.jpa.util.JpaMetamodelCacheCleanup'
2025-01-09T08:37:05.932-06:00 DEBUG 20036 --- [           main] o.s.b.f.s.DefaultListableBeanFactory     : Creating shared instance of singleton bean 'org.springframework.data.jpa.repository.support.JpaEvaluationContextExtension'
2025-01-09T08:37:05.932-06:00 DEBUG 20036 --- [           main] o.s.b.f.s.DefaultListableBeanFactory     : Creating shared instance of singleton bean 'data-jpa.repository-aot-processor#0'
2025-01-09T08:37:05.933-06:00 DEBUG 20036 --- [           main] o.s.b.f.s.DefaultListableBeanFactory     : Creating shared instance of singleton bean 'testUserDetailsService'
2025-01-09T08:37:05.980-06:00 DEBUG 20036 --- [           main] o.s.b.f.s.DefaultListableBeanFactory     : Creating shared instance of singleton bean 'passwordEncoder'
2025-01-09T08:37:05.980-06:00 DEBUG 20036 --- [           main] o.s.b.f.s.DefaultListableBeanFactory     : Creating shared instance of singleton bean 'webSocketMessageBrokerStats'
2025-01-09T08:37:05.980-06:00 DEBUG 20036 --- [           main] o.s.b.f.s.DefaultListableBeanFactory     : Creating shared instance of singleton bean 'stompBrokerRelayMessageHandler'
2025-01-09T08:37:05.980-06:00 DEBUG 20036 --- [           main] o.s.b.f.s.DefaultListableBeanFactory     : Creating shared instance of singleton bean 'brokerChannel'
2025-01-09T08:37:05.980-06:00 DEBUG 20036 --- [           main] o.s.b.f.s.DefaultListableBeanFactory     : Creating shared instance of singleton bean 'brokerChannelExecutor'
2025-01-09T08:37:05.981-06:00 DEBUG 20036 --- [           main] o.s.b.f.s.DefaultListableBeanFactory     : Autowiring by type from bean name 'brokerChannelExecutor' via factory method to bean named 'clientInboundChannel'
2025-01-09T08:37:05.981-06:00 DEBUG 20036 --- [           main] o.s.b.f.s.DefaultListableBeanFactory     : Autowiring by type from bean name 'brokerChannelExecutor' via factory method to bean named 'clientOutboundChannel'
2025-01-09T08:37:05.981-06:00 DEBUG 20036 --- [           main] o.s.s.concurrent.ThreadPoolTaskExecutor  : Initializing ExecutorService 'brokerChannelExecutor'
2025-01-09T08:37:05.981-06:00 DEBUG 20036 --- [           main] o.s.b.f.s.DefaultListableBeanFactory     : Autowiring by type from bean name 'brokerChannel' via factory method to bean named 'clientInboundChannel'
2025-01-09T08:37:05.981-06:00 DEBUG 20036 --- [           main] o.s.b.f.s.DefaultListableBeanFactory     : Autowiring by type from bean name 'brokerChannel' via factory method to bean named 'clientOutboundChannel'
2025-01-09T08:37:05.981-06:00 DEBUG 20036 --- [           main] o.s.b.f.s.DefaultListableBeanFactory     : Autowiring by type from bean name 'brokerChannel' via factory method to bean named 'brokerChannelExecutor'
2025-01-09T08:37:05.981-06:00 DEBUG 20036 --- [           main] o.s.b.f.s.DefaultListableBeanFactory     : Creating shared instance of singleton bean 'userDestinationMessageHandler'
2025-01-09T08:37:05.981-06:00 DEBUG 20036 --- [           main] o.s.b.f.s.DefaultListableBeanFactory     : Creating shared instance of singleton bean 'userDestinationResolver'
2025-01-09T08:37:05.981-06:00 DEBUG 20036 --- [           main] o.s.b.f.s.DefaultListableBeanFactory     : Creating shared instance of singleton bean 'userRegistry'
2025-01-09T08:37:05.981-06:00 DEBUG 20036 --- [           main] o.s.b.f.s.DefaultListableBeanFactory     : Autowiring by type from bean name 'userRegistry' via factory method to bean named 'clientInboundChannel'
2025-01-09T08:37:05.981-06:00 DEBUG 20036 --- [           main] o.s.b.f.s.DefaultListableBeanFactory     : Autowiring by type from bean name 'userRegistry' via factory method to bean named 'clientOutboundChannel'
2025-01-09T08:37:05.982-06:00 DEBUG 20036 --- [           main] o.s.b.f.s.DefaultListableBeanFactory     : Autowiring by type from bean name 'userDestinationResolver' via factory method to bean named 'userRegistry'
2025-01-09T08:37:05.982-06:00 DEBUG 20036 --- [           main] o.s.b.f.s.DefaultListableBeanFactory     : Autowiring by type from bean name 'userDestinationResolver' via factory method to bean named 'clientInboundChannel'
2025-01-09T08:37:05.982-06:00 DEBUG 20036 --- [           main] o.s.b.f.s.DefaultListableBeanFactory     : Autowiring by type from bean name 'userDestinationResolver' via factory method to bean named 'clientOutboundChannel'
2025-01-09T08:37:05.982-06:00 DEBUG 20036 --- [           main] o.s.b.f.s.DefaultListableBeanFactory     : Autowiring by type from bean name 'userDestinationMessageHandler' via factory method to bean named 'clientInboundChannel'
2025-01-09T08:37:05.982-06:00 DEBUG 20036 --- [           main] o.s.b.f.s.DefaultListableBeanFactory     : Autowiring by type from bean name 'userDestinationMessageHandler' via factory method to bean named 'clientOutboundChannel'
2025-01-09T08:37:05.982-06:00 DEBUG 20036 --- [           main] o.s.b.f.s.DefaultListableBeanFactory     : Autowiring by type from bean name 'userDestinationMessageHandler' via factory method to bean named 'brokerChannel'
2025-01-09T08:37:05.982-06:00 DEBUG 20036 --- [           main] o.s.b.f.s.DefaultListableBeanFactory     : Autowiring by type from bean name 'userDestinationMessageHandler' via factory method to bean named 'userDestinationResolver'
2025-01-09T08:37:05.982-06:00 DEBUG 20036 --- [           main] o.s.b.f.s.DefaultListableBeanFactory     : Creating shared instance of singleton bean 'userRegistryMessageHandler'
2025-01-09T08:37:05.984-06:00 DEBUG 20036 --- [           main] o.s.b.f.s.DefaultListableBeanFactory     : Creating shared instance of singleton bean 'brokerMessagingTemplate'
2025-01-09T08:37:05.984-06:00 DEBUG 20036 --- [           main] o.s.b.f.s.DefaultListableBeanFactory     : Creating shared instance of singleton bean 'brokerMessageConverter'
2025-01-09T08:37:05.984-06:00 DEBUG 20036 --- [           main] o.s.b.f.s.DefaultListableBeanFactory     : Autowiring by type from bean name 'brokerMessagingTemplate' via factory method to bean named 'brokerChannel'
2025-01-09T08:37:05.984-06:00 DEBUG 20036 --- [           main] o.s.b.f.s.DefaultListableBeanFactory     : Autowiring by type from bean name 'brokerMessagingTemplate' via factory method to bean named 'clientInboundChannel'
2025-01-09T08:37:05.984-06:00 DEBUG 20036 --- [           main] o.s.b.f.s.DefaultListableBeanFactory     : Autowiring by type from bean name 'brokerMessagingTemplate' via factory method to bean named 'clientOutboundChannel'
2025-01-09T08:37:05.984-06:00 DEBUG 20036 --- [           main] o.s.b.f.s.DefaultListableBeanFactory     : Autowiring by type from bean name 'brokerMessagingTemplate' via factory method to bean named 'brokerMessageConverter'
2025-01-09T08:37:05.985-06:00 DEBUG 20036 --- [           main] o.s.b.f.s.DefaultListableBeanFactory     : Autowiring by type from bean name 'userRegistryMessageHandler' via factory method to bean named 'clientInboundChannel'
2025-01-09T08:37:05.985-06:00 DEBUG 20036 --- [           main] o.s.b.f.s.DefaultListableBeanFactory     : Autowiring by type from bean name 'userRegistryMessageHandler' via factory method to bean named 'clientOutboundChannel'
2025-01-09T08:37:05.985-06:00 DEBUG 20036 --- [           main] o.s.b.f.s.DefaultListableBeanFactory     : Autowiring by type from bean name 'userRegistryMessageHandler' via factory method to bean named 'userRegistry'
2025-01-09T08:37:05.985-06:00 DEBUG 20036 --- [           main] o.s.b.f.s.DefaultListableBeanFactory     : Autowiring by type from bean name 'userRegistryMessageHandler' via factory method to bean named 'brokerMessagingTemplate'
2025-01-09T08:37:05.985-06:00 DEBUG 20036 --- [           main] o.s.b.f.s.DefaultListableBeanFactory     : Autowiring by type from bean name 'userRegistryMessageHandler' via factory method to bean named 'messageBrokerTaskScheduler'
2025-01-09T08:37:05.985-06:00 DEBUG 20036 --- [           main] o.s.b.f.s.DefaultListableBeanFactory     : Autowiring by type from bean name 'stompBrokerRelayMessageHandler' via factory method to bean named 'clientInboundChannel'
2025-01-09T08:37:05.985-06:00 DEBUG 20036 --- [           main] o.s.b.f.s.DefaultListableBeanFactory     : Autowiring by type from bean name 'stompBrokerRelayMessageHandler' via factory method to bean named 'clientOutboundChannel'
2025-01-09T08:37:05.985-06:00 DEBUG 20036 --- [           main] o.s.b.f.s.DefaultListableBeanFactory     : Autowiring by type from bean name 'stompBrokerRelayMessageHandler' via factory method to bean named 'brokerChannel'
2025-01-09T08:37:05.985-06:00 DEBUG 20036 --- [           main] o.s.b.f.s.DefaultListableBeanFactory     : Autowiring by type from bean name 'stompBrokerRelayMessageHandler' via factory method to bean named 'userDestinationMessageHandler'
2025-01-09T08:37:05.985-06:00 DEBUG 20036 --- [           main] o.s.b.f.s.DefaultListableBeanFactory     : Autowiring by type from bean name 'stompBrokerRelayMessageHandler' via factory method to bean named 'userRegistryMessageHandler'
2025-01-09T08:37:05.985-06:00 DEBUG 20036 --- [           main] o.s.b.f.s.DefaultListableBeanFactory     : Autowiring by type from bean name 'stompBrokerRelayMessageHandler' via factory method to bean named 'userDestinationResolver'
2025-01-09T08:37:05.986-06:00 DEBUG 20036 --- [           main] o.s.b.f.s.DefaultListableBeanFactory     : Autowiring by type from bean name 'webSocketMessageBrokerStats' via factory method to bean named 'stompBrokerRelayMessageHandler'
2025-01-09T08:37:05.986-06:00 DEBUG 20036 --- [           main] o.s.b.f.s.DefaultListableBeanFactory     : Autowiring by type from bean name 'webSocketMessageBrokerStats' via factory method to bean named 'subProtocolWebSocketHandler'
2025-01-09T08:37:05.986-06:00 DEBUG 20036 --- [           main] o.s.b.f.s.DefaultListableBeanFactory     : Autowiring by type from bean name 'webSocketMessageBrokerStats' via factory method to bean named 'clientInboundChannelExecutor'
2025-01-09T08:37:05.986-06:00 DEBUG 20036 --- [           main] o.s.b.f.s.DefaultListableBeanFactory     : Autowiring by type from bean name 'webSocketMessageBrokerStats' via factory method to bean named 'clientOutboundChannelExecutor'
2025-01-09T08:37:05.986-06:00 DEBUG 20036 --- [           main] o.s.b.f.s.DefaultListableBeanFactory     : Autowiring by type from bean name 'webSocketMessageBrokerStats' via factory method to bean named 'messageBrokerTaskScheduler'
2025-01-09T08:37:05.986-06:00 DEBUG 20036 --- [           main] o.s.b.f.s.DefaultListableBeanFactory     : Creating shared instance of singleton bean 'simpAnnotationMethodMessageHandler'
2025-01-09T08:37:05.986-06:00 DEBUG 20036 --- [           main] o.s.b.f.s.DefaultListableBeanFactory     : Autowiring by type from bean name 'simpAnnotationMethodMessageHandler' via factory method to bean named 'clientInboundChannel'
2025-01-09T08:37:05.986-06:00 DEBUG 20036 --- [           main] o.s.b.f.s.DefaultListableBeanFactory     : Autowiring by type from bean name 'simpAnnotationMethodMessageHandler' via factory method to bean named 'clientOutboundChannel'
2025-01-09T08:37:05.986-06:00 DEBUG 20036 --- [           main] o.s.b.f.s.DefaultListableBeanFactory     : Autowiring by type from bean name 'simpAnnotationMethodMessageHandler' via factory method to bean named 'brokerMessagingTemplate'
2025-01-09T08:37:05.986-06:00 DEBUG 20036 --- [           main] o.s.b.f.s.DefaultListableBeanFactory     : Autowiring by type from bean name 'simpAnnotationMethodMessageHandler' via factory method to bean named 'brokerMessageConverter'
2025-01-09T08:37:05.987-06:00 DEBUG 20036 --- [           main] o.s.b.f.s.DefaultListableBeanFactory     : Creating shared instance of singleton bean 'mvcValidator'
2025-01-09T08:37:05.987-06:00 DEBUG 20036 --- [           main] o.s.b.f.s.DefaultListableBeanFactory     : Creating shared instance of singleton bean 'defaultValidator'
2025-01-09T08:37:05.987-06:00 DEBUG 20036 --- [           main] o.s.b.f.s.DefaultListableBeanFactory     : Autowiring by type from bean name 'defaultValidator' via factory method to bean named 'org.springframework.web.context.support.GenericWebApplicationContext@7a4a91f8'
2025-01-09T08:37:05.987-06:00 DEBUG 20036 --- [           main] .h.v.m.ResourceBundleMessageInterpolator : Loaded expression factory via original TCCL
2025-01-09T08:37:05.987-06:00 DEBUG 20036 --- [           main] o.h.v.i.e.AbstractConfigurationImpl      : Setting custom MessageInterpolator of type org.springframework.validation.beanvalidation.LocaleContextMessageInterpolator
2025-01-09T08:37:05.987-06:00 DEBUG 20036 --- [           main] o.h.v.i.e.AbstractConfigurationImpl      : Setting custom ConstraintValidatorFactory of type org.springframework.validation.beanvalidation.SpringConstraintValidatorFactory
2025-01-09T08:37:05.988-06:00 DEBUG 20036 --- [           main] o.h.v.i.xml.config.ValidationXmlParser   : Trying to load META-INF/validation.xml for XML based Validator configuration.
2025-01-09T08:37:05.988-06:00 DEBUG 20036 --- [           main] o.h.v.i.xml.config.ResourceLoaderHelper  : Trying to load META-INF/validation.xml via user class loader
2025-01-09T08:37:05.988-06:00 DEBUG 20036 --- [           main] o.h.v.i.xml.config.ResourceLoaderHelper  : Trying to load META-INF/validation.xml via TCCL
2025-01-09T08:37:05.988-06:00 DEBUG 20036 --- [           main] o.h.v.i.xml.config.ResourceLoaderHelper  : Trying to load META-INF/validation.xml via Hibernate Validator's class loader
2025-01-09T08:37:05.988-06:00 DEBUG 20036 --- [           main] o.h.v.i.xml.config.ValidationXmlParser   : No META-INF/validation.xml found. Using annotation based configuration only.
2025-01-09T08:37:05.988-06:00 DEBUG 20036 --- [           main] o.h.v.i.e.resolver.TraversableResolvers  : Found jakarta.persistence.Persistence on classpath containing 'getPersistenceUtil'. Assuming JPA 2 environment. Trying to instantiate JPA aware TraversableResolver
2025-01-09T08:37:05.988-06:00 DEBUG 20036 --- [           main] o.h.v.i.e.resolver.TraversableResolvers  : Instantiated JPA aware TraversableResolver of type org.hibernate.validator.internal.engine.resolver.JPATraversableResolver.
2025-01-09T08:37:05.989-06:00 DEBUG 20036 --- [           main] .i.e.ValidatorFactoryConfigurationHelper : HV000252: Using org.hibernate.validator.internal.engine.DefaultPropertyNodeNameProvider as property node name provider.
2025-01-09T08:37:05.989-06:00 DEBUG 20036 --- [           main] .i.e.ValidatorFactoryConfigurationHelper : HV000234: Using org.springframework.validation.beanvalidation.LocaleContextMessageInterpolator as ValidatorFactory-scoped message interpolator.
2025-01-09T08:37:05.989-06:00 DEBUG 20036 --- [           main] .i.e.ValidatorFactoryConfigurationHelper : HV000234: Using org.hibernate.validator.internal.engine.resolver.JPATraversableResolver as ValidatorFactory-scoped traversable resolver.
2025-01-09T08:37:05.989-06:00 DEBUG 20036 --- [           main] .i.e.ValidatorFactoryConfigurationHelper : HV000234: Using org.hibernate.validator.internal.util.ExecutableParameterNameProvider as ValidatorFactory-scoped parameter name provider.
2025-01-09T08:37:05.989-06:00 DEBUG 20036 --- [           main] .i.e.ValidatorFactoryConfigurationHelper : HV000234: Using org.hibernate.validator.internal.engine.DefaultClockProvider as ValidatorFactory-scoped clock provider.
2025-01-09T08:37:05.989-06:00 DEBUG 20036 --- [           main] .i.e.ValidatorFactoryConfigurationHelper : HV000234: Using org.hibernate.validator.internal.engine.scripting.DefaultScriptEvaluatorFactory as ValidatorFactory-scoped script evaluator factory.
2025-01-09T08:37:05.990-06:00 DEBUG 20036 --- [           main] .WebSocketAnnotationMethodMessageHandler : 
	c.c.c.AuthController:
	
2025-01-09T08:37:05.991-06:00 DEBUG 20036 --- [           main] .WebSocketAnnotationMethodMessageHandler : 
	c.c.c.ChannelController:
	
2025-01-09T08:37:05.991-06:00 DEBUG 20036 --- [           main] .WebSocketAnnotationMethodMessageHandler : 
	c.c.c.HealthController:
	
2025-01-09T08:37:05.991-06:00 DEBUG 20036 --- [           main] .WebSocketAnnotationMethodMessageHandler : 
	c.c.c.MessageController:
	
2025-01-09T08:37:05.991-06:00 DEBUG 20036 --- [           main] .WebSocketAnnotationMethodMessageHandler : 
	c.c.c.RootController:
	
2025-01-09T08:37:05.991-06:00 DEBUG 20036 --- [           main] .WebSocketAnnotationMethodMessageHandler : 
	c.c.c.UserController:
	
2025-01-09T08:37:05.991-06:00 DEBUG 20036 --- [           main] .WebSocketAnnotationMethodMessageHandler : 
	o.s.b.a.w.s.e.BasicErrorController:
	
2025-01-09T08:37:05.991-06:00 DEBUG 20036 --- [           main] o.s.b.f.s.DefaultListableBeanFactory     : Creating shared instance of singleton bean 'simpleBrokerMessageHandler'
2025-01-09T08:37:05.992-06:00 DEBUG 20036 --- [           main] o.s.b.f.s.DefaultListableBeanFactory     : Autowiring by type from bean name 'simpleBrokerMessageHandler' via factory method to bean named 'clientInboundChannel'
2025-01-09T08:37:05.992-06:00 DEBUG 20036 --- [           main] o.s.b.f.s.DefaultListableBeanFactory     : Autowiring by type from bean name 'simpleBrokerMessageHandler' via factory method to bean named 'clientOutboundChannel'
2025-01-09T08:37:05.992-06:00 DEBUG 20036 --- [           main] o.s.b.f.s.DefaultListableBeanFactory     : Autowiring by type from bean name 'simpleBrokerMessageHandler' via factory method to bean named 'brokerChannel'
2025-01-09T08:37:05.992-06:00 DEBUG 20036 --- [           main] o.s.b.f.s.DefaultListableBeanFactory     : Autowiring by type from bean name 'simpleBrokerMessageHandler' via factory method to bean named 'userDestinationResolver'
2025-01-09T08:37:05.992-06:00 DEBUG 20036 --- [           main] o.s.b.f.s.DefaultListableBeanFactory     : Creating shared instance of singleton bean 'org.springframework.boot.autoconfigure.context.PropertyPlaceholderAutoConfiguration'
2025-01-09T08:37:05.992-06:00 DEBUG 20036 --- [           main] o.s.b.f.s.DefaultListableBeanFactory     : Creating shared instance of singleton bean 'org.springframework.boot.autoconfigure.ssl.SslAutoConfiguration'
2025-01-09T08:37:05.992-06:00 DEBUG 20036 --- [           main] o.s.b.f.s.DefaultListableBeanFactory     : Creating shared instance of singleton bean 'spring.ssl-org.springframework.boot.autoconfigure.ssl.SslProperties'
2025-01-09T08:37:05.993-06:00 DEBUG 20036 --- [           main] o.s.b.f.s.DefaultListableBeanFactory     : Autowiring by type from bean name 'org.springframework.boot.autoconfigure.ssl.SslAutoConfiguration' via constructor to bean named 'spring.ssl-org.springframework.boot.autoconfigure.ssl.SslProperties'
2025-01-09T08:37:05.993-06:00 DEBUG 20036 --- [           main] o.s.b.f.s.DefaultListableBeanFactory     : Creating shared instance of singleton bean 'fileWatcher'
2025-01-09T08:37:05.993-06:00 DEBUG 20036 --- [           main] o.s.b.f.s.DefaultListableBeanFactory     : Creating shared instance of singleton bean 'sslPropertiesSslBundleRegistrar'
2025-01-09T08:37:05.993-06:00 DEBUG 20036 --- [           main] o.s.b.f.s.DefaultListableBeanFactory     : Autowiring by type from bean name 'sslPropertiesSslBundleRegistrar' via factory method to bean named 'fileWatcher'
2025-01-09T08:37:05.993-06:00 DEBUG 20036 --- [           main] o.s.b.f.s.DefaultListableBeanFactory     : Creating shared instance of singleton bean 'sslBundleRegistry'
2025-01-09T08:37:05.994-06:00 DEBUG 20036 --- [           main] o.s.b.f.s.DefaultListableBeanFactory     : Creating shared instance of singleton bean 'org.springframework.boot.autoconfigure.websocket.servlet.WebSocketServletAutoConfiguration$TomcatWebSocketConfiguration'
2025-01-09T08:37:05.994-06:00 DEBUG 20036 --- [           main] o.s.b.f.s.DefaultListableBeanFactory     : Creating shared instance of singleton bean 'websocketServletWebServerCustomizer'
2025-01-09T08:37:05.994-06:00 DEBUG 20036 --- [           main] o.s.b.f.s.DefaultListableBeanFactory     : Creating shared instance of singleton bean 'org.springframework.boot.autoconfigure.websocket.servlet.WebSocketServletAutoConfiguration'
2025-01-09T08:37:05.994-06:00 DEBUG 20036 --- [           main] o.s.b.f.s.DefaultListableBeanFactory     : Creating shared instance of singleton bean 'org.springframework.boot.autoconfigure.web.servlet.ServletWebServerFactoryConfiguration$EmbeddedTomcat'
2025-01-09T08:37:05.994-06:00 DEBUG 20036 --- [           main] o.s.b.f.s.DefaultListableBeanFactory     : Creating shared instance of singleton bean 'tomcatServletWebServerFactory'
2025-01-09T08:37:05.994-06:00 DEBUG 20036 --- [           main] o.s.b.f.s.DefaultListableBeanFactory     : Creating shared instance of singleton bean 'servletWebServerFactoryCustomizer'
2025-01-09T08:37:05.994-06:00 DEBUG 20036 --- [           main] o.s.b.f.s.DefaultListableBeanFactory     : Creating shared instance of singleton bean 'org.springframework.boot.autoconfigure.web.servlet.ServletWebServerFactoryAutoConfiguration'
2025-01-09T08:37:05.994-06:00 DEBUG 20036 --- [           main] o.s.b.f.s.DefaultListableBeanFactory     : Creating shared instance of singleton bean 'server-org.springframework.boot.autoconfigure.web.ServerProperties'
2025-01-09T08:37:05.995-06:00 DEBUG 20036 --- [           main] o.s.b.f.s.DefaultListableBeanFactory     : Autowiring by type from bean name 'servletWebServerFactoryCustomizer' via factory method to bean named 'server-org.springframework.boot.autoconfigure.web.ServerProperties'
2025-01-09T08:37:05.996-06:00 DEBUG 20036 --- [           main] o.s.b.f.s.DefaultListableBeanFactory     : Creating shared instance of singleton bean 'tomcatServletWebServerFactoryCustomizer'
2025-01-09T08:37:05.996-06:00 DEBUG 20036 --- [           main] o.s.b.f.s.DefaultListableBeanFactory     : Autowiring by type from bean name 'tomcatServletWebServerFactoryCustomizer' via factory method to bean named 'server-org.springframework.boot.autoconfigure.web.ServerProperties'
2025-01-09T08:37:05.996-06:00 DEBUG 20036 --- [           main] o.s.b.f.s.DefaultListableBeanFactory     : Creating shared instance of singleton bean 'localeCharsetMappingsCustomizer'
2025-01-09T08:37:05.996-06:00 DEBUG 20036 --- [           main] o.s.b.f.s.DefaultListableBeanFactory     : Creating shared instance of singleton bean 'org.springframework.boot.autoconfigure.web.servlet.HttpEncodingAutoConfiguration'
2025-01-09T08:37:05.996-06:00 DEBUG 20036 --- [           main] o.s.b.f.s.DefaultListableBeanFactory     : Autowiring by type from bean name 'org.springframework.boot.autoconfigure.web.servlet.HttpEncodingAutoConfiguration' via constructor to bean named 'server-org.springframework.boot.autoconfigure.web.ServerProperties'
2025-01-09T08:37:05.997-06:00 DEBUG 20036 --- [           main] o.s.b.f.s.DefaultListableBeanFactory     : Creating shared instance of singleton bean 'errorPageCustomizer'
2025-01-09T08:37:05.997-06:00 DEBUG 20036 --- [           main] o.s.b.f.s.DefaultListableBeanFactory     : Creating shared instance of singleton bean 'org.springframework.boot.autoconfigure.web.servlet.error.ErrorMvcAutoConfiguration'
2025-01-09T08:37:05.997-06:00 DEBUG 20036 --- [           main] o.s.b.f.s.DefaultListableBeanFactory     : Autowiring by type from bean name 'org.springframework.boot.autoconfigure.web.servlet.error.ErrorMvcAutoConfiguration' via constructor to bean named 'server-org.springframework.boot.autoconfigure.web.ServerProperties'
2025-01-09T08:37:05.997-06:00 DEBUG 20036 --- [           main] o.s.b.f.s.DefaultListableBeanFactory     : Creating shared instance of singleton bean 'dispatcherServletRegistration'
2025-01-09T08:37:05.997-06:00 DEBUG 20036 --- [           main] o.s.b.f.s.DefaultListableBeanFactory     : Creating shared instance of singleton bean 'org.springframework.boot.autoconfigure.web.servlet.DispatcherServletAutoConfiguration$DispatcherServletRegistrationConfiguration'
2025-01-09T08:37:05.997-06:00 DEBUG 20036 --- [           main] o.s.b.f.s.DefaultListableBeanFactory     : Creating shared instance of singleton bean 'dispatcherServlet'
2025-01-09T08:37:05.997-06:00 DEBUG 20036 --- [           main] o.s.b.f.s.DefaultListableBeanFactory     : Creating shared instance of singleton bean 'org.springframework.boot.autoconfigure.web.servlet.DispatcherServletAutoConfiguration$DispatcherServletConfiguration'
2025-01-09T08:37:05.997-06:00 DEBUG 20036 --- [           main] o.s.b.f.s.DefaultListableBeanFactory     : Autowiring by type from bean name 'dispatcherServlet' via factory method to bean named 'spring.mvc-org.springframework.boot.autoconfigure.web.servlet.WebMvcProperties'
2025-01-09T08:37:05.997-06:00 DEBUG 20036 --- [           main] o.s.b.f.s.DefaultListableBeanFactory     : Autowiring by type from bean name 'dispatcherServletRegistration' via factory method to bean named 'dispatcherServlet'
2025-01-09T08:37:05.997-06:00 DEBUG 20036 --- [           main] o.s.b.f.s.DefaultListableBeanFactory     : Autowiring by type from bean name 'dispatcherServletRegistration' via factory method to bean named 'spring.mvc-org.springframework.boot.autoconfigure.web.servlet.WebMvcProperties'
2025-01-09T08:37:05.998-06:00 DEBUG 20036 --- [           main] o.s.b.f.s.DefaultListableBeanFactory     : Creating shared instance of singleton bean 'multipartConfigElement'
2025-01-09T08:37:05.998-06:00 DEBUG 20036 --- [           main] o.s.b.f.s.DefaultListableBeanFactory     : Creating shared instance of singleton bean 'org.springframework.boot.autoconfigure.web.servlet.MultipartAutoConfiguration'
2025-01-09T08:37:05.998-06:00 DEBUG 20036 --- [           main] o.s.b.f.s.DefaultListableBeanFactory     : Creating shared instance of singleton bean 'spring.servlet.multipart-org.springframework.boot.autoconfigure.web.servlet.MultipartProperties'
2025-01-09T08:37:05.998-06:00 DEBUG 20036 --- [           main] o.s.b.f.s.DefaultListableBeanFactory     : Autowiring by type from bean name 'org.springframework.boot.autoconfigure.web.servlet.MultipartAutoConfiguration' via constructor to bean named 'spring.servlet.multipart-org.springframework.boot.autoconfigure.web.servlet.MultipartProperties'
2025-01-09T08:37:05.999-06:00 DEBUG 20036 --- [           main] o.s.b.f.s.DefaultListableBeanFactory     : Autowiring by type from bean name 'errorPageCustomizer' via factory method to bean named 'dispatcherServletRegistration'
2025-01-09T08:37:05.999-06:00 DEBUG 20036 --- [           main] o.s.b.f.s.DefaultListableBeanFactory     : Creating shared instance of singleton bean 'org.springframework.boot.autoconfigure.web.servlet.DispatcherServletAutoConfiguration'
2025-01-09T08:37:05.999-06:00 DEBUG 20036 --- [           main] o.s.b.f.s.DefaultListableBeanFactory     : Creating shared instance of singleton bean 'org.springframework.boot.autoconfigure.task.TaskExecutorConfigurations$ThreadPoolTaskExecutorBuilderConfiguration'
2025-01-09T08:37:05.999-06:00 DEBUG 20036 --- [           main] o.s.b.f.s.DefaultListableBeanFactory     : Creating shared instance of singleton bean 'threadPoolTaskExecutorBuilder'
2025-01-09T08:37:05.999-06:00 DEBUG 20036 --- [           main] o.s.b.f.s.DefaultListableBeanFactory     : Creating shared instance of singleton bean 'spring.task.execution-org.springframework.boot.autoconfigure.task.TaskExecutionProperties'
2025-01-09T08:37:06.000-06:00 DEBUG 20036 --- [           main] o.s.b.f.s.DefaultListableBeanFactory     : Autowiring by type from bean name 'threadPoolTaskExecutorBuilder' via factory method to bean named 'spring.task.execution-org.springframework.boot.autoconfigure.task.TaskExecutionProperties'
2025-01-09T08:37:06.000-06:00 DEBUG 20036 --- [           main] o.s.b.f.s.DefaultListableBeanFactory     : Creating shared instance of singleton bean 'org.springframework.boot.autoconfigure.task.TaskExecutorConfigurations$TaskExecutorBuilderConfiguration'
2025-01-09T08:37:06.000-06:00 DEBUG 20036 --- [           main] o.s.b.f.s.DefaultListableBeanFactory     : Creating shared instance of singleton bean 'taskExecutorBuilder'
2025-01-09T08:37:06.000-06:00 DEBUG 20036 --- [           main] o.s.b.f.s.DefaultListableBeanFactory     : Autowiring by type from bean name 'taskExecutorBuilder' via factory method to bean named 'spring.task.execution-org.springframework.boot.autoconfigure.task.TaskExecutionProperties'
2025-01-09T08:37:06.000-06:00 DEBUG 20036 --- [           main] o.s.b.f.s.DefaultListableBeanFactory     : Creating shared instance of singleton bean 'org.springframework.boot.autoconfigure.task.TaskExecutorConfigurations$SimpleAsyncTaskExecutorBuilderConfiguration'
2025-01-09T08:37:06.001-06:00 DEBUG 20036 --- [           main] o.s.b.f.s.DefaultListableBeanFactory     : Autowiring by type from bean name 'org.springframework.boot.autoconfigure.task.TaskExecutorConfigurations$SimpleAsyncTaskExecutorBuilderConfiguration' via constructor to bean named 'spring.task.execution-org.springframework.boot.autoconfigure.task.TaskExecutionProperties'
2025-01-09T08:37:06.001-06:00 DEBUG 20036 --- [           main] o.s.b.f.s.DefaultListableBeanFactory     : Creating shared instance of singleton bean 'simpleAsyncTaskExecutorBuilder'
2025-01-09T08:37:06.001-06:00 DEBUG 20036 --- [           main] o.s.b.f.s.DefaultListableBeanFactory     : Creating shared instance of singleton bean 'org.springframework.boot.autoconfigure.task.TaskExecutionAutoConfiguration'
2025-01-09T08:37:06.001-06:00 DEBUG 20036 --- [           main] o.s.b.f.s.DefaultListableBeanFactory     : Creating shared instance of singleton bean 'org.springframework.boot.autoconfigure.validation.ValidationAutoConfiguration'
2025-01-09T08:37:06.001-06:00 DEBUG 20036 --- [           main] o.s.b.f.s.DefaultListableBeanFactory     : Creating shared instance of singleton bean 'org.springframework.boot.autoconfigure.web.servlet.error.ErrorMvcAutoConfiguration$WhitelabelErrorViewConfiguration'
2025-01-09T08:37:06.001-06:00 DEBUG 20036 --- [           main] o.s.b.f.s.DefaultListableBeanFactory     : Creating shared instance of singleton bean 'error'
2025-01-09T08:37:06.001-06:00 DEBUG 20036 --- [           main] o.s.b.f.s.DefaultListableBeanFactory     : Creating shared instance of singleton bean 'beanNameViewResolver'
2025-01-09T08:37:06.001-06:00 DEBUG 20036 --- [           main] o.s.b.f.s.DefaultListableBeanFactory     : Creating shared instance of singleton bean 'org.springframework.boot.autoconfigure.web.servlet.error.ErrorMvcAutoConfiguration$DefaultErrorViewResolverConfiguration'
2025-01-09T08:37:06.001-06:00 DEBUG 20036 --- [           main] o.s.b.f.s.DefaultListableBeanFactory     : Autowiring by type from bean name 'org.springframework.boot.autoconfigure.web.servlet.error.ErrorMvcAutoConfiguration$DefaultErrorViewResolverConfiguration' via constructor to bean named 'org.springframework.web.context.support.GenericWebApplicationContext@7a4a91f8'
2025-01-09T08:37:06.001-06:00 DEBUG 20036 --- [           main] o.s.b.f.s.DefaultListableBeanFactory     : Autowiring by type from bean name 'org.springframework.boot.autoconfigure.web.servlet.error.ErrorMvcAutoConfiguration$DefaultErrorViewResolverConfiguration' via constructor to bean named 'spring.web-org.springframework.boot.autoconfigure.web.WebProperties'
2025-01-09T08:37:06.001-06:00 DEBUG 20036 --- [           main] o.s.b.f.s.DefaultListableBeanFactory     : Creating shared instance of singleton bean 'conventionErrorViewResolver'
2025-01-09T08:37:06.001-06:00 DEBUG 20036 --- [           main] o.s.b.f.s.DefaultListableBeanFactory     : Creating shared instance of singleton bean 'errorAttributes'
2025-01-09T08:37:06.001-06:00 DEBUG 20036 --- [           main] o.s.b.f.s.DefaultListableBeanFactory     : Creating shared instance of singleton bean 'basicErrorController'
2025-01-09T08:37:06.002-06:00 DEBUG 20036 --- [           main] o.s.b.f.s.DefaultListableBeanFactory     : Autowiring by type from bean name 'basicErrorController' via factory method to bean named 'errorAttributes'
2025-01-09T08:37:06.002-06:00 DEBUG 20036 --- [           main] o.s.b.f.s.DefaultListableBeanFactory     : Creating shared instance of singleton bean 'localeResolver'
2025-01-09T08:37:06.002-06:00 DEBUG 20036 --- [           main] o.s.b.f.s.DefaultListableBeanFactory     : Creating shared instance of singleton bean 'themeResolver'
2025-01-09T08:37:06.002-06:00 DEBUG 20036 --- [           main] o.s.b.f.s.DefaultListableBeanFactory     : Creating shared instance of singleton bean 'flashMapManager'
2025-01-09T08:37:06.002-06:00 DEBUG 20036 --- [           main] o.s.b.f.s.DefaultListableBeanFactory     : Creating shared instance of singleton bean 'mvcPatternParser'
2025-01-09T08:37:06.002-06:00 DEBUG 20036 --- [           main] o.s.b.f.s.DefaultListableBeanFactory     : Creating shared instance of singleton bean 'mvcUrlPathHelper'
2025-01-09T08:37:06.002-06:00 DEBUG 20036 --- [           main] o.s.b.f.s.DefaultListableBeanFactory     : Creating shared instance of singleton bean 'mvcPathMatcher'
2025-01-09T08:37:06.002-06:00 DEBUG 20036 --- [           main] o.s.b.f.s.DefaultListableBeanFactory     : Creating shared instance of singleton bean 'requestMappingHandlerAdapter'
2025-01-09T08:37:06.002-06:00 DEBUG 20036 --- [           main] o.s.b.f.s.DefaultListableBeanFactory     : Autowiring by type from bean name 'requestMappingHandlerAdapter' via factory method to bean named 'mvcContentNegotiationManager'
2025-01-09T08:37:06.002-06:00 DEBUG 20036 --- [           main] o.s.b.f.s.DefaultListableBeanFactory     : Autowiring by type from bean name 'requestMappingHandlerAdapter' via factory method to bean named 'mvcConversionService'
2025-01-09T08:37:06.002-06:00 DEBUG 20036 --- [           main] o.s.b.f.s.DefaultListableBeanFactory     : Autowiring by type from bean name 'requestMappingHandlerAdapter' via factory method to bean named 'mvcValidator'
2025-01-09T08:37:06.002-06:00 DEBUG 20036 --- [           main] o.s.b.f.s.DefaultListableBeanFactory     : Creating shared instance of singleton bean 'sortResolver'
2025-01-09T08:37:06.002-06:00 DEBUG 20036 --- [           main] o.s.b.f.s.DefaultListableBeanFactory     : Creating shared instance of singleton bean 'sortCustomizer'
2025-01-09T08:37:06.002-06:00 DEBUG 20036 --- [           main] o.s.b.f.s.DefaultListableBeanFactory     : Creating shared instance of singleton bean 'org.springframework.boot.autoconfigure.data.web.SpringDataWebAutoConfiguration'
2025-01-09T08:37:06.002-06:00 DEBUG 20036 --- [           main] o.s.b.f.s.DefaultListableBeanFactory     : Creating shared instance of singleton bean 'spring.data.web-org.springframework.boot.autoconfigure.data.web.SpringDataWebProperties'
2025-01-09T08:37:06.002-06:00 DEBUG 20036 --- [           main] o.s.b.f.s.DefaultListableBeanFactory     : Autowiring by type from bean name 'org.springframework.boot.autoconfigure.data.web.SpringDataWebAutoConfiguration' via constructor to bean named 'spring.data.web-org.springframework.boot.autoconfigure.data.web.SpringDataWebProperties'
2025-01-09T08:37:06.004-06:00 DEBUG 20036 --- [           main] o.s.b.f.s.DefaultListableBeanFactory     : Creating shared instance of singleton bean 'pageableResolver'
2025-01-09T08:37:06.004-06:00 DEBUG 20036 --- [           main] o.s.b.f.s.DefaultListableBeanFactory     : Creating shared instance of singleton bean 'pageableCustomizer'
2025-01-09T08:37:06.005-06:00 DEBUG 20036 --- [           main] s.w.s.m.m.a.RequestMappingHandlerAdapter : ControllerAdvice beans: 0 @ModelAttribute, 0 @InitBinder, 1 RequestBodyAdvice, 1 ResponseBodyAdvice
2025-01-09T08:37:06.005-06:00 DEBUG 20036 --- [           main] o.s.b.f.s.DefaultListableBeanFactory     : Creating shared instance of singleton bean 'handlerFunctionAdapter'
2025-01-09T08:37:06.006-06:00 DEBUG 20036 --- [           main] o.s.b.f.s.DefaultListableBeanFactory     : Creating shared instance of singleton bean 'mvcUriComponentsContributor'
2025-01-09T08:37:06.006-06:00 DEBUG 20036 --- [           main] o.s.b.f.s.DefaultListableBeanFactory     : Autowiring by type from bean name 'mvcUriComponentsContributor' via factory method to bean named 'mvcConversionService'
2025-01-09T08:37:06.006-06:00 DEBUG 20036 --- [           main] o.s.b.f.s.DefaultListableBeanFactory     : Autowiring by type from bean name 'mvcUriComponentsContributor' via factory method to bean named 'requestMappingHandlerAdapter'
2025-01-09T08:37:06.006-06:00 DEBUG 20036 --- [           main] o.s.b.f.s.DefaultListableBeanFactory     : Creating shared instance of singleton bean 'httpRequestHandlerAdapter'
2025-01-09T08:37:06.006-06:00 DEBUG 20036 --- [           main] o.s.b.f.s.DefaultListableBeanFactory     : Creating shared instance of singleton bean 'simpleControllerHandlerAdapter'
2025-01-09T08:37:06.006-06:00 DEBUG 20036 --- [           main] o.s.b.f.s.DefaultListableBeanFactory     : Creating shared instance of singleton bean 'handlerExceptionResolver'
2025-01-09T08:37:06.006-06:00 DEBUG 20036 --- [           main] o.s.b.f.s.DefaultListableBeanFactory     : Autowiring by type from bean name 'handlerExceptionResolver' via factory method to bean named 'mvcContentNegotiationManager'
2025-01-09T08:37:06.007-06:00 DEBUG 20036 --- [           main] .m.m.a.ExceptionHandlerExceptionResolver : ControllerAdvice beans: 1 @ExceptionHandler, 1 ResponseBodyAdvice
2025-01-09T08:37:06.007-06:00 DEBUG 20036 --- [           main] o.s.b.f.s.DefaultListableBeanFactory     : Creating shared instance of singleton bean 'mvcViewResolver'
2025-01-09T08:37:06.007-06:00 DEBUG 20036 --- [           main] o.s.b.f.s.DefaultListableBeanFactory     : Autowiring by type from bean name 'mvcViewResolver' via factory method to bean named 'mvcContentNegotiationManager'
2025-01-09T08:37:06.007-06:00 DEBUG 20036 --- [           main] o.s.b.f.s.DefaultListableBeanFactory     : Creating shared instance of singleton bean 'viewNameTranslator'
2025-01-09T08:37:06.007-06:00 DEBUG 20036 --- [           main] o.s.b.f.s.DefaultListableBeanFactory     : Creating shared instance of singleton bean 'defaultViewResolver'
2025-01-09T08:37:06.007-06:00 DEBUG 20036 --- [           main] o.s.b.f.s.DefaultListableBeanFactory     : Creating shared instance of singleton bean 'viewResolver'
2025-01-09T08:37:06.007-06:00 DEBUG 20036 --- [           main] o.s.b.f.s.DefaultListableBeanFactory     : Autowiring by type from bean name 'viewResolver' via factory method to bean named 'org.springframework.beans.factory.support.DefaultListableBeanFactory@34518f0'
2025-01-09T08:37:06.007-06:00 DEBUG 20036 --- [           main] o.s.b.f.s.DefaultListableBeanFactory     : Creating shared instance of singleton bean 'requestContextFilter'
2025-01-09T08:37:06.008-06:00 DEBUG 20036 --- [           main] o.s.b.f.s.DefaultListableBeanFactory     : Creating shared instance of singleton bean 'org.springframework.boot.autoconfigure.web.servlet.WebMvcAutoConfiguration'
2025-01-09T08:37:06.008-06:00 DEBUG 20036 --- [           main] o.s.b.f.s.DefaultListableBeanFactory     : Creating shared instance of singleton bean 'formContentFilter'
2025-01-09T08:37:06.008-06:00 DEBUG 20036 --- [           main] o.s.b.f.s.DefaultListableBeanFactory     : Creating shared instance of singleton bean 'org.springframework.boot.autoconfigure.aop.AopAutoConfiguration$AspectJAutoProxyingConfiguration$CglibAutoProxyConfiguration'
2025-01-09T08:37:06.008-06:00 DEBUG 20036 --- [           main] o.s.b.f.s.DefaultListableBeanFactory     : Creating shared instance of singleton bean 'org.springframework.boot.autoconfigure.aop.AopAutoConfiguration$AspectJAutoProxyingConfiguration'
2025-01-09T08:37:06.008-06:00 DEBUG 20036 --- [           main] o.s.b.f.s.DefaultListableBeanFactory     : Creating shared instance of singleton bean 'org.springframework.boot.autoconfigure.aop.AopAutoConfiguration'
2025-01-09T08:37:06.008-06:00 DEBUG 20036 --- [           main] o.s.b.f.s.DefaultListableBeanFactory     : Creating shared instance of singleton bean 'org.springframework.boot.autoconfigure.availability.ApplicationAvailabilityAutoConfiguration'
2025-01-09T08:37:06.008-06:00 DEBUG 20036 --- [           main] o.s.b.f.s.DefaultListableBeanFactory     : Creating shared instance of singleton bean 'applicationAvailability'
2025-01-09T08:37:06.008-06:00 DEBUG 20036 --- [           main] o.s.b.f.s.DefaultListableBeanFactory     : Creating shared instance of singleton bean 'org.springframework.boot.autoconfigure.transaction.jta.JtaAutoConfiguration'
2025-01-09T08:37:06.008-06:00 DEBUG 20036 --- [           main] o.s.b.f.s.DefaultListableBeanFactory     : Creating shared instance of singleton bean 'org.springframework.boot.autoconfigure.jdbc.metadata.DataSourcePoolMetadataProvidersConfiguration'
2025-01-09T08:37:06.008-06:00 DEBUG 20036 --- [           main] o.s.b.f.s.DefaultListableBeanFactory     : Creating shared instance of singleton bean 'org.springframework.boot.autoconfigure.jdbc.DataSourceAutoConfiguration'
2025-01-09T08:37:06.008-06:00 DEBUG 20036 --- [           main] o.s.b.f.s.DefaultListableBeanFactory     : Creating shared instance of singleton bean 'org.springframework.boot.autoconfigure.transaction.TransactionManagerCustomizationAutoConfiguration'
2025-01-09T08:37:06.008-06:00 DEBUG 20036 --- [           main] o.s.b.f.s.DefaultListableBeanFactory     : Creating shared instance of singleton bean 'platformTransactionManagerCustomizers'
2025-01-09T08:37:06.009-06:00 DEBUG 20036 --- [           main] o.s.b.f.s.DefaultListableBeanFactory     : Creating shared instance of singleton bean 'transactionExecutionListeners'
2025-01-09T08:37:06.009-06:00 DEBUG 20036 --- [           main] o.s.b.f.s.DefaultListableBeanFactory     : Creating shared instance of singleton bean 'spring.transaction-org.springframework.boot.autoconfigure.transaction.TransactionProperties'
2025-01-09T08:37:06.010-06:00 DEBUG 20036 --- [           main] o.s.b.f.s.DefaultListableBeanFactory     : Creating shared instance of singleton bean 'org.springframework.boot.autoconfigure.orm.jpa.JpaBaseConfiguration$PersistenceManagedTypesConfiguration'
2025-01-09T08:37:06.010-06:00 DEBUG 20036 --- [           main] o.s.b.f.s.DefaultListableBeanFactory     : Creating shared instance of singleton bean 'transactionManager'
2025-01-09T08:37:06.010-06:00 DEBUG 20036 --- [           main] o.s.b.f.s.DefaultListableBeanFactory     : Creating shared instance of singleton bean 'org.springframework.boot.autoconfigure.orm.jpa.HibernateJpaAutoConfiguration'
2025-01-09T08:37:06.010-06:00 DEBUG 20036 --- [           main] o.s.b.f.s.DefaultListableBeanFactory     : Creating shared instance of singleton bean 'org.springframework.boot.autoconfigure.data.redis.LettuceConnectionConfiguration'
2025-01-09T08:37:06.010-06:00 DEBUG 20036 --- [           main] o.s.b.f.s.DefaultListableBeanFactory     : Creating shared instance of singleton bean 'spring.data.redis-org.springframework.boot.autoconfigure.data.redis.RedisProperties'
2025-01-09T08:37:06.011-06:00 DEBUG 20036 --- [           main] o.s.b.f.s.DefaultListableBeanFactory     : Creating shared instance of singleton bean 'redisConnectionDetails'
2025-01-09T08:37:06.011-06:00 DEBUG 20036 --- [           main] o.s.b.f.s.DefaultListableBeanFactory     : Creating shared instance of singleton bean 'org.springframework.boot.autoconfigure.data.redis.RedisAutoConfiguration'
2025-01-09T08:37:06.011-06:00 DEBUG 20036 --- [           main] o.s.b.f.s.DefaultListableBeanFactory     : Autowiring by type from bean name 'redisConnectionDetails' via factory method to bean named 'spring.data.redis-org.springframework.boot.autoconfigure.data.redis.RedisProperties'
2025-01-09T08:37:06.011-06:00 DEBUG 20036 --- [           main] o.s.b.f.s.DefaultListableBeanFactory     : Autowiring by type from bean name 'org.springframework.boot.autoconfigure.data.redis.LettuceConnectionConfiguration' via constructor to bean named 'spring.data.redis-org.springframework.boot.autoconfigure.data.redis.RedisProperties'
2025-01-09T08:37:06.011-06:00 DEBUG 20036 --- [           main] o.s.b.f.s.DefaultListableBeanFactory     : Autowiring by type from bean name 'org.springframework.boot.autoconfigure.data.redis.LettuceConnectionConfiguration' via constructor to bean named 'redisConnectionDetails'
2025-01-09T08:37:06.011-06:00 DEBUG 20036 --- [           main] o.s.b.f.s.DefaultListableBeanFactory     : Creating shared instance of singleton bean 'lettuceClientResources'
2025-01-09T08:37:06.012-06:00 DEBUG 20036 --- [           main] o.s.b.f.s.DefaultListableBeanFactory     : Creating shared instance of singleton bean 'redisConnectionFactory'
2025-01-09T08:37:06.012-06:00 DEBUG 20036 --- [           main] o.s.b.f.s.DefaultListableBeanFactory     : Autowiring by type from bean name 'redisConnectionFactory' via factory method to bean named 'lettuceClientResources'
2025-01-09T08:37:06.013-06:00 DEBUG 20036 --- [           main] o.s.b.f.s.DefaultListableBeanFactory     : Creating shared instance of singleton bean 'redisTemplate'
2025-01-09T08:37:06.013-06:00 DEBUG 20036 --- [           main] o.s.b.f.s.DefaultListableBeanFactory     : Autowiring by type from bean name 'redisTemplate' via factory method to bean named 'redisConnectionFactory'
2025-01-09T08:37:06.013-06:00 DEBUG 20036 --- [           main] o.s.b.f.s.DefaultListableBeanFactory     : Creating shared instance of singleton bean 'stringRedisTemplate'
2025-01-09T08:37:06.013-06:00 DEBUG 20036 --- [           main] o.s.b.f.s.DefaultListableBeanFactory     : Autowiring by type from bean name 'stringRedisTemplate' via factory method to bean named 'redisConnectionFactory'
2025-01-09T08:37:06.014-06:00 DEBUG 20036 --- [           main] o.s.b.f.s.DefaultListableBeanFactory     : Creating shared instance of singleton bean 'org.springframework.boot.autoconfigure.context.ConfigurationPropertiesAutoConfiguration'
2025-01-09T08:37:06.014-06:00 DEBUG 20036 --- [           main] o.s.b.f.s.DefaultListableBeanFactory     : Creating shared instance of singleton bean 'org.springframework.boot.autoconfigure.context.LifecycleAutoConfiguration'
2025-01-09T08:37:06.014-06:00 DEBUG 20036 --- [           main] o.s.b.f.s.DefaultListableBeanFactory     : Creating shared instance of singleton bean 'lifecycleProcessor'
2025-01-09T08:37:06.014-06:00 DEBUG 20036 --- [           main] o.s.b.f.s.DefaultListableBeanFactory     : Creating shared instance of singleton bean 'spring.lifecycle-org.springframework.boot.autoconfigure.context.LifecycleProperties'
2025-01-09T08:37:06.014-06:00 DEBUG 20036 --- [           main] o.s.b.f.s.DefaultListableBeanFactory     : Autowiring by type from bean name 'lifecycleProcessor' via factory method to bean named 'spring.lifecycle-org.springframework.boot.autoconfigure.context.LifecycleProperties'
2025-01-09T08:37:06.015-06:00 DEBUG 20036 --- [           main] o.s.b.f.s.DefaultListableBeanFactory     : Creating shared instance of singleton bean 'org.springframework.boot.autoconfigure.dao.PersistenceExceptionTranslationAutoConfiguration'
2025-01-09T08:37:06.015-06:00 DEBUG 20036 --- [           main] o.s.b.f.s.DefaultListableBeanFactory     : Creating shared instance of singleton bean 'org.springframework.boot.autoconfigure.data.redis.RedisReactiveAutoConfiguration'
2025-01-09T08:37:06.015-06:00 DEBUG 20036 --- [           main] o.s.b.f.s.DefaultListableBeanFactory     : Creating shared instance of singleton bean 'reactiveRedisTemplate'
2025-01-09T08:37:06.015-06:00 DEBUG 20036 --- [           main] o.s.b.f.s.DefaultListableBeanFactory     : Autowiring by type from bean name 'reactiveRedisTemplate' via factory method to bean named 'redisConnectionFactory'
2025-01-09T08:37:06.015-06:00 DEBUG 20036 --- [           main] o.s.b.f.s.DefaultListableBeanFactory     : Autowiring by type from bean name 'reactiveRedisTemplate' via factory method to bean named 'org.springframework.web.context.support.GenericWebApplicationContext@7a4a91f8'
2025-01-09T08:37:06.016-06:00 DEBUG 20036 --- [           main] o.s.b.f.s.DefaultListableBeanFactory     : Creating shared instance of singleton bean 'reactiveStringRedisTemplate'
2025-01-09T08:37:06.016-06:00 DEBUG 20036 --- [           main] o.s.b.f.s.DefaultListableBeanFactory     : Autowiring by type from bean name 'reactiveStringRedisTemplate' via factory method to bean named 'redisConnectionFactory'
2025-01-09T08:37:06.016-06:00 DEBUG 20036 --- [           main] o.s.b.f.s.DefaultListableBeanFactory     : Creating shared instance of singleton bean 'org.springframework.boot.autoconfigure.data.redis.RedisRepositoriesAutoConfiguration'
2025-01-09T08:37:06.016-06:00 DEBUG 20036 --- [           main] o.s.b.f.s.DefaultListableBeanFactory     : Creating shared instance of singleton bean 'redisIndexConfiguration#0'
2025-01-09T08:37:06.016-06:00 DEBUG 20036 --- [           main] o.s.b.f.s.DefaultListableBeanFactory     : Creating shared instance of singleton bean 'redisKeyspaceConfiguration#0'
2025-01-09T08:37:06.016-06:00 DEBUG 20036 --- [           main] o.s.b.f.s.DefaultListableBeanFactory     : Creating shared instance of singleton bean 'redisMappingConfiguration#0'
2025-01-09T08:37:06.016-06:00 DEBUG 20036 --- [           main] o.s.b.f.s.DefaultListableBeanFactory     : Creating shared instance of singleton bean 'keyValueMappingContext'
2025-01-09T08:37:06.017-06:00 DEBUG 20036 --- [           main] o.s.b.f.s.DefaultListableBeanFactory     : Creating shared instance of singleton bean 'redisCustomConversions'
2025-01-09T08:37:06.017-06:00 DEBUG 20036 --- [           main] o.s.data.convert.CustomConversions       : Adding converter from class java.lang.String to class [B as writing converter
2025-01-09T08:37:06.017-06:00 DEBUG 20036 --- [           main] o.s.data.convert.CustomConversions       : Adding converter from class [B to class java.lang.String as reading converter
2025-01-09T08:37:06.017-06:00 DEBUG 20036 --- [           main] o.s.data.convert.CustomConversions       : Adding converter from class java.lang.Number to class [B as writing converter
2025-01-09T08:37:06.017-06:00 DEBUG 20036 --- [           main] o.s.data.convert.CustomConversions       : Adding converter from class [B to class java.lang.Number as reading converter
2025-01-09T08:37:06.017-06:00 DEBUG 20036 --- [           main] o.s.data.convert.CustomConversions       : Adding converter from class java.lang.Enum to class [B as writing converter
2025-01-09T08:37:06.017-06:00 DEBUG 20036 --- [           main] o.s.data.convert.CustomConversions       : Adding converter from class [B to class java.lang.Enum as reading converter
2025-01-09T08:37:06.017-06:00 DEBUG 20036 --- [           main] o.s.data.convert.CustomConversions       : Adding converter from class java.lang.Boolean to class [B as writing converter
2025-01-09T08:37:06.017-06:00 DEBUG 20036 --- [           main] o.s.data.convert.CustomConversions       : Adding converter from class [B to class java.lang.Boolean as reading converter
2025-01-09T08:37:06.017-06:00 DEBUG 20036 --- [           main] o.s.data.convert.CustomConversions       : Adding converter from class java.util.Date to class [B as writing converter
2025-01-09T08:37:06.017-06:00 DEBUG 20036 --- [           main] o.s.data.convert.CustomConversions       : Adding converter from class [B to class java.util.Date as reading converter
2025-01-09T08:37:06.017-06:00 DEBUG 20036 --- [           main] o.s.data.convert.CustomConversions       : Adding converter from class java.util.UUID to class [B as writing converter
2025-01-09T08:37:06.017-06:00 DEBUG 20036 --- [           main] o.s.data.convert.CustomConversions       : Adding converter from class [B to class java.util.UUID as reading converter
2025-01-09T08:37:06.017-06:00 DEBUG 20036 --- [           main] o.s.data.convert.CustomConversions       : Adding converter from class java.time.LocalDateTime to class [B as reading converter
2025-01-09T08:37:06.017-06:00 DEBUG 20036 --- [           main] o.s.data.convert.CustomConversions       : Adding converter from class [B to class java.time.LocalDateTime as reading converter
2025-01-09T08:37:06.017-06:00 DEBUG 20036 --- [           main] o.s.data.convert.CustomConversions       : Adding converter from class java.time.LocalDate to class [B as reading converter
2025-01-09T08:37:06.017-06:00 DEBUG 20036 --- [           main] o.s.data.convert.CustomConversions       : Adding converter from class [B to class java.time.LocalDate as reading converter
2025-01-09T08:37:06.017-06:00 DEBUG 20036 --- [           main] o.s.data.convert.CustomConversions       : Adding converter from class java.time.LocalTime to class [B as reading converter
2025-01-09T08:37:06.017-06:00 DEBUG 20036 --- [           main] o.s.data.convert.CustomConversions       : Adding converter from class [B to class java.time.LocalTime as reading converter
2025-01-09T08:37:06.017-06:00 DEBUG 20036 --- [           main] o.s.data.convert.CustomConversions       : Adding converter from class java.time.ZonedDateTime to class [B as reading converter
2025-01-09T08:37:06.017-06:00 DEBUG 20036 --- [           main] o.s.data.convert.CustomConversions       : Adding converter from class [B to class java.time.ZonedDateTime as reading converter
2025-01-09T08:37:06.017-06:00 DEBUG 20036 --- [           main] o.s.data.convert.CustomConversions       : Adding converter from class java.time.Instant to class [B as reading converter
2025-01-09T08:37:06.017-06:00 DEBUG 20036 --- [           main] o.s.data.convert.CustomConversions       : Adding converter from class [B to class java.time.Instant as reading converter
2025-01-09T08:37:06.017-06:00 DEBUG 20036 --- [           main] o.s.data.convert.CustomConversions       : Adding converter from class java.time.ZoneId to class [B as reading converter
2025-01-09T08:37:06.017-06:00 DEBUG 20036 --- [           main] o.s.data.convert.CustomConversions       : Adding converter from class [B to class java.time.ZoneId as reading converter
2025-01-09T08:37:06.017-06:00 DEBUG 20036 --- [           main] o.s.data.convert.CustomConversions       : Adding converter from class java.time.Period to class [B as reading converter
2025-01-09T08:37:06.017-06:00 DEBUG 20036 --- [           main] o.s.data.convert.CustomConversions       : Adding converter from class [B to class java.time.Period as reading converter
2025-01-09T08:37:06.017-06:00 DEBUG 20036 --- [           main] o.s.data.convert.CustomConversions       : Adding converter from class java.time.Duration to class [B as reading converter
2025-01-09T08:37:06.017-06:00 DEBUG 20036 --- [           main] o.s.data.convert.CustomConversions       : Adding converter from class [B to class java.time.Duration as reading converter
2025-01-09T08:37:06.017-06:00 DEBUG 20036 --- [           main] o.s.data.convert.CustomConversions       : Adding converter from class java.time.OffsetDateTime to class [B as reading converter
2025-01-09T08:37:06.017-06:00 DEBUG 20036 --- [           main] o.s.data.convert.CustomConversions       : Adding converter from class [B to class java.time.OffsetDateTime as reading converter
2025-01-09T08:37:06.017-06:00 DEBUG 20036 --- [           main] o.s.data.convert.CustomConversions       : Adding converter from class java.time.OffsetTime to class [B as reading converter
2025-01-09T08:37:06.017-06:00 DEBUG 20036 --- [           main] o.s.data.convert.CustomConversions       : Adding converter from class [B to class java.time.OffsetTime as reading converter
2025-01-09T08:37:06.017-06:00 DEBUG 20036 --- [           main] o.s.data.convert.CustomConversions       : Adding converter from class java.util.Date to class java.time.LocalDateTime as reading converter
2025-01-09T08:37:06.017-06:00 DEBUG 20036 --- [           main] o.s.data.convert.CustomConversions       : Adding converter from class java.time.LocalDateTime to class java.util.Date as writing converter
2025-01-09T08:37:06.017-06:00 DEBUG 20036 --- [           main] o.s.data.convert.CustomConversions       : Adding converter from class java.util.Date to class java.time.LocalDate as reading converter
2025-01-09T08:37:06.017-06:00 DEBUG 20036 --- [           main] o.s.data.convert.CustomConversions       : Adding converter from class java.time.LocalDate to class java.util.Date as writing converter
2025-01-09T08:37:06.017-06:00 DEBUG 20036 --- [           main] o.s.data.convert.CustomConversions       : Adding converter from class java.util.Date to class java.time.LocalTime as reading converter
2025-01-09T08:37:06.017-06:00 DEBUG 20036 --- [           main] o.s.data.convert.CustomConversions       : Adding converter from class java.time.LocalTime to class java.util.Date as writing converter
2025-01-09T08:37:06.017-06:00 DEBUG 20036 --- [           main] o.s.data.convert.CustomConversions       : Adding converter from class java.util.Date to class java.time.Instant as reading converter
2025-01-09T08:37:06.017-06:00 DEBUG 20036 --- [           main] o.s.data.convert.CustomConversions       : Adding converter from class java.time.Instant to class java.util.Date as writing converter
2025-01-09T08:37:06.017-06:00 DEBUG 20036 --- [           main] o.s.data.convert.CustomConversions       : Adding converter from class java.time.LocalDateTime to class java.time.Instant as reading converter
2025-01-09T08:37:06.017-06:00 DEBUG 20036 --- [           main] o.s.data.convert.CustomConversions       : Adding converter from class java.time.Instant to class java.time.LocalDateTime as reading converter
2025-01-09T08:37:06.017-06:00 DEBUG 20036 --- [           main] o.s.data.convert.CustomConversions       : Adding converter from class java.time.ZoneId to class java.lang.String as writing converter
2025-01-09T08:37:06.017-06:00 DEBUG 20036 --- [           main] o.s.data.convert.CustomConversions       : Adding converter from class java.lang.String to class java.time.ZoneId as reading converter
2025-01-09T08:37:06.017-06:00 DEBUG 20036 --- [           main] o.s.data.convert.CustomConversions       : Adding converter from class java.time.Duration to class java.lang.String as writing converter
2025-01-09T08:37:06.017-06:00 DEBUG 20036 --- [           main] o.s.data.convert.CustomConversions       : Adding converter from class java.lang.String to class java.time.Duration as reading converter
2025-01-09T08:37:06.017-06:00 DEBUG 20036 --- [           main] o.s.data.convert.CustomConversions       : Adding converter from class java.time.Period to class java.lang.String as writing converter
2025-01-09T08:37:06.017-06:00 DEBUG 20036 --- [           main] o.s.data.convert.CustomConversions       : Adding converter from class java.lang.String to class java.time.Period as reading converter
2025-01-09T08:37:06.017-06:00 DEBUG 20036 --- [           main] o.s.data.convert.CustomConversions       : Adding converter from class java.lang.String to class java.time.LocalDate as reading converter
2025-01-09T08:37:06.017-06:00 DEBUG 20036 --- [           main] o.s.data.convert.CustomConversions       : Adding converter from class java.lang.String to class java.time.LocalDateTime as reading converter
2025-01-09T08:37:06.017-06:00 DEBUG 20036 --- [           main] o.s.data.convert.CustomConversions       : Adding converter from class java.lang.String to class java.time.Instant as reading converter
2025-01-09T08:37:06.017-06:00 DEBUG 20036 --- [           main] o.s.b.f.s.DefaultListableBeanFactory     : Creating shared instance of singleton bean 'redisReferenceResolver'
2025-01-09T08:37:06.018-06:00 DEBUG 20036 --- [           main] o.s.b.f.s.DefaultListableBeanFactory     : Creating shared instance of singleton bean 'redisConverter'
2025-01-09T08:37:06.018-06:00 DEBUG 20036 --- [           main] o.s.data.convert.CustomConversions       : Adding converter from class java.lang.String to class [B as writing converter
2025-01-09T08:37:06.018-06:00 DEBUG 20036 --- [           main] o.s.data.convert.CustomConversions       : Adding converter from class [B to class java.lang.String as reading converter
2025-01-09T08:37:06.018-06:00 DEBUG 20036 --- [           main] o.s.data.convert.CustomConversions       : Adding converter from class java.lang.Number to class [B as writing converter
2025-01-09T08:37:06.018-06:00 DEBUG 20036 --- [           main] o.s.data.convert.CustomConversions       : Adding converter from class [B to class java.lang.Number as reading converter
2025-01-09T08:37:06.018-06:00 DEBUG 20036 --- [           main] o.s.data.convert.CustomConversions       : Adding converter from class java.lang.Enum to class [B as writing converter
2025-01-09T08:37:06.018-06:00 DEBUG 20036 --- [           main] o.s.data.convert.CustomConversions       : Adding converter from class [B to class java.lang.Enum as reading converter
2025-01-09T08:37:06.018-06:00 DEBUG 20036 --- [           main] o.s.data.convert.CustomConversions       : Adding converter from class java.lang.Boolean to class [B as writing converter
2025-01-09T08:37:06.018-06:00 DEBUG 20036 --- [           main] o.s.data.convert.CustomConversions       : Adding converter from class [B to class java.lang.Boolean as reading converter
2025-01-09T08:37:06.018-06:00 DEBUG 20036 --- [           main] o.s.data.convert.CustomConversions       : Adding converter from class java.util.Date to class [B as writing converter
2025-01-09T08:37:06.018-06:00 DEBUG 20036 --- [           main] o.s.data.convert.CustomConversions       : Adding converter from class [B to class java.util.Date as reading converter
2025-01-09T08:37:06.018-06:00 DEBUG 20036 --- [           main] o.s.data.convert.CustomConversions       : Adding converter from class java.util.UUID to class [B as writing converter
2025-01-09T08:37:06.018-06:00 DEBUG 20036 --- [           main] o.s.data.convert.CustomConversions       : Adding converter from class [B to class java.util.UUID as reading converter
2025-01-09T08:37:06.018-06:00 DEBUG 20036 --- [           main] o.s.data.convert.CustomConversions       : Adding converter from class java.time.LocalDateTime to class [B as reading converter
2025-01-09T08:37:06.018-06:00 DEBUG 20036 --- [           main] o.s.data.convert.CustomConversions       : Adding converter from class [B to class java.time.LocalDateTime as reading converter
2025-01-09T08:37:06.018-06:00 DEBUG 20036 --- [           main] o.s.data.convert.CustomConversions       : Adding converter from class java.time.LocalDate to class [B as reading converter
2025-01-09T08:37:06.018-06:00 DEBUG 20036 --- [           main] o.s.data.convert.CustomConversions       : Adding converter from class [B to class java.time.LocalDate as reading converter
2025-01-09T08:37:06.018-06:00 DEBUG 20036 --- [           main] o.s.data.convert.CustomConversions       : Adding converter from class java.time.LocalTime to class [B as reading converter
2025-01-09T08:37:06.018-06:00 DEBUG 20036 --- [           main] o.s.data.convert.CustomConversions       : Adding converter from class [B to class java.time.LocalTime as reading converter
2025-01-09T08:37:06.018-06:00 DEBUG 20036 --- [           main] o.s.data.convert.CustomConversions       : Adding converter from class java.time.ZonedDateTime to class [B as reading converter
2025-01-09T08:37:06.018-06:00 DEBUG 20036 --- [           main] o.s.data.convert.CustomConversions       : Adding converter from class [B to class java.time.ZonedDateTime as reading converter
2025-01-09T08:37:06.018-06:00 DEBUG 20036 --- [           main] o.s.data.convert.CustomConversions       : Adding converter from class java.time.Instant to class [B as reading converter
2025-01-09T08:37:06.018-06:00 DEBUG 20036 --- [           main] o.s.data.convert.CustomConversions       : Adding converter from class [B to class java.time.Instant as reading converter
2025-01-09T08:37:06.018-06:00 DEBUG 20036 --- [           main] o.s.data.convert.CustomConversions       : Adding converter from class java.time.ZoneId to class [B as reading converter
2025-01-09T08:37:06.018-06:00 DEBUG 20036 --- [           main] o.s.data.convert.CustomConversions       : Adding converter from class [B to class java.time.ZoneId as reading converter
2025-01-09T08:37:06.018-06:00 DEBUG 20036 --- [           main] o.s.data.convert.CustomConversions       : Adding converter from class java.time.Period to class [B as reading converter
2025-01-09T08:37:06.018-06:00 DEBUG 20036 --- [           main] o.s.data.convert.CustomConversions       : Adding converter from class [B to class java.time.Period as reading converter
2025-01-09T08:37:06.018-06:00 DEBUG 20036 --- [           main] o.s.data.convert.CustomConversions       : Adding converter from class java.time.Duration to class [B as reading converter
2025-01-09T08:37:06.018-06:00 DEBUG 20036 --- [           main] o.s.data.convert.CustomConversions       : Adding converter from class [B to class java.time.Duration as reading converter
2025-01-09T08:37:06.018-06:00 DEBUG 20036 --- [           main] o.s.data.convert.CustomConversions       : Adding converter from class java.time.OffsetDateTime to class [B as reading converter
2025-01-09T08:37:06.018-06:00 DEBUG 20036 --- [           main] o.s.data.convert.CustomConversions       : Adding converter from class [B to class java.time.OffsetDateTime as reading converter
2025-01-09T08:37:06.018-06:00 DEBUG 20036 --- [           main] o.s.data.convert.CustomConversions       : Adding converter from class java.time.OffsetTime to class [B as reading converter
2025-01-09T08:37:06.018-06:00 DEBUG 20036 --- [           main] o.s.data.convert.CustomConversions       : Adding converter from class [B to class java.time.OffsetTime as reading converter
2025-01-09T08:37:06.018-06:00 DEBUG 20036 --- [           main] o.s.data.convert.CustomConversions       : Adding converter from class java.util.Date to class java.time.LocalDateTime as reading converter
2025-01-09T08:37:06.018-06:00 DEBUG 20036 --- [           main] o.s.data.convert.CustomConversions       : Adding converter from class java.time.LocalDateTime to class java.util.Date as writing converter
2025-01-09T08:37:06.018-06:00 DEBUG 20036 --- [           main] o.s.data.convert.CustomConversions       : Adding converter from class java.util.Date to class java.time.LocalDate as reading converter
2025-01-09T08:37:06.018-06:00 DEBUG 20036 --- [           main] o.s.data.convert.CustomConversions       : Adding converter from class java.time.LocalDate to class java.util.Date as writing converter
2025-01-09T08:37:06.018-06:00 DEBUG 20036 --- [           main] o.s.data.convert.CustomConversions       : Adding converter from class java.util.Date to class java.time.LocalTime as reading converter
2025-01-09T08:37:06.018-06:00 DEBUG 20036 --- [           main] o.s.data.convert.CustomConversions       : Adding converter from class java.time.LocalTime to class java.util.Date as writing converter
2025-01-09T08:37:06.018-06:00 DEBUG 20036 --- [           main] o.s.data.convert.CustomConversions       : Adding converter from class java.util.Date to class java.time.Instant as reading converter
2025-01-09T08:37:06.018-06:00 DEBUG 20036 --- [           main] o.s.data.convert.CustomConversions       : Adding converter from class java.time.Instant to class java.util.Date as writing converter
2025-01-09T08:37:06.018-06:00 DEBUG 20036 --- [           main] o.s.data.convert.CustomConversions       : Adding converter from class java.time.LocalDateTime to class java.time.Instant as reading converter
2025-01-09T08:37:06.018-06:00 DEBUG 20036 --- [           main] o.s.data.convert.CustomConversions       : Adding converter from class java.time.Instant to class java.time.LocalDateTime as reading converter
2025-01-09T08:37:06.018-06:00 DEBUG 20036 --- [           main] o.s.data.convert.CustomConversions       : Adding converter from class java.time.ZoneId to class java.lang.String as writing converter
2025-01-09T08:37:06.018-06:00 DEBUG 20036 --- [           main] o.s.data.convert.CustomConversions       : Adding converter from class java.lang.String to class java.time.ZoneId as reading converter
2025-01-09T08:37:06.018-06:00 DEBUG 20036 --- [           main] o.s.data.convert.CustomConversions       : Adding converter from class java.time.Duration to class java.lang.String as writing converter
2025-01-09T08:37:06.018-06:00 DEBUG 20036 --- [           main] o.s.data.convert.CustomConversions       : Adding converter from class java.lang.String to class java.time.Duration as reading converter
2025-01-09T08:37:06.018-06:00 DEBUG 20036 --- [           main] o.s.data.convert.CustomConversions       : Adding converter from class java.time.Period to class java.lang.String as writing converter
2025-01-09T08:37:06.018-06:00 DEBUG 20036 --- [           main] o.s.data.convert.CustomConversions       : Adding converter from class java.lang.String to class java.time.Period as reading converter
2025-01-09T08:37:06.018-06:00 DEBUG 20036 --- [           main] o.s.data.convert.CustomConversions       : Adding converter from class java.lang.String to class java.time.LocalDate as reading converter
2025-01-09T08:37:06.018-06:00 DEBUG 20036 --- [           main] o.s.data.convert.CustomConversions       : Adding converter from class java.lang.String to class java.time.LocalDateTime as reading converter
2025-01-09T08:37:06.018-06:00 DEBUG 20036 --- [           main] o.s.data.convert.CustomConversions       : Adding converter from class java.lang.String to class java.time.Instant as reading converter
2025-01-09T08:37:06.018-06:00 DEBUG 20036 --- [           main] o.s.data.convert.CustomConversions       : Adding converter from class java.lang.String to class [B as writing converter
2025-01-09T08:37:06.018-06:00 DEBUG 20036 --- [           main] o.s.data.convert.CustomConversions       : Adding converter from class [B to class java.lang.String as reading converter
2025-01-09T08:37:06.018-06:00 DEBUG 20036 --- [           main] o.s.data.convert.CustomConversions       : Adding converter from class java.lang.Number to class [B as writing converter
2025-01-09T08:37:06.018-06:00 DEBUG 20036 --- [           main] o.s.data.convert.CustomConversions       : Adding converter from class [B to class java.lang.Number as reading converter
2025-01-09T08:37:06.018-06:00 DEBUG 20036 --- [           main] o.s.data.convert.CustomConversions       : Adding converter from class java.lang.Enum to class [B as writing converter
2025-01-09T08:37:06.018-06:00 DEBUG 20036 --- [           main] o.s.data.convert.CustomConversions       : Adding converter from class [B to class java.lang.Enum as reading converter
2025-01-09T08:37:06.018-06:00 DEBUG 20036 --- [           main] o.s.data.convert.CustomConversions       : Adding converter from class java.lang.Boolean to class [B as writing converter
2025-01-09T08:37:06.018-06:00 DEBUG 20036 --- [           main] o.s.data.convert.CustomConversions       : Adding converter from class [B to class java.lang.Boolean as reading converter
2025-01-09T08:37:06.018-06:00 DEBUG 20036 --- [           main] o.s.data.convert.CustomConversions       : Adding converter from class java.util.Date to class [B as writing converter
2025-01-09T08:37:06.019-06:00 DEBUG 20036 --- [           main] o.s.data.convert.CustomConversions       : Adding converter from class [B to class java.util.Date as reading converter
2025-01-09T08:37:06.019-06:00 DEBUG 20036 --- [           main] o.s.data.convert.CustomConversions       : Adding converter from class java.util.UUID to class [B as writing converter
2025-01-09T08:37:06.019-06:00 DEBUG 20036 --- [           main] o.s.data.convert.CustomConversions       : Adding converter from class [B to class java.util.UUID as reading converter
2025-01-09T08:37:06.019-06:00 DEBUG 20036 --- [           main] o.s.data.convert.CustomConversions       : Adding converter from class java.time.LocalDateTime to class [B as reading converter
2025-01-09T08:37:06.019-06:00 DEBUG 20036 --- [           main] o.s.data.convert.CustomConversions       : Adding converter from class [B to class java.time.LocalDateTime as reading converter
2025-01-09T08:37:06.019-06:00 DEBUG 20036 --- [           main] o.s.data.convert.CustomConversions       : Adding converter from class java.time.LocalDate to class [B as reading converter
2025-01-09T08:37:06.019-06:00 DEBUG 20036 --- [           main] o.s.data.convert.CustomConversions       : Adding converter from class [B to class java.time.LocalDate as reading converter
2025-01-09T08:37:06.019-06:00 DEBUG 20036 --- [           main] o.s.data.convert.CustomConversions       : Adding converter from class java.time.LocalTime to class [B as reading converter
2025-01-09T08:37:06.019-06:00 DEBUG 20036 --- [           main] o.s.data.convert.CustomConversions       : Adding converter from class [B to class java.time.LocalTime as reading converter
2025-01-09T08:37:06.019-06:00 DEBUG 20036 --- [           main] o.s.data.convert.CustomConversions       : Adding converter from class java.time.ZonedDateTime to class [B as reading converter
2025-01-09T08:37:06.019-06:00 DEBUG 20036 --- [           main] o.s.data.convert.CustomConversions       : Adding converter from class [B to class java.time.ZonedDateTime as reading converter
2025-01-09T08:37:06.019-06:00 DEBUG 20036 --- [           main] o.s.data.convert.CustomConversions       : Adding converter from class java.time.Instant to class [B as reading converter
2025-01-09T08:37:06.019-06:00 DEBUG 20036 --- [           main] o.s.data.convert.CustomConversions       : Adding converter from class [B to class java.time.Instant as reading converter
2025-01-09T08:37:06.019-06:00 DEBUG 20036 --- [           main] o.s.data.convert.CustomConversions       : Adding converter from class java.time.ZoneId to class [B as reading converter
2025-01-09T08:37:06.019-06:00 DEBUG 20036 --- [           main] o.s.data.convert.CustomConversions       : Adding converter from class [B to class java.time.ZoneId as reading converter
2025-01-09T08:37:06.019-06:00 DEBUG 20036 --- [           main] o.s.data.convert.CustomConversions       : Adding converter from class java.time.Period to class [B as reading converter
2025-01-09T08:37:06.019-06:00 DEBUG 20036 --- [           main] o.s.data.convert.CustomConversions       : Adding converter from class [B to class java.time.Period as reading converter
2025-01-09T08:37:06.019-06:00 DEBUG 20036 --- [           main] o.s.data.convert.CustomConversions       : Adding converter from class java.time.Duration to class [B as reading converter
2025-01-09T08:37:06.019-06:00 DEBUG 20036 --- [           main] o.s.data.convert.CustomConversions       : Adding converter from class [B to class java.time.Duration as reading converter
2025-01-09T08:37:06.019-06:00 DEBUG 20036 --- [           main] o.s.data.convert.CustomConversions       : Adding converter from class java.time.OffsetDateTime to class [B as reading converter
2025-01-09T08:37:06.019-06:00 DEBUG 20036 --- [           main] o.s.data.convert.CustomConversions       : Adding converter from class [B to class java.time.OffsetDateTime as reading converter
2025-01-09T08:37:06.019-06:00 DEBUG 20036 --- [           main] o.s.data.convert.CustomConversions       : Adding converter from class java.time.OffsetTime to class [B as reading converter
2025-01-09T08:37:06.019-06:00 DEBUG 20036 --- [           main] o.s.data.convert.CustomConversions       : Adding converter from class [B to class java.time.OffsetTime as reading converter
2025-01-09T08:37:06.019-06:00 DEBUG 20036 --- [           main] o.s.data.convert.CustomConversions       : Adding converter from class java.util.Date to class java.time.LocalDateTime as reading converter
2025-01-09T08:37:06.019-06:00 DEBUG 20036 --- [           main] o.s.data.convert.CustomConversions       : Adding converter from class java.time.LocalDateTime to class java.util.Date as writing converter
2025-01-09T08:37:06.019-06:00 DEBUG 20036 --- [           main] o.s.data.convert.CustomConversions       : Adding converter from class java.util.Date to class java.time.LocalDate as reading converter
2025-01-09T08:37:06.019-06:00 DEBUG 20036 --- [           main] o.s.data.convert.CustomConversions       : Adding converter from class java.time.LocalDate to class java.util.Date as writing converter
2025-01-09T08:37:06.019-06:00 DEBUG 20036 --- [           main] o.s.data.convert.CustomConversions       : Adding converter from class java.util.Date to class java.time.LocalTime as reading converter
2025-01-09T08:37:06.019-06:00 DEBUG 20036 --- [           main] o.s.data.convert.CustomConversions       : Adding converter from class java.time.LocalTime to class java.util.Date as writing converter
2025-01-09T08:37:06.019-06:00 DEBUG 20036 --- [           main] o.s.data.convert.CustomConversions       : Adding converter from class java.util.Date to class java.time.Instant as reading converter
2025-01-09T08:37:06.019-06:00 DEBUG 20036 --- [           main] o.s.data.convert.CustomConversions       : Adding converter from class java.time.Instant to class java.util.Date as writing converter
2025-01-09T08:37:06.019-06:00 DEBUG 20036 --- [           main] o.s.data.convert.CustomConversions       : Adding converter from class java.time.LocalDateTime to class java.time.Instant as reading converter
2025-01-09T08:37:06.019-06:00 DEBUG 20036 --- [           main] o.s.data.convert.CustomConversions       : Adding converter from class java.time.Instant to class java.time.LocalDateTime as reading converter
2025-01-09T08:37:06.019-06:00 DEBUG 20036 --- [           main] o.s.data.convert.CustomConversions       : Adding converter from class java.time.ZoneId to class java.lang.String as writing converter
2025-01-09T08:37:06.019-06:00 DEBUG 20036 --- [           main] o.s.data.convert.CustomConversions       : Adding converter from class java.lang.String to class java.time.ZoneId as reading converter
2025-01-09T08:37:06.019-06:00 DEBUG 20036 --- [           main] o.s.data.convert.CustomConversions       : Adding converter from class java.time.Duration to class java.lang.String as writing converter
2025-01-09T08:37:06.019-06:00 DEBUG 20036 --- [           main] o.s.data.convert.CustomConversions       : Adding converter from class java.lang.String to class java.time.Duration as reading converter
2025-01-09T08:37:06.019-06:00 DEBUG 20036 --- [           main] o.s.data.convert.CustomConversions       : Adding converter from class java.time.Period to class java.lang.String as writing converter
2025-01-09T08:37:06.019-06:00 DEBUG 20036 --- [           main] o.s.data.convert.CustomConversions       : Adding converter from class java.lang.String to class java.time.Period as reading converter
2025-01-09T08:37:06.019-06:00 DEBUG 20036 --- [           main] o.s.data.convert.CustomConversions       : Adding converter from class java.lang.String to class java.time.LocalDate as reading converter
2025-01-09T08:37:06.019-06:00 DEBUG 20036 --- [           main] o.s.data.convert.CustomConversions       : Adding converter from class java.lang.String to class java.time.LocalDateTime as reading converter
2025-01-09T08:37:06.019-06:00 DEBUG 20036 --- [           main] o.s.data.convert.CustomConversions       : Adding converter from class java.lang.String to class java.time.Instant as reading converter
2025-01-09T08:37:06.020-06:00 DEBUG 20036 --- [           main] o.s.b.f.s.DefaultListableBeanFactory     : Creating shared instance of singleton bean 'redisKeyValueAdapter'
2025-01-09T08:37:06.021-06:00 DEBUG 20036 --- [           main] o.s.d.r.l.RedisMessageListenerContainer  : Starting RedisMessageListenerContainer...
2025-01-09T08:37:06.021-06:00 DEBUG 20036 --- [           main] o.s.d.r.l.RedisMessageListenerContainer  : Postpone listening for Redis messages until actual listeners are added
2025-01-09T08:37:06.021-06:00 DEBUG 20036 --- [           main] o.s.b.f.s.DefaultListableBeanFactory     : Creating shared instance of singleton bean 'redisKeyValueTemplate'
2025-01-09T08:37:06.021-06:00 DEBUG 20036 --- [           main] o.s.b.f.s.DefaultListableBeanFactory     : Creating shared instance of singleton bean 'data-redis.repository-aot-processor#0'
2025-01-09T08:37:06.022-06:00 DEBUG 20036 --- [           main] o.s.b.f.s.DefaultListableBeanFactory     : Creating shared instance of singleton bean 'org.springframework.boot.autoconfigure.http.JacksonHttpMessageConvertersConfiguration'
2025-01-09T08:37:06.022-06:00 DEBUG 20036 --- [           main] o.s.b.f.s.DefaultListableBeanFactory     : Creating shared instance of singleton bean 'org.springframework.data.web.config.ProjectingArgumentResolverRegistrar'
2025-01-09T08:37:06.022-06:00 DEBUG 20036 --- [           main] o.s.b.f.s.DefaultListableBeanFactory     : Creating shared instance of singleton bean 'offsetResolver'
2025-01-09T08:37:06.022-06:00 DEBUG 20036 --- [           main] o.s.b.f.s.DefaultListableBeanFactory     : Creating shared instance of singleton bean 'org.springframework.boot.autoconfigure.info.ProjectInfoAutoConfiguration'
2025-01-09T08:37:06.022-06:00 DEBUG 20036 --- [           main] o.s.b.f.s.DefaultListableBeanFactory     : Creating shared instance of singleton bean 'spring.info-org.springframework.boot.autoconfigure.info.ProjectInfoProperties'
2025-01-09T08:37:06.022-06:00 DEBUG 20036 --- [           main] o.s.b.f.s.DefaultListableBeanFactory     : Autowiring by type from bean name 'org.springframework.boot.autoconfigure.info.ProjectInfoAutoConfiguration' via constructor to bean named 'spring.info-org.springframework.boot.autoconfigure.info.ProjectInfoProperties'
2025-01-09T08:37:06.022-06:00 DEBUG 20036 --- [           main] o.s.b.f.s.DefaultListableBeanFactory     : Creating shared instance of singleton bean 'org.springframework.boot.autoconfigure.jdbc.JdbcTemplateConfiguration'
2025-01-09T08:37:06.022-06:00 DEBUG 20036 --- [           main] o.s.b.f.s.DefaultListableBeanFactory     : Creating shared instance of singleton bean 'jdbcTemplate'
2025-01-09T08:37:06.022-06:00 DEBUG 20036 --- [           main] o.s.b.f.s.DefaultListableBeanFactory     : Creating shared instance of singleton bean 'spring.jdbc-org.springframework.boot.autoconfigure.jdbc.JdbcProperties'
2025-01-09T08:37:06.024-06:00 DEBUG 20036 --- [           main] o.s.b.f.s.DefaultListableBeanFactory     : Autowiring by type from bean name 'jdbcTemplate' via factory method to bean named 'dataSource'
2025-01-09T08:37:06.024-06:00 DEBUG 20036 --- [           main] o.s.b.f.s.DefaultListableBeanFactory     : Autowiring by type from bean name 'jdbcTemplate' via factory method to bean named 'spring.jdbc-org.springframework.boot.autoconfigure.jdbc.JdbcProperties'
2025-01-09T08:37:06.024-06:00 DEBUG 20036 --- [           main] o.s.b.f.s.DefaultListableBeanFactory     : Creating shared instance of singleton bean 'org.springframework.boot.autoconfigure.jdbc.NamedParameterJdbcTemplateConfiguration'
2025-01-09T08:37:06.024-06:00 DEBUG 20036 --- [           main] o.s.b.f.s.DefaultListableBeanFactory     : Creating shared instance of singleton bean 'namedParameterJdbcTemplate'
2025-01-09T08:37:06.024-06:00 DEBUG 20036 --- [           main] o.s.b.f.s.DefaultListableBeanFactory     : Autowiring by type from bean name 'namedParameterJdbcTemplate' via factory method to bean named 'jdbcTemplate'
2025-01-09T08:37:06.025-06:00 DEBUG 20036 --- [           main] o.s.b.f.s.DefaultListableBeanFactory     : Creating shared instance of singleton bean 'org.springframework.boot.autoconfigure.jdbc.JdbcTemplateAutoConfiguration'
2025-01-09T08:37:06.025-06:00 DEBUG 20036 --- [           main] o.s.b.f.s.DefaultListableBeanFactory     : Creating shared instance of singleton bean 'org.springframework.boot.autoconfigure.jdbc.JdbcClientAutoConfiguration'
2025-01-09T08:37:06.025-06:00 DEBUG 20036 --- [           main] o.s.b.f.s.DefaultListableBeanFactory     : Creating shared instance of singleton bean 'jdbcClient'
2025-01-09T08:37:06.025-06:00 DEBUG 20036 --- [           main] o.s.b.f.s.DefaultListableBeanFactory     : Autowiring by type from bean name 'jdbcClient' via factory method to bean named 'namedParameterJdbcTemplate'
2025-01-09T08:37:06.025-06:00 DEBUG 20036 --- [           main] o.s.b.f.s.DefaultListableBeanFactory     : Creating shared instance of singleton bean 'org.springframework.boot.autoconfigure.netty.NettyAutoConfiguration'
2025-01-09T08:37:06.025-06:00 DEBUG 20036 --- [           main] o.s.b.f.s.DefaultListableBeanFactory     : Creating shared instance of singleton bean 'spring.netty-org.springframework.boot.autoconfigure.netty.NettyProperties'
2025-01-09T08:37:06.025-06:00 DEBUG 20036 --- [           main] o.s.b.f.s.DefaultListableBeanFactory     : Autowiring by type from bean name 'org.springframework.boot.autoconfigure.netty.NettyAutoConfiguration' via constructor to bean named 'spring.netty-org.springframework.boot.autoconfigure.netty.NettyProperties'
2025-01-09T08:37:06.025-06:00 DEBUG 20036 --- [           main] o.s.b.f.s.DefaultListableBeanFactory     : Creating shared instance of singleton bean 'org.springframework.boot.autoconfigure.reactor.ReactorAutoConfiguration'
2025-01-09T08:37:06.025-06:00 DEBUG 20036 --- [           main] o.s.b.f.s.DefaultListableBeanFactory     : Creating shared instance of singleton bean 'spring.reactor-org.springframework.boot.autoconfigure.reactor.ReactorProperties'
2025-01-09T08:37:06.026-06:00 DEBUG 20036 --- [           main] o.s.b.f.s.DefaultListableBeanFactory     : Autowiring by type from bean name 'org.springframework.boot.autoconfigure.reactor.ReactorAutoConfiguration' via constructor to bean named 'spring.reactor-org.springframework.boot.autoconfigure.reactor.ReactorProperties'
2025-01-09T08:37:06.026-06:00 DEBUG 20036 --- [           main] o.s.b.f.s.DefaultListableBeanFactory     : Creating shared instance of singleton bean 'org.springframework.boot.autoconfigure.security.servlet.SpringBootWebSecurityConfiguration'
2025-01-09T08:37:06.026-06:00 DEBUG 20036 --- [           main] o.s.b.f.s.DefaultListableBeanFactory     : Creating shared instance of singleton bean 'spring.security-org.springframework.boot.autoconfigure.security.SecurityProperties'
2025-01-09T08:37:06.026-06:00 DEBUG 20036 --- [           main] o.s.b.f.s.DefaultListableBeanFactory     : Creating shared instance of singleton bean 'org.springframework.boot.autoconfigure.security.servlet.SecurityFilterAutoConfiguration'
2025-01-09T08:37:06.026-06:00 DEBUG 20036 --- [           main] o.s.b.f.s.DefaultListableBeanFactory     : Creating shared instance of singleton bean 'securityFilterChainRegistration'
2025-01-09T08:37:06.026-06:00 DEBUG 20036 --- [           main] o.s.b.f.s.DefaultListableBeanFactory     : Autowiring by type from bean name 'securityFilterChainRegistration' via factory method to bean named 'spring.security-org.springframework.boot.autoconfigure.security.SecurityProperties'
2025-01-09T08:37:06.026-06:00 DEBUG 20036 --- [           main] o.s.b.f.s.DefaultListableBeanFactory     : Creating shared instance of singleton bean 'org.springframework.boot.autoconfigure.sql.init.SqlInitializationAutoConfiguration'
2025-01-09T08:37:06.026-06:00 DEBUG 20036 --- [           main] o.s.b.f.s.DefaultListableBeanFactory     : Creating shared instance of singleton bean 'org.springframework.boot.autoconfigure.task.TaskSchedulingConfigurations$ThreadPoolTaskSchedulerBuilderConfiguration'
2025-01-09T08:37:06.026-06:00 DEBUG 20036 --- [           main] o.s.b.f.s.DefaultListableBeanFactory     : Creating shared instance of singleton bean 'threadPoolTaskSchedulerBuilder'
2025-01-09T08:37:06.026-06:00 DEBUG 20036 --- [           main] o.s.b.f.s.DefaultListableBeanFactory     : Creating shared instance of singleton bean 'spring.task.scheduling-org.springframework.boot.autoconfigure.task.TaskSchedulingProperties'
2025-01-09T08:37:06.027-06:00 DEBUG 20036 --- [           main] o.s.b.f.s.DefaultListableBeanFactory     : Autowiring by type from bean name 'threadPoolTaskSchedulerBuilder' via factory method to bean named 'spring.task.scheduling-org.springframework.boot.autoconfigure.task.TaskSchedulingProperties'
2025-01-09T08:37:06.027-06:00 DEBUG 20036 --- [           main] o.s.b.f.s.DefaultListableBeanFactory     : Creating shared instance of singleton bean 'org.springframework.boot.autoconfigure.task.TaskSchedulingConfigurations$TaskSchedulerBuilderConfiguration'
2025-01-09T08:37:06.027-06:00 DEBUG 20036 --- [           main] o.s.b.f.s.DefaultListableBeanFactory     : Creating shared instance of singleton bean 'taskSchedulerBuilder'
2025-01-09T08:37:06.027-06:00 DEBUG 20036 --- [           main] o.s.b.f.s.DefaultListableBeanFactory     : Autowiring by type from bean name 'taskSchedulerBuilder' via factory method to bean named 'spring.task.scheduling-org.springframework.boot.autoconfigure.task.TaskSchedulingProperties'
2025-01-09T08:37:06.027-06:00 DEBUG 20036 --- [           main] o.s.b.f.s.DefaultListableBeanFactory     : Creating shared instance of singleton bean 'org.springframework.boot.autoconfigure.task.TaskSchedulingConfigurations$SimpleAsyncTaskSchedulerBuilderConfiguration'
2025-01-09T08:37:06.027-06:00 DEBUG 20036 --- [           main] o.s.b.f.s.DefaultListableBeanFactory     : Autowiring by type from bean name 'org.springframework.boot.autoconfigure.task.TaskSchedulingConfigurations$SimpleAsyncTaskSchedulerBuilderConfiguration' via constructor to bean named 'spring.task.scheduling-org.springframework.boot.autoconfigure.task.TaskSchedulingProperties'
2025-01-09T08:37:06.027-06:00 DEBUG 20036 --- [           main] o.s.b.f.s.DefaultListableBeanFactory     : Creating shared instance of singleton bean 'simpleAsyncTaskSchedulerBuilder'
2025-01-09T08:37:06.027-06:00 DEBUG 20036 --- [           main] o.s.b.f.s.DefaultListableBeanFactory     : Creating shared instance of singleton bean 'org.springframework.boot.autoconfigure.task.TaskSchedulingAutoConfiguration'
2025-01-09T08:37:06.027-06:00 DEBUG 20036 --- [           main] o.s.b.f.s.DefaultListableBeanFactory     : Creating shared instance of singleton bean 'org.springframework.boot.autoconfigure.jdbc.DataSourceTransactionManagerAutoConfiguration$JdbcTransactionManagerConfiguration'
2025-01-09T08:37:06.027-06:00 DEBUG 20036 --- [           main] o.s.b.f.s.DefaultListableBeanFactory     : Creating shared instance of singleton bean 'org.springframework.boot.autoconfigure.jdbc.DataSourceTransactionManagerAutoConfiguration'
2025-01-09T08:37:06.027-06:00 DEBUG 20036 --- [           main] o.s.b.f.s.DefaultListableBeanFactory     : Creating shared instance of singleton bean 'org.springframework.boot.autoconfigure.transaction.TransactionAutoConfiguration$TransactionTemplateConfiguration'
2025-01-09T08:37:06.027-06:00 DEBUG 20036 --- [           main] o.s.b.f.s.DefaultListableBeanFactory     : Creating shared instance of singleton bean 'transactionTemplate'
2025-01-09T08:37:06.027-06:00 DEBUG 20036 --- [           main] o.s.b.f.s.DefaultListableBeanFactory     : Autowiring by type from bean name 'transactionTemplate' via factory method to bean named 'transactionManager'
2025-01-09T08:37:06.028-06:00 DEBUG 20036 --- [           main] o.s.b.f.s.DefaultListableBeanFactory     : Creating shared instance of singleton bean 'org.springframework.boot.autoconfigure.transaction.TransactionAutoConfiguration'
2025-01-09T08:37:06.028-06:00 DEBUG 20036 --- [           main] o.s.b.f.s.DefaultListableBeanFactory     : Creating shared instance of singleton bean 'org.springframework.boot.autoconfigure.web.client.RestClientAutoConfiguration'
2025-01-09T08:37:06.028-06:00 DEBUG 20036 --- [           main] o.s.b.f.s.DefaultListableBeanFactory     : Creating shared instance of singleton bean 'httpMessageConvertersRestClientCustomizer'
2025-01-09T08:37:06.028-06:00 DEBUG 20036 --- [           main] o.s.b.f.s.DefaultListableBeanFactory     : Creating shared instance of singleton bean 'restClientSsl'
2025-01-09T08:37:06.028-06:00 DEBUG 20036 --- [           main] o.s.b.f.s.DefaultListableBeanFactory     : Autowiring by type from bean name 'restClientSsl' via factory method to bean named 'sslBundleRegistry'
2025-01-09T08:37:06.028-06:00 DEBUG 20036 --- [           main] o.s.b.f.s.DefaultListableBeanFactory     : Creating shared instance of singleton bean 'restClientBuilderConfigurer'
2025-01-09T08:37:06.028-06:00 DEBUG 20036 --- [           main] o.s.b.f.s.DefaultListableBeanFactory     : Creating shared instance of singleton bean 'org.springframework.boot.autoconfigure.web.client.RestTemplateAutoConfiguration'
2025-01-09T08:37:06.028-06:00 DEBUG 20036 --- [           main] o.s.b.f.s.DefaultListableBeanFactory     : Creating shared instance of singleton bean 'characterEncodingFilter'
2025-01-09T08:37:06.028-06:00 DEBUG 20036 --- [           main] o.s.b.f.s.DefaultListableBeanFactory     : Creating shared instance of singleton bean 'multipartResolver'
2025-01-09T08:37:06.028-06:00 DEBUG 20036 --- [           main] o.s.b.f.s.DefaultListableBeanFactory     : Creating shared instance of singleton bean 'eagerStompWebSocketHandlerMapping'
2025-01-09T08:37:06.029-06:00 DEBUG 20036 --- [           main] o.s.b.f.s.DefaultListableBeanFactory     : Creating shared instance of singleton bean 'org.springframework.boot.autoconfigure.websocket.servlet.WebSocketMessagingAutoConfiguration'
2025-01-09T08:37:06.031-06:00 DEBUG 20036 --- [           main] o.s.c.support.DefaultLifecycleProcessor  : Starting beans in phase -2147483647
2025-01-09T08:37:06.031-06:00 DEBUG 20036 --- [           main] o.s.c.support.DefaultLifecycleProcessor  : Successfully started bean 'springBootLoggingLifecycle'
2025-01-09T08:37:06.031-06:00 DEBUG 20036 --- [           main] o.s.c.support.DefaultLifecycleProcessor  : Starting beans in phase 0
2025-01-09T08:37:06.031-06:00 DEBUG 20036 --- [           main] o.s.c.support.DefaultLifecycleProcessor  : Starting beans in phase 2147483647
2025-01-09T08:37:06.031-06:00 DEBUG 20036 --- [           main] o.s.m.s.ExecutorSubscribableChannel      : clientOutboundChannel added SubProtocolWebSocketHandler[StompSubProtocolHandler[v10.stomp, v11.stomp, v12.stomp]]
2025-01-09T08:37:06.031-06:00 DEBUG 20036 --- [           main] o.s.c.support.DefaultLifecycleProcessor  : Successfully started bean 'subProtocolWebSocketHandler'
2025-01-09T08:37:06.031-06:00 DEBUG 20036 --- [           main] o.s.c.support.DefaultLifecycleProcessor  : Successfully started bean 'stompWebSocketHandlerMapping'
2025-01-09T08:37:06.031-06:00 DEBUG 20036 --- [           main] o.s.m.s.ExecutorSubscribableChannel      : clientInboundChannel added WebSocketAnnotationMethodMessageHandler[prefixes=[/app/]]
2025-01-09T08:37:06.031-06:00 DEBUG 20036 --- [           main] o.s.c.support.DefaultLifecycleProcessor  : Successfully started bean 'simpAnnotationMethodMessageHandler'
2025-01-09T08:37:06.031-06:00  INFO 20036 --- [           main] o.s.m.s.b.SimpleBrokerMessageHandler     : Starting...
2025-01-09T08:37:06.031-06:00 DEBUG 20036 --- [           main] o.s.m.s.ExecutorSubscribableChannel      : clientInboundChannel added SimpleBrokerMessageHandler [org.springframework.messaging.simp.broker.DefaultSubscriptionRegistry@403e8cfa]
2025-01-09T08:37:06.031-06:00 DEBUG 20036 --- [           main] o.s.m.s.ExecutorSubscribableChannel      : brokerChannel added SimpleBrokerMessageHandler [org.springframework.messaging.simp.broker.DefaultSubscriptionRegistry@403e8cfa]
2025-01-09T08:37:06.031-06:00  INFO 20036 --- [           main] o.s.m.s.b.SimpleBrokerMessageHandler     : BrokerAvailabilityEvent[available=true, SimpleBrokerMessageHandler [org.springframework.messaging.simp.broker.DefaultSubscriptionRegistry@403e8cfa]]
2025-01-09T08:37:06.031-06:00  INFO 20036 --- [           main] o.s.m.s.b.SimpleBrokerMessageHandler     : Started.
2025-01-09T08:37:06.031-06:00 DEBUG 20036 --- [           main] o.s.c.support.DefaultLifecycleProcessor  : Successfully started bean 'simpleBrokerMessageHandler'
2025-01-09T08:37:06.031-06:00 DEBUG 20036 --- [           main] o.s.m.s.ExecutorSubscribableChannel      : clientInboundChannel added UserDestinationMessageHandler[DefaultUserDestinationResolver[prefix=/user/]]
2025-01-09T08:37:06.031-06:00 DEBUG 20036 --- [           main] o.s.m.s.ExecutorSubscribableChannel      : brokerChannel added UserDestinationMessageHandler[DefaultUserDestinationResolver[prefix=/user/]]
2025-01-09T08:37:06.031-06:00 DEBUG 20036 --- [           main] o.s.c.support.DefaultLifecycleProcessor  : Successfully started bean 'userDestinationMessageHandler'
2025-01-09T08:37:06.033-06:00 DEBUG 20036 --- [           main] .s.b.a.l.ConditionEvaluationReportLogger : 


============================
CONDITIONS EVALUATION REPORT
============================


Positive matches:
-----------------

   AopAutoConfiguration matched:
      - @ConditionalOnProperty (spring.aop.auto=true) matched (OnPropertyCondition)

   AopAutoConfiguration.AspectJAutoProxyingConfiguration matched:
      - @ConditionalOnClass found required class 'org.aspectj.weaver.Advice' (OnClassCondition)

   AopAutoConfiguration.AspectJAutoProxyingConfiguration.CglibAutoProxyConfiguration matched:
      - @ConditionalOnProperty (spring.aop.proxy-target-class=true) matched (OnPropertyCondition)

   ApplicationAvailabilityAutoConfiguration#applicationAvailability matched:
      - @ConditionalOnMissingBean (types: org.springframework.boot.availability.ApplicationAvailability; SearchStrategy: all) did not find any beans (OnBeanCondition)

   DataSourceAutoConfiguration matched:
      - @ConditionalOnClass found required classes 'javax.sql.DataSource', 'org.springframework.jdbc.datasource.embedded.EmbeddedDatabaseType' (OnClassCondition)
      - @ConditionalOnMissingBean (types: io.r2dbc.spi.ConnectionFactory; SearchStrategy: all) did not find any beans (OnBeanCondition)

   DataSourceAutoConfiguration.PooledDataSourceConfiguration matched:
      - AnyNestedCondition 1 matched 1 did not; NestedCondition on DataSourceAutoConfiguration.PooledDataSourceCondition.PooledDataSourceAvailable PooledDataSource found supported DataSource; NestedCondition on DataSourceAutoConfiguration.PooledDataSourceCondition.ExplicitType @ConditionalOnProperty (spring.datasource.type) did not find property 'type' (DataSourceAutoConfiguration.PooledDataSourceCondition)
      - @ConditionalOnMissingBean (types: javax.sql.DataSource,javax.sql.XADataSource; SearchStrategy: all) did not find any beans (OnBeanCondition)

   DataSourceAutoConfiguration.PooledDataSourceConfiguration#jdbcConnectionDetails matched:
      - @ConditionalOnMissingBean (types: org.springframework.boot.autoconfigure.jdbc.JdbcConnectionDetails; SearchStrategy: all) did not find any beans (OnBeanCondition)

   DataSourceConfiguration.Hikari matched:
      - @ConditionalOnClass found required class 'com.zaxxer.hikari.HikariDataSource' (OnClassCondition)
      - @ConditionalOnProperty (spring.datasource.type=com.zaxxer.hikari.HikariDataSource) matched (OnPropertyCondition)
      - @ConditionalOnMissingBean (types: javax.sql.DataSource; SearchStrategy: all) did not find any beans (OnBeanCondition)

   DataSourceInitializationConfiguration matched:
      - @ConditionalOnClass found required class 'org.springframework.jdbc.datasource.init.DatabasePopulator' (OnClassCondition)
      - @ConditionalOnSingleCandidate (types: javax.sql.DataSource; SearchStrategy: all) found a single bean 'dataSource'; @ConditionalOnMissingBean (types: org.springframework.boot.autoconfigure.sql.init.SqlDataSourceScriptDatabaseInitializer,org.springframework.boot.autoconfigure.sql.init.SqlR2dbcScriptDatabaseInitializer; SearchStrategy: all) did not find any beans (OnBeanCondition)

   DataSourcePoolMetadataProvidersConfiguration.HikariPoolDataSourceMetadataProviderConfiguration matched:
      - @ConditionalOnClass found required class 'com.zaxxer.hikari.HikariDataSource' (OnClassCondition)

   DataSourceTransactionManagerAutoConfiguration matched:
      - @ConditionalOnClass found required classes 'org.springframework.jdbc.core.JdbcTemplate', 'org.springframework.transaction.TransactionManager' (OnClassCondition)

   DataSourceTransactionManagerAutoConfiguration.JdbcTransactionManagerConfiguration matched:
      - @ConditionalOnSingleCandidate (types: javax.sql.DataSource; SearchStrategy: all) found a single bean 'dataSource' (OnBeanCondition)

   DispatcherServletAutoConfiguration matched:
      - @ConditionalOnClass found required class 'org.springframework.web.servlet.DispatcherServlet' (OnClassCondition)
      - found 'session' scope (OnWebApplicationCondition)

   DispatcherServletAutoConfiguration.DispatcherServletConfiguration matched:
      - @ConditionalOnClass found required class 'jakarta.servlet.ServletRegistration' (OnClassCondition)
      - Default DispatcherServlet did not find dispatcher servlet beans (DispatcherServletAutoConfiguration.DefaultDispatcherServletCondition)

   DispatcherServletAutoConfiguration.DispatcherServletRegistrationConfiguration matched:
      - @ConditionalOnClass found required class 'jakarta.servlet.ServletRegistration' (OnClassCondition)
      - DispatcherServlet Registration did not find servlet registration bean (DispatcherServletAutoConfiguration.DispatcherServletRegistrationCondition)

   DispatcherServletAutoConfiguration.DispatcherServletRegistrationConfiguration#dispatcherServletRegistration matched:
      - @ConditionalOnBean (names: dispatcherServlet types: org.springframework.web.servlet.DispatcherServlet; SearchStrategy: all) found bean 'dispatcherServlet' (OnBeanCondition)

   ErrorMvcAutoConfiguration matched:
      - @ConditionalOnClass found required classes 'jakarta.servlet.Servlet', 'org.springframework.web.servlet.DispatcherServlet' (OnClassCondition)
      - found 'session' scope (OnWebApplicationCondition)

   ErrorMvcAutoConfiguration#basicErrorController matched:
      - @ConditionalOnMissingBean (types: org.springframework.boot.web.servlet.error.ErrorController; SearchStrategy: current) did not find any beans (OnBeanCondition)

   ErrorMvcAutoConfiguration#errorAttributes matched:
      - @ConditionalOnMissingBean (types: org.springframework.boot.web.servlet.error.ErrorAttributes; SearchStrategy: current) did not find any beans (OnBeanCondition)

   ErrorMvcAutoConfiguration.DefaultErrorViewResolverConfiguration#conventionErrorViewResolver matched:
      - @ConditionalOnBean (types: org.springframework.web.servlet.DispatcherServlet; SearchStrategy: all) found bean 'dispatcherServlet'; @ConditionalOnMissingBean (types: org.springframework.boot.autoconfigure.web.servlet.error.ErrorViewResolver; SearchStrategy: all) did not find any beans (OnBeanCondition)

   ErrorMvcAutoConfiguration.WhitelabelErrorViewConfiguration matched:
      - @ConditionalOnProperty (server.error.whitelabel.enabled) matched (OnPropertyCondition)
      - ErrorTemplate Missing did not find error template view (ErrorMvcAutoConfiguration.ErrorTemplateMissingCondition)

   ErrorMvcAutoConfiguration.WhitelabelErrorViewConfiguration#beanNameViewResolver matched:
      - @ConditionalOnMissingBean (types: org.springframework.web.servlet.view.BeanNameViewResolver; SearchStrategy: all) did not find any beans (OnBeanCondition)

   ErrorMvcAutoConfiguration.WhitelabelErrorViewConfiguration#defaultErrorView matched:
      - @ConditionalOnMissingBean (names: error; SearchStrategy: all) did not find any beans (OnBeanCondition)

   GenericCacheConfiguration matched:
      - Cache org.springframework.boot.autoconfigure.cache.GenericCacheConfiguration automatic cache type (CacheCondition)

   HibernateJpaAutoConfiguration matched:
      - @ConditionalOnClass found required classes 'org.springframework.orm.jpa.LocalContainerEntityManagerFactoryBean', 'jakarta.persistence.EntityManager', 'org.hibernate.engine.spi.SessionImplementor' (OnClassCondition)

   HibernateJpaConfiguration matched:
      - @ConditionalOnSingleCandidate (types: javax.sql.DataSource; SearchStrategy: all) found a single bean 'dataSource' (OnBeanCondition)

   HttpEncodingAutoConfiguration matched:
      - @ConditionalOnClass found required class 'org.springframework.web.filter.CharacterEncodingFilter' (OnClassCondition)
      - found 'session' scope (OnWebApplicationCondition)
      - @ConditionalOnProperty (server.servlet.encoding.enabled) matched (OnPropertyCondition)

   HttpEncodingAutoConfiguration#characterEncodingFilter matched:
      - @ConditionalOnMissingBean (types: org.springframework.web.filter.CharacterEncodingFilter; SearchStrategy: all) did not find any beans (OnBeanCondition)

   HttpMessageConvertersAutoConfiguration matched:
      - @ConditionalOnClass found required class 'org.springframework.http.converter.HttpMessageConverter' (OnClassCondition)
      - NoneNestedConditions 0 matched 1 did not; NestedCondition on HttpMessageConvertersAutoConfiguration.NotReactiveWebApplicationCondition.ReactiveWebApplication did not find reactive web application classes (HttpMessageConvertersAutoConfiguration.NotReactiveWebApplicationCondition)

   HttpMessageConvertersAutoConfiguration#messageConverters matched:
      - @ConditionalOnMissingBean (types: org.springframework.boot.autoconfigure.http.HttpMessageConverters; SearchStrategy: all) did not find any beans (OnBeanCondition)

   HttpMessageConvertersAutoConfiguration.StringHttpMessageConverterConfiguration matched:
      - @ConditionalOnClass found required class 'org.springframework.http.converter.StringHttpMessageConverter' (OnClassCondition)

   HttpMessageConvertersAutoConfiguration.StringHttpMessageConverterConfiguration#stringHttpMessageConverter matched:
      - @ConditionalOnMissingBean (types: org.springframework.http.converter.StringHttpMessageConverter; SearchStrategy: all) did not find any beans (OnBeanCondition)

   JacksonAutoConfiguration matched:
      - @ConditionalOnClass found required class 'com.fasterxml.jackson.databind.ObjectMapper' (OnClassCondition)

   JacksonAutoConfiguration.Jackson2ObjectMapperBuilderCustomizerConfiguration matched:
      - @ConditionalOnClass found required class 'org.springframework.http.converter.json.Jackson2ObjectMapperBuilder' (OnClassCondition)

   JacksonAutoConfiguration.JacksonObjectMapperBuilderConfiguration matched:
      - @ConditionalOnClass found required class 'org.springframework.http.converter.json.Jackson2ObjectMapperBuilder' (OnClassCondition)

   JacksonAutoConfiguration.JacksonObjectMapperBuilderConfiguration#jacksonObjectMapperBuilder matched:
      - @ConditionalOnMissingBean (types: org.springframework.http.converter.json.Jackson2ObjectMapperBuilder; SearchStrategy: all) did not find any beans (OnBeanCondition)

   JacksonAutoConfiguration.JacksonObjectMapperConfiguration matched:
      - @ConditionalOnClass found required class 'org.springframework.http.converter.json.Jackson2ObjectMapperBuilder' (OnClassCondition)

   JacksonAutoConfiguration.JacksonObjectMapperConfiguration#jacksonObjectMapper matched:
      - @ConditionalOnMissingBean (types: com.fasterxml.jackson.databind.ObjectMapper; SearchStrategy: all) did not find any beans (OnBeanCondition)

   JacksonAutoConfiguration.ParameterNamesModuleConfiguration matched:
      - @ConditionalOnClass found required class 'com.fasterxml.jackson.module.paramnames.ParameterNamesModule' (OnClassCondition)

   JacksonAutoConfiguration.ParameterNamesModuleConfiguration#parameterNamesModule matched:
      - @ConditionalOnMissingBean (types: com.fasterxml.jackson.module.paramnames.ParameterNamesModule; SearchStrategy: all) did not find any beans (OnBeanCondition)

   JacksonHttpMessageConvertersConfiguration.MappingJackson2HttpMessageConverterConfiguration matched:
      - @ConditionalOnClass found required class 'com.fasterxml.jackson.databind.ObjectMapper' (OnClassCondition)
      - @ConditionalOnProperty (spring.mvc.converters.preferred-json-mapper=jackson) matched (OnPropertyCondition)
      - @ConditionalOnBean (types: com.fasterxml.jackson.databind.ObjectMapper; SearchStrategy: all) found bean 'jacksonObjectMapper' (OnBeanCondition)

   JacksonHttpMessageConvertersConfiguration.MappingJackson2HttpMessageConverterConfiguration#mappingJackson2HttpMessageConverter matched:
      - @ConditionalOnMissingBean (types: org.springframework.http.converter.json.MappingJackson2HttpMessageConverter ignored: org.springframework.hateoas.server.mvc.TypeConstrainedMappingJackson2HttpMessageConverter,org.springframework.data.rest.webmvc.alps.AlpsJsonHttpMessageConverter; SearchStrategy: all) did not find any beans (OnBeanCondition)

   JdbcClientAutoConfiguration matched:
      - @ConditionalOnSingleCandidate (types: org.springframework.jdbc.core.namedparam.NamedParameterJdbcTemplate; SearchStrategy: all) found a single bean 'namedParameterJdbcTemplate'; @ConditionalOnMissingBean (types: org.springframework.jdbc.core.simple.JdbcClient; SearchStrategy: all) did not find any beans (OnBeanCondition)

   JdbcTemplateAutoConfiguration matched:
      - @ConditionalOnClass found required classes 'javax.sql.DataSource', 'org.springframework.jdbc.core.JdbcTemplate' (OnClassCondition)
      - @ConditionalOnSingleCandidate (types: javax.sql.DataSource; SearchStrategy: all) found a single bean 'dataSource' (OnBeanCondition)

   JdbcTemplateConfiguration matched:
      - @ConditionalOnMissingBean (types: org.springframework.jdbc.core.JdbcOperations; SearchStrategy: all) did not find any beans (OnBeanCondition)

   JpaBaseConfiguration#entityManagerFactory matched:
      - @ConditionalOnMissingBean (types: org.springframework.orm.jpa.LocalContainerEntityManagerFactoryBean,jakarta.persistence.EntityManagerFactory; SearchStrategy: all) did not find any beans (OnBeanCondition)

   JpaBaseConfiguration#entityManagerFactoryBuilder matched:
      - @ConditionalOnMissingBean (types: org.springframework.boot.orm.jpa.EntityManagerFactoryBuilder; SearchStrategy: all) did not find any beans (OnBeanCondition)

   JpaBaseConfiguration#jpaVendorAdapter matched:
      - @ConditionalOnMissingBean (types: org.springframework.orm.jpa.JpaVendorAdapter; SearchStrategy: all) did not find any beans (OnBeanCondition)

   JpaBaseConfiguration#transactionManager matched:
      - @ConditionalOnMissingBean (types: org.springframework.transaction.TransactionManager; SearchStrategy: all) did not find any beans (OnBeanCondition)

   JpaBaseConfiguration.JpaWebConfiguration matched:
      - @ConditionalOnClass found required class 'org.springframework.web.servlet.config.annotation.WebMvcConfigurer' (OnClassCondition)
      - found 'session' scope (OnWebApplicationCondition)
      - @ConditionalOnProperty (spring.jpa.open-in-view=true) matched (OnPropertyCondition)
      - @ConditionalOnMissingBean (types: org.springframework.orm.jpa.support.OpenEntityManagerInViewInterceptor,org.springframework.orm.jpa.support.OpenEntityManagerInViewFilter; SearchStrategy: all) did not find any beans (OnBeanCondition)

   JpaBaseConfiguration.PersistenceManagedTypesConfiguration matched:
      - @ConditionalOnMissingBean (types: org.springframework.orm.jpa.LocalContainerEntityManagerFactoryBean,jakarta.persistence.EntityManagerFactory; SearchStrategy: all) did not find any beans (OnBeanCondition)

   JpaBaseConfiguration.PersistenceManagedTypesConfiguration#persistenceManagedTypes matched:
      - @ConditionalOnMissingBean (types: org.springframework.orm.jpa.persistenceunit.PersistenceManagedTypes; SearchStrategy: all) did not find any beans (OnBeanCondition)

   JtaAutoConfiguration matched:
      - @ConditionalOnClass found required class 'jakarta.transaction.Transaction' (OnClassCondition)
      - @ConditionalOnProperty (spring.jta.enabled) matched (OnPropertyCondition)

   LettuceConnectionConfiguration matched:
      - @ConditionalOnClass found required class 'io.lettuce.core.RedisClient' (OnClassCondition)
      - @ConditionalOnProperty (spring.data.redis.client-type=lettuce) matched (OnPropertyCondition)

   LettuceConnectionConfiguration#lettuceClientResources matched:
      - @ConditionalOnMissingBean (types: io.lettuce.core.resource.ClientResources; SearchStrategy: all) did not find any beans (OnBeanCondition)

   LettuceConnectionConfiguration#redisConnectionFactory matched:
      - @ConditionalOnMissingBean (types: org.springframework.data.redis.connection.RedisConnectionFactory; SearchStrategy: all) did not find any beans (OnBeanCondition)
      - @ConditionalOnThreading found PLATFORM (OnThreadingCondition)

   LifecycleAutoConfiguration#defaultLifecycleProcessor matched:
      - @ConditionalOnMissingBean (names: lifecycleProcessor; SearchStrategy: current) did not find any beans (OnBeanCondition)

   MultipartAutoConfiguration matched:
      - @ConditionalOnClass found required classes 'jakarta.servlet.Servlet', 'org.springframework.web.multipart.support.StandardServletMultipartResolver', 'jakarta.servlet.MultipartConfigElement' (OnClassCondition)
      - found 'session' scope (OnWebApplicationCondition)
      - @ConditionalOnProperty (spring.servlet.multipart.enabled) matched (OnPropertyCondition)

   MultipartAutoConfiguration#multipartConfigElement matched:
      - @ConditionalOnMissingBean (types: jakarta.servlet.MultipartConfigElement; SearchStrategy: all) did not find any beans (OnBeanCondition)

   MultipartAutoConfiguration#multipartResolver matched:
      - @ConditionalOnMissingBean (types: org.springframework.web.multipart.MultipartResolver; SearchStrategy: all) did not find any beans (OnBeanCondition)

   NamedParameterJdbcTemplateConfiguration matched:
      - @ConditionalOnSingleCandidate (types: org.springframework.jdbc.core.JdbcTemplate; SearchStrategy: all) found a single bean 'jdbcTemplate'; @ConditionalOnMissingBean (types: org.springframework.jdbc.core.namedparam.NamedParameterJdbcOperations; SearchStrategy: all) did not find any beans (OnBeanCondition)

   NettyAutoConfiguration matched:
      - @ConditionalOnClass found required class 'io.netty.util.NettyRuntime' (OnClassCondition)

   NoOpCacheConfiguration matched:
      - Cache org.springframework.boot.autoconfigure.cache.NoOpCacheConfiguration automatic cache type (CacheCondition)

   PersistenceExceptionTranslationAutoConfiguration matched:
      - @ConditionalOnClass found required class 'org.springframework.dao.annotation.PersistenceExceptionTranslationPostProcessor' (OnClassCondition)

   PersistenceExceptionTranslationAutoConfiguration#persistenceExceptionTranslationPostProcessor matched:
      - @ConditionalOnProperty (spring.dao.exceptiontranslation.enabled) matched (OnPropertyCondition)
      - @ConditionalOnMissingBean (types: org.springframework.dao.annotation.PersistenceExceptionTranslationPostProcessor; SearchStrategy: all) did not find any beans (OnBeanCondition)

   PropertyPlaceholderAutoConfiguration#propertySourcesPlaceholderConfigurer matched:
      - @ConditionalOnMissingBean (types: org.springframework.context.support.PropertySourcesPlaceholderConfigurer; SearchStrategy: current) did not find any beans (OnBeanCondition)

   ReactorAutoConfiguration matched:
      - @ConditionalOnClass found required class 'reactor.core.publisher.Hooks' (OnClassCondition)

   RedisAutoConfiguration matched:
      - @ConditionalOnClass found required class 'org.springframework.data.redis.core.RedisOperations' (OnClassCondition)

   RedisAutoConfiguration#redisConnectionDetails matched:
      - @ConditionalOnMissingBean (types: org.springframework.boot.autoconfigure.data.redis.RedisConnectionDetails; SearchStrategy: all) did not find any beans (OnBeanCondition)

   RedisAutoConfiguration#redisTemplate matched:
      - @ConditionalOnSingleCandidate (types: org.springframework.data.redis.connection.RedisConnectionFactory; SearchStrategy: all) found a single bean 'redisConnectionFactory'; @ConditionalOnMissingBean (names: redisTemplate; SearchStrategy: all) did not find any beans (OnBeanCondition)

   RedisAutoConfiguration#stringRedisTemplate matched:
      - @ConditionalOnSingleCandidate (types: org.springframework.data.redis.connection.RedisConnectionFactory; SearchStrategy: all) found a single bean 'redisConnectionFactory'; @ConditionalOnMissingBean (types: org.springframework.data.redis.core.StringRedisTemplate; SearchStrategy: all) did not find any beans (OnBeanCondition)

   RedisCacheConfiguration matched:
      - @ConditionalOnClass found required class 'org.springframework.data.redis.connection.RedisConnectionFactory' (OnClassCondition)
      - Cache org.springframework.boot.autoconfigure.cache.RedisCacheConfiguration automatic cache type (CacheCondition)

   RedisReactiveAutoConfiguration matched:
      - @ConditionalOnClass found required classes 'org.springframework.data.redis.connection.ReactiveRedisConnectionFactory', 'org.springframework.data.redis.core.ReactiveRedisTemplate', 'reactor.core.publisher.Flux' (OnClassCondition)

   RedisReactiveAutoConfiguration#reactiveRedisTemplate matched:
      - @ConditionalOnBean (types: org.springframework.data.redis.connection.ReactiveRedisConnectionFactory; SearchStrategy: all) found bean 'redisConnectionFactory'; @ConditionalOnMissingBean (names: reactiveRedisTemplate; SearchStrategy: all) did not find any beans (OnBeanCondition)

   RedisReactiveAutoConfiguration#reactiveStringRedisTemplate matched:
      - @ConditionalOnBean (types: org.springframework.data.redis.connection.ReactiveRedisConnectionFactory; SearchStrategy: all) found bean 'redisConnectionFactory'; @ConditionalOnMissingBean (names: reactiveStringRedisTemplate; SearchStrategy: all) did not find any beans (OnBeanCondition)

   RedisRepositoriesAutoConfiguration matched:
      - @ConditionalOnClass found required class 'org.springframework.data.redis.repository.configuration.EnableRedisRepositories' (OnClassCondition)
      - @ConditionalOnProperty (spring.data.redis.repositories.enabled=true) matched (OnPropertyCondition)
      - @ConditionalOnBean (types: org.springframework.data.redis.connection.RedisConnectionFactory; SearchStrategy: all) found bean 'redisConnectionFactory'; @ConditionalOnMissingBean (types: org.springframework.data.redis.repository.support.RedisRepositoryFactoryBean; SearchStrategy: all) did not find any beans (OnBeanCondition)

   RestClientAutoConfiguration matched:
      - @ConditionalOnClass found required class 'org.springframework.web.client.RestClient' (OnClassCondition)
      - NoneNestedConditions 0 matched 1 did not; NestedCondition on NotReactiveWebApplicationCondition.ReactiveWebApplication did not find reactive web application classes (NotReactiveWebApplicationCondition)

   RestClientAutoConfiguration#httpMessageConvertersRestClientCustomizer matched:
      - @ConditionalOnMissingBean (types: org.springframework.boot.autoconfigure.web.client.HttpMessageConvertersRestClientCustomizer; SearchStrategy: all) did not find any beans (OnBeanCondition)

   RestClientAutoConfiguration#restClientBuilder matched:
      - @ConditionalOnMissingBean (types: org.springframework.web.client.RestClient$Builder; SearchStrategy: all) did not find any beans (OnBeanCondition)

   RestClientAutoConfiguration#restClientBuilderConfigurer matched:
      - @ConditionalOnMissingBean (types: org.springframework.boot.autoconfigure.web.client.RestClientBuilderConfigurer; SearchStrategy: all) did not find any beans (OnBeanCondition)

   RestClientAutoConfiguration#restClientSsl matched:
      - @ConditionalOnBean (types: org.springframework.boot.ssl.SslBundles; SearchStrategy: all) found bean 'sslBundleRegistry'; @ConditionalOnMissingBean (types: org.springframework.boot.autoconfigure.web.client.RestClientSsl; SearchStrategy: all) did not find any beans (OnBeanCondition)

   RestTemplateAutoConfiguration matched:
      - @ConditionalOnClass found required class 'org.springframework.web.client.RestTemplate' (OnClassCondition)
      - NoneNestedConditions 0 matched 1 did not; NestedCondition on NotReactiveWebApplicationCondition.ReactiveWebApplication did not find reactive web application classes (NotReactiveWebApplicationCondition)

   RestTemplateAutoConfiguration#restTemplateBuilder matched:
      - @ConditionalOnMissingBean (types: org.springframework.boot.web.client.RestTemplateBuilder; SearchStrategy: all) did not find any beans (OnBeanCondition)

   SecurityAutoConfiguration matched:
      - @ConditionalOnClass found required class 'org.springframework.security.authentication.DefaultAuthenticationEventPublisher' (OnClassCondition)

   SecurityAutoConfiguration#authenticationEventPublisher matched:
      - @ConditionalOnMissingBean (types: org.springframework.security.authentication.AuthenticationEventPublisher; SearchStrategy: all) did not find any beans (OnBeanCondition)

   SecurityFilterAutoConfiguration matched:
      - @ConditionalOnClass found required classes 'org.springframework.security.web.context.AbstractSecurityWebApplicationInitializer', 'org.springframework.security.config.http.SessionCreationPolicy' (OnClassCondition)
      - found 'session' scope (OnWebApplicationCondition)

   SecurityFilterAutoConfiguration#securityFilterChainRegistration matched:
      - @ConditionalOnBean (names: springSecurityFilterChain; SearchStrategy: all) found bean 'springSecurityFilterChain' (OnBeanCondition)

   ServletWebServerFactoryAutoConfiguration matched:
      - @ConditionalOnClass found required class 'jakarta.servlet.ServletRequest' (OnClassCondition)
      - found 'session' scope (OnWebApplicationCondition)

   ServletWebServerFactoryAutoConfiguration#tomcatServletWebServerFactoryCustomizer matched:
      - @ConditionalOnClass found required class 'org.apache.catalina.startup.Tomcat' (OnClassCondition)

   ServletWebServerFactoryConfiguration.EmbeddedTomcat matched:
      - @ConditionalOnClass found required classes 'jakarta.servlet.Servlet', 'org.apache.catalina.startup.Tomcat', 'org.apache.coyote.UpgradeProtocol' (OnClassCondition)
      - @ConditionalOnMissingBean (types: org.springframework.boot.web.servlet.server.ServletWebServerFactory; SearchStrategy: current) did not find any beans (OnBeanCondition)

   SimpleCacheConfiguration matched:
      - Cache org.springframework.boot.autoconfigure.cache.SimpleCacheConfiguration automatic cache type (CacheCondition)

   SpringBootWebSecurityConfiguration matched:
      - found 'session' scope (OnWebApplicationCondition)

   SpringDataWebAutoConfiguration matched:
      - @ConditionalOnClass found required classes 'org.springframework.data.web.PageableHandlerMethodArgumentResolver', 'org.springframework.web.servlet.config.annotation.WebMvcConfigurer' (OnClassCondition)
      - found 'session' scope (OnWebApplicationCondition)
      - @ConditionalOnMissingBean (types: org.springframework.data.web.PageableHandlerMethodArgumentResolver; SearchStrategy: all) did not find any beans (OnBeanCondition)

   SpringDataWebAutoConfiguration#pageableCustomizer matched:
      - @ConditionalOnMissingBean (types: org.springframework.data.web.config.PageableHandlerMethodArgumentResolverCustomizer; SearchStrategy: all) did not find any beans (OnBeanCondition)

   SpringDataWebAutoConfiguration#sortCustomizer matched:
      - @ConditionalOnMissingBean (types: org.springframework.data.web.config.SortHandlerMethodArgumentResolverCustomizer; SearchStrategy: all) did not find any beans (OnBeanCondition)

   SqlInitializationAutoConfiguration matched:
      - @ConditionalOnProperty (spring.sql.init.enabled) matched (OnPropertyCondition)
      - NoneNestedConditions 0 matched 1 did not; NestedCondition on SqlInitializationAutoConfiguration.SqlInitializationModeCondition.ModeIsNever @ConditionalOnProperty (spring.sql.init.mode=never) found different value in property 'mode' (SqlInitializationAutoConfiguration.SqlInitializationModeCondition)

   SslAutoConfiguration#sslBundleRegistry matched:
      - @ConditionalOnMissingBean (types: org.springframework.boot.ssl.SslBundleRegistry,org.springframework.boot.ssl.SslBundles; SearchStrategy: all) did not find any beans (OnBeanCondition)

   TaskExecutionAutoConfiguration matched:
      - @ConditionalOnClass found required class 'org.springframework.scheduling.concurrent.ThreadPoolTaskExecutor' (OnClassCondition)

   TaskExecutorConfigurations.SimpleAsyncTaskExecutorBuilderConfiguration#simpleAsyncTaskExecutorBuilder matched:
      - @ConditionalOnMissingBean (types: org.springframework.boot.task.SimpleAsyncTaskExecutorBuilder; SearchStrategy: all) did not find any beans (OnBeanCondition)
      - @ConditionalOnThreading found PLATFORM (OnThreadingCondition)

   TaskExecutorConfigurations.TaskExecutorBuilderConfiguration#taskExecutorBuilder matched:
      - @ConditionalOnMissingBean (types: org.springframework.boot.task.TaskExecutorBuilder; SearchStrategy: all) did not find any beans (OnBeanCondition)

   TaskExecutorConfigurations.ThreadPoolTaskExecutorBuilderConfiguration#threadPoolTaskExecutorBuilder matched:
      - @ConditionalOnMissingBean (types: org.springframework.boot.task.TaskExecutorBuilder,org.springframework.boot.task.ThreadPoolTaskExecutorBuilder; SearchStrategy: all) did not find any beans (OnBeanCondition)

   TaskSchedulingAutoConfiguration matched:
      - @ConditionalOnClass found required class 'org.springframework.scheduling.concurrent.ThreadPoolTaskScheduler' (OnClassCondition)

   TaskSchedulingConfigurations.SimpleAsyncTaskSchedulerBuilderConfiguration#simpleAsyncTaskSchedulerBuilder matched:
      - @ConditionalOnMissingBean (types: org.springframework.boot.task.SimpleAsyncTaskSchedulerBuilder; SearchStrategy: all) did not find any beans (OnBeanCondition)
      - @ConditionalOnThreading found PLATFORM (OnThreadingCondition)

   TaskSchedulingConfigurations.TaskSchedulerBuilderConfiguration#taskSchedulerBuilder matched:
      - @ConditionalOnMissingBean (types: org.springframework.boot.task.TaskSchedulerBuilder; SearchStrategy: all) did not find any beans (OnBeanCondition)

   TaskSchedulingConfigurations.ThreadPoolTaskSchedulerBuilderConfiguration#threadPoolTaskSchedulerBuilder matched:
      - @ConditionalOnMissingBean (types: org.springframework.boot.task.TaskSchedulerBuilder,org.springframework.boot.task.ThreadPoolTaskSchedulerBuilder; SearchStrategy: all) did not find any beans (OnBeanCondition)

   TransactionAutoConfiguration matched:
      - @ConditionalOnClass found required class 'org.springframework.transaction.PlatformTransactionManager' (OnClassCondition)

   TransactionAutoConfiguration.TransactionTemplateConfiguration matched:
      - @ConditionalOnSingleCandidate (types: org.springframework.transaction.PlatformTransactionManager; SearchStrategy: all) found a single bean 'transactionManager' (OnBeanCondition)

   TransactionAutoConfiguration.TransactionTemplateConfiguration#transactionTemplate matched:
      - @ConditionalOnMissingBean (types: org.springframework.transaction.support.TransactionOperations; SearchStrategy: all) did not find any beans (OnBeanCondition)

   TransactionManagerCustomizationAutoConfiguration matched:
      - @ConditionalOnClass found required class 'org.springframework.transaction.PlatformTransactionManager' (OnClassCondition)

   TransactionManagerCustomizationAutoConfiguration#platformTransactionManagerCustomizers matched:
      - @ConditionalOnMissingBean (types: org.springframework.boot.autoconfigure.transaction.TransactionManagerCustomizers; SearchStrategy: all) did not find any beans (OnBeanCondition)

   ValidationAutoConfiguration matched:
      - @ConditionalOnClass found required class 'jakarta.validation.executable.ExecutableValidator' (OnClassCondition)
      - @ConditionalOnResource found location classpath:META-INF/services/jakarta.validation.spi.ValidationProvider (OnResourceCondition)

   ValidationAutoConfiguration#defaultValidator matched:
      - @ConditionalOnMissingBean (types: jakarta.validation.Validator; SearchStrategy: all) did not find any beans (OnBeanCondition)

   ValidationAutoConfiguration#methodValidationPostProcessor matched:
      - @ConditionalOnMissingBean (types: org.springframework.validation.beanvalidation.MethodValidationPostProcessor; SearchStrategy: current) did not find any beans (OnBeanCondition)

   WebMvcAutoConfiguration matched:
      - @ConditionalOnClass found required classes 'jakarta.servlet.Servlet', 'org.springframework.web.servlet.DispatcherServlet', 'org.springframework.web.servlet.config.annotation.WebMvcConfigurer' (OnClassCondition)
      - found 'session' scope (OnWebApplicationCondition)
      - @ConditionalOnMissingBean (types: org.springframework.web.servlet.config.annotation.WebMvcConfigurationSupport; SearchStrategy: all) did not find any beans (OnBeanCondition)

   WebMvcAutoConfiguration#formContentFilter matched:
      - @ConditionalOnProperty (spring.mvc.formcontent.filter.enabled) matched (OnPropertyCondition)
      - @ConditionalOnMissingBean (types: org.springframework.web.filter.FormContentFilter; SearchStrategy: all) did not find any beans (OnBeanCondition)

   WebMvcAutoConfiguration.EnableWebMvcConfiguration#flashMapManager matched:
      - @ConditionalOnMissingBean (names: flashMapManager; SearchStrategy: all) did not find any beans (OnBeanCondition)

   WebMvcAutoConfiguration.EnableWebMvcConfiguration#localeResolver matched:
      - @ConditionalOnMissingBean (names: localeResolver; SearchStrategy: all) did not find any beans (OnBeanCondition)

   WebMvcAutoConfiguration.EnableWebMvcConfiguration#themeResolver matched:
      - @ConditionalOnMissingBean (names: themeResolver; SearchStrategy: all) did not find any beans (OnBeanCondition)

   WebMvcAutoConfiguration.WebMvcAutoConfigurationAdapter#defaultViewResolver matched:
      - @ConditionalOnMissingBean (types: org.springframework.web.servlet.view.InternalResourceViewResolver; SearchStrategy: all) did not find any beans (OnBeanCondition)

   WebMvcAutoConfiguration.WebMvcAutoConfigurationAdapter#requestContextFilter matched:
      - @ConditionalOnMissingBean (types: org.springframework.web.context.request.RequestContextListener,org.springframework.web.filter.RequestContextFilter; SearchStrategy: all) did not find any beans (OnBeanCondition)

   WebMvcAutoConfiguration.WebMvcAutoConfigurationAdapter#viewResolver matched:
      - @ConditionalOnBean (types: org.springframework.web.servlet.ViewResolver; SearchStrategy: all) found beans 'defaultViewResolver', 'beanNameViewResolver', 'mvcViewResolver'; @ConditionalOnMissingBean (names: viewResolver types: org.springframework.web.servlet.view.ContentNegotiatingViewResolver; SearchStrategy: all) did not find any beans (OnBeanCondition)

   WebSocketMessagingAutoConfiguration matched:
      - @ConditionalOnClass found required class 'org.springframework.web.socket.config.annotation.WebSocketMessageBrokerConfigurer' (OnClassCondition)
      - found 'session' scope (OnWebApplicationCondition)

   WebSocketMessagingAutoConfiguration.WebSocketMessageConverterConfiguration matched:
      - @ConditionalOnClass found required classes 'com.fasterxml.jackson.databind.ObjectMapper', 'org.springframework.messaging.simp.config.AbstractMessageBrokerConfiguration' (OnClassCondition)
      - @ConditionalOnBean (types: org.springframework.web.socket.config.annotation.DelegatingWebSocketMessageBrokerConfiguration,com.fasterxml.jackson.databind.ObjectMapper; SearchStrategy: all) found beans 'jacksonObjectMapper', 'org.springframework.web.socket.config.annotation.DelegatingWebSocketMessageBrokerConfiguration' (OnBeanCondition)

   WebSocketServletAutoConfiguration matched:
      - @ConditionalOnClass found required classes 'jakarta.servlet.Servlet', 'jakarta.websocket.server.ServerContainer' (OnClassCondition)
      - found 'session' scope (OnWebApplicationCondition)

   WebSocketServletAutoConfiguration.TomcatWebSocketConfiguration matched:
      - @ConditionalOnClass found required classes 'org.apache.catalina.startup.Tomcat', 'org.apache.tomcat.websocket.server.WsSci' (OnClassCondition)

   WebSocketServletAutoConfiguration.TomcatWebSocketConfiguration#websocketServletWebServerCustomizer matched:
      - @ConditionalOnMissingBean (names: websocketServletWebServerCustomizer; SearchStrategy: all) did not find any beans (OnBeanCondition)


Negative matches:
-----------------

   ActiveMQAutoConfiguration:
      Did not match:
         - @ConditionalOnClass did not find required class 'jakarta.jms.ConnectionFactory' (OnClassCondition)

   AopAutoConfiguration.AspectJAutoProxyingConfiguration.JdkDynamicAutoProxyConfiguration:
      Did not match:
         - @ConditionalOnProperty (spring.aop.proxy-target-class=false) did not find property 'proxy-target-class' (OnPropertyCondition)

   AopAutoConfiguration.ClassProxyingConfiguration:
      Did not match:
         - @ConditionalOnMissingClass found unwanted class 'org.aspectj.weaver.Advice' (OnClassCondition)

   ArtemisAutoConfiguration:
      Did not match:
         - @ConditionalOnClass did not find required class 'jakarta.jms.ConnectionFactory' (OnClassCondition)

   BatchAutoConfiguration:
      Did not match:
         - @ConditionalOnClass did not find required class 'org.springframework.batch.core.launch.JobLauncher' (OnClassCondition)

   Cache2kCacheConfiguration:
      Did not match:
         - @ConditionalOnClass did not find required class 'org.cache2k.Cache2kBuilder' (OnClassCondition)

   CacheAutoConfiguration:
      Did not match:
         - @ConditionalOnBean (types: org.springframework.cache.interceptor.CacheAspectSupport; SearchStrategy: all) did not find any beans of type org.springframework.cache.interceptor.CacheAspectSupport (OnBeanCondition)
      Matched:
         - @ConditionalOnClass found required class 'org.springframework.cache.CacheManager' (OnClassCondition)

   CacheAutoConfiguration.CacheManagerEntityManagerFactoryDependsOnPostProcessor:
      Did not match:
         - Ancestor org.springframework.boot.autoconfigure.cache.CacheAutoConfiguration did not match (ConditionEvaluationReport.AncestorsMatchedCondition)
      Matched:
         - @ConditionalOnClass found required class 'org.springframework.orm.jpa.LocalContainerEntityManagerFactoryBean' (OnClassCondition)

   CaffeineCacheConfiguration:
      Did not match:
         - @ConditionalOnClass did not find required class 'com.github.benmanes.caffeine.cache.Caffeine' (OnClassCondition)

   CassandraAutoConfiguration:
      Did not match:
         - @ConditionalOnClass did not find required class 'com.datastax.oss.driver.api.core.CqlSession' (OnClassCondition)

   CassandraDataAutoConfiguration:
      Did not match:
         - @ConditionalOnClass did not find required class 'com.datastax.oss.driver.api.core.CqlSession' (OnClassCondition)

   CassandraReactiveDataAutoConfiguration:
      Did not match:
         - @ConditionalOnClass did not find required class 'com.datastax.oss.driver.api.core.CqlSession' (OnClassCondition)

   CassandraReactiveRepositoriesAutoConfiguration:
      Did not match:
         - @ConditionalOnClass did not find required class 'org.springframework.data.cassandra.ReactiveSession' (OnClassCondition)

   CassandraRepositoriesAutoConfiguration:
      Did not match:
         - @ConditionalOnClass did not find required class 'com.datastax.oss.driver.api.core.CqlSession' (OnClassCondition)

   ClientHttpConnectorAutoConfiguration:
      Did not match:
         - @ConditionalOnClass did not find required class 'org.springframework.web.reactive.function.client.WebClient' (OnClassCondition)

   CodecsAutoConfiguration:
      Did not match:
         - @ConditionalOnClass did not find required class 'org.springframework.web.reactive.function.client.WebClient' (OnClassCondition)

   CouchbaseAutoConfiguration:
      Did not match:
         - @ConditionalOnClass did not find required class 'com.couchbase.client.java.Cluster' (OnClassCondition)

   CouchbaseCacheConfiguration:
      Did not match:
         - @ConditionalOnClass did not find required class 'com.couchbase.client.java.Cluster' (OnClassCondition)

   CouchbaseDataAutoConfiguration:
      Did not match:
         - @ConditionalOnClass did not find required class 'com.couchbase.client.java.Bucket' (OnClassCondition)

   CouchbaseReactiveDataAutoConfiguration:
      Did not match:
         - @ConditionalOnClass did not find required class 'com.couchbase.client.java.Cluster' (OnClassCondition)

   CouchbaseReactiveRepositoriesAutoConfiguration:
      Did not match:
         - @ConditionalOnClass did not find required class 'com.couchbase.client.java.Cluster' (OnClassCondition)

   CouchbaseRepositoriesAutoConfiguration:
      Did not match:
         - @ConditionalOnClass did not find required class 'com.couchbase.client.java.Bucket' (OnClassCondition)

   DataSourceAutoConfiguration.EmbeddedDatabaseConfiguration:
      Did not match:
         - EmbeddedDataSource spring.datasource.url is set (DataSourceAutoConfiguration.EmbeddedDatabaseCondition)

   DataSourceCheckpointRestoreConfiguration:
      Did not match:
         - @ConditionalOnClass did not find required class 'org.crac.Resource' (OnClassCondition)

   DataSourceConfiguration.Dbcp2:
      Did not match:
         - @ConditionalOnClass did not find required class 'org.apache.commons.dbcp2.BasicDataSource' (OnClassCondition)

   DataSourceConfiguration.Generic:
      Did not match:
         - @ConditionalOnProperty (spring.datasource.type) did not find property 'spring.datasource.type' (OnPropertyCondition)

   DataSourceConfiguration.OracleUcp:
      Did not match:
         - @ConditionalOnClass did not find required classes 'oracle.ucp.jdbc.PoolDataSourceImpl', 'oracle.jdbc.OracleConnection' (OnClassCondition)

   DataSourceConfiguration.Tomcat:
      Did not match:
         - @ConditionalOnClass did not find required class 'org.apache.tomcat.jdbc.pool.DataSource' (OnClassCondition)

   DataSourceJmxConfiguration:
      Did not match:
         - @ConditionalOnProperty (spring.jmx.enabled=true) found different value in property 'enabled' (OnPropertyCondition)

   DataSourcePoolMetadataProvidersConfiguration.CommonsDbcp2PoolDataSourceMetadataProviderConfiguration:
      Did not match:
         - @ConditionalOnClass did not find required class 'org.apache.commons.dbcp2.BasicDataSource' (OnClassCondition)

   DataSourcePoolMetadataProvidersConfiguration.OracleUcpPoolDataSourceMetadataProviderConfiguration:
      Did not match:
         - @ConditionalOnClass did not find required classes 'oracle.ucp.jdbc.PoolDataSource', 'oracle.jdbc.OracleConnection' (OnClassCondition)

   DataSourcePoolMetadataProvidersConfiguration.TomcatDataSourcePoolMetadataProviderConfiguration:
      Did not match:
         - @ConditionalOnClass did not find required class 'org.apache.tomcat.jdbc.pool.DataSource' (OnClassCondition)

   DataSourceTransactionManagerAutoConfiguration.JdbcTransactionManagerConfiguration#transactionManager:
      Did not match:
         - @ConditionalOnMissingBean (types: org.springframework.transaction.TransactionManager; SearchStrategy: all) found beans of type 'org.springframework.transaction.TransactionManager' transactionManager (OnBeanCondition)

   DispatcherServletAutoConfiguration.DispatcherServletConfiguration#multipartResolver:
      Did not match:
         - @ConditionalOnBean (types: org.springframework.web.multipart.MultipartResolver; SearchStrategy: all) did not find any beans of type org.springframework.web.multipart.MultipartResolver (OnBeanCondition)

   ElasticsearchClientAutoConfiguration:
      Did not match:
         - @ConditionalOnClass did not find required class 'co.elastic.clients.elasticsearch.ElasticsearchClient' (OnClassCondition)

   ElasticsearchDataAutoConfiguration:
      Did not match:
         - @ConditionalOnClass did not find required class 'org.springframework.data.elasticsearch.client.elc.ElasticsearchTemplate' (OnClassCondition)

   ElasticsearchRepositoriesAutoConfiguration:
      Did not match:
         - @ConditionalOnClass did not find required class 'org.springframework.data.elasticsearch.repository.ElasticsearchRepository' (OnClassCondition)

   ElasticsearchRestClientAutoConfiguration:
      Did not match:
         - @ConditionalOnClass did not find required class 'org.elasticsearch.client.RestClientBuilder' (OnClassCondition)

   EmbeddedLdapAutoConfiguration:
      Did not match:
         - @ConditionalOnClass did not find required class 'com.unboundid.ldap.listener.InMemoryDirectoryServer' (OnClassCondition)

   EmbeddedWebServerFactoryCustomizerAutoConfiguration:
      Did not match:
         - Application is deployed as a WAR file. (OnWarDeploymentCondition)
      Matched:
         - @ConditionalOnWebApplication (required) found 'session' scope (OnWebApplicationCondition)

   ErrorWebFluxAutoConfiguration:
      Did not match:
         - @ConditionalOnClass did not find required class 'org.springframework.web.reactive.config.WebFluxConfigurer' (OnClassCondition)

   FlywayAutoConfiguration:
      Did not match:
         - @ConditionalOnClass did not find required class 'org.flywaydb.core.Flyway' (OnClassCondition)

   FreeMarkerAutoConfiguration:
      Did not match:
         - @ConditionalOnClass did not find required class 'freemarker.template.Configuration' (OnClassCondition)

   GraphQlAutoConfiguration:
      Did not match:
         - @ConditionalOnClass did not find required class 'graphql.GraphQL' (OnClassCondition)

   GraphQlQueryByExampleAutoConfiguration:
      Did not match:
         - @ConditionalOnClass did not find required class 'graphql.GraphQL' (OnClassCondition)

   GraphQlQuerydslAutoConfiguration:
      Did not match:
         - @ConditionalOnClass did not find required class 'com.querydsl.core.Query' (OnClassCondition)

   GraphQlRSocketAutoConfiguration:
      Did not match:
         - @ConditionalOnClass did not find required class 'graphql.GraphQL' (OnClassCondition)

   GraphQlReactiveQueryByExampleAutoConfiguration:
      Did not match:
         - @ConditionalOnClass did not find required class 'graphql.GraphQL' (OnClassCondition)

   GraphQlReactiveQuerydslAutoConfiguration:
      Did not match:
         - @ConditionalOnClass did not find required class 'com.querydsl.core.Query' (OnClassCondition)

   GraphQlWebFluxAutoConfiguration:
      Did not match:
         - @ConditionalOnClass did not find required class 'graphql.GraphQL' (OnClassCondition)

   GraphQlWebFluxSecurityAutoConfiguration:
      Did not match:
         - @ConditionalOnClass did not find required class 'graphql.GraphQL' (OnClassCondition)

   GraphQlWebMvcAutoConfiguration:
      Did not match:
         - @ConditionalOnClass did not find required class 'graphql.GraphQL' (OnClassCondition)

   GraphQlWebMvcSecurityAutoConfiguration:
      Did not match:
         - @ConditionalOnClass did not find required class 'graphql.GraphQL' (OnClassCondition)

   GroovyTemplateAutoConfiguration:
      Did not match:
         - @ConditionalOnClass did not find required class 'groovy.text.markup.MarkupTemplateEngine' (OnClassCondition)

   GsonAutoConfiguration:
      Did not match:
         - @ConditionalOnClass did not find required class 'com.google.gson.Gson' (OnClassCondition)

   GsonHttpMessageConvertersConfiguration:
      Did not match:
         - @ConditionalOnClass did not find required class 'com.google.gson.Gson' (OnClassCondition)

   H2ConsoleAutoConfiguration:
      Did not match:
         - @ConditionalOnProperty (spring.h2.console.enabled=true) did not find property 'enabled' (OnPropertyCondition)
      Matched:
         - @ConditionalOnClass found required class 'org.h2.server.web.JakartaWebServlet' (OnClassCondition)
         - found 'session' scope (OnWebApplicationCondition)

   HazelcastAutoConfiguration:
      Did not match:
         - @ConditionalOnClass did not find required class 'com.hazelcast.core.HazelcastInstance' (OnClassCondition)

   HazelcastCacheConfiguration:
      Did not match:
         - @ConditionalOnClass did not find required class 'com.hazelcast.core.HazelcastInstance' (OnClassCondition)

   HazelcastJpaDependencyAutoConfiguration:
      Did not match:
         - @ConditionalOnClass did not find required class 'com.hazelcast.core.HazelcastInstance' (OnClassCondition)

   HttpHandlerAutoConfiguration:
      Did not match:
         - @ConditionalOnClass did not find required class 'org.springframework.web.reactive.DispatcherHandler' (OnClassCondition)

   HypermediaAutoConfiguration:
      Did not match:
         - @ConditionalOnClass did not find required class 'org.springframework.hateoas.EntityModel' (OnClassCondition)

   InfinispanCacheConfiguration:
      Did not match:
         - @ConditionalOnClass did not find required class 'org.infinispan.spring.embedded.provider.SpringEmbeddedCacheManager' (OnClassCondition)

   InfluxDbAutoConfiguration:
      Did not match:
         - @ConditionalOnClass did not find required class 'org.influxdb.InfluxDB' (OnClassCondition)

   IntegrationAutoConfiguration:
      Did not match:
         - @ConditionalOnClass did not find required class 'org.springframework.integration.config.EnableIntegration' (OnClassCondition)

   JCacheCacheConfiguration:
      Did not match:
         - @ConditionalOnClass did not find required class 'javax.cache.Caching' (OnClassCondition)

   JacksonHttpMessageConvertersConfiguration.MappingJackson2XmlHttpMessageConverterConfiguration:
      Did not match:
         - @ConditionalOnClass did not find required class 'com.fasterxml.jackson.dataformat.xml.XmlMapper' (OnClassCondition)

   JdbcRepositoriesAutoConfiguration:
      Did not match:
         - @ConditionalOnClass did not find required class 'org.springframework.data.jdbc.repository.config.AbstractJdbcConfiguration' (OnClassCondition)

   JedisConnectionConfiguration:
      Did not match:
         - @ConditionalOnClass did not find required classes 'org.apache.commons.pool2.impl.GenericObjectPool', 'redis.clients.jedis.Jedis' (OnClassCondition)

   JerseyAutoConfiguration:
      Did not match:
         - @ConditionalOnClass did not find required class 'org.glassfish.jersey.server.spring.SpringComponentProvider' (OnClassCondition)

   JmsAutoConfiguration:
      Did not match:
         - @ConditionalOnClass did not find required class 'jakarta.jms.Message' (OnClassCondition)

   JmxAutoConfiguration:
      Did not match:
         - @ConditionalOnProperty (spring.jmx.enabled=true) found different value in property 'enabled' (OnPropertyCondition)
      Matched:
         - @ConditionalOnClass found required class 'org.springframework.jmx.export.MBeanExporter' (OnClassCondition)

   JndiConnectionFactoryAutoConfiguration:
      Did not match:
         - @ConditionalOnClass did not find required class 'org.springframework.jms.core.JmsTemplate' (OnClassCondition)

   JndiDataSourceAutoConfiguration:
      Did not match:
         - @ConditionalOnProperty (spring.datasource.jndi-name) did not find property 'jndi-name' (OnPropertyCondition)
      Matched:
         - @ConditionalOnClass found required classes 'javax.sql.DataSource', 'org.springframework.jdbc.datasource.embedded.EmbeddedDatabaseType' (OnClassCondition)

   JndiJtaConfiguration:
      Did not match:
         - @ConditionalOnJndi JNDI environment is not available (OnJndiCondition)
      Matched:
         - @ConditionalOnClass found required class 'org.springframework.transaction.jta.JtaTransactionManager' (OnClassCondition)

   JooqAutoConfiguration:
      Did not match:
         - @ConditionalOnClass did not find required class 'org.jooq.DSLContext' (OnClassCondition)

   JpaRepositoriesAutoConfiguration:
      Did not match:
         - @ConditionalOnMissingBean (types: org.springframework.data.jpa.repository.support.JpaRepositoryFactoryBean,org.springframework.data.jpa.repository.config.JpaRepositoryConfigExtension; SearchStrategy: all) found beans of type 'org.springframework.data.jpa.repository.support.JpaRepositoryFactoryBean' &userRepository, &channelRepository, &messageRepository and found beans of type 'org.springframework.data.jpa.repository.config.JpaRepositoryConfigExtension' org.springframework.data.jpa.repository.config.JpaRepositoryConfigExtension#0 (OnBeanCondition)
      Matched:
         - @ConditionalOnClass found required class 'org.springframework.data.jpa.repository.JpaRepository' (OnClassCondition)
         - @ConditionalOnProperty (spring.data.jpa.repositories.enabled=true) matched (OnPropertyCondition)

   JsonbAutoConfiguration:
      Did not match:
         - @ConditionalOnClass did not find required class 'jakarta.json.bind.Jsonb' (OnClassCondition)

   JsonbHttpMessageConvertersConfiguration:
      Did not match:
         - @ConditionalOnClass did not find required class 'jakarta.json.bind.Jsonb' (OnClassCondition)

   KafkaAutoConfiguration:
      Did not match:
         - @ConditionalOnClass did not find required class 'org.springframework.kafka.core.KafkaTemplate' (OnClassCondition)

   LdapAutoConfiguration:
      Did not match:
         - @ConditionalOnClass did not find required class 'org.springframework.ldap.core.ContextSource' (OnClassCondition)

   LdapRepositoriesAutoConfiguration:
      Did not match:
         - @ConditionalOnClass did not find required class 'org.springframework.data.ldap.repository.LdapRepository' (OnClassCondition)

   LettuceConnectionConfiguration#redisConnectionFactoryVirtualThreads:
      Did not match:
         - @ConditionalOnMissingBean (types: org.springframework.data.redis.connection.RedisConnectionFactory; SearchStrategy: all) found beans of type 'org.springframework.data.redis.connection.RedisConnectionFactory' redisConnectionFactory (OnBeanCondition)

   LiquibaseAutoConfiguration:
      Did not match:
         - @ConditionalOnClass did not find required class 'liquibase.change.DatabaseChange' (OnClassCondition)

   MailSenderAutoConfiguration:
      Did not match:
         - @ConditionalOnClass did not find required class 'jakarta.mail.internet.MimeMessage' (OnClassCondition)

   MailSenderValidatorAutoConfiguration:
      Did not match:
         - @ConditionalOnProperty (spring.mail.test-connection) did not find property 'test-connection' (OnPropertyCondition)

   MessageSourceAutoConfiguration:
      Did not match:
         - ResourceBundle did not find bundle with basename messages (MessageSourceAutoConfiguration.ResourceBundleCondition)

   MongoAutoConfiguration:
      Did not match:
         - @ConditionalOnClass did not find required class 'com.mongodb.client.MongoClient' (OnClassCondition)

   MongoDataAutoConfiguration:
      Did not match:
         - @ConditionalOnClass did not find required class 'com.mongodb.client.MongoClient' (OnClassCondition)

   MongoReactiveAutoConfiguration:
      Did not match:
         - @ConditionalOnClass did not find required class 'com.mongodb.reactivestreams.client.MongoClient' (OnClassCondition)

   MongoReactiveDataAutoConfiguration:
      Did not match:
         - @ConditionalOnClass did not find required class 'com.mongodb.reactivestreams.client.MongoClient' (OnClassCondition)

   MongoReactiveRepositoriesAutoConfiguration:
      Did not match:
         - @ConditionalOnClass did not find required class 'com.mongodb.reactivestreams.client.MongoClient' (OnClassCondition)

   MongoRepositoriesAutoConfiguration:
      Did not match:
         - @ConditionalOnClass did not find required class 'com.mongodb.client.MongoClient' (OnClassCondition)

   MustacheAutoConfiguration:
      Did not match:
         - @ConditionalOnClass did not find required class 'com.samskivert.mustache.Mustache' (OnClassCondition)

   Neo4jAutoConfiguration:
      Did not match:
         - @ConditionalOnClass did not find required class 'org.neo4j.driver.Driver' (OnClassCondition)

   Neo4jDataAutoConfiguration:
      Did not match:
         - @ConditionalOnClass did not find required class 'org.neo4j.driver.Driver' (OnClassCondition)

   Neo4jReactiveDataAutoConfiguration:
      Did not match:
         - @ConditionalOnClass did not find required class 'org.neo4j.driver.Driver' (OnClassCondition)

   Neo4jReactiveRepositoriesAutoConfiguration:
      Did not match:
         - @ConditionalOnClass did not find required class 'org.neo4j.driver.Driver' (OnClassCondition)

   Neo4jRepositoriesAutoConfiguration:
      Did not match:
         - @ConditionalOnClass did not find required class 'org.neo4j.driver.Driver' (OnClassCondition)

   OAuth2AuthorizationServerAutoConfiguration:
      Did not match:
         - @ConditionalOnClass did not find required class 'org.springframework.security.oauth2.server.authorization.OAuth2Authorization' (OnClassCondition)

   OAuth2AuthorizationServerJwtAutoConfiguration:
      Did not match:
         - @ConditionalOnClass did not find required class 'org.springframework.security.oauth2.server.authorization.OAuth2Authorization' (OnClassCondition)

   OAuth2ClientAutoConfiguration:
      Did not match:
         - @ConditionalOnClass did not find required class 'org.springframework.security.oauth2.client.registration.ClientRegistration' (OnClassCondition)

   OAuth2ResourceServerAutoConfiguration:
      Did not match:
         - @ConditionalOnClass did not find required class 'org.springframework.security.oauth2.server.resource.authentication.BearerTokenAuthenticationToken' (OnClassCondition)

   ProjectInfoAutoConfiguration#buildProperties:
      Did not match:
         - @ConditionalOnResource did not find resource '${spring.info.build.location:classpath:META-INF/build-info.properties}' (OnResourceCondition)

   ProjectInfoAutoConfiguration#gitProperties:
      Did not match:
         - GitResource did not find git info at classpath:git.properties (ProjectInfoAutoConfiguration.GitResourceAvailableCondition)

   PulsarAutoConfiguration:
      Did not match:
         - @ConditionalOnClass did not find required class 'org.apache.pulsar.client.api.PulsarClient' (OnClassCondition)

   PulsarReactiveAutoConfiguration:
      Did not match:
         - @ConditionalOnClass did not find required class 'org.apache.pulsar.client.api.PulsarClient' (OnClassCondition)

   QuartzAutoConfiguration:
      Did not match:
         - @ConditionalOnClass did not find required class 'org.quartz.Scheduler' (OnClassCondition)

   R2dbcAutoConfiguration:
      Did not match:
         - @ConditionalOnClass did not find required class 'io.r2dbc.spi.ConnectionFactory' (OnClassCondition)

   R2dbcDataAutoConfiguration:
      Did not match:
         - @ConditionalOnClass did not find required class 'org.springframework.data.r2dbc.core.R2dbcEntityTemplate' (OnClassCondition)

   R2dbcInitializationConfiguration:
      Did not match:
         - @ConditionalOnClass did not find required classes 'io.r2dbc.spi.ConnectionFactory', 'org.springframework.r2dbc.connection.init.DatabasePopulator' (OnClassCondition)

   R2dbcRepositoriesAutoConfiguration:
      Did not match:
         - @ConditionalOnClass did not find required class 'io.r2dbc.spi.ConnectionFactory' (OnClassCondition)

   R2dbcTransactionManagerAutoConfiguration:
      Did not match:
         - @ConditionalOnClass did not find required class 'org.springframework.r2dbc.connection.R2dbcTransactionManager' (OnClassCondition)

   RSocketGraphQlClientAutoConfiguration:
      Did not match:
         - @ConditionalOnClass did not find required class 'graphql.GraphQL' (OnClassCondition)

   RSocketMessagingAutoConfiguration:
      Did not match:
         - @ConditionalOnClass did not find required class 'io.rsocket.RSocket' (OnClassCondition)

   RSocketRequesterAutoConfiguration:
      Did not match:
         - @ConditionalOnClass did not find required class 'io.rsocket.RSocket' (OnClassCondition)

   RSocketSecurityAutoConfiguration:
      Did not match:
         - @ConditionalOnClass did not find required class 'org.springframework.security.rsocket.core.SecuritySocketAcceptorInterceptor' (OnClassCondition)

   RSocketServerAutoConfiguration:
      Did not match:
         - @ConditionalOnClass did not find required class 'io.rsocket.core.RSocketServer' (OnClassCondition)

   RSocketStrategiesAutoConfiguration:
      Did not match:
         - @ConditionalOnClass did not find required class 'io.rsocket.RSocket' (OnClassCondition)

   RabbitAutoConfiguration:
      Did not match:
         - @ConditionalOnClass did not find required class 'com.rabbitmq.client.Channel' (OnClassCondition)

   ReactiveElasticsearchClientAutoConfiguration:
      Did not match:
         - @ConditionalOnClass did not find required class 'co.elastic.clients.transport.ElasticsearchTransport' (OnClassCondition)

   ReactiveElasticsearchRepositoriesAutoConfiguration:
      Did not match:
         - @ConditionalOnClass did not find required class 'org.springframework.data.elasticsearch.client.elc.ReactiveElasticsearchClient' (OnClassCondition)

   ReactiveMultipartAutoConfiguration:
      Did not match:
         - @ConditionalOnClass did not find required class 'org.springframework.web.reactive.config.WebFluxConfigurer' (OnClassCondition)

   ReactiveOAuth2ClientAutoConfiguration:
      Did not match:
         - @ConditionalOnClass did not find required class 'org.springframework.security.oauth2.client.registration.ClientRegistration' (OnClassCondition)

   ReactiveOAuth2ResourceServerAutoConfiguration:
      Did not match:
         - @ConditionalOnWebApplication did not find reactive web application classes (OnWebApplicationCondition)

   ReactiveSecurityAutoConfiguration:
      Did not match:
         - @ConditionalOnClass did not find required class 'org.springframework.web.reactive.config.WebFluxConfigurer' (OnClassCondition)

   ReactiveUserDetailsServiceAutoConfiguration:
      Did not match:
         - AnyNestedCondition 0 matched 2 did not; NestedCondition on ReactiveUserDetailsServiceAutoConfiguration.ReactiveUserDetailsServiceCondition.ReactiveWebApplicationCondition did not find reactive web application classes; NestedCondition on ReactiveUserDetailsServiceAutoConfiguration.ReactiveUserDetailsServiceCondition.RSocketSecurityEnabledCondition @ConditionalOnBean (types: org.springframework.messaging.rsocket.annotation.support.RSocketMessageHandler; SearchStrategy: all) did not find any beans of type org.springframework.messaging.rsocket.annotation.support.RSocketMessageHandler (ReactiveUserDetailsServiceAutoConfiguration.ReactiveUserDetailsServiceCondition)
      Matched:
         - @ConditionalOnClass found required class 'org.springframework.security.authentication.ReactiveAuthenticationManager'; @ConditionalOnMissingClass did not find unwanted classes 'org.springframework.security.oauth2.client.registration.ClientRegistrationRepository', 'org.springframework.security.oauth2.server.resource.introspection.ReactiveOpaqueTokenIntrospector' (OnClassCondition)

   ReactiveWebServerFactoryAutoConfiguration:
      Did not match:
         - @ConditionalOnWebApplication did not find reactive web application classes (OnWebApplicationCondition)

   RepositoryRestMvcAutoConfiguration:
      Did not match:
         - @ConditionalOnClass did not find required class 'org.springframework.data.rest.webmvc.config.RepositoryRestMvcConfiguration' (OnClassCondition)

   Saml2RelyingPartyAutoConfiguration:
      Did not match:
         - @ConditionalOnClass did not find required class 'org.springframework.security.saml2.provider.service.registration.RelyingPartyRegistrationRepository' (OnClassCondition)

   SecurityDataConfiguration:
      Did not match:
         - @ConditionalOnClass did not find required class 'org.springframework.security.data.repository.query.SecurityEvaluationContextExtension' (OnClassCondition)

   SendGridAutoConfiguration:
      Did not match:
         - @ConditionalOnClass did not find required class 'com.sendgrid.SendGrid' (OnClassCondition)

   ServletWebServerFactoryAutoConfiguration.ForwardedHeaderFilterConfiguration:
      Did not match:
         - @ConditionalOnProperty (server.forward-headers-strategy=framework) did not find property 'server.forward-headers-strategy' (OnPropertyCondition)

   ServletWebServerFactoryConfiguration.EmbeddedJetty:
      Did not match:
         - @ConditionalOnClass did not find required classes 'org.eclipse.jetty.server.Server', 'org.eclipse.jetty.util.Loader', 'org.eclipse.jetty.ee10.webapp.WebAppContext' (OnClassCondition)

   ServletWebServerFactoryConfiguration.EmbeddedUndertow:
      Did not match:
         - @ConditionalOnClass did not find required classes 'io.undertow.Undertow', 'org.xnio.SslClientAuthMode' (OnClassCondition)

   SessionAutoConfiguration:
      Did not match:
         - @ConditionalOnClass did not find required class 'org.springframework.session.Session' (OnClassCondition)

   SpringApplicationAdminJmxAutoConfiguration:
      Did not match:
         - @ConditionalOnProperty (spring.application.admin.enabled=true) did not find property 'enabled' (OnPropertyCondition)

   SpringBootWebSecurityConfiguration.SecurityFilterChainConfiguration:
      Did not match:
         - AllNestedConditions 1 matched 1 did not; NestedCondition on DefaultWebSecurityCondition.Beans @ConditionalOnMissingBean (types: org.springframework.security.web.SecurityFilterChain; SearchStrategy: all) found beans of type 'org.springframework.security.web.SecurityFilterChain' testSecurityFilterChain, securityFilterChain; NestedCondition on DefaultWebSecurityCondition.Classes @ConditionalOnClass found required classes 'org.springframework.security.web.SecurityFilterChain', 'org.springframework.security.config.annotation.web.builders.HttpSecurity' (DefaultWebSecurityCondition)

   SpringBootWebSecurityConfiguration.WebSecurityEnablerConfiguration:
      Did not match:
         - @ConditionalOnMissingBean (names: springSecurityFilterChain; SearchStrategy: all) found beans named springSecurityFilterChain (OnBeanCondition)
      Matched:
         - @ConditionalOnClass found required class 'org.springframework.security.config.annotation.web.configuration.EnableWebSecurity' (OnClassCondition)

   TaskExecutorConfigurations.SimpleAsyncTaskExecutorBuilderConfiguration#simpleAsyncTaskExecutorBuilderVirtualThreads:
      Did not match:
         - @ConditionalOnMissingBean (types: org.springframework.boot.task.SimpleAsyncTaskExecutorBuilder; SearchStrategy: all) found beans of type 'org.springframework.boot.task.SimpleAsyncTaskExecutorBuilder' simpleAsyncTaskExecutorBuilder (OnBeanCondition)

   TaskExecutorConfigurations.TaskExecutorConfiguration:
      Did not match:
         - @ConditionalOnMissingBean (types: java.util.concurrent.Executor; SearchStrategy: all) found beans of type 'java.util.concurrent.Executor' clientInboundChannelExecutor, clientOutboundChannelExecutor, brokerChannelExecutor (OnBeanCondition)

   TaskSchedulingAutoConfiguration#scheduledBeanLazyInitializationExcludeFilter:
      Did not match:
         - @ConditionalOnBean (names: org.springframework.context.annotation.internalScheduledAnnotationProcessor; SearchStrategy: all) did not find any beans named org.springframework.context.annotation.internalScheduledAnnotationProcessor (OnBeanCondition)

   TaskSchedulingConfigurations.SimpleAsyncTaskSchedulerBuilderConfiguration#simpleAsyncTaskSchedulerBuilderVirtualThreads:
      Did not match:
         - @ConditionalOnMissingBean (types: org.springframework.boot.task.SimpleAsyncTaskSchedulerBuilder; SearchStrategy: all) found beans of type 'org.springframework.boot.task.SimpleAsyncTaskSchedulerBuilder' simpleAsyncTaskSchedulerBuilder (OnBeanCondition)

   TaskSchedulingConfigurations.TaskSchedulerConfiguration:
      Did not match:
         - @ConditionalOnBean (names: org.springframework.context.annotation.internalScheduledAnnotationProcessor; SearchStrategy: all) did not find any beans named org.springframework.context.annotation.internalScheduledAnnotationProcessor (OnBeanCondition)

   ThymeleafAutoConfiguration:
      Did not match:
         - @ConditionalOnClass did not find required class 'org.thymeleaf.spring6.SpringTemplateEngine' (OnClassCondition)

   TransactionAutoConfiguration#transactionalOperator:
      Did not match:
         - @ConditionalOnSingleCandidate (types: org.springframework.transaction.ReactiveTransactionManager; SearchStrategy: all) did not find any beans (OnBeanCondition)

   TransactionAutoConfiguration.AspectJTransactionManagementConfiguration:
      Did not match:
         - @ConditionalOnBean (types: org.springframework.transaction.aspectj.AbstractTransactionAspect; SearchStrategy: all) did not find any beans of type org.springframework.transaction.aspectj.AbstractTransactionAspect (OnBeanCondition)

   TransactionAutoConfiguration.EnableTransactionManagementConfiguration:
      Did not match:
         - @ConditionalOnMissingBean (types: org.springframework.transaction.annotation.AbstractTransactionManagementConfiguration; SearchStrategy: all) found beans of type 'org.springframework.transaction.annotation.AbstractTransactionManagementConfiguration' org.springframework.transaction.annotation.ProxyTransactionManagementConfiguration (OnBeanCondition)

   TransactionAutoConfiguration.EnableTransactionManagementConfiguration.CglibAutoProxyConfiguration:
      Did not match:
         - Ancestor org.springframework.boot.autoconfigure.transaction.TransactionAutoConfiguration$EnableTransactionManagementConfiguration did not match (ConditionEvaluationReport.AncestorsMatchedCondition)
      Matched:
         - @ConditionalOnProperty (spring.aop.proxy-target-class=true) matched (OnPropertyCondition)

   TransactionAutoConfiguration.EnableTransactionManagementConfiguration.JdkDynamicAutoProxyConfiguration:
      Did not match:
         - @ConditionalOnProperty (spring.aop.proxy-target-class=false) did not find property 'proxy-target-class' (OnPropertyCondition)
         - Ancestor org.springframework.boot.autoconfigure.transaction.TransactionAutoConfiguration$EnableTransactionManagementConfiguration did not match (ConditionEvaluationReport.AncestorsMatchedCondition)

   UserDetailsServiceAutoConfiguration:
      Did not match:
         - @ConditionalOnMissingBean (types: org.springframework.security.authentication.AuthenticationManager,org.springframework.security.authentication.AuthenticationProvider,org.springframework.security.core.userdetails.UserDetailsService,org.springframework.security.authentication.AuthenticationManagerResolver,org.springframework.security.oauth2.jwt.JwtDecoder; SearchStrategy: all) found beans of type 'org.springframework.security.authentication.AuthenticationManager' testAuthenticationManager and found beans of type 'org.springframework.security.core.userdetails.UserDetailsService' userServiceImpl, testUserDetailsService (OnBeanCondition)
      Matched:
         - @ConditionalOnClass found required class 'org.springframework.security.authentication.AuthenticationManager'; @ConditionalOnMissingClass did not find unwanted classes 'org.springframework.security.oauth2.client.registration.ClientRegistrationRepository', 'org.springframework.security.oauth2.server.resource.introspection.OpaqueTokenIntrospector', 'org.springframework.security.saml2.provider.service.registration.RelyingPartyRegistrationRepository' (OnClassCondition)

   WebClientAutoConfiguration:
      Did not match:
         - @ConditionalOnClass did not find required class 'org.springframework.web.reactive.function.client.WebClient' (OnClassCondition)

   WebFluxAutoConfiguration:
      Did not match:
         - @ConditionalOnClass did not find required class 'org.springframework.web.reactive.config.WebFluxConfigurer' (OnClassCondition)

   WebMvcAutoConfiguration#hiddenHttpMethodFilter:
      Did not match:
         - @ConditionalOnProperty (spring.mvc.hiddenmethod.filter.enabled) did not find property 'enabled' (OnPropertyCondition)

   WebMvcAutoConfiguration.ProblemDetailsErrorHandlingConfiguration:
      Did not match:
         - @ConditionalOnProperty (spring.mvc.problemdetails.enabled=true) did not find property 'enabled' (OnPropertyCondition)

   WebMvcAutoConfiguration.ResourceChainCustomizerConfiguration:
      Did not match:
         - @ConditionalOnEnabledResourceChain did not find class org.webjars.WebJarAssetLocator (OnEnabledResourceChainCondition)

   WebMvcAutoConfiguration.WebMvcAutoConfigurationAdapter#beanNameViewResolver:
      Did not match:
         - @ConditionalOnMissingBean (types: org.springframework.web.servlet.view.BeanNameViewResolver; SearchStrategy: all) found beans of type 'org.springframework.web.servlet.view.BeanNameViewResolver' beanNameViewResolver (OnBeanCondition)

   WebServiceTemplateAutoConfiguration:
      Did not match:
         - @ConditionalOnClass did not find required class 'org.springframework.ws.client.core.WebServiceTemplate' (OnClassCondition)

   WebServicesAutoConfiguration:
      Did not match:
         - @ConditionalOnClass did not find required class 'org.springframework.ws.transport.http.MessageDispatcherServlet' (OnClassCondition)

   WebSessionIdResolverAutoConfiguration:
      Did not match:
         - @ConditionalOnWebApplication did not find reactive web application classes (OnWebApplicationCondition)

   WebSocketReactiveAutoConfiguration:
      Did not match:
         - @ConditionalOnWebApplication did not find reactive web application classes (OnWebApplicationCondition)

   WebSocketServletAutoConfiguration.JettyWebSocketConfiguration:
      Did not match:
         - @ConditionalOnClass did not find required class 'org.eclipse.jetty.ee10.websocket.jakarta.server.config.JakartaWebSocketServletContainerInitializer' (OnClassCondition)

   WebSocketServletAutoConfiguration.UndertowWebSocketConfiguration:
      Did not match:
         - @ConditionalOnClass did not find required class 'io.undertow.websockets.jsr.Bootstrap' (OnClassCondition)

   XADataSourceAutoConfiguration:
      Did not match:
         - @ConditionalOnBean (types: org.springframework.boot.jdbc.XADataSourceWrapper; SearchStrategy: all) did not find any beans of type org.springframework.boot.jdbc.XADataSourceWrapper (OnBeanCondition)
      Matched:
         - @ConditionalOnClass found required classes 'javax.sql.DataSource', 'jakarta.transaction.TransactionManager', 'org.springframework.jdbc.datasource.embedded.EmbeddedDatabaseType' (OnClassCondition)


Exclusions:
-----------

    None


Unconditional classes:
----------------------

    org.springframework.boot.autoconfigure.context.ConfigurationPropertiesAutoConfiguration

    org.springframework.boot.autoconfigure.ssl.SslAutoConfiguration

    org.springframework.boot.autoconfigure.context.PropertyPlaceholderAutoConfiguration

    org.springframework.boot.autoconfigure.context.LifecycleAutoConfiguration

    org.springframework.boot.autoconfigure.availability.ApplicationAvailabilityAutoConfiguration

    org.springframework.boot.autoconfigure.info.ProjectInfoAutoConfiguration



2025-01-09T08:37:06.034-06:00  INFO 20036 --- [           main] com.chatgenius.service.ChatServiceTest   : Started ChatServiceTest in 0.484 seconds (process running for 10.527)
2025-01-09T08:37:06.035-06:00 DEBUG 20036 --- [           main] o.s.b.a.ApplicationAvailabilityBean      : Application availability state LivenessState changed to CORRECT
2025-01-09T08:37:06.035-06:00 DEBUG 20036 --- [           main] o.s.b.a.ApplicationAvailabilityBean      : Application availability state ReadinessState changed to ACCEPTING_TRAFFIC
2025-01-09T08:37:06.035-06:00 DEBUG 20036 --- [           main] org.springframework.test.context.cache   : Spring test ApplicationContext cache statistics: [DefaultContextCache@3bd6ce4e size = 5, maxSize = 32, parentContextCount = 0, hitCount = 287, missCount = 9, failureCount = 1]
2025-01-09T08:37:06.035-06:00 DEBUG 20036 --- [           main] o.s.t.c.w.ServletTestExecutionListener   : Setting up MockHttpServletRequest, MockHttpServletResponse, ServletWebRequest, and RequestContextHolder for test class com.chatgenius.service.ChatServiceTest
2025-01-09T08:37:06.035-06:00 DEBUG 20036 --- [           main] DependencyInjectionTestExecutionListener : Performing dependency injection for test class com.chatgenius.service.ChatServiceTest
2025-01-09T08:37:06.035-06:00 DEBUG 20036 --- [           main] org.springframework.test.context.cache   : Spring test ApplicationContext cache statistics: [DefaultContextCache@3bd6ce4e size = 5, maxSize = 32, parentContextCount = 0, hitCount = 288, missCount = 9, failureCount = 1]
2025-01-09T08:37:06.036-06:00 DEBUG 20036 --- [           main] org.springframework.test.context.cache   : Spring test ApplicationContext cache statistics: [DefaultContextCache@3bd6ce4e size = 5, maxSize = 32, parentContextCount = 0, hitCount = 289, missCount = 9, failureCount = 1]
2025-01-09T08:37:06.036-06:00 DEBUG 20036 --- [           main] sContextBeforeModesTestExecutionListener : Before test method: class [ChatServiceTest], method [addMemberToChannel_Success], class annotated with @DirtiesContext [false] with mode [null], method annotated with @DirtiesContext [false] with mode [null]
2025-01-09T08:37:06.036-06:00 DEBUG 20036 --- [           main] t.c.t.TransactionalTestExecutionListener : Explicit transaction definition [PROPAGATION_REQUIRED,ISOLATION_DEFAULT] found for test class [com.chatgenius.service.ChatServiceTest] and test method [addMemberToChannel_Success]
2025-01-09T08:37:06.036-06:00 DEBUG 20036 --- [           main] org.springframework.test.context.cache   : Spring test ApplicationContext cache statistics: [DefaultContextCache@3bd6ce4e size = 5, maxSize = 32, parentContextCount = 0, hitCount = 290, missCount = 9, failureCount = 1]
2025-01-09T08:37:06.036-06:00 DEBUG 20036 --- [           main] t.c.t.TransactionalTestExecutionListener : No method-level @Rollback override: using default rollback [true] for test method [void com.chatgenius.service.ChatServiceTest.addMemberToChannel_Success()]
2025-01-09T08:37:06.036-06:00 DEBUG 20036 --- [           main] o.s.orm.jpa.JpaTransactionManager        : Creating new transaction with name [com.chatgenius.service.ChatServiceTest.addMemberToChannel_Success]: PROPAGATION_REQUIRED,ISOLATION_DEFAULT
2025-01-09T08:37:06.036-06:00 DEBUG 20036 --- [           main] o.s.orm.jpa.JpaTransactionManager        : Opened new EntityManager [SessionImpl(309965122<open>)] for JPA transaction
2025-01-09T08:37:06.036-06:00 DEBUG 20036 --- [           main] o.h.e.t.internal.TransactionImpl         : On TransactionImpl creation, JpaCompliance#isJpaTransactionComplianceEnabled == false
2025-01-09T08:37:06.037-06:00 DEBUG 20036 --- [           main] o.h.e.t.internal.TransactionImpl         : begin
2025-01-09T08:37:06.037-06:00 DEBUG 20036 --- [           main] o.s.orm.jpa.JpaTransactionManager        : Exposing JPA transaction as JDBC [org.springframework.orm.jpa.vendor.HibernateJpaDialect$HibernateConnectionHandle@9c10e9c]
2025-01-09T08:37:06.037-06:00 DEBUG 20036 --- [           main] o.s.t.c.transaction.TransactionContext   : Began transaction (1) for test class [com.chatgenius.service.ChatServiceTest]; test method [addMemberToChannel_Success]; transaction manager [org.springframework.orm.jpa.JpaTransactionManager@5f2066c6]; rollback [true]
2025-01-09T08:37:06.037-06:00 DEBUG 20036 --- [           main] org.springframework.test.context.cache   : Spring test ApplicationContext cache statistics: [DefaultContextCache@3bd6ce4e size = 5, maxSize = 32, parentContextCount = 0, hitCount = 291, missCount = 9, failureCount = 1]
2025-01-09T08:37:06.037-06:00 DEBUG 20036 --- [           main] org.springframework.test.context.cache   : Spring test ApplicationContext cache statistics: [DefaultContextCache@3bd6ce4e size = 5, maxSize = 32, parentContextCount = 0, hitCount = 292, missCount = 9, failureCount = 1]
2025-01-09T08:37:06.037-06:00 DEBUG 20036 --- [           main] o.s.orm.jpa.JpaTransactionManager        : Found thread-bound EntityManager [SessionImpl(309965122<open>)] for JPA transaction
2025-01-09T08:37:06.037-06:00 DEBUG 20036 --- [           main] o.s.orm.jpa.JpaTransactionManager        : Participating in existing transaction
2025-01-09T08:37:06.038-06:00 DEBUG 20036 --- [           main] org.hibernate.orm.sql.ast.create         : Created new SQL alias : c1_0
2025-01-09T08:37:06.038-06:00 DEBUG 20036 --- [           main] org.hibernate.orm.sql.ast.create         : Registration of TableGroup [StandardTableGroup(com.chatgenius.model.Channel(1605719243200))] with identifierForTableGroup [com.chatgenius.model.Channel] for NavigablePath [com.chatgenius.model.Channel] 
2025-01-09T08:37:06.038-06:00 DEBUG 20036 --- [           main] org.hibernate.orm.results.graph.AST      : DomainResult Graph:
 \-EntityResultImpl [com.chatgenius.model.Channel(1605719243200)]
 |  +-BasicFetch [com.chatgenius.model.Channel(1605719243200).createdAt]
 |  +-DelayedCollectionFetch [com.chatgenius.model.Channel(1605719243200).members]
 |  +-BasicFetch [com.chatgenius.model.Channel(1605719243200).name]
 |  \-BasicFetch [com.chatgenius.model.Channel(1605719243200).type]

2025-01-09T08:37:06.038-06:00 DEBUG 20036 --- [           main] org.hibernate.orm.sql.ast.tree           : SQL AST Tree:
    SelectStatement {
      FromClause {
        StandardTableGroup (c1 : com.chatgenius.model.Channel(1605719243200)) {
          primaryTableReference : channels as c1_0
        }
      }
    }

2025-01-09T08:37:06.038-06:00 DEBUG 20036 --- [           main] org.hibernate.orm.sql.exec               : Skipping reading Query result cache data: cache-enabled = false, cache-mode = NORMAL
2025-01-09T08:37:06.038-06:00 DEBUG 20036 --- [           main] org.hibernate.orm.results                : Initializer list:
	  com.chatgenius.model.Channel(1605719243200) -> EntityResultInitializer(com.chatgenius.model.Channel(1605719243200))@406260847 (SingleTableEntityPersister(com.chatgenius.model.Channel))
	  com.chatgenius.model.Channel(1605719243200).members -> DelayedCollectionInitializer(com.chatgenius.model.Channel(1605719243200).members)@1274114436 (PluralAttribute(com.chatgenius.model.Channel.members))

2025-01-09T08:37:06.038-06:00 DEBUG 20036 --- [           main] org.hibernate.SQL                        : 
    select
        c1_0.id,
        c1_0.created_at,
        c1_0.name,
        c1_0.type 
    from
        channels c1_0
Hibernate: 
    select
        c1_0.id,
        c1_0.created_at,
        c1_0.name,
        c1_0.type 
    from
        channels c1_0
2025-01-09T08:37:06.046-06:00 DEBUG 20036 --- [           main] o.s.orm.jpa.JpaTransactionManager        : Found thread-bound EntityManager [SessionImpl(309965122<open>)] for JPA transaction
2025-01-09T08:37:06.046-06:00 DEBUG 20036 --- [           main] o.s.orm.jpa.JpaTransactionManager        : Participating in existing transaction
2025-01-09T08:37:06.046-06:00 DEBUG 20036 --- [           main] org.hibernate.orm.sql.ast.create         : Created new SQL alias : u1_0
2025-01-09T08:37:06.046-06:00 DEBUG 20036 --- [           main] org.hibernate.orm.sql.ast.create         : Registration of TableGroup [StandardTableGroup(com.chatgenius.model.User(1605727477800))] with identifierForTableGroup [com.chatgenius.model.User] for NavigablePath [com.chatgenius.model.User] 
2025-01-09T08:37:06.046-06:00 DEBUG 20036 --- [           main] org.hibernate.orm.results.graph.AST      : DomainResult Graph:
 \-EntityResultImpl [com.chatgenius.model.User(1605727477800)]
 |  +-BasicFetch [com.chatgenius.model.User(1605727477800).createdAt]
 |  +-BasicFetch [com.chatgenius.model.User(1605727477800).email]
 |  +-BasicFetch [com.chatgenius.model.User(1605727477800).lastSeenAt]
 |  +-BasicFetch [com.chatgenius.model.User(1605727477800).password]
 |  +-BasicFetch [com.chatgenius.model.User(1605727477800).status]
 |  \-BasicFetch [com.chatgenius.model.User(1605727477800).username]

2025-01-09T08:37:06.046-06:00 DEBUG 20036 --- [           main] org.hibernate.orm.sql.ast.tree           : SQL AST Tree:
    SelectStatement {
      FromClause {
        StandardTableGroup (u1 : com.chatgenius.model.User(1605727477800)) {
          primaryTableReference : users as u1_0
        }
      }
    }

2025-01-09T08:37:06.047-06:00 DEBUG 20036 --- [           main] org.hibernate.orm.sql.exec               : Skipping reading Query result cache data: cache-enabled = false, cache-mode = NORMAL
2025-01-09T08:37:06.047-06:00 DEBUG 20036 --- [           main] org.hibernate.orm.results                : Initializer list:
	  com.chatgenius.model.User(1605727477800) -> EntityResultInitializer(com.chatgenius.model.User(1605727477800))@1450451686 (SingleTableEntityPersister(com.chatgenius.model.User))

2025-01-09T08:37:06.047-06:00 DEBUG 20036 --- [           main] org.hibernate.SQL                        : 
    select
        u1_0.id,
        u1_0.created_at,
        u1_0.email,
        u1_0.last_seen_at,
        u1_0.password,
        u1_0.status,
        u1_0.username 
    from
        users u1_0
Hibernate: 
    select
        u1_0.id,
        u1_0.created_at,
        u1_0.email,
        u1_0.last_seen_at,
        u1_0.password,
        u1_0.status,
        u1_0.username 
    from
        users u1_0
2025-01-09T08:37:06.049-06:00 DEBUG 20036 --- [           main] o.s.orm.jpa.JpaTransactionManager        : Found thread-bound EntityManager [SessionImpl(309965122<open>)] for JPA transaction
2025-01-09T08:37:06.049-06:00 DEBUG 20036 --- [           main] o.s.orm.jpa.JpaTransactionManager        : Participating in existing transaction
2025-01-09T08:37:06.052-06:00 DEBUG 20036 --- [           main] org.hibernate.orm.sql.ast.create         : Created new SQL alias : u1_0
2025-01-09T08:37:06.052-06:00 DEBUG 20036 --- [           main] org.hibernate.orm.sql.ast.create         : Registration of TableGroup [StandardTableGroup(com.chatgenius.model.User(1605497483300))] with identifierForTableGroup [com.chatgenius.model.User] for NavigablePath [com.chatgenius.model.User] 
2025-01-09T08:37:06.053-06:00 DEBUG 20036 --- [           main] o.h.q.sqm.sql.BaseSqmToSqlAstConverter   : Determining mapping-model type for SqmParameter : org.hibernate.query.sqm.tree.expression.SqmJpaCriteriaParameterWrapper@5cb13543
2025-01-09T08:37:06.053-06:00 DEBUG 20036 --- [           main] o.h.q.sqm.sql.BaseSqmToSqlAstConverter   : Determining mapping-model type for SqmPath : SqmBasicValuedSimplePath(com.chatgenius.model.User(1605497483300).username) 
2025-01-09T08:37:06.053-06:00 DEBUG 20036 --- [           main] org.hibernate.orm.results.graph.AST      : DomainResult Graph:
 \-BasicResult [com.chatgenius.model.User(1605497483300).id]

2025-01-09T08:37:06.053-06:00 DEBUG 20036 --- [           main] org.hibernate.orm.sql.ast.tree           : SQL AST Tree:
    SelectStatement {
      FromClause {
        StandardTableGroup (u1 : com.chatgenius.model.User(1605497483300)) {
          primaryTableReference : users as u1_0
        }
      }
    }

2025-01-09T08:37:06.053-06:00 DEBUG 20036 --- [           main] org.hibernate.orm.sql.exec               : Skipping reading Query result cache data: cache-enabled = false, cache-mode = NORMAL
2025-01-09T08:37:06.053-06:00 DEBUG 20036 --- [           main] org.hibernate.orm.results                : Initializer list is empty
2025-01-09T08:37:06.053-06:00 DEBUG 20036 --- [           main] org.hibernate.SQL                        : 
    select
        u1_0.id 
    from
        users u1_0 
    where
        u1_0.username=? 
    fetch
        first ? rows only
Hibernate: 
    select
        u1_0.id 
    from
        users u1_0 
    where
        u1_0.username=? 
    fetch
        first ? rows only
2025-01-09T08:37:06.054-06:00 DEBUG 20036 --- [           main] org.hibernate.orm.sql.ast.create         : Created new SQL alias : u1_0
2025-01-09T08:37:06.054-06:00 DEBUG 20036 --- [           main] org.hibernate.orm.sql.ast.create         : Registration of TableGroup [StandardTableGroup(com.chatgenius.model.User(1605495198700))] with identifierForTableGroup [com.chatgenius.model.User] for NavigablePath [com.chatgenius.model.User] 
2025-01-09T08:37:06.054-06:00 DEBUG 20036 --- [           main] o.h.q.sqm.sql.BaseSqmToSqlAstConverter   : Determining mapping-model type for SqmParameter : org.hibernate.query.sqm.tree.expression.SqmJpaCriteriaParameterWrapper@787c4ed3
2025-01-09T08:37:06.054-06:00 DEBUG 20036 --- [           main] o.h.q.sqm.sql.BaseSqmToSqlAstConverter   : Determining mapping-model type for SqmPath : SqmBasicValuedSimplePath(com.chatgenius.model.User(1605495198700).email) 
2025-01-09T08:37:06.054-06:00 DEBUG 20036 --- [           main] org.hibernate.orm.results.graph.AST      : DomainResult Graph:
 \-BasicResult [com.chatgenius.model.User(1605495198700).id]

2025-01-09T08:37:06.054-06:00 DEBUG 20036 --- [           main] org.hibernate.orm.sql.ast.tree           : SQL AST Tree:
    SelectStatement {
      FromClause {
        StandardTableGroup (u1 : com.chatgenius.model.User(1605495198700)) {
          primaryTableReference : users as u1_0
        }
      }
    }

2025-01-09T08:37:06.054-06:00 DEBUG 20036 --- [           main] org.hibernate.orm.sql.exec               : Skipping reading Query result cache data: cache-enabled = false, cache-mode = NORMAL
2025-01-09T08:37:06.054-06:00 DEBUG 20036 --- [           main] org.hibernate.orm.results                : Initializer list is empty
2025-01-09T08:37:06.054-06:00 DEBUG 20036 --- [           main] org.hibernate.SQL                        : 
    select
        u1_0.id 
    from
        users u1_0 
    where
        u1_0.email=? 
    fetch
        first ? rows only
Hibernate: 
    select
        u1_0.id 
    from
        users u1_0 
    where
        u1_0.email=? 
    fetch
        first ? rows only
2025-01-09T08:37:06.100-06:00 DEBUG 20036 --- [           main] o.s.orm.jpa.JpaTransactionManager        : Found thread-bound EntityManager [SessionImpl(309965122<open>)] for JPA transaction
2025-01-09T08:37:06.100-06:00 DEBUG 20036 --- [           main] o.s.orm.jpa.JpaTransactionManager        : Participating in existing transaction
2025-01-09T08:37:06.100-06:00 DEBUG 20036 --- [           main] o.h.j.internal.PersistenceUnitUtilImpl   : jakarta.persistence.PersistenceUnitUtil.getIdentifier is only intended to work with enhanced entities (although Hibernate also adapts this support to its proxies); however the passed entity was not enhanced (nor a proxy).. may not be able to read identifier
2025-01-09T08:37:06.100-06:00 DEBUG 20036 --- [           main] o.h.e.i.AbstractSaveEventListener        : Generated identifier: 24f29db9-6e14-4fff-8cb8-6993fdd302b5, using strategy: org.hibernate.id.UUIDGenerator
2025-01-09T08:37:06.100-06:00 DEBUG 20036 --- [           main] o.s.orm.jpa.JpaTransactionManager        : Found thread-bound EntityManager [SessionImpl(309965122<open>)] for JPA transaction
2025-01-09T08:37:06.100-06:00 DEBUG 20036 --- [           main] o.s.orm.jpa.JpaTransactionManager        : Participating in existing transaction
2025-01-09T08:37:06.100-06:00 DEBUG 20036 --- [           main] o.h.j.internal.PersistenceUnitUtilImpl   : jakarta.persistence.PersistenceUnitUtil.getIdentifier is only intended to work with enhanced entities (although Hibernate also adapts this support to its proxies); however the passed entity was not enhanced (nor a proxy).. may not be able to read identifier
2025-01-09T08:37:06.103-06:00 DEBUG 20036 --- [           main] org.hibernate.orm.sql.ast.create         : Created new SQL alias : c1_0
2025-01-09T08:37:06.103-06:00 DEBUG 20036 --- [           main] org.hibernate.orm.sql.ast.create         : Registration of TableGroup [StandardTableGroup(com.chatgenius.model.Channel)] with identifierForTableGroup [com.chatgenius.model.Channel] for NavigablePath [com.chatgenius.model.Channel] 
2025-01-09T08:37:06.103-06:00 DEBUG 20036 --- [           main] org.hibernate.orm.results.graph.AST      : DomainResult Graph:
 \-EntityResultImpl [com.chatgenius.model.Channel]
 |  +-BasicFetch [com.chatgenius.model.Channel.createdAt]
 |  +-DelayedCollectionFetch [com.chatgenius.model.Channel.members]
 |  +-BasicFetch [com.chatgenius.model.Channel.name]
 |  \-BasicFetch [com.chatgenius.model.Channel.type]

2025-01-09T08:37:06.103-06:00 DEBUG 20036 --- [           main] org.hibernate.orm.sql.ast.tree           : SQL AST Tree:
    SelectStatement {
      FromClause {
        StandardTableGroup (c1 : com.chatgenius.model.Channel) {
          primaryTableReference : channels as c1_0
        }
      }
    }

2025-01-09T08:37:06.104-06:00 DEBUG 20036 --- [           main] org.hibernate.orm.sql.exec               : Skipping reading Query result cache data: cache-enabled = false, cache-mode = IGNORE
2025-01-09T08:37:06.104-06:00 DEBUG 20036 --- [           main] org.hibernate.orm.results                : Initializer list:
	  com.chatgenius.model.Channel -> EntityResultInitializer(com.chatgenius.model.Channel)@826313713 (SingleTableEntityPersister(com.chatgenius.model.Channel))
	  com.chatgenius.model.Channel.members -> DelayedCollectionInitializer(com.chatgenius.model.Channel.members)@2081587186 (PluralAttribute(com.chatgenius.model.Channel.members))

2025-01-09T08:37:06.104-06:00 DEBUG 20036 --- [           main] org.hibernate.SQL                        : 
    select
        c1_0.id,
        c1_0.created_at,
        c1_0.name,
        c1_0.type 
    from
        channels c1_0 
    where
        c1_0.id=?
Hibernate: 
    select
        c1_0.id,
        c1_0.created_at,
        c1_0.name,
        c1_0.type 
    from
        channels c1_0 
    where
        c1_0.id=?
2025-01-09T08:37:06.105-06:00 DEBUG 20036 --- [           main] o.h.e.i.AbstractSaveEventListener        : Generated identifier: cdb10bf5-19cd-4a75-be69-b8f15ced6eaf, using strategy: org.hibernate.id.UUIDGenerator
2025-01-09T08:37:06.107-06:00 DEBUG 20036 --- [           main] o.hibernate.engine.spi.CollectionEntry   : Reset storedSnapshot to {User(id=24f29db9-6e14-4fff-8cb8-6993fdd302b5, username=testuser, password=$2a$10$r.vcAGaIbvTxkGjclb7vHuQELVHrZTzft.JRAg7U1TGTkRLkLVYkG, email=test@example.com, status=OFFLINE, createdAt=2025-01-09T08:37:06.099062600-06:00[America/Chicago], lastSeenAt=null)=User(id=24f29db9-6e14-4fff-8cb8-6993fdd302b5, username=testuser, password=$2a$10$r.vcAGaIbvTxkGjclb7vHuQELVHrZTzft.JRAg7U1TGTkRLkLVYkG, email=test@example.com, status=OFFLINE, createdAt=2025-01-09T08:37:06.099062600-06:00[America/Chicago], lastSeenAt=null)} for CollectionEntry[<unreferenced>]
2025-01-09T08:37:06.107-06:00 DEBUG 20036 --- [           main] org.springframework.test.context.cache   : Spring test ApplicationContext cache statistics: [DefaultContextCache@3bd6ce4e size = 5, maxSize = 32, parentContextCount = 0, hitCount = 293, missCount = 9, failureCount = 1]
2025-01-09T08:37:06.107-06:00 DEBUG 20036 --- [           main] o.s.orm.jpa.JpaTransactionManager        : Found thread-bound EntityManager [SessionImpl(309965122<open>)] for JPA transaction
2025-01-09T08:37:06.107-06:00 DEBUG 20036 --- [           main] o.s.orm.jpa.JpaTransactionManager        : Participating in existing transaction
2025-01-09T08:37:06.108-06:00 DEBUG 20036 --- [           main] org.hibernate.orm.sql.ast.create         : Created new SQL alias : u1_0
2025-01-09T08:37:06.108-06:00 DEBUG 20036 --- [           main] org.hibernate.orm.sql.ast.create         : Registration of TableGroup [StandardTableGroup(com.chatgenius.model.User(1605497483300))] with identifierForTableGroup [com.chatgenius.model.User] for NavigablePath [com.chatgenius.model.User] 
2025-01-09T08:37:06.108-06:00 DEBUG 20036 --- [           main] o.h.q.sqm.sql.BaseSqmToSqlAstConverter   : Determining mapping-model type for SqmParameter : org.hibernate.query.sqm.tree.expression.SqmJpaCriteriaParameterWrapper@bf0e1c3
2025-01-09T08:37:06.108-06:00 DEBUG 20036 --- [           main] o.h.q.sqm.sql.BaseSqmToSqlAstConverter   : Determining mapping-model type for SqmPath : SqmBasicValuedSimplePath(com.chatgenius.model.User(1605497483300).username) 
2025-01-09T08:37:06.108-06:00 DEBUG 20036 --- [           main] org.hibernate.orm.results.graph.AST      : DomainResult Graph:
 \-BasicResult [com.chatgenius.model.User(1605497483300).id]

2025-01-09T08:37:06.108-06:00 DEBUG 20036 --- [           main] org.hibernate.orm.sql.ast.tree           : SQL AST Tree:
    SelectStatement {
      FromClause {
        StandardTableGroup (u1 : com.chatgenius.model.User(1605497483300)) {
          primaryTableReference : users as u1_0
        }
      }
    }

2025-01-09T08:37:06.108-06:00 DEBUG 20036 --- [           main] o.h.e.i.AbstractFlushingEventListener    : Processing flush-time cascades
2025-01-09T08:37:06.108-06:00 DEBUG 20036 --- [           main] o.h.e.i.AbstractFlushingEventListener    : Dirty checking collections
2025-01-09T08:37:06.108-06:00 DEBUG 20036 --- [           main] o.hibernate.engine.internal.Collections  : Collection found: [com.chatgenius.model.Channel.members#cdb10bf5-19cd-4a75-be69-b8f15ced6eaf], was: [<unreferenced>] (initialized)
2025-01-09T08:37:06.108-06:00 DEBUG 20036 --- [           main] o.h.e.i.AbstractFlushingEventListener    : Flushed: 2 insertions, 0 updates, 0 deletions to 2 objects
2025-01-09T08:37:06.108-06:00 DEBUG 20036 --- [           main] o.h.e.i.AbstractFlushingEventListener    : Flushed: 1 (re)creations, 0 updates, 0 removals to 1 collections
2025-01-09T08:37:06.108-06:00 DEBUG 20036 --- [           main] o.hibernate.internal.util.EntityPrinter  : Listing entities:
2025-01-09T08:37:06.108-06:00 DEBUG 20036 --- [           main] o.hibernate.internal.util.EntityPrinter  : com.chatgenius.model.User{lastSeenAt=null, createdAt=2025-01-09T08:37:06.099062600-06:00[America/Chicago], password=$2a$10$r.vcAGaIbvTxkGjclb7vHuQELVHrZTzft.JRAg7U1TGTkRLkLVYkG, id=24f29db9-6e14-4fff-8cb8-6993fdd302b5, email=test@example.com, status=OFFLINE, username=testuser}
2025-01-09T08:37:06.108-06:00 DEBUG 20036 --- [           main] o.hibernate.internal.util.EntityPrinter  : com.chatgenius.model.Channel{createdAt=2025-01-09T08:37:06.100062400-06:00[America/Chicago], members=[com.chatgenius.model.User#24f29db9-6e14-4fff-8cb8-6993fdd302b5], name=test-channel, id=cdb10bf5-19cd-4a75-be69-b8f15ced6eaf, type=PUBLIC}
2025-01-09T08:37:06.108-06:00 DEBUG 20036 --- [           main] org.hibernate.engine.spi.ActionQueue     : Changes must be flushed to space: users
2025-01-09T08:37:06.108-06:00 DEBUG 20036 --- [           main] org.hibernate.SQL                        : 
    insert 
    into
        users
        (created_at, email, last_seen_at, password, status, username, id) 
    values
        (?, ?, ?, ?, ?, ?, ?)
Hibernate: 
    insert 
    into
        users
        (created_at, email, last_seen_at, password, status, username, id) 
    values
        (?, ?, ?, ?, ?, ?, ?)
2025-01-09T08:37:06.109-06:00 DEBUG 20036 --- [           main] org.hibernate.SQL                        : 
    insert 
    into
        channels
        (created_at, name, type, id) 
    values
        (?, ?, ?, ?)
Hibernate: 
    insert 
    into
        channels
        (created_at, name, type, id) 
    values
        (?, ?, ?, ?)
2025-01-09T08:37:06.109-06:00 DEBUG 20036 --- [           main] org.hibernate.orm.jdbc.mutation          : Inserting collection rows - com.chatgenius.model.Channel.members : cdb10bf5-19cd-4a75-be69-b8f15ced6eaf
2025-01-09T08:37:06.109-06:00 DEBUG 20036 --- [           main] org.hibernate.SQL                        : 
    insert 
    into
        channel_members
        (channel_id, user_id) 
    values
        (?, ?)
Hibernate: 
    insert 
    into
        channel_members
        (channel_id, user_id) 
    values
        (?, ?)
2025-01-09T08:37:06.109-06:00 DEBUG 20036 --- [           main] org.hibernate.orm.jdbc.mutation          : Done inserting `1` collection rows : com.chatgenius.model.Channel.members
2025-01-09T08:37:06.109-06:00 DEBUG 20036 --- [           main] org.hibernate.orm.sql.exec               : Skipping reading Query result cache data: cache-enabled = false, cache-mode = NORMAL
2025-01-09T08:37:06.109-06:00 DEBUG 20036 --- [           main] org.hibernate.orm.results                : Initializer list is empty
2025-01-09T08:37:06.109-06:00 DEBUG 20036 --- [           main] org.hibernate.SQL                        : 
    select
        u1_0.id 
    from
        users u1_0 
    where
        u1_0.username=? 
    fetch
        first ? rows only
Hibernate: 
    select
        u1_0.id 
    from
        users u1_0 
    where
        u1_0.username=? 
    fetch
        first ? rows only
2025-01-09T08:37:06.110-06:00 DEBUG 20036 --- [           main] org.hibernate.orm.sql.ast.create         : Created new SQL alias : u1_0
2025-01-09T08:37:06.110-06:00 DEBUG 20036 --- [           main] org.hibernate.orm.sql.ast.create         : Registration of TableGroup [StandardTableGroup(com.chatgenius.model.User(1605495198700))] with identifierForTableGroup [com.chatgenius.model.User] for NavigablePath [com.chatgenius.model.User] 
2025-01-09T08:37:06.110-06:00 DEBUG 20036 --- [           main] o.h.q.sqm.sql.BaseSqmToSqlAstConverter   : Determining mapping-model type for SqmParameter : org.hibernate.query.sqm.tree.expression.SqmJpaCriteriaParameterWrapper@512b7f4b
2025-01-09T08:37:06.110-06:00 DEBUG 20036 --- [           main] o.h.q.sqm.sql.BaseSqmToSqlAstConverter   : Determining mapping-model type for SqmPath : SqmBasicValuedSimplePath(com.chatgenius.model.User(1605495198700).email) 
2025-01-09T08:37:06.110-06:00 DEBUG 20036 --- [           main] org.hibernate.orm.results.graph.AST      : DomainResult Graph:
 \-BasicResult [com.chatgenius.model.User(1605495198700).id]

2025-01-09T08:37:06.110-06:00 DEBUG 20036 --- [           main] org.hibernate.orm.sql.ast.tree           : SQL AST Tree:
    SelectStatement {
      FromClause {
        StandardTableGroup (u1 : com.chatgenius.model.User(1605495198700)) {
          primaryTableReference : users as u1_0
        }
      }
    }

2025-01-09T08:37:06.110-06:00 DEBUG 20036 --- [           main] o.h.e.i.AbstractFlushingEventListener    : Processing flush-time cascades
2025-01-09T08:37:06.110-06:00 DEBUG 20036 --- [           main] o.h.e.i.AbstractFlushingEventListener    : Dirty checking collections
2025-01-09T08:37:06.110-06:00 DEBUG 20036 --- [           main] o.hibernate.engine.internal.Collections  : Collection found: [com.chatgenius.model.Channel.members#cdb10bf5-19cd-4a75-be69-b8f15ced6eaf], was: [com.chatgenius.model.Channel.members#cdb10bf5-19cd-4a75-be69-b8f15ced6eaf] (initialized)
2025-01-09T08:37:06.110-06:00 DEBUG 20036 --- [           main] o.h.e.i.AbstractFlushingEventListener    : Flushed: 0 insertions, 0 updates, 0 deletions to 2 objects
2025-01-09T08:37:06.110-06:00 DEBUG 20036 --- [           main] o.h.e.i.AbstractFlushingEventListener    : Flushed: 0 (re)creations, 0 updates, 0 removals to 1 collections
2025-01-09T08:37:06.110-06:00 DEBUG 20036 --- [           main] o.hibernate.internal.util.EntityPrinter  : Listing entities:
2025-01-09T08:37:06.110-06:00 DEBUG 20036 --- [           main] o.hibernate.internal.util.EntityPrinter  : com.chatgenius.model.User{lastSeenAt=null, createdAt=2025-01-09T08:37:06.099062600-06:00[America/Chicago], password=$2a$10$r.vcAGaIbvTxkGjclb7vHuQELVHrZTzft.JRAg7U1TGTkRLkLVYkG, id=24f29db9-6e14-4fff-8cb8-6993fdd302b5, email=test@example.com, status=OFFLINE, username=testuser}
2025-01-09T08:37:06.110-06:00 DEBUG 20036 --- [           main] o.hibernate.internal.util.EntityPrinter  : com.chatgenius.model.Channel{createdAt=2025-01-09T08:37:06.100062400-06:00[America/Chicago], members=[com.chatgenius.model.User#24f29db9-6e14-4fff-8cb8-6993fdd302b5], name=test-channel, id=cdb10bf5-19cd-4a75-be69-b8f15ced6eaf, type=PUBLIC}
2025-01-09T08:37:06.110-06:00 DEBUG 20036 --- [           main] org.hibernate.orm.sql.exec               : Skipping reading Query result cache data: cache-enabled = false, cache-mode = NORMAL
2025-01-09T08:37:06.110-06:00 DEBUG 20036 --- [           main] org.hibernate.orm.results                : Initializer list is empty
2025-01-09T08:37:06.110-06:00 DEBUG 20036 --- [           main] org.hibernate.SQL                        : 
    select
        u1_0.id 
    from
        users u1_0 
    where
        u1_0.email=? 
    fetch
        first ? rows only
Hibernate: 
    select
        u1_0.id 
    from
        users u1_0 
    where
        u1_0.email=? 
    fetch
        first ? rows only
2025-01-09T08:37:06.155-06:00 DEBUG 20036 --- [           main] o.s.orm.jpa.JpaTransactionManager        : Found thread-bound EntityManager [SessionImpl(309965122<open>)] for JPA transaction
2025-01-09T08:37:06.155-06:00 DEBUG 20036 --- [           main] o.s.orm.jpa.JpaTransactionManager        : Participating in existing transaction
2025-01-09T08:37:06.155-06:00 DEBUG 20036 --- [           main] o.h.j.internal.PersistenceUnitUtilImpl   : jakarta.persistence.PersistenceUnitUtil.getIdentifier is only intended to work with enhanced entities (although Hibernate also adapts this support to its proxies); however the passed entity was not enhanced (nor a proxy).. may not be able to read identifier
2025-01-09T08:37:06.155-06:00 DEBUG 20036 --- [           main] o.h.e.i.AbstractSaveEventListener        : Generated identifier: 56f3bd25-a5bf-41dc-a10f-d63fcdec1234, using strategy: org.hibernate.id.UUIDGenerator
2025-01-09T08:37:06.155-06:00 DEBUG 20036 --- [           main] o.s.orm.jpa.JpaTransactionManager        : Found thread-bound EntityManager [SessionImpl(309965122<open>)] for JPA transaction
2025-01-09T08:37:06.155-06:00 DEBUG 20036 --- [           main] o.s.orm.jpa.JpaTransactionManager        : Participating in existing transaction
2025-01-09T08:37:06.156-06:00 DEBUG 20036 --- [           main] o.s.orm.jpa.JpaTransactionManager        : Found thread-bound EntityManager [SessionImpl(309965122<open>)] for JPA transaction
2025-01-09T08:37:06.156-06:00 DEBUG 20036 --- [           main] o.s.orm.jpa.JpaTransactionManager        : Participating in existing transaction
2025-01-09T08:37:06.157-06:00 DEBUG 20036 --- [           main] o.s.orm.jpa.JpaTransactionManager        : Found thread-bound EntityManager [SessionImpl(309965122<open>)] for JPA transaction
2025-01-09T08:37:06.157-06:00 DEBUG 20036 --- [           main] o.s.orm.jpa.JpaTransactionManager        : Participating in existing transaction
2025-01-09T08:37:06.157-06:00 DEBUG 20036 --- [           main] o.s.orm.jpa.JpaTransactionManager        : Found thread-bound EntityManager [SessionImpl(309965122<open>)] for JPA transaction
2025-01-09T08:37:06.157-06:00 DEBUG 20036 --- [           main] o.s.orm.jpa.JpaTransactionManager        : Participating in existing transaction
2025-01-09T08:37:06.157-06:00 DEBUG 20036 --- [           main] o.h.j.internal.PersistenceUnitUtilImpl   : jakarta.persistence.PersistenceUnitUtil.getIdentifier is only intended to work with enhanced entities (although Hibernate also adapts this support to its proxies); however the passed entity was not enhanced (nor a proxy).. may not be able to read identifier
2025-01-09T08:37:06.157-06:00 DEBUG 20036 --- [           main] o.s.orm.jpa.JpaTransactionManager        : Found thread-bound EntityManager [SessionImpl(309965122<open>)] for JPA transaction
2025-01-09T08:37:06.157-06:00 DEBUG 20036 --- [           main] o.s.orm.jpa.JpaTransactionManager        : Participating in existing transaction
2025-01-09T08:37:06.157-06:00 DEBUG 20036 --- [           main] org.springframework.test.context.cache   : Spring test ApplicationContext cache statistics: [DefaultContextCache@3bd6ce4e size = 5, maxSize = 32, parentContextCount = 0, hitCount = 294, missCount = 9, failureCount = 1]
2025-01-09T08:37:06.157-06:00 DEBUG 20036 --- [           main] org.springframework.test.context.cache   : Spring test ApplicationContext cache statistics: [DefaultContextCache@3bd6ce4e size = 5, maxSize = 32, parentContextCount = 0, hitCount = 295, missCount = 9, failureCount = 1]
2025-01-09T08:37:06.157-06:00 DEBUG 20036 --- [           main] org.springframework.test.context.cache   : Spring test ApplicationContext cache statistics: [DefaultContextCache@3bd6ce4e size = 5, maxSize = 32, parentContextCount = 0, hitCount = 296, missCount = 9, failureCount = 1]
2025-01-09T08:37:06.157-06:00 DEBUG 20036 --- [           main] org.springframework.test.context.cache   : Spring test ApplicationContext cache statistics: [DefaultContextCache@3bd6ce4e size = 5, maxSize = 32, parentContextCount = 0, hitCount = 297, missCount = 9, failureCount = 1]
2025-01-09T08:37:06.158-06:00 DEBUG 20036 --- [           main] org.springframework.test.context.cache   : Spring test ApplicationContext cache statistics: [DefaultContextCache@3bd6ce4e size = 5, maxSize = 32, parentContextCount = 0, hitCount = 298, missCount = 9, failureCount = 1]
2025-01-09T08:37:06.158-06:00 DEBUG 20036 --- [           main] org.springframework.test.context.cache   : Spring test ApplicationContext cache statistics: [DefaultContextCache@3bd6ce4e size = 5, maxSize = 32, parentContextCount = 0, hitCount = 299, missCount = 9, failureCount = 1]
2025-01-09T08:37:06.158-06:00 DEBUG 20036 --- [           main] org.springframework.test.context.cache   : Spring test ApplicationContext cache statistics: [DefaultContextCache@3bd6ce4e size = 5, maxSize = 32, parentContextCount = 0, hitCount = 300, missCount = 9, failureCount = 1]
2025-01-09T08:37:06.158-06:00 DEBUG 20036 --- [           main] o.s.orm.jpa.JpaTransactionManager        : Initiating transaction rollback
2025-01-09T08:37:06.158-06:00 DEBUG 20036 --- [           main] o.s.orm.jpa.JpaTransactionManager        : Rolling back JPA transaction on EntityManager [SessionImpl(309965122<open>)]
2025-01-09T08:37:06.158-06:00 DEBUG 20036 --- [           main] o.h.e.t.internal.TransactionImpl         : rolling back
2025-01-09T08:37:06.158-06:00 DEBUG 20036 --- [           main] o.s.orm.jpa.JpaTransactionManager        : Closing JPA EntityManager [SessionImpl(309965122<open>)] after transaction
2025-01-09T08:37:06.158-06:00 DEBUG 20036 --- [           main] o.s.t.c.transaction.TransactionContext   : Rolled back transaction (1) for test class [com.chatgenius.service.ChatServiceTest]; test method [addMemberToChannel_Success]
2025-01-09T08:37:06.158-06:00 DEBUG 20036 --- [           main] .c.s.DirtiesContextTestExecutionListener : After test method: class [ChatServiceTest], method [addMemberToChannel_Success], class annotated with @DirtiesContext [false] with mode [null], method annotated with @DirtiesContext [false] with mode [null]
2025-01-09T08:37:06.158-06:00 DEBUG 20036 --- [           main] o.s.t.c.w.ServletTestExecutionListener   : Resetting RequestContextHolder for test class com.chatgenius.service.ChatServiceTest
]]></system-out>
  </testcase>
  <testcase name="createChannel_Success" classname="com.chatgenius.service.ChatServiceTest" time="0.052">
    <system-out><![CDATA[2025-01-09T08:37:06.159-06:00 DEBUG 20036 --- [           main] org.springframework.test.context.cache   : Spring test ApplicationContext cache statistics: [DefaultContextCache@3bd6ce4e size = 5, maxSize = 32, parentContextCount = 0, hitCount = 301, missCount = 9, failureCount = 1]
2025-01-09T08:37:06.159-06:00 DEBUG 20036 --- [           main] o.s.t.c.w.ServletTestExecutionListener   : Setting up MockHttpServletRequest, MockHttpServletResponse, ServletWebRequest, and RequestContextHolder for test class com.chatgenius.service.ChatServiceTest
2025-01-09T08:37:06.159-06:00 DEBUG 20036 --- [           main] DependencyInjectionTestExecutionListener : Performing dependency injection for test class com.chatgenius.service.ChatServiceTest
2025-01-09T08:37:06.159-06:00 DEBUG 20036 --- [           main] org.springframework.test.context.cache   : Spring test ApplicationContext cache statistics: [DefaultContextCache@3bd6ce4e size = 5, maxSize = 32, parentContextCount = 0, hitCount = 302, missCount = 9, failureCount = 1]
2025-01-09T08:37:06.159-06:00 DEBUG 20036 --- [           main] org.springframework.test.context.cache   : Spring test ApplicationContext cache statistics: [DefaultContextCache@3bd6ce4e size = 5, maxSize = 32, parentContextCount = 0, hitCount = 303, missCount = 9, failureCount = 1]
2025-01-09T08:37:06.159-06:00 DEBUG 20036 --- [           main] sContextBeforeModesTestExecutionListener : Before test method: class [ChatServiceTest], method [createChannel_Success], class annotated with @DirtiesContext [false] with mode [null], method annotated with @DirtiesContext [false] with mode [null]
2025-01-09T08:37:06.159-06:00 DEBUG 20036 --- [           main] t.c.t.TransactionalTestExecutionListener : Explicit transaction definition [PROPAGATION_REQUIRED,ISOLATION_DEFAULT] found for test class [com.chatgenius.service.ChatServiceTest] and test method [createChannel_Success]
2025-01-09T08:37:06.159-06:00 DEBUG 20036 --- [           main] org.springframework.test.context.cache   : Spring test ApplicationContext cache statistics: [DefaultContextCache@3bd6ce4e size = 5, maxSize = 32, parentContextCount = 0, hitCount = 304, missCount = 9, failureCount = 1]
2025-01-09T08:37:06.159-06:00 DEBUG 20036 --- [           main] t.c.t.TransactionalTestExecutionListener : No method-level @Rollback override: using default rollback [true] for test method [void com.chatgenius.service.ChatServiceTest.createChannel_Success()]
2025-01-09T08:37:06.159-06:00 DEBUG 20036 --- [           main] o.s.orm.jpa.JpaTransactionManager        : Creating new transaction with name [com.chatgenius.service.ChatServiceTest.createChannel_Success]: PROPAGATION_REQUIRED,ISOLATION_DEFAULT
2025-01-09T08:37:06.160-06:00 DEBUG 20036 --- [           main] o.s.orm.jpa.JpaTransactionManager        : Opened new EntityManager [SessionImpl(1504814937<open>)] for JPA transaction
2025-01-09T08:37:06.160-06:00 DEBUG 20036 --- [           main] o.h.e.t.internal.TransactionImpl         : On TransactionImpl creation, JpaCompliance#isJpaTransactionComplianceEnabled == false
2025-01-09T08:37:06.160-06:00 DEBUG 20036 --- [           main] o.h.e.t.internal.TransactionImpl         : begin
2025-01-09T08:37:06.160-06:00 DEBUG 20036 --- [           main] o.s.orm.jpa.JpaTransactionManager        : Exposing JPA transaction as JDBC [org.springframework.orm.jpa.vendor.HibernateJpaDialect$HibernateConnectionHandle@7b667c59]
2025-01-09T08:37:06.160-06:00 DEBUG 20036 --- [           main] o.s.t.c.transaction.TransactionContext   : Began transaction (1) for test class [com.chatgenius.service.ChatServiceTest]; test method [createChannel_Success]; transaction manager [org.springframework.orm.jpa.JpaTransactionManager@5f2066c6]; rollback [true]
2025-01-09T08:37:06.160-06:00 DEBUG 20036 --- [           main] org.springframework.test.context.cache   : Spring test ApplicationContext cache statistics: [DefaultContextCache@3bd6ce4e size = 5, maxSize = 32, parentContextCount = 0, hitCount = 305, missCount = 9, failureCount = 1]
2025-01-09T08:37:06.160-06:00 DEBUG 20036 --- [           main] org.springframework.test.context.cache   : Spring test ApplicationContext cache statistics: [DefaultContextCache@3bd6ce4e size = 5, maxSize = 32, parentContextCount = 0, hitCount = 306, missCount = 9, failureCount = 1]
2025-01-09T08:37:06.160-06:00 DEBUG 20036 --- [           main] o.s.orm.jpa.JpaTransactionManager        : Found thread-bound EntityManager [SessionImpl(1504814937<open>)] for JPA transaction
2025-01-09T08:37:06.160-06:00 DEBUG 20036 --- [           main] o.s.orm.jpa.JpaTransactionManager        : Participating in existing transaction
2025-01-09T08:37:06.160-06:00 DEBUG 20036 --- [           main] org.hibernate.orm.sql.ast.create         : Created new SQL alias : c1_0
2025-01-09T08:37:06.160-06:00 DEBUG 20036 --- [           main] org.hibernate.orm.sql.ast.create         : Registration of TableGroup [StandardTableGroup(com.chatgenius.model.Channel(1605841408100))] with identifierForTableGroup [com.chatgenius.model.Channel] for NavigablePath [com.chatgenius.model.Channel] 
2025-01-09T08:37:06.161-06:00 DEBUG 20036 --- [           main] org.hibernate.orm.results.graph.AST      : DomainResult Graph:
 \-EntityResultImpl [com.chatgenius.model.Channel(1605841408100)]
 |  +-BasicFetch [com.chatgenius.model.Channel(1605841408100).createdAt]
 |  +-DelayedCollectionFetch [com.chatgenius.model.Channel(1605841408100).members]
 |  +-BasicFetch [com.chatgenius.model.Channel(1605841408100).name]
 |  \-BasicFetch [com.chatgenius.model.Channel(1605841408100).type]

2025-01-09T08:37:06.161-06:00 DEBUG 20036 --- [           main] org.hibernate.orm.sql.ast.tree           : SQL AST Tree:
    SelectStatement {
      FromClause {
        StandardTableGroup (c1 : com.chatgenius.model.Channel(1605841408100)) {
          primaryTableReference : channels as c1_0
        }
      }
    }

2025-01-09T08:37:06.161-06:00 DEBUG 20036 --- [           main] org.hibernate.orm.sql.exec               : Skipping reading Query result cache data: cache-enabled = false, cache-mode = NORMAL
2025-01-09T08:37:06.161-06:00 DEBUG 20036 --- [           main] org.hibernate.orm.results                : Initializer list:
	  com.chatgenius.model.Channel(1605841408100).members -> DelayedCollectionInitializer(com.chatgenius.model.Channel(1605841408100).members)@365926255 (PluralAttribute(com.chatgenius.model.Channel.members))
	  com.chatgenius.model.Channel(1605841408100) -> EntityResultInitializer(com.chatgenius.model.Channel(1605841408100))@1353316905 (SingleTableEntityPersister(com.chatgenius.model.Channel))

2025-01-09T08:37:06.161-06:00 DEBUG 20036 --- [           main] org.hibernate.SQL                        : 
    select
        c1_0.id,
        c1_0.created_at,
        c1_0.name,
        c1_0.type 
    from
        channels c1_0
Hibernate: 
    select
        c1_0.id,
        c1_0.created_at,
        c1_0.name,
        c1_0.type 
    from
        channels c1_0
2025-01-09T08:37:06.161-06:00 DEBUG 20036 --- [           main] o.s.orm.jpa.JpaTransactionManager        : Found thread-bound EntityManager [SessionImpl(1504814937<open>)] for JPA transaction
2025-01-09T08:37:06.161-06:00 DEBUG 20036 --- [           main] o.s.orm.jpa.JpaTransactionManager        : Participating in existing transaction
2025-01-09T08:37:06.161-06:00 DEBUG 20036 --- [           main] org.hibernate.orm.sql.ast.create         : Created new SQL alias : u1_0
2025-01-09T08:37:06.161-06:00 DEBUG 20036 --- [           main] org.hibernate.orm.sql.ast.create         : Registration of TableGroup [StandardTableGroup(com.chatgenius.model.User(1605842503400))] with identifierForTableGroup [com.chatgenius.model.User] for NavigablePath [com.chatgenius.model.User] 
2025-01-09T08:37:06.162-06:00 DEBUG 20036 --- [           main] org.hibernate.orm.results.graph.AST      : DomainResult Graph:
 \-EntityResultImpl [com.chatgenius.model.User(1605842503400)]
 |  +-BasicFetch [com.chatgenius.model.User(1605842503400).createdAt]
 |  +-BasicFetch [com.chatgenius.model.User(1605842503400).email]
 |  +-BasicFetch [com.chatgenius.model.User(1605842503400).lastSeenAt]
 |  +-BasicFetch [com.chatgenius.model.User(1605842503400).password]
 |  +-BasicFetch [com.chatgenius.model.User(1605842503400).status]
 |  \-BasicFetch [com.chatgenius.model.User(1605842503400).username]

2025-01-09T08:37:06.162-06:00 DEBUG 20036 --- [           main] org.hibernate.orm.sql.ast.tree           : SQL AST Tree:
    SelectStatement {
      FromClause {
        StandardTableGroup (u1 : com.chatgenius.model.User(1605842503400)) {
          primaryTableReference : users as u1_0
        }
      }
    }

2025-01-09T08:37:06.162-06:00 DEBUG 20036 --- [           main] org.hibernate.orm.sql.exec               : Skipping reading Query result cache data: cache-enabled = false, cache-mode = NORMAL
2025-01-09T08:37:06.162-06:00 DEBUG 20036 --- [           main] org.hibernate.orm.results                : Initializer list:
	  com.chatgenius.model.User(1605842503400) -> EntityResultInitializer(com.chatgenius.model.User(1605842503400))@646945284 (SingleTableEntityPersister(com.chatgenius.model.User))

2025-01-09T08:37:06.162-06:00 DEBUG 20036 --- [           main] org.hibernate.SQL                        : 
    select
        u1_0.id,
        u1_0.created_at,
        u1_0.email,
        u1_0.last_seen_at,
        u1_0.password,
        u1_0.status,
        u1_0.username 
    from
        users u1_0
Hibernate: 
    select
        u1_0.id,
        u1_0.created_at,
        u1_0.email,
        u1_0.last_seen_at,
        u1_0.password,
        u1_0.status,
        u1_0.username 
    from
        users u1_0
2025-01-09T08:37:06.162-06:00 DEBUG 20036 --- [           main] o.s.orm.jpa.JpaTransactionManager        : Found thread-bound EntityManager [SessionImpl(1504814937<open>)] for JPA transaction
2025-01-09T08:37:06.162-06:00 DEBUG 20036 --- [           main] o.s.orm.jpa.JpaTransactionManager        : Participating in existing transaction
2025-01-09T08:37:06.162-06:00 DEBUG 20036 --- [           main] org.hibernate.orm.sql.ast.create         : Created new SQL alias : u1_0
2025-01-09T08:37:06.162-06:00 DEBUG 20036 --- [           main] org.hibernate.orm.sql.ast.create         : Registration of TableGroup [StandardTableGroup(com.chatgenius.model.User(1605497483300))] with identifierForTableGroup [com.chatgenius.model.User] for NavigablePath [com.chatgenius.model.User] 
2025-01-09T08:37:06.163-06:00 DEBUG 20036 --- [           main] o.h.q.sqm.sql.BaseSqmToSqlAstConverter   : Determining mapping-model type for SqmParameter : org.hibernate.query.sqm.tree.expression.SqmJpaCriteriaParameterWrapper@4063c453
2025-01-09T08:37:06.163-06:00 DEBUG 20036 --- [           main] o.h.q.sqm.sql.BaseSqmToSqlAstConverter   : Determining mapping-model type for SqmPath : SqmBasicValuedSimplePath(com.chatgenius.model.User(1605497483300).username) 
2025-01-09T08:37:06.163-06:00 DEBUG 20036 --- [           main] org.hibernate.orm.results.graph.AST      : DomainResult Graph:
 \-BasicResult [com.chatgenius.model.User(1605497483300).id]

2025-01-09T08:37:06.163-06:00 DEBUG 20036 --- [           main] org.hibernate.orm.sql.ast.tree           : SQL AST Tree:
    SelectStatement {
      FromClause {
        StandardTableGroup (u1 : com.chatgenius.model.User(1605497483300)) {
          primaryTableReference : users as u1_0
        }
      }
    }

2025-01-09T08:37:06.163-06:00 DEBUG 20036 --- [           main] org.hibernate.orm.sql.exec               : Skipping reading Query result cache data: cache-enabled = false, cache-mode = NORMAL
2025-01-09T08:37:06.163-06:00 DEBUG 20036 --- [           main] org.hibernate.orm.results                : Initializer list is empty
2025-01-09T08:37:06.163-06:00 DEBUG 20036 --- [           main] org.hibernate.SQL                        : 
    select
        u1_0.id 
    from
        users u1_0 
    where
        u1_0.username=? 
    fetch
        first ? rows only
Hibernate: 
    select
        u1_0.id 
    from
        users u1_0 
    where
        u1_0.username=? 
    fetch
        first ? rows only
2025-01-09T08:37:06.163-06:00 DEBUG 20036 --- [           main] org.hibernate.orm.sql.ast.create         : Created new SQL alias : u1_0
2025-01-09T08:37:06.163-06:00 DEBUG 20036 --- [           main] org.hibernate.orm.sql.ast.create         : Registration of TableGroup [StandardTableGroup(com.chatgenius.model.User(1605495198700))] with identifierForTableGroup [com.chatgenius.model.User] for NavigablePath [com.chatgenius.model.User] 
2025-01-09T08:37:06.163-06:00 DEBUG 20036 --- [           main] o.h.q.sqm.sql.BaseSqmToSqlAstConverter   : Determining mapping-model type for SqmParameter : org.hibernate.query.sqm.tree.expression.SqmJpaCriteriaParameterWrapper@5aa90875
2025-01-09T08:37:06.163-06:00 DEBUG 20036 --- [           main] o.h.q.sqm.sql.BaseSqmToSqlAstConverter   : Determining mapping-model type for SqmPath : SqmBasicValuedSimplePath(com.chatgenius.model.User(1605495198700).email) 
2025-01-09T08:37:06.163-06:00 DEBUG 20036 --- [           main] org.hibernate.orm.results.graph.AST      : DomainResult Graph:
 \-BasicResult [com.chatgenius.model.User(1605495198700).id]

2025-01-09T08:37:06.163-06:00 DEBUG 20036 --- [           main] org.hibernate.orm.sql.ast.tree           : SQL AST Tree:
    SelectStatement {
      FromClause {
        StandardTableGroup (u1 : com.chatgenius.model.User(1605495198700)) {
          primaryTableReference : users as u1_0
        }
      }
    }

2025-01-09T08:37:06.163-06:00 DEBUG 20036 --- [           main] org.hibernate.orm.sql.exec               : Skipping reading Query result cache data: cache-enabled = false, cache-mode = NORMAL
2025-01-09T08:37:06.163-06:00 DEBUG 20036 --- [           main] org.hibernate.orm.results                : Initializer list is empty
2025-01-09T08:37:06.163-06:00 DEBUG 20036 --- [           main] org.hibernate.SQL                        : 
    select
        u1_0.id 
    from
        users u1_0 
    where
        u1_0.email=? 
    fetch
        first ? rows only
Hibernate: 
    select
        u1_0.id 
    from
        users u1_0 
    where
        u1_0.email=? 
    fetch
        first ? rows only
2025-01-09T08:37:06.208-06:00 DEBUG 20036 --- [           main] o.s.orm.jpa.JpaTransactionManager        : Found thread-bound EntityManager [SessionImpl(1504814937<open>)] for JPA transaction
2025-01-09T08:37:06.208-06:00 DEBUG 20036 --- [           main] o.s.orm.jpa.JpaTransactionManager        : Participating in existing transaction
2025-01-09T08:37:06.208-06:00 DEBUG 20036 --- [           main] o.h.j.internal.PersistenceUnitUtilImpl   : jakarta.persistence.PersistenceUnitUtil.getIdentifier is only intended to work with enhanced entities (although Hibernate also adapts this support to its proxies); however the passed entity was not enhanced (nor a proxy).. may not be able to read identifier
2025-01-09T08:37:06.208-06:00 DEBUG 20036 --- [           main] o.h.e.i.AbstractSaveEventListener        : Generated identifier: b1025662-4d44-411d-a8ca-a04fb86dd609, using strategy: org.hibernate.id.UUIDGenerator
2025-01-09T08:37:06.208-06:00 DEBUG 20036 --- [           main] o.s.orm.jpa.JpaTransactionManager        : Found thread-bound EntityManager [SessionImpl(1504814937<open>)] for JPA transaction
2025-01-09T08:37:06.208-06:00 DEBUG 20036 --- [           main] o.s.orm.jpa.JpaTransactionManager        : Participating in existing transaction
2025-01-09T08:37:06.208-06:00 DEBUG 20036 --- [           main] o.h.j.internal.PersistenceUnitUtilImpl   : jakarta.persistence.PersistenceUnitUtil.getIdentifier is only intended to work with enhanced entities (although Hibernate also adapts this support to its proxies); however the passed entity was not enhanced (nor a proxy).. may not be able to read identifier
2025-01-09T08:37:06.208-06:00 DEBUG 20036 --- [           main] org.hibernate.orm.sql.exec               : Skipping reading Query result cache data: cache-enabled = false, cache-mode = IGNORE
2025-01-09T08:37:06.208-06:00 DEBUG 20036 --- [           main] org.hibernate.orm.results                : Initializer list:
	  com.chatgenius.model.Channel -> EntityResultInitializer(com.chatgenius.model.Channel)@63578078 (SingleTableEntityPersister(com.chatgenius.model.Channel))
	  com.chatgenius.model.Channel.members -> DelayedCollectionInitializer(com.chatgenius.model.Channel.members)@2138447676 (PluralAttribute(com.chatgenius.model.Channel.members))

2025-01-09T08:37:06.208-06:00 DEBUG 20036 --- [           main] org.hibernate.SQL                        : 
    select
        c1_0.id,
        c1_0.created_at,
        c1_0.name,
        c1_0.type 
    from
        channels c1_0 
    where
        c1_0.id=?
Hibernate: 
    select
        c1_0.id,
        c1_0.created_at,
        c1_0.name,
        c1_0.type 
    from
        channels c1_0 
    where
        c1_0.id=?
2025-01-09T08:37:06.209-06:00 DEBUG 20036 --- [           main] o.h.e.i.AbstractSaveEventListener        : Generated identifier: 2cd429e6-8e7f-4ad6-af61-c45d1f4acda4, using strategy: org.hibernate.id.UUIDGenerator
2025-01-09T08:37:06.209-06:00 DEBUG 20036 --- [           main] o.hibernate.engine.spi.CollectionEntry   : Reset storedSnapshot to {User(id=b1025662-4d44-411d-a8ca-a04fb86dd609, username=testuser, password=$2a$10$uW6OCr/zZuDw82TmmzjI8eKeKBcQ298AnGM/pysoBWEnWWXDMdzwy, email=test@example.com, status=OFFLINE, createdAt=2025-01-09T08:37:06.208569200-06:00[America/Chicago], lastSeenAt=null)=User(id=b1025662-4d44-411d-a8ca-a04fb86dd609, username=testuser, password=$2a$10$uW6OCr/zZuDw82TmmzjI8eKeKBcQ298AnGM/pysoBWEnWWXDMdzwy, email=test@example.com, status=OFFLINE, createdAt=2025-01-09T08:37:06.208569200-06:00[America/Chicago], lastSeenAt=null)} for CollectionEntry[<unreferenced>]
2025-01-09T08:37:06.209-06:00 DEBUG 20036 --- [           main] org.springframework.test.context.cache   : Spring test ApplicationContext cache statistics: [DefaultContextCache@3bd6ce4e size = 5, maxSize = 32, parentContextCount = 0, hitCount = 307, missCount = 9, failureCount = 1]
2025-01-09T08:37:06.209-06:00 DEBUG 20036 --- [           main] o.s.orm.jpa.JpaTransactionManager        : Found thread-bound EntityManager [SessionImpl(1504814937<open>)] for JPA transaction
2025-01-09T08:37:06.209-06:00 DEBUG 20036 --- [           main] o.s.orm.jpa.JpaTransactionManager        : Participating in existing transaction
2025-01-09T08:37:06.209-06:00 DEBUG 20036 --- [           main] o.s.orm.jpa.JpaTransactionManager        : Found thread-bound EntityManager [SessionImpl(1504814937<open>)] for JPA transaction
2025-01-09T08:37:06.209-06:00 DEBUG 20036 --- [           main] o.s.orm.jpa.JpaTransactionManager        : Participating in existing transaction
2025-01-09T08:37:06.210-06:00 DEBUG 20036 --- [           main] o.s.orm.jpa.JpaTransactionManager        : Found thread-bound EntityManager [SessionImpl(1504814937<open>)] for JPA transaction
2025-01-09T08:37:06.210-06:00 DEBUG 20036 --- [           main] o.s.orm.jpa.JpaTransactionManager        : Participating in existing transaction
2025-01-09T08:37:06.210-06:00 DEBUG 20036 --- [           main] o.h.j.internal.PersistenceUnitUtilImpl   : jakarta.persistence.PersistenceUnitUtil.getIdentifier is only intended to work with enhanced entities (although Hibernate also adapts this support to its proxies); however the passed entity was not enhanced (nor a proxy).. may not be able to read identifier
2025-01-09T08:37:06.210-06:00 DEBUG 20036 --- [           main] o.h.e.i.AbstractSaveEventListener        : Generated identifier: 26da9d7b-59f6-480a-8290-d3958220d4e1, using strategy: org.hibernate.id.UUIDGenerator
2025-01-09T08:37:06.210-06:00 DEBUG 20036 --- [           main] org.springframework.test.context.cache   : Spring test ApplicationContext cache statistics: [DefaultContextCache@3bd6ce4e size = 5, maxSize = 32, parentContextCount = 0, hitCount = 308, missCount = 9, failureCount = 1]
2025-01-09T08:37:06.210-06:00 DEBUG 20036 --- [           main] org.springframework.test.context.cache   : Spring test ApplicationContext cache statistics: [DefaultContextCache@3bd6ce4e size = 5, maxSize = 32, parentContextCount = 0, hitCount = 309, missCount = 9, failureCount = 1]
2025-01-09T08:37:06.210-06:00 DEBUG 20036 --- [           main] org.springframework.test.context.cache   : Spring test ApplicationContext cache statistics: [DefaultContextCache@3bd6ce4e size = 5, maxSize = 32, parentContextCount = 0, hitCount = 310, missCount = 9, failureCount = 1]
2025-01-09T08:37:06.210-06:00 DEBUG 20036 --- [           main] org.springframework.test.context.cache   : Spring test ApplicationContext cache statistics: [DefaultContextCache@3bd6ce4e size = 5, maxSize = 32, parentContextCount = 0, hitCount = 311, missCount = 9, failureCount = 1]
2025-01-09T08:37:06.210-06:00 DEBUG 20036 --- [           main] org.springframework.test.context.cache   : Spring test ApplicationContext cache statistics: [DefaultContextCache@3bd6ce4e size = 5, maxSize = 32, parentContextCount = 0, hitCount = 312, missCount = 9, failureCount = 1]
2025-01-09T08:37:06.210-06:00 DEBUG 20036 --- [           main] org.springframework.test.context.cache   : Spring test ApplicationContext cache statistics: [DefaultContextCache@3bd6ce4e size = 5, maxSize = 32, parentContextCount = 0, hitCount = 313, missCount = 9, failureCount = 1]
2025-01-09T08:37:06.210-06:00 DEBUG 20036 --- [           main] org.springframework.test.context.cache   : Spring test ApplicationContext cache statistics: [DefaultContextCache@3bd6ce4e size = 5, maxSize = 32, parentContextCount = 0, hitCount = 314, missCount = 9, failureCount = 1]
2025-01-09T08:37:06.210-06:00 DEBUG 20036 --- [           main] o.s.orm.jpa.JpaTransactionManager        : Initiating transaction rollback
2025-01-09T08:37:06.210-06:00 DEBUG 20036 --- [           main] o.s.orm.jpa.JpaTransactionManager        : Rolling back JPA transaction on EntityManager [SessionImpl(1504814937<open>)]
2025-01-09T08:37:06.210-06:00 DEBUG 20036 --- [           main] o.h.e.t.internal.TransactionImpl         : rolling back
2025-01-09T08:37:06.210-06:00 DEBUG 20036 --- [           main] o.s.orm.jpa.JpaTransactionManager        : Closing JPA EntityManager [SessionImpl(1504814937<open>)] after transaction
2025-01-09T08:37:06.211-06:00 DEBUG 20036 --- [           main] o.s.t.c.transaction.TransactionContext   : Rolled back transaction (1) for test class [com.chatgenius.service.ChatServiceTest]; test method [createChannel_Success]
2025-01-09T08:37:06.211-06:00 DEBUG 20036 --- [           main] .c.s.DirtiesContextTestExecutionListener : After test method: class [ChatServiceTest], method [createChannel_Success], class annotated with @DirtiesContext [false] with mode [null], method annotated with @DirtiesContext [false] with mode [null]
2025-01-09T08:37:06.211-06:00 DEBUG 20036 --- [           main] o.s.t.c.w.ServletTestExecutionListener   : Resetting RequestContextHolder for test class com.chatgenius.service.ChatServiceTest
]]></system-out>
  </testcase>
  <testcase name="getUserChannels_Success" classname="com.chatgenius.service.ChatServiceTest" time="0.104">
    <system-out><![CDATA[2025-01-09T08:37:06.211-06:00 DEBUG 20036 --- [           main] org.springframework.test.context.cache   : Spring test ApplicationContext cache statistics: [DefaultContextCache@3bd6ce4e size = 5, maxSize = 32, parentContextCount = 0, hitCount = 315, missCount = 9, failureCount = 1]
2025-01-09T08:37:06.211-06:00 DEBUG 20036 --- [           main] o.s.t.c.w.ServletTestExecutionListener   : Setting up MockHttpServletRequest, MockHttpServletResponse, ServletWebRequest, and RequestContextHolder for test class com.chatgenius.service.ChatServiceTest
2025-01-09T08:37:06.211-06:00 DEBUG 20036 --- [           main] DependencyInjectionTestExecutionListener : Performing dependency injection for test class com.chatgenius.service.ChatServiceTest
2025-01-09T08:37:06.211-06:00 DEBUG 20036 --- [           main] org.springframework.test.context.cache   : Spring test ApplicationContext cache statistics: [DefaultContextCache@3bd6ce4e size = 5, maxSize = 32, parentContextCount = 0, hitCount = 316, missCount = 9, failureCount = 1]
2025-01-09T08:37:06.211-06:00 DEBUG 20036 --- [           main] org.springframework.test.context.cache   : Spring test ApplicationContext cache statistics: [DefaultContextCache@3bd6ce4e size = 5, maxSize = 32, parentContextCount = 0, hitCount = 317, missCount = 9, failureCount = 1]
2025-01-09T08:37:06.211-06:00 DEBUG 20036 --- [           main] sContextBeforeModesTestExecutionListener : Before test method: class [ChatServiceTest], method [getUserChannels_Success], class annotated with @DirtiesContext [false] with mode [null], method annotated with @DirtiesContext [false] with mode [null]
2025-01-09T08:37:06.211-06:00 DEBUG 20036 --- [           main] t.c.t.TransactionalTestExecutionListener : Explicit transaction definition [PROPAGATION_REQUIRED,ISOLATION_DEFAULT] found for test class [com.chatgenius.service.ChatServiceTest] and test method [getUserChannels_Success]
2025-01-09T08:37:06.211-06:00 DEBUG 20036 --- [           main] org.springframework.test.context.cache   : Spring test ApplicationContext cache statistics: [DefaultContextCache@3bd6ce4e size = 5, maxSize = 32, parentContextCount = 0, hitCount = 318, missCount = 9, failureCount = 1]
2025-01-09T08:37:06.211-06:00 DEBUG 20036 --- [           main] t.c.t.TransactionalTestExecutionListener : No method-level @Rollback override: using default rollback [true] for test method [void com.chatgenius.service.ChatServiceTest.getUserChannels_Success()]
2025-01-09T08:37:06.211-06:00 DEBUG 20036 --- [           main] o.s.orm.jpa.JpaTransactionManager        : Creating new transaction with name [com.chatgenius.service.ChatServiceTest.getUserChannels_Success]: PROPAGATION_REQUIRED,ISOLATION_DEFAULT
2025-01-09T08:37:06.212-06:00 DEBUG 20036 --- [           main] o.s.orm.jpa.JpaTransactionManager        : Opened new EntityManager [SessionImpl(227911417<open>)] for JPA transaction
2025-01-09T08:37:06.212-06:00 DEBUG 20036 --- [           main] o.h.e.t.internal.TransactionImpl         : On TransactionImpl creation, JpaCompliance#isJpaTransactionComplianceEnabled == false
2025-01-09T08:37:06.212-06:00 DEBUG 20036 --- [           main] o.h.e.t.internal.TransactionImpl         : begin
2025-01-09T08:37:06.212-06:00 DEBUG 20036 --- [           main] o.s.orm.jpa.JpaTransactionManager        : Exposing JPA transaction as JDBC [org.springframework.orm.jpa.vendor.HibernateJpaDialect$HibernateConnectionHandle@29efc19e]
2025-01-09T08:37:06.212-06:00 DEBUG 20036 --- [           main] o.s.t.c.transaction.TransactionContext   : Began transaction (1) for test class [com.chatgenius.service.ChatServiceTest]; test method [getUserChannels_Success]; transaction manager [org.springframework.orm.jpa.JpaTransactionManager@5f2066c6]; rollback [true]
2025-01-09T08:37:06.212-06:00 DEBUG 20036 --- [           main] org.springframework.test.context.cache   : Spring test ApplicationContext cache statistics: [DefaultContextCache@3bd6ce4e size = 5, maxSize = 32, parentContextCount = 0, hitCount = 319, missCount = 9, failureCount = 1]
2025-01-09T08:37:06.212-06:00 DEBUG 20036 --- [           main] org.springframework.test.context.cache   : Spring test ApplicationContext cache statistics: [DefaultContextCache@3bd6ce4e size = 5, maxSize = 32, parentContextCount = 0, hitCount = 320, missCount = 9, failureCount = 1]
2025-01-09T08:37:06.212-06:00 DEBUG 20036 --- [           main] o.s.orm.jpa.JpaTransactionManager        : Found thread-bound EntityManager [SessionImpl(227911417<open>)] for JPA transaction
2025-01-09T08:37:06.212-06:00 DEBUG 20036 --- [           main] o.s.orm.jpa.JpaTransactionManager        : Participating in existing transaction
2025-01-09T08:37:06.212-06:00 DEBUG 20036 --- [           main] org.hibernate.orm.sql.ast.create         : Created new SQL alias : c1_0
2025-01-09T08:37:06.212-06:00 DEBUG 20036 --- [           main] org.hibernate.orm.sql.ast.create         : Registration of TableGroup [StandardTableGroup(com.chatgenius.model.Channel(1605893795000))] with identifierForTableGroup [com.chatgenius.model.Channel] for NavigablePath [com.chatgenius.model.Channel] 
2025-01-09T08:37:06.212-06:00 DEBUG 20036 --- [           main] org.hibernate.orm.results.graph.AST      : DomainResult Graph:
 \-EntityResultImpl [com.chatgenius.model.Channel(1605893795000)]
 |  +-BasicFetch [com.chatgenius.model.Channel(1605893795000).createdAt]
 |  +-DelayedCollectionFetch [com.chatgenius.model.Channel(1605893795000).members]
 |  +-BasicFetch [com.chatgenius.model.Channel(1605893795000).name]
 |  \-BasicFetch [com.chatgenius.model.Channel(1605893795000).type]

2025-01-09T08:37:06.212-06:00 DEBUG 20036 --- [           main] org.hibernate.orm.sql.ast.tree           : SQL AST Tree:
    SelectStatement {
      FromClause {
        StandardTableGroup (c1 : com.chatgenius.model.Channel(1605893795000)) {
          primaryTableReference : channels as c1_0
        }
      }
    }

2025-01-09T08:37:06.213-06:00 DEBUG 20036 --- [           main] org.hibernate.orm.sql.exec               : Skipping reading Query result cache data: cache-enabled = false, cache-mode = NORMAL
2025-01-09T08:37:06.213-06:00 DEBUG 20036 --- [           main] org.hibernate.orm.results                : Initializer list:
	  com.chatgenius.model.Channel(1605893795000).members -> DelayedCollectionInitializer(com.chatgenius.model.Channel(1605893795000).members)@679713143 (PluralAttribute(com.chatgenius.model.Channel.members))
	  com.chatgenius.model.Channel(1605893795000) -> EntityResultInitializer(com.chatgenius.model.Channel(1605893795000))@2006151033 (SingleTableEntityPersister(com.chatgenius.model.Channel))

2025-01-09T08:37:06.213-06:00 DEBUG 20036 --- [           main] org.hibernate.SQL                        : 
    select
        c1_0.id,
        c1_0.created_at,
        c1_0.name,
        c1_0.type 
    from
        channels c1_0
Hibernate: 
    select
        c1_0.id,
        c1_0.created_at,
        c1_0.name,
        c1_0.type 
    from
        channels c1_0
2025-01-09T08:37:06.213-06:00 DEBUG 20036 --- [           main] o.s.orm.jpa.JpaTransactionManager        : Found thread-bound EntityManager [SessionImpl(227911417<open>)] for JPA transaction
2025-01-09T08:37:06.213-06:00 DEBUG 20036 --- [           main] o.s.orm.jpa.JpaTransactionManager        : Participating in existing transaction
2025-01-09T08:37:06.213-06:00 DEBUG 20036 --- [           main] org.hibernate.orm.sql.ast.create         : Created new SQL alias : u1_0
2025-01-09T08:37:06.213-06:00 DEBUG 20036 --- [           main] org.hibernate.orm.sql.ast.create         : Registration of TableGroup [StandardTableGroup(com.chatgenius.model.User(1605894516300))] with identifierForTableGroup [com.chatgenius.model.User] for NavigablePath [com.chatgenius.model.User] 
2025-01-09T08:37:06.213-06:00 DEBUG 20036 --- [           main] org.hibernate.orm.results.graph.AST      : DomainResult Graph:
 \-EntityResultImpl [com.chatgenius.model.User(1605894516300)]
 |  +-BasicFetch [com.chatgenius.model.User(1605894516300).createdAt]
 |  +-BasicFetch [com.chatgenius.model.User(1605894516300).email]
 |  +-BasicFetch [com.chatgenius.model.User(1605894516300).lastSeenAt]
 |  +-BasicFetch [com.chatgenius.model.User(1605894516300).password]
 |  +-BasicFetch [com.chatgenius.model.User(1605894516300).status]
 |  \-BasicFetch [com.chatgenius.model.User(1605894516300).username]

2025-01-09T08:37:06.213-06:00 DEBUG 20036 --- [           main] org.hibernate.orm.sql.ast.tree           : SQL AST Tree:
    SelectStatement {
      FromClause {
        StandardTableGroup (u1 : com.chatgenius.model.User(1605894516300)) {
          primaryTableReference : users as u1_0
        }
      }
    }

2025-01-09T08:37:06.213-06:00 DEBUG 20036 --- [           main] org.hibernate.orm.sql.exec               : Skipping reading Query result cache data: cache-enabled = false, cache-mode = NORMAL
2025-01-09T08:37:06.213-06:00 DEBUG 20036 --- [           main] org.hibernate.orm.results                : Initializer list:
	  com.chatgenius.model.User(1605894516300) -> EntityResultInitializer(com.chatgenius.model.User(1605894516300))@1215631518 (SingleTableEntityPersister(com.chatgenius.model.User))

2025-01-09T08:37:06.213-06:00 DEBUG 20036 --- [           main] org.hibernate.SQL                        : 
    select
        u1_0.id,
        u1_0.created_at,
        u1_0.email,
        u1_0.last_seen_at,
        u1_0.password,
        u1_0.status,
        u1_0.username 
    from
        users u1_0
Hibernate: 
    select
        u1_0.id,
        u1_0.created_at,
        u1_0.email,
        u1_0.last_seen_at,
        u1_0.password,
        u1_0.status,
        u1_0.username 
    from
        users u1_0
2025-01-09T08:37:06.213-06:00 DEBUG 20036 --- [           main] o.s.orm.jpa.JpaTransactionManager        : Found thread-bound EntityManager [SessionImpl(227911417<open>)] for JPA transaction
2025-01-09T08:37:06.213-06:00 DEBUG 20036 --- [           main] o.s.orm.jpa.JpaTransactionManager        : Participating in existing transaction
2025-01-09T08:37:06.214-06:00 DEBUG 20036 --- [           main] org.hibernate.orm.sql.ast.create         : Created new SQL alias : u1_0
2025-01-09T08:37:06.214-06:00 DEBUG 20036 --- [           main] org.hibernate.orm.sql.ast.create         : Registration of TableGroup [StandardTableGroup(com.chatgenius.model.User(1605497483300))] with identifierForTableGroup [com.chatgenius.model.User] for NavigablePath [com.chatgenius.model.User] 
2025-01-09T08:37:06.214-06:00 DEBUG 20036 --- [           main] o.h.q.sqm.sql.BaseSqmToSqlAstConverter   : Determining mapping-model type for SqmParameter : org.hibernate.query.sqm.tree.expression.SqmJpaCriteriaParameterWrapper@7831cf5c
2025-01-09T08:37:06.214-06:00 DEBUG 20036 --- [           main] o.h.q.sqm.sql.BaseSqmToSqlAstConverter   : Determining mapping-model type for SqmPath : SqmBasicValuedSimplePath(com.chatgenius.model.User(1605497483300).username) 
2025-01-09T08:37:06.214-06:00 DEBUG 20036 --- [           main] org.hibernate.orm.results.graph.AST      : DomainResult Graph:
 \-BasicResult [com.chatgenius.model.User(1605497483300).id]

2025-01-09T08:37:06.214-06:00 DEBUG 20036 --- [           main] org.hibernate.orm.sql.ast.tree           : SQL AST Tree:
    SelectStatement {
      FromClause {
        StandardTableGroup (u1 : com.chatgenius.model.User(1605497483300)) {
          primaryTableReference : users as u1_0
        }
      }
    }

2025-01-09T08:37:06.214-06:00 DEBUG 20036 --- [           main] org.hibernate.orm.sql.exec               : Skipping reading Query result cache data: cache-enabled = false, cache-mode = NORMAL
2025-01-09T08:37:06.214-06:00 DEBUG 20036 --- [           main] org.hibernate.orm.results                : Initializer list is empty
2025-01-09T08:37:06.214-06:00 DEBUG 20036 --- [           main] org.hibernate.SQL                        : 
    select
        u1_0.id 
    from
        users u1_0 
    where
        u1_0.username=? 
    fetch
        first ? rows only
Hibernate: 
    select
        u1_0.id 
    from
        users u1_0 
    where
        u1_0.username=? 
    fetch
        first ? rows only
2025-01-09T08:37:06.214-06:00 DEBUG 20036 --- [           main] org.hibernate.orm.sql.ast.create         : Created new SQL alias : u1_0
2025-01-09T08:37:06.214-06:00 DEBUG 20036 --- [           main] org.hibernate.orm.sql.ast.create         : Registration of TableGroup [StandardTableGroup(com.chatgenius.model.User(1605495198700))] with identifierForTableGroup [com.chatgenius.model.User] for NavigablePath [com.chatgenius.model.User] 
2025-01-09T08:37:06.214-06:00 DEBUG 20036 --- [           main] o.h.q.sqm.sql.BaseSqmToSqlAstConverter   : Determining mapping-model type for SqmParameter : org.hibernate.query.sqm.tree.expression.SqmJpaCriteriaParameterWrapper@30a7f22e
2025-01-09T08:37:06.214-06:00 DEBUG 20036 --- [           main] o.h.q.sqm.sql.BaseSqmToSqlAstConverter   : Determining mapping-model type for SqmPath : SqmBasicValuedSimplePath(com.chatgenius.model.User(1605495198700).email) 
2025-01-09T08:37:06.214-06:00 DEBUG 20036 --- [           main] org.hibernate.orm.results.graph.AST      : DomainResult Graph:
 \-BasicResult [com.chatgenius.model.User(1605495198700).id]

2025-01-09T08:37:06.214-06:00 DEBUG 20036 --- [           main] org.hibernate.orm.sql.ast.tree           : SQL AST Tree:
    SelectStatement {
      FromClause {
        StandardTableGroup (u1 : com.chatgenius.model.User(1605495198700)) {
          primaryTableReference : users as u1_0
        }
      }
    }

2025-01-09T08:37:06.214-06:00 DEBUG 20036 --- [           main] org.hibernate.orm.sql.exec               : Skipping reading Query result cache data: cache-enabled = false, cache-mode = NORMAL
2025-01-09T08:37:06.214-06:00 DEBUG 20036 --- [           main] org.hibernate.orm.results                : Initializer list is empty
2025-01-09T08:37:06.214-06:00 DEBUG 20036 --- [           main] org.hibernate.SQL                        : 
    select
        u1_0.id 
    from
        users u1_0 
    where
        u1_0.email=? 
    fetch
        first ? rows only
Hibernate: 
    select
        u1_0.id 
    from
        users u1_0 
    where
        u1_0.email=? 
    fetch
        first ? rows only
2025-01-09T08:37:06.258-06:00 DEBUG 20036 --- [           main] o.s.orm.jpa.JpaTransactionManager        : Found thread-bound EntityManager [SessionImpl(227911417<open>)] for JPA transaction
2025-01-09T08:37:06.258-06:00 DEBUG 20036 --- [           main] o.s.orm.jpa.JpaTransactionManager        : Participating in existing transaction
2025-01-09T08:37:06.258-06:00 DEBUG 20036 --- [           main] o.h.j.internal.PersistenceUnitUtilImpl   : jakarta.persistence.PersistenceUnitUtil.getIdentifier is only intended to work with enhanced entities (although Hibernate also adapts this support to its proxies); however the passed entity was not enhanced (nor a proxy).. may not be able to read identifier
2025-01-09T08:37:06.259-06:00 DEBUG 20036 --- [           main] o.h.e.i.AbstractSaveEventListener        : Generated identifier: 3ad0b74d-a0bc-4c4c-b19b-b94609ad9f88, using strategy: org.hibernate.id.UUIDGenerator
2025-01-09T08:37:06.259-06:00 DEBUG 20036 --- [           main] o.s.orm.jpa.JpaTransactionManager        : Found thread-bound EntityManager [SessionImpl(227911417<open>)] for JPA transaction
2025-01-09T08:37:06.259-06:00 DEBUG 20036 --- [           main] o.s.orm.jpa.JpaTransactionManager        : Participating in existing transaction
2025-01-09T08:37:06.259-06:00 DEBUG 20036 --- [           main] o.h.j.internal.PersistenceUnitUtilImpl   : jakarta.persistence.PersistenceUnitUtil.getIdentifier is only intended to work with enhanced entities (although Hibernate also adapts this support to its proxies); however the passed entity was not enhanced (nor a proxy).. may not be able to read identifier
2025-01-09T08:37:06.259-06:00 DEBUG 20036 --- [           main] org.hibernate.orm.sql.exec               : Skipping reading Query result cache data: cache-enabled = false, cache-mode = IGNORE
2025-01-09T08:37:06.259-06:00 DEBUG 20036 --- [           main] org.hibernate.orm.results                : Initializer list:
	  com.chatgenius.model.Channel -> EntityResultInitializer(com.chatgenius.model.Channel)@1236061074 (SingleTableEntityPersister(com.chatgenius.model.Channel))
	  com.chatgenius.model.Channel.members -> DelayedCollectionInitializer(com.chatgenius.model.Channel.members)@1789125179 (PluralAttribute(com.chatgenius.model.Channel.members))

2025-01-09T08:37:06.259-06:00 DEBUG 20036 --- [           main] org.hibernate.SQL                        : 
    select
        c1_0.id,
        c1_0.created_at,
        c1_0.name,
        c1_0.type 
    from
        channels c1_0 
    where
        c1_0.id=?
Hibernate: 
    select
        c1_0.id,
        c1_0.created_at,
        c1_0.name,
        c1_0.type 
    from
        channels c1_0 
    where
        c1_0.id=?
2025-01-09T08:37:06.260-06:00 DEBUG 20036 --- [           main] o.h.e.i.AbstractSaveEventListener        : Generated identifier: 3a900037-40d0-4d4b-b588-1aff9583f86f, using strategy: org.hibernate.id.UUIDGenerator
2025-01-09T08:37:06.260-06:00 DEBUG 20036 --- [           main] o.hibernate.engine.spi.CollectionEntry   : Reset storedSnapshot to {User(id=3ad0b74d-a0bc-4c4c-b19b-b94609ad9f88, username=testuser, password=$2a$10$T/CDsw4vgPAmKEpwgBgSp.JawgwOAiikIqmTbFR7txxVJ1IhWIqYC, email=test@example.com, status=OFFLINE, createdAt=2025-01-09T08:37:06.258924800-06:00[America/Chicago], lastSeenAt=null)=User(id=3ad0b74d-a0bc-4c4c-b19b-b94609ad9f88, username=testuser, password=$2a$10$T/CDsw4vgPAmKEpwgBgSp.JawgwOAiikIqmTbFR7txxVJ1IhWIqYC, email=test@example.com, status=OFFLINE, createdAt=2025-01-09T08:37:06.258924800-06:00[America/Chicago], lastSeenAt=null)} for CollectionEntry[<unreferenced>]
2025-01-09T08:37:06.260-06:00 DEBUG 20036 --- [           main] org.springframework.test.context.cache   : Spring test ApplicationContext cache statistics: [DefaultContextCache@3bd6ce4e size = 5, maxSize = 32, parentContextCount = 0, hitCount = 321, missCount = 9, failureCount = 1]
2025-01-09T08:37:06.260-06:00 DEBUG 20036 --- [           main] o.s.orm.jpa.JpaTransactionManager        : Found thread-bound EntityManager [SessionImpl(227911417<open>)] for JPA transaction
2025-01-09T08:37:06.260-06:00 DEBUG 20036 --- [           main] o.s.orm.jpa.JpaTransactionManager        : Participating in existing transaction
2025-01-09T08:37:06.260-06:00 DEBUG 20036 --- [           main] org.hibernate.orm.sql.ast.create         : Created new SQL alias : u1_0
2025-01-09T08:37:06.260-06:00 DEBUG 20036 --- [           main] org.hibernate.orm.sql.ast.create         : Registration of TableGroup [StandardTableGroup(com.chatgenius.model.User(1605497483300))] with identifierForTableGroup [com.chatgenius.model.User] for NavigablePath [com.chatgenius.model.User] 
2025-01-09T08:37:06.260-06:00 DEBUG 20036 --- [           main] o.h.q.sqm.sql.BaseSqmToSqlAstConverter   : Determining mapping-model type for SqmParameter : org.hibernate.query.sqm.tree.expression.SqmJpaCriteriaParameterWrapper@7fd8b289
2025-01-09T08:37:06.260-06:00 DEBUG 20036 --- [           main] o.h.q.sqm.sql.BaseSqmToSqlAstConverter   : Determining mapping-model type for SqmPath : SqmBasicValuedSimplePath(com.chatgenius.model.User(1605497483300).username) 
2025-01-09T08:37:06.261-06:00 DEBUG 20036 --- [           main] org.hibernate.orm.results.graph.AST      : DomainResult Graph:
 \-BasicResult [com.chatgenius.model.User(1605497483300).id]

2025-01-09T08:37:06.261-06:00 DEBUG 20036 --- [           main] org.hibernate.orm.sql.ast.tree           : SQL AST Tree:
    SelectStatement {
      FromClause {
        StandardTableGroup (u1 : com.chatgenius.model.User(1605497483300)) {
          primaryTableReference : users as u1_0
        }
      }
    }

2025-01-09T08:37:06.261-06:00 DEBUG 20036 --- [           main] o.h.e.i.AbstractFlushingEventListener    : Processing flush-time cascades
2025-01-09T08:37:06.261-06:00 DEBUG 20036 --- [           main] o.h.e.i.AbstractFlushingEventListener    : Dirty checking collections
2025-01-09T08:37:06.261-06:00 DEBUG 20036 --- [           main] o.hibernate.engine.internal.Collections  : Collection found: [com.chatgenius.model.Channel.members#3a900037-40d0-4d4b-b588-1aff9583f86f], was: [<unreferenced>] (initialized)
2025-01-09T08:37:06.261-06:00 DEBUG 20036 --- [           main] o.h.e.i.AbstractFlushingEventListener    : Flushed: 2 insertions, 0 updates, 0 deletions to 2 objects
2025-01-09T08:37:06.261-06:00 DEBUG 20036 --- [           main] o.h.e.i.AbstractFlushingEventListener    : Flushed: 1 (re)creations, 0 updates, 0 removals to 1 collections
2025-01-09T08:37:06.261-06:00 DEBUG 20036 --- [           main] o.hibernate.internal.util.EntityPrinter  : Listing entities:
2025-01-09T08:37:06.261-06:00 DEBUG 20036 --- [           main] o.hibernate.internal.util.EntityPrinter  : com.chatgenius.model.Channel{createdAt=2025-01-09T08:37:06.259925200-06:00[America/Chicago], members=[com.chatgenius.model.User#3ad0b74d-a0bc-4c4c-b19b-b94609ad9f88], name=test-channel, id=3a900037-40d0-4d4b-b588-1aff9583f86f, type=PUBLIC}
2025-01-09T08:37:06.261-06:00 DEBUG 20036 --- [           main] o.hibernate.internal.util.EntityPrinter  : com.chatgenius.model.User{lastSeenAt=null, createdAt=2025-01-09T08:37:06.258924800-06:00[America/Chicago], password=$2a$10$T/CDsw4vgPAmKEpwgBgSp.JawgwOAiikIqmTbFR7txxVJ1IhWIqYC, id=3ad0b74d-a0bc-4c4c-b19b-b94609ad9f88, email=test@example.com, status=OFFLINE, username=testuser}
2025-01-09T08:37:06.261-06:00 DEBUG 20036 --- [           main] org.hibernate.engine.spi.ActionQueue     : Changes must be flushed to space: users
2025-01-09T08:37:06.261-06:00 DEBUG 20036 --- [           main] org.hibernate.SQL                        : 
    insert 
    into
        users
        (created_at, email, last_seen_at, password, status, username, id) 
    values
        (?, ?, ?, ?, ?, ?, ?)
Hibernate: 
    insert 
    into
        users
        (created_at, email, last_seen_at, password, status, username, id) 
    values
        (?, ?, ?, ?, ?, ?, ?)
2025-01-09T08:37:06.261-06:00 DEBUG 20036 --- [           main] org.hibernate.SQL                        : 
    insert 
    into
        channels
        (created_at, name, type, id) 
    values
        (?, ?, ?, ?)
Hibernate: 
    insert 
    into
        channels
        (created_at, name, type, id) 
    values
        (?, ?, ?, ?)
2025-01-09T08:37:06.261-06:00 DEBUG 20036 --- [           main] org.hibernate.orm.jdbc.mutation          : Inserting collection rows - com.chatgenius.model.Channel.members : 3a900037-40d0-4d4b-b588-1aff9583f86f
2025-01-09T08:37:06.262-06:00 DEBUG 20036 --- [           main] org.hibernate.SQL                        : 
    insert 
    into
        channel_members
        (channel_id, user_id) 
    values
        (?, ?)
Hibernate: 
    insert 
    into
        channel_members
        (channel_id, user_id) 
    values
        (?, ?)
2025-01-09T08:37:06.262-06:00 DEBUG 20036 --- [           main] org.hibernate.orm.jdbc.mutation          : Done inserting `1` collection rows : com.chatgenius.model.Channel.members
2025-01-09T08:37:06.262-06:00 DEBUG 20036 --- [           main] org.hibernate.orm.sql.exec               : Skipping reading Query result cache data: cache-enabled = false, cache-mode = NORMAL
2025-01-09T08:37:06.262-06:00 DEBUG 20036 --- [           main] org.hibernate.orm.results                : Initializer list is empty
2025-01-09T08:37:06.262-06:00 DEBUG 20036 --- [           main] org.hibernate.SQL                        : 
    select
        u1_0.id 
    from
        users u1_0 
    where
        u1_0.username=? 
    fetch
        first ? rows only
Hibernate: 
    select
        u1_0.id 
    from
        users u1_0 
    where
        u1_0.username=? 
    fetch
        first ? rows only
2025-01-09T08:37:06.262-06:00 DEBUG 20036 --- [           main] org.hibernate.orm.sql.ast.create         : Created new SQL alias : u1_0
2025-01-09T08:37:06.262-06:00 DEBUG 20036 --- [           main] org.hibernate.orm.sql.ast.create         : Registration of TableGroup [StandardTableGroup(com.chatgenius.model.User(1605495198700))] with identifierForTableGroup [com.chatgenius.model.User] for NavigablePath [com.chatgenius.model.User] 
2025-01-09T08:37:06.262-06:00 DEBUG 20036 --- [           main] o.h.q.sqm.sql.BaseSqmToSqlAstConverter   : Determining mapping-model type for SqmParameter : org.hibernate.query.sqm.tree.expression.SqmJpaCriteriaParameterWrapper@4fd955d5
2025-01-09T08:37:06.262-06:00 DEBUG 20036 --- [           main] o.h.q.sqm.sql.BaseSqmToSqlAstConverter   : Determining mapping-model type for SqmPath : SqmBasicValuedSimplePath(com.chatgenius.model.User(1605495198700).email) 
2025-01-09T08:37:06.262-06:00 DEBUG 20036 --- [           main] org.hibernate.orm.results.graph.AST      : DomainResult Graph:
 \-BasicResult [com.chatgenius.model.User(1605495198700).id]

2025-01-09T08:37:06.262-06:00 DEBUG 20036 --- [           main] org.hibernate.orm.sql.ast.tree           : SQL AST Tree:
    SelectStatement {
      FromClause {
        StandardTableGroup (u1 : com.chatgenius.model.User(1605495198700)) {
          primaryTableReference : users as u1_0
        }
      }
    }

2025-01-09T08:37:06.262-06:00 DEBUG 20036 --- [           main] o.h.e.i.AbstractFlushingEventListener    : Processing flush-time cascades
2025-01-09T08:37:06.262-06:00 DEBUG 20036 --- [           main] o.h.e.i.AbstractFlushingEventListener    : Dirty checking collections
2025-01-09T08:37:06.262-06:00 DEBUG 20036 --- [           main] o.hibernate.engine.internal.Collections  : Collection found: [com.chatgenius.model.Channel.members#3a900037-40d0-4d4b-b588-1aff9583f86f], was: [com.chatgenius.model.Channel.members#3a900037-40d0-4d4b-b588-1aff9583f86f] (initialized)
2025-01-09T08:37:06.262-06:00 DEBUG 20036 --- [           main] o.h.e.i.AbstractFlushingEventListener    : Flushed: 0 insertions, 0 updates, 0 deletions to 2 objects
2025-01-09T08:37:06.262-06:00 DEBUG 20036 --- [           main] o.h.e.i.AbstractFlushingEventListener    : Flushed: 0 (re)creations, 0 updates, 0 removals to 1 collections
2025-01-09T08:37:06.262-06:00 DEBUG 20036 --- [           main] o.hibernate.internal.util.EntityPrinter  : Listing entities:
2025-01-09T08:37:06.262-06:00 DEBUG 20036 --- [           main] o.hibernate.internal.util.EntityPrinter  : com.chatgenius.model.Channel{createdAt=2025-01-09T08:37:06.259925200-06:00[America/Chicago], members=[com.chatgenius.model.User#3ad0b74d-a0bc-4c4c-b19b-b94609ad9f88], name=test-channel, id=3a900037-40d0-4d4b-b588-1aff9583f86f, type=PUBLIC}
2025-01-09T08:37:06.262-06:00 DEBUG 20036 --- [           main] o.hibernate.internal.util.EntityPrinter  : com.chatgenius.model.User{lastSeenAt=null, createdAt=2025-01-09T08:37:06.258924800-06:00[America/Chicago], password=$2a$10$T/CDsw4vgPAmKEpwgBgSp.JawgwOAiikIqmTbFR7txxVJ1IhWIqYC, id=3ad0b74d-a0bc-4c4c-b19b-b94609ad9f88, email=test@example.com, status=OFFLINE, username=testuser}
2025-01-09T08:37:06.262-06:00 DEBUG 20036 --- [           main] org.hibernate.orm.sql.exec               : Skipping reading Query result cache data: cache-enabled = false, cache-mode = NORMAL
2025-01-09T08:37:06.262-06:00 DEBUG 20036 --- [           main] org.hibernate.orm.results                : Initializer list is empty
2025-01-09T08:37:06.262-06:00 DEBUG 20036 --- [           main] org.hibernate.SQL                        : 
    select
        u1_0.id 
    from
        users u1_0 
    where
        u1_0.email=? 
    fetch
        first ? rows only
Hibernate: 
    select
        u1_0.id 
    from
        users u1_0 
    where
        u1_0.email=? 
    fetch
        first ? rows only
2025-01-09T08:37:06.307-06:00 DEBUG 20036 --- [           main] o.s.orm.jpa.JpaTransactionManager        : Found thread-bound EntityManager [SessionImpl(227911417<open>)] for JPA transaction
2025-01-09T08:37:06.307-06:00 DEBUG 20036 --- [           main] o.s.orm.jpa.JpaTransactionManager        : Participating in existing transaction
2025-01-09T08:37:06.307-06:00 DEBUG 20036 --- [           main] o.h.j.internal.PersistenceUnitUtilImpl   : jakarta.persistence.PersistenceUnitUtil.getIdentifier is only intended to work with enhanced entities (although Hibernate also adapts this support to its proxies); however the passed entity was not enhanced (nor a proxy).. may not be able to read identifier
2025-01-09T08:37:06.308-06:00 DEBUG 20036 --- [           main] o.h.e.i.AbstractSaveEventListener        : Generated identifier: bd7d2baa-8080-41d0-a6c7-b44948135db6, using strategy: org.hibernate.id.UUIDGenerator
2025-01-09T08:37:06.308-06:00 DEBUG 20036 --- [           main] o.s.orm.jpa.JpaTransactionManager        : Found thread-bound EntityManager [SessionImpl(227911417<open>)] for JPA transaction
2025-01-09T08:37:06.308-06:00 DEBUG 20036 --- [           main] o.s.orm.jpa.JpaTransactionManager        : Participating in existing transaction
2025-01-09T08:37:06.308-06:00 DEBUG 20036 --- [           main] o.s.orm.jpa.JpaTransactionManager        : Found thread-bound EntityManager [SessionImpl(227911417<open>)] for JPA transaction
2025-01-09T08:37:06.308-06:00 DEBUG 20036 --- [           main] o.s.orm.jpa.JpaTransactionManager        : Participating in existing transaction
2025-01-09T08:37:06.308-06:00 DEBUG 20036 --- [           main] o.s.orm.jpa.JpaTransactionManager        : Found thread-bound EntityManager [SessionImpl(227911417<open>)] for JPA transaction
2025-01-09T08:37:06.308-06:00 DEBUG 20036 --- [           main] o.s.orm.jpa.JpaTransactionManager        : Participating in existing transaction
2025-01-09T08:37:06.308-06:00 DEBUG 20036 --- [           main] o.s.orm.jpa.JpaTransactionManager        : Found thread-bound EntityManager [SessionImpl(227911417<open>)] for JPA transaction
2025-01-09T08:37:06.308-06:00 DEBUG 20036 --- [           main] o.s.orm.jpa.JpaTransactionManager        : Participating in existing transaction
2025-01-09T08:37:06.308-06:00 DEBUG 20036 --- [           main] o.h.j.internal.PersistenceUnitUtilImpl   : jakarta.persistence.PersistenceUnitUtil.getIdentifier is only intended to work with enhanced entities (although Hibernate also adapts this support to its proxies); however the passed entity was not enhanced (nor a proxy).. may not be able to read identifier
2025-01-09T08:37:06.308-06:00 DEBUG 20036 --- [           main] o.s.orm.jpa.JpaTransactionManager        : Found thread-bound EntityManager [SessionImpl(227911417<open>)] for JPA transaction
2025-01-09T08:37:06.308-06:00 DEBUG 20036 --- [           main] o.s.orm.jpa.JpaTransactionManager        : Participating in existing transaction
2025-01-09T08:37:06.309-06:00 DEBUG 20036 --- [           main] org.hibernate.orm.sql.ast.create         : Created new SQL alias : c1_0
2025-01-09T08:37:06.309-06:00 DEBUG 20036 --- [           main] org.hibernate.orm.sql.ast.create         : Registration of TableGroup [StandardTableGroup(com.chatgenius.model.Channel(c))] with identifierForTableGroup [com.chatgenius.model.Channel] for NavigablePath [com.chatgenius.model.Channel] 
2025-01-09T08:37:06.309-06:00 DEBUG 20036 --- [           main] org.hibernate.orm.sql.ast.create         : Created new SQL alias : m1_0
2025-01-09T08:37:06.309-06:00 DEBUG 20036 --- [           main] org.hibernate.orm.sql.ast.create         : Registration of TableGroup [CollectionTableGroup(com.chatgenius.model.Channel(c).members(m))] with identifierForTableGroup [com.chatgenius.model.Channel.members] for NavigablePath [com.chatgenius.model.Channel.members] 
2025-01-09T08:37:06.309-06:00 DEBUG 20036 --- [           main] org.hibernate.orm.sql.ast.create         : Registration of TableGroup [org.hibernate.sql.ast.tree.from.LazyTableGroup@412c1ad0] with identifierForTableGroup [com.chatgenius.model.Channel.members.{element}] for NavigablePath [com.chatgenius.model.Channel.members.{element}] 
2025-01-09T08:37:06.310-06:00 DEBUG 20036 --- [           main] o.h.q.sqm.sql.BaseSqmToSqlAstConverter   : Determining mapping-model type for SqmParameter : SqmNamedParameter(memberId)
2025-01-09T08:37:06.310-06:00 DEBUG 20036 --- [           main] o.h.q.sqm.sql.BaseSqmToSqlAstConverter   : Determining mapping-model type for SqmPath : SqmBasicValuedSimplePath(com.chatgenius.model.Channel(c).members(m).{element}.id) 
2025-01-09T08:37:06.310-06:00 DEBUG 20036 --- [           main] org.hibernate.orm.results.graph.AST      : DomainResult Graph:
 \-EntityResultImpl [com.chatgenius.model.Channel(c)]
 |  +-BasicFetch [com.chatgenius.model.Channel(c).createdAt]
 |  +-DelayedCollectionFetch [com.chatgenius.model.Channel(c).members]
 |  +-BasicFetch [com.chatgenius.model.Channel(c).name]
 |  \-BasicFetch [com.chatgenius.model.Channel(c).type]

2025-01-09T08:37:06.310-06:00 DEBUG 20036 --- [           main] org.hibernate.orm.sql.ast.tree           : SQL AST Tree:
    SelectStatement {
      FromClause {
        StandardTableGroup (c1 : com.chatgenius.model.Channel(c)) {
          primaryTableReference : channels as c1_0
          TableGroupJoins {
             join CollectionTableGroup (m1 : com.chatgenius.model.Channel(c).members(m)) {
              primaryTableReference : channel_members as m1_0
              TableGroupJoins {
                 join LazyTableGroup (m1 : com.chatgenius.model.Channel(c).members(m).{element}) {
                }
              }
            }
          }
        }
      }
    }

2025-01-09T08:37:06.310-06:00 DEBUG 20036 --- [           main] o.h.e.i.AbstractFlushingEventListener    : Processing flush-time cascades
2025-01-09T08:37:06.310-06:00 DEBUG 20036 --- [           main] o.h.e.i.AbstractFlushingEventListener    : Dirty checking collections
2025-01-09T08:37:06.310-06:00 DEBUG 20036 --- [           main] o.hibernate.engine.spi.CollectionEntry   : Collection dirty: [com.chatgenius.model.Channel.members#3a900037-40d0-4d4b-b588-1aff9583f86f]
2025-01-09T08:37:06.310-06:00 DEBUG 20036 --- [           main] o.hibernate.engine.internal.Collections  : Collection found: [com.chatgenius.model.Channel.members#3a900037-40d0-4d4b-b588-1aff9583f86f], was: [com.chatgenius.model.Channel.members#3a900037-40d0-4d4b-b588-1aff9583f86f] (initialized)
2025-01-09T08:37:06.311-06:00 DEBUG 20036 --- [           main] o.h.e.i.AbstractFlushingEventListener    : Flushed: 1 insertions, 0 updates, 0 deletions to 3 objects
2025-01-09T08:37:06.311-06:00 DEBUG 20036 --- [           main] o.h.e.i.AbstractFlushingEventListener    : Flushed: 0 (re)creations, 1 updates, 0 removals to 1 collections
2025-01-09T08:37:06.311-06:00 DEBUG 20036 --- [           main] o.hibernate.internal.util.EntityPrinter  : Listing entities:
2025-01-09T08:37:06.311-06:00 DEBUG 20036 --- [           main] o.hibernate.internal.util.EntityPrinter  : com.chatgenius.model.Channel{createdAt=2025-01-09T08:37:06.259925200-06:00[America/Chicago], members=[com.chatgenius.model.User#bd7d2baa-8080-41d0-a6c7-b44948135db6, com.chatgenius.model.User#3ad0b74d-a0bc-4c4c-b19b-b94609ad9f88], name=test-channel, id=3a900037-40d0-4d4b-b588-1aff9583f86f, type=PUBLIC}
2025-01-09T08:37:06.311-06:00 DEBUG 20036 --- [           main] o.hibernate.internal.util.EntityPrinter  : com.chatgenius.model.User{lastSeenAt=null, createdAt=2025-01-09T08:37:06.258924800-06:00[America/Chicago], password=$2a$10$T/CDsw4vgPAmKEpwgBgSp.JawgwOAiikIqmTbFR7txxVJ1IhWIqYC, id=3ad0b74d-a0bc-4c4c-b19b-b94609ad9f88, email=test@example.com, status=OFFLINE, username=testuser}
2025-01-09T08:37:06.311-06:00 DEBUG 20036 --- [           main] o.hibernate.internal.util.EntityPrinter  : com.chatgenius.model.User{lastSeenAt=null, createdAt=2025-01-09T08:37:06.307465-06:00[America/Chicago], password=$2a$10$9uL13GM3n1PPXvbISc1ebOo//w4NrBactVg8J5S8pchPnUwHBzBOC, id=bd7d2baa-8080-41d0-a6c7-b44948135db6, email=member@example.com, status=OFFLINE, username=memberuser}
2025-01-09T08:37:06.311-06:00 DEBUG 20036 --- [           main] org.hibernate.engine.spi.ActionQueue     : Changes must be flushed to space: channel_members
2025-01-09T08:37:06.311-06:00 DEBUG 20036 --- [           main] org.hibernate.SQL                        : 
    insert 
    into
        users
        (created_at, email, last_seen_at, password, status, username, id) 
    values
        (?, ?, ?, ?, ?, ?, ?)
Hibernate: 
    insert 
    into
        users
        (created_at, email, last_seen_at, password, status, username, id) 
    values
        (?, ?, ?, ?, ?, ?, ?)
2025-01-09T08:37:06.312-06:00 DEBUG 20036 --- [           main] org.hibernate.orm.jdbc.mutation          : Deleting removed collection rows - com.chatgenius.model.Channel.members : 3a900037-40d0-4d4b-b588-1aff9583f86f
2025-01-09T08:37:06.313-06:00 DEBUG 20036 --- [           main] org.hibernate.orm.jdbc.mutation          : No rows to delete
2025-01-09T08:37:06.313-06:00 DEBUG 20036 --- [           main] org.hibernate.orm.jdbc.mutation          : Inserting collection rows - com.chatgenius.model.Channel.members : 3a900037-40d0-4d4b-b588-1aff9583f86f
2025-01-09T08:37:06.313-06:00 DEBUG 20036 --- [           main] org.hibernate.SQL                        : 
    insert 
    into
        channel_members
        (channel_id, user_id) 
    values
        (?, ?)
Hibernate: 
    insert 
    into
        channel_members
        (channel_id, user_id) 
    values
        (?, ?)
2025-01-09T08:37:06.313-06:00 DEBUG 20036 --- [           main] org.hibernate.orm.jdbc.mutation          : Done inserting `2` collection rows : com.chatgenius.model.Channel.members
2025-01-09T08:37:06.313-06:00 DEBUG 20036 --- [           main] org.hibernate.orm.sql.exec               : Skipping reading Query result cache data: cache-enabled = false, cache-mode = NORMAL
2025-01-09T08:37:06.313-06:00 DEBUG 20036 --- [           main] org.hibernate.orm.results                : Initializer list:
	  com.chatgenius.model.Channel(c) -> EntityResultInitializer(com.chatgenius.model.Channel(c))@1647270685 (SingleTableEntityPersister(com.chatgenius.model.Channel))
	  com.chatgenius.model.Channel(c).members -> DelayedCollectionInitializer(com.chatgenius.model.Channel(c).members)@1410571376 (PluralAttribute(com.chatgenius.model.Channel.members))

2025-01-09T08:37:06.313-06:00 DEBUG 20036 --- [           main] org.hibernate.SQL                        : 
    select
        c1_0.id,
        c1_0.created_at,
        c1_0.name,
        c1_0.type 
    from
        channels c1_0 
    join
        channel_members m1_0 
            on c1_0.id=m1_0.channel_id 
    where
        m1_0.user_id=?
Hibernate: 
    select
        c1_0.id,
        c1_0.created_at,
        c1_0.name,
        c1_0.type 
    from
        channels c1_0 
    join
        channel_members m1_0 
            on c1_0.id=m1_0.channel_id 
    where
        m1_0.user_id=?
2025-01-09T08:37:06.314-06:00 DEBUG 20036 --- [           main] org.hibernate.orm.results                : Extracted JDBC value [0] - [3a900037-40d0-4d4b-b588-1aff9583f86f]
2025-01-09T08:37:06.314-06:00 DEBUG 20036 --- [           main] o.hibernate.orm.results.loading.entity   : (EntityResultInitializer) Hydrated EntityKey (com.chatgenius.model.Channel(c)): 3a900037-40d0-4d4b-b588-1aff9583f86f
2025-01-09T08:37:06.314-06:00 DEBUG 20036 --- [           main] org.hibernate.orm.results                : Extracted JDBC value [0] - [3a900037-40d0-4d4b-b588-1aff9583f86f]
2025-01-09T08:37:06.314-06:00 DEBUG 20036 --- [           main] o.h.o.r.l.o.h.o.r.loading.collection     : (DelayedCollectionInitializer) Current row collection key : com.chatgenius.model.Channel(c).members#3a900037-40d0-4d4b-b588-1aff9583f86f
2025-01-09T08:37:06.314-06:00 DEBUG 20036 --- [           main] org.hibernate.orm.results.loading        : Calling top-level assembler (0 / 1) : org.hibernate.sql.results.graph.entity.internal.EntityAssembler@13ea03f4
2025-01-09T08:37:06.314-06:00 DEBUG 20036 --- [           main] org.springframework.test.context.cache   : Spring test ApplicationContext cache statistics: [DefaultContextCache@3bd6ce4e size = 5, maxSize = 32, parentContextCount = 0, hitCount = 322, missCount = 9, failureCount = 1]
2025-01-09T08:37:06.314-06:00 DEBUG 20036 --- [           main] org.springframework.test.context.cache   : Spring test ApplicationContext cache statistics: [DefaultContextCache@3bd6ce4e size = 5, maxSize = 32, parentContextCount = 0, hitCount = 323, missCount = 9, failureCount = 1]
2025-01-09T08:37:06.314-06:00 DEBUG 20036 --- [           main] org.springframework.test.context.cache   : Spring test ApplicationContext cache statistics: [DefaultContextCache@3bd6ce4e size = 5, maxSize = 32, parentContextCount = 0, hitCount = 324, missCount = 9, failureCount = 1]
2025-01-09T08:37:06.314-06:00 DEBUG 20036 --- [           main] org.springframework.test.context.cache   : Spring test ApplicationContext cache statistics: [DefaultContextCache@3bd6ce4e size = 5, maxSize = 32, parentContextCount = 0, hitCount = 325, missCount = 9, failureCount = 1]
2025-01-09T08:37:06.314-06:00 DEBUG 20036 --- [           main] org.springframework.test.context.cache   : Spring test ApplicationContext cache statistics: [DefaultContextCache@3bd6ce4e size = 5, maxSize = 32, parentContextCount = 0, hitCount = 326, missCount = 9, failureCount = 1]
2025-01-09T08:37:06.315-06:00 DEBUG 20036 --- [           main] org.springframework.test.context.cache   : Spring test ApplicationContext cache statistics: [DefaultContextCache@3bd6ce4e size = 5, maxSize = 32, parentContextCount = 0, hitCount = 327, missCount = 9, failureCount = 1]
2025-01-09T08:37:06.315-06:00 DEBUG 20036 --- [           main] org.springframework.test.context.cache   : Spring test ApplicationContext cache statistics: [DefaultContextCache@3bd6ce4e size = 5, maxSize = 32, parentContextCount = 0, hitCount = 328, missCount = 9, failureCount = 1]
2025-01-09T08:37:06.315-06:00 DEBUG 20036 --- [           main] o.s.orm.jpa.JpaTransactionManager        : Initiating transaction rollback
2025-01-09T08:37:06.315-06:00 DEBUG 20036 --- [           main] o.s.orm.jpa.JpaTransactionManager        : Rolling back JPA transaction on EntityManager [SessionImpl(227911417<open>)]
2025-01-09T08:37:06.315-06:00 DEBUG 20036 --- [           main] o.h.e.t.internal.TransactionImpl         : rolling back
2025-01-09T08:37:06.315-06:00 DEBUG 20036 --- [           main] o.s.orm.jpa.JpaTransactionManager        : Closing JPA EntityManager [SessionImpl(227911417<open>)] after transaction
2025-01-09T08:37:06.315-06:00 DEBUG 20036 --- [           main] o.s.t.c.transaction.TransactionContext   : Rolled back transaction (1) for test class [com.chatgenius.service.ChatServiceTest]; test method [getUserChannels_Success]
2025-01-09T08:37:06.315-06:00 DEBUG 20036 --- [           main] .c.s.DirtiesContextTestExecutionListener : After test method: class [ChatServiceTest], method [getUserChannels_Success], class annotated with @DirtiesContext [false] with mode [null], method annotated with @DirtiesContext [false] with mode [null]
2025-01-09T08:37:06.315-06:00 DEBUG 20036 --- [           main] o.s.t.c.w.ServletTestExecutionListener   : Resetting RequestContextHolder for test class com.chatgenius.service.ChatServiceTest
]]></system-out>
  </testcase>
  <testcase name="removeMemberFromChannel_Success" classname="com.chatgenius.service.ChatServiceTest" time="0.1">
    <system-out><![CDATA[2025-01-09T08:37:06.315-06:00 DEBUG 20036 --- [           main] org.springframework.test.context.cache   : Spring test ApplicationContext cache statistics: [DefaultContextCache@3bd6ce4e size = 5, maxSize = 32, parentContextCount = 0, hitCount = 329, missCount = 9, failureCount = 1]
2025-01-09T08:37:06.315-06:00 DEBUG 20036 --- [           main] o.s.t.c.w.ServletTestExecutionListener   : Setting up MockHttpServletRequest, MockHttpServletResponse, ServletWebRequest, and RequestContextHolder for test class com.chatgenius.service.ChatServiceTest
2025-01-09T08:37:06.315-06:00 DEBUG 20036 --- [           main] DependencyInjectionTestExecutionListener : Performing dependency injection for test class com.chatgenius.service.ChatServiceTest
2025-01-09T08:37:06.315-06:00 DEBUG 20036 --- [           main] org.springframework.test.context.cache   : Spring test ApplicationContext cache statistics: [DefaultContextCache@3bd6ce4e size = 5, maxSize = 32, parentContextCount = 0, hitCount = 330, missCount = 9, failureCount = 1]
2025-01-09T08:37:06.315-06:00 DEBUG 20036 --- [           main] org.springframework.test.context.cache   : Spring test ApplicationContext cache statistics: [DefaultContextCache@3bd6ce4e size = 5, maxSize = 32, parentContextCount = 0, hitCount = 331, missCount = 9, failureCount = 1]
2025-01-09T08:37:06.316-06:00 DEBUG 20036 --- [           main] sContextBeforeModesTestExecutionListener : Before test method: class [ChatServiceTest], method [removeMemberFromChannel_Success], class annotated with @DirtiesContext [false] with mode [null], method annotated with @DirtiesContext [false] with mode [null]
2025-01-09T08:37:06.316-06:00 DEBUG 20036 --- [           main] t.c.t.TransactionalTestExecutionListener : Explicit transaction definition [PROPAGATION_REQUIRED,ISOLATION_DEFAULT] found for test class [com.chatgenius.service.ChatServiceTest] and test method [removeMemberFromChannel_Success]
2025-01-09T08:37:06.316-06:00 DEBUG 20036 --- [           main] org.springframework.test.context.cache   : Spring test ApplicationContext cache statistics: [DefaultContextCache@3bd6ce4e size = 5, maxSize = 32, parentContextCount = 0, hitCount = 332, missCount = 9, failureCount = 1]
2025-01-09T08:37:06.316-06:00 DEBUG 20036 --- [           main] t.c.t.TransactionalTestExecutionListener : No method-level @Rollback override: using default rollback [true] for test method [void com.chatgenius.service.ChatServiceTest.removeMemberFromChannel_Success()]
2025-01-09T08:37:06.316-06:00 DEBUG 20036 --- [           main] o.s.orm.jpa.JpaTransactionManager        : Creating new transaction with name [com.chatgenius.service.ChatServiceTest.removeMemberFromChannel_Success]: PROPAGATION_REQUIRED,ISOLATION_DEFAULT
2025-01-09T08:37:06.316-06:00 DEBUG 20036 --- [           main] o.s.orm.jpa.JpaTransactionManager        : Opened new EntityManager [SessionImpl(958613130<open>)] for JPA transaction
2025-01-09T08:37:06.316-06:00 DEBUG 20036 --- [           main] o.h.e.t.internal.TransactionImpl         : On TransactionImpl creation, JpaCompliance#isJpaTransactionComplianceEnabled == false
2025-01-09T08:37:06.316-06:00 DEBUG 20036 --- [           main] o.h.e.t.internal.TransactionImpl         : begin
2025-01-09T08:37:06.316-06:00 DEBUG 20036 --- [           main] o.s.orm.jpa.JpaTransactionManager        : Exposing JPA transaction as JDBC [org.springframework.orm.jpa.vendor.HibernateJpaDialect$HibernateConnectionHandle@5137f7a6]
2025-01-09T08:37:06.316-06:00 DEBUG 20036 --- [           main] o.s.t.c.transaction.TransactionContext   : Began transaction (1) for test class [com.chatgenius.service.ChatServiceTest]; test method [removeMemberFromChannel_Success]; transaction manager [org.springframework.orm.jpa.JpaTransactionManager@5f2066c6]; rollback [true]
2025-01-09T08:37:06.316-06:00 DEBUG 20036 --- [           main] org.springframework.test.context.cache   : Spring test ApplicationContext cache statistics: [DefaultContextCache@3bd6ce4e size = 5, maxSize = 32, parentContextCount = 0, hitCount = 333, missCount = 9, failureCount = 1]
2025-01-09T08:37:06.316-06:00 DEBUG 20036 --- [           main] org.springframework.test.context.cache   : Spring test ApplicationContext cache statistics: [DefaultContextCache@3bd6ce4e size = 5, maxSize = 32, parentContextCount = 0, hitCount = 334, missCount = 9, failureCount = 1]
2025-01-09T08:37:06.316-06:00 DEBUG 20036 --- [           main] o.s.orm.jpa.JpaTransactionManager        : Found thread-bound EntityManager [SessionImpl(958613130<open>)] for JPA transaction
2025-01-09T08:37:06.316-06:00 DEBUG 20036 --- [           main] o.s.orm.jpa.JpaTransactionManager        : Participating in existing transaction
2025-01-09T08:37:06.316-06:00 DEBUG 20036 --- [           main] org.hibernate.orm.sql.ast.create         : Created new SQL alias : c1_0
2025-01-09T08:37:06.316-06:00 DEBUG 20036 --- [           main] org.hibernate.orm.sql.ast.create         : Registration of TableGroup [StandardTableGroup(com.chatgenius.model.Channel(1605998368900))] with identifierForTableGroup [com.chatgenius.model.Channel] for NavigablePath [com.chatgenius.model.Channel] 
2025-01-09T08:37:06.317-06:00 DEBUG 20036 --- [           main] org.hibernate.orm.results.graph.AST      : DomainResult Graph:
 \-EntityResultImpl [com.chatgenius.model.Channel(1605998368900)]
 |  +-BasicFetch [com.chatgenius.model.Channel(1605998368900).createdAt]
 |  +-DelayedCollectionFetch [com.chatgenius.model.Channel(1605998368900).members]
 |  +-BasicFetch [com.chatgenius.model.Channel(1605998368900).name]
 |  \-BasicFetch [com.chatgenius.model.Channel(1605998368900).type]

2025-01-09T08:37:06.317-06:00 DEBUG 20036 --- [           main] org.hibernate.orm.sql.ast.tree           : SQL AST Tree:
    SelectStatement {
      FromClause {
        StandardTableGroup (c1 : com.chatgenius.model.Channel(1605998368900)) {
          primaryTableReference : channels as c1_0
        }
      }
    }

2025-01-09T08:37:06.317-06:00 DEBUG 20036 --- [           main] org.hibernate.orm.sql.exec               : Skipping reading Query result cache data: cache-enabled = false, cache-mode = NORMAL
2025-01-09T08:37:06.317-06:00 DEBUG 20036 --- [           main] org.hibernate.orm.results                : Initializer list:
	  com.chatgenius.model.Channel(1605998368900).members -> DelayedCollectionInitializer(com.chatgenius.model.Channel(1605998368900).members)@1411549761 (PluralAttribute(com.chatgenius.model.Channel.members))
	  com.chatgenius.model.Channel(1605998368900) -> EntityResultInitializer(com.chatgenius.model.Channel(1605998368900))@1541188642 (SingleTableEntityPersister(com.chatgenius.model.Channel))

2025-01-09T08:37:06.317-06:00 DEBUG 20036 --- [           main] org.hibernate.SQL                        : 
    select
        c1_0.id,
        c1_0.created_at,
        c1_0.name,
        c1_0.type 
    from
        channels c1_0
Hibernate: 
    select
        c1_0.id,
        c1_0.created_at,
        c1_0.name,
        c1_0.type 
    from
        channels c1_0
2025-01-09T08:37:06.317-06:00 DEBUG 20036 --- [           main] o.s.orm.jpa.JpaTransactionManager        : Found thread-bound EntityManager [SessionImpl(958613130<open>)] for JPA transaction
2025-01-09T08:37:06.317-06:00 DEBUG 20036 --- [           main] o.s.orm.jpa.JpaTransactionManager        : Participating in existing transaction
2025-01-09T08:37:06.317-06:00 DEBUG 20036 --- [           main] org.hibernate.orm.sql.ast.create         : Created new SQL alias : u1_0
2025-01-09T08:37:06.317-06:00 DEBUG 20036 --- [           main] org.hibernate.orm.sql.ast.create         : Registration of TableGroup [StandardTableGroup(com.chatgenius.model.User(1605999078800))] with identifierForTableGroup [com.chatgenius.model.User] for NavigablePath [com.chatgenius.model.User] 
2025-01-09T08:37:06.317-06:00 DEBUG 20036 --- [           main] org.hibernate.orm.results.graph.AST      : DomainResult Graph:
 \-EntityResultImpl [com.chatgenius.model.User(1605999078800)]
 |  +-BasicFetch [com.chatgenius.model.User(1605999078800).createdAt]
 |  +-BasicFetch [com.chatgenius.model.User(1605999078800).email]
 |  +-BasicFetch [com.chatgenius.model.User(1605999078800).lastSeenAt]
 |  +-BasicFetch [com.chatgenius.model.User(1605999078800).password]
 |  +-BasicFetch [com.chatgenius.model.User(1605999078800).status]
 |  \-BasicFetch [com.chatgenius.model.User(1605999078800).username]

2025-01-09T08:37:06.317-06:00 DEBUG 20036 --- [           main] org.hibernate.orm.sql.ast.tree           : SQL AST Tree:
    SelectStatement {
      FromClause {
        StandardTableGroup (u1 : com.chatgenius.model.User(1605999078800)) {
          primaryTableReference : users as u1_0
        }
      }
    }

2025-01-09T08:37:06.317-06:00 DEBUG 20036 --- [           main] org.hibernate.orm.sql.exec               : Skipping reading Query result cache data: cache-enabled = false, cache-mode = NORMAL
2025-01-09T08:37:06.317-06:00 DEBUG 20036 --- [           main] org.hibernate.orm.results                : Initializer list:
	  com.chatgenius.model.User(1605999078800) -> EntityResultInitializer(com.chatgenius.model.User(1605999078800))@1209621030 (SingleTableEntityPersister(com.chatgenius.model.User))

2025-01-09T08:37:06.317-06:00 DEBUG 20036 --- [           main] org.hibernate.SQL                        : 
    select
        u1_0.id,
        u1_0.created_at,
        u1_0.email,
        u1_0.last_seen_at,
        u1_0.password,
        u1_0.status,
        u1_0.username 
    from
        users u1_0
Hibernate: 
    select
        u1_0.id,
        u1_0.created_at,
        u1_0.email,
        u1_0.last_seen_at,
        u1_0.password,
        u1_0.status,
        u1_0.username 
    from
        users u1_0
2025-01-09T08:37:06.317-06:00 DEBUG 20036 --- [           main] o.s.orm.jpa.JpaTransactionManager        : Found thread-bound EntityManager [SessionImpl(958613130<open>)] for JPA transaction
2025-01-09T08:37:06.317-06:00 DEBUG 20036 --- [           main] o.s.orm.jpa.JpaTransactionManager        : Participating in existing transaction
2025-01-09T08:37:06.318-06:00 DEBUG 20036 --- [           main] org.hibernate.orm.sql.ast.create         : Created new SQL alias : u1_0
2025-01-09T08:37:06.318-06:00 DEBUG 20036 --- [           main] org.hibernate.orm.sql.ast.create         : Registration of TableGroup [StandardTableGroup(com.chatgenius.model.User(1605497483300))] with identifierForTableGroup [com.chatgenius.model.User] for NavigablePath [com.chatgenius.model.User] 
2025-01-09T08:37:06.318-06:00 DEBUG 20036 --- [           main] o.h.q.sqm.sql.BaseSqmToSqlAstConverter   : Determining mapping-model type for SqmParameter : org.hibernate.query.sqm.tree.expression.SqmJpaCriteriaParameterWrapper@9538209
2025-01-09T08:37:06.318-06:00 DEBUG 20036 --- [           main] o.h.q.sqm.sql.BaseSqmToSqlAstConverter   : Determining mapping-model type for SqmPath : SqmBasicValuedSimplePath(com.chatgenius.model.User(1605497483300).username) 
2025-01-09T08:37:06.318-06:00 DEBUG 20036 --- [           main] org.hibernate.orm.results.graph.AST      : DomainResult Graph:
 \-BasicResult [com.chatgenius.model.User(1605497483300).id]

2025-01-09T08:37:06.318-06:00 DEBUG 20036 --- [           main] org.hibernate.orm.sql.ast.tree           : SQL AST Tree:
    SelectStatement {
      FromClause {
        StandardTableGroup (u1 : com.chatgenius.model.User(1605497483300)) {
          primaryTableReference : users as u1_0
        }
      }
    }

2025-01-09T08:37:06.318-06:00 DEBUG 20036 --- [           main] org.hibernate.orm.sql.exec               : Skipping reading Query result cache data: cache-enabled = false, cache-mode = NORMAL
2025-01-09T08:37:06.318-06:00 DEBUG 20036 --- [           main] org.hibernate.orm.results                : Initializer list is empty
2025-01-09T08:37:06.318-06:00 DEBUG 20036 --- [           main] org.hibernate.SQL                        : 
    select
        u1_0.id 
    from
        users u1_0 
    where
        u1_0.username=? 
    fetch
        first ? rows only
Hibernate: 
    select
        u1_0.id 
    from
        users u1_0 
    where
        u1_0.username=? 
    fetch
        first ? rows only
2025-01-09T08:37:06.319-06:00 DEBUG 20036 --- [           main] org.hibernate.orm.sql.ast.create         : Created new SQL alias : u1_0
2025-01-09T08:37:06.319-06:00 DEBUG 20036 --- [           main] org.hibernate.orm.sql.ast.create         : Registration of TableGroup [StandardTableGroup(com.chatgenius.model.User(1605495198700))] with identifierForTableGroup [com.chatgenius.model.User] for NavigablePath [com.chatgenius.model.User] 
2025-01-09T08:37:06.319-06:00 DEBUG 20036 --- [           main] o.h.q.sqm.sql.BaseSqmToSqlAstConverter   : Determining mapping-model type for SqmParameter : org.hibernate.query.sqm.tree.expression.SqmJpaCriteriaParameterWrapper@5037eda8
2025-01-09T08:37:06.319-06:00 DEBUG 20036 --- [           main] o.h.q.sqm.sql.BaseSqmToSqlAstConverter   : Determining mapping-model type for SqmPath : SqmBasicValuedSimplePath(com.chatgenius.model.User(1605495198700).email) 
2025-01-09T08:37:06.319-06:00 DEBUG 20036 --- [           main] org.hibernate.orm.results.graph.AST      : DomainResult Graph:
 \-BasicResult [com.chatgenius.model.User(1605495198700).id]

2025-01-09T08:37:06.319-06:00 DEBUG 20036 --- [           main] org.hibernate.orm.sql.ast.tree           : SQL AST Tree:
    SelectStatement {
      FromClause {
        StandardTableGroup (u1 : com.chatgenius.model.User(1605495198700)) {
          primaryTableReference : users as u1_0
        }
      }
    }

2025-01-09T08:37:06.319-06:00 DEBUG 20036 --- [           main] org.hibernate.orm.sql.exec               : Skipping reading Query result cache data: cache-enabled = false, cache-mode = NORMAL
2025-01-09T08:37:06.319-06:00 DEBUG 20036 --- [           main] org.hibernate.orm.results                : Initializer list is empty
2025-01-09T08:37:06.319-06:00 DEBUG 20036 --- [           main] org.hibernate.SQL                        : 
    select
        u1_0.id 
    from
        users u1_0 
    where
        u1_0.email=? 
    fetch
        first ? rows only
Hibernate: 
    select
        u1_0.id 
    from
        users u1_0 
    where
        u1_0.email=? 
    fetch
        first ? rows only
2025-01-09T08:37:06.364-06:00 DEBUG 20036 --- [           main] o.s.orm.jpa.JpaTransactionManager        : Found thread-bound EntityManager [SessionImpl(958613130<open>)] for JPA transaction
2025-01-09T08:37:06.364-06:00 DEBUG 20036 --- [           main] o.s.orm.jpa.JpaTransactionManager        : Participating in existing transaction
2025-01-09T08:37:06.364-06:00 DEBUG 20036 --- [           main] o.h.j.internal.PersistenceUnitUtilImpl   : jakarta.persistence.PersistenceUnitUtil.getIdentifier is only intended to work with enhanced entities (although Hibernate also adapts this support to its proxies); however the passed entity was not enhanced (nor a proxy).. may not be able to read identifier
2025-01-09T08:37:06.364-06:00 DEBUG 20036 --- [           main] o.h.e.i.AbstractSaveEventListener        : Generated identifier: cbd2998f-d0c1-4d19-ba0a-5544c0eb8791, using strategy: org.hibernate.id.UUIDGenerator
2025-01-09T08:37:06.364-06:00 DEBUG 20036 --- [           main] o.s.orm.jpa.JpaTransactionManager        : Found thread-bound EntityManager [SessionImpl(958613130<open>)] for JPA transaction
2025-01-09T08:37:06.364-06:00 DEBUG 20036 --- [           main] o.s.orm.jpa.JpaTransactionManager        : Participating in existing transaction
2025-01-09T08:37:06.365-06:00 DEBUG 20036 --- [           main] o.h.j.internal.PersistenceUnitUtilImpl   : jakarta.persistence.PersistenceUnitUtil.getIdentifier is only intended to work with enhanced entities (although Hibernate also adapts this support to its proxies); however the passed entity was not enhanced (nor a proxy).. may not be able to read identifier
2025-01-09T08:37:06.365-06:00 DEBUG 20036 --- [           main] org.hibernate.orm.sql.exec               : Skipping reading Query result cache data: cache-enabled = false, cache-mode = IGNORE
2025-01-09T08:37:06.365-06:00 DEBUG 20036 --- [           main] org.hibernate.orm.results                : Initializer list:
	  com.chatgenius.model.Channel -> EntityResultInitializer(com.chatgenius.model.Channel)@644363273 (SingleTableEntityPersister(com.chatgenius.model.Channel))
	  com.chatgenius.model.Channel.members -> DelayedCollectionInitializer(com.chatgenius.model.Channel.members)@1327162171 (PluralAttribute(com.chatgenius.model.Channel.members))

2025-01-09T08:37:06.365-06:00 DEBUG 20036 --- [           main] org.hibernate.SQL                        : 
    select
        c1_0.id,
        c1_0.created_at,
        c1_0.name,
        c1_0.type 
    from
        channels c1_0 
    where
        c1_0.id=?
Hibernate: 
    select
        c1_0.id,
        c1_0.created_at,
        c1_0.name,
        c1_0.type 
    from
        channels c1_0 
    where
        c1_0.id=?
2025-01-09T08:37:06.365-06:00 DEBUG 20036 --- [           main] o.h.e.i.AbstractSaveEventListener        : Generated identifier: 7236118a-7675-4b67-beb9-b1ffe9fdb808, using strategy: org.hibernate.id.UUIDGenerator
2025-01-09T08:37:06.365-06:00 DEBUG 20036 --- [           main] o.hibernate.engine.spi.CollectionEntry   : Reset storedSnapshot to {User(id=cbd2998f-d0c1-4d19-ba0a-5544c0eb8791, username=testuser, password=$2a$10$11ILjrFOX4XqgDBhfJxtSuLhAmmpUFT.tIbvEpYd2ahPih8WioMeG, email=test@example.com, status=OFFLINE, createdAt=2025-01-09T08:37:06.364525700-06:00[America/Chicago], lastSeenAt=null)=User(id=cbd2998f-d0c1-4d19-ba0a-5544c0eb8791, username=testuser, password=$2a$10$11ILjrFOX4XqgDBhfJxtSuLhAmmpUFT.tIbvEpYd2ahPih8WioMeG, email=test@example.com, status=OFFLINE, createdAt=2025-01-09T08:37:06.364525700-06:00[America/Chicago], lastSeenAt=null)} for CollectionEntry[<unreferenced>]
2025-01-09T08:37:06.365-06:00 DEBUG 20036 --- [           main] org.springframework.test.context.cache   : Spring test ApplicationContext cache statistics: [DefaultContextCache@3bd6ce4e size = 5, maxSize = 32, parentContextCount = 0, hitCount = 335, missCount = 9, failureCount = 1]
2025-01-09T08:37:06.366-06:00 DEBUG 20036 --- [           main] o.s.orm.jpa.JpaTransactionManager        : Found thread-bound EntityManager [SessionImpl(958613130<open>)] for JPA transaction
2025-01-09T08:37:06.366-06:00 DEBUG 20036 --- [           main] o.s.orm.jpa.JpaTransactionManager        : Participating in existing transaction
2025-01-09T08:37:06.366-06:00 DEBUG 20036 --- [           main] org.hibernate.orm.sql.ast.create         : Created new SQL alias : u1_0
2025-01-09T08:37:06.366-06:00 DEBUG 20036 --- [           main] org.hibernate.orm.sql.ast.create         : Registration of TableGroup [StandardTableGroup(com.chatgenius.model.User(1605497483300))] with identifierForTableGroup [com.chatgenius.model.User] for NavigablePath [com.chatgenius.model.User] 
2025-01-09T08:37:06.366-06:00 DEBUG 20036 --- [           main] o.h.q.sqm.sql.BaseSqmToSqlAstConverter   : Determining mapping-model type for SqmParameter : org.hibernate.query.sqm.tree.expression.SqmJpaCriteriaParameterWrapper@67332c7c
2025-01-09T08:37:06.366-06:00 DEBUG 20036 --- [           main] o.h.q.sqm.sql.BaseSqmToSqlAstConverter   : Determining mapping-model type for SqmPath : SqmBasicValuedSimplePath(com.chatgenius.model.User(1605497483300).username) 
2025-01-09T08:37:06.366-06:00 DEBUG 20036 --- [           main] org.hibernate.orm.results.graph.AST      : DomainResult Graph:
 \-BasicResult [com.chatgenius.model.User(1605497483300).id]

2025-01-09T08:37:06.366-06:00 DEBUG 20036 --- [           main] org.hibernate.orm.sql.ast.tree           : SQL AST Tree:
    SelectStatement {
      FromClause {
        StandardTableGroup (u1 : com.chatgenius.model.User(1605497483300)) {
          primaryTableReference : users as u1_0
        }
      }
    }

2025-01-09T08:37:06.366-06:00 DEBUG 20036 --- [           main] o.h.e.i.AbstractFlushingEventListener    : Processing flush-time cascades
2025-01-09T08:37:06.366-06:00 DEBUG 20036 --- [           main] o.h.e.i.AbstractFlushingEventListener    : Dirty checking collections
2025-01-09T08:37:06.366-06:00 DEBUG 20036 --- [           main] o.hibernate.engine.internal.Collections  : Collection found: [com.chatgenius.model.Channel.members#7236118a-7675-4b67-beb9-b1ffe9fdb808], was: [<unreferenced>] (initialized)
2025-01-09T08:37:06.366-06:00 DEBUG 20036 --- [           main] o.h.e.i.AbstractFlushingEventListener    : Flushed: 2 insertions, 0 updates, 0 deletions to 2 objects
2025-01-09T08:37:06.366-06:00 DEBUG 20036 --- [           main] o.h.e.i.AbstractFlushingEventListener    : Flushed: 1 (re)creations, 0 updates, 0 removals to 1 collections
2025-01-09T08:37:06.366-06:00 DEBUG 20036 --- [           main] o.hibernate.internal.util.EntityPrinter  : Listing entities:
2025-01-09T08:37:06.366-06:00 DEBUG 20036 --- [           main] o.hibernate.internal.util.EntityPrinter  : com.chatgenius.model.Channel{createdAt=2025-01-09T08:37:06.364525700-06:00[America/Chicago], members=[com.chatgenius.model.User#cbd2998f-d0c1-4d19-ba0a-5544c0eb8791], name=test-channel, id=7236118a-7675-4b67-beb9-b1ffe9fdb808, type=PUBLIC}
2025-01-09T08:37:06.366-06:00 DEBUG 20036 --- [           main] o.hibernate.internal.util.EntityPrinter  : com.chatgenius.model.User{lastSeenAt=null, createdAt=2025-01-09T08:37:06.364525700-06:00[America/Chicago], password=$2a$10$11ILjrFOX4XqgDBhfJxtSuLhAmmpUFT.tIbvEpYd2ahPih8WioMeG, id=cbd2998f-d0c1-4d19-ba0a-5544c0eb8791, email=test@example.com, status=OFFLINE, username=testuser}
2025-01-09T08:37:06.366-06:00 DEBUG 20036 --- [           main] org.hibernate.engine.spi.ActionQueue     : Changes must be flushed to space: users
2025-01-09T08:37:06.366-06:00 DEBUG 20036 --- [           main] org.hibernate.SQL                        : 
    insert 
    into
        users
        (created_at, email, last_seen_at, password, status, username, id) 
    values
        (?, ?, ?, ?, ?, ?, ?)
Hibernate: 
    insert 
    into
        users
        (created_at, email, last_seen_at, password, status, username, id) 
    values
        (?, ?, ?, ?, ?, ?, ?)
2025-01-09T08:37:06.367-06:00 DEBUG 20036 --- [           main] org.hibernate.SQL                        : 
    insert 
    into
        channels
        (created_at, name, type, id) 
    values
        (?, ?, ?, ?)
Hibernate: 
    insert 
    into
        channels
        (created_at, name, type, id) 
    values
        (?, ?, ?, ?)
2025-01-09T08:37:06.367-06:00 DEBUG 20036 --- [           main] org.hibernate.orm.jdbc.mutation          : Inserting collection rows - com.chatgenius.model.Channel.members : 7236118a-7675-4b67-beb9-b1ffe9fdb808
2025-01-09T08:37:06.367-06:00 DEBUG 20036 --- [           main] org.hibernate.SQL                        : 
    insert 
    into
        channel_members
        (channel_id, user_id) 
    values
        (?, ?)
Hibernate: 
    insert 
    into
        channel_members
        (channel_id, user_id) 
    values
        (?, ?)
2025-01-09T08:37:06.367-06:00 DEBUG 20036 --- [           main] org.hibernate.orm.jdbc.mutation          : Done inserting `1` collection rows : com.chatgenius.model.Channel.members
2025-01-09T08:37:06.367-06:00 DEBUG 20036 --- [           main] org.hibernate.orm.sql.exec               : Skipping reading Query result cache data: cache-enabled = false, cache-mode = NORMAL
2025-01-09T08:37:06.367-06:00 DEBUG 20036 --- [           main] org.hibernate.orm.results                : Initializer list is empty
2025-01-09T08:37:06.367-06:00 DEBUG 20036 --- [           main] org.hibernate.SQL                        : 
    select
        u1_0.id 
    from
        users u1_0 
    where
        u1_0.username=? 
    fetch
        first ? rows only
Hibernate: 
    select
        u1_0.id 
    from
        users u1_0 
    where
        u1_0.username=? 
    fetch
        first ? rows only
2025-01-09T08:37:06.368-06:00 DEBUG 20036 --- [           main] org.hibernate.orm.sql.ast.create         : Created new SQL alias : u1_0
2025-01-09T08:37:06.368-06:00 DEBUG 20036 --- [           main] org.hibernate.orm.sql.ast.create         : Registration of TableGroup [StandardTableGroup(com.chatgenius.model.User(1605495198700))] with identifierForTableGroup [com.chatgenius.model.User] for NavigablePath [com.chatgenius.model.User] 
2025-01-09T08:37:06.368-06:00 DEBUG 20036 --- [           main] o.h.q.sqm.sql.BaseSqmToSqlAstConverter   : Determining mapping-model type for SqmParameter : org.hibernate.query.sqm.tree.expression.SqmJpaCriteriaParameterWrapper@29cfc134
2025-01-09T08:37:06.368-06:00 DEBUG 20036 --- [           main] o.h.q.sqm.sql.BaseSqmToSqlAstConverter   : Determining mapping-model type for SqmPath : SqmBasicValuedSimplePath(com.chatgenius.model.User(1605495198700).email) 
2025-01-09T08:37:06.368-06:00 DEBUG 20036 --- [           main] org.hibernate.orm.results.graph.AST      : DomainResult Graph:
 \-BasicResult [com.chatgenius.model.User(1605495198700).id]

2025-01-09T08:37:06.368-06:00 DEBUG 20036 --- [           main] org.hibernate.orm.sql.ast.tree           : SQL AST Tree:
    SelectStatement {
      FromClause {
        StandardTableGroup (u1 : com.chatgenius.model.User(1605495198700)) {
          primaryTableReference : users as u1_0
        }
      }
    }

2025-01-09T08:37:06.368-06:00 DEBUG 20036 --- [           main] o.h.e.i.AbstractFlushingEventListener    : Processing flush-time cascades
2025-01-09T08:37:06.368-06:00 DEBUG 20036 --- [           main] o.h.e.i.AbstractFlushingEventListener    : Dirty checking collections
2025-01-09T08:37:06.368-06:00 DEBUG 20036 --- [           main] o.hibernate.engine.internal.Collections  : Collection found: [com.chatgenius.model.Channel.members#7236118a-7675-4b67-beb9-b1ffe9fdb808], was: [com.chatgenius.model.Channel.members#7236118a-7675-4b67-beb9-b1ffe9fdb808] (initialized)
2025-01-09T08:37:06.368-06:00 DEBUG 20036 --- [           main] o.h.e.i.AbstractFlushingEventListener    : Flushed: 0 insertions, 0 updates, 0 deletions to 2 objects
2025-01-09T08:37:06.368-06:00 DEBUG 20036 --- [           main] o.h.e.i.AbstractFlushingEventListener    : Flushed: 0 (re)creations, 0 updates, 0 removals to 1 collections
2025-01-09T08:37:06.368-06:00 DEBUG 20036 --- [           main] o.hibernate.internal.util.EntityPrinter  : Listing entities:
2025-01-09T08:37:06.368-06:00 DEBUG 20036 --- [           main] o.hibernate.internal.util.EntityPrinter  : com.chatgenius.model.Channel{createdAt=2025-01-09T08:37:06.364525700-06:00[America/Chicago], members=[com.chatgenius.model.User#cbd2998f-d0c1-4d19-ba0a-5544c0eb8791], name=test-channel, id=7236118a-7675-4b67-beb9-b1ffe9fdb808, type=PUBLIC}
2025-01-09T08:37:06.368-06:00 DEBUG 20036 --- [           main] o.hibernate.internal.util.EntityPrinter  : com.chatgenius.model.User{lastSeenAt=null, createdAt=2025-01-09T08:37:06.364525700-06:00[America/Chicago], password=$2a$10$11ILjrFOX4XqgDBhfJxtSuLhAmmpUFT.tIbvEpYd2ahPih8WioMeG, id=cbd2998f-d0c1-4d19-ba0a-5544c0eb8791, email=test@example.com, status=OFFLINE, username=testuser}
2025-01-09T08:37:06.368-06:00 DEBUG 20036 --- [           main] org.hibernate.orm.sql.exec               : Skipping reading Query result cache data: cache-enabled = false, cache-mode = NORMAL
2025-01-09T08:37:06.368-06:00 DEBUG 20036 --- [           main] org.hibernate.orm.results                : Initializer list is empty
2025-01-09T08:37:06.368-06:00 DEBUG 20036 --- [           main] org.hibernate.SQL                        : 
    select
        u1_0.id 
    from
        users u1_0 
    where
        u1_0.email=? 
    fetch
        first ? rows only
Hibernate: 
    select
        u1_0.id 
    from
        users u1_0 
    where
        u1_0.email=? 
    fetch
        first ? rows only
2025-01-09T08:37:06.412-06:00 DEBUG 20036 --- [           main] o.s.orm.jpa.JpaTransactionManager        : Found thread-bound EntityManager [SessionImpl(958613130<open>)] for JPA transaction
2025-01-09T08:37:06.412-06:00 DEBUG 20036 --- [           main] o.s.orm.jpa.JpaTransactionManager        : Participating in existing transaction
2025-01-09T08:37:06.412-06:00 DEBUG 20036 --- [           main] o.h.j.internal.PersistenceUnitUtilImpl   : jakarta.persistence.PersistenceUnitUtil.getIdentifier is only intended to work with enhanced entities (although Hibernate also adapts this support to its proxies); however the passed entity was not enhanced (nor a proxy).. may not be able to read identifier
2025-01-09T08:37:06.412-06:00 DEBUG 20036 --- [           main] o.h.e.i.AbstractSaveEventListener        : Generated identifier: 2d0e02d7-fbf5-46aa-b3bd-2b71a24d0308, using strategy: org.hibernate.id.UUIDGenerator
2025-01-09T08:37:06.412-06:00 DEBUG 20036 --- [           main] o.s.orm.jpa.JpaTransactionManager        : Found thread-bound EntityManager [SessionImpl(958613130<open>)] for JPA transaction
2025-01-09T08:37:06.412-06:00 DEBUG 20036 --- [           main] o.s.orm.jpa.JpaTransactionManager        : Participating in existing transaction
2025-01-09T08:37:06.412-06:00 DEBUG 20036 --- [           main] o.s.orm.jpa.JpaTransactionManager        : Found thread-bound EntityManager [SessionImpl(958613130<open>)] for JPA transaction
2025-01-09T08:37:06.412-06:00 DEBUG 20036 --- [           main] o.s.orm.jpa.JpaTransactionManager        : Participating in existing transaction
2025-01-09T08:37:06.412-06:00 DEBUG 20036 --- [           main] o.s.orm.jpa.JpaTransactionManager        : Found thread-bound EntityManager [SessionImpl(958613130<open>)] for JPA transaction
2025-01-09T08:37:06.412-06:00 DEBUG 20036 --- [           main] o.s.orm.jpa.JpaTransactionManager        : Participating in existing transaction
2025-01-09T08:37:06.412-06:00 DEBUG 20036 --- [           main] o.s.orm.jpa.JpaTransactionManager        : Found thread-bound EntityManager [SessionImpl(958613130<open>)] for JPA transaction
2025-01-09T08:37:06.412-06:00 DEBUG 20036 --- [           main] o.s.orm.jpa.JpaTransactionManager        : Participating in existing transaction
2025-01-09T08:37:06.412-06:00 DEBUG 20036 --- [           main] o.h.j.internal.PersistenceUnitUtilImpl   : jakarta.persistence.PersistenceUnitUtil.getIdentifier is only intended to work with enhanced entities (although Hibernate also adapts this support to its proxies); however the passed entity was not enhanced (nor a proxy).. may not be able to read identifier
2025-01-09T08:37:06.413-06:00 DEBUG 20036 --- [           main] o.s.orm.jpa.JpaTransactionManager        : Found thread-bound EntityManager [SessionImpl(958613130<open>)] for JPA transaction
2025-01-09T08:37:06.413-06:00 DEBUG 20036 --- [           main] o.s.orm.jpa.JpaTransactionManager        : Participating in existing transaction
2025-01-09T08:37:06.413-06:00 DEBUG 20036 --- [           main] o.s.orm.jpa.JpaTransactionManager        : Found thread-bound EntityManager [SessionImpl(958613130<open>)] for JPA transaction
2025-01-09T08:37:06.413-06:00 DEBUG 20036 --- [           main] o.s.orm.jpa.JpaTransactionManager        : Participating in existing transaction
2025-01-09T08:37:06.413-06:00 DEBUG 20036 --- [           main] o.s.orm.jpa.JpaTransactionManager        : Found thread-bound EntityManager [SessionImpl(958613130<open>)] for JPA transaction
2025-01-09T08:37:06.413-06:00 DEBUG 20036 --- [           main] o.s.orm.jpa.JpaTransactionManager        : Participating in existing transaction
2025-01-09T08:37:06.413-06:00 DEBUG 20036 --- [           main] o.s.orm.jpa.JpaTransactionManager        : Found thread-bound EntityManager [SessionImpl(958613130<open>)] for JPA transaction
2025-01-09T08:37:06.413-06:00 DEBUG 20036 --- [           main] o.s.orm.jpa.JpaTransactionManager        : Participating in existing transaction
2025-01-09T08:37:06.413-06:00 DEBUG 20036 --- [           main] o.h.j.internal.PersistenceUnitUtilImpl   : jakarta.persistence.PersistenceUnitUtil.getIdentifier is only intended to work with enhanced entities (although Hibernate also adapts this support to its proxies); however the passed entity was not enhanced (nor a proxy).. may not be able to read identifier
2025-01-09T08:37:06.413-06:00 DEBUG 20036 --- [           main] o.s.orm.jpa.JpaTransactionManager        : Found thread-bound EntityManager [SessionImpl(958613130<open>)] for JPA transaction
2025-01-09T08:37:06.413-06:00 DEBUG 20036 --- [           main] o.s.orm.jpa.JpaTransactionManager        : Participating in existing transaction
2025-01-09T08:37:06.413-06:00 DEBUG 20036 --- [           main] org.springframework.test.context.cache   : Spring test ApplicationContext cache statistics: [DefaultContextCache@3bd6ce4e size = 5, maxSize = 32, parentContextCount = 0, hitCount = 336, missCount = 9, failureCount = 1]
2025-01-09T08:37:06.414-06:00 DEBUG 20036 --- [           main] org.springframework.test.context.cache   : Spring test ApplicationContext cache statistics: [DefaultContextCache@3bd6ce4e size = 5, maxSize = 32, parentContextCount = 0, hitCount = 337, missCount = 9, failureCount = 1]
2025-01-09T08:37:06.414-06:00 DEBUG 20036 --- [           main] org.springframework.test.context.cache   : Spring test ApplicationContext cache statistics: [DefaultContextCache@3bd6ce4e size = 5, maxSize = 32, parentContextCount = 0, hitCount = 338, missCount = 9, failureCount = 1]
2025-01-09T08:37:06.414-06:00 DEBUG 20036 --- [           main] org.springframework.test.context.cache   : Spring test ApplicationContext cache statistics: [DefaultContextCache@3bd6ce4e size = 5, maxSize = 32, parentContextCount = 0, hitCount = 339, missCount = 9, failureCount = 1]
2025-01-09T08:37:06.414-06:00 DEBUG 20036 --- [           main] org.springframework.test.context.cache   : Spring test ApplicationContext cache statistics: [DefaultContextCache@3bd6ce4e size = 5, maxSize = 32, parentContextCount = 0, hitCount = 340, missCount = 9, failureCount = 1]
2025-01-09T08:37:06.415-06:00 DEBUG 20036 --- [           main] org.springframework.test.context.cache   : Spring test ApplicationContext cache statistics: [DefaultContextCache@3bd6ce4e size = 5, maxSize = 32, parentContextCount = 0, hitCount = 341, missCount = 9, failureCount = 1]
2025-01-09T08:37:06.415-06:00 DEBUG 20036 --- [           main] org.springframework.test.context.cache   : Spring test ApplicationContext cache statistics: [DefaultContextCache@3bd6ce4e size = 5, maxSize = 32, parentContextCount = 0, hitCount = 342, missCount = 9, failureCount = 1]
2025-01-09T08:37:06.415-06:00 DEBUG 20036 --- [           main] o.s.orm.jpa.JpaTransactionManager        : Initiating transaction rollback
2025-01-09T08:37:06.415-06:00 DEBUG 20036 --- [           main] o.s.orm.jpa.JpaTransactionManager        : Rolling back JPA transaction on EntityManager [SessionImpl(958613130<open>)]
2025-01-09T08:37:06.415-06:00 DEBUG 20036 --- [           main] o.h.e.t.internal.TransactionImpl         : rolling back
2025-01-09T08:37:06.415-06:00 DEBUG 20036 --- [           main] o.s.orm.jpa.JpaTransactionManager        : Closing JPA EntityManager [SessionImpl(958613130<open>)] after transaction
2025-01-09T08:37:06.415-06:00 DEBUG 20036 --- [           main] o.s.t.c.transaction.TransactionContext   : Rolled back transaction (1) for test class [com.chatgenius.service.ChatServiceTest]; test method [removeMemberFromChannel_Success]
2025-01-09T08:37:06.415-06:00 DEBUG 20036 --- [           main] .c.s.DirtiesContextTestExecutionListener : After test method: class [ChatServiceTest], method [removeMemberFromChannel_Success], class annotated with @DirtiesContext [false] with mode [null], method annotated with @DirtiesContext [false] with mode [null]
2025-01-09T08:37:06.415-06:00 DEBUG 20036 --- [           main] o.s.t.c.w.ServletTestExecutionListener   : Resetting RequestContextHolder for test class com.chatgenius.service.ChatServiceTest
]]></system-out>
  </testcase>
</testsuite>