<?xml version="1.0" encoding="UTF-8"?>
<testsuite xmlns:xsi="http://www.w3.org/2001/XMLSchema-instance" xsi:noNamespaceSchemaLocation="https://maven.apache.org/surefire/maven-surefire-plugin/xsd/surefire-test-report-3.0.xsd" version="3.0" name="com.chatgenius.integration.DatabaseIntegrationTest" time="1.315" tests="2" errors="0" skipped="0" failures="0">
  <properties>
    <property name="java.specification.version" value="21"/>
    <property name="sun.cpu.isalist" value="amd64"/>
    <property name="sun.jnu.encoding" value="Cp1252"/>
    <property name="java.class.path" value="J:\chatgeniusv2-backend\target\test-classes;J:\chatgeniusv2-backend\target\classes;J:\.m2\repository\org\springframework\boot\spring-boot-starter-web\3.2.1\spring-boot-starter-web-3.2.1.jar;J:\.m2\repository\org\springframework\boot\spring-boot-starter\3.2.1\spring-boot-starter-3.2.1.jar;J:\.m2\repository\org\springframework\boot\spring-boot\3.2.1\spring-boot-3.2.1.jar;J:\.m2\repository\org\springframework\boot\spring-boot-autoconfigure\3.2.1\spring-boot-autoconfigure-3.2.1.jar;J:\.m2\repository\org\springframework\boot\spring-boot-starter-logging\3.2.1\spring-boot-starter-logging-3.2.1.jar;J:\.m2\repository\ch\qos\logback\logback-classic\1.4.14\logback-classic-1.4.14.jar;J:\.m2\repository\ch\qos\logback\logback-core\1.4.14\logback-core-1.4.14.jar;J:\.m2\repository\org\apache\logging\log4j\log4j-to-slf4j\2.21.1\log4j-to-slf4j-2.21.1.jar;J:\.m2\repository\org\apache\logging\log4j\log4j-api\2.21.1\log4j-api-2.21.1.jar;J:\.m2\repository\org\slf4j\jul-to-slf4j\2.0.9\jul-to-slf4j-2.0.9.jar;J:\.m2\repository\jakarta\annotation\jakarta.annotation-api\2.1.1\jakarta.annotation-api-2.1.1.jar;J:\.m2\repository\org\yaml\snakeyaml\2.2\snakeyaml-2.2.jar;J:\.m2\repository\org\springframework\boot\spring-boot-starter-json\3.2.1\spring-boot-starter-json-3.2.1.jar;J:\.m2\repository\com\fasterxml\jackson\datatype\jackson-datatype-jdk8\2.15.3\jackson-datatype-jdk8-2.15.3.jar;J:\.m2\repository\com\fasterxml\jackson\datatype\jackson-datatype-jsr310\2.15.3\jackson-datatype-jsr310-2.15.3.jar;J:\.m2\repository\com\fasterxml\jackson\module\jackson-module-parameter-names\2.15.3\jackson-module-parameter-names-2.15.3.jar;J:\.m2\repository\org\springframework\boot\spring-boot-starter-tomcat\3.2.1\spring-boot-starter-tomcat-3.2.1.jar;J:\.m2\repository\org\apache\tomcat\embed\tomcat-embed-core\10.1.17\tomcat-embed-core-10.1.17.jar;J:\.m2\repository\org\apache\tomcat\embed\tomcat-embed-websocket\10.1.17\tomcat-embed-websocket-10.1.17.jar;J:\.m2\repository\org\springframework\spring-web\6.1.2\spring-web-6.1.2.jar;J:\.m2\repository\org\springframework\spring-beans\6.1.2\spring-beans-6.1.2.jar;J:\.m2\repository\io\micrometer\micrometer-observation\1.12.1\micrometer-observation-1.12.1.jar;J:\.m2\repository\io\micrometer\micrometer-commons\1.12.1\micrometer-commons-1.12.1.jar;J:\.m2\repository\org\springframework\spring-webmvc\6.1.2\spring-webmvc-6.1.2.jar;J:\.m2\repository\org\springframework\spring-context\6.1.2\spring-context-6.1.2.jar;J:\.m2\repository\org\springframework\spring-expression\6.1.2\spring-expression-6.1.2.jar;J:\.m2\repository\org\springframework\boot\spring-boot-starter-data-jpa\3.2.1\spring-boot-starter-data-jpa-3.2.1.jar;J:\.m2\repository\org\springframework\boot\spring-boot-starter-aop\3.2.1\spring-boot-starter-aop-3.2.1.jar;J:\.m2\repository\org\aspectj\aspectjweaver\1.9.21\aspectjweaver-1.9.21.jar;J:\.m2\repository\org\springframework\boot\spring-boot-starter-jdbc\3.2.1\spring-boot-starter-jdbc-3.2.1.jar;J:\.m2\repository\com\zaxxer\HikariCP\5.0.1\HikariCP-5.0.1.jar;J:\.m2\repository\org\springframework\spring-jdbc\6.1.2\spring-jdbc-6.1.2.jar;J:\.m2\repository\org\hibernate\orm\hibernate-core\6.4.1.Final\hibernate-core-6.4.1.Final.jar;J:\.m2\repository\jakarta\persistence\jakarta.persistence-api\3.1.0\jakarta.persistence-api-3.1.0.jar;J:\.m2\repository\jakarta\transaction\jakarta.transaction-api\2.0.1\jakarta.transaction-api-2.0.1.jar;J:\.m2\repository\org\jboss\logging\jboss-logging\3.5.3.Final\jboss-logging-3.5.3.Final.jar;J:\.m2\repository\org\hibernate\common\hibernate-commons-annotations\6.0.6.Final\hibernate-commons-annotations-6.0.6.Final.jar;J:\.m2\repository\io\smallrye\jandex\3.1.2\jandex-3.1.2.jar;J:\.m2\repository\com\fasterxml\classmate\1.6.0\classmate-1.6.0.jar;J:\.m2\repository\net\bytebuddy\byte-buddy\1.14.10\byte-buddy-1.14.10.jar;J:\.m2\repository\org\glassfish\jaxb\jaxb-runtime\4.0.4\jaxb-runtime-4.0.4.jar;J:\.m2\repository\org\glassfish\jaxb\jaxb-core\4.0.4\jaxb-core-4.0.4.jar;J:\.m2\repository\org\eclipse\angus\angus-activation\2.0.1\angus-activation-2.0.1.jar;J:\.m2\repository\org\glassfish\jaxb\txw2\4.0.4\txw2-4.0.4.jar;J:\.m2\repository\com\sun\istack\istack-commons-runtime\4.1.2\istack-commons-runtime-4.1.2.jar;J:\.m2\repository\jakarta\inject\jakarta.inject-api\2.0.1\jakarta.inject-api-2.0.1.jar;J:\.m2\repository\org\antlr\antlr4-runtime\4.13.0\antlr4-runtime-4.13.0.jar;J:\.m2\repository\org\springframework\data\spring-data-jpa\3.2.1\spring-data-jpa-3.2.1.jar;J:\.m2\repository\org\springframework\data\spring-data-commons\3.2.1\spring-data-commons-3.2.1.jar;J:\.m2\repository\org\springframework\spring-orm\6.1.2\spring-orm-6.1.2.jar;J:\.m2\repository\org\springframework\spring-tx\6.1.2\spring-tx-6.1.2.jar;J:\.m2\repository\org\slf4j\slf4j-api\2.0.9\slf4j-api-2.0.9.jar;J:\.m2\repository\org\springframework\spring-aspects\6.1.2\spring-aspects-6.1.2.jar;J:\.m2\repository\org\springframework\boot\spring-boot-starter-security\3.2.1\spring-boot-starter-security-3.2.1.jar;J:\.m2\repository\org\springframework\spring-aop\6.1.2\spring-aop-6.1.2.jar;J:\.m2\repository\org\springframework\security\spring-security-config\6.2.1\spring-security-config-6.2.1.jar;J:\.m2\repository\org\springframework\security\spring-security-web\6.2.1\spring-security-web-6.2.1.jar;J:\.m2\repository\org\springframework\boot\spring-boot-starter-validation\3.2.1\spring-boot-starter-validation-3.2.1.jar;J:\.m2\repository\org\apache\tomcat\embed\tomcat-embed-el\10.1.17\tomcat-embed-el-10.1.17.jar;J:\.m2\repository\org\hibernate\validator\hibernate-validator\8.0.1.Final\hibernate-validator-8.0.1.Final.jar;J:\.m2\repository\jakarta\validation\jakarta.validation-api\3.0.2\jakarta.validation-api-3.0.2.jar;J:\.m2\repository\org\springframework\boot\spring-boot-starter-websocket\3.2.1\spring-boot-starter-websocket-3.2.1.jar;J:\.m2\repository\org\springframework\spring-messaging\6.1.2\spring-messaging-6.1.2.jar;J:\.m2\repository\org\springframework\spring-websocket\6.1.2\spring-websocket-6.1.2.jar;J:\.m2\repository\org\springframework\boot\spring-boot-starter-data-redis\3.2.1\spring-boot-starter-data-redis-3.2.1.jar;J:\.m2\repository\io\lettuce\lettuce-core\6.3.0.RELEASE\lettuce-core-6.3.0.RELEASE.jar;J:\.m2\repository\io\netty\netty-common\4.1.104.Final\netty-common-4.1.104.Final.jar;J:\.m2\repository\io\netty\netty-handler\4.1.104.Final\netty-handler-4.1.104.Final.jar;J:\.m2\repository\io\netty\netty-transport-native-unix-common\4.1.104.Final\netty-transport-native-unix-common-4.1.104.Final.jar;J:\.m2\repository\io\netty\netty-transport\4.1.104.Final\netty-transport-4.1.104.Final.jar;J:\.m2\repository\io\projectreactor\reactor-core\3.6.1\reactor-core-3.6.1.jar;J:\.m2\repository\org\springframework\data\spring-data-redis\3.2.1\spring-data-redis-3.2.1.jar;J:\.m2\repository\org\springframework\data\spring-data-keyvalue\3.2.1\spring-data-keyvalue-3.2.1.jar;J:\.m2\repository\org\springframework\spring-oxm\6.1.2\spring-oxm-6.1.2.jar;J:\.m2\repository\org\springframework\spring-context-support\6.1.2\spring-context-support-6.1.2.jar;J:\.m2\repository\org\postgresql\postgresql\42.6.0\postgresql-42.6.0.jar;J:\.m2\repository\org\checkerframework\checker-qual\3.31.0\checker-qual-3.31.0.jar;J:\.m2\repository\software\amazon\awssdk\s3\2.21.1\s3-2.21.1.jar;J:\.m2\repository\software\amazon\awssdk\aws-xml-protocol\2.21.1\aws-xml-protocol-2.21.1.jar;J:\.m2\repository\software\amazon\awssdk\protocol-core\2.21.1\protocol-core-2.21.1.jar;J:\.m2\repository\software\amazon\awssdk\arns\2.21.1\arns-2.21.1.jar;J:\.m2\repository\software\amazon\awssdk\profiles\2.21.1\profiles-2.21.1.jar;J:\.m2\repository\software\amazon\awssdk\crt-core\2.21.1\crt-core-2.21.1.jar;J:\.m2\repository\software\amazon\awssdk\http-auth\2.21.1\http-auth-2.21.1.jar;J:\.m2\repository\software\amazon\awssdk\http-auth-aws\2.21.1\http-auth-aws-2.21.1.jar;J:\.m2\repository\software\amazon\awssdk\checksums-spi\2.21.1\checksums-spi-2.21.1.jar;J:\.m2\repository\software\amazon\awssdk\checksums\2.21.1\checksums-2.21.1.jar;J:\.m2\repository\software\amazon\awssdk\sdk-core\2.21.1\sdk-core-2.21.1.jar;J:\.m2\repository\org\reactivestreams\reactive-streams\1.0.4\reactive-streams-1.0.4.jar;J:\.m2\repository\software\amazon\awssdk\auth\2.21.1\auth-2.21.1.jar;J:\.m2\repository\software\amazon\eventstream\eventstream\1.0.1\eventstream-1.0.1.jar;J:\.m2\repository\software\amazon\awssdk\http-auth-spi\2.21.1\http-auth-spi-2.21.1.jar;J:\.m2\repository\software\amazon\awssdk\identity-spi\2.21.1\identity-spi-2.21.1.jar;J:\.m2\repository\software\amazon\awssdk\http-client-spi\2.21.1\http-client-spi-2.21.1.jar;J:\.m2\repository\software\amazon\awssdk\regions\2.21.1\regions-2.21.1.jar;J:\.m2\repository\software\amazon\awssdk\annotations\2.21.1\annotations-2.21.1.jar;J:\.m2\repository\software\amazon\awssdk\utils\2.21.1\utils-2.21.1.jar;J:\.m2\repository\software\amazon\awssdk\aws-core\2.21.1\aws-core-2.21.1.jar;J:\.m2\repository\software\amazon\awssdk\metrics-spi\2.21.1\metrics-spi-2.21.1.jar;J:\.m2\repository\software\amazon\awssdk\json-utils\2.21.1\json-utils-2.21.1.jar;J:\.m2\repository\software\amazon\awssdk\third-party-jackson-core\2.21.1\third-party-jackson-core-2.21.1.jar;J:\.m2\repository\software\amazon\awssdk\endpoints-spi\2.21.1\endpoints-spi-2.21.1.jar;J:\.m2\repository\software\amazon\awssdk\apache-client\2.21.1\apache-client-2.21.1.jar;J:\.m2\repository\org\apache\httpcomponents\httpclient\4.5.13\httpclient-4.5.13.jar;J:\.m2\repository\org\apache\httpcomponents\httpcore\4.4.16\httpcore-4.4.16.jar;J:\.m2\repository\commons-codec\commons-codec\1.16.0\commons-codec-1.16.0.jar;J:\.m2\repository\software\amazon\awssdk\netty-nio-client\2.21.1\netty-nio-client-2.21.1.jar;J:\.m2\repository\io\netty\netty-codec-http\4.1.104.Final\netty-codec-http-4.1.104.Final.jar;J:\.m2\repository\io\netty\netty-codec-http2\4.1.104.Final\netty-codec-http2-4.1.104.Final.jar;J:\.m2\repository\io\netty\netty-codec\4.1.104.Final\netty-codec-4.1.104.Final.jar;J:\.m2\repository\io\netty\netty-buffer\4.1.104.Final\netty-buffer-4.1.104.Final.jar;J:\.m2\repository\io\netty\netty-transport-classes-epoll\4.1.104.Final\netty-transport-classes-epoll-4.1.104.Final.jar;J:\.m2\repository\io\netty\netty-resolver\4.1.104.Final\netty-resolver-4.1.104.Final.jar;J:\.m2\repository\software\amazon\awssdk\rds\2.21.1\rds-2.21.1.jar;J:\.m2\repository\software\amazon\awssdk\aws-query-protocol\2.21.1\aws-query-protocol-2.21.1.jar;J:\.m2\repository\io\jsonwebtoken\jjwt-api\0.11.5\jjwt-api-0.11.5.jar;J:\.m2\repository\io\jsonwebtoken\jjwt-impl\0.11.5\jjwt-impl-0.11.5.jar;J:\.m2\repository\io\jsonwebtoken\jjwt-jackson\0.11.5\jjwt-jackson-0.11.5.jar;J:\.m2\repository\com\fasterxml\jackson\core\jackson-databind\2.15.3\jackson-databind-2.15.3.jar;J:\.m2\repository\com\fasterxml\jackson\core\jackson-annotations\2.15.3\jackson-annotations-2.15.3.jar;J:\.m2\repository\com\fasterxml\jackson\core\jackson-core\2.15.3\jackson-core-2.15.3.jar;J:\.m2\repository\org\projectlombok\lombok\1.18.30\lombok-1.18.30.jar;J:\.m2\repository\org\springframework\boot\spring-boot-starter-test\3.2.1\spring-boot-starter-test-3.2.1.jar;J:\.m2\repository\org\springframework\boot\spring-boot-test\3.2.1\spring-boot-test-3.2.1.jar;J:\.m2\repository\org\springframework\boot\spring-boot-test-autoconfigure\3.2.1\spring-boot-test-autoconfigure-3.2.1.jar;J:\.m2\repository\com\jayway\jsonpath\json-path\2.8.0\json-path-2.8.0.jar;J:\.m2\repository\jakarta\xml\bind\jakarta.xml.bind-api\4.0.1\jakarta.xml.bind-api-4.0.1.jar;J:\.m2\repository\jakarta\activation\jakarta.activation-api\2.1.2\jakarta.activation-api-2.1.2.jar;J:\.m2\repository\net\minidev\json-smart\2.5.0\json-smart-2.5.0.jar;J:\.m2\repository\net\minidev\accessors-smart\2.5.0\accessors-smart-2.5.0.jar;J:\.m2\repository\org\ow2\asm\asm\9.3\asm-9.3.jar;J:\.m2\repository\org\assertj\assertj-core\3.24.2\assertj-core-3.24.2.jar;J:\.m2\repository\org\awaitility\awaitility\4.2.0\awaitility-4.2.0.jar;J:\.m2\repository\org\hamcrest\hamcrest\2.2\hamcrest-2.2.jar;J:\.m2\repository\org\junit\jupiter\junit-jupiter\5.10.1\junit-jupiter-5.10.1.jar;J:\.m2\repository\org\junit\jupiter\junit-jupiter-api\5.10.1\junit-jupiter-api-5.10.1.jar;J:\.m2\repository\org\junit\jupiter\junit-jupiter-params\5.10.1\junit-jupiter-params-5.10.1.jar;J:\.m2\repository\org\junit\jupiter\junit-jupiter-engine\5.10.1\junit-jupiter-engine-5.10.1.jar;J:\.m2\repository\org\mockito\mockito-core\5.7.0\mockito-core-5.7.0.jar;J:\.m2\repository\net\bytebuddy\byte-buddy-agent\1.14.10\byte-buddy-agent-1.14.10.jar;J:\.m2\repository\org\objenesis\objenesis\3.3\objenesis-3.3.jar;J:\.m2\repository\org\mockito\mockito-junit-jupiter\5.7.0\mockito-junit-jupiter-5.7.0.jar;J:\.m2\repository\org\skyscreamer\jsonassert\1.5.1\jsonassert-1.5.1.jar;J:\.m2\repository\com\vaadin\external\google\android-json\0.0.20131108.vaadin1\android-json-0.0.20131108.vaadin1.jar;J:\.m2\repository\org\springframework\spring-core\6.1.2\spring-core-6.1.2.jar;J:\.m2\repository\org\springframework\spring-jcl\6.1.2\spring-jcl-6.1.2.jar;J:\.m2\repository\org\springframework\spring-test\6.1.2\spring-test-6.1.2.jar;J:\.m2\repository\org\xmlunit\xmlunit-core\2.9.1\xmlunit-core-2.9.1.jar;J:\.m2\repository\org\springframework\security\spring-security-test\6.2.1\spring-security-test-6.2.1.jar;J:\.m2\repository\org\springframework\security\spring-security-core\6.2.1\spring-security-core-6.2.1.jar;J:\.m2\repository\org\springframework\security\spring-security-crypto\6.2.1\spring-security-crypto-6.2.1.jar;J:\.m2\repository\com\h2database\h2\2.2.224\h2-2.2.224.jar;J:\.m2\repository\org\junit\platform\junit-platform-suite\1.10.1\junit-platform-suite-1.10.1.jar;J:\.m2\repository\org\junit\platform\junit-platform-suite-api\1.10.1\junit-platform-suite-api-1.10.1.jar;J:\.m2\repository\org\junit\platform\junit-platform-commons\1.10.1\junit-platform-commons-1.10.1.jar;J:\.m2\repository\org\apiguardian\apiguardian-api\1.1.2\apiguardian-api-1.1.2.jar;J:\.m2\repository\org\junit\platform\junit-platform-suite-engine\1.10.1\junit-platform-suite-engine-1.10.1.jar;J:\.m2\repository\org\junit\platform\junit-platform-engine\1.10.1\junit-platform-engine-1.10.1.jar;J:\.m2\repository\org\opentest4j\opentest4j\1.3.0\opentest4j-1.3.0.jar;J:\.m2\repository\org\junit\platform\junit-platform-suite-commons\1.10.1\junit-platform-suite-commons-1.10.1.jar;J:\.m2\repository\org\junit\platform\junit-platform-launcher\1.10.1\junit-platform-launcher-1.10.1.jar;J:\.m2\repository\it\ozimov\embedded-redis\0.7.3\embedded-redis-0.7.3.jar;J:\.m2\repository\com\google\guava\guava\21.0\guava-21.0.jar;J:\.m2\repository\commons-io\commons-io\2.5\commons-io-2.5.jar;J:\.m2\repository\org\slf4j\slf4j-simple\2.0.9\slf4j-simple-2.0.9.jar;J:\.m2\repository\commons-logging\commons-logging\1.2\commons-logging-1.2.jar;"/>
    <property name="java.vm.vendor" value="Oracle Corporation"/>
    <property name="sun.arch.data.model" value="64"/>
    <property name="user.variant" value=""/>
    <property name="java.vendor.url" value="https://java.oracle.com/"/>
    <property name="user.timezone" value="America/Chicago"/>
    <property name="org.jboss.logging.provider" value="slf4j"/>
    <property name="os.name" value="Windows 11"/>
    <property name="java.vm.specification.version" value="21"/>
    <property name="sun.java.launcher" value="SUN_STANDARD"/>
    <property name="user.country" value="US"/>
    <property name="sun.boot.library.path" value="C:\Program Files\Java\jdk-21\bin"/>
    <property name="sun.java.command" value="C:\Users\greed\AppData\Local\Temp\surefire105781806649869437\surefirebooter-20250109195051675_3.jar C:\Users\greed\AppData\Local\Temp\surefire105781806649869437 2025-01-09T19-50-51_583-jvmRun1 surefire-20250109195051675_1tmp surefire_0-20250109195051675_2tmp"/>
    <property name="jdk.debug" value="release"/>
    <property name="surefire.test.class.path" value="J:\chatgeniusv2-backend\target\test-classes;J:\chatgeniusv2-backend\target\classes;J:\.m2\repository\org\springframework\boot\spring-boot-starter-web\3.2.1\spring-boot-starter-web-3.2.1.jar;J:\.m2\repository\org\springframework\boot\spring-boot-starter\3.2.1\spring-boot-starter-3.2.1.jar;J:\.m2\repository\org\springframework\boot\spring-boot\3.2.1\spring-boot-3.2.1.jar;J:\.m2\repository\org\springframework\boot\spring-boot-autoconfigure\3.2.1\spring-boot-autoconfigure-3.2.1.jar;J:\.m2\repository\org\springframework\boot\spring-boot-starter-logging\3.2.1\spring-boot-starter-logging-3.2.1.jar;J:\.m2\repository\ch\qos\logback\logback-classic\1.4.14\logback-classic-1.4.14.jar;J:\.m2\repository\ch\qos\logback\logback-core\1.4.14\logback-core-1.4.14.jar;J:\.m2\repository\org\apache\logging\log4j\log4j-to-slf4j\2.21.1\log4j-to-slf4j-2.21.1.jar;J:\.m2\repository\org\apache\logging\log4j\log4j-api\2.21.1\log4j-api-2.21.1.jar;J:\.m2\repository\org\slf4j\jul-to-slf4j\2.0.9\jul-to-slf4j-2.0.9.jar;J:\.m2\repository\jakarta\annotation\jakarta.annotation-api\2.1.1\jakarta.annotation-api-2.1.1.jar;J:\.m2\repository\org\yaml\snakeyaml\2.2\snakeyaml-2.2.jar;J:\.m2\repository\org\springframework\boot\spring-boot-starter-json\3.2.1\spring-boot-starter-json-3.2.1.jar;J:\.m2\repository\com\fasterxml\jackson\datatype\jackson-datatype-jdk8\2.15.3\jackson-datatype-jdk8-2.15.3.jar;J:\.m2\repository\com\fasterxml\jackson\datatype\jackson-datatype-jsr310\2.15.3\jackson-datatype-jsr310-2.15.3.jar;J:\.m2\repository\com\fasterxml\jackson\module\jackson-module-parameter-names\2.15.3\jackson-module-parameter-names-2.15.3.jar;J:\.m2\repository\org\springframework\boot\spring-boot-starter-tomcat\3.2.1\spring-boot-starter-tomcat-3.2.1.jar;J:\.m2\repository\org\apache\tomcat\embed\tomcat-embed-core\10.1.17\tomcat-embed-core-10.1.17.jar;J:\.m2\repository\org\apache\tomcat\embed\tomcat-embed-websocket\10.1.17\tomcat-embed-websocket-10.1.17.jar;J:\.m2\repository\org\springframework\spring-web\6.1.2\spring-web-6.1.2.jar;J:\.m2\repository\org\springframework\spring-beans\6.1.2\spring-beans-6.1.2.jar;J:\.m2\repository\io\micrometer\micrometer-observation\1.12.1\micrometer-observation-1.12.1.jar;J:\.m2\repository\io\micrometer\micrometer-commons\1.12.1\micrometer-commons-1.12.1.jar;J:\.m2\repository\org\springframework\spring-webmvc\6.1.2\spring-webmvc-6.1.2.jar;J:\.m2\repository\org\springframework\spring-context\6.1.2\spring-context-6.1.2.jar;J:\.m2\repository\org\springframework\spring-expression\6.1.2\spring-expression-6.1.2.jar;J:\.m2\repository\org\springframework\boot\spring-boot-starter-data-jpa\3.2.1\spring-boot-starter-data-jpa-3.2.1.jar;J:\.m2\repository\org\springframework\boot\spring-boot-starter-aop\3.2.1\spring-boot-starter-aop-3.2.1.jar;J:\.m2\repository\org\aspectj\aspectjweaver\1.9.21\aspectjweaver-1.9.21.jar;J:\.m2\repository\org\springframework\boot\spring-boot-starter-jdbc\3.2.1\spring-boot-starter-jdbc-3.2.1.jar;J:\.m2\repository\com\zaxxer\HikariCP\5.0.1\HikariCP-5.0.1.jar;J:\.m2\repository\org\springframework\spring-jdbc\6.1.2\spring-jdbc-6.1.2.jar;J:\.m2\repository\org\hibernate\orm\hibernate-core\6.4.1.Final\hibernate-core-6.4.1.Final.jar;J:\.m2\repository\jakarta\persistence\jakarta.persistence-api\3.1.0\jakarta.persistence-api-3.1.0.jar;J:\.m2\repository\jakarta\transaction\jakarta.transaction-api\2.0.1\jakarta.transaction-api-2.0.1.jar;J:\.m2\repository\org\jboss\logging\jboss-logging\3.5.3.Final\jboss-logging-3.5.3.Final.jar;J:\.m2\repository\org\hibernate\common\hibernate-commons-annotations\6.0.6.Final\hibernate-commons-annotations-6.0.6.Final.jar;J:\.m2\repository\io\smallrye\jandex\3.1.2\jandex-3.1.2.jar;J:\.m2\repository\com\fasterxml\classmate\1.6.0\classmate-1.6.0.jar;J:\.m2\repository\net\bytebuddy\byte-buddy\1.14.10\byte-buddy-1.14.10.jar;J:\.m2\repository\org\glassfish\jaxb\jaxb-runtime\4.0.4\jaxb-runtime-4.0.4.jar;J:\.m2\repository\org\glassfish\jaxb\jaxb-core\4.0.4\jaxb-core-4.0.4.jar;J:\.m2\repository\org\eclipse\angus\angus-activation\2.0.1\angus-activation-2.0.1.jar;J:\.m2\repository\org\glassfish\jaxb\txw2\4.0.4\txw2-4.0.4.jar;J:\.m2\repository\com\sun\istack\istack-commons-runtime\4.1.2\istack-commons-runtime-4.1.2.jar;J:\.m2\repository\jakarta\inject\jakarta.inject-api\2.0.1\jakarta.inject-api-2.0.1.jar;J:\.m2\repository\org\antlr\antlr4-runtime\4.13.0\antlr4-runtime-4.13.0.jar;J:\.m2\repository\org\springframework\data\spring-data-jpa\3.2.1\spring-data-jpa-3.2.1.jar;J:\.m2\repository\org\springframework\data\spring-data-commons\3.2.1\spring-data-commons-3.2.1.jar;J:\.m2\repository\org\springframework\spring-orm\6.1.2\spring-orm-6.1.2.jar;J:\.m2\repository\org\springframework\spring-tx\6.1.2\spring-tx-6.1.2.jar;J:\.m2\repository\org\slf4j\slf4j-api\2.0.9\slf4j-api-2.0.9.jar;J:\.m2\repository\org\springframework\spring-aspects\6.1.2\spring-aspects-6.1.2.jar;J:\.m2\repository\org\springframework\boot\spring-boot-starter-security\3.2.1\spring-boot-starter-security-3.2.1.jar;J:\.m2\repository\org\springframework\spring-aop\6.1.2\spring-aop-6.1.2.jar;J:\.m2\repository\org\springframework\security\spring-security-config\6.2.1\spring-security-config-6.2.1.jar;J:\.m2\repository\org\springframework\security\spring-security-web\6.2.1\spring-security-web-6.2.1.jar;J:\.m2\repository\org\springframework\boot\spring-boot-starter-validation\3.2.1\spring-boot-starter-validation-3.2.1.jar;J:\.m2\repository\org\apache\tomcat\embed\tomcat-embed-el\10.1.17\tomcat-embed-el-10.1.17.jar;J:\.m2\repository\org\hibernate\validator\hibernate-validator\8.0.1.Final\hibernate-validator-8.0.1.Final.jar;J:\.m2\repository\jakarta\validation\jakarta.validation-api\3.0.2\jakarta.validation-api-3.0.2.jar;J:\.m2\repository\org\springframework\boot\spring-boot-starter-websocket\3.2.1\spring-boot-starter-websocket-3.2.1.jar;J:\.m2\repository\org\springframework\spring-messaging\6.1.2\spring-messaging-6.1.2.jar;J:\.m2\repository\org\springframework\spring-websocket\6.1.2\spring-websocket-6.1.2.jar;J:\.m2\repository\org\springframework\boot\spring-boot-starter-data-redis\3.2.1\spring-boot-starter-data-redis-3.2.1.jar;J:\.m2\repository\io\lettuce\lettuce-core\6.3.0.RELEASE\lettuce-core-6.3.0.RELEASE.jar;J:\.m2\repository\io\netty\netty-common\4.1.104.Final\netty-common-4.1.104.Final.jar;J:\.m2\repository\io\netty\netty-handler\4.1.104.Final\netty-handler-4.1.104.Final.jar;J:\.m2\repository\io\netty\netty-transport-native-unix-common\4.1.104.Final\netty-transport-native-unix-common-4.1.104.Final.jar;J:\.m2\repository\io\netty\netty-transport\4.1.104.Final\netty-transport-4.1.104.Final.jar;J:\.m2\repository\io\projectreactor\reactor-core\3.6.1\reactor-core-3.6.1.jar;J:\.m2\repository\org\springframework\data\spring-data-redis\3.2.1\spring-data-redis-3.2.1.jar;J:\.m2\repository\org\springframework\data\spring-data-keyvalue\3.2.1\spring-data-keyvalue-3.2.1.jar;J:\.m2\repository\org\springframework\spring-oxm\6.1.2\spring-oxm-6.1.2.jar;J:\.m2\repository\org\springframework\spring-context-support\6.1.2\spring-context-support-6.1.2.jar;J:\.m2\repository\org\postgresql\postgresql\42.6.0\postgresql-42.6.0.jar;J:\.m2\repository\org\checkerframework\checker-qual\3.31.0\checker-qual-3.31.0.jar;J:\.m2\repository\software\amazon\awssdk\s3\2.21.1\s3-2.21.1.jar;J:\.m2\repository\software\amazon\awssdk\aws-xml-protocol\2.21.1\aws-xml-protocol-2.21.1.jar;J:\.m2\repository\software\amazon\awssdk\protocol-core\2.21.1\protocol-core-2.21.1.jar;J:\.m2\repository\software\amazon\awssdk\arns\2.21.1\arns-2.21.1.jar;J:\.m2\repository\software\amazon\awssdk\profiles\2.21.1\profiles-2.21.1.jar;J:\.m2\repository\software\amazon\awssdk\crt-core\2.21.1\crt-core-2.21.1.jar;J:\.m2\repository\software\amazon\awssdk\http-auth\2.21.1\http-auth-2.21.1.jar;J:\.m2\repository\software\amazon\awssdk\http-auth-aws\2.21.1\http-auth-aws-2.21.1.jar;J:\.m2\repository\software\amazon\awssdk\checksums-spi\2.21.1\checksums-spi-2.21.1.jar;J:\.m2\repository\software\amazon\awssdk\checksums\2.21.1\checksums-2.21.1.jar;J:\.m2\repository\software\amazon\awssdk\sdk-core\2.21.1\sdk-core-2.21.1.jar;J:\.m2\repository\org\reactivestreams\reactive-streams\1.0.4\reactive-streams-1.0.4.jar;J:\.m2\repository\software\amazon\awssdk\auth\2.21.1\auth-2.21.1.jar;J:\.m2\repository\software\amazon\eventstream\eventstream\1.0.1\eventstream-1.0.1.jar;J:\.m2\repository\software\amazon\awssdk\http-auth-spi\2.21.1\http-auth-spi-2.21.1.jar;J:\.m2\repository\software\amazon\awssdk\identity-spi\2.21.1\identity-spi-2.21.1.jar;J:\.m2\repository\software\amazon\awssdk\http-client-spi\2.21.1\http-client-spi-2.21.1.jar;J:\.m2\repository\software\amazon\awssdk\regions\2.21.1\regions-2.21.1.jar;J:\.m2\repository\software\amazon\awssdk\annotations\2.21.1\annotations-2.21.1.jar;J:\.m2\repository\software\amazon\awssdk\utils\2.21.1\utils-2.21.1.jar;J:\.m2\repository\software\amazon\awssdk\aws-core\2.21.1\aws-core-2.21.1.jar;J:\.m2\repository\software\amazon\awssdk\metrics-spi\2.21.1\metrics-spi-2.21.1.jar;J:\.m2\repository\software\amazon\awssdk\json-utils\2.21.1\json-utils-2.21.1.jar;J:\.m2\repository\software\amazon\awssdk\third-party-jackson-core\2.21.1\third-party-jackson-core-2.21.1.jar;J:\.m2\repository\software\amazon\awssdk\endpoints-spi\2.21.1\endpoints-spi-2.21.1.jar;J:\.m2\repository\software\amazon\awssdk\apache-client\2.21.1\apache-client-2.21.1.jar;J:\.m2\repository\org\apache\httpcomponents\httpclient\4.5.13\httpclient-4.5.13.jar;J:\.m2\repository\org\apache\httpcomponents\httpcore\4.4.16\httpcore-4.4.16.jar;J:\.m2\repository\commons-codec\commons-codec\1.16.0\commons-codec-1.16.0.jar;J:\.m2\repository\software\amazon\awssdk\netty-nio-client\2.21.1\netty-nio-client-2.21.1.jar;J:\.m2\repository\io\netty\netty-codec-http\4.1.104.Final\netty-codec-http-4.1.104.Final.jar;J:\.m2\repository\io\netty\netty-codec-http2\4.1.104.Final\netty-codec-http2-4.1.104.Final.jar;J:\.m2\repository\io\netty\netty-codec\4.1.104.Final\netty-codec-4.1.104.Final.jar;J:\.m2\repository\io\netty\netty-buffer\4.1.104.Final\netty-buffer-4.1.104.Final.jar;J:\.m2\repository\io\netty\netty-transport-classes-epoll\4.1.104.Final\netty-transport-classes-epoll-4.1.104.Final.jar;J:\.m2\repository\io\netty\netty-resolver\4.1.104.Final\netty-resolver-4.1.104.Final.jar;J:\.m2\repository\software\amazon\awssdk\rds\2.21.1\rds-2.21.1.jar;J:\.m2\repository\software\amazon\awssdk\aws-query-protocol\2.21.1\aws-query-protocol-2.21.1.jar;J:\.m2\repository\io\jsonwebtoken\jjwt-api\0.11.5\jjwt-api-0.11.5.jar;J:\.m2\repository\io\jsonwebtoken\jjwt-impl\0.11.5\jjwt-impl-0.11.5.jar;J:\.m2\repository\io\jsonwebtoken\jjwt-jackson\0.11.5\jjwt-jackson-0.11.5.jar;J:\.m2\repository\com\fasterxml\jackson\core\jackson-databind\2.15.3\jackson-databind-2.15.3.jar;J:\.m2\repository\com\fasterxml\jackson\core\jackson-annotations\2.15.3\jackson-annotations-2.15.3.jar;J:\.m2\repository\com\fasterxml\jackson\core\jackson-core\2.15.3\jackson-core-2.15.3.jar;J:\.m2\repository\org\projectlombok\lombok\1.18.30\lombok-1.18.30.jar;J:\.m2\repository\org\springframework\boot\spring-boot-starter-test\3.2.1\spring-boot-starter-test-3.2.1.jar;J:\.m2\repository\org\springframework\boot\spring-boot-test\3.2.1\spring-boot-test-3.2.1.jar;J:\.m2\repository\org\springframework\boot\spring-boot-test-autoconfigure\3.2.1\spring-boot-test-autoconfigure-3.2.1.jar;J:\.m2\repository\com\jayway\jsonpath\json-path\2.8.0\json-path-2.8.0.jar;J:\.m2\repository\jakarta\xml\bind\jakarta.xml.bind-api\4.0.1\jakarta.xml.bind-api-4.0.1.jar;J:\.m2\repository\jakarta\activation\jakarta.activation-api\2.1.2\jakarta.activation-api-2.1.2.jar;J:\.m2\repository\net\minidev\json-smart\2.5.0\json-smart-2.5.0.jar;J:\.m2\repository\net\minidev\accessors-smart\2.5.0\accessors-smart-2.5.0.jar;J:\.m2\repository\org\ow2\asm\asm\9.3\asm-9.3.jar;J:\.m2\repository\org\assertj\assertj-core\3.24.2\assertj-core-3.24.2.jar;J:\.m2\repository\org\awaitility\awaitility\4.2.0\awaitility-4.2.0.jar;J:\.m2\repository\org\hamcrest\hamcrest\2.2\hamcrest-2.2.jar;J:\.m2\repository\org\junit\jupiter\junit-jupiter\5.10.1\junit-jupiter-5.10.1.jar;J:\.m2\repository\org\junit\jupiter\junit-jupiter-api\5.10.1\junit-jupiter-api-5.10.1.jar;J:\.m2\repository\org\junit\jupiter\junit-jupiter-params\5.10.1\junit-jupiter-params-5.10.1.jar;J:\.m2\repository\org\junit\jupiter\junit-jupiter-engine\5.10.1\junit-jupiter-engine-5.10.1.jar;J:\.m2\repository\org\mockito\mockito-core\5.7.0\mockito-core-5.7.0.jar;J:\.m2\repository\net\bytebuddy\byte-buddy-agent\1.14.10\byte-buddy-agent-1.14.10.jar;J:\.m2\repository\org\objenesis\objenesis\3.3\objenesis-3.3.jar;J:\.m2\repository\org\mockito\mockito-junit-jupiter\5.7.0\mockito-junit-jupiter-5.7.0.jar;J:\.m2\repository\org\skyscreamer\jsonassert\1.5.1\jsonassert-1.5.1.jar;J:\.m2\repository\com\vaadin\external\google\android-json\0.0.20131108.vaadin1\android-json-0.0.20131108.vaadin1.jar;J:\.m2\repository\org\springframework\spring-core\6.1.2\spring-core-6.1.2.jar;J:\.m2\repository\org\springframework\spring-jcl\6.1.2\spring-jcl-6.1.2.jar;J:\.m2\repository\org\springframework\spring-test\6.1.2\spring-test-6.1.2.jar;J:\.m2\repository\org\xmlunit\xmlunit-core\2.9.1\xmlunit-core-2.9.1.jar;J:\.m2\repository\org\springframework\security\spring-security-test\6.2.1\spring-security-test-6.2.1.jar;J:\.m2\repository\org\springframework\security\spring-security-core\6.2.1\spring-security-core-6.2.1.jar;J:\.m2\repository\org\springframework\security\spring-security-crypto\6.2.1\spring-security-crypto-6.2.1.jar;J:\.m2\repository\com\h2database\h2\2.2.224\h2-2.2.224.jar;J:\.m2\repository\org\junit\platform\junit-platform-suite\1.10.1\junit-platform-suite-1.10.1.jar;J:\.m2\repository\org\junit\platform\junit-platform-suite-api\1.10.1\junit-platform-suite-api-1.10.1.jar;J:\.m2\repository\org\junit\platform\junit-platform-commons\1.10.1\junit-platform-commons-1.10.1.jar;J:\.m2\repository\org\apiguardian\apiguardian-api\1.1.2\apiguardian-api-1.1.2.jar;J:\.m2\repository\org\junit\platform\junit-platform-suite-engine\1.10.1\junit-platform-suite-engine-1.10.1.jar;J:\.m2\repository\org\junit\platform\junit-platform-engine\1.10.1\junit-platform-engine-1.10.1.jar;J:\.m2\repository\org\opentest4j\opentest4j\1.3.0\opentest4j-1.3.0.jar;J:\.m2\repository\org\junit\platform\junit-platform-suite-commons\1.10.1\junit-platform-suite-commons-1.10.1.jar;J:\.m2\repository\org\junit\platform\junit-platform-launcher\1.10.1\junit-platform-launcher-1.10.1.jar;J:\.m2\repository\it\ozimov\embedded-redis\0.7.3\embedded-redis-0.7.3.jar;J:\.m2\repository\com\google\guava\guava\21.0\guava-21.0.jar;J:\.m2\repository\commons-io\commons-io\2.5\commons-io-2.5.jar;J:\.m2\repository\org\slf4j\slf4j-simple\2.0.9\slf4j-simple-2.0.9.jar;J:\.m2\repository\commons-logging\commons-logging\1.2\commons-logging-1.2.jar;"/>
    <property name="sun.cpu.endian" value="little"/>
    <property name="user.home" value="C:\Users\greed"/>
    <property name="user.language" value="en"/>
    <property name="java.specification.vendor" value="Oracle Corporation"/>
    <property name="java.version.date" value="2023-10-17"/>
    <property name="java.home" value="C:\Program Files\Java\jdk-21"/>
    <property name="file.separator" value="\"/>
    <property name="basedir" value="J:\chatgeniusv2-backend"/>
    <property name="java.vm.compressedOopsMode" value="Zero based"/>
    <property name="line.separator" value="&#10;"/>
    <property name="java.vm.specification.vendor" value="Oracle Corporation"/>
    <property name="java.specification.name" value="Java Platform API Specification"/>
    <property name="FILE_LOG_CHARSET" value="UTF-8"/>
    <property name="java.awt.headless" value="true"/>
    <property name="surefire.real.class.path" value="C:\Users\greed\AppData\Local\Temp\surefire105781806649869437\surefirebooter-20250109195051675_3.jar"/>
    <property name="user.script" value=""/>
    <property name="sun.management.compiler" value="HotSpot 64-Bit Tiered Compilers"/>
    <property name="java.runtime.version" value="21.0.1+12-LTS-29"/>
    <property name="user.name" value="greed"/>
    <property name="stdout.encoding" value="Cp1252"/>
    <property name="path.separator" value=";"/>
    <property name="os.version" value="10.0"/>
    <property name="java.runtime.name" value="Java(TM) SE Runtime Environment"/>
    <property name="file.encoding" value="UTF-8"/>
    <property name="java.vm.name" value="Java HotSpot(TM) 64-Bit Server VM"/>
    <property name="localRepository" value="J:\.m2\repository"/>
    <property name="java.vendor.url.bug" value="https://bugreport.java.com/bugreport/"/>
    <property name="java.io.tmpdir" value="C:\Users\greed\AppData\Local\Temp\"/>
    <property name="com.zaxxer.hikari.pool_number" value="1"/>
    <property name="java.version" value="21.0.1"/>
    <property name="user.dir" value="J:\chatgeniusv2-backend"/>
    <property name="os.arch" value="amd64"/>
    <property name="java.vm.specification.name" value="Java Virtual Machine Specification"/>
    <property name="PID" value="29556"/>
    <property name="sun.os.patch.level" value=""/>
    <property name="CONSOLE_LOG_CHARSET" value="UTF-8"/>
    <property name="native.encoding" value="Cp1252"/>
    <property name="java.library.path" value="C:\Program Files\Java\jdk-21\bin;C:\WINDOWS\Sun\Java\bin;C:\WINDOWS\system32;C:\WINDOWS;C:\Python312\Scripts\;C:\Python312\;C:\Program Files\Common Files\Oracle\Java\javapath;C:\Program Files (x86)\Razer Chroma SDK\bin;C:\Program Files\Razer Chroma SDK\bin;C:\Program Files\Microsoft\jdk-11.0.12.7-hotspot\bin;C:\Program Files (x86)\Razer\ChromaBroadcast\bin;C:\Program Files\Razer\ChromaBroadcast\bin;C:\WINDOWS\system32;C:\WINDOWS;C:\WINDOWS\System32\Wbem;C:\WINDOWS\System32\WindowsPowerShell\v1.0\;C:\WINDOWS\System32\OpenSSH\;C:\Program Files\PuTTY\;C:\WINDOWS\system32\config\systemprofile\AppData\Local\Microsoft\WindowsApps;C:\Program Files\Microsoft SQL Server\150\Tools\Binn\;C:\Program Files\Microsoft SQL Server\Client SDK\ODBC\170\Tools\Binn\;C:\Program Files\dotnet\;C:\Program Files (x86)\NVIDIA Corporation\PhysX\Common;H:\Programs\PuTTy\;H:\Programs\WinSCP\;C:\Program Files\Git\cmd;C:\WINDOWS\system32;C:\WINDOWS;C:\WINDOWS\System32\Wbem;C:\WINDOWS\System32\WindowsPowerShell\v1.0\;C:\WINDOWS\System32\OpenSSH\;H:\Downloads\apache-maven-3.9.8-bin\apache-maven-3.9.8\bin;C:\Program Files\nodejs\;C:\ProgramData\chocolatey\bin;C:\Program Files\NVIDIA Corporation\NVIDIA app\NvDLISR;c:\Users\greed\AppData\Local\Programs\cursor\resources\app\bin;C:\Users\greed\scoop\shims;C:\Users\greed\AppData\Local\Microsoft\WindowsApps;C:\Users\greed\.dotnet\tools;H:\Programs\Microsoft VS Code\bin;;H:\Programs\IntelliJ\IntelliJ IDEA Community Edition 2024.1.4\bin;;C:\Users\greed\AppData\Roaming\npm;."/>
    <property name="java.vm.info" value="mixed mode, sharing"/>
    <property name="stderr.encoding" value="Cp1252"/>
    <property name="java.vendor" value="Oracle Corporation"/>
    <property name="java.vm.version" value="21.0.1+12-LTS-29"/>
    <property name="sun.io.unicode.encoding" value="UnicodeLittle"/>
    <property name="java.class.version" value="65.0"/>
  </properties>
  <testcase name="createMessage_Success" classname="com.chatgenius.integration.DatabaseIntegrationTest" time="0.088">
    <system-out><![CDATA[2025-01-09T19:50:59.254-06:00  INFO 29556 --- [           main] t.c.s.AnnotationConfigContextLoaderUtils : Could not detect default configuration classes for test class [com.chatgenius.integration.DatabaseIntegrationTest]: DatabaseIntegrationTest does not declare any static, non-private, non-final, nested classes annotated with @Configuration.
2025-01-09T19:50:59.258-06:00  INFO 29556 --- [           main] .b.t.c.SpringBootTestContextBootstrapper : Found @SpringBootConfiguration com.chatgenius.ChatGeniusApplication for test class com.chatgenius.integration.DatabaseIntegrationTest

  .   ____          _            __ _ _
 /\\ / ___'_ __ _ _(_)_ __  __ _ \ \ \ \
( ( )\___ | '_ | '_| | '_ \/ _` | \ \ \ \
 \\/  ___)| |_)| | | | | || (_| |  ) ) ) )
  '  |____| .__|_| |_|_| |_\__, | / / / /
 =========|_|==============|___/=/_/_/_/
 :: Spring Boot ::                (v3.2.1)

2025-01-09T19:50:59.274-06:00  INFO 29556 --- [           main] c.c.integration.DatabaseIntegrationTest  : Starting DatabaseIntegrationTest using Java 21.0.1 with PID 29556 (started by greed in J:\chatgeniusv2-backend)
2025-01-09T19:50:59.274-06:00  INFO 29556 --- [           main] c.c.integration.DatabaseIntegrationTest  : The following 1 profile is active: "test"
2025-01-09T19:50:59.318-06:00  INFO 29556 --- [           main] .s.d.r.c.RepositoryConfigurationDelegate : Multiple Spring Data modules found, entering strict repository configuration mode
2025-01-09T19:50:59.318-06:00  INFO 29556 --- [           main] .s.d.r.c.RepositoryConfigurationDelegate : Bootstrapping Spring Data JPA repositories in DEFAULT mode.
2025-01-09T19:50:59.322-06:00  INFO 29556 --- [           main] .s.d.r.c.RepositoryConfigurationDelegate : Finished Spring Data repository scanning in 3 ms. Found 3 JPA repository interfaces.
2025-01-09T19:50:59.333-06:00  INFO 29556 --- [           main] beddedDataSourceBeanFactoryPostProcessor : Replacing 'dataSource' DataSource bean with embedded version
2025-01-09T19:50:59.354-06:00  INFO 29556 --- [           main] o.s.j.d.e.EmbeddedDatabaseFactory        : Starting embedded database: url='jdbc:h2:mem:b3060eb4-56a6-44c2-a771-5bdfd1b2119a;DB_CLOSE_DELAY=-1;DB_CLOSE_ON_EXIT=false', username='sa'
2025-01-09T19:50:59.508-06:00  INFO 29556 --- [           main] o.hibernate.jpa.internal.util.LogHelper  : HHH000204: Processing PersistenceUnitInfo [name: default]
2025-01-09T19:50:59.510-06:00  INFO 29556 --- [           main] o.h.c.internal.RegionFactoryInitiator    : HHH000026: Second-level cache disabled
2025-01-09T19:50:59.511-06:00  INFO 29556 --- [           main] o.s.o.j.p.SpringPersistenceUnitInfo      : No LoadTimeWeaver setup: ignoring JPA class transformer
2025-01-09T19:50:59.518-06:00  WARN 29556 --- [           main] org.hibernate.orm.deprecation            : HHH90000025: H2Dialect does not need to be specified explicitly using 'hibernate.dialect' (remove the property setting and it will be selected by default)
2025-01-09T19:50:59.642-06:00  INFO 29556 --- [           main] o.h.e.t.j.p.i.JtaPlatformInitiator       : HHH000489: No JTA platform available (set 'hibernate.transaction.jta.platform' to enable JTA platform integration)
Hibernate: 
    drop table if exists attachments cascade 
Hibernate: 
    drop table if exists channel_members cascade 
Hibernate: 
    drop table if exists channels cascade 
Hibernate: 
    drop table if exists messages cascade 
Hibernate: 
    drop table if exists reactions cascade 
Hibernate: 
    drop table if exists user_roles cascade 
Hibernate: 
    drop table if exists users cascade 
Hibernate: 
    create table attachments (
        file_size integer not null,
        created_at timestamp(6) with time zone,
        id uuid not null,
        message_id uuid not null,
        file_type varchar(50) not null,
        file_name varchar(255) not null,
        file_url varchar(255) not null,
        primary key (id)
    )
Hibernate: 
    create table channel_members (
        channel_id uuid not null,
        user_id uuid not null,
        primary key (channel_id, user_id)
    )
Hibernate: 
    create table channels (
        created_at timestamp(6) with time zone not null,
        id uuid not null,
        name varchar(255) not null,
        type varchar(255) not null check (type in ('PUBLIC','PRIVATE','DIRECT_MESSAGE')),
        primary key (id)
    )
Hibernate: 
    create table messages (
        created_at timestamp(6) with time zone,
        updated_at timestamp(6) with time zone,
        channel_id uuid not null,
        id uuid not null,
        thread_id uuid,
        user_id uuid,
        type varchar(20) not null check (type in ('TEXT','FILE','AI','SYSTEM')),
        content varchar(255) not null,
        primary key (id)
    )
Hibernate: 
    create table reactions (
        created_at timestamp(6) with time zone,
        id uuid not null,
        message_id uuid not null,
        user_id uuid not null,
        emoji varchar(50) not null,
        primary key (id)
    )
Hibernate: 
    create table user_roles (
        user_id uuid not null,
        role varchar(255)
    )
Hibernate: 
    create table users (
        created_at timestamp(6) with time zone not null,
        last_seen_at timestamp(6) with time zone,
        id uuid not null,
        email varchar(255) not null unique,
        password varchar(255) not null,
        status varchar(255) not null check (status in ('ONLINE','OFFLINE','AWAY','DO_NOT_DISTURB')),
        username varchar(255) not null unique,
        primary key (id)
    )
Hibernate: 
    alter table if exists attachments 
       add constraint FKcf4ta8qdkixetfy7wnqfv3vkv 
       foreign key (message_id) 
       references messages
Hibernate: 
    alter table if exists channel_members 
       add constraint FKjunpxp98pv6g23t5d3w5hx8ji 
       foreign key (user_id) 
       references users
Hibernate: 
    alter table if exists channel_members 
       add constraint FK5w7mqibtg5vbjt7xq6xyhc479 
       foreign key (channel_id) 
       references channels
Hibernate: 
    alter table if exists messages 
       add constraint FK3u3ckbhwq9se1cmopk2pq05b2 
       foreign key (channel_id) 
       references channels
Hibernate: 
    alter table if exists messages 
       add constraint FKi19qh96rd5ol2wt2qfld9klmu 
       foreign key (thread_id) 
       references messages
Hibernate: 
    alter table if exists messages 
       add constraint FKpsmh6clh3csorw43eaodlqvkn 
       foreign key (user_id) 
       references users
Hibernate: 
    alter table if exists reactions 
       add constraint FKlmwgdoo3g3f4g0wsgc1lmwfby 
       foreign key (message_id) 
       references messages
Hibernate: 
    alter table if exists reactions 
       add constraint FKqmewaibcp5bxtlqxc2cawhuln 
       foreign key (user_id) 
       references users
Hibernate: 
    alter table if exists user_roles 
       add constraint FKhfh9dx7w3ubf1co1vdev94g3f 
       foreign key (user_id) 
       references users
2025-01-09T19:50:59.682-06:00  INFO 29556 --- [           main] j.LocalContainerEntityManagerFactoryBean : Initialized JPA EntityManagerFactory for persistence unit 'default'
2025-01-09T19:50:59.926-06:00  INFO 29556 --- [           main] o.s.d.j.r.query.QueryEnhancerFactory     : Hibernate is in classpath; If applicable, HQL parser will be used.
2025-01-09T19:51:00.465-06:00  INFO 29556 --- [           main] c.c.integration.DatabaseIntegrationTest  : Started DatabaseIntegrationTest in 1.206 seconds (process running for 8.742)
Hibernate: 
    select
        m1_0.id,
        m1_0.channel_id,
        m1_0.content,
        m1_0.created_at,
        m1_0.thread_id,
        m1_0.type,
        m1_0.updated_at,
        m1_0.user_id 
    from
        messages m1_0
Hibernate: 
    select
        c1_0.id,
        c1_0.created_at,
        c1_0.name,
        c1_0.type 
    from
        channels c1_0
Hibernate: 
    select
        u1_0.id,
        u1_0.created_at,
        u1_0.email,
        u1_0.last_seen_at,
        u1_0.password,
        u1_0.status,
        u1_0.username 
    from
        users u1_0
]]></system-out>
  </testcase>
  <testcase name="createReply_Success" classname="com.chatgenius.integration.DatabaseIntegrationTest" time="0.005">
    <system-out><![CDATA[Hibernate: 
    select
        m1_0.id,
        m1_0.channel_id,
        m1_0.content,
        m1_0.created_at,
        m1_0.thread_id,
        m1_0.type,
        m1_0.updated_at,
        m1_0.user_id 
    from
        messages m1_0
Hibernate: 
    select
        c1_0.id,
        c1_0.created_at,
        c1_0.name,
        c1_0.type 
    from
        channels c1_0
Hibernate: 
    select
        u1_0.id,
        u1_0.created_at,
        u1_0.email,
        u1_0.last_seen_at,
        u1_0.password,
        u1_0.status,
        u1_0.username 
    from
        users u1_0
]]></system-out>
  </testcase>
</testsuite>