<?xml version="1.0" encoding="UTF-8"?>
<testsuite xmlns:xsi="http://www.w3.org/2001/XMLSchema-instance" xsi:noNamespaceSchemaLocation="https://maven.apache.org/surefire/maven-surefire-plugin/xsd/surefire-test-report-3.0.xsd" version="3.0" name="com.chatgenius.repository.MessageRepositoryTest" time="0.085" tests="4" errors="0" skipped="0" failures="0">
  <properties>
    <property name="java.specification.version" value="21"/>
    <property name="sun.cpu.isalist" value="amd64"/>
    <property name="sun.jnu.encoding" value="Cp1252"/>
    <property name="java.class.path" value="J:\chatgeniusv2-backend\target\test-classes;J:\chatgeniusv2-backend\target\classes;J:\.m2\repository\org\springframework\boot\spring-boot-starter-web\3.2.1\spring-boot-starter-web-3.2.1.jar;J:\.m2\repository\org\springframework\boot\spring-boot-starter\3.2.1\spring-boot-starter-3.2.1.jar;J:\.m2\repository\org\springframework\boot\spring-boot\3.2.1\spring-boot-3.2.1.jar;J:\.m2\repository\org\springframework\boot\spring-boot-autoconfigure\3.2.1\spring-boot-autoconfigure-3.2.1.jar;J:\.m2\repository\org\springframework\boot\spring-boot-starter-logging\3.2.1\spring-boot-starter-logging-3.2.1.jar;J:\.m2\repository\ch\qos\logback\logback-classic\1.4.14\logback-classic-1.4.14.jar;J:\.m2\repository\ch\qos\logback\logback-core\1.4.14\logback-core-1.4.14.jar;J:\.m2\repository\org\apache\logging\log4j\log4j-to-slf4j\2.21.1\log4j-to-slf4j-2.21.1.jar;J:\.m2\repository\org\apache\logging\log4j\log4j-api\2.21.1\log4j-api-2.21.1.jar;J:\.m2\repository\org\slf4j\jul-to-slf4j\2.0.9\jul-to-slf4j-2.0.9.jar;J:\.m2\repository\jakarta\annotation\jakarta.annotation-api\2.1.1\jakarta.annotation-api-2.1.1.jar;J:\.m2\repository\org\yaml\snakeyaml\2.2\snakeyaml-2.2.jar;J:\.m2\repository\org\springframework\boot\spring-boot-starter-json\3.2.1\spring-boot-starter-json-3.2.1.jar;J:\.m2\repository\com\fasterxml\jackson\datatype\jackson-datatype-jdk8\2.15.3\jackson-datatype-jdk8-2.15.3.jar;J:\.m2\repository\com\fasterxml\jackson\datatype\jackson-datatype-jsr310\2.15.3\jackson-datatype-jsr310-2.15.3.jar;J:\.m2\repository\com\fasterxml\jackson\module\jackson-module-parameter-names\2.15.3\jackson-module-parameter-names-2.15.3.jar;J:\.m2\repository\org\springframework\boot\spring-boot-starter-tomcat\3.2.1\spring-boot-starter-tomcat-3.2.1.jar;J:\.m2\repository\org\apache\tomcat\embed\tomcat-embed-core\10.1.17\tomcat-embed-core-10.1.17.jar;J:\.m2\repository\org\apache\tomcat\embed\tomcat-embed-websocket\10.1.17\tomcat-embed-websocket-10.1.17.jar;J:\.m2\repository\org\springframework\spring-web\6.1.2\spring-web-6.1.2.jar;J:\.m2\repository\org\springframework\spring-beans\6.1.2\spring-beans-6.1.2.jar;J:\.m2\repository\io\micrometer\micrometer-observation\1.12.1\micrometer-observation-1.12.1.jar;J:\.m2\repository\io\micrometer\micrometer-commons\1.12.1\micrometer-commons-1.12.1.jar;J:\.m2\repository\org\springframework\spring-webmvc\6.1.2\spring-webmvc-6.1.2.jar;J:\.m2\repository\org\springframework\spring-context\6.1.2\spring-context-6.1.2.jar;J:\.m2\repository\org\springframework\spring-expression\6.1.2\spring-expression-6.1.2.jar;J:\.m2\repository\org\springframework\boot\spring-boot-starter-data-jpa\3.2.1\spring-boot-starter-data-jpa-3.2.1.jar;J:\.m2\repository\org\springframework\boot\spring-boot-starter-aop\3.2.1\spring-boot-starter-aop-3.2.1.jar;J:\.m2\repository\org\aspectj\aspectjweaver\1.9.21\aspectjweaver-1.9.21.jar;J:\.m2\repository\org\springframework\boot\spring-boot-starter-jdbc\3.2.1\spring-boot-starter-jdbc-3.2.1.jar;J:\.m2\repository\com\zaxxer\HikariCP\5.0.1\HikariCP-5.0.1.jar;J:\.m2\repository\org\springframework\spring-jdbc\6.1.2\spring-jdbc-6.1.2.jar;J:\.m2\repository\org\hibernate\orm\hibernate-core\6.4.1.Final\hibernate-core-6.4.1.Final.jar;J:\.m2\repository\jakarta\persistence\jakarta.persistence-api\3.1.0\jakarta.persistence-api-3.1.0.jar;J:\.m2\repository\jakarta\transaction\jakarta.transaction-api\2.0.1\jakarta.transaction-api-2.0.1.jar;J:\.m2\repository\org\jboss\logging\jboss-logging\3.5.3.Final\jboss-logging-3.5.3.Final.jar;J:\.m2\repository\org\hibernate\common\hibernate-commons-annotations\6.0.6.Final\hibernate-commons-annotations-6.0.6.Final.jar;J:\.m2\repository\io\smallrye\jandex\3.1.2\jandex-3.1.2.jar;J:\.m2\repository\com\fasterxml\classmate\1.6.0\classmate-1.6.0.jar;J:\.m2\repository\net\bytebuddy\byte-buddy\1.14.10\byte-buddy-1.14.10.jar;J:\.m2\repository\org\glassfish\jaxb\jaxb-runtime\4.0.4\jaxb-runtime-4.0.4.jar;J:\.m2\repository\org\glassfish\jaxb\jaxb-core\4.0.4\jaxb-core-4.0.4.jar;J:\.m2\repository\org\eclipse\angus\angus-activation\2.0.1\angus-activation-2.0.1.jar;J:\.m2\repository\org\glassfish\jaxb\txw2\4.0.4\txw2-4.0.4.jar;J:\.m2\repository\com\sun\istack\istack-commons-runtime\4.1.2\istack-commons-runtime-4.1.2.jar;J:\.m2\repository\jakarta\inject\jakarta.inject-api\2.0.1\jakarta.inject-api-2.0.1.jar;J:\.m2\repository\org\antlr\antlr4-runtime\4.13.0\antlr4-runtime-4.13.0.jar;J:\.m2\repository\org\springframework\data\spring-data-jpa\3.2.1\spring-data-jpa-3.2.1.jar;J:\.m2\repository\org\springframework\data\spring-data-commons\3.2.1\spring-data-commons-3.2.1.jar;J:\.m2\repository\org\springframework\spring-orm\6.1.2\spring-orm-6.1.2.jar;J:\.m2\repository\org\springframework\spring-tx\6.1.2\spring-tx-6.1.2.jar;J:\.m2\repository\org\slf4j\slf4j-api\2.0.9\slf4j-api-2.0.9.jar;J:\.m2\repository\org\springframework\spring-aspects\6.1.2\spring-aspects-6.1.2.jar;J:\.m2\repository\org\springframework\boot\spring-boot-starter-security\3.2.1\spring-boot-starter-security-3.2.1.jar;J:\.m2\repository\org\springframework\spring-aop\6.1.2\spring-aop-6.1.2.jar;J:\.m2\repository\org\springframework\security\spring-security-config\6.2.1\spring-security-config-6.2.1.jar;J:\.m2\repository\org\springframework\security\spring-security-web\6.2.1\spring-security-web-6.2.1.jar;J:\.m2\repository\org\springframework\boot\spring-boot-starter-validation\3.2.1\spring-boot-starter-validation-3.2.1.jar;J:\.m2\repository\org\apache\tomcat\embed\tomcat-embed-el\10.1.17\tomcat-embed-el-10.1.17.jar;J:\.m2\repository\org\hibernate\validator\hibernate-validator\8.0.1.Final\hibernate-validator-8.0.1.Final.jar;J:\.m2\repository\jakarta\validation\jakarta.validation-api\3.0.2\jakarta.validation-api-3.0.2.jar;J:\.m2\repository\org\springframework\boot\spring-boot-starter-websocket\3.2.1\spring-boot-starter-websocket-3.2.1.jar;J:\.m2\repository\org\springframework\spring-messaging\6.1.2\spring-messaging-6.1.2.jar;J:\.m2\repository\org\springframework\spring-websocket\6.1.2\spring-websocket-6.1.2.jar;J:\.m2\repository\org\springframework\boot\spring-boot-starter-data-redis\3.2.1\spring-boot-starter-data-redis-3.2.1.jar;J:\.m2\repository\io\lettuce\lettuce-core\6.3.0.RELEASE\lettuce-core-6.3.0.RELEASE.jar;J:\.m2\repository\io\netty\netty-common\4.1.104.Final\netty-common-4.1.104.Final.jar;J:\.m2\repository\io\netty\netty-handler\4.1.104.Final\netty-handler-4.1.104.Final.jar;J:\.m2\repository\io\netty\netty-transport-native-unix-common\4.1.104.Final\netty-transport-native-unix-common-4.1.104.Final.jar;J:\.m2\repository\io\netty\netty-transport\4.1.104.Final\netty-transport-4.1.104.Final.jar;J:\.m2\repository\io\projectreactor\reactor-core\3.6.1\reactor-core-3.6.1.jar;J:\.m2\repository\org\springframework\data\spring-data-redis\3.2.1\spring-data-redis-3.2.1.jar;J:\.m2\repository\org\springframework\data\spring-data-keyvalue\3.2.1\spring-data-keyvalue-3.2.1.jar;J:\.m2\repository\org\springframework\spring-oxm\6.1.2\spring-oxm-6.1.2.jar;J:\.m2\repository\org\springframework\spring-context-support\6.1.2\spring-context-support-6.1.2.jar;J:\.m2\repository\org\postgresql\postgresql\42.6.0\postgresql-42.6.0.jar;J:\.m2\repository\org\checkerframework\checker-qual\3.31.0\checker-qual-3.31.0.jar;J:\.m2\repository\software\amazon\awssdk\s3\2.21.1\s3-2.21.1.jar;J:\.m2\repository\software\amazon\awssdk\aws-xml-protocol\2.21.1\aws-xml-protocol-2.21.1.jar;J:\.m2\repository\software\amazon\awssdk\protocol-core\2.21.1\protocol-core-2.21.1.jar;J:\.m2\repository\software\amazon\awssdk\arns\2.21.1\arns-2.21.1.jar;J:\.m2\repository\software\amazon\awssdk\profiles\2.21.1\profiles-2.21.1.jar;J:\.m2\repository\software\amazon\awssdk\crt-core\2.21.1\crt-core-2.21.1.jar;J:\.m2\repository\software\amazon\awssdk\http-auth\2.21.1\http-auth-2.21.1.jar;J:\.m2\repository\software\amazon\awssdk\http-auth-aws\2.21.1\http-auth-aws-2.21.1.jar;J:\.m2\repository\software\amazon\awssdk\checksums-spi\2.21.1\checksums-spi-2.21.1.jar;J:\.m2\repository\software\amazon\awssdk\checksums\2.21.1\checksums-2.21.1.jar;J:\.m2\repository\software\amazon\awssdk\sdk-core\2.21.1\sdk-core-2.21.1.jar;J:\.m2\repository\org\reactivestreams\reactive-streams\1.0.4\reactive-streams-1.0.4.jar;J:\.m2\repository\software\amazon\awssdk\auth\2.21.1\auth-2.21.1.jar;J:\.m2\repository\software\amazon\eventstream\eventstream\1.0.1\eventstream-1.0.1.jar;J:\.m2\repository\software\amazon\awssdk\http-auth-spi\2.21.1\http-auth-spi-2.21.1.jar;J:\.m2\repository\software\amazon\awssdk\identity-spi\2.21.1\identity-spi-2.21.1.jar;J:\.m2\repository\software\amazon\awssdk\http-client-spi\2.21.1\http-client-spi-2.21.1.jar;J:\.m2\repository\software\amazon\awssdk\regions\2.21.1\regions-2.21.1.jar;J:\.m2\repository\software\amazon\awssdk\annotations\2.21.1\annotations-2.21.1.jar;J:\.m2\repository\software\amazon\awssdk\utils\2.21.1\utils-2.21.1.jar;J:\.m2\repository\software\amazon\awssdk\aws-core\2.21.1\aws-core-2.21.1.jar;J:\.m2\repository\software\amazon\awssdk\metrics-spi\2.21.1\metrics-spi-2.21.1.jar;J:\.m2\repository\software\amazon\awssdk\json-utils\2.21.1\json-utils-2.21.1.jar;J:\.m2\repository\software\amazon\awssdk\third-party-jackson-core\2.21.1\third-party-jackson-core-2.21.1.jar;J:\.m2\repository\software\amazon\awssdk\endpoints-spi\2.21.1\endpoints-spi-2.21.1.jar;J:\.m2\repository\software\amazon\awssdk\apache-client\2.21.1\apache-client-2.21.1.jar;J:\.m2\repository\org\apache\httpcomponents\httpclient\4.5.13\httpclient-4.5.13.jar;J:\.m2\repository\commons-logging\commons-logging\1.2\commons-logging-1.2.jar;J:\.m2\repository\org\apache\httpcomponents\httpcore\4.4.16\httpcore-4.4.16.jar;J:\.m2\repository\commons-codec\commons-codec\1.16.0\commons-codec-1.16.0.jar;J:\.m2\repository\software\amazon\awssdk\netty-nio-client\2.21.1\netty-nio-client-2.21.1.jar;J:\.m2\repository\io\netty\netty-codec-http\4.1.104.Final\netty-codec-http-4.1.104.Final.jar;J:\.m2\repository\io\netty\netty-codec-http2\4.1.104.Final\netty-codec-http2-4.1.104.Final.jar;J:\.m2\repository\io\netty\netty-codec\4.1.104.Final\netty-codec-4.1.104.Final.jar;J:\.m2\repository\io\netty\netty-buffer\4.1.104.Final\netty-buffer-4.1.104.Final.jar;J:\.m2\repository\io\netty\netty-transport-classes-epoll\4.1.104.Final\netty-transport-classes-epoll-4.1.104.Final.jar;J:\.m2\repository\io\netty\netty-resolver\4.1.104.Final\netty-resolver-4.1.104.Final.jar;J:\.m2\repository\software\amazon\awssdk\rds\2.21.1\rds-2.21.1.jar;J:\.m2\repository\software\amazon\awssdk\aws-query-protocol\2.21.1\aws-query-protocol-2.21.1.jar;J:\.m2\repository\io\jsonwebtoken\jjwt-api\0.11.5\jjwt-api-0.11.5.jar;J:\.m2\repository\io\jsonwebtoken\jjwt-impl\0.11.5\jjwt-impl-0.11.5.jar;J:\.m2\repository\io\jsonwebtoken\jjwt-jackson\0.11.5\jjwt-jackson-0.11.5.jar;J:\.m2\repository\com\fasterxml\jackson\core\jackson-databind\2.15.3\jackson-databind-2.15.3.jar;J:\.m2\repository\com\fasterxml\jackson\core\jackson-annotations\2.15.3\jackson-annotations-2.15.3.jar;J:\.m2\repository\com\fasterxml\jackson\core\jackson-core\2.15.3\jackson-core-2.15.3.jar;J:\.m2\repository\org\projectlombok\lombok\1.18.30\lombok-1.18.30.jar;J:\.m2\repository\org\springframework\boot\spring-boot-starter-test\3.2.1\spring-boot-starter-test-3.2.1.jar;J:\.m2\repository\org\springframework\boot\spring-boot-test\3.2.1\spring-boot-test-3.2.1.jar;J:\.m2\repository\org\springframework\boot\spring-boot-test-autoconfigure\3.2.1\spring-boot-test-autoconfigure-3.2.1.jar;J:\.m2\repository\com\jayway\jsonpath\json-path\2.8.0\json-path-2.8.0.jar;J:\.m2\repository\jakarta\xml\bind\jakarta.xml.bind-api\4.0.1\jakarta.xml.bind-api-4.0.1.jar;J:\.m2\repository\jakarta\activation\jakarta.activation-api\2.1.2\jakarta.activation-api-2.1.2.jar;J:\.m2\repository\net\minidev\json-smart\2.5.0\json-smart-2.5.0.jar;J:\.m2\repository\net\minidev\accessors-smart\2.5.0\accessors-smart-2.5.0.jar;J:\.m2\repository\org\ow2\asm\asm\9.3\asm-9.3.jar;J:\.m2\repository\org\assertj\assertj-core\3.24.2\assertj-core-3.24.2.jar;J:\.m2\repository\org\awaitility\awaitility\4.2.0\awaitility-4.2.0.jar;J:\.m2\repository\org\hamcrest\hamcrest\2.2\hamcrest-2.2.jar;J:\.m2\repository\org\junit\jupiter\junit-jupiter\5.10.1\junit-jupiter-5.10.1.jar;J:\.m2\repository\org\junit\jupiter\junit-jupiter-api\5.10.1\junit-jupiter-api-5.10.1.jar;J:\.m2\repository\org\junit\jupiter\junit-jupiter-params\5.10.1\junit-jupiter-params-5.10.1.jar;J:\.m2\repository\org\junit\jupiter\junit-jupiter-engine\5.10.1\junit-jupiter-engine-5.10.1.jar;J:\.m2\repository\org\mockito\mockito-core\5.7.0\mockito-core-5.7.0.jar;J:\.m2\repository\net\bytebuddy\byte-buddy-agent\1.14.10\byte-buddy-agent-1.14.10.jar;J:\.m2\repository\org\objenesis\objenesis\3.3\objenesis-3.3.jar;J:\.m2\repository\org\mockito\mockito-junit-jupiter\5.7.0\mockito-junit-jupiter-5.7.0.jar;J:\.m2\repository\org\skyscreamer\jsonassert\1.5.1\jsonassert-1.5.1.jar;J:\.m2\repository\com\vaadin\external\google\android-json\0.0.20131108.vaadin1\android-json-0.0.20131108.vaadin1.jar;J:\.m2\repository\org\springframework\spring-core\6.1.2\spring-core-6.1.2.jar;J:\.m2\repository\org\springframework\spring-jcl\6.1.2\spring-jcl-6.1.2.jar;J:\.m2\repository\org\springframework\spring-test\6.1.2\spring-test-6.1.2.jar;J:\.m2\repository\org\xmlunit\xmlunit-core\2.9.1\xmlunit-core-2.9.1.jar;J:\.m2\repository\org\springframework\security\spring-security-test\6.2.1\spring-security-test-6.2.1.jar;J:\.m2\repository\org\springframework\security\spring-security-core\6.2.1\spring-security-core-6.2.1.jar;J:\.m2\repository\org\springframework\security\spring-security-crypto\6.2.1\spring-security-crypto-6.2.1.jar;J:\.m2\repository\com\h2database\h2\2.2.224\h2-2.2.224.jar;J:\.m2\repository\org\junit\platform\junit-platform-suite\1.10.1\junit-platform-suite-1.10.1.jar;J:\.m2\repository\org\junit\platform\junit-platform-suite-api\1.10.1\junit-platform-suite-api-1.10.1.jar;J:\.m2\repository\org\junit\platform\junit-platform-commons\1.10.1\junit-platform-commons-1.10.1.jar;J:\.m2\repository\org\apiguardian\apiguardian-api\1.1.2\apiguardian-api-1.1.2.jar;J:\.m2\repository\org\junit\platform\junit-platform-suite-engine\1.10.1\junit-platform-suite-engine-1.10.1.jar;J:\.m2\repository\org\junit\platform\junit-platform-engine\1.10.1\junit-platform-engine-1.10.1.jar;J:\.m2\repository\org\opentest4j\opentest4j\1.3.0\opentest4j-1.3.0.jar;J:\.m2\repository\org\junit\platform\junit-platform-suite-commons\1.10.1\junit-platform-suite-commons-1.10.1.jar;J:\.m2\repository\org\junit\platform\junit-platform-launcher\1.10.1\junit-platform-launcher-1.10.1.jar;"/>
    <property name="java.vm.vendor" value="Oracle Corporation"/>
    <property name="sun.arch.data.model" value="64"/>
    <property name="user.variant" value=""/>
    <property name="java.vendor.url" value="https://java.oracle.com/"/>
    <property name="user.timezone" value="America/Chicago"/>
    <property name="org.jboss.logging.provider" value="slf4j"/>
    <property name="os.name" value="Windows 11"/>
    <property name="java.vm.specification.version" value="21"/>
    <property name="sun.java.launcher" value="SUN_STANDARD"/>
    <property name="user.country" value="US"/>
    <property name="sun.boot.library.path" value="C:\Program Files\Java\jdk-21\bin"/>
    <property name="sun.java.command" value="C:\Users\greed\AppData\Local\Temp\surefire5368658469229602622\surefirebooter-20250109083655439_3.jar C:\Users\greed\AppData\Local\Temp\surefire5368658469229602622 2025-01-09T08-36-55_309-jvmRun1 surefire-20250109083655439_1tmp surefire_0-20250109083655439_2tmp"/>
    <property name="jdk.debug" value="release"/>
    <property name="surefire.test.class.path" value="J:\chatgeniusv2-backend\target\test-classes;J:\chatgeniusv2-backend\target\classes;J:\.m2\repository\org\springframework\boot\spring-boot-starter-web\3.2.1\spring-boot-starter-web-3.2.1.jar;J:\.m2\repository\org\springframework\boot\spring-boot-starter\3.2.1\spring-boot-starter-3.2.1.jar;J:\.m2\repository\org\springframework\boot\spring-boot\3.2.1\spring-boot-3.2.1.jar;J:\.m2\repository\org\springframework\boot\spring-boot-autoconfigure\3.2.1\spring-boot-autoconfigure-3.2.1.jar;J:\.m2\repository\org\springframework\boot\spring-boot-starter-logging\3.2.1\spring-boot-starter-logging-3.2.1.jar;J:\.m2\repository\ch\qos\logback\logback-classic\1.4.14\logback-classic-1.4.14.jar;J:\.m2\repository\ch\qos\logback\logback-core\1.4.14\logback-core-1.4.14.jar;J:\.m2\repository\org\apache\logging\log4j\log4j-to-slf4j\2.21.1\log4j-to-slf4j-2.21.1.jar;J:\.m2\repository\org\apache\logging\log4j\log4j-api\2.21.1\log4j-api-2.21.1.jar;J:\.m2\repository\org\slf4j\jul-to-slf4j\2.0.9\jul-to-slf4j-2.0.9.jar;J:\.m2\repository\jakarta\annotation\jakarta.annotation-api\2.1.1\jakarta.annotation-api-2.1.1.jar;J:\.m2\repository\org\yaml\snakeyaml\2.2\snakeyaml-2.2.jar;J:\.m2\repository\org\springframework\boot\spring-boot-starter-json\3.2.1\spring-boot-starter-json-3.2.1.jar;J:\.m2\repository\com\fasterxml\jackson\datatype\jackson-datatype-jdk8\2.15.3\jackson-datatype-jdk8-2.15.3.jar;J:\.m2\repository\com\fasterxml\jackson\datatype\jackson-datatype-jsr310\2.15.3\jackson-datatype-jsr310-2.15.3.jar;J:\.m2\repository\com\fasterxml\jackson\module\jackson-module-parameter-names\2.15.3\jackson-module-parameter-names-2.15.3.jar;J:\.m2\repository\org\springframework\boot\spring-boot-starter-tomcat\3.2.1\spring-boot-starter-tomcat-3.2.1.jar;J:\.m2\repository\org\apache\tomcat\embed\tomcat-embed-core\10.1.17\tomcat-embed-core-10.1.17.jar;J:\.m2\repository\org\apache\tomcat\embed\tomcat-embed-websocket\10.1.17\tomcat-embed-websocket-10.1.17.jar;J:\.m2\repository\org\springframework\spring-web\6.1.2\spring-web-6.1.2.jar;J:\.m2\repository\org\springframework\spring-beans\6.1.2\spring-beans-6.1.2.jar;J:\.m2\repository\io\micrometer\micrometer-observation\1.12.1\micrometer-observation-1.12.1.jar;J:\.m2\repository\io\micrometer\micrometer-commons\1.12.1\micrometer-commons-1.12.1.jar;J:\.m2\repository\org\springframework\spring-webmvc\6.1.2\spring-webmvc-6.1.2.jar;J:\.m2\repository\org\springframework\spring-context\6.1.2\spring-context-6.1.2.jar;J:\.m2\repository\org\springframework\spring-expression\6.1.2\spring-expression-6.1.2.jar;J:\.m2\repository\org\springframework\boot\spring-boot-starter-data-jpa\3.2.1\spring-boot-starter-data-jpa-3.2.1.jar;J:\.m2\repository\org\springframework\boot\spring-boot-starter-aop\3.2.1\spring-boot-starter-aop-3.2.1.jar;J:\.m2\repository\org\aspectj\aspectjweaver\1.9.21\aspectjweaver-1.9.21.jar;J:\.m2\repository\org\springframework\boot\spring-boot-starter-jdbc\3.2.1\spring-boot-starter-jdbc-3.2.1.jar;J:\.m2\repository\com\zaxxer\HikariCP\5.0.1\HikariCP-5.0.1.jar;J:\.m2\repository\org\springframework\spring-jdbc\6.1.2\spring-jdbc-6.1.2.jar;J:\.m2\repository\org\hibernate\orm\hibernate-core\6.4.1.Final\hibernate-core-6.4.1.Final.jar;J:\.m2\repository\jakarta\persistence\jakarta.persistence-api\3.1.0\jakarta.persistence-api-3.1.0.jar;J:\.m2\repository\jakarta\transaction\jakarta.transaction-api\2.0.1\jakarta.transaction-api-2.0.1.jar;J:\.m2\repository\org\jboss\logging\jboss-logging\3.5.3.Final\jboss-logging-3.5.3.Final.jar;J:\.m2\repository\org\hibernate\common\hibernate-commons-annotations\6.0.6.Final\hibernate-commons-annotations-6.0.6.Final.jar;J:\.m2\repository\io\smallrye\jandex\3.1.2\jandex-3.1.2.jar;J:\.m2\repository\com\fasterxml\classmate\1.6.0\classmate-1.6.0.jar;J:\.m2\repository\net\bytebuddy\byte-buddy\1.14.10\byte-buddy-1.14.10.jar;J:\.m2\repository\org\glassfish\jaxb\jaxb-runtime\4.0.4\jaxb-runtime-4.0.4.jar;J:\.m2\repository\org\glassfish\jaxb\jaxb-core\4.0.4\jaxb-core-4.0.4.jar;J:\.m2\repository\org\eclipse\angus\angus-activation\2.0.1\angus-activation-2.0.1.jar;J:\.m2\repository\org\glassfish\jaxb\txw2\4.0.4\txw2-4.0.4.jar;J:\.m2\repository\com\sun\istack\istack-commons-runtime\4.1.2\istack-commons-runtime-4.1.2.jar;J:\.m2\repository\jakarta\inject\jakarta.inject-api\2.0.1\jakarta.inject-api-2.0.1.jar;J:\.m2\repository\org\antlr\antlr4-runtime\4.13.0\antlr4-runtime-4.13.0.jar;J:\.m2\repository\org\springframework\data\spring-data-jpa\3.2.1\spring-data-jpa-3.2.1.jar;J:\.m2\repository\org\springframework\data\spring-data-commons\3.2.1\spring-data-commons-3.2.1.jar;J:\.m2\repository\org\springframework\spring-orm\6.1.2\spring-orm-6.1.2.jar;J:\.m2\repository\org\springframework\spring-tx\6.1.2\spring-tx-6.1.2.jar;J:\.m2\repository\org\slf4j\slf4j-api\2.0.9\slf4j-api-2.0.9.jar;J:\.m2\repository\org\springframework\spring-aspects\6.1.2\spring-aspects-6.1.2.jar;J:\.m2\repository\org\springframework\boot\spring-boot-starter-security\3.2.1\spring-boot-starter-security-3.2.1.jar;J:\.m2\repository\org\springframework\spring-aop\6.1.2\spring-aop-6.1.2.jar;J:\.m2\repository\org\springframework\security\spring-security-config\6.2.1\spring-security-config-6.2.1.jar;J:\.m2\repository\org\springframework\security\spring-security-web\6.2.1\spring-security-web-6.2.1.jar;J:\.m2\repository\org\springframework\boot\spring-boot-starter-validation\3.2.1\spring-boot-starter-validation-3.2.1.jar;J:\.m2\repository\org\apache\tomcat\embed\tomcat-embed-el\10.1.17\tomcat-embed-el-10.1.17.jar;J:\.m2\repository\org\hibernate\validator\hibernate-validator\8.0.1.Final\hibernate-validator-8.0.1.Final.jar;J:\.m2\repository\jakarta\validation\jakarta.validation-api\3.0.2\jakarta.validation-api-3.0.2.jar;J:\.m2\repository\org\springframework\boot\spring-boot-starter-websocket\3.2.1\spring-boot-starter-websocket-3.2.1.jar;J:\.m2\repository\org\springframework\spring-messaging\6.1.2\spring-messaging-6.1.2.jar;J:\.m2\repository\org\springframework\spring-websocket\6.1.2\spring-websocket-6.1.2.jar;J:\.m2\repository\org\springframework\boot\spring-boot-starter-data-redis\3.2.1\spring-boot-starter-data-redis-3.2.1.jar;J:\.m2\repository\io\lettuce\lettuce-core\6.3.0.RELEASE\lettuce-core-6.3.0.RELEASE.jar;J:\.m2\repository\io\netty\netty-common\4.1.104.Final\netty-common-4.1.104.Final.jar;J:\.m2\repository\io\netty\netty-handler\4.1.104.Final\netty-handler-4.1.104.Final.jar;J:\.m2\repository\io\netty\netty-transport-native-unix-common\4.1.104.Final\netty-transport-native-unix-common-4.1.104.Final.jar;J:\.m2\repository\io\netty\netty-transport\4.1.104.Final\netty-transport-4.1.104.Final.jar;J:\.m2\repository\io\projectreactor\reactor-core\3.6.1\reactor-core-3.6.1.jar;J:\.m2\repository\org\springframework\data\spring-data-redis\3.2.1\spring-data-redis-3.2.1.jar;J:\.m2\repository\org\springframework\data\spring-data-keyvalue\3.2.1\spring-data-keyvalue-3.2.1.jar;J:\.m2\repository\org\springframework\spring-oxm\6.1.2\spring-oxm-6.1.2.jar;J:\.m2\repository\org\springframework\spring-context-support\6.1.2\spring-context-support-6.1.2.jar;J:\.m2\repository\org\postgresql\postgresql\42.6.0\postgresql-42.6.0.jar;J:\.m2\repository\org\checkerframework\checker-qual\3.31.0\checker-qual-3.31.0.jar;J:\.m2\repository\software\amazon\awssdk\s3\2.21.1\s3-2.21.1.jar;J:\.m2\repository\software\amazon\awssdk\aws-xml-protocol\2.21.1\aws-xml-protocol-2.21.1.jar;J:\.m2\repository\software\amazon\awssdk\protocol-core\2.21.1\protocol-core-2.21.1.jar;J:\.m2\repository\software\amazon\awssdk\arns\2.21.1\arns-2.21.1.jar;J:\.m2\repository\software\amazon\awssdk\profiles\2.21.1\profiles-2.21.1.jar;J:\.m2\repository\software\amazon\awssdk\crt-core\2.21.1\crt-core-2.21.1.jar;J:\.m2\repository\software\amazon\awssdk\http-auth\2.21.1\http-auth-2.21.1.jar;J:\.m2\repository\software\amazon\awssdk\http-auth-aws\2.21.1\http-auth-aws-2.21.1.jar;J:\.m2\repository\software\amazon\awssdk\checksums-spi\2.21.1\checksums-spi-2.21.1.jar;J:\.m2\repository\software\amazon\awssdk\checksums\2.21.1\checksums-2.21.1.jar;J:\.m2\repository\software\amazon\awssdk\sdk-core\2.21.1\sdk-core-2.21.1.jar;J:\.m2\repository\org\reactivestreams\reactive-streams\1.0.4\reactive-streams-1.0.4.jar;J:\.m2\repository\software\amazon\awssdk\auth\2.21.1\auth-2.21.1.jar;J:\.m2\repository\software\amazon\eventstream\eventstream\1.0.1\eventstream-1.0.1.jar;J:\.m2\repository\software\amazon\awssdk\http-auth-spi\2.21.1\http-auth-spi-2.21.1.jar;J:\.m2\repository\software\amazon\awssdk\identity-spi\2.21.1\identity-spi-2.21.1.jar;J:\.m2\repository\software\amazon\awssdk\http-client-spi\2.21.1\http-client-spi-2.21.1.jar;J:\.m2\repository\software\amazon\awssdk\regions\2.21.1\regions-2.21.1.jar;J:\.m2\repository\software\amazon\awssdk\annotations\2.21.1\annotations-2.21.1.jar;J:\.m2\repository\software\amazon\awssdk\utils\2.21.1\utils-2.21.1.jar;J:\.m2\repository\software\amazon\awssdk\aws-core\2.21.1\aws-core-2.21.1.jar;J:\.m2\repository\software\amazon\awssdk\metrics-spi\2.21.1\metrics-spi-2.21.1.jar;J:\.m2\repository\software\amazon\awssdk\json-utils\2.21.1\json-utils-2.21.1.jar;J:\.m2\repository\software\amazon\awssdk\third-party-jackson-core\2.21.1\third-party-jackson-core-2.21.1.jar;J:\.m2\repository\software\amazon\awssdk\endpoints-spi\2.21.1\endpoints-spi-2.21.1.jar;J:\.m2\repository\software\amazon\awssdk\apache-client\2.21.1\apache-client-2.21.1.jar;J:\.m2\repository\org\apache\httpcomponents\httpclient\4.5.13\httpclient-4.5.13.jar;J:\.m2\repository\commons-logging\commons-logging\1.2\commons-logging-1.2.jar;J:\.m2\repository\org\apache\httpcomponents\httpcore\4.4.16\httpcore-4.4.16.jar;J:\.m2\repository\commons-codec\commons-codec\1.16.0\commons-codec-1.16.0.jar;J:\.m2\repository\software\amazon\awssdk\netty-nio-client\2.21.1\netty-nio-client-2.21.1.jar;J:\.m2\repository\io\netty\netty-codec-http\4.1.104.Final\netty-codec-http-4.1.104.Final.jar;J:\.m2\repository\io\netty\netty-codec-http2\4.1.104.Final\netty-codec-http2-4.1.104.Final.jar;J:\.m2\repository\io\netty\netty-codec\4.1.104.Final\netty-codec-4.1.104.Final.jar;J:\.m2\repository\io\netty\netty-buffer\4.1.104.Final\netty-buffer-4.1.104.Final.jar;J:\.m2\repository\io\netty\netty-transport-classes-epoll\4.1.104.Final\netty-transport-classes-epoll-4.1.104.Final.jar;J:\.m2\repository\io\netty\netty-resolver\4.1.104.Final\netty-resolver-4.1.104.Final.jar;J:\.m2\repository\software\amazon\awssdk\rds\2.21.1\rds-2.21.1.jar;J:\.m2\repository\software\amazon\awssdk\aws-query-protocol\2.21.1\aws-query-protocol-2.21.1.jar;J:\.m2\repository\io\jsonwebtoken\jjwt-api\0.11.5\jjwt-api-0.11.5.jar;J:\.m2\repository\io\jsonwebtoken\jjwt-impl\0.11.5\jjwt-impl-0.11.5.jar;J:\.m2\repository\io\jsonwebtoken\jjwt-jackson\0.11.5\jjwt-jackson-0.11.5.jar;J:\.m2\repository\com\fasterxml\jackson\core\jackson-databind\2.15.3\jackson-databind-2.15.3.jar;J:\.m2\repository\com\fasterxml\jackson\core\jackson-annotations\2.15.3\jackson-annotations-2.15.3.jar;J:\.m2\repository\com\fasterxml\jackson\core\jackson-core\2.15.3\jackson-core-2.15.3.jar;J:\.m2\repository\org\projectlombok\lombok\1.18.30\lombok-1.18.30.jar;J:\.m2\repository\org\springframework\boot\spring-boot-starter-test\3.2.1\spring-boot-starter-test-3.2.1.jar;J:\.m2\repository\org\springframework\boot\spring-boot-test\3.2.1\spring-boot-test-3.2.1.jar;J:\.m2\repository\org\springframework\boot\spring-boot-test-autoconfigure\3.2.1\spring-boot-test-autoconfigure-3.2.1.jar;J:\.m2\repository\com\jayway\jsonpath\json-path\2.8.0\json-path-2.8.0.jar;J:\.m2\repository\jakarta\xml\bind\jakarta.xml.bind-api\4.0.1\jakarta.xml.bind-api-4.0.1.jar;J:\.m2\repository\jakarta\activation\jakarta.activation-api\2.1.2\jakarta.activation-api-2.1.2.jar;J:\.m2\repository\net\minidev\json-smart\2.5.0\json-smart-2.5.0.jar;J:\.m2\repository\net\minidev\accessors-smart\2.5.0\accessors-smart-2.5.0.jar;J:\.m2\repository\org\ow2\asm\asm\9.3\asm-9.3.jar;J:\.m2\repository\org\assertj\assertj-core\3.24.2\assertj-core-3.24.2.jar;J:\.m2\repository\org\awaitility\awaitility\4.2.0\awaitility-4.2.0.jar;J:\.m2\repository\org\hamcrest\hamcrest\2.2\hamcrest-2.2.jar;J:\.m2\repository\org\junit\jupiter\junit-jupiter\5.10.1\junit-jupiter-5.10.1.jar;J:\.m2\repository\org\junit\jupiter\junit-jupiter-api\5.10.1\junit-jupiter-api-5.10.1.jar;J:\.m2\repository\org\junit\jupiter\junit-jupiter-params\5.10.1\junit-jupiter-params-5.10.1.jar;J:\.m2\repository\org\junit\jupiter\junit-jupiter-engine\5.10.1\junit-jupiter-engine-5.10.1.jar;J:\.m2\repository\org\mockito\mockito-core\5.7.0\mockito-core-5.7.0.jar;J:\.m2\repository\net\bytebuddy\byte-buddy-agent\1.14.10\byte-buddy-agent-1.14.10.jar;J:\.m2\repository\org\objenesis\objenesis\3.3\objenesis-3.3.jar;J:\.m2\repository\org\mockito\mockito-junit-jupiter\5.7.0\mockito-junit-jupiter-5.7.0.jar;J:\.m2\repository\org\skyscreamer\jsonassert\1.5.1\jsonassert-1.5.1.jar;J:\.m2\repository\com\vaadin\external\google\android-json\0.0.20131108.vaadin1\android-json-0.0.20131108.vaadin1.jar;J:\.m2\repository\org\springframework\spring-core\6.1.2\spring-core-6.1.2.jar;J:\.m2\repository\org\springframework\spring-jcl\6.1.2\spring-jcl-6.1.2.jar;J:\.m2\repository\org\springframework\spring-test\6.1.2\spring-test-6.1.2.jar;J:\.m2\repository\org\xmlunit\xmlunit-core\2.9.1\xmlunit-core-2.9.1.jar;J:\.m2\repository\org\springframework\security\spring-security-test\6.2.1\spring-security-test-6.2.1.jar;J:\.m2\repository\org\springframework\security\spring-security-core\6.2.1\spring-security-core-6.2.1.jar;J:\.m2\repository\org\springframework\security\spring-security-crypto\6.2.1\spring-security-crypto-6.2.1.jar;J:\.m2\repository\com\h2database\h2\2.2.224\h2-2.2.224.jar;J:\.m2\repository\org\junit\platform\junit-platform-suite\1.10.1\junit-platform-suite-1.10.1.jar;J:\.m2\repository\org\junit\platform\junit-platform-suite-api\1.10.1\junit-platform-suite-api-1.10.1.jar;J:\.m2\repository\org\junit\platform\junit-platform-commons\1.10.1\junit-platform-commons-1.10.1.jar;J:\.m2\repository\org\apiguardian\apiguardian-api\1.1.2\apiguardian-api-1.1.2.jar;J:\.m2\repository\org\junit\platform\junit-platform-suite-engine\1.10.1\junit-platform-suite-engine-1.10.1.jar;J:\.m2\repository\org\junit\platform\junit-platform-engine\1.10.1\junit-platform-engine-1.10.1.jar;J:\.m2\repository\org\opentest4j\opentest4j\1.3.0\opentest4j-1.3.0.jar;J:\.m2\repository\org\junit\platform\junit-platform-suite-commons\1.10.1\junit-platform-suite-commons-1.10.1.jar;J:\.m2\repository\org\junit\platform\junit-platform-launcher\1.10.1\junit-platform-launcher-1.10.1.jar;"/>
    <property name="sun.cpu.endian" value="little"/>
    <property name="user.home" value="C:\Users\greed"/>
    <property name="user.language" value="en"/>
    <property name="java.specification.vendor" value="Oracle Corporation"/>
    <property name="java.version.date" value="2023-10-17"/>
    <property name="java.home" value="C:\Program Files\Java\jdk-21"/>
    <property name="file.separator" value="\"/>
    <property name="basedir" value="J:\chatgeniusv2-backend"/>
    <property name="java.vm.compressedOopsMode" value="Zero based"/>
    <property name="line.separator" value="&#10;"/>
    <property name="java.vm.specification.vendor" value="Oracle Corporation"/>
    <property name="java.specification.name" value="Java Platform API Specification"/>
    <property name="FILE_LOG_CHARSET" value="UTF-8"/>
    <property name="java.awt.headless" value="true"/>
    <property name="surefire.real.class.path" value="C:\Users\greed\AppData\Local\Temp\surefire5368658469229602622\surefirebooter-20250109083655439_3.jar"/>
    <property name="user.script" value=""/>
    <property name="sun.management.compiler" value="HotSpot 64-Bit Tiered Compilers"/>
    <property name="java.runtime.version" value="21.0.1+12-LTS-29"/>
    <property name="user.name" value="greed"/>
    <property name="stdout.encoding" value="Cp1252"/>
    <property name="path.separator" value=";"/>
    <property name="os.version" value="10.0"/>
    <property name="java.runtime.name" value="Java(TM) SE Runtime Environment"/>
    <property name="file.encoding" value="UTF-8"/>
    <property name="java.vm.name" value="Java HotSpot(TM) 64-Bit Server VM"/>
    <property name="localRepository" value="J:\.m2\repository"/>
    <property name="java.vendor.url.bug" value="https://bugreport.java.com/bugreport/"/>
    <property name="java.io.tmpdir" value="C:\Users\greed\AppData\Local\Temp\"/>
    <property name="com.zaxxer.hikari.pool_number" value="4"/>
    <property name="java.version" value="21.0.1"/>
    <property name="user.dir" value="J:\chatgeniusv2-backend"/>
    <property name="os.arch" value="amd64"/>
    <property name="java.vm.specification.name" value="Java Virtual Machine Specification"/>
    <property name="PID" value="20036"/>
    <property name="sun.os.patch.level" value=""/>
    <property name="CONSOLE_LOG_CHARSET" value="UTF-8"/>
    <property name="native.encoding" value="Cp1252"/>
    <property name="java.library.path" value="C:\Program Files\Java\jdk-21\bin;C:\WINDOWS\Sun\Java\bin;C:\WINDOWS\system32;C:\WINDOWS;C:\Python312\Scripts\;C:\Python312\;C:\Program Files\Common Files\Oracle\Java\javapath;C:\Program Files (x86)\Razer Chroma SDK\bin;C:\Program Files\Razer Chroma SDK\bin;C:\Program Files\Microsoft\jdk-11.0.12.7-hotspot\bin;C:\Program Files (x86)\Razer\ChromaBroadcast\bin;C:\Program Files\Razer\ChromaBroadcast\bin;C:\WINDOWS\system32;C:\WINDOWS;C:\WINDOWS\System32\Wbem;C:\WINDOWS\System32\WindowsPowerShell\v1.0\;C:\WINDOWS\System32\OpenSSH\;C:\Program Files\PuTTY\;C:\WINDOWS\system32\config\systemprofile\AppData\Local\Microsoft\WindowsApps;C:\Program Files\Microsoft SQL Server\150\Tools\Binn\;C:\Program Files\Microsoft SQL Server\Client SDK\ODBC\170\Tools\Binn\;C:\Program Files\dotnet\;C:\Program Files (x86)\NVIDIA Corporation\PhysX\Common;H:\Programs\PuTTy\;H:\Programs\WinSCP\;C:\Program Files\Git\cmd;C:\WINDOWS\system32;C:\WINDOWS;C:\WINDOWS\System32\Wbem;C:\WINDOWS\System32\WindowsPowerShell\v1.0\;C:\WINDOWS\System32\OpenSSH\;H:\Downloads\apache-maven-3.9.8-bin\apache-maven-3.9.8\bin;C:\Program Files\nodejs\;C:\ProgramData\chocolatey\bin;C:\Program Files\NVIDIA Corporation\NVIDIA app\NvDLISR;c:\Users\greed\AppData\Local\Programs\cursor\resources\app\bin;C:\Users\greed\scoop\shims;C:\Users\greed\AppData\Local\Microsoft\WindowsApps;C:\Users\greed\.dotnet\tools;H:\Programs\Microsoft VS Code\bin;;H:\Programs\IntelliJ\IntelliJ IDEA Community Edition 2024.1.4\bin;;C:\Users\greed\AppData\Roaming\npm;."/>
    <property name="java.vm.info" value="mixed mode, sharing"/>
    <property name="stderr.encoding" value="Cp1252"/>
    <property name="java.vendor" value="Oracle Corporation"/>
    <property name="java.vm.version" value="21.0.1+12-LTS-29"/>
    <property name="sun.io.unicode.encoding" value="UnicodeLittle"/>
    <property name="java.class.version" value="65.0"/>
  </properties>
  <testcase name="findRepliesByThreadId_Success" classname="com.chatgenius.repository.MessageRepositoryTest" time="0.024">
    <system-out><![CDATA[2025-01-09T08:37:05.253-06:00 DEBUG 20036 --- [           main] b.t.a.o.j.DataJpaTestContextBootstrapper : Neither @ContextConfiguration nor @ContextHierarchy found for test class [MessageRepositoryTest]: using SpringBootContextLoader
2025-01-09T08:37:05.254-06:00 DEBUG 20036 --- [           main] o.s.t.c.support.AbstractContextLoader    : Could not detect default resource locations for test class [com.chatgenius.repository.MessageRepositoryTest]: no resource found for suffixes {-context.xml, Context.groovy}.
2025-01-09T08:37:05.254-06:00  INFO 20036 --- [           main] t.c.s.AnnotationConfigContextLoaderUtils : Could not detect default configuration classes for test class [com.chatgenius.repository.MessageRepositoryTest]: MessageRepositoryTest does not declare any static, non-private, non-final, nested classes annotated with @Configuration.
2025-01-09T08:37:05.254-06:00 DEBUG 20036 --- [           main] b.t.a.o.j.DataJpaTestContextBootstrapper : Using ContextCustomizerFactory implementations for test class [MessageRepositoryTest]: [ImportsContextCustomizerFactory, ExcludeFilterContextCustomizerFactory, HttpGraphQlTesterContextCustomizerFactory, DuplicateJsonObjectContextCustomizerFactory, MockitoContextCustomizerFactory, TestRestTemplateContextCustomizerFactory, WebTestClientContextCustomizerFactory, OverrideAutoConfigurationContextCustomizerFactory, ObservabilityContextCustomizerFactory, TypeExcludeFiltersContextCustomizerFactory, PropertyMappingContextCustomizerFactory, WebDriverContextCustomizerFactory, MockServerContainerContextCustomizerFactory, DynamicPropertiesContextCustomizerFactory]
2025-01-09T08:37:05.257-06:00 DEBUG 20036 --- [           main] b.t.a.o.j.DataJpaTestContextBootstrapper : Using ContextCustomizers for test class [MessageRepositoryTest]: [ImportsContextCustomizer, ExcludeFilterContextCustomizer, DuplicateJsonObjectContextCustomizer, MockitoContextCustomizer, DisableAutoConfigurationContextCustomizer, DisableObservabilityContextCustomizer, TypeExcludeFiltersContextCustomizer, PropertyMappingContextCustomizer, WebDriverContextCustomizer]
2025-01-09T08:37:05.257-06:00  INFO 20036 --- [           main] .b.t.c.SpringBootTestContextBootstrapper : Found @SpringBootConfiguration com.chatgenius.ChatGeniusApplication for test class com.chatgenius.repository.MessageRepositoryTest
2025-01-09T08:37:05.257-06:00 DEBUG 20036 --- [           main] .s.t.c.u.TestContextSpringFactoriesUtils : Skipping candidate TestExecutionListener [org.springframework.test.context.observation.MicrometerObservationRegistryTestExecutionListener] due to a missing dependency. Specify custom TestExecutionListener classes or make the default TestExecutionListener classes and their required dependencies available. Offending class: io.micrometer.context.ThreadLocalAccessor. MicrometerObservationRegistryTestExecutionListener requires io.micrometer:micrometer-observation:1.10.8 or higher and io.micrometer:context-propagation:1.0.3 or higher.
2025-01-09T08:37:05.257-06:00 DEBUG 20036 --- [           main] b.t.a.o.j.DataJpaTestContextBootstrapper : Using TestExecutionListeners for test class [MessageRepositoryTest]: [ServletTestExecutionListener, DirtiesContextBeforeModesTestExecutionListener, ApplicationEventsTestExecutionListener, MockitoTestExecutionListener, DependencyInjectionTestExecutionListener, DirtiesContextTestExecutionListener, TransactionalTestExecutionListener, SqlScriptsTestExecutionListener, EventPublishingTestExecutionListener, WithSecurityContextTestExecutionListener, ReactorContextTestExecutionListener, ResetMocksTestExecutionListener, RestDocsTestExecutionListener, MockRestServiceServerResetTestExecutionListener, MockMvcPrintOnlyOnFailureTestExecutionListener, WebDriverTestExecutionListener, MockWebServiceServerTestExecutionListener]
2025-01-09T08:37:05.257-06:00 DEBUG 20036 --- [           main] sContextBeforeModesTestExecutionListener : Before test class: class [MessageRepositoryTest], class annotated with @DirtiesContext [false] with mode [null]
2025-01-09T08:37:05.257-06:00 DEBUG 20036 --- [           main] org.springframework.test.context.cache   : Spring test ApplicationContext cache statistics: [DefaultContextCache@3bd6ce4e size = 4, maxSize = 32, parentContextCount = 0, hitCount = 180, missCount = 8, failureCount = 1]
2025-01-09T08:37:05.258-06:00 DEBUG 20036 --- [           main] DependencyInjectionTestExecutionListener : Performing dependency injection for test class com.chatgenius.repository.MessageRepositoryTest
2025-01-09T08:37:05.258-06:00 DEBUG 20036 --- [           main] org.springframework.test.context.cache   : Spring test ApplicationContext cache statistics: [DefaultContextCache@3bd6ce4e size = 4, maxSize = 32, parentContextCount = 0, hitCount = 181, missCount = 8, failureCount = 1]
2025-01-09T08:37:05.258-06:00 DEBUG 20036 --- [           main] org.springframework.test.context.cache   : Spring test ApplicationContext cache statistics: [DefaultContextCache@3bd6ce4e size = 4, maxSize = 32, parentContextCount = 0, hitCount = 182, missCount = 8, failureCount = 1]
2025-01-09T08:37:05.258-06:00 DEBUG 20036 --- [           main] sContextBeforeModesTestExecutionListener : Before test method: class [MessageRepositoryTest], method [findRepliesByThreadId_Success], class annotated with @DirtiesContext [false] with mode [null], method annotated with @DirtiesContext [false] with mode [null]
2025-01-09T08:37:05.258-06:00 DEBUG 20036 --- [           main] t.c.t.TransactionalTestExecutionListener : Explicit transaction definition [PROPAGATION_REQUIRED,ISOLATION_DEFAULT] found for test class [com.chatgenius.repository.MessageRepositoryTest] and test method [findRepliesByThreadId_Success]
2025-01-09T08:37:05.258-06:00 DEBUG 20036 --- [           main] org.springframework.test.context.cache   : Spring test ApplicationContext cache statistics: [DefaultContextCache@3bd6ce4e size = 4, maxSize = 32, parentContextCount = 0, hitCount = 183, missCount = 8, failureCount = 1]
2025-01-09T08:37:05.258-06:00 DEBUG 20036 --- [           main] t.c.t.TransactionalTestExecutionListener : No method-level @Rollback override: using default rollback [true] for test method [void com.chatgenius.repository.MessageRepositoryTest.findRepliesByThreadId_Success()]
2025-01-09T08:37:05.258-06:00 DEBUG 20036 --- [           main] o.s.orm.jpa.JpaTransactionManager        : Creating new transaction with name [com.chatgenius.repository.MessageRepositoryTest.findRepliesByThreadId_Success]: PROPAGATION_REQUIRED,ISOLATION_DEFAULT
2025-01-09T08:37:05.259-06:00 DEBUG 20036 --- [           main] o.s.orm.jpa.JpaTransactionManager        : Opened new EntityManager [SessionImpl(1067884253<open>)] for JPA transaction
2025-01-09T08:37:05.259-06:00 DEBUG 20036 --- [           main] o.h.e.t.internal.TransactionImpl         : On TransactionImpl creation, JpaCompliance#isJpaTransactionComplianceEnabled == false
2025-01-09T08:37:05.259-06:00 DEBUG 20036 --- [           main] o.h.e.t.internal.TransactionImpl         : begin
2025-01-09T08:37:05.259-06:00 DEBUG 20036 --- [           main] o.s.j.datasource.SimpleDriverDataSource  : Creating new JDBC Driver Connection to [jdbc:h2:mem:c28bcf25-0d96-40ed-b42d-6242cefd62bf;DB_CLOSE_DELAY=-1;DB_CLOSE_ON_EXIT=false]
2025-01-09T08:37:05.259-06:00 DEBUG 20036 --- [           main] o.s.orm.jpa.JpaTransactionManager        : Exposing JPA transaction as JDBC [org.springframework.orm.jpa.vendor.HibernateJpaDialect$HibernateConnectionHandle@4c6e45f0]
2025-01-09T08:37:05.259-06:00 DEBUG 20036 --- [           main] o.s.t.c.transaction.TransactionContext   : Began transaction (1) for test class [com.chatgenius.repository.MessageRepositoryTest]; test method [findRepliesByThreadId_Success]; transaction manager [org.springframework.orm.jpa.JpaTransactionManager@6af5b172]; rollback [true]
2025-01-09T08:37:05.259-06:00 DEBUG 20036 --- [           main] org.springframework.test.context.cache   : Spring test ApplicationContext cache statistics: [DefaultContextCache@3bd6ce4e size = 4, maxSize = 32, parentContextCount = 0, hitCount = 184, missCount = 8, failureCount = 1]
2025-01-09T08:37:05.259-06:00 DEBUG 20036 --- [           main] org.springframework.test.context.cache   : Spring test ApplicationContext cache statistics: [DefaultContextCache@3bd6ce4e size = 4, maxSize = 32, parentContextCount = 0, hitCount = 185, missCount = 8, failureCount = 1]
2025-01-09T08:37:05.260-06:00 DEBUG 20036 --- [           main] o.s.orm.jpa.JpaTransactionManager        : Found thread-bound EntityManager [SessionImpl(1067884253<open>)] for JPA transaction
2025-01-09T08:37:05.260-06:00 DEBUG 20036 --- [           main] o.s.orm.jpa.JpaTransactionManager        : Participating in existing transaction
2025-01-09T08:37:05.260-06:00 DEBUG 20036 --- [           main] org.hibernate.orm.sql.ast.create         : Created new SQL alias : m1_0
2025-01-09T08:37:05.260-06:00 DEBUG 20036 --- [           main] org.hibernate.orm.sql.ast.create         : Registration of TableGroup [StandardTableGroup(com.chatgenius.model.Message(1604941163400))] with identifierForTableGroup [com.chatgenius.model.Message] for NavigablePath [com.chatgenius.model.Message] 
2025-01-09T08:37:05.260-06:00 DEBUG 20036 --- [           main] org.hibernate.orm.sql.ast.create         : Registration of TableGroup [org.hibernate.sql.ast.tree.from.LazyTableGroup@5fc7c9af] with identifierForTableGroup [com.chatgenius.model.Message.channel] for NavigablePath [com.chatgenius.model.Message.channel] 
2025-01-09T08:37:05.260-06:00 DEBUG 20036 --- [           main] org.hibernate.orm.sql.ast.create         : Registration of TableGroup [org.hibernate.sql.ast.tree.from.LazyTableGroup@1e98f6f2] with identifierForTableGroup [com.chatgenius.model.Message.thread] for NavigablePath [com.chatgenius.model.Message.thread] 
2025-01-09T08:37:05.260-06:00 DEBUG 20036 --- [           main] org.hibernate.orm.sql.ast.create         : Registration of TableGroup [org.hibernate.sql.ast.tree.from.LazyTableGroup@1de88e72] with identifierForTableGroup [com.chatgenius.model.Message.user] for NavigablePath [com.chatgenius.model.Message.user] 
2025-01-09T08:37:05.260-06:00 DEBUG 20036 --- [           main] org.hibernate.orm.results.graph.AST      : DomainResult Graph:
 \-EntityResultImpl [com.chatgenius.model.Message(1604941163400)]
 |  +-DelayedCollectionFetch [com.chatgenius.model.Message(1604941163400).attachments]
 |  +-EntityFetchSelectImpl [com.chatgenius.model.Message(1604941163400).channel]
 |  +-BasicFetch [com.chatgenius.model.Message(1604941163400).content]
 |  +-BasicFetch [com.chatgenius.model.Message(1604941163400).createdAt]
 |  +-DelayedCollectionFetch [com.chatgenius.model.Message(1604941163400).reactions]
 |  +-DelayedCollectionFetch [com.chatgenius.model.Message(1604941163400).replies]
 |  +-CircularFetchImpl [com.chatgenius.model.Message(1604941163400).thread]
 |  +-BasicFetch [com.chatgenius.model.Message(1604941163400).type]
 |  +-BasicFetch [com.chatgenius.model.Message(1604941163400).updatedAt]
 |  \-EntityFetchSelectImpl [com.chatgenius.model.Message(1604941163400).user]

2025-01-09T08:37:05.260-06:00 DEBUG 20036 --- [           main] org.hibernate.orm.sql.ast.tree           : SQL AST Tree:
    SelectStatement {
      FromClause {
        StandardTableGroup (m1 : com.chatgenius.model.Message(1604941163400)) {
          primaryTableReference : messages as m1_0
          TableGroupJoins {
            left  join LazyTableGroup (c1 : com.chatgenius.model.Message(1604941163400).channel) {
            }
            left  join LazyTableGroup (t1 : com.chatgenius.model.Message(1604941163400).thread) {
            }
            left  join LazyTableGroup (u1 : com.chatgenius.model.Message(1604941163400).user) {
            }
          }
        }
      }
    }

2025-01-09T08:37:05.260-06:00 DEBUG 20036 --- [           main] org.hibernate.orm.sql.exec               : Skipping reading Query result cache data: cache-enabled = false, cache-mode = NORMAL
2025-01-09T08:37:05.260-06:00 DEBUG 20036 --- [           main] org.hibernate.orm.results                : Initializer list:
	  com.chatgenius.model.Message(1604941163400).attachments -> DelayedCollectionInitializer(com.chatgenius.model.Message(1604941163400).attachments)@189183471 (PluralAttribute(com.chatgenius.model.Message.attachments))
	  com.chatgenius.model.Message(1604941163400).replies -> DelayedCollectionInitializer(com.chatgenius.model.Message(1604941163400).replies)@1781374873 (PluralAttribute(com.chatgenius.model.Message.replies))
	  com.chatgenius.model.Message(1604941163400).user -> EntitySelectFetchInitializer(com.chatgenius.model.Message(1604941163400).user)@870046536 (ToOneAttributeMapping(NavigableRole[com.chatgenius.model.Message.user])@1593829543)
	  com.chatgenius.model.Message(1604941163400) -> EntityResultInitializer(com.chatgenius.model.Message(1604941163400))@1780041823 (SingleTableEntityPersister(com.chatgenius.model.Message))
	  com.chatgenius.model.Message(1604941163400).channel -> EntitySelectFetchInitializer(com.chatgenius.model.Message(1604941163400).channel)@1414426942 (ToOneAttributeMapping(NavigableRole[com.chatgenius.model.Message.channel])@1592600321)
	  com.chatgenius.model.Message(1604941163400).reactions -> DelayedCollectionInitializer(com.chatgenius.model.Message(1604941163400).reactions)@1385823609 (PluralAttribute(com.chatgenius.model.Message.reactions))
	  com.chatgenius.model.Message(1604941163400).thread -> EntitySelectFetchInitializer(com.chatgenius.model.Message(1604941163400).thread)@1073049081 (ToOneAttributeMapping(NavigableRole[com.chatgenius.model.Message.thread])@841225476)

2025-01-09T08:37:05.261-06:00 DEBUG 20036 --- [           main] org.hibernate.SQL                        : 
    select
        m1_0.id,
        m1_0.channel_id,
        m1_0.content,
        m1_0.created_at,
        m1_0.thread_id,
        m1_0.type,
        m1_0.updated_at,
        m1_0.user_id 
    from
        messages m1_0
Hibernate: 
    select
        m1_0.id,
        m1_0.channel_id,
        m1_0.content,
        m1_0.created_at,
        m1_0.thread_id,
        m1_0.type,
        m1_0.updated_at,
        m1_0.user_id 
    from
        messages m1_0
2025-01-09T08:37:05.261-06:00 DEBUG 20036 --- [           main] o.s.orm.jpa.JpaTransactionManager        : Found thread-bound EntityManager [SessionImpl(1067884253<open>)] for JPA transaction
2025-01-09T08:37:05.261-06:00 DEBUG 20036 --- [           main] o.s.orm.jpa.JpaTransactionManager        : Participating in existing transaction
2025-01-09T08:37:05.262-06:00 DEBUG 20036 --- [           main] org.hibernate.orm.sql.ast.create         : Created new SQL alias : c1_0
2025-01-09T08:37:05.262-06:00 DEBUG 20036 --- [           main] org.hibernate.orm.sql.ast.create         : Registration of TableGroup [StandardTableGroup(com.chatgenius.model.Channel(1604942899000))] with identifierForTableGroup [com.chatgenius.model.Channel] for NavigablePath [com.chatgenius.model.Channel] 
2025-01-09T08:37:05.262-06:00 DEBUG 20036 --- [           main] org.hibernate.orm.results.graph.AST      : DomainResult Graph:
 \-EntityResultImpl [com.chatgenius.model.Channel(1604942899000)]
 |  +-BasicFetch [com.chatgenius.model.Channel(1604942899000).createdAt]
 |  +-DelayedCollectionFetch [com.chatgenius.model.Channel(1604942899000).members]
 |  +-BasicFetch [com.chatgenius.model.Channel(1604942899000).name]
 |  \-BasicFetch [com.chatgenius.model.Channel(1604942899000).type]

2025-01-09T08:37:05.262-06:00 DEBUG 20036 --- [           main] org.hibernate.orm.sql.ast.tree           : SQL AST Tree:
    SelectStatement {
      FromClause {
        StandardTableGroup (c1 : com.chatgenius.model.Channel(1604942899000)) {
          primaryTableReference : channels as c1_0
        }
      }
    }

2025-01-09T08:37:05.262-06:00 DEBUG 20036 --- [           main] org.hibernate.orm.sql.exec               : Skipping reading Query result cache data: cache-enabled = false, cache-mode = NORMAL
2025-01-09T08:37:05.262-06:00 DEBUG 20036 --- [           main] org.hibernate.orm.results                : Initializer list:
	  com.chatgenius.model.Channel(1604942899000) -> EntityResultInitializer(com.chatgenius.model.Channel(1604942899000))@1030702554 (SingleTableEntityPersister(com.chatgenius.model.Channel))
	  com.chatgenius.model.Channel(1604942899000).members -> DelayedCollectionInitializer(com.chatgenius.model.Channel(1604942899000).members)@1909740171 (PluralAttribute(com.chatgenius.model.Channel.members))

2025-01-09T08:37:05.262-06:00 DEBUG 20036 --- [           main] org.hibernate.SQL                        : 
    select
        c1_0.id,
        c1_0.created_at,
        c1_0.name,
        c1_0.type 
    from
        channels c1_0
Hibernate: 
    select
        c1_0.id,
        c1_0.created_at,
        c1_0.name,
        c1_0.type 
    from
        channels c1_0
2025-01-09T08:37:05.262-06:00 DEBUG 20036 --- [           main] o.s.orm.jpa.JpaTransactionManager        : Found thread-bound EntityManager [SessionImpl(1067884253<open>)] for JPA transaction
2025-01-09T08:37:05.262-06:00 DEBUG 20036 --- [           main] o.s.orm.jpa.JpaTransactionManager        : Participating in existing transaction
2025-01-09T08:37:05.262-06:00 DEBUG 20036 --- [           main] org.hibernate.orm.sql.ast.create         : Created new SQL alias : u1_0
2025-01-09T08:37:05.262-06:00 DEBUG 20036 --- [           main] org.hibernate.orm.sql.ast.create         : Registration of TableGroup [StandardTableGroup(com.chatgenius.model.User(1604943600700))] with identifierForTableGroup [com.chatgenius.model.User] for NavigablePath [com.chatgenius.model.User] 
2025-01-09T08:37:05.262-06:00 DEBUG 20036 --- [           main] org.hibernate.orm.results.graph.AST      : DomainResult Graph:
 \-EntityResultImpl [com.chatgenius.model.User(1604943600700)]
 |  +-BasicFetch [com.chatgenius.model.User(1604943600700).createdAt]
 |  +-BasicFetch [com.chatgenius.model.User(1604943600700).email]
 |  +-BasicFetch [com.chatgenius.model.User(1604943600700).lastSeenAt]
 |  +-BasicFetch [com.chatgenius.model.User(1604943600700).password]
 |  +-BasicFetch [com.chatgenius.model.User(1604943600700).status]
 |  \-BasicFetch [com.chatgenius.model.User(1604943600700).username]

2025-01-09T08:37:05.262-06:00 DEBUG 20036 --- [           main] org.hibernate.orm.sql.ast.tree           : SQL AST Tree:
    SelectStatement {
      FromClause {
        StandardTableGroup (u1 : com.chatgenius.model.User(1604943600700)) {
          primaryTableReference : users as u1_0
        }
      }
    }

2025-01-09T08:37:05.263-06:00 DEBUG 20036 --- [           main] org.hibernate.orm.sql.exec               : Skipping reading Query result cache data: cache-enabled = false, cache-mode = NORMAL
2025-01-09T08:37:05.263-06:00 DEBUG 20036 --- [           main] org.hibernate.orm.results                : Initializer list:
	  com.chatgenius.model.User(1604943600700) -> EntityResultInitializer(com.chatgenius.model.User(1604943600700))@321823123 (SingleTableEntityPersister(com.chatgenius.model.User))

2025-01-09T08:37:05.263-06:00 DEBUG 20036 --- [           main] org.hibernate.SQL                        : 
    select
        u1_0.id,
        u1_0.created_at,
        u1_0.email,
        u1_0.last_seen_at,
        u1_0.password,
        u1_0.status,
        u1_0.username 
    from
        users u1_0
Hibernate: 
    select
        u1_0.id,
        u1_0.created_at,
        u1_0.email,
        u1_0.last_seen_at,
        u1_0.password,
        u1_0.status,
        u1_0.username 
    from
        users u1_0
2025-01-09T08:37:05.263-06:00 DEBUG 20036 --- [           main] o.s.orm.jpa.JpaTransactionManager        : Found thread-bound EntityManager [SessionImpl(1067884253<open>)] for JPA transaction
2025-01-09T08:37:05.263-06:00 DEBUG 20036 --- [           main] o.s.orm.jpa.JpaTransactionManager        : Participating in existing transaction
2025-01-09T08:37:05.263-06:00 DEBUG 20036 --- [           main] o.h.j.internal.PersistenceUnitUtilImpl   : jakarta.persistence.PersistenceUnitUtil.getIdentifier is only intended to work with enhanced entities (although Hibernate also adapts this support to its proxies); however the passed entity was not enhanced (nor a proxy).. may not be able to read identifier
2025-01-09T08:37:05.263-06:00 DEBUG 20036 --- [           main] o.h.e.i.AbstractSaveEventListener        : Generated identifier: 8a590354-859d-40b7-bc98-f0217ebb4f57, using strategy: org.hibernate.id.UUIDGenerator
2025-01-09T08:37:05.263-06:00 DEBUG 20036 --- [           main] o.s.orm.jpa.JpaTransactionManager        : Found thread-bound EntityManager [SessionImpl(1067884253<open>)] for JPA transaction
2025-01-09T08:37:05.263-06:00 DEBUG 20036 --- [           main] o.s.orm.jpa.JpaTransactionManager        : Participating in existing transaction
2025-01-09T08:37:05.263-06:00 DEBUG 20036 --- [           main] o.h.j.internal.PersistenceUnitUtilImpl   : jakarta.persistence.PersistenceUnitUtil.getIdentifier is only intended to work with enhanced entities (although Hibernate also adapts this support to its proxies); however the passed entity was not enhanced (nor a proxy).. may not be able to read identifier
2025-01-09T08:37:05.263-06:00 DEBUG 20036 --- [           main] o.h.e.i.AbstractSaveEventListener        : Generated identifier: 4145908e-0252-4beb-bd97-4c845049a6ff, using strategy: org.hibernate.id.UUIDGenerator
2025-01-09T08:37:05.263-06:00 DEBUG 20036 --- [           main] o.s.orm.jpa.JpaTransactionManager        : Found thread-bound EntityManager [SessionImpl(1067884253<open>)] for JPA transaction
2025-01-09T08:37:05.263-06:00 DEBUG 20036 --- [           main] o.s.orm.jpa.JpaTransactionManager        : Participating in existing transaction
2025-01-09T08:37:05.263-06:00 DEBUG 20036 --- [           main] o.h.j.internal.PersistenceUnitUtilImpl   : jakarta.persistence.PersistenceUnitUtil.getIdentifier is only intended to work with enhanced entities (although Hibernate also adapts this support to its proxies); however the passed entity was not enhanced (nor a proxy).. may not be able to read identifier
2025-01-09T08:37:05.263-06:00 DEBUG 20036 --- [           main] o.h.e.i.AbstractSaveEventListener        : Generated identifier: c097ceed-8946-468c-b1e2-a761f1805890, using strategy: org.hibernate.id.UUIDGenerator
2025-01-09T08:37:05.263-06:00 DEBUG 20036 --- [           main] org.springframework.test.context.cache   : Spring test ApplicationContext cache statistics: [DefaultContextCache@3bd6ce4e size = 4, maxSize = 32, parentContextCount = 0, hitCount = 186, missCount = 8, failureCount = 1]
2025-01-09T08:37:05.264-06:00 DEBUG 20036 --- [           main] o.s.orm.jpa.JpaTransactionManager        : Found thread-bound EntityManager [SessionImpl(1067884253<open>)] for JPA transaction
2025-01-09T08:37:05.264-06:00 DEBUG 20036 --- [           main] o.s.orm.jpa.JpaTransactionManager        : Participating in existing transaction
2025-01-09T08:37:05.264-06:00 DEBUG 20036 --- [           main] o.h.j.internal.PersistenceUnitUtilImpl   : jakarta.persistence.PersistenceUnitUtil.getIdentifier is only intended to work with enhanced entities (although Hibernate also adapts this support to its proxies); however the passed entity was not enhanced (nor a proxy).. may not be able to read identifier
2025-01-09T08:37:05.264-06:00 DEBUG 20036 --- [           main] o.h.e.i.AbstractSaveEventListener        : Generated identifier: d67521c5-4be6-42b9-94c7-7f403a8c3511, using strategy: org.hibernate.id.UUIDGenerator
2025-01-09T08:37:05.264-06:00 DEBUG 20036 --- [           main] o.s.orm.jpa.JpaTransactionManager        : Found thread-bound EntityManager [SessionImpl(1067884253<open>)] for JPA transaction
2025-01-09T08:37:05.264-06:00 DEBUG 20036 --- [           main] o.s.orm.jpa.JpaTransactionManager        : Participating in existing transaction
2025-01-09T08:37:05.264-06:00 DEBUG 20036 --- [           main] o.h.j.internal.PersistenceUnitUtilImpl   : jakarta.persistence.PersistenceUnitUtil.getIdentifier is only intended to work with enhanced entities (although Hibernate also adapts this support to its proxies); however the passed entity was not enhanced (nor a proxy).. may not be able to read identifier
2025-01-09T08:37:05.264-06:00 DEBUG 20036 --- [           main] o.h.e.i.AbstractSaveEventListener        : Generated identifier: 29b09668-1f75-4461-b172-f83e5a53ba3e, using strategy: org.hibernate.id.UUIDGenerator
2025-01-09T08:37:05.271-06:00 DEBUG 20036 --- [           main] org.hibernate.orm.sql.ast.create         : Created new SQL alias : m1_0
2025-01-09T08:37:05.271-06:00 DEBUG 20036 --- [           main] org.hibernate.orm.sql.ast.create         : Registration of TableGroup [StandardTableGroup(com.chatgenius.model.Message(m))] with identifierForTableGroup [com.chatgenius.model.Message] for NavigablePath [com.chatgenius.model.Message] 
2025-01-09T08:37:05.271-06:00 DEBUG 20036 --- [           main] org.hibernate.orm.sql.ast.create         : Registration of TableGroup [org.hibernate.sql.ast.tree.from.LazyTableGroup@2a694c7c] with identifierForTableGroup [com.chatgenius.model.Message.channel] for NavigablePath [com.chatgenius.model.Message.channel] 
2025-01-09T08:37:05.271-06:00 DEBUG 20036 --- [           main] org.hibernate.orm.sql.ast.create         : Registration of TableGroup [org.hibernate.sql.ast.tree.from.LazyTableGroup@73a5b00e] with identifierForTableGroup [com.chatgenius.model.Message.thread] for NavigablePath [com.chatgenius.model.Message.thread] 
2025-01-09T08:37:05.271-06:00 DEBUG 20036 --- [           main] org.hibernate.orm.sql.ast.create         : Registration of TableGroup [org.hibernate.sql.ast.tree.from.LazyTableGroup@3fe900b0] with identifierForTableGroup [com.chatgenius.model.Message.user] for NavigablePath [com.chatgenius.model.Message.user] 
2025-01-09T08:37:05.272-06:00 DEBUG 20036 --- [           main] o.h.q.sqm.sql.BaseSqmToSqlAstConverter   : Determining mapping-model type for SqmParameter : SqmNamedParameter(threadId)
2025-01-09T08:37:05.272-06:00 DEBUG 20036 --- [           main] o.h.q.sqm.sql.BaseSqmToSqlAstConverter   : Determining mapping-model type for SqmPath : SqmBasicValuedSimplePath(com.chatgenius.model.Message(m).thread.id) 
2025-01-09T08:37:05.272-06:00 DEBUG 20036 --- [           main] org.hibernate.orm.results.graph.AST      : DomainResult Graph:
 \-EntityResultImpl [com.chatgenius.model.Message(m)]
 |  +-DelayedCollectionFetch [com.chatgenius.model.Message(m).attachments]
 |  +-EntityFetchSelectImpl [com.chatgenius.model.Message(m).channel]
 |  +-BasicFetch [com.chatgenius.model.Message(m).content]
 |  +-BasicFetch [com.chatgenius.model.Message(m).createdAt]
 |  +-DelayedCollectionFetch [com.chatgenius.model.Message(m).reactions]
 |  +-DelayedCollectionFetch [com.chatgenius.model.Message(m).replies]
 |  +-CircularFetchImpl [com.chatgenius.model.Message(m).thread]
 |  +-BasicFetch [com.chatgenius.model.Message(m).type]
 |  +-BasicFetch [com.chatgenius.model.Message(m).updatedAt]
 |  \-EntityFetchSelectImpl [com.chatgenius.model.Message(m).user]

2025-01-09T08:37:05.273-06:00 DEBUG 20036 --- [           main] org.hibernate.orm.sql.ast.tree           : SQL AST Tree:
    SelectStatement {
      FromClause {
        StandardTableGroup (m1 : com.chatgenius.model.Message(m)) {
          primaryTableReference : messages as m1_0
          TableGroupJoins {
            left  join LazyTableGroup (c1 : com.chatgenius.model.Message(m).channel) {
            }
            left  join LazyTableGroup (t1 : com.chatgenius.model.Message(m).thread) {
            }
            left  join LazyTableGroup (u1 : com.chatgenius.model.Message(m).user) {
            }
          }
        }
      }
    }

2025-01-09T08:37:05.274-06:00 DEBUG 20036 --- [           main] o.h.e.i.AbstractFlushingEventListener    : Processing flush-time cascades
2025-01-09T08:37:05.274-06:00 DEBUG 20036 --- [           main] o.h.e.i.AbstractFlushingEventListener    : Dirty checking collections
2025-01-09T08:37:05.274-06:00 DEBUG 20036 --- [           main] o.hibernate.engine.internal.Collections  : Collection found: [com.chatgenius.model.Channel.members#4145908e-0252-4beb-bd97-4c845049a6ff], was: [<unreferenced>] (initialized)
2025-01-09T08:37:05.274-06:00 DEBUG 20036 --- [           main] o.h.e.i.AbstractFlushingEventListener    : Flushed: 5 insertions, 0 updates, 0 deletions to 5 objects
2025-01-09T08:37:05.274-06:00 DEBUG 20036 --- [           main] o.h.e.i.AbstractFlushingEventListener    : Flushed: 1 (re)creations, 0 updates, 0 removals to 1 collections
2025-01-09T08:37:05.274-06:00 DEBUG 20036 --- [           main] o.hibernate.internal.util.EntityPrinter  : Listing entities:
2025-01-09T08:37:05.274-06:00 DEBUG 20036 --- [           main] o.hibernate.internal.util.EntityPrinter  : com.chatgenius.model.Message{createdAt=2025-01-09T08:37:05.264352-06:00[America/Chicago], attachments=null, replies=null, channel=com.chatgenius.model.Channel#4145908e-0252-4beb-bd97-4c845049a6ff, reactions=null, id=29b09668-1f75-4461-b172-f83e5a53ba3e, thread=com.chatgenius.model.Message#c097ceed-8946-468c-b1e2-a761f1805890, type=TEXT, user=com.chatgenius.model.User#8a590354-859d-40b7-bc98-f0217ebb4f57, content=Another reply, updatedAt=null}
2025-01-09T08:37:05.274-06:00 DEBUG 20036 --- [           main] o.hibernate.internal.util.EntityPrinter  : com.chatgenius.model.User{lastSeenAt=null, createdAt=2025-01-09T08:37:05.263351400-06:00[America/Chicago], password=password123, id=8a590354-859d-40b7-bc98-f0217ebb4f57, email=test@example.com, status=OFFLINE, username=testuser}
2025-01-09T08:37:05.274-06:00 DEBUG 20036 --- [           main] o.hibernate.internal.util.EntityPrinter  : com.chatgenius.model.Channel{createdAt=2025-01-09T08:37:05.263351400-06:00[America/Chicago], members=[com.chatgenius.model.User#8a590354-859d-40b7-bc98-f0217ebb4f57], name=test-channel, id=4145908e-0252-4beb-bd97-4c845049a6ff, type=PUBLIC}
2025-01-09T08:37:05.274-06:00 DEBUG 20036 --- [           main] o.hibernate.internal.util.EntityPrinter  : com.chatgenius.model.Message{createdAt=2025-01-09T08:37:05.264352-06:00[America/Chicago], attachments=null, replies=null, channel=com.chatgenius.model.Channel#4145908e-0252-4beb-bd97-4c845049a6ff, reactions=null, id=d67521c5-4be6-42b9-94c7-7f403a8c3511, thread=com.chatgenius.model.Message#c097ceed-8946-468c-b1e2-a761f1805890, type=TEXT, user=com.chatgenius.model.User#8a590354-859d-40b7-bc98-f0217ebb4f57, content=Reply message, updatedAt=null}
2025-01-09T08:37:05.274-06:00 DEBUG 20036 --- [           main] o.hibernate.internal.util.EntityPrinter  : com.chatgenius.model.Message{createdAt=2025-01-09T08:37:05.263351400-06:00[America/Chicago], attachments=null, replies=null, channel=com.chatgenius.model.Channel#4145908e-0252-4beb-bd97-4c845049a6ff, reactions=null, id=c097ceed-8946-468c-b1e2-a761f1805890, thread=null, type=TEXT, user=com.chatgenius.model.User#8a590354-859d-40b7-bc98-f0217ebb4f57, content=Test message, updatedAt=null}
2025-01-09T08:37:05.274-06:00 DEBUG 20036 --- [           main] org.hibernate.engine.spi.ActionQueue     : Changes must be flushed to space: messages
2025-01-09T08:37:05.274-06:00 DEBUG 20036 --- [           main] org.hibernate.SQL                        : 
    insert 
    into
        users
        (created_at, email, last_seen_at, password, status, username, id) 
    values
        (?, ?, ?, ?, ?, ?, ?)
Hibernate: 
    insert 
    into
        users
        (created_at, email, last_seen_at, password, status, username, id) 
    values
        (?, ?, ?, ?, ?, ?, ?)
2025-01-09T08:37:05.274-06:00 DEBUG 20036 --- [           main] org.hibernate.SQL                        : 
    insert 
    into
        channels
        (created_at, name, type, id) 
    values
        (?, ?, ?, ?)
Hibernate: 
    insert 
    into
        channels
        (created_at, name, type, id) 
    values
        (?, ?, ?, ?)
2025-01-09T08:37:05.275-06:00 DEBUG 20036 --- [           main] org.hibernate.SQL                        : 
    insert 
    into
        messages
        (channel_id, content, created_at, thread_id, type, updated_at, user_id, id) 
    values
        (?, ?, ?, ?, ?, ?, ?, ?)
Hibernate: 
    insert 
    into
        messages
        (channel_id, content, created_at, thread_id, type, updated_at, user_id, id) 
    values
        (?, ?, ?, ?, ?, ?, ?, ?)
2025-01-09T08:37:05.275-06:00 DEBUG 20036 --- [           main] org.hibernate.SQL                        : 
    insert 
    into
        messages
        (channel_id, content, created_at, thread_id, type, updated_at, user_id, id) 
    values
        (?, ?, ?, ?, ?, ?, ?, ?)
Hibernate: 
    insert 
    into
        messages
        (channel_id, content, created_at, thread_id, type, updated_at, user_id, id) 
    values
        (?, ?, ?, ?, ?, ?, ?, ?)
2025-01-09T08:37:05.275-06:00 DEBUG 20036 --- [           main] org.hibernate.SQL                        : 
    insert 
    into
        messages
        (channel_id, content, created_at, thread_id, type, updated_at, user_id, id) 
    values
        (?, ?, ?, ?, ?, ?, ?, ?)
Hibernate: 
    insert 
    into
        messages
        (channel_id, content, created_at, thread_id, type, updated_at, user_id, id) 
    values
        (?, ?, ?, ?, ?, ?, ?, ?)
2025-01-09T08:37:05.275-06:00 DEBUG 20036 --- [           main] org.hibernate.orm.jdbc.mutation          : Inserting collection rows - com.chatgenius.model.Channel.members : 4145908e-0252-4beb-bd97-4c845049a6ff
2025-01-09T08:37:05.277-06:00 DEBUG 20036 --- [           main] org.hibernate.SQL                        : 
    insert 
    into
        channel_members
        (channel_id, user_id) 
    values
        (?, ?)
Hibernate: 
    insert 
    into
        channel_members
        (channel_id, user_id) 
    values
        (?, ?)
2025-01-09T08:37:05.278-06:00 DEBUG 20036 --- [           main] org.hibernate.orm.jdbc.mutation          : Done inserting `1` collection rows : com.chatgenius.model.Channel.members
2025-01-09T08:37:05.278-06:00 DEBUG 20036 --- [           main] org.hibernate.orm.sql.exec               : Skipping reading Query result cache data: cache-enabled = false, cache-mode = NORMAL
2025-01-09T08:37:05.278-06:00 DEBUG 20036 --- [           main] org.hibernate.orm.results                : Initializer list:
	  com.chatgenius.model.Message(m) -> EntityResultInitializer(com.chatgenius.model.Message(m))@2007139879 (SingleTableEntityPersister(com.chatgenius.model.Message))
	  com.chatgenius.model.Message(m).channel -> EntitySelectFetchInitializer(com.chatgenius.model.Message(m).channel)@882126204 (ToOneAttributeMapping(NavigableRole[com.chatgenius.model.Message.channel])@1592600321)
	  com.chatgenius.model.Message(m).reactions -> DelayedCollectionInitializer(com.chatgenius.model.Message(m).reactions)@623059508 (PluralAttribute(com.chatgenius.model.Message.reactions))
	  com.chatgenius.model.Message(m).thread -> EntitySelectFetchInitializer(com.chatgenius.model.Message(m).thread)@366005644 (ToOneAttributeMapping(NavigableRole[com.chatgenius.model.Message.thread])@841225476)
	  com.chatgenius.model.Message(m).user -> EntitySelectFetchInitializer(com.chatgenius.model.Message(m).user)@1990255279 (ToOneAttributeMapping(NavigableRole[com.chatgenius.model.Message.user])@1593829543)
	  com.chatgenius.model.Message(m).replies -> DelayedCollectionInitializer(com.chatgenius.model.Message(m).replies)@1665846986 (PluralAttribute(com.chatgenius.model.Message.replies))
	  com.chatgenius.model.Message(m).attachments -> DelayedCollectionInitializer(com.chatgenius.model.Message(m).attachments)@1606705685 (PluralAttribute(com.chatgenius.model.Message.attachments))

2025-01-09T08:37:05.278-06:00 DEBUG 20036 --- [           main] org.hibernate.SQL                        : 
    select
        m1_0.id,
        m1_0.channel_id,
        m1_0.content,
        m1_0.created_at,
        m1_0.thread_id,
        m1_0.type,
        m1_0.updated_at,
        m1_0.user_id 
    from
        messages m1_0 
    where
        m1_0.thread_id=? 
    order by
        m1_0.created_at
Hibernate: 
    select
        m1_0.id,
        m1_0.channel_id,
        m1_0.content,
        m1_0.created_at,
        m1_0.thread_id,
        m1_0.type,
        m1_0.updated_at,
        m1_0.user_id 
    from
        messages m1_0 
    where
        m1_0.thread_id=? 
    order by
        m1_0.created_at
2025-01-09T08:37:05.279-06:00 DEBUG 20036 --- [           main] org.hibernate.orm.results                : Extracted JDBC value [0] - [d67521c5-4be6-42b9-94c7-7f403a8c3511]
2025-01-09T08:37:05.279-06:00 DEBUG 20036 --- [           main] o.hibernate.orm.results.loading.entity   : (EntityResultInitializer) Hydrated EntityKey (com.chatgenius.model.Message(m)): d67521c5-4be6-42b9-94c7-7f403a8c3511
2025-01-09T08:37:05.279-06:00 DEBUG 20036 --- [           main] org.hibernate.orm.results                : Extracted JDBC value [0] - [d67521c5-4be6-42b9-94c7-7f403a8c3511]
2025-01-09T08:37:05.279-06:00 DEBUG 20036 --- [           main] o.h.o.r.l.o.h.o.r.loading.collection     : (DelayedCollectionInitializer) Current row collection key : com.chatgenius.model.Message(m).attachments#d67521c5-4be6-42b9-94c7-7f403a8c3511
2025-01-09T08:37:05.279-06:00 DEBUG 20036 --- [           main] org.hibernate.orm.results                : Extracted JDBC value [0] - [d67521c5-4be6-42b9-94c7-7f403a8c3511]
2025-01-09T08:37:05.279-06:00 DEBUG 20036 --- [           main] o.h.o.r.l.o.h.o.r.loading.collection     : (DelayedCollectionInitializer) Current row collection key : com.chatgenius.model.Message(m).reactions#d67521c5-4be6-42b9-94c7-7f403a8c3511
2025-01-09T08:37:05.279-06:00 DEBUG 20036 --- [           main] org.hibernate.orm.results                : Extracted JDBC value [0] - [d67521c5-4be6-42b9-94c7-7f403a8c3511]
2025-01-09T08:37:05.279-06:00 DEBUG 20036 --- [           main] o.h.o.r.l.o.h.o.r.loading.collection     : (DelayedCollectionInitializer) Current row collection key : com.chatgenius.model.Message(m).replies#d67521c5-4be6-42b9-94c7-7f403a8c3511
2025-01-09T08:37:05.279-06:00 DEBUG 20036 --- [           main] org.hibernate.orm.results.loading        : Calling top-level assembler (0 / 1) : org.hibernate.sql.results.graph.entity.internal.EntityAssembler@826eb85
2025-01-09T08:37:05.279-06:00 DEBUG 20036 --- [           main] org.hibernate.orm.results                : Extracted JDBC value [0] - [29b09668-1f75-4461-b172-f83e5a53ba3e]
2025-01-09T08:37:05.279-06:00 DEBUG 20036 --- [           main] o.hibernate.orm.results.loading.entity   : (EntityResultInitializer) Hydrated EntityKey (com.chatgenius.model.Message(m)): 29b09668-1f75-4461-b172-f83e5a53ba3e
2025-01-09T08:37:05.279-06:00 DEBUG 20036 --- [           main] org.hibernate.orm.results                : Extracted JDBC value [0] - [29b09668-1f75-4461-b172-f83e5a53ba3e]
2025-01-09T08:37:05.279-06:00 DEBUG 20036 --- [           main] o.h.o.r.l.o.h.o.r.loading.collection     : (DelayedCollectionInitializer) Current row collection key : com.chatgenius.model.Message(m).attachments#29b09668-1f75-4461-b172-f83e5a53ba3e
2025-01-09T08:37:05.279-06:00 DEBUG 20036 --- [           main] org.hibernate.orm.results                : Extracted JDBC value [0] - [29b09668-1f75-4461-b172-f83e5a53ba3e]
2025-01-09T08:37:05.279-06:00 DEBUG 20036 --- [           main] o.h.o.r.l.o.h.o.r.loading.collection     : (DelayedCollectionInitializer) Current row collection key : com.chatgenius.model.Message(m).reactions#29b09668-1f75-4461-b172-f83e5a53ba3e
2025-01-09T08:37:05.279-06:00 DEBUG 20036 --- [           main] org.hibernate.orm.results                : Extracted JDBC value [0] - [29b09668-1f75-4461-b172-f83e5a53ba3e]
2025-01-09T08:37:05.279-06:00 DEBUG 20036 --- [           main] o.h.o.r.l.o.h.o.r.loading.collection     : (DelayedCollectionInitializer) Current row collection key : com.chatgenius.model.Message(m).replies#29b09668-1f75-4461-b172-f83e5a53ba3e
2025-01-09T08:37:05.279-06:00 DEBUG 20036 --- [           main] org.hibernate.orm.results.loading        : Calling top-level assembler (0 / 1) : org.hibernate.sql.results.graph.entity.internal.EntityAssembler@826eb85
2025-01-09T08:37:05.281-06:00 DEBUG 20036 --- [           main] org.springframework.test.context.cache   : Spring test ApplicationContext cache statistics: [DefaultContextCache@3bd6ce4e size = 4, maxSize = 32, parentContextCount = 0, hitCount = 187, missCount = 8, failureCount = 1]
2025-01-09T08:37:05.281-06:00 DEBUG 20036 --- [           main] org.springframework.test.context.cache   : Spring test ApplicationContext cache statistics: [DefaultContextCache@3bd6ce4e size = 4, maxSize = 32, parentContextCount = 0, hitCount = 188, missCount = 8, failureCount = 1]
2025-01-09T08:37:05.281-06:00 DEBUG 20036 --- [           main] org.springframework.test.context.cache   : Spring test ApplicationContext cache statistics: [DefaultContextCache@3bd6ce4e size = 4, maxSize = 32, parentContextCount = 0, hitCount = 189, missCount = 8, failureCount = 1]
2025-01-09T08:37:05.281-06:00 DEBUG 20036 --- [           main] org.springframework.test.context.cache   : Spring test ApplicationContext cache statistics: [DefaultContextCache@3bd6ce4e size = 4, maxSize = 32, parentContextCount = 0, hitCount = 190, missCount = 8, failureCount = 1]
2025-01-09T08:37:05.282-06:00 DEBUG 20036 --- [           main] org.springframework.test.context.cache   : Spring test ApplicationContext cache statistics: [DefaultContextCache@3bd6ce4e size = 4, maxSize = 32, parentContextCount = 0, hitCount = 191, missCount = 8, failureCount = 1]
2025-01-09T08:37:05.282-06:00 DEBUG 20036 --- [           main] org.springframework.test.context.cache   : Spring test ApplicationContext cache statistics: [DefaultContextCache@3bd6ce4e size = 4, maxSize = 32, parentContextCount = 0, hitCount = 192, missCount = 8, failureCount = 1]
2025-01-09T08:37:05.282-06:00 DEBUG 20036 --- [           main] org.springframework.test.context.cache   : Spring test ApplicationContext cache statistics: [DefaultContextCache@3bd6ce4e size = 4, maxSize = 32, parentContextCount = 0, hitCount = 193, missCount = 8, failureCount = 1]
2025-01-09T08:37:05.282-06:00 DEBUG 20036 --- [           main] o.s.orm.jpa.JpaTransactionManager        : Initiating transaction rollback
2025-01-09T08:37:05.282-06:00 DEBUG 20036 --- [           main] o.s.orm.jpa.JpaTransactionManager        : Rolling back JPA transaction on EntityManager [SessionImpl(1067884253<open>)]
2025-01-09T08:37:05.282-06:00 DEBUG 20036 --- [           main] o.h.e.t.internal.TransactionImpl         : rolling back
2025-01-09T08:37:05.282-06:00 DEBUG 20036 --- [           main] o.s.orm.jpa.JpaTransactionManager        : Closing JPA EntityManager [SessionImpl(1067884253<open>)] after transaction
2025-01-09T08:37:05.282-06:00 DEBUG 20036 --- [           main] o.s.t.c.transaction.TransactionContext   : Rolled back transaction (1) for test class [com.chatgenius.repository.MessageRepositoryTest]; test method [findRepliesByThreadId_Success]
2025-01-09T08:37:05.282-06:00 DEBUG 20036 --- [           main] .c.s.DirtiesContextTestExecutionListener : After test method: class [MessageRepositoryTest], method [findRepliesByThreadId_Success], class annotated with @DirtiesContext [false] with mode [null], method annotated with @DirtiesContext [false] with mode [null]
]]></system-out>
  </testcase>
  <testcase name="countByChannelId_Success" classname="com.chatgenius.repository.MessageRepositoryTest" time="0.02">
    <system-out><![CDATA[2025-01-09T08:37:05.282-06:00 DEBUG 20036 --- [           main] DependencyInjectionTestExecutionListener : Performing dependency injection for test class com.chatgenius.repository.MessageRepositoryTest
2025-01-09T08:37:05.282-06:00 DEBUG 20036 --- [           main] org.springframework.test.context.cache   : Spring test ApplicationContext cache statistics: [DefaultContextCache@3bd6ce4e size = 4, maxSize = 32, parentContextCount = 0, hitCount = 194, missCount = 8, failureCount = 1]
2025-01-09T08:37:05.282-06:00 DEBUG 20036 --- [           main] org.springframework.test.context.cache   : Spring test ApplicationContext cache statistics: [DefaultContextCache@3bd6ce4e size = 4, maxSize = 32, parentContextCount = 0, hitCount = 195, missCount = 8, failureCount = 1]
2025-01-09T08:37:05.284-06:00 DEBUG 20036 --- [           main] sContextBeforeModesTestExecutionListener : Before test method: class [MessageRepositoryTest], method [countByChannelId_Success], class annotated with @DirtiesContext [false] with mode [null], method annotated with @DirtiesContext [false] with mode [null]
2025-01-09T08:37:05.284-06:00 DEBUG 20036 --- [           main] t.c.t.TransactionalTestExecutionListener : Explicit transaction definition [PROPAGATION_REQUIRED,ISOLATION_DEFAULT] found for test class [com.chatgenius.repository.MessageRepositoryTest] and test method [countByChannelId_Success]
2025-01-09T08:37:05.284-06:00 DEBUG 20036 --- [           main] org.springframework.test.context.cache   : Spring test ApplicationContext cache statistics: [DefaultContextCache@3bd6ce4e size = 4, maxSize = 32, parentContextCount = 0, hitCount = 196, missCount = 8, failureCount = 1]
2025-01-09T08:37:05.284-06:00 DEBUG 20036 --- [           main] t.c.t.TransactionalTestExecutionListener : No method-level @Rollback override: using default rollback [true] for test method [void com.chatgenius.repository.MessageRepositoryTest.countByChannelId_Success()]
2025-01-09T08:37:05.284-06:00 DEBUG 20036 --- [           main] o.s.orm.jpa.JpaTransactionManager        : Creating new transaction with name [com.chatgenius.repository.MessageRepositoryTest.countByChannelId_Success]: PROPAGATION_REQUIRED,ISOLATION_DEFAULT
2025-01-09T08:37:05.284-06:00 DEBUG 20036 --- [           main] o.s.orm.jpa.JpaTransactionManager        : Opened new EntityManager [SessionImpl(45599104<open>)] for JPA transaction
2025-01-09T08:37:05.284-06:00 DEBUG 20036 --- [           main] o.h.e.t.internal.TransactionImpl         : On TransactionImpl creation, JpaCompliance#isJpaTransactionComplianceEnabled == false
2025-01-09T08:37:05.284-06:00 DEBUG 20036 --- [           main] o.h.e.t.internal.TransactionImpl         : begin
2025-01-09T08:37:05.284-06:00 DEBUG 20036 --- [           main] o.s.j.datasource.SimpleDriverDataSource  : Creating new JDBC Driver Connection to [jdbc:h2:mem:c28bcf25-0d96-40ed-b42d-6242cefd62bf;DB_CLOSE_DELAY=-1;DB_CLOSE_ON_EXIT=false]
2025-01-09T08:37:05.284-06:00 DEBUG 20036 --- [           main] o.s.orm.jpa.JpaTransactionManager        : Exposing JPA transaction as JDBC [org.springframework.orm.jpa.vendor.HibernateJpaDialect$HibernateConnectionHandle@7c3f358c]
2025-01-09T08:37:05.284-06:00 DEBUG 20036 --- [           main] o.s.t.c.transaction.TransactionContext   : Began transaction (1) for test class [com.chatgenius.repository.MessageRepositoryTest]; test method [countByChannelId_Success]; transaction manager [org.springframework.orm.jpa.JpaTransactionManager@6af5b172]; rollback [true]
2025-01-09T08:37:05.284-06:00 DEBUG 20036 --- [           main] org.springframework.test.context.cache   : Spring test ApplicationContext cache statistics: [DefaultContextCache@3bd6ce4e size = 4, maxSize = 32, parentContextCount = 0, hitCount = 197, missCount = 8, failureCount = 1]
2025-01-09T08:37:05.284-06:00 DEBUG 20036 --- [           main] org.springframework.test.context.cache   : Spring test ApplicationContext cache statistics: [DefaultContextCache@3bd6ce4e size = 4, maxSize = 32, parentContextCount = 0, hitCount = 198, missCount = 8, failureCount = 1]
2025-01-09T08:37:05.285-06:00 DEBUG 20036 --- [           main] o.s.orm.jpa.JpaTransactionManager        : Found thread-bound EntityManager [SessionImpl(45599104<open>)] for JPA transaction
2025-01-09T08:37:05.285-06:00 DEBUG 20036 --- [           main] o.s.orm.jpa.JpaTransactionManager        : Participating in existing transaction
2025-01-09T08:37:05.285-06:00 DEBUG 20036 --- [           main] org.hibernate.orm.sql.ast.create         : Created new SQL alias : m1_0
2025-01-09T08:37:05.285-06:00 DEBUG 20036 --- [           main] org.hibernate.orm.sql.ast.create         : Registration of TableGroup [StandardTableGroup(com.chatgenius.model.Message(1604966209100))] with identifierForTableGroup [com.chatgenius.model.Message] for NavigablePath [com.chatgenius.model.Message] 
2025-01-09T08:37:05.285-06:00 DEBUG 20036 --- [           main] org.hibernate.orm.sql.ast.create         : Registration of TableGroup [org.hibernate.sql.ast.tree.from.LazyTableGroup@1ab5da0c] with identifierForTableGroup [com.chatgenius.model.Message.channel] for NavigablePath [com.chatgenius.model.Message.channel] 
2025-01-09T08:37:05.285-06:00 DEBUG 20036 --- [           main] org.hibernate.orm.sql.ast.create         : Registration of TableGroup [org.hibernate.sql.ast.tree.from.LazyTableGroup@1a9e4177] with identifierForTableGroup [com.chatgenius.model.Message.thread] for NavigablePath [com.chatgenius.model.Message.thread] 
2025-01-09T08:37:05.285-06:00 DEBUG 20036 --- [           main] org.hibernate.orm.sql.ast.create         : Registration of TableGroup [org.hibernate.sql.ast.tree.from.LazyTableGroup@29bccdab] with identifierForTableGroup [com.chatgenius.model.Message.user] for NavigablePath [com.chatgenius.model.Message.user] 
2025-01-09T08:37:05.285-06:00 DEBUG 20036 --- [           main] org.hibernate.orm.results.graph.AST      : DomainResult Graph:
 \-EntityResultImpl [com.chatgenius.model.Message(1604966209100)]
 |  +-DelayedCollectionFetch [com.chatgenius.model.Message(1604966209100).attachments]
 |  +-EntityFetchSelectImpl [com.chatgenius.model.Message(1604966209100).channel]
 |  +-BasicFetch [com.chatgenius.model.Message(1604966209100).content]
 |  +-BasicFetch [com.chatgenius.model.Message(1604966209100).createdAt]
 |  +-DelayedCollectionFetch [com.chatgenius.model.Message(1604966209100).reactions]
 |  +-DelayedCollectionFetch [com.chatgenius.model.Message(1604966209100).replies]
 |  +-CircularFetchImpl [com.chatgenius.model.Message(1604966209100).thread]
 |  +-BasicFetch [com.chatgenius.model.Message(1604966209100).type]
 |  +-BasicFetch [com.chatgenius.model.Message(1604966209100).updatedAt]
 |  \-EntityFetchSelectImpl [com.chatgenius.model.Message(1604966209100).user]

2025-01-09T08:37:05.285-06:00 DEBUG 20036 --- [           main] org.hibernate.orm.sql.ast.tree           : SQL AST Tree:
    SelectStatement {
      FromClause {
        StandardTableGroup (m1 : com.chatgenius.model.Message(1604966209100)) {
          primaryTableReference : messages as m1_0
          TableGroupJoins {
            left  join LazyTableGroup (c1 : com.chatgenius.model.Message(1604966209100).channel) {
            }
            left  join LazyTableGroup (t1 : com.chatgenius.model.Message(1604966209100).thread) {
            }
            left  join LazyTableGroup (u1 : com.chatgenius.model.Message(1604966209100).user) {
            }
          }
        }
      }
    }

2025-01-09T08:37:05.285-06:00 DEBUG 20036 --- [           main] org.hibernate.orm.sql.exec               : Skipping reading Query result cache data: cache-enabled = false, cache-mode = NORMAL
2025-01-09T08:37:05.285-06:00 DEBUG 20036 --- [           main] org.hibernate.orm.results                : Initializer list:
	  com.chatgenius.model.Message(1604966209100) -> EntityResultInitializer(com.chatgenius.model.Message(1604966209100))@2125746272 (SingleTableEntityPersister(com.chatgenius.model.Message))
	  com.chatgenius.model.Message(1604966209100).reactions -> DelayedCollectionInitializer(com.chatgenius.model.Message(1604966209100).reactions)@1256554496 (PluralAttribute(com.chatgenius.model.Message.reactions))
	  com.chatgenius.model.Message(1604966209100).thread -> EntitySelectFetchInitializer(com.chatgenius.model.Message(1604966209100).thread)@580445650 (ToOneAttributeMapping(NavigableRole[com.chatgenius.model.Message.thread])@841225476)
	  com.chatgenius.model.Message(1604966209100).channel -> EntitySelectFetchInitializer(com.chatgenius.model.Message(1604966209100).channel)@1829156287 (ToOneAttributeMapping(NavigableRole[com.chatgenius.model.Message.channel])@1592600321)
	  com.chatgenius.model.Message(1604966209100).user -> EntitySelectFetchInitializer(com.chatgenius.model.Message(1604966209100).user)@837668655 (ToOneAttributeMapping(NavigableRole[com.chatgenius.model.Message.user])@1593829543)
	  com.chatgenius.model.Message(1604966209100).attachments -> DelayedCollectionInitializer(com.chatgenius.model.Message(1604966209100).attachments)@1466870930 (PluralAttribute(com.chatgenius.model.Message.attachments))
	  com.chatgenius.model.Message(1604966209100).replies -> DelayedCollectionInitializer(com.chatgenius.model.Message(1604966209100).replies)@851273176 (PluralAttribute(com.chatgenius.model.Message.replies))

2025-01-09T08:37:05.285-06:00 DEBUG 20036 --- [           main] org.hibernate.SQL                        : 
    select
        m1_0.id,
        m1_0.channel_id,
        m1_0.content,
        m1_0.created_at,
        m1_0.thread_id,
        m1_0.type,
        m1_0.updated_at,
        m1_0.user_id 
    from
        messages m1_0
Hibernate: 
    select
        m1_0.id,
        m1_0.channel_id,
        m1_0.content,
        m1_0.created_at,
        m1_0.thread_id,
        m1_0.type,
        m1_0.updated_at,
        m1_0.user_id 
    from
        messages m1_0
2025-01-09T08:37:05.286-06:00 DEBUG 20036 --- [           main] o.s.orm.jpa.JpaTransactionManager        : Found thread-bound EntityManager [SessionImpl(45599104<open>)] for JPA transaction
2025-01-09T08:37:05.286-06:00 DEBUG 20036 --- [           main] o.s.orm.jpa.JpaTransactionManager        : Participating in existing transaction
2025-01-09T08:37:05.286-06:00 DEBUG 20036 --- [           main] org.hibernate.orm.sql.ast.create         : Created new SQL alias : c1_0
2025-01-09T08:37:05.286-06:00 DEBUG 20036 --- [           main] org.hibernate.orm.sql.ast.create         : Registration of TableGroup [StandardTableGroup(com.chatgenius.model.Channel(1604967737000))] with identifierForTableGroup [com.chatgenius.model.Channel] for NavigablePath [com.chatgenius.model.Channel] 
2025-01-09T08:37:05.286-06:00 DEBUG 20036 --- [           main] org.hibernate.orm.results.graph.AST      : DomainResult Graph:
 \-EntityResultImpl [com.chatgenius.model.Channel(1604967737000)]
 |  +-BasicFetch [com.chatgenius.model.Channel(1604967737000).createdAt]
 |  +-DelayedCollectionFetch [com.chatgenius.model.Channel(1604967737000).members]
 |  +-BasicFetch [com.chatgenius.model.Channel(1604967737000).name]
 |  \-BasicFetch [com.chatgenius.model.Channel(1604967737000).type]

2025-01-09T08:37:05.286-06:00 DEBUG 20036 --- [           main] org.hibernate.orm.sql.ast.tree           : SQL AST Tree:
    SelectStatement {
      FromClause {
        StandardTableGroup (c1 : com.chatgenius.model.Channel(1604967737000)) {
          primaryTableReference : channels as c1_0
        }
      }
    }

2025-01-09T08:37:05.287-06:00 DEBUG 20036 --- [           main] org.hibernate.orm.sql.exec               : Skipping reading Query result cache data: cache-enabled = false, cache-mode = NORMAL
2025-01-09T08:37:05.287-06:00 DEBUG 20036 --- [           main] org.hibernate.orm.results                : Initializer list:
	  com.chatgenius.model.Channel(1604967737000).members -> DelayedCollectionInitializer(com.chatgenius.model.Channel(1604967737000).members)@861361568 (PluralAttribute(com.chatgenius.model.Channel.members))
	  com.chatgenius.model.Channel(1604967737000) -> EntityResultInitializer(com.chatgenius.model.Channel(1604967737000))@1085944335 (SingleTableEntityPersister(com.chatgenius.model.Channel))

2025-01-09T08:37:05.287-06:00 DEBUG 20036 --- [           main] org.hibernate.SQL                        : 
    select
        c1_0.id,
        c1_0.created_at,
        c1_0.name,
        c1_0.type 
    from
        channels c1_0
Hibernate: 
    select
        c1_0.id,
        c1_0.created_at,
        c1_0.name,
        c1_0.type 
    from
        channels c1_0
2025-01-09T08:37:05.287-06:00 DEBUG 20036 --- [           main] o.s.orm.jpa.JpaTransactionManager        : Found thread-bound EntityManager [SessionImpl(45599104<open>)] for JPA transaction
2025-01-09T08:37:05.287-06:00 DEBUG 20036 --- [           main] o.s.orm.jpa.JpaTransactionManager        : Participating in existing transaction
2025-01-09T08:37:05.287-06:00 DEBUG 20036 --- [           main] org.hibernate.orm.sql.ast.create         : Created new SQL alias : u1_0
2025-01-09T08:37:05.287-06:00 DEBUG 20036 --- [           main] org.hibernate.orm.sql.ast.create         : Registration of TableGroup [StandardTableGroup(com.chatgenius.model.User(1604968581500))] with identifierForTableGroup [com.chatgenius.model.User] for NavigablePath [com.chatgenius.model.User] 
2025-01-09T08:37:05.287-06:00 DEBUG 20036 --- [           main] org.hibernate.orm.results.graph.AST      : DomainResult Graph:
 \-EntityResultImpl [com.chatgenius.model.User(1604968581500)]
 |  +-BasicFetch [com.chatgenius.model.User(1604968581500).createdAt]
 |  +-BasicFetch [com.chatgenius.model.User(1604968581500).email]
 |  +-BasicFetch [com.chatgenius.model.User(1604968581500).lastSeenAt]
 |  +-BasicFetch [com.chatgenius.model.User(1604968581500).password]
 |  +-BasicFetch [com.chatgenius.model.User(1604968581500).status]
 |  \-BasicFetch [com.chatgenius.model.User(1604968581500).username]

2025-01-09T08:37:05.287-06:00 DEBUG 20036 --- [           main] org.hibernate.orm.sql.ast.tree           : SQL AST Tree:
    SelectStatement {
      FromClause {
        StandardTableGroup (u1 : com.chatgenius.model.User(1604968581500)) {
          primaryTableReference : users as u1_0
        }
      }
    }

2025-01-09T08:37:05.287-06:00 DEBUG 20036 --- [           main] org.hibernate.orm.sql.exec               : Skipping reading Query result cache data: cache-enabled = false, cache-mode = NORMAL
2025-01-09T08:37:05.287-06:00 DEBUG 20036 --- [           main] org.hibernate.orm.results                : Initializer list:
	  com.chatgenius.model.User(1604968581500) -> EntityResultInitializer(com.chatgenius.model.User(1604968581500))@600696341 (SingleTableEntityPersister(com.chatgenius.model.User))

2025-01-09T08:37:05.287-06:00 DEBUG 20036 --- [           main] org.hibernate.SQL                        : 
    select
        u1_0.id,
        u1_0.created_at,
        u1_0.email,
        u1_0.last_seen_at,
        u1_0.password,
        u1_0.status,
        u1_0.username 
    from
        users u1_0
Hibernate: 
    select
        u1_0.id,
        u1_0.created_at,
        u1_0.email,
        u1_0.last_seen_at,
        u1_0.password,
        u1_0.status,
        u1_0.username 
    from
        users u1_0
2025-01-09T08:37:05.288-06:00 DEBUG 20036 --- [           main] o.s.orm.jpa.JpaTransactionManager        : Found thread-bound EntityManager [SessionImpl(45599104<open>)] for JPA transaction
2025-01-09T08:37:05.288-06:00 DEBUG 20036 --- [           main] o.s.orm.jpa.JpaTransactionManager        : Participating in existing transaction
2025-01-09T08:37:05.288-06:00 DEBUG 20036 --- [           main] o.h.j.internal.PersistenceUnitUtilImpl   : jakarta.persistence.PersistenceUnitUtil.getIdentifier is only intended to work with enhanced entities (although Hibernate also adapts this support to its proxies); however the passed entity was not enhanced (nor a proxy).. may not be able to read identifier
2025-01-09T08:37:05.288-06:00 DEBUG 20036 --- [           main] o.h.e.i.AbstractSaveEventListener        : Generated identifier: 6803ae06-d9c1-42b7-8ffc-5f726eac2c69, using strategy: org.hibernate.id.UUIDGenerator
2025-01-09T08:37:05.288-06:00 DEBUG 20036 --- [           main] o.s.orm.jpa.JpaTransactionManager        : Found thread-bound EntityManager [SessionImpl(45599104<open>)] for JPA transaction
2025-01-09T08:37:05.288-06:00 DEBUG 20036 --- [           main] o.s.orm.jpa.JpaTransactionManager        : Participating in existing transaction
2025-01-09T08:37:05.288-06:00 DEBUG 20036 --- [           main] o.h.j.internal.PersistenceUnitUtilImpl   : jakarta.persistence.PersistenceUnitUtil.getIdentifier is only intended to work with enhanced entities (although Hibernate also adapts this support to its proxies); however the passed entity was not enhanced (nor a proxy).. may not be able to read identifier
2025-01-09T08:37:05.288-06:00 DEBUG 20036 --- [           main] o.h.e.i.AbstractSaveEventListener        : Generated identifier: 72f2dc60-7a98-431d-8104-79dd4a9eeab8, using strategy: org.hibernate.id.UUIDGenerator
2025-01-09T08:37:05.288-06:00 DEBUG 20036 --- [           main] o.s.orm.jpa.JpaTransactionManager        : Found thread-bound EntityManager [SessionImpl(45599104<open>)] for JPA transaction
2025-01-09T08:37:05.288-06:00 DEBUG 20036 --- [           main] o.s.orm.jpa.JpaTransactionManager        : Participating in existing transaction
2025-01-09T08:37:05.288-06:00 DEBUG 20036 --- [           main] o.h.j.internal.PersistenceUnitUtilImpl   : jakarta.persistence.PersistenceUnitUtil.getIdentifier is only intended to work with enhanced entities (although Hibernate also adapts this support to its proxies); however the passed entity was not enhanced (nor a proxy).. may not be able to read identifier
2025-01-09T08:37:05.288-06:00 DEBUG 20036 --- [           main] o.h.e.i.AbstractSaveEventListener        : Generated identifier: c11db284-60f9-4d9e-a7c8-f96401154263, using strategy: org.hibernate.id.UUIDGenerator
2025-01-09T08:37:05.288-06:00 DEBUG 20036 --- [           main] org.springframework.test.context.cache   : Spring test ApplicationContext cache statistics: [DefaultContextCache@3bd6ce4e size = 4, maxSize = 32, parentContextCount = 0, hitCount = 199, missCount = 8, failureCount = 1]
2025-01-09T08:37:05.288-06:00 DEBUG 20036 --- [           main] o.s.orm.jpa.JpaTransactionManager        : Found thread-bound EntityManager [SessionImpl(45599104<open>)] for JPA transaction
2025-01-09T08:37:05.288-06:00 DEBUG 20036 --- [           main] o.s.orm.jpa.JpaTransactionManager        : Participating in existing transaction
2025-01-09T08:37:05.288-06:00 DEBUG 20036 --- [           main] o.h.j.internal.PersistenceUnitUtilImpl   : jakarta.persistence.PersistenceUnitUtil.getIdentifier is only intended to work with enhanced entities (although Hibernate also adapts this support to its proxies); however the passed entity was not enhanced (nor a proxy).. may not be able to read identifier
2025-01-09T08:37:05.288-06:00 DEBUG 20036 --- [           main] o.h.e.i.AbstractSaveEventListener        : Generated identifier: 6e41d60e-530f-40a2-9a57-7c59dc41e150, using strategy: org.hibernate.id.UUIDGenerator
2025-01-09T08:37:05.289-06:00 DEBUG 20036 --- [           main] org.hibernate.orm.sql.ast.create         : Created new SQL alias : m1_0
2025-01-09T08:37:05.290-06:00 DEBUG 20036 --- [           main] org.hibernate.orm.sql.ast.create         : Registration of TableGroup [StandardTableGroup(com.chatgenius.model.Message(m))] with identifierForTableGroup [com.chatgenius.model.Message] for NavigablePath [com.chatgenius.model.Message] 
2025-01-09T08:37:05.294-06:00 DEBUG 20036 --- [           main] org.hibernate.orm.sql.ast.create         : Registration of TableGroup [org.hibernate.sql.ast.tree.from.LazyTableGroup@1e8add86] with identifierForTableGroup [com.chatgenius.model.Message.channel] for NavigablePath [com.chatgenius.model.Message.channel] 
2025-01-09T08:37:05.294-06:00 DEBUG 20036 --- [           main] o.h.q.sqm.sql.BaseSqmToSqlAstConverter   : Determining mapping-model type for SqmParameter : SqmNamedParameter(channelId)
2025-01-09T08:37:05.294-06:00 DEBUG 20036 --- [           main] o.h.q.sqm.sql.BaseSqmToSqlAstConverter   : Determining mapping-model type for SqmPath : SqmBasicValuedSimplePath(com.chatgenius.model.Message(m).channel.id) 
2025-01-09T08:37:05.294-06:00 DEBUG 20036 --- [           main] org.hibernate.orm.results.graph.AST      : DomainResult Graph:
 \-BasicResult

2025-01-09T08:37:05.294-06:00 DEBUG 20036 --- [           main] org.hibernate.orm.sql.ast.tree           : SQL AST Tree:
    SelectStatement {
      FromClause {
        StandardTableGroup (m1 : com.chatgenius.model.Message(m)) {
          primaryTableReference : messages as m1_0
          TableGroupJoins {
             join LazyTableGroup (c1 : com.chatgenius.model.Message(m).channel) {
            }
          }
        }
      }
    }

2025-01-09T08:37:05.295-06:00 DEBUG 20036 --- [           main] o.h.e.i.AbstractFlushingEventListener    : Processing flush-time cascades
2025-01-09T08:37:05.295-06:00 DEBUG 20036 --- [           main] o.h.e.i.AbstractFlushingEventListener    : Dirty checking collections
2025-01-09T08:37:05.295-06:00 DEBUG 20036 --- [           main] o.hibernate.engine.internal.Collections  : Collection found: [com.chatgenius.model.Channel.members#72f2dc60-7a98-431d-8104-79dd4a9eeab8], was: [<unreferenced>] (initialized)
2025-01-09T08:37:05.295-06:00 DEBUG 20036 --- [           main] o.h.e.i.AbstractFlushingEventListener    : Flushed: 4 insertions, 0 updates, 0 deletions to 4 objects
2025-01-09T08:37:05.295-06:00 DEBUG 20036 --- [           main] o.h.e.i.AbstractFlushingEventListener    : Flushed: 1 (re)creations, 0 updates, 0 removals to 1 collections
2025-01-09T08:37:05.295-06:00 DEBUG 20036 --- [           main] o.hibernate.internal.util.EntityPrinter  : Listing entities:
2025-01-09T08:37:05.295-06:00 DEBUG 20036 --- [           main] o.hibernate.internal.util.EntityPrinter  : com.chatgenius.model.Message{createdAt=2025-01-09T08:37:05.288475900-06:00[America/Chicago], attachments=null, replies=null, channel=com.chatgenius.model.Channel#72f2dc60-7a98-431d-8104-79dd4a9eeab8, reactions=null, id=6e41d60e-530f-40a2-9a57-7c59dc41e150, thread=null, type=TEXT, user=com.chatgenius.model.User#6803ae06-d9c1-42b7-8ffc-5f726eac2c69, content=Another message, updatedAt=null}
2025-01-09T08:37:05.295-06:00 DEBUG 20036 --- [           main] o.hibernate.internal.util.EntityPrinter  : com.chatgenius.model.Channel{createdAt=2025-01-09T08:37:05.288475900-06:00[America/Chicago], members=[com.chatgenius.model.User#6803ae06-d9c1-42b7-8ffc-5f726eac2c69], name=test-channel, id=72f2dc60-7a98-431d-8104-79dd4a9eeab8, type=PUBLIC}
2025-01-09T08:37:05.295-06:00 DEBUG 20036 --- [           main] o.hibernate.internal.util.EntityPrinter  : com.chatgenius.model.Message{createdAt=2025-01-09T08:37:05.288475900-06:00[America/Chicago], attachments=null, replies=null, channel=com.chatgenius.model.Channel#72f2dc60-7a98-431d-8104-79dd4a9eeab8, reactions=null, id=c11db284-60f9-4d9e-a7c8-f96401154263, thread=null, type=TEXT, user=com.chatgenius.model.User#6803ae06-d9c1-42b7-8ffc-5f726eac2c69, content=Test message, updatedAt=null}
2025-01-09T08:37:05.295-06:00 DEBUG 20036 --- [           main] o.hibernate.internal.util.EntityPrinter  : com.chatgenius.model.User{lastSeenAt=null, createdAt=2025-01-09T08:37:05.288475900-06:00[America/Chicago], password=password123, id=6803ae06-d9c1-42b7-8ffc-5f726eac2c69, email=test@example.com, status=OFFLINE, username=testuser}
2025-01-09T08:37:05.295-06:00 DEBUG 20036 --- [           main] org.hibernate.engine.spi.ActionQueue     : Changes must be flushed to space: messages
2025-01-09T08:37:05.296-06:00 DEBUG 20036 --- [           main] org.hibernate.SQL                        : 
    insert 
    into
        users
        (created_at, email, last_seen_at, password, status, username, id) 
    values
        (?, ?, ?, ?, ?, ?, ?)
Hibernate: 
    insert 
    into
        users
        (created_at, email, last_seen_at, password, status, username, id) 
    values
        (?, ?, ?, ?, ?, ?, ?)
2025-01-09T08:37:05.296-06:00 DEBUG 20036 --- [           main] org.hibernate.SQL                        : 
    insert 
    into
        channels
        (created_at, name, type, id) 
    values
        (?, ?, ?, ?)
Hibernate: 
    insert 
    into
        channels
        (created_at, name, type, id) 
    values
        (?, ?, ?, ?)
2025-01-09T08:37:05.296-06:00 DEBUG 20036 --- [           main] org.hibernate.SQL                        : 
    insert 
    into
        messages
        (channel_id, content, created_at, thread_id, type, updated_at, user_id, id) 
    values
        (?, ?, ?, ?, ?, ?, ?, ?)
Hibernate: 
    insert 
    into
        messages
        (channel_id, content, created_at, thread_id, type, updated_at, user_id, id) 
    values
        (?, ?, ?, ?, ?, ?, ?, ?)
2025-01-09T08:37:05.296-06:00 DEBUG 20036 --- [           main] org.hibernate.SQL                        : 
    insert 
    into
        messages
        (channel_id, content, created_at, thread_id, type, updated_at, user_id, id) 
    values
        (?, ?, ?, ?, ?, ?, ?, ?)
Hibernate: 
    insert 
    into
        messages
        (channel_id, content, created_at, thread_id, type, updated_at, user_id, id) 
    values
        (?, ?, ?, ?, ?, ?, ?, ?)
2025-01-09T08:37:05.297-06:00 DEBUG 20036 --- [           main] org.hibernate.orm.jdbc.mutation          : Inserting collection rows - com.chatgenius.model.Channel.members : 72f2dc60-7a98-431d-8104-79dd4a9eeab8
2025-01-09T08:37:05.297-06:00 DEBUG 20036 --- [           main] org.hibernate.SQL                        : 
    insert 
    into
        channel_members
        (channel_id, user_id) 
    values
        (?, ?)
Hibernate: 
    insert 
    into
        channel_members
        (channel_id, user_id) 
    values
        (?, ?)
2025-01-09T08:37:05.297-06:00 DEBUG 20036 --- [           main] org.hibernate.orm.jdbc.mutation          : Done inserting `1` collection rows : com.chatgenius.model.Channel.members
2025-01-09T08:37:05.297-06:00 DEBUG 20036 --- [           main] org.hibernate.orm.sql.exec               : Skipping reading Query result cache data: cache-enabled = false, cache-mode = NORMAL
2025-01-09T08:37:05.297-06:00 DEBUG 20036 --- [           main] org.hibernate.orm.results                : Initializer list is empty
2025-01-09T08:37:05.297-06:00 DEBUG 20036 --- [           main] org.hibernate.SQL                        : 
    select
        count(m1_0.id) 
    from
        messages m1_0 
    where
        m1_0.channel_id=?
Hibernate: 
    select
        count(m1_0.id) 
    from
        messages m1_0 
    where
        m1_0.channel_id=?
2025-01-09T08:37:05.301-06:00 DEBUG 20036 --- [           main] org.hibernate.orm.results.loading        : Calling top-level assembler (0 / 1) : org.hibernate.sql.results.graph.basic.BasicResultAssembler@4b965312
2025-01-09T08:37:05.301-06:00 DEBUG 20036 --- [           main] org.hibernate.orm.results                : Extracted JDBC value [0] - [2]
2025-01-09T08:37:05.301-06:00 DEBUG 20036 --- [           main] org.springframework.test.context.cache   : Spring test ApplicationContext cache statistics: [DefaultContextCache@3bd6ce4e size = 4, maxSize = 32, parentContextCount = 0, hitCount = 200, missCount = 8, failureCount = 1]
2025-01-09T08:37:05.301-06:00 DEBUG 20036 --- [           main] org.springframework.test.context.cache   : Spring test ApplicationContext cache statistics: [DefaultContextCache@3bd6ce4e size = 4, maxSize = 32, parentContextCount = 0, hitCount = 201, missCount = 8, failureCount = 1]
2025-01-09T08:37:05.301-06:00 DEBUG 20036 --- [           main] org.springframework.test.context.cache   : Spring test ApplicationContext cache statistics: [DefaultContextCache@3bd6ce4e size = 4, maxSize = 32, parentContextCount = 0, hitCount = 202, missCount = 8, failureCount = 1]
2025-01-09T08:37:05.301-06:00 DEBUG 20036 --- [           main] org.springframework.test.context.cache   : Spring test ApplicationContext cache statistics: [DefaultContextCache@3bd6ce4e size = 4, maxSize = 32, parentContextCount = 0, hitCount = 203, missCount = 8, failureCount = 1]
2025-01-09T08:37:05.301-06:00 DEBUG 20036 --- [           main] org.springframework.test.context.cache   : Spring test ApplicationContext cache statistics: [DefaultContextCache@3bd6ce4e size = 4, maxSize = 32, parentContextCount = 0, hitCount = 204, missCount = 8, failureCount = 1]
2025-01-09T08:37:05.302-06:00 DEBUG 20036 --- [           main] org.springframework.test.context.cache   : Spring test ApplicationContext cache statistics: [DefaultContextCache@3bd6ce4e size = 4, maxSize = 32, parentContextCount = 0, hitCount = 205, missCount = 8, failureCount = 1]
2025-01-09T08:37:05.302-06:00 DEBUG 20036 --- [           main] org.springframework.test.context.cache   : Spring test ApplicationContext cache statistics: [DefaultContextCache@3bd6ce4e size = 4, maxSize = 32, parentContextCount = 0, hitCount = 206, missCount = 8, failureCount = 1]
2025-01-09T08:37:05.302-06:00 DEBUG 20036 --- [           main] o.s.orm.jpa.JpaTransactionManager        : Initiating transaction rollback
2025-01-09T08:37:05.302-06:00 DEBUG 20036 --- [           main] o.s.orm.jpa.JpaTransactionManager        : Rolling back JPA transaction on EntityManager [SessionImpl(45599104<open>)]
2025-01-09T08:37:05.302-06:00 DEBUG 20036 --- [           main] o.h.e.t.internal.TransactionImpl         : rolling back
2025-01-09T08:37:05.302-06:00 DEBUG 20036 --- [           main] o.s.orm.jpa.JpaTransactionManager        : Closing JPA EntityManager [SessionImpl(45599104<open>)] after transaction
2025-01-09T08:37:05.302-06:00 DEBUG 20036 --- [           main] o.s.t.c.transaction.TransactionContext   : Rolled back transaction (1) for test class [com.chatgenius.repository.MessageRepositoryTest]; test method [countByChannelId_Success]
2025-01-09T08:37:05.302-06:00 DEBUG 20036 --- [           main] .c.s.DirtiesContextTestExecutionListener : After test method: class [MessageRepositoryTest], method [countByChannelId_Success], class annotated with @DirtiesContext [false] with mode [null], method annotated with @DirtiesContext [false] with mode [null]
]]></system-out>
  </testcase>
  <testcase name="findByChannelId_Success" classname="com.chatgenius.repository.MessageRepositoryTest" time="0.014">
    <system-out><![CDATA[2025-01-09T08:37:05.302-06:00 DEBUG 20036 --- [           main] DependencyInjectionTestExecutionListener : Performing dependency injection for test class com.chatgenius.repository.MessageRepositoryTest
2025-01-09T08:37:05.302-06:00 DEBUG 20036 --- [           main] org.springframework.test.context.cache   : Spring test ApplicationContext cache statistics: [DefaultContextCache@3bd6ce4e size = 4, maxSize = 32, parentContextCount = 0, hitCount = 207, missCount = 8, failureCount = 1]
2025-01-09T08:37:05.303-06:00 DEBUG 20036 --- [           main] org.springframework.test.context.cache   : Spring test ApplicationContext cache statistics: [DefaultContextCache@3bd6ce4e size = 4, maxSize = 32, parentContextCount = 0, hitCount = 208, missCount = 8, failureCount = 1]
2025-01-09T08:37:05.303-06:00 DEBUG 20036 --- [           main] sContextBeforeModesTestExecutionListener : Before test method: class [MessageRepositoryTest], method [findByChannelId_Success], class annotated with @DirtiesContext [false] with mode [null], method annotated with @DirtiesContext [false] with mode [null]
2025-01-09T08:37:05.303-06:00 DEBUG 20036 --- [           main] t.c.t.TransactionalTestExecutionListener : Explicit transaction definition [PROPAGATION_REQUIRED,ISOLATION_DEFAULT] found for test class [com.chatgenius.repository.MessageRepositoryTest] and test method [findByChannelId_Success]
2025-01-09T08:37:05.303-06:00 DEBUG 20036 --- [           main] org.springframework.test.context.cache   : Spring test ApplicationContext cache statistics: [DefaultContextCache@3bd6ce4e size = 4, maxSize = 32, parentContextCount = 0, hitCount = 209, missCount = 8, failureCount = 1]
2025-01-09T08:37:05.303-06:00 DEBUG 20036 --- [           main] t.c.t.TransactionalTestExecutionListener : No method-level @Rollback override: using default rollback [true] for test method [void com.chatgenius.repository.MessageRepositoryTest.findByChannelId_Success()]
2025-01-09T08:37:05.303-06:00 DEBUG 20036 --- [           main] o.s.orm.jpa.JpaTransactionManager        : Creating new transaction with name [com.chatgenius.repository.MessageRepositoryTest.findByChannelId_Success]: PROPAGATION_REQUIRED,ISOLATION_DEFAULT
2025-01-09T08:37:05.303-06:00 DEBUG 20036 --- [           main] o.s.orm.jpa.JpaTransactionManager        : Opened new EntityManager [SessionImpl(340254854<open>)] for JPA transaction
2025-01-09T08:37:05.303-06:00 DEBUG 20036 --- [           main] o.h.e.t.internal.TransactionImpl         : On TransactionImpl creation, JpaCompliance#isJpaTransactionComplianceEnabled == false
2025-01-09T08:37:05.303-06:00 DEBUG 20036 --- [           main] o.h.e.t.internal.TransactionImpl         : begin
2025-01-09T08:37:05.303-06:00 DEBUG 20036 --- [           main] o.s.j.datasource.SimpleDriverDataSource  : Creating new JDBC Driver Connection to [jdbc:h2:mem:c28bcf25-0d96-40ed-b42d-6242cefd62bf;DB_CLOSE_DELAY=-1;DB_CLOSE_ON_EXIT=false]
2025-01-09T08:37:05.303-06:00 DEBUG 20036 --- [           main] o.s.orm.jpa.JpaTransactionManager        : Exposing JPA transaction as JDBC [org.springframework.orm.jpa.vendor.HibernateJpaDialect$HibernateConnectionHandle@1e264875]
2025-01-09T08:37:05.303-06:00 DEBUG 20036 --- [           main] o.s.t.c.transaction.TransactionContext   : Began transaction (1) for test class [com.chatgenius.repository.MessageRepositoryTest]; test method [findByChannelId_Success]; transaction manager [org.springframework.orm.jpa.JpaTransactionManager@6af5b172]; rollback [true]
2025-01-09T08:37:05.303-06:00 DEBUG 20036 --- [           main] org.springframework.test.context.cache   : Spring test ApplicationContext cache statistics: [DefaultContextCache@3bd6ce4e size = 4, maxSize = 32, parentContextCount = 0, hitCount = 210, missCount = 8, failureCount = 1]
2025-01-09T08:37:05.303-06:00 DEBUG 20036 --- [           main] org.springframework.test.context.cache   : Spring test ApplicationContext cache statistics: [DefaultContextCache@3bd6ce4e size = 4, maxSize = 32, parentContextCount = 0, hitCount = 211, missCount = 8, failureCount = 1]
2025-01-09T08:37:05.304-06:00 DEBUG 20036 --- [           main] o.s.orm.jpa.JpaTransactionManager        : Found thread-bound EntityManager [SessionImpl(340254854<open>)] for JPA transaction
2025-01-09T08:37:05.304-06:00 DEBUG 20036 --- [           main] o.s.orm.jpa.JpaTransactionManager        : Participating in existing transaction
2025-01-09T08:37:05.304-06:00 DEBUG 20036 --- [           main] org.hibernate.orm.sql.ast.create         : Created new SQL alias : m1_0
2025-01-09T08:37:05.304-06:00 DEBUG 20036 --- [           main] org.hibernate.orm.sql.ast.create         : Registration of TableGroup [StandardTableGroup(com.chatgenius.model.Message(1604985420000))] with identifierForTableGroup [com.chatgenius.model.Message] for NavigablePath [com.chatgenius.model.Message] 
2025-01-09T08:37:05.304-06:00 DEBUG 20036 --- [           main] org.hibernate.orm.sql.ast.create         : Registration of TableGroup [org.hibernate.sql.ast.tree.from.LazyTableGroup@58095469] with identifierForTableGroup [com.chatgenius.model.Message.channel] for NavigablePath [com.chatgenius.model.Message.channel] 
2025-01-09T08:37:05.304-06:00 DEBUG 20036 --- [           main] org.hibernate.orm.sql.ast.create         : Registration of TableGroup [org.hibernate.sql.ast.tree.from.LazyTableGroup@12d4a53c] with identifierForTableGroup [com.chatgenius.model.Message.thread] for NavigablePath [com.chatgenius.model.Message.thread] 
2025-01-09T08:37:05.304-06:00 DEBUG 20036 --- [           main] org.hibernate.orm.sql.ast.create         : Registration of TableGroup [org.hibernate.sql.ast.tree.from.LazyTableGroup@3817a5d6] with identifierForTableGroup [com.chatgenius.model.Message.user] for NavigablePath [com.chatgenius.model.Message.user] 
2025-01-09T08:37:05.304-06:00 DEBUG 20036 --- [           main] org.hibernate.orm.results.graph.AST      : DomainResult Graph:
 \-EntityResultImpl [com.chatgenius.model.Message(1604985420000)]
 |  +-DelayedCollectionFetch [com.chatgenius.model.Message(1604985420000).attachments]
 |  +-EntityFetchSelectImpl [com.chatgenius.model.Message(1604985420000).channel]
 |  +-BasicFetch [com.chatgenius.model.Message(1604985420000).content]
 |  +-BasicFetch [com.chatgenius.model.Message(1604985420000).createdAt]
 |  +-DelayedCollectionFetch [com.chatgenius.model.Message(1604985420000).reactions]
 |  +-DelayedCollectionFetch [com.chatgenius.model.Message(1604985420000).replies]
 |  +-CircularFetchImpl [com.chatgenius.model.Message(1604985420000).thread]
 |  +-BasicFetch [com.chatgenius.model.Message(1604985420000).type]
 |  +-BasicFetch [com.chatgenius.model.Message(1604985420000).updatedAt]
 |  \-EntityFetchSelectImpl [com.chatgenius.model.Message(1604985420000).user]

2025-01-09T08:37:05.304-06:00 DEBUG 20036 --- [           main] org.hibernate.orm.sql.ast.tree           : SQL AST Tree:
    SelectStatement {
      FromClause {
        StandardTableGroup (m1 : com.chatgenius.model.Message(1604985420000)) {
          primaryTableReference : messages as m1_0
          TableGroupJoins {
            left  join LazyTableGroup (c1 : com.chatgenius.model.Message(1604985420000).channel) {
            }
            left  join LazyTableGroup (t1 : com.chatgenius.model.Message(1604985420000).thread) {
            }
            left  join LazyTableGroup (u1 : com.chatgenius.model.Message(1604985420000).user) {
            }
          }
        }
      }
    }

2025-01-09T08:37:05.305-06:00 DEBUG 20036 --- [           main] org.hibernate.orm.sql.exec               : Skipping reading Query result cache data: cache-enabled = false, cache-mode = NORMAL
2025-01-09T08:37:05.305-06:00 DEBUG 20036 --- [           main] org.hibernate.orm.results                : Initializer list:
	  com.chatgenius.model.Message(1604985420000).channel -> EntitySelectFetchInitializer(com.chatgenius.model.Message(1604985420000).channel)@921279438 (ToOneAttributeMapping(NavigableRole[com.chatgenius.model.Message.channel])@1592600321)
	  com.chatgenius.model.Message(1604985420000).thread -> EntitySelectFetchInitializer(com.chatgenius.model.Message(1604985420000).thread)@609299302 (ToOneAttributeMapping(NavigableRole[com.chatgenius.model.Message.thread])@841225476)
	  com.chatgenius.model.Message(1604985420000).reactions -> DelayedCollectionInitializer(com.chatgenius.model.Message(1604985420000).reactions)@328963989 (PluralAttribute(com.chatgenius.model.Message.reactions))
	  com.chatgenius.model.Message(1604985420000) -> EntityResultInitializer(com.chatgenius.model.Message(1604985420000))@380090661 (SingleTableEntityPersister(com.chatgenius.model.Message))
	  com.chatgenius.model.Message(1604985420000).replies -> DelayedCollectionInitializer(com.chatgenius.model.Message(1604985420000).replies)@1827301332 (PluralAttribute(com.chatgenius.model.Message.replies))
	  com.chatgenius.model.Message(1604985420000).attachments -> DelayedCollectionInitializer(com.chatgenius.model.Message(1604985420000).attachments)@1095596852 (PluralAttribute(com.chatgenius.model.Message.attachments))
	  com.chatgenius.model.Message(1604985420000).user -> EntitySelectFetchInitializer(com.chatgenius.model.Message(1604985420000).user)@245726135 (ToOneAttributeMapping(NavigableRole[com.chatgenius.model.Message.user])@1593829543)

2025-01-09T08:37:05.305-06:00 DEBUG 20036 --- [           main] org.hibernate.SQL                        : 
    select
        m1_0.id,
        m1_0.channel_id,
        m1_0.content,
        m1_0.created_at,
        m1_0.thread_id,
        m1_0.type,
        m1_0.updated_at,
        m1_0.user_id 
    from
        messages m1_0
Hibernate: 
    select
        m1_0.id,
        m1_0.channel_id,
        m1_0.content,
        m1_0.created_at,
        m1_0.thread_id,
        m1_0.type,
        m1_0.updated_at,
        m1_0.user_id 
    from
        messages m1_0
2025-01-09T08:37:05.306-06:00 DEBUG 20036 --- [           main] o.s.orm.jpa.JpaTransactionManager        : Found thread-bound EntityManager [SessionImpl(340254854<open>)] for JPA transaction
2025-01-09T08:37:05.306-06:00 DEBUG 20036 --- [           main] o.s.orm.jpa.JpaTransactionManager        : Participating in existing transaction
2025-01-09T08:37:05.306-06:00 DEBUG 20036 --- [           main] org.hibernate.orm.sql.ast.create         : Created new SQL alias : c1_0
2025-01-09T08:37:05.306-06:00 DEBUG 20036 --- [           main] org.hibernate.orm.sql.ast.create         : Registration of TableGroup [StandardTableGroup(com.chatgenius.model.Channel(1604988004700))] with identifierForTableGroup [com.chatgenius.model.Channel] for NavigablePath [com.chatgenius.model.Channel] 
2025-01-09T08:37:05.307-06:00 DEBUG 20036 --- [           main] org.hibernate.orm.results.graph.AST      : DomainResult Graph:
 \-EntityResultImpl [com.chatgenius.model.Channel(1604988004700)]
 |  +-BasicFetch [com.chatgenius.model.Channel(1604988004700).createdAt]
 |  +-DelayedCollectionFetch [com.chatgenius.model.Channel(1604988004700).members]
 |  +-BasicFetch [com.chatgenius.model.Channel(1604988004700).name]
 |  \-BasicFetch [com.chatgenius.model.Channel(1604988004700).type]

2025-01-09T08:37:05.307-06:00 DEBUG 20036 --- [           main] org.hibernate.orm.sql.ast.tree           : SQL AST Tree:
    SelectStatement {
      FromClause {
        StandardTableGroup (c1 : com.chatgenius.model.Channel(1604988004700)) {
          primaryTableReference : channels as c1_0
        }
      }
    }

2025-01-09T08:37:05.307-06:00 DEBUG 20036 --- [           main] org.hibernate.orm.sql.exec               : Skipping reading Query result cache data: cache-enabled = false, cache-mode = NORMAL
2025-01-09T08:37:05.307-06:00 DEBUG 20036 --- [           main] org.hibernate.orm.results                : Initializer list:
	  com.chatgenius.model.Channel(1604988004700) -> EntityResultInitializer(com.chatgenius.model.Channel(1604988004700))@1820655018 (SingleTableEntityPersister(com.chatgenius.model.Channel))
	  com.chatgenius.model.Channel(1604988004700).members -> DelayedCollectionInitializer(com.chatgenius.model.Channel(1604988004700).members)@984041165 (PluralAttribute(com.chatgenius.model.Channel.members))

2025-01-09T08:37:05.307-06:00 DEBUG 20036 --- [           main] org.hibernate.SQL                        : 
    select
        c1_0.id,
        c1_0.created_at,
        c1_0.name,
        c1_0.type 
    from
        channels c1_0
Hibernate: 
    select
        c1_0.id,
        c1_0.created_at,
        c1_0.name,
        c1_0.type 
    from
        channels c1_0
2025-01-09T08:37:05.307-06:00 DEBUG 20036 --- [           main] o.s.orm.jpa.JpaTransactionManager        : Found thread-bound EntityManager [SessionImpl(340254854<open>)] for JPA transaction
2025-01-09T08:37:05.307-06:00 DEBUG 20036 --- [           main] o.s.orm.jpa.JpaTransactionManager        : Participating in existing transaction
2025-01-09T08:37:05.307-06:00 DEBUG 20036 --- [           main] org.hibernate.orm.sql.ast.create         : Created new SQL alias : u1_0
2025-01-09T08:37:05.307-06:00 DEBUG 20036 --- [           main] org.hibernate.orm.sql.ast.create         : Registration of TableGroup [StandardTableGroup(com.chatgenius.model.User(1604988762700))] with identifierForTableGroup [com.chatgenius.model.User] for NavigablePath [com.chatgenius.model.User] 
2025-01-09T08:37:05.307-06:00 DEBUG 20036 --- [           main] org.hibernate.orm.results.graph.AST      : DomainResult Graph:
 \-EntityResultImpl [com.chatgenius.model.User(1604988762700)]
 |  +-BasicFetch [com.chatgenius.model.User(1604988762700).createdAt]
 |  +-BasicFetch [com.chatgenius.model.User(1604988762700).email]
 |  +-BasicFetch [com.chatgenius.model.User(1604988762700).lastSeenAt]
 |  +-BasicFetch [com.chatgenius.model.User(1604988762700).password]
 |  +-BasicFetch [com.chatgenius.model.User(1604988762700).status]
 |  \-BasicFetch [com.chatgenius.model.User(1604988762700).username]

2025-01-09T08:37:05.307-06:00 DEBUG 20036 --- [           main] org.hibernate.orm.sql.ast.tree           : SQL AST Tree:
    SelectStatement {
      FromClause {
        StandardTableGroup (u1 : com.chatgenius.model.User(1604988762700)) {
          primaryTableReference : users as u1_0
        }
      }
    }

2025-01-09T08:37:05.307-06:00 DEBUG 20036 --- [           main] org.hibernate.orm.sql.exec               : Skipping reading Query result cache data: cache-enabled = false, cache-mode = NORMAL
2025-01-09T08:37:05.308-06:00 DEBUG 20036 --- [           main] org.hibernate.orm.results                : Initializer list:
	  com.chatgenius.model.User(1604988762700) -> EntityResultInitializer(com.chatgenius.model.User(1604988762700))@1348886991 (SingleTableEntityPersister(com.chatgenius.model.User))

2025-01-09T08:37:05.308-06:00 DEBUG 20036 --- [           main] org.hibernate.SQL                        : 
    select
        u1_0.id,
        u1_0.created_at,
        u1_0.email,
        u1_0.last_seen_at,
        u1_0.password,
        u1_0.status,
        u1_0.username 
    from
        users u1_0
Hibernate: 
    select
        u1_0.id,
        u1_0.created_at,
        u1_0.email,
        u1_0.last_seen_at,
        u1_0.password,
        u1_0.status,
        u1_0.username 
    from
        users u1_0
2025-01-09T08:37:05.308-06:00 DEBUG 20036 --- [           main] o.s.orm.jpa.JpaTransactionManager        : Found thread-bound EntityManager [SessionImpl(340254854<open>)] for JPA transaction
2025-01-09T08:37:05.308-06:00 DEBUG 20036 --- [           main] o.s.orm.jpa.JpaTransactionManager        : Participating in existing transaction
2025-01-09T08:37:05.308-06:00 DEBUG 20036 --- [           main] o.h.j.internal.PersistenceUnitUtilImpl   : jakarta.persistence.PersistenceUnitUtil.getIdentifier is only intended to work with enhanced entities (although Hibernate also adapts this support to its proxies); however the passed entity was not enhanced (nor a proxy).. may not be able to read identifier
2025-01-09T08:37:05.308-06:00 DEBUG 20036 --- [           main] o.h.e.i.AbstractSaveEventListener        : Generated identifier: 7348e66b-1538-4c39-a2ba-63fd3a1e6d2a, using strategy: org.hibernate.id.UUIDGenerator
2025-01-09T08:37:05.308-06:00 DEBUG 20036 --- [           main] o.s.orm.jpa.JpaTransactionManager        : Found thread-bound EntityManager [SessionImpl(340254854<open>)] for JPA transaction
2025-01-09T08:37:05.308-06:00 DEBUG 20036 --- [           main] o.s.orm.jpa.JpaTransactionManager        : Participating in existing transaction
2025-01-09T08:37:05.308-06:00 DEBUG 20036 --- [           main] o.h.j.internal.PersistenceUnitUtilImpl   : jakarta.persistence.PersistenceUnitUtil.getIdentifier is only intended to work with enhanced entities (although Hibernate also adapts this support to its proxies); however the passed entity was not enhanced (nor a proxy).. may not be able to read identifier
2025-01-09T08:37:05.308-06:00 DEBUG 20036 --- [           main] o.h.e.i.AbstractSaveEventListener        : Generated identifier: 5c709cae-e092-43c1-906e-b05cca305a6f, using strategy: org.hibernate.id.UUIDGenerator
2025-01-09T08:37:05.308-06:00 DEBUG 20036 --- [           main] o.s.orm.jpa.JpaTransactionManager        : Found thread-bound EntityManager [SessionImpl(340254854<open>)] for JPA transaction
2025-01-09T08:37:05.308-06:00 DEBUG 20036 --- [           main] o.s.orm.jpa.JpaTransactionManager        : Participating in existing transaction
2025-01-09T08:37:05.308-06:00 DEBUG 20036 --- [           main] o.h.j.internal.PersistenceUnitUtilImpl   : jakarta.persistence.PersistenceUnitUtil.getIdentifier is only intended to work with enhanced entities (although Hibernate also adapts this support to its proxies); however the passed entity was not enhanced (nor a proxy).. may not be able to read identifier
2025-01-09T08:37:05.308-06:00 DEBUG 20036 --- [           main] o.h.e.i.AbstractSaveEventListener        : Generated identifier: 6b8832f5-648c-4588-ab52-0097371e8101, using strategy: org.hibernate.id.UUIDGenerator
2025-01-09T08:37:05.308-06:00 DEBUG 20036 --- [           main] org.springframework.test.context.cache   : Spring test ApplicationContext cache statistics: [DefaultContextCache@3bd6ce4e size = 4, maxSize = 32, parentContextCount = 0, hitCount = 212, missCount = 8, failureCount = 1]
2025-01-09T08:37:05.309-06:00 DEBUG 20036 --- [           main] o.s.orm.jpa.JpaTransactionManager        : Found thread-bound EntityManager [SessionImpl(340254854<open>)] for JPA transaction
2025-01-09T08:37:05.309-06:00 DEBUG 20036 --- [           main] o.s.orm.jpa.JpaTransactionManager        : Participating in existing transaction
2025-01-09T08:37:05.309-06:00 DEBUG 20036 --- [           main] o.h.j.internal.PersistenceUnitUtilImpl   : jakarta.persistence.PersistenceUnitUtil.getIdentifier is only intended to work with enhanced entities (although Hibernate also adapts this support to its proxies); however the passed entity was not enhanced (nor a proxy).. may not be able to read identifier
2025-01-09T08:37:05.309-06:00 DEBUG 20036 --- [           main] o.h.e.i.AbstractSaveEventListener        : Generated identifier: a30eac3b-3489-4296-a2a6-d6b1ccdb5ce2, using strategy: org.hibernate.id.UUIDGenerator
2025-01-09T08:37:05.310-06:00 DEBUG 20036 --- [           main] org.hibernate.orm.sql.ast.create         : Created new SQL alias : m1_0
2025-01-09T08:37:05.310-06:00 DEBUG 20036 --- [           main] org.hibernate.orm.sql.ast.create         : Registration of TableGroup [StandardTableGroup(com.chatgenius.model.Message(m))] with identifierForTableGroup [com.chatgenius.model.Message] for NavigablePath [com.chatgenius.model.Message] 
2025-01-09T08:37:05.310-06:00 DEBUG 20036 --- [           main] org.hibernate.orm.sql.ast.create         : Registration of TableGroup [org.hibernate.sql.ast.tree.from.LazyTableGroup@273f247c] with identifierForTableGroup [com.chatgenius.model.Message.channel] for NavigablePath [com.chatgenius.model.Message.channel] 
2025-01-09T08:37:05.310-06:00 DEBUG 20036 --- [           main] org.hibernate.orm.sql.ast.create         : Registration of TableGroup [org.hibernate.sql.ast.tree.from.LazyTableGroup@2c8a9a17] with identifierForTableGroup [com.chatgenius.model.Message.thread] for NavigablePath [com.chatgenius.model.Message.thread] 
2025-01-09T08:37:05.310-06:00 DEBUG 20036 --- [           main] org.hibernate.orm.sql.ast.create         : Registration of TableGroup [org.hibernate.sql.ast.tree.from.LazyTableGroup@480318c2] with identifierForTableGroup [com.chatgenius.model.Message.user] for NavigablePath [com.chatgenius.model.Message.user] 
2025-01-09T08:37:05.311-06:00 DEBUG 20036 --- [           main] o.h.q.sqm.sql.BaseSqmToSqlAstConverter   : Determining mapping-model type for SqmParameter : SqmNamedParameter(channelId)
2025-01-09T08:37:05.311-06:00 DEBUG 20036 --- [           main] o.h.q.sqm.sql.BaseSqmToSqlAstConverter   : Determining mapping-model type for SqmPath : SqmBasicValuedSimplePath(com.chatgenius.model.Message(m).channel.id) 
2025-01-09T08:37:05.311-06:00 DEBUG 20036 --- [           main] org.hibernate.orm.results.graph.AST      : DomainResult Graph:
 \-EntityResultImpl [com.chatgenius.model.Message(m)]
 |  +-DelayedCollectionFetch [com.chatgenius.model.Message(m).attachments]
 |  +-EntityFetchSelectImpl [com.chatgenius.model.Message(m).channel]
 |  +-BasicFetch [com.chatgenius.model.Message(m).content]
 |  +-BasicFetch [com.chatgenius.model.Message(m).createdAt]
 |  +-DelayedCollectionFetch [com.chatgenius.model.Message(m).reactions]
 |  +-DelayedCollectionFetch [com.chatgenius.model.Message(m).replies]
 |  +-CircularFetchImpl [com.chatgenius.model.Message(m).thread]
 |  +-BasicFetch [com.chatgenius.model.Message(m).type]
 |  +-BasicFetch [com.chatgenius.model.Message(m).updatedAt]
 |  \-EntityFetchSelectImpl [com.chatgenius.model.Message(m).user]

2025-01-09T08:37:05.311-06:00 DEBUG 20036 --- [           main] org.hibernate.orm.sql.ast.tree           : SQL AST Tree:
    SelectStatement {
      FromClause {
        StandardTableGroup (m1 : com.chatgenius.model.Message(m)) {
          primaryTableReference : messages as m1_0
          TableGroupJoins {
            left  join LazyTableGroup (c1 : com.chatgenius.model.Message(m).channel) {
            }
            left  join LazyTableGroup (t1 : com.chatgenius.model.Message(m).thread) {
            }
            left  join LazyTableGroup (u1 : com.chatgenius.model.Message(m).user) {
            }
          }
        }
      }
    }

2025-01-09T08:37:05.312-06:00 DEBUG 20036 --- [           main] o.h.e.i.AbstractFlushingEventListener    : Processing flush-time cascades
2025-01-09T08:37:05.312-06:00 DEBUG 20036 --- [           main] o.h.e.i.AbstractFlushingEventListener    : Dirty checking collections
2025-01-09T08:37:05.312-06:00 DEBUG 20036 --- [           main] o.hibernate.engine.internal.Collections  : Collection found: [com.chatgenius.model.Channel.members#5c709cae-e092-43c1-906e-b05cca305a6f], was: [<unreferenced>] (initialized)
2025-01-09T08:37:05.312-06:00 DEBUG 20036 --- [           main] o.h.e.i.AbstractFlushingEventListener    : Flushed: 4 insertions, 0 updates, 0 deletions to 4 objects
2025-01-09T08:37:05.312-06:00 DEBUG 20036 --- [           main] o.h.e.i.AbstractFlushingEventListener    : Flushed: 1 (re)creations, 0 updates, 0 removals to 1 collections
2025-01-09T08:37:05.312-06:00 DEBUG 20036 --- [           main] o.hibernate.internal.util.EntityPrinter  : Listing entities:
2025-01-09T08:37:05.312-06:00 DEBUG 20036 --- [           main] o.hibernate.internal.util.EntityPrinter  : com.chatgenius.model.Channel{createdAt=2025-01-09T08:37:05.308629100-06:00[America/Chicago], members=[com.chatgenius.model.User#7348e66b-1538-4c39-a2ba-63fd3a1e6d2a], name=test-channel, id=5c709cae-e092-43c1-906e-b05cca305a6f, type=PUBLIC}
2025-01-09T08:37:05.312-06:00 DEBUG 20036 --- [           main] o.hibernate.internal.util.EntityPrinter  : com.chatgenius.model.Message{createdAt=2025-01-09T08:37:05.308629100-06:00[America/Chicago], attachments=null, replies=null, channel=com.chatgenius.model.Channel#5c709cae-e092-43c1-906e-b05cca305a6f, reactions=null, id=6b8832f5-648c-4588-ab52-0097371e8101, thread=null, type=TEXT, user=com.chatgenius.model.User#7348e66b-1538-4c39-a2ba-63fd3a1e6d2a, content=Test message, updatedAt=null}
2025-01-09T08:37:05.312-06:00 DEBUG 20036 --- [           main] o.hibernate.internal.util.EntityPrinter  : com.chatgenius.model.User{lastSeenAt=null, createdAt=2025-01-09T08:37:05.308629100-06:00[America/Chicago], password=password123, id=7348e66b-1538-4c39-a2ba-63fd3a1e6d2a, email=test@example.com, status=OFFLINE, username=testuser}
2025-01-09T08:37:05.312-06:00 DEBUG 20036 --- [           main] o.hibernate.internal.util.EntityPrinter  : com.chatgenius.model.Message{createdAt=2025-01-09T08:37:05.309628400-06:00[America/Chicago], attachments=null, replies=null, channel=com.chatgenius.model.Channel#5c709cae-e092-43c1-906e-b05cca305a6f, reactions=null, id=a30eac3b-3489-4296-a2a6-d6b1ccdb5ce2, thread=null, type=TEXT, user=com.chatgenius.model.User#7348e66b-1538-4c39-a2ba-63fd3a1e6d2a, content=Another message, updatedAt=null}
2025-01-09T08:37:05.312-06:00 DEBUG 20036 --- [           main] org.hibernate.engine.spi.ActionQueue     : Changes must be flushed to space: messages
2025-01-09T08:37:05.312-06:00 DEBUG 20036 --- [           main] org.hibernate.SQL                        : 
    insert 
    into
        users
        (created_at, email, last_seen_at, password, status, username, id) 
    values
        (?, ?, ?, ?, ?, ?, ?)
Hibernate: 
    insert 
    into
        users
        (created_at, email, last_seen_at, password, status, username, id) 
    values
        (?, ?, ?, ?, ?, ?, ?)
2025-01-09T08:37:05.313-06:00 DEBUG 20036 --- [           main] org.hibernate.SQL                        : 
    insert 
    into
        channels
        (created_at, name, type, id) 
    values
        (?, ?, ?, ?)
Hibernate: 
    insert 
    into
        channels
        (created_at, name, type, id) 
    values
        (?, ?, ?, ?)
2025-01-09T08:37:05.313-06:00 DEBUG 20036 --- [           main] org.hibernate.SQL                        : 
    insert 
    into
        messages
        (channel_id, content, created_at, thread_id, type, updated_at, user_id, id) 
    values
        (?, ?, ?, ?, ?, ?, ?, ?)
Hibernate: 
    insert 
    into
        messages
        (channel_id, content, created_at, thread_id, type, updated_at, user_id, id) 
    values
        (?, ?, ?, ?, ?, ?, ?, ?)
2025-01-09T08:37:05.313-06:00 DEBUG 20036 --- [           main] org.hibernate.SQL                        : 
    insert 
    into
        messages
        (channel_id, content, created_at, thread_id, type, updated_at, user_id, id) 
    values
        (?, ?, ?, ?, ?, ?, ?, ?)
Hibernate: 
    insert 
    into
        messages
        (channel_id, content, created_at, thread_id, type, updated_at, user_id, id) 
    values
        (?, ?, ?, ?, ?, ?, ?, ?)
2025-01-09T08:37:05.314-06:00 DEBUG 20036 --- [           main] org.hibernate.orm.jdbc.mutation          : Inserting collection rows - com.chatgenius.model.Channel.members : 5c709cae-e092-43c1-906e-b05cca305a6f
2025-01-09T08:37:05.314-06:00 DEBUG 20036 --- [           main] org.hibernate.SQL                        : 
    insert 
    into
        channel_members
        (channel_id, user_id) 
    values
        (?, ?)
Hibernate: 
    insert 
    into
        channel_members
        (channel_id, user_id) 
    values
        (?, ?)
2025-01-09T08:37:05.314-06:00 DEBUG 20036 --- [           main] org.hibernate.orm.jdbc.mutation          : Done inserting `1` collection rows : com.chatgenius.model.Channel.members
2025-01-09T08:37:05.314-06:00 DEBUG 20036 --- [           main] org.hibernate.orm.sql.exec               : Skipping reading Query result cache data: cache-enabled = false, cache-mode = NORMAL
2025-01-09T08:37:05.314-06:00 DEBUG 20036 --- [           main] org.hibernate.orm.results                : Initializer list:
	  com.chatgenius.model.Message(m) -> EntityResultInitializer(com.chatgenius.model.Message(m))@1510583900 (SingleTableEntityPersister(com.chatgenius.model.Message))
	  com.chatgenius.model.Message(m).channel -> EntitySelectFetchInitializer(com.chatgenius.model.Message(m).channel)@1800171429 (ToOneAttributeMapping(NavigableRole[com.chatgenius.model.Message.channel])@1592600321)
	  com.chatgenius.model.Message(m).reactions -> DelayedCollectionInitializer(com.chatgenius.model.Message(m).reactions)@393123259 (PluralAttribute(com.chatgenius.model.Message.reactions))
	  com.chatgenius.model.Message(m).thread -> EntitySelectFetchInitializer(com.chatgenius.model.Message(m).thread)@158544997 (ToOneAttributeMapping(NavigableRole[com.chatgenius.model.Message.thread])@841225476)
	  com.chatgenius.model.Message(m).user -> EntitySelectFetchInitializer(com.chatgenius.model.Message(m).user)@505348185 (ToOneAttributeMapping(NavigableRole[com.chatgenius.model.Message.user])@1593829543)
	  com.chatgenius.model.Message(m).replies -> DelayedCollectionInitializer(com.chatgenius.model.Message(m).replies)@380007800 (PluralAttribute(com.chatgenius.model.Message.replies))
	  com.chatgenius.model.Message(m).attachments -> DelayedCollectionInitializer(com.chatgenius.model.Message(m).attachments)@1963387226 (PluralAttribute(com.chatgenius.model.Message.attachments))

2025-01-09T08:37:05.314-06:00 DEBUG 20036 --- [           main] org.hibernate.SQL                        : 
    select
        m1_0.id,
        m1_0.channel_id,
        m1_0.content,
        m1_0.created_at,
        m1_0.thread_id,
        m1_0.type,
        m1_0.updated_at,
        m1_0.user_id 
    from
        messages m1_0 
    where
        m1_0.channel_id=? 
    order by
        m1_0.created_at desc 
    offset
        ? rows 
    fetch
        first ? rows only
Hibernate: 
    select
        m1_0.id,
        m1_0.channel_id,
        m1_0.content,
        m1_0.created_at,
        m1_0.thread_id,
        m1_0.type,
        m1_0.updated_at,
        m1_0.user_id 
    from
        messages m1_0 
    where
        m1_0.channel_id=? 
    order by
        m1_0.created_at desc 
    offset
        ? rows 
    fetch
        first ? rows only
2025-01-09T08:37:05.314-06:00 DEBUG 20036 --- [           main] org.hibernate.orm.results                : Extracted JDBC value [0] - [6b8832f5-648c-4588-ab52-0097371e8101]
2025-01-09T08:37:05.314-06:00 DEBUG 20036 --- [           main] o.hibernate.orm.results.loading.entity   : (EntityResultInitializer) Hydrated EntityKey (com.chatgenius.model.Message(m)): 6b8832f5-648c-4588-ab52-0097371e8101
2025-01-09T08:37:05.314-06:00 DEBUG 20036 --- [           main] org.hibernate.orm.results                : Extracted JDBC value [0] - [6b8832f5-648c-4588-ab52-0097371e8101]
2025-01-09T08:37:05.314-06:00 DEBUG 20036 --- [           main] o.h.o.r.l.o.h.o.r.loading.collection     : (DelayedCollectionInitializer) Current row collection key : com.chatgenius.model.Message(m).attachments#6b8832f5-648c-4588-ab52-0097371e8101
2025-01-09T08:37:05.314-06:00 DEBUG 20036 --- [           main] org.hibernate.orm.results                : Extracted JDBC value [0] - [6b8832f5-648c-4588-ab52-0097371e8101]
2025-01-09T08:37:05.314-06:00 DEBUG 20036 --- [           main] o.h.o.r.l.o.h.o.r.loading.collection     : (DelayedCollectionInitializer) Current row collection key : com.chatgenius.model.Message(m).reactions#6b8832f5-648c-4588-ab52-0097371e8101
2025-01-09T08:37:05.314-06:00 DEBUG 20036 --- [           main] org.hibernate.orm.results                : Extracted JDBC value [0] - [6b8832f5-648c-4588-ab52-0097371e8101]
2025-01-09T08:37:05.314-06:00 DEBUG 20036 --- [           main] o.h.o.r.l.o.h.o.r.loading.collection     : (DelayedCollectionInitializer) Current row collection key : com.chatgenius.model.Message(m).replies#6b8832f5-648c-4588-ab52-0097371e8101
2025-01-09T08:37:05.314-06:00 DEBUG 20036 --- [           main] org.hibernate.orm.results.loading        : Calling top-level assembler (0 / 1) : org.hibernate.sql.results.graph.entity.internal.EntityAssembler@26154a00
2025-01-09T08:37:05.314-06:00 DEBUG 20036 --- [           main] org.hibernate.orm.results                : Extracted JDBC value [0] - [a30eac3b-3489-4296-a2a6-d6b1ccdb5ce2]
2025-01-09T08:37:05.314-06:00 DEBUG 20036 --- [           main] o.hibernate.orm.results.loading.entity   : (EntityResultInitializer) Hydrated EntityKey (com.chatgenius.model.Message(m)): a30eac3b-3489-4296-a2a6-d6b1ccdb5ce2
2025-01-09T08:37:05.314-06:00 DEBUG 20036 --- [           main] org.hibernate.orm.results                : Extracted JDBC value [0] - [a30eac3b-3489-4296-a2a6-d6b1ccdb5ce2]
2025-01-09T08:37:05.314-06:00 DEBUG 20036 --- [           main] o.h.o.r.l.o.h.o.r.loading.collection     : (DelayedCollectionInitializer) Current row collection key : com.chatgenius.model.Message(m).attachments#a30eac3b-3489-4296-a2a6-d6b1ccdb5ce2
2025-01-09T08:37:05.314-06:00 DEBUG 20036 --- [           main] org.hibernate.orm.results                : Extracted JDBC value [0] - [a30eac3b-3489-4296-a2a6-d6b1ccdb5ce2]
2025-01-09T08:37:05.314-06:00 DEBUG 20036 --- [           main] o.h.o.r.l.o.h.o.r.loading.collection     : (DelayedCollectionInitializer) Current row collection key : com.chatgenius.model.Message(m).reactions#a30eac3b-3489-4296-a2a6-d6b1ccdb5ce2
2025-01-09T08:37:05.314-06:00 DEBUG 20036 --- [           main] org.hibernate.orm.results                : Extracted JDBC value [0] - [a30eac3b-3489-4296-a2a6-d6b1ccdb5ce2]
2025-01-09T08:37:05.314-06:00 DEBUG 20036 --- [           main] o.h.o.r.l.o.h.o.r.loading.collection     : (DelayedCollectionInitializer) Current row collection key : com.chatgenius.model.Message(m).replies#a30eac3b-3489-4296-a2a6-d6b1ccdb5ce2
2025-01-09T08:37:05.314-06:00 DEBUG 20036 --- [           main] org.hibernate.orm.results.loading        : Calling top-level assembler (0 / 1) : org.hibernate.sql.results.graph.entity.internal.EntityAssembler@26154a00
2025-01-09T08:37:05.316-06:00 DEBUG 20036 --- [           main] org.springframework.test.context.cache   : Spring test ApplicationContext cache statistics: [DefaultContextCache@3bd6ce4e size = 4, maxSize = 32, parentContextCount = 0, hitCount = 213, missCount = 8, failureCount = 1]
2025-01-09T08:37:05.316-06:00 DEBUG 20036 --- [           main] org.springframework.test.context.cache   : Spring test ApplicationContext cache statistics: [DefaultContextCache@3bd6ce4e size = 4, maxSize = 32, parentContextCount = 0, hitCount = 214, missCount = 8, failureCount = 1]
2025-01-09T08:37:05.316-06:00 DEBUG 20036 --- [           main] org.springframework.test.context.cache   : Spring test ApplicationContext cache statistics: [DefaultContextCache@3bd6ce4e size = 4, maxSize = 32, parentContextCount = 0, hitCount = 215, missCount = 8, failureCount = 1]
2025-01-09T08:37:05.316-06:00 DEBUG 20036 --- [           main] org.springframework.test.context.cache   : Spring test ApplicationContext cache statistics: [DefaultContextCache@3bd6ce4e size = 4, maxSize = 32, parentContextCount = 0, hitCount = 216, missCount = 8, failureCount = 1]
2025-01-09T08:37:05.317-06:00 DEBUG 20036 --- [           main] org.springframework.test.context.cache   : Spring test ApplicationContext cache statistics: [DefaultContextCache@3bd6ce4e size = 4, maxSize = 32, parentContextCount = 0, hitCount = 217, missCount = 8, failureCount = 1]
2025-01-09T08:37:05.317-06:00 DEBUG 20036 --- [           main] org.springframework.test.context.cache   : Spring test ApplicationContext cache statistics: [DefaultContextCache@3bd6ce4e size = 4, maxSize = 32, parentContextCount = 0, hitCount = 218, missCount = 8, failureCount = 1]
2025-01-09T08:37:05.317-06:00 DEBUG 20036 --- [           main] org.springframework.test.context.cache   : Spring test ApplicationContext cache statistics: [DefaultContextCache@3bd6ce4e size = 4, maxSize = 32, parentContextCount = 0, hitCount = 219, missCount = 8, failureCount = 1]
2025-01-09T08:37:05.317-06:00 DEBUG 20036 --- [           main] o.s.orm.jpa.JpaTransactionManager        : Initiating transaction rollback
2025-01-09T08:37:05.317-06:00 DEBUG 20036 --- [           main] o.s.orm.jpa.JpaTransactionManager        : Rolling back JPA transaction on EntityManager [SessionImpl(340254854<open>)]
2025-01-09T08:37:05.317-06:00 DEBUG 20036 --- [           main] o.h.e.t.internal.TransactionImpl         : rolling back
2025-01-09T08:37:05.317-06:00 DEBUG 20036 --- [           main] o.s.orm.jpa.JpaTransactionManager        : Closing JPA EntityManager [SessionImpl(340254854<open>)] after transaction
2025-01-09T08:37:05.317-06:00 DEBUG 20036 --- [           main] o.s.t.c.transaction.TransactionContext   : Rolled back transaction (1) for test class [com.chatgenius.repository.MessageRepositoryTest]; test method [findByChannelId_Success]
2025-01-09T08:37:05.317-06:00 DEBUG 20036 --- [           main] .c.s.DirtiesContextTestExecutionListener : After test method: class [MessageRepositoryTest], method [findByChannelId_Success], class annotated with @DirtiesContext [false] with mode [null], method annotated with @DirtiesContext [false] with mode [null]
]]></system-out>
  </testcase>
  <testcase name="searchInChannel_Success" classname="com.chatgenius.repository.MessageRepositoryTest" time="0.019">
    <system-out><![CDATA[2025-01-09T08:37:05.318-06:00 DEBUG 20036 --- [           main] DependencyInjectionTestExecutionListener : Performing dependency injection for test class com.chatgenius.repository.MessageRepositoryTest
2025-01-09T08:37:05.318-06:00 DEBUG 20036 --- [           main] org.springframework.test.context.cache   : Spring test ApplicationContext cache statistics: [DefaultContextCache@3bd6ce4e size = 4, maxSize = 32, parentContextCount = 0, hitCount = 220, missCount = 8, failureCount = 1]
2025-01-09T08:37:05.318-06:00 DEBUG 20036 --- [           main] org.springframework.test.context.cache   : Spring test ApplicationContext cache statistics: [DefaultContextCache@3bd6ce4e size = 4, maxSize = 32, parentContextCount = 0, hitCount = 221, missCount = 8, failureCount = 1]
2025-01-09T08:37:05.318-06:00 DEBUG 20036 --- [           main] sContextBeforeModesTestExecutionListener : Before test method: class [MessageRepositoryTest], method [searchInChannel_Success], class annotated with @DirtiesContext [false] with mode [null], method annotated with @DirtiesContext [false] with mode [null]
2025-01-09T08:37:05.318-06:00 DEBUG 20036 --- [           main] t.c.t.TransactionalTestExecutionListener : Explicit transaction definition [PROPAGATION_REQUIRED,ISOLATION_DEFAULT] found for test class [com.chatgenius.repository.MessageRepositoryTest] and test method [searchInChannel_Success]
2025-01-09T08:37:05.318-06:00 DEBUG 20036 --- [           main] org.springframework.test.context.cache   : Spring test ApplicationContext cache statistics: [DefaultContextCache@3bd6ce4e size = 4, maxSize = 32, parentContextCount = 0, hitCount = 222, missCount = 8, failureCount = 1]
2025-01-09T08:37:05.318-06:00 DEBUG 20036 --- [           main] t.c.t.TransactionalTestExecutionListener : No method-level @Rollback override: using default rollback [true] for test method [void com.chatgenius.repository.MessageRepositoryTest.searchInChannel_Success()]
2025-01-09T08:37:05.318-06:00 DEBUG 20036 --- [           main] o.s.orm.jpa.JpaTransactionManager        : Creating new transaction with name [com.chatgenius.repository.MessageRepositoryTest.searchInChannel_Success]: PROPAGATION_REQUIRED,ISOLATION_DEFAULT
2025-01-09T08:37:05.318-06:00 DEBUG 20036 --- [           main] o.s.orm.jpa.JpaTransactionManager        : Opened new EntityManager [SessionImpl(892693231<open>)] for JPA transaction
2025-01-09T08:37:05.318-06:00 DEBUG 20036 --- [           main] o.h.e.t.internal.TransactionImpl         : On TransactionImpl creation, JpaCompliance#isJpaTransactionComplianceEnabled == false
2025-01-09T08:37:05.318-06:00 DEBUG 20036 --- [           main] o.h.e.t.internal.TransactionImpl         : begin
2025-01-09T08:37:05.318-06:00 DEBUG 20036 --- [           main] o.s.j.datasource.SimpleDriverDataSource  : Creating new JDBC Driver Connection to [jdbc:h2:mem:c28bcf25-0d96-40ed-b42d-6242cefd62bf;DB_CLOSE_DELAY=-1;DB_CLOSE_ON_EXIT=false]
2025-01-09T08:37:05.319-06:00 DEBUG 20036 --- [           main] o.s.orm.jpa.JpaTransactionManager        : Exposing JPA transaction as JDBC [org.springframework.orm.jpa.vendor.HibernateJpaDialect$HibernateConnectionHandle@4468aa66]
2025-01-09T08:37:05.319-06:00 DEBUG 20036 --- [           main] o.s.t.c.transaction.TransactionContext   : Began transaction (1) for test class [com.chatgenius.repository.MessageRepositoryTest]; test method [searchInChannel_Success]; transaction manager [org.springframework.orm.jpa.JpaTransactionManager@6af5b172]; rollback [true]
2025-01-09T08:37:05.319-06:00 DEBUG 20036 --- [           main] org.springframework.test.context.cache   : Spring test ApplicationContext cache statistics: [DefaultContextCache@3bd6ce4e size = 4, maxSize = 32, parentContextCount = 0, hitCount = 223, missCount = 8, failureCount = 1]
2025-01-09T08:37:05.319-06:00 DEBUG 20036 --- [           main] org.springframework.test.context.cache   : Spring test ApplicationContext cache statistics: [DefaultContextCache@3bd6ce4e size = 4, maxSize = 32, parentContextCount = 0, hitCount = 224, missCount = 8, failureCount = 1]
2025-01-09T08:37:05.319-06:00 DEBUG 20036 --- [           main] o.s.orm.jpa.JpaTransactionManager        : Found thread-bound EntityManager [SessionImpl(892693231<open>)] for JPA transaction
2025-01-09T08:37:05.319-06:00 DEBUG 20036 --- [           main] o.s.orm.jpa.JpaTransactionManager        : Participating in existing transaction
2025-01-09T08:37:05.320-06:00 DEBUG 20036 --- [           main] org.hibernate.orm.sql.ast.create         : Created new SQL alias : m1_0
2025-01-09T08:37:05.320-06:00 DEBUG 20036 --- [           main] org.hibernate.orm.sql.ast.create         : Registration of TableGroup [StandardTableGroup(com.chatgenius.model.Message(1605001155100))] with identifierForTableGroup [com.chatgenius.model.Message] for NavigablePath [com.chatgenius.model.Message] 
2025-01-09T08:37:05.320-06:00 DEBUG 20036 --- [           main] org.hibernate.orm.sql.ast.create         : Registration of TableGroup [org.hibernate.sql.ast.tree.from.LazyTableGroup@498c0651] with identifierForTableGroup [com.chatgenius.model.Message.channel] for NavigablePath [com.chatgenius.model.Message.channel] 
2025-01-09T08:37:05.320-06:00 DEBUG 20036 --- [           main] org.hibernate.orm.sql.ast.create         : Registration of TableGroup [org.hibernate.sql.ast.tree.from.LazyTableGroup@24b0c539] with identifierForTableGroup [com.chatgenius.model.Message.thread] for NavigablePath [com.chatgenius.model.Message.thread] 
2025-01-09T08:37:05.320-06:00 DEBUG 20036 --- [           main] org.hibernate.orm.sql.ast.create         : Registration of TableGroup [org.hibernate.sql.ast.tree.from.LazyTableGroup@1dd84464] with identifierForTableGroup [com.chatgenius.model.Message.user] for NavigablePath [com.chatgenius.model.Message.user] 
2025-01-09T08:37:05.320-06:00 DEBUG 20036 --- [           main] org.hibernate.orm.results.graph.AST      : DomainResult Graph:
 \-EntityResultImpl [com.chatgenius.model.Message(1605001155100)]
 |  +-DelayedCollectionFetch [com.chatgenius.model.Message(1605001155100).attachments]
 |  +-EntityFetchSelectImpl [com.chatgenius.model.Message(1605001155100).channel]
 |  +-BasicFetch [com.chatgenius.model.Message(1605001155100).content]
 |  +-BasicFetch [com.chatgenius.model.Message(1605001155100).createdAt]
 |  +-DelayedCollectionFetch [com.chatgenius.model.Message(1605001155100).reactions]
 |  +-DelayedCollectionFetch [com.chatgenius.model.Message(1605001155100).replies]
 |  +-CircularFetchImpl [com.chatgenius.model.Message(1605001155100).thread]
 |  +-BasicFetch [com.chatgenius.model.Message(1605001155100).type]
 |  +-BasicFetch [com.chatgenius.model.Message(1605001155100).updatedAt]
 |  \-EntityFetchSelectImpl [com.chatgenius.model.Message(1605001155100).user]

2025-01-09T08:37:05.320-06:00 DEBUG 20036 --- [           main] org.hibernate.orm.sql.ast.tree           : SQL AST Tree:
    SelectStatement {
      FromClause {
        StandardTableGroup (m1 : com.chatgenius.model.Message(1605001155100)) {
          primaryTableReference : messages as m1_0
          TableGroupJoins {
            left  join LazyTableGroup (c1 : com.chatgenius.model.Message(1605001155100).channel) {
            }
            left  join LazyTableGroup (t1 : com.chatgenius.model.Message(1605001155100).thread) {
            }
            left  join LazyTableGroup (u1 : com.chatgenius.model.Message(1605001155100).user) {
            }
          }
        }
      }
    }

2025-01-09T08:37:05.320-06:00 DEBUG 20036 --- [           main] org.hibernate.orm.sql.exec               : Skipping reading Query result cache data: cache-enabled = false, cache-mode = NORMAL
2025-01-09T08:37:05.320-06:00 DEBUG 20036 --- [           main] org.hibernate.orm.results                : Initializer list:
	  com.chatgenius.model.Message(1605001155100).channel -> EntitySelectFetchInitializer(com.chatgenius.model.Message(1605001155100).channel)@466049686 (ToOneAttributeMapping(NavigableRole[com.chatgenius.model.Message.channel])@1592600321)
	  com.chatgenius.model.Message(1605001155100).thread -> EntitySelectFetchInitializer(com.chatgenius.model.Message(1605001155100).thread)@844134705 (ToOneAttributeMapping(NavigableRole[com.chatgenius.model.Message.thread])@841225476)
	  com.chatgenius.model.Message(1605001155100).replies -> DelayedCollectionInitializer(com.chatgenius.model.Message(1605001155100).replies)@283900751 (PluralAttribute(com.chatgenius.model.Message.replies))
	  com.chatgenius.model.Message(1605001155100).attachments -> DelayedCollectionInitializer(com.chatgenius.model.Message(1605001155100).attachments)@1330607698 (PluralAttribute(com.chatgenius.model.Message.attachments))
	  com.chatgenius.model.Message(1605001155100).user -> EntitySelectFetchInitializer(com.chatgenius.model.Message(1605001155100).user)@1862112967 (ToOneAttributeMapping(NavigableRole[com.chatgenius.model.Message.user])@1593829543)
	  com.chatgenius.model.Message(1605001155100) -> EntityResultInitializer(com.chatgenius.model.Message(1605001155100))@1599468504 (SingleTableEntityPersister(com.chatgenius.model.Message))
	  com.chatgenius.model.Message(1605001155100).reactions -> DelayedCollectionInitializer(com.chatgenius.model.Message(1605001155100).reactions)@279661310 (PluralAttribute(com.chatgenius.model.Message.reactions))

2025-01-09T08:37:05.320-06:00 DEBUG 20036 --- [           main] org.hibernate.SQL                        : 
    select
        m1_0.id,
        m1_0.channel_id,
        m1_0.content,
        m1_0.created_at,
        m1_0.thread_id,
        m1_0.type,
        m1_0.updated_at,
        m1_0.user_id 
    from
        messages m1_0
Hibernate: 
    select
        m1_0.id,
        m1_0.channel_id,
        m1_0.content,
        m1_0.created_at,
        m1_0.thread_id,
        m1_0.type,
        m1_0.updated_at,
        m1_0.user_id 
    from
        messages m1_0
2025-01-09T08:37:05.321-06:00 DEBUG 20036 --- [           main] o.s.orm.jpa.JpaTransactionManager        : Found thread-bound EntityManager [SessionImpl(892693231<open>)] for JPA transaction
2025-01-09T08:37:05.321-06:00 DEBUG 20036 --- [           main] o.s.orm.jpa.JpaTransactionManager        : Participating in existing transaction
2025-01-09T08:37:05.321-06:00 DEBUG 20036 --- [           main] org.hibernate.orm.sql.ast.create         : Created new SQL alias : c1_0
2025-01-09T08:37:05.321-06:00 DEBUG 20036 --- [           main] org.hibernate.orm.sql.ast.create         : Registration of TableGroup [StandardTableGroup(com.chatgenius.model.Channel(1605002815500))] with identifierForTableGroup [com.chatgenius.model.Channel] for NavigablePath [com.chatgenius.model.Channel] 
2025-01-09T08:37:05.321-06:00 DEBUG 20036 --- [           main] org.hibernate.orm.results.graph.AST      : DomainResult Graph:
 \-EntityResultImpl [com.chatgenius.model.Channel(1605002815500)]
 |  +-BasicFetch [com.chatgenius.model.Channel(1605002815500).createdAt]
 |  +-DelayedCollectionFetch [com.chatgenius.model.Channel(1605002815500).members]
 |  +-BasicFetch [com.chatgenius.model.Channel(1605002815500).name]
 |  \-BasicFetch [com.chatgenius.model.Channel(1605002815500).type]

2025-01-09T08:37:05.321-06:00 DEBUG 20036 --- [           main] org.hibernate.orm.sql.ast.tree           : SQL AST Tree:
    SelectStatement {
      FromClause {
        StandardTableGroup (c1 : com.chatgenius.model.Channel(1605002815500)) {
          primaryTableReference : channels as c1_0
        }
      }
    }

2025-01-09T08:37:05.321-06:00 DEBUG 20036 --- [           main] org.hibernate.orm.sql.exec               : Skipping reading Query result cache data: cache-enabled = false, cache-mode = NORMAL
2025-01-09T08:37:05.322-06:00 DEBUG 20036 --- [           main] org.hibernate.orm.results                : Initializer list:
	  com.chatgenius.model.Channel(1605002815500) -> EntityResultInitializer(com.chatgenius.model.Channel(1605002815500))@94210984 (SingleTableEntityPersister(com.chatgenius.model.Channel))
	  com.chatgenius.model.Channel(1605002815500).members -> DelayedCollectionInitializer(com.chatgenius.model.Channel(1605002815500).members)@688373515 (PluralAttribute(com.chatgenius.model.Channel.members))

2025-01-09T08:37:05.322-06:00 DEBUG 20036 --- [           main] org.hibernate.SQL                        : 
    select
        c1_0.id,
        c1_0.created_at,
        c1_0.name,
        c1_0.type 
    from
        channels c1_0
Hibernate: 
    select
        c1_0.id,
        c1_0.created_at,
        c1_0.name,
        c1_0.type 
    from
        channels c1_0
2025-01-09T08:37:05.322-06:00 DEBUG 20036 --- [           main] o.s.orm.jpa.JpaTransactionManager        : Found thread-bound EntityManager [SessionImpl(892693231<open>)] for JPA transaction
2025-01-09T08:37:05.322-06:00 DEBUG 20036 --- [           main] o.s.orm.jpa.JpaTransactionManager        : Participating in existing transaction
2025-01-09T08:37:05.322-06:00 DEBUG 20036 --- [           main] org.hibernate.orm.sql.ast.create         : Created new SQL alias : u1_0
2025-01-09T08:37:05.322-06:00 DEBUG 20036 --- [           main] org.hibernate.orm.sql.ast.create         : Registration of TableGroup [StandardTableGroup(com.chatgenius.model.User(1605003671900))] with identifierForTableGroup [com.chatgenius.model.User] for NavigablePath [com.chatgenius.model.User] 
2025-01-09T08:37:05.322-06:00 DEBUG 20036 --- [           main] org.hibernate.orm.results.graph.AST      : DomainResult Graph:
 \-EntityResultImpl [com.chatgenius.model.User(1605003671900)]
 |  +-BasicFetch [com.chatgenius.model.User(1605003671900).createdAt]
 |  +-BasicFetch [com.chatgenius.model.User(1605003671900).email]
 |  +-BasicFetch [com.chatgenius.model.User(1605003671900).lastSeenAt]
 |  +-BasicFetch [com.chatgenius.model.User(1605003671900).password]
 |  +-BasicFetch [com.chatgenius.model.User(1605003671900).status]
 |  \-BasicFetch [com.chatgenius.model.User(1605003671900).username]

2025-01-09T08:37:05.322-06:00 DEBUG 20036 --- [           main] org.hibernate.orm.sql.ast.tree           : SQL AST Tree:
    SelectStatement {
      FromClause {
        StandardTableGroup (u1 : com.chatgenius.model.User(1605003671900)) {
          primaryTableReference : users as u1_0
        }
      }
    }

2025-01-09T08:37:05.322-06:00 DEBUG 20036 --- [           main] org.hibernate.orm.sql.exec               : Skipping reading Query result cache data: cache-enabled = false, cache-mode = NORMAL
2025-01-09T08:37:05.322-06:00 DEBUG 20036 --- [           main] org.hibernate.orm.results                : Initializer list:
	  com.chatgenius.model.User(1605003671900) -> EntityResultInitializer(com.chatgenius.model.User(1605003671900))@1163648349 (SingleTableEntityPersister(com.chatgenius.model.User))

2025-01-09T08:37:05.322-06:00 DEBUG 20036 --- [           main] org.hibernate.SQL                        : 
    select
        u1_0.id,
        u1_0.created_at,
        u1_0.email,
        u1_0.last_seen_at,
        u1_0.password,
        u1_0.status,
        u1_0.username 
    from
        users u1_0
Hibernate: 
    select
        u1_0.id,
        u1_0.created_at,
        u1_0.email,
        u1_0.last_seen_at,
        u1_0.password,
        u1_0.status,
        u1_0.username 
    from
        users u1_0
2025-01-09T08:37:05.322-06:00 DEBUG 20036 --- [           main] o.s.orm.jpa.JpaTransactionManager        : Found thread-bound EntityManager [SessionImpl(892693231<open>)] for JPA transaction
2025-01-09T08:37:05.322-06:00 DEBUG 20036 --- [           main] o.s.orm.jpa.JpaTransactionManager        : Participating in existing transaction
2025-01-09T08:37:05.322-06:00 DEBUG 20036 --- [           main] o.h.j.internal.PersistenceUnitUtilImpl   : jakarta.persistence.PersistenceUnitUtil.getIdentifier is only intended to work with enhanced entities (although Hibernate also adapts this support to its proxies); however the passed entity was not enhanced (nor a proxy).. may not be able to read identifier
2025-01-09T08:37:05.322-06:00 DEBUG 20036 --- [           main] o.h.e.i.AbstractSaveEventListener        : Generated identifier: 9f05a6dc-4ea1-4504-9ce9-f7e697e09d6e, using strategy: org.hibernate.id.UUIDGenerator
2025-01-09T08:37:05.322-06:00 DEBUG 20036 --- [           main] o.s.orm.jpa.JpaTransactionManager        : Found thread-bound EntityManager [SessionImpl(892693231<open>)] for JPA transaction
2025-01-09T08:37:05.322-06:00 DEBUG 20036 --- [           main] o.s.orm.jpa.JpaTransactionManager        : Participating in existing transaction
2025-01-09T08:37:05.322-06:00 DEBUG 20036 --- [           main] o.h.j.internal.PersistenceUnitUtilImpl   : jakarta.persistence.PersistenceUnitUtil.getIdentifier is only intended to work with enhanced entities (although Hibernate also adapts this support to its proxies); however the passed entity was not enhanced (nor a proxy).. may not be able to read identifier
2025-01-09T08:37:05.322-06:00 DEBUG 20036 --- [           main] o.h.e.i.AbstractSaveEventListener        : Generated identifier: 49eedeb6-a528-4db3-8b77-cd5556ddbea7, using strategy: org.hibernate.id.UUIDGenerator
2025-01-09T08:37:05.324-06:00 DEBUG 20036 --- [           main] o.s.orm.jpa.JpaTransactionManager        : Found thread-bound EntityManager [SessionImpl(892693231<open>)] for JPA transaction
2025-01-09T08:37:05.324-06:00 DEBUG 20036 --- [           main] o.s.orm.jpa.JpaTransactionManager        : Participating in existing transaction
2025-01-09T08:37:05.324-06:00 DEBUG 20036 --- [           main] o.h.j.internal.PersistenceUnitUtilImpl   : jakarta.persistence.PersistenceUnitUtil.getIdentifier is only intended to work with enhanced entities (although Hibernate also adapts this support to its proxies); however the passed entity was not enhanced (nor a proxy).. may not be able to read identifier
2025-01-09T08:37:05.324-06:00 DEBUG 20036 --- [           main] o.h.e.i.AbstractSaveEventListener        : Generated identifier: b6df7426-12c5-43fd-bf7f-0d5f4fa119d2, using strategy: org.hibernate.id.UUIDGenerator
2025-01-09T08:37:05.324-06:00 DEBUG 20036 --- [           main] org.springframework.test.context.cache   : Spring test ApplicationContext cache statistics: [DefaultContextCache@3bd6ce4e size = 4, maxSize = 32, parentContextCount = 0, hitCount = 225, missCount = 8, failureCount = 1]
2025-01-09T08:37:05.324-06:00 DEBUG 20036 --- [           main] o.s.orm.jpa.JpaTransactionManager        : Found thread-bound EntityManager [SessionImpl(892693231<open>)] for JPA transaction
2025-01-09T08:37:05.324-06:00 DEBUG 20036 --- [           main] o.s.orm.jpa.JpaTransactionManager        : Participating in existing transaction
2025-01-09T08:37:05.324-06:00 DEBUG 20036 --- [           main] o.h.j.internal.PersistenceUnitUtilImpl   : jakarta.persistence.PersistenceUnitUtil.getIdentifier is only intended to work with enhanced entities (although Hibernate also adapts this support to its proxies); however the passed entity was not enhanced (nor a proxy).. may not be able to read identifier
2025-01-09T08:37:05.324-06:00 DEBUG 20036 --- [           main] o.h.e.i.AbstractSaveEventListener        : Generated identifier: e32f670b-6d0a-4d92-93b5-d20b32a6b09a, using strategy: org.hibernate.id.UUIDGenerator
2025-01-09T08:37:05.325-06:00 DEBUG 20036 --- [           main] org.hibernate.orm.sql.ast.create         : Created new SQL alias : m1_0
2025-01-09T08:37:05.325-06:00 DEBUG 20036 --- [           main] org.hibernate.orm.sql.ast.create         : Registration of TableGroup [StandardTableGroup(com.chatgenius.model.Message(m))] with identifierForTableGroup [com.chatgenius.model.Message] for NavigablePath [com.chatgenius.model.Message] 
2025-01-09T08:37:05.325-06:00 DEBUG 20036 --- [           main] org.hibernate.orm.sql.ast.create         : Registration of TableGroup [org.hibernate.sql.ast.tree.from.LazyTableGroup@27a9d146] with identifierForTableGroup [com.chatgenius.model.Message.channel] for NavigablePath [com.chatgenius.model.Message.channel] 
2025-01-09T08:37:05.325-06:00 DEBUG 20036 --- [           main] org.hibernate.orm.sql.ast.create         : Registration of TableGroup [org.hibernate.sql.ast.tree.from.LazyTableGroup@3cf3a09e] with identifierForTableGroup [com.chatgenius.model.Message.thread] for NavigablePath [com.chatgenius.model.Message.thread] 
2025-01-09T08:37:05.325-06:00 DEBUG 20036 --- [           main] org.hibernate.orm.sql.ast.create         : Registration of TableGroup [org.hibernate.sql.ast.tree.from.LazyTableGroup@6918300a] with identifierForTableGroup [com.chatgenius.model.Message.user] for NavigablePath [com.chatgenius.model.Message.user] 
2025-01-09T08:37:05.325-06:00 DEBUG 20036 --- [           main] o.h.q.sqm.sql.BaseSqmToSqlAstConverter   : Determining mapping-model type for SqmParameter : SqmNamedParameter(channelId)
2025-01-09T08:37:05.325-06:00 DEBUG 20036 --- [           main] o.h.q.sqm.sql.BaseSqmToSqlAstConverter   : Determining mapping-model type for SqmPath : SqmBasicValuedSimplePath(com.chatgenius.model.Message(m).channel.id) 
2025-01-09T08:37:05.329-06:00 DEBUG 20036 --- [           main] o.h.q.sqm.sql.BaseSqmToSqlAstConverter   : Determining mapping-model type for SqmParameter : SqmNamedParameter(keyword)
2025-01-09T08:37:05.330-06:00 DEBUG 20036 --- [           main] org.hibernate.orm.results.graph.AST      : DomainResult Graph:
 \-EntityResultImpl [com.chatgenius.model.Message(m)]
 |  +-DelayedCollectionFetch [com.chatgenius.model.Message(m).attachments]
 |  +-EntityFetchSelectImpl [com.chatgenius.model.Message(m).channel]
 |  +-BasicFetch [com.chatgenius.model.Message(m).content]
 |  +-BasicFetch [com.chatgenius.model.Message(m).createdAt]
 |  +-DelayedCollectionFetch [com.chatgenius.model.Message(m).reactions]
 |  +-DelayedCollectionFetch [com.chatgenius.model.Message(m).replies]
 |  +-CircularFetchImpl [com.chatgenius.model.Message(m).thread]
 |  +-BasicFetch [com.chatgenius.model.Message(m).type]
 |  +-BasicFetch [com.chatgenius.model.Message(m).updatedAt]
 |  \-EntityFetchSelectImpl [com.chatgenius.model.Message(m).user]

2025-01-09T08:37:05.330-06:00 DEBUG 20036 --- [           main] org.hibernate.orm.sql.ast.tree           : SQL AST Tree:
    SelectStatement {
      FromClause {
        StandardTableGroup (m1 : com.chatgenius.model.Message(m)) {
          primaryTableReference : messages as m1_0
          TableGroupJoins {
            left  join LazyTableGroup (c1 : com.chatgenius.model.Message(m).channel) {
            }
            left  join LazyTableGroup (t1 : com.chatgenius.model.Message(m).thread) {
            }
            left  join LazyTableGroup (u1 : com.chatgenius.model.Message(m).user) {
            }
          }
        }
      }
    }

2025-01-09T08:37:05.331-06:00 DEBUG 20036 --- [           main] o.h.e.i.AbstractFlushingEventListener    : Processing flush-time cascades
2025-01-09T08:37:05.331-06:00 DEBUG 20036 --- [           main] o.h.e.i.AbstractFlushingEventListener    : Dirty checking collections
2025-01-09T08:37:05.331-06:00 DEBUG 20036 --- [           main] o.hibernate.engine.internal.Collections  : Collection found: [com.chatgenius.model.Channel.members#49eedeb6-a528-4db3-8b77-cd5556ddbea7], was: [<unreferenced>] (initialized)
2025-01-09T08:37:05.331-06:00 DEBUG 20036 --- [           main] o.h.e.i.AbstractFlushingEventListener    : Flushed: 4 insertions, 0 updates, 0 deletions to 4 objects
2025-01-09T08:37:05.331-06:00 DEBUG 20036 --- [           main] o.h.e.i.AbstractFlushingEventListener    : Flushed: 1 (re)creations, 0 updates, 0 removals to 1 collections
2025-01-09T08:37:05.331-06:00 DEBUG 20036 --- [           main] o.hibernate.internal.util.EntityPrinter  : Listing entities:
2025-01-09T08:37:05.331-06:00 DEBUG 20036 --- [           main] o.hibernate.internal.util.EntityPrinter  : com.chatgenius.model.User{lastSeenAt=null, createdAt=2025-01-09T08:37:05.322652200-06:00[America/Chicago], password=password123, id=9f05a6dc-4ea1-4504-9ce9-f7e697e09d6e, email=test@example.com, status=OFFLINE, username=testuser}
2025-01-09T08:37:05.331-06:00 DEBUG 20036 --- [           main] o.hibernate.internal.util.EntityPrinter  : com.chatgenius.model.Message{createdAt=2025-01-09T08:37:05.322652200-06:00[America/Chicago], attachments=null, replies=null, channel=com.chatgenius.model.Channel#49eedeb6-a528-4db3-8b77-cd5556ddbea7, reactions=null, id=b6df7426-12c5-43fd-bf7f-0d5f4fa119d2, thread=null, type=TEXT, user=com.chatgenius.model.User#9f05a6dc-4ea1-4504-9ce9-f7e697e09d6e, content=Test message, updatedAt=null}
2025-01-09T08:37:05.331-06:00 DEBUG 20036 --- [           main] o.hibernate.internal.util.EntityPrinter  : com.chatgenius.model.Message{createdAt=2025-01-09T08:37:05.324156900-06:00[America/Chicago], attachments=null, replies=null, channel=com.chatgenius.model.Channel#49eedeb6-a528-4db3-8b77-cd5556ddbea7, reactions=null, id=e32f670b-6d0a-4d92-93b5-d20b32a6b09a, thread=null, type=TEXT, user=com.chatgenius.model.User#9f05a6dc-4ea1-4504-9ce9-f7e697e09d6e, content=Unique search term, updatedAt=null}
2025-01-09T08:37:05.331-06:00 DEBUG 20036 --- [           main] o.hibernate.internal.util.EntityPrinter  : com.chatgenius.model.Channel{createdAt=2025-01-09T08:37:05.322652200-06:00[America/Chicago], members=[com.chatgenius.model.User#9f05a6dc-4ea1-4504-9ce9-f7e697e09d6e], name=test-channel, id=49eedeb6-a528-4db3-8b77-cd5556ddbea7, type=PUBLIC}
2025-01-09T08:37:05.331-06:00 DEBUG 20036 --- [           main] org.hibernate.engine.spi.ActionQueue     : Changes must be flushed to space: messages
2025-01-09T08:37:05.332-06:00 DEBUG 20036 --- [           main] org.hibernate.SQL                        : 
    insert 
    into
        users
        (created_at, email, last_seen_at, password, status, username, id) 
    values
        (?, ?, ?, ?, ?, ?, ?)
Hibernate: 
    insert 
    into
        users
        (created_at, email, last_seen_at, password, status, username, id) 
    values
        (?, ?, ?, ?, ?, ?, ?)
2025-01-09T08:37:05.332-06:00 DEBUG 20036 --- [           main] org.hibernate.SQL                        : 
    insert 
    into
        channels
        (created_at, name, type, id) 
    values
        (?, ?, ?, ?)
Hibernate: 
    insert 
    into
        channels
        (created_at, name, type, id) 
    values
        (?, ?, ?, ?)
2025-01-09T08:37:05.333-06:00 DEBUG 20036 --- [           main] org.hibernate.SQL                        : 
    insert 
    into
        messages
        (channel_id, content, created_at, thread_id, type, updated_at, user_id, id) 
    values
        (?, ?, ?, ?, ?, ?, ?, ?)
Hibernate: 
    insert 
    into
        messages
        (channel_id, content, created_at, thread_id, type, updated_at, user_id, id) 
    values
        (?, ?, ?, ?, ?, ?, ?, ?)
2025-01-09T08:37:05.333-06:00 DEBUG 20036 --- [           main] org.hibernate.SQL                        : 
    insert 
    into
        messages
        (channel_id, content, created_at, thread_id, type, updated_at, user_id, id) 
    values
        (?, ?, ?, ?, ?, ?, ?, ?)
Hibernate: 
    insert 
    into
        messages
        (channel_id, content, created_at, thread_id, type, updated_at, user_id, id) 
    values
        (?, ?, ?, ?, ?, ?, ?, ?)
2025-01-09T08:37:05.334-06:00 DEBUG 20036 --- [           main] org.hibernate.orm.jdbc.mutation          : Inserting collection rows - com.chatgenius.model.Channel.members : 49eedeb6-a528-4db3-8b77-cd5556ddbea7
2025-01-09T08:37:05.334-06:00 DEBUG 20036 --- [           main] org.hibernate.SQL                        : 
    insert 
    into
        channel_members
        (channel_id, user_id) 
    values
        (?, ?)
Hibernate: 
    insert 
    into
        channel_members
        (channel_id, user_id) 
    values
        (?, ?)
2025-01-09T08:37:05.334-06:00 DEBUG 20036 --- [           main] org.hibernate.orm.jdbc.mutation          : Done inserting `1` collection rows : com.chatgenius.model.Channel.members
2025-01-09T08:37:05.334-06:00 DEBUG 20036 --- [           main] org.hibernate.orm.sql.exec               : Skipping reading Query result cache data: cache-enabled = false, cache-mode = NORMAL
2025-01-09T08:37:05.334-06:00 DEBUG 20036 --- [           main] org.hibernate.orm.results                : Initializer list:
	  com.chatgenius.model.Message(m) -> EntityResultInitializer(com.chatgenius.model.Message(m))@643434317 (SingleTableEntityPersister(com.chatgenius.model.Message))
	  com.chatgenius.model.Message(m).channel -> EntitySelectFetchInitializer(com.chatgenius.model.Message(m).channel)@368457540 (ToOneAttributeMapping(NavigableRole[com.chatgenius.model.Message.channel])@1592600321)
	  com.chatgenius.model.Message(m).reactions -> DelayedCollectionInitializer(com.chatgenius.model.Message(m).reactions)@988160776 (PluralAttribute(com.chatgenius.model.Message.reactions))
	  com.chatgenius.model.Message(m).thread -> EntitySelectFetchInitializer(com.chatgenius.model.Message(m).thread)@791531721 (ToOneAttributeMapping(NavigableRole[com.chatgenius.model.Message.thread])@841225476)
	  com.chatgenius.model.Message(m).user -> EntitySelectFetchInitializer(com.chatgenius.model.Message(m).user)@1497094670 (ToOneAttributeMapping(NavigableRole[com.chatgenius.model.Message.user])@1593829543)
	  com.chatgenius.model.Message(m).replies -> DelayedCollectionInitializer(com.chatgenius.model.Message(m).replies)@2102626938 (PluralAttribute(com.chatgenius.model.Message.replies))
	  com.chatgenius.model.Message(m).attachments -> DelayedCollectionInitializer(com.chatgenius.model.Message(m).attachments)@1982208187 (PluralAttribute(com.chatgenius.model.Message.attachments))

2025-01-09T08:37:05.334-06:00 DEBUG 20036 --- [           main] org.hibernate.SQL                        : 
    select
        m1_0.id,
        m1_0.channel_id,
        m1_0.content,
        m1_0.created_at,
        m1_0.thread_id,
        m1_0.type,
        m1_0.updated_at,
        m1_0.user_id 
    from
        messages m1_0 
    where
        m1_0.channel_id=? 
        and lower(m1_0.content) like lower(('%'||?||'%')) escape ''
Hibernate: 
    select
        m1_0.id,
        m1_0.channel_id,
        m1_0.content,
        m1_0.created_at,
        m1_0.thread_id,
        m1_0.type,
        m1_0.updated_at,
        m1_0.user_id 
    from
        messages m1_0 
    where
        m1_0.channel_id=? 
        and lower(m1_0.content) like lower(('%'||?||'%')) escape ''
2025-01-09T08:37:05.336-06:00 DEBUG 20036 --- [           main] org.hibernate.orm.results                : Extracted JDBC value [0] - [e32f670b-6d0a-4d92-93b5-d20b32a6b09a]
2025-01-09T08:37:05.336-06:00 DEBUG 20036 --- [           main] o.hibernate.orm.results.loading.entity   : (EntityResultInitializer) Hydrated EntityKey (com.chatgenius.model.Message(m)): e32f670b-6d0a-4d92-93b5-d20b32a6b09a
2025-01-09T08:37:05.336-06:00 DEBUG 20036 --- [           main] org.hibernate.orm.results                : Extracted JDBC value [0] - [e32f670b-6d0a-4d92-93b5-d20b32a6b09a]
2025-01-09T08:37:05.336-06:00 DEBUG 20036 --- [           main] o.h.o.r.l.o.h.o.r.loading.collection     : (DelayedCollectionInitializer) Current row collection key : com.chatgenius.model.Message(m).attachments#e32f670b-6d0a-4d92-93b5-d20b32a6b09a
2025-01-09T08:37:05.336-06:00 DEBUG 20036 --- [           main] org.hibernate.orm.results                : Extracted JDBC value [0] - [e32f670b-6d0a-4d92-93b5-d20b32a6b09a]
2025-01-09T08:37:05.336-06:00 DEBUG 20036 --- [           main] o.h.o.r.l.o.h.o.r.loading.collection     : (DelayedCollectionInitializer) Current row collection key : com.chatgenius.model.Message(m).reactions#e32f670b-6d0a-4d92-93b5-d20b32a6b09a
2025-01-09T08:37:05.336-06:00 DEBUG 20036 --- [           main] org.hibernate.orm.results                : Extracted JDBC value [0] - [e32f670b-6d0a-4d92-93b5-d20b32a6b09a]
2025-01-09T08:37:05.336-06:00 DEBUG 20036 --- [           main] o.h.o.r.l.o.h.o.r.loading.collection     : (DelayedCollectionInitializer) Current row collection key : com.chatgenius.model.Message(m).replies#e32f670b-6d0a-4d92-93b5-d20b32a6b09a
2025-01-09T08:37:05.336-06:00 DEBUG 20036 --- [           main] org.hibernate.orm.results.loading        : Calling top-level assembler (0 / 1) : org.hibernate.sql.results.graph.entity.internal.EntityAssembler@449f319e
2025-01-09T08:37:05.336-06:00 DEBUG 20036 --- [           main] org.springframework.test.context.cache   : Spring test ApplicationContext cache statistics: [DefaultContextCache@3bd6ce4e size = 4, maxSize = 32, parentContextCount = 0, hitCount = 226, missCount = 8, failureCount = 1]
2025-01-09T08:37:05.336-06:00 DEBUG 20036 --- [           main] org.springframework.test.context.cache   : Spring test ApplicationContext cache statistics: [DefaultContextCache@3bd6ce4e size = 4, maxSize = 32, parentContextCount = 0, hitCount = 227, missCount = 8, failureCount = 1]
2025-01-09T08:37:05.336-06:00 DEBUG 20036 --- [           main] org.springframework.test.context.cache   : Spring test ApplicationContext cache statistics: [DefaultContextCache@3bd6ce4e size = 4, maxSize = 32, parentContextCount = 0, hitCount = 228, missCount = 8, failureCount = 1]
2025-01-09T08:37:05.336-06:00 DEBUG 20036 --- [           main] org.springframework.test.context.cache   : Spring test ApplicationContext cache statistics: [DefaultContextCache@3bd6ce4e size = 4, maxSize = 32, parentContextCount = 0, hitCount = 229, missCount = 8, failureCount = 1]
2025-01-09T08:37:05.336-06:00 DEBUG 20036 --- [           main] org.springframework.test.context.cache   : Spring test ApplicationContext cache statistics: [DefaultContextCache@3bd6ce4e size = 4, maxSize = 32, parentContextCount = 0, hitCount = 230, missCount = 8, failureCount = 1]
2025-01-09T08:37:05.336-06:00 DEBUG 20036 --- [           main] org.springframework.test.context.cache   : Spring test ApplicationContext cache statistics: [DefaultContextCache@3bd6ce4e size = 4, maxSize = 32, parentContextCount = 0, hitCount = 231, missCount = 8, failureCount = 1]
2025-01-09T08:37:05.336-06:00 DEBUG 20036 --- [           main] org.springframework.test.context.cache   : Spring test ApplicationContext cache statistics: [DefaultContextCache@3bd6ce4e size = 4, maxSize = 32, parentContextCount = 0, hitCount = 232, missCount = 8, failureCount = 1]
2025-01-09T08:37:05.336-06:00 DEBUG 20036 --- [           main] o.s.orm.jpa.JpaTransactionManager        : Initiating transaction rollback
2025-01-09T08:37:05.336-06:00 DEBUG 20036 --- [           main] o.s.orm.jpa.JpaTransactionManager        : Rolling back JPA transaction on EntityManager [SessionImpl(892693231<open>)]
2025-01-09T08:37:05.337-06:00 DEBUG 20036 --- [           main] o.h.e.t.internal.TransactionImpl         : rolling back
2025-01-09T08:37:05.337-06:00 DEBUG 20036 --- [           main] o.s.orm.jpa.JpaTransactionManager        : Closing JPA EntityManager [SessionImpl(892693231<open>)] after transaction
2025-01-09T08:37:05.337-06:00 DEBUG 20036 --- [           main] o.s.t.c.transaction.TransactionContext   : Rolled back transaction (1) for test class [com.chatgenius.repository.MessageRepositoryTest]; test method [searchInChannel_Success]
2025-01-09T08:37:05.337-06:00 DEBUG 20036 --- [           main] .c.s.DirtiesContextTestExecutionListener : After test method: class [MessageRepositoryTest], method [searchInChannel_Success], class annotated with @DirtiesContext [false] with mode [null], method annotated with @DirtiesContext [false] with mode [null]
]]></system-out>
  </testcase>
</testsuite>